Will plot unflagged data


File # 1  = raise.vis
raise.vis 1.5136 GHz
Read 121 visibilities from all files

Baseline 1-2, plot 121 points
5.46046E-01 -3.95630E-02
5.46233E-01 -3.99886E-02
5.46793E-01 -4.14115E-02
5.47724E-01 -4.17797E-02
5.49021E-01 -4.21178E-02
5.50677E-01 -4.24248E-02
5.52687E-01 -4.37257E-02
5.55039E-01 -4.39679E-02
5.57723E-01 -4.41763E-02
5.60727E-01 -4.53763E-02
5.64038E-01 -4.55148E-02
5.67642E-01 -4.56170E-02
5.71522E-01 -4.67087E-02
5.75664E-01 -4.67363E-02
5.80050E-01 -4.67255E-02
5.84663E-01 -4.77021E-02
5.89485E-01 -4.76123E-02
5.94498E-01 -4.74820E-02
5.99683E-01 -4.83376E-02
6.05022E-01 -4.81247E-02
6.10497E-01 -4.78696E-02
6.16090E-01 -4.85988E-02
6.21781E-01 -4.82577E-02
6.27552E-01 -4.89002E-02
6.33387E-01 -4.84713E-02
6.39268E-01 -4.79979E-02
6.45176E-01 -4.85069E-02
6.51097E-01 -4.79433E-02
6.57012E-01 -4.83617E-02
6.62907E-01 -4.77067E-02
6.68766E-01 -4.80331E-02
6.74574E-01 -4.72857E-02
6.80317E-01 -4.75194E-02
6.85981E-01 -4.66787E-02
6.91552E-01 -4.68190E-02
6.97018E-01 -4.58845E-02
7.02366E-01 -4.59310E-02
7.07584E-01 -4.59306E-02
7.12661E-01 -4.48552E-02
7.17587E-01 -4.47609E-02
7.22350E-01 -4.46197E-02
7.26942E-01 -4.34036E-02
7.31353E-01 -4.31690E-02
7.35574E-01 -4.28880E-02
7.39597E-01 -4.15324E-02
7.43415E-01 -4.11591E-02
7.47020E-01 -4.07398E-02
7.50405E-01 -3.92468E-02
7.53564E-01 -3.87369E-02
7.56492E-01 -3.81821E-02
7.59183E-01 -3.75829E-02
7.61631E-01 -3.69396E-02
7.63834E-01 -3.52243E-02
7.65787E-01 -3.44943E-02
7.67486E-01 -3.37216E-02
7.68929E-01 -3.29068E-02
7.70113E-01 -3.20504E-02
7.71036E-01 -3.11530E-02
7.71696E-01 -3.02154E-02
7.72093E-01 -2.92380E-02
7.72225E-01 -2.82215E-02
7.72093E-01 -2.71667E-02
7.71696E-01 -2.60743E-02
7.71036E-01 -2.49450E-02
7.70113E-01 -2.37796E-02
7.68929E-01 -2.25789E-02
7.67486E-01 -2.13437E-02
7.65787E-01 -2.00749E-02
7.63834E-01 -1.87734E-02
7.61632E-01 -1.84683E-02
7.59183E-01 -1.71039E-02
7.56492E-01 -1.57095E-02
7.53564E-01 -1.42860E-02
7.50405E-01 -1.28344E-02
7.47020E-01 -1.23840E-02
7.43415E-01 -1.08793E-02
7.39598E-01 -9.34949E-03
7.35574E-01 -8.82386E-03
7.31353E-01 -7.24713E-03
7.26942E-01 -5.64854E-03
7.22350E-01 -5.05725E-03
7.17587E-01 -3.41824E-03
7.12661E-01 -1.76072E-03
7.07584E-01 -1.11376E-03
7.02366E-01 5.77398E-04
6.97018E-01 2.28365E-03
6.91553E-01 2.97591E-03
6.85982E-01 4.70881E-03
6.80318E-01 5.42549E-03
6.74575E-01 7.18030E-03
6.68767E-01 7.91658E-03
6.62908E-01 9.68847E-03
6.57013E-01 1.04395E-02
6.51097E-01 1.22236E-02
6.45177E-01 1.29846E-02
6.39268E-01 1.47761E-02
6.33388E-01 1.55420E-02
6.27553E-01 1.63086E-02
6.21781E-01 1.81019E-02
6.16090E-01 1.88662E-02
6.10498E-01 2.06545E-02
6.05023E-01 2.14116E-02
5.99683E-01 2.21631E-02
5.94498E-01 2.39349E-02
5.89485E-01 2.46718E-02
5.84663E-01 2.53997E-02
5.80051E-01 2.71440E-02
5.75665E-01 2.78500E-02
5.71523E-01 2.85435E-02
5.67642E-01 3.02495E-02
5.64038E-01 3.09140E-02
5.60727E-01 3.15623E-02
5.57723E-01 3.32195E-02
5.55039E-01 3.38320E-02
5.52687E-01 3.44250E-02
5.50677E-01 3.60232E-02
5.49021E-01 3.65736E-02
5.47724E-01 3.71012E-02
5.46793E-01 3.76049E-02
5.46233E-01 3.91092E-02
5.46046E-01 3.95618E-02
