Will plot unflagged data


File # 1  = raise.vis
raise.vis 4.7863 GHz
Read 121 visibilities from all files

Baseline 3-5, plot 121 points
1.19146E+01 -3.22466E+00
1.19186E+01 -3.28329E+00
1.19309E+01 -3.33942E+00
1.19512E+01 -3.39313E+00
1.19795E+01 -3.44542E+00
1.20156E+01 -3.49423E+00
1.20595E+01 -3.54167E+00
1.21108E+01 -3.58639E+00
1.21694E+01 -3.62820E+00
1.22349E+01 -3.66817E+00
1.23072E+01 -3.70526E+00
1.23858E+01 -3.73948E+00
1.24705E+01 -3.77192E+00
1.25608E+01 -3.80127E+00
1.26565E+01 -3.82732E+00
1.27572E+01 -3.85218E+00
1.28624E+01 -3.87277E+00
1.29718E+01 -3.89218E+00
1.30849E+01 -3.90837E+00
1.32014E+01 -3.92235E+00
1.33209E+01 -3.93271E+00
1.34429E+01 -3.94053E+00
1.35671E+01 -3.94583E+00
1.36930E+01 -3.94862E+00
1.38203E+01 -3.94890E+00
1.39486E+01 -3.94670E+00
1.40776E+01 -3.94096E+00
1.42067E+01 -3.93344E+00
1.43358E+01 -3.92213E+00
1.44644E+01 -3.90911E+00
1.45923E+01 -3.89234E+00
1.47190E+01 -3.87387E+00
1.48443E+01 -3.85165E+00
1.49679E+01 -3.82778E+00
1.50895E+01 -3.80123E+00
1.52087E+01 -3.77181E+00
1.53254E+01 -3.74055E+00
1.54393E+01 -3.70541E+00
1.55501E+01 -3.66850E+00
1.56575E+01 -3.62878E+00
1.57615E+01 -3.58732E+00
1.58617E+01 -3.54206E+00
1.59579E+01 -3.49508E+00
1.60500E+01 -3.44640E+00
1.61378E+01 -3.39501E+00
1.62211E+01 -3.34095E+00
1.62998E+01 -3.28420E+00
1.63736E+01 -3.22575E+00
1.64426E+01 -3.16565E+00
1.65064E+01 -3.10187E+00
1.65651E+01 -3.03755E+00
1.66186E+01 -2.96963E+00
1.66666E+01 -2.90125E+00
1.67093E+01 -2.82935E+00
1.67463E+01 -2.75708E+00
1.67778E+01 -2.68137E+00
1.68036E+01 -2.60433E+00
1.68238E+01 -2.52603E+00
1.68382E+01 -2.44547E+00
1.68468E+01 -2.36373E+00
1.68497E+01 -2.27985E+00
1.68468E+01 -2.19491E+00
1.68382E+01 -2.10794E+00
1.68238E+01 -2.02002E+00
1.68036E+01 -1.93020E+00
1.67778E+01 -1.83956E+00
1.67463E+01 -1.74818E+00
1.67093E+01 -1.65406E+00
1.66666E+01 -1.56037E+00
1.66186E+01 -1.46407E+00
1.65652E+01 -1.36835E+00
1.65064E+01 -1.27017E+00
1.64426E+01 -1.17270E+00
1.63736E+01 -1.07293E+00
1.62998E+01 -9.72976E-01
1.62211E+01 -8.72907E-01
1.61378E+01 -7.71840E-01
1.60500E+01 -6.69896E-01
1.59579E+01 -5.67150E-01
1.58617E+01 -4.64713E-01
1.57615E+01 -3.62667E-01
1.56575E+01 -2.59029E-01
1.55501E+01 -1.55950E-01
1.54393E+01 -5.24816E-02
1.53254E+01 5.02629E-02
1.52087E+01 1.54279E-01
1.50895E+01 2.57451E-01
1.49679E+01 3.60713E-01
1.48443E+01 4.63777E-01
1.47190E+01 5.65544E-01
1.45923E+01 6.68015E-01
1.44645E+01 7.69054E-01
1.43358E+01 8.70645E-01
1.42068E+01 9.70655E-01
1.40776E+01 1.07110E+00
1.39486E+01 1.16989E+00
1.38203E+01 1.26870E+00
1.36930E+01 1.36642E+00
1.35671E+01 1.46302E+00
1.34429E+01 1.55842E+00
1.33209E+01 1.65256E+00
1.32014E+01 1.74542E+00
1.30849E+01 1.83800E+00
1.29718E+01 1.92887E+00
1.28624E+01 2.01897E+00
1.27572E+01 2.10621E+00
1.26565E+01 2.19364E+00
1.25608E+01 2.27812E+00
1.24705E+01 2.36175E+00
1.23858E+01 2.44425E+00
1.23072E+01 2.52429E+00
1.22349E+01 2.60295E+00
1.21694E+01 2.68018E+00
1.21108E+01 2.75493E+00
1.20595E+01 2.82824E+00
1.20156E+01 2.89991E+00
1.19795E+01 2.96857E+00
1.19512E+01 3.03631E+00
1.19309E+01 3.10105E+00
1.19186E+01 3.16382E+00
1.19146E+01 3.22465E+00
