Will plot unflagged data


File # 1  = raise.vis
raise.vis 4.7863 GHz
Read 121 visibilities from all files

Baseline 3-5, plot 121 points
1.19146E+01 5.76719E-01
1.19186E+01 5.76700E-01
1.19309E+01 5.76645E-01
1.19512E+01 5.76553E-01
1.19795E+01 5.76426E-01
1.20156E+01 5.76260E-01
1.20595E+01 5.76065E-01
1.21108E+01 5.75835E-01
1.21694E+01 5.75573E-01
1.22349E+01 5.75283E-01
1.23072E+01 5.74963E-01
1.23858E+01 5.74614E-01
1.24705E+01 5.74245E-01
1.25608E+01 5.73850E-01
1.26565E+01 5.73429E-01
1.27572E+01 5.73000E-01
1.28624E+01 5.72541E-01
1.29718E+01 5.72079E-01
1.30849E+01 5.71601E-01
1.32014E+01 5.71116E-01
1.33209E+01 5.70613E-01
1.34429E+01 5.70106E-01
1.35671E+01 5.69595E-01
1.36930E+01 5.69083E-01
1.38203E+01 5.68571E-01
1.39486E+01 5.68062E-01
1.40776E+01 5.67545E-01
1.42067E+01 5.67042E-01
1.43358E+01 5.66532E-01
1.44644E+01 5.66038E-01
1.45923E+01 5.65539E-01
1.47190E+01 5.65058E-01
1.48443E+01 5.64574E-01
1.49679E+01 5.64111E-01
1.50895E+01 5.63658E-01
1.52087E+01 5.63214E-01
1.53254E+01 5.62791E-01
1.54393E+01 5.62366E-01
1.55501E+01 5.61963E-01
1.56575E+01 5.61572E-01
1.57615E+01 5.61204E-01
1.58617E+01 5.60835E-01
1.59579E+01 5.60491E-01
1.60500E+01 5.60171E-01
1.61378E+01 5.59864E-01
1.62211E+01 5.59570E-01
1.62998E+01 5.59288E-01
1.63736E+01 5.59030E-01
1.64426E+01 5.58798E-01
1.65064E+01 5.58565E-01
1.65651E+01 5.58371E-01
1.66186E+01 5.58176E-01
1.66666E+01 5.58020E-01
1.67093E+01 5.57864E-01
1.67463E+01 5.57747E-01
1.67778E+01 5.57629E-01
1.68036E+01 5.57538E-01
1.68238E+01 5.57473E-01
1.68382E+01 5.57420E-01
1.68468E+01 5.57394E-01
1.68497E+01 5.57381E-01
1.68468E+01 5.57394E-01
1.68382E+01 5.57420E-01
1.68238E+01 5.57473E-01
1.68036E+01 5.57538E-01
1.67778E+01 5.57629E-01
1.67463E+01 5.57747E-01
1.67093E+01 5.57864E-01
1.66666E+01 5.58020E-01
1.66186E+01 5.58176E-01
1.65652E+01 5.58371E-01
1.65064E+01 5.58565E-01
1.64426E+01 5.58798E-01
1.63736E+01 5.59030E-01
1.62998E+01 5.59288E-01
1.62211E+01 5.59570E-01
1.61378E+01 5.59864E-01
1.60500E+01 5.60171E-01
1.59579E+01 5.60491E-01
1.58617E+01 5.60835E-01
1.57615E+01 5.61204E-01
1.56575E+01 5.61572E-01
1.55501E+01 5.61963E-01
1.54393E+01 5.62366E-01
1.53254E+01 5.62792E-01
1.52087E+01 5.63214E-01
1.50895E+01 5.63658E-01
1.49679E+01 5.64111E-01
1.48443E+01 5.64574E-01
1.47190E+01 5.65058E-01
1.45923E+01 5.65539E-01
1.44645E+01 5.66038E-01
1.43358E+01 5.66532E-01
1.42068E+01 5.67043E-01
1.40776E+01 5.67545E-01
1.39486E+01 5.68062E-01
1.38203E+01 5.68571E-01
1.36930E+01 5.69083E-01
1.35671E+01 5.69595E-01
1.34429E+01 5.70106E-01
1.33209E+01 5.70613E-01
1.32014E+01 5.71116E-01
1.30849E+01 5.71601E-01
1.29718E+01 5.72080E-01
1.28624E+01 5.72541E-01
1.27572E+01 5.73000E-01
1.26565E+01 5.73429E-01
1.25608E+01 5.73850E-01
1.24705E+01 5.74245E-01
1.23858E+01 5.74614E-01
1.23072E+01 5.74963E-01
1.22349E+01 5.75283E-01
1.21694E+01 5.75573E-01
1.21108E+01 5.75835E-01
1.20595E+01 5.76065E-01
1.20156E+01 5.76260E-01
1.19795E+01 5.76426E-01
1.19512E+01 5.76553E-01
1.19309E+01 5.76645E-01
1.19186E+01 5.76700E-01
1.19146E+01 5.76718E-01
