Will plot unflagged data


File # 1  = raise.vis
raise.vis 4.7863 GHz
Read 121 visibilities from all files

Baseline 2-4, plot 121 points
2.24477E+01 1.65304E-02
2.24554E+01 1.65303E-02
2.24784E+01 1.65300E-02
2.25167E+01 1.65296E-02
2.25700E+01 1.65291E-02
2.26381E+01 1.65284E-02
2.27207E+01 1.65275E-02
2.28174E+01 1.65265E-02
2.29278E+01 1.65253E-02
2.30513E+01 1.65240E-02
2.31874E+01 1.65225E-02
2.33355E+01 1.65209E-02
2.34951E+01 1.65192E-02
2.36653E+01 1.65174E-02
2.38456E+01 1.65154E-02
2.40353E+01 1.65133E-02
2.42335E+01 1.65111E-02
2.44396E+01 1.65089E-02
2.46527E+01 1.65065E-02
2.48722E+01 1.65040E-02
2.50973E+01 1.65014E-02
2.53272E+01 1.64987E-02
2.55612E+01 1.64960E-02
2.57984E+01 1.64933E-02
2.60383E+01 1.64905E-02
2.62800E+01 1.64877E-02
2.65229E+01 1.64848E-02
2.67663E+01 1.64820E-02
2.70095E+01 1.64790E-02
2.72519E+01 1.64760E-02
2.74927E+01 1.64731E-02
2.77315E+01 1.64702E-02
2.79676E+01 1.64673E-02
2.82004E+01 1.64644E-02
2.84294E+01 1.64615E-02
2.86541E+01 1.64587E-02
2.88740E+01 1.64560E-02
2.90885E+01 1.64533E-02
2.92972E+01 1.64505E-02
2.94997E+01 1.64480E-02
2.96955E+01 1.64455E-02
2.98843E+01 1.64431E-02
3.00656E+01 1.64407E-02
3.02392E+01 1.64384E-02
3.04046E+01 1.64363E-02
3.05615E+01 1.64342E-02
3.07097E+01 1.64324E-02
3.08489E+01 1.64304E-02
3.09787E+01 1.64287E-02
3.10991E+01 1.64271E-02
3.12097E+01 1.64258E-02
3.13104E+01 1.64243E-02
3.14009E+01 1.64232E-02
3.14812E+01 1.64221E-02
3.15510E+01 1.64211E-02
3.16104E+01 1.64203E-02
3.16590E+01 1.64198E-02
3.16970E+01 1.64192E-02
3.17241E+01 1.64188E-02
3.17404E+01 1.64186E-02
3.17459E+01 1.64186E-02
3.17404E+01 1.64186E-02
3.17241E+01 1.64188E-02
3.16970E+01 1.64192E-02
3.16590E+01 1.64198E-02
3.16104E+01 1.64203E-02
3.15511E+01 1.64211E-02
3.14812E+01 1.64221E-02
3.14009E+01 1.64232E-02
3.13104E+01 1.64243E-02
3.12097E+01 1.64258E-02
3.10991E+01 1.64271E-02
3.09787E+01 1.64287E-02
3.08489E+01 1.64304E-02
3.07097E+01 1.64324E-02
3.05615E+01 1.64342E-02
3.04046E+01 1.64363E-02
3.02392E+01 1.64384E-02
3.00656E+01 1.64407E-02
2.98843E+01 1.64431E-02
2.96955E+01 1.64455E-02
2.94997E+01 1.64480E-02
2.92972E+01 1.64505E-02
2.90885E+01 1.64533E-02
2.88740E+01 1.64560E-02
2.86541E+01 1.64587E-02
2.84295E+01 1.64615E-02
2.82004E+01 1.64644E-02
2.79676E+01 1.64673E-02
2.77315E+01 1.64702E-02
2.74927E+01 1.64731E-02
2.72519E+01 1.64760E-02
2.70095E+01 1.64790E-02
2.67663E+01 1.64820E-02
2.65230E+01 1.64848E-02
2.62801E+01 1.64877E-02
2.60383E+01 1.64905E-02
2.57984E+01 1.64933E-02
2.55612E+01 1.64960E-02
2.53272E+01 1.64987E-02
2.50973E+01 1.65014E-02
2.48722E+01 1.65040E-02
2.46528E+01 1.65065E-02
2.44396E+01 1.65089E-02
2.42335E+01 1.65111E-02
2.40353E+01 1.65133E-02
2.38457E+01 1.65154E-02
2.36653E+01 1.65174E-02
2.34951E+01 1.65192E-02
2.33355E+01 1.65209E-02
2.31874E+01 1.65225E-02
2.30513E+01 1.65240E-02
2.29278E+01 1.65253E-02
2.28174E+01 1.65265E-02
2.27207E+01 1.65275E-02
2.26381E+01 1.65284E-02
2.25700E+01 1.65291E-02
2.25167E+01 1.65296E-02
2.24784E+01 1.65300E-02
2.24554E+01 1.65303E-02
2.24477E+01 1.65304E-02
