Will plot unflagged data


File # 1  = raise.vis
raise.vis 4.7863 GHz
Read 121 visibilities from all files

Baseline 2-4, plot 121 points
2.24477E+01 -1.62640E+00
2.24554E+01 -1.65627E+00
2.24784E+01 -1.68490E+00
2.25167E+01 -1.71126E+00
2.25700E+01 -1.73739E+00
2.26381E+01 -1.76223E+00
2.27207E+01 -1.78576E+00
2.28174E+01 -1.80897E+00
2.29278E+01 -1.82977E+00
2.30513E+01 -1.85021E+00
2.31874E+01 -1.86819E+00
2.33355E+01 -1.88576E+00
2.34951E+01 -1.90190E+00
2.36653E+01 -1.91749E+00
2.38456E+01 -1.93041E+00
2.40353E+01 -1.94272E+00
2.42335E+01 -1.95336E+00
2.44396E+01 -1.96337E+00
2.46527E+01 -1.97168E+00
2.48722E+01 -1.97829E+00
2.50973E+01 -1.98317E+00
2.53272E+01 -1.98734E+00
2.55612E+01 -1.98975E+00
2.57984E+01 -1.99142E+00
2.60383E+01 -1.99131E+00
2.62800E+01 -1.99046E+00
2.65229E+01 -1.98778E+00
2.67663E+01 -1.98422E+00
2.70095E+01 -1.97875E+00
2.72519E+01 -1.97137E+00
2.74927E+01 -1.96312E+00
2.77315E+01 -1.95398E+00
2.79676E+01 -1.94293E+00
2.82004E+01 -1.93100E+00
2.84294E+01 -1.91714E+00
2.86541E+01 -1.90239E+00
2.88740E+01 -1.88674E+00
2.90885E+01 -1.86917E+00
2.92972E+01 -1.84968E+00
2.94997E+01 -1.83033E+00
2.96955E+01 -1.80906E+00
2.98843E+01 -1.78691E+00
3.00656E+01 -1.76286E+00
3.02392E+01 -1.73794E+00
3.04046E+01 -1.71216E+00
3.05615E+01 -1.68450E+00
3.07097E+01 -1.65700E+00
3.08489E+01 -1.62658E+00
3.09787E+01 -1.59636E+00
3.10991E+01 -1.56429E+00
3.12097E+01 -1.53244E+00
3.13104E+01 -1.49775E+00
3.14009E+01 -1.46332E+00
3.14812E+01 -1.42712E+00
3.15510E+01 -1.39020E+00
3.16104E+01 -1.35258E+00
3.16590E+01 -1.31428E+00
3.16970E+01 -1.27429E+00
3.17241E+01 -1.23368E+00
3.17404E+01 -1.19246E+00
3.17459E+01 -1.15068E+00
3.17404E+01 -1.10732E+00
3.17241E+01 -1.06344E+00
3.16970E+01 -1.01908E+00
3.16590E+01 -9.74267E-01
3.16104E+01 -9.28002E-01
3.15511E+01 -8.81351E-01
3.14812E+01 -8.34349E-01
3.14009E+01 -7.87030E-01
3.13104E+01 -7.38399E-01
3.12097E+01 -6.90555E-01
3.10991E+01 -6.40442E-01
3.09787E+01 -5.91191E-01
3.08489E+01 -5.40778E-01
3.07097E+01 -4.91299E-01
3.05615E+01 -4.39709E-01
3.04046E+01 -3.89130E-01
3.02392E+01 -3.37574E-01
3.00656E+01 -2.86118E-01
2.98843E+01 -2.34809E-01
2.96955E+01 -1.82660E-01
2.94997E+01 -1.30745E-01
2.92972E+01 -7.80789E-02
2.90885E+01 -2.67697E-02
2.88740E+01 2.52008E-02
2.86541E+01 7.77873E-02
2.84295E+01 1.29910E-01
2.82004E+01 1.81522E-01
2.79676E+01 2.33609E-01
2.77315E+01 2.85091E-01
2.74927E+01 3.36954E-01
2.72519E+01 3.88121E-01
2.70095E+01 4.38548E-01
2.67663E+01 4.89225E-01
2.65230E+01 5.40115E-01
2.62801E+01 5.90153E-01
2.60383E+01 6.40251E-01
2.57984E+01 6.89295E-01
2.55612E+01 7.38277E-01
2.53272E+01 7.86126E-01
2.50973E+01 8.33832E-01
2.48722E+01 8.80320E-01
2.46528E+01 9.26576E-01
2.44396E+01 9.72556E-01
2.42335E+01 1.01821E+00
2.40353E+01 1.06248E+00
2.38457E+01 1.10633E+00
2.36653E+01 1.14873E+00
2.34951E+01 1.19169E+00
2.33355E+01 1.23308E+00
2.31874E+01 1.27377E+00
2.30513E+01 1.31271E+00
2.29278E+01 1.35194E+00
2.28174E+01 1.38936E+00
2.27207E+01 1.42699E+00
2.26381E+01 1.46273E+00
2.25700E+01 1.49758E+00
2.25167E+01 1.53151E+00
2.24784E+01 1.56344E+00
2.24554E+01 1.59541E+00
2.24477E+01 1.62639E+00
