Will plot unflagged data


File # 1  = raise.vis
raise.vis 0.4786 GHz
Read 121 visibilities from all files

Baseline 2-4, plot 121 points
2.24477E+00 -6.07544E-01
2.24554E+00 -6.18540E-01
2.24784E+00 -6.29090E-01
2.25167E+00 -6.39181E-01
2.25700E+00 -6.48802E-01
2.26381E+00 -6.58969E-01
2.27207E+00 -6.67609E-01
2.28174E+00 -6.75740E-01
2.29278E+00 -6.83349E-01
2.30513E+00 -6.91458E-01
2.31874E+00 -6.97988E-01
2.33355E+00 -7.04994E-01
2.34951E+00 -7.10400E-01
2.36653E+00 -7.16259E-01
2.38456E+00 -7.21528E-01
2.40353E+00 -7.26197E-01
2.42335E+00 -7.30255E-01
2.44396E+00 -7.33694E-01
2.46527E+00 -7.36503E-01
2.48722E+00 -7.38675E-01
2.50973E+00 -7.41233E-01
2.53272E+00 -7.42104E-01
2.55612E+00 -7.43347E-01
2.57984E+00 -7.43921E-01
2.60383E+00 -7.43820E-01
2.62800E+00 -7.43038E-01
2.65229E+00 -7.42602E-01
2.67663E+00 -7.40443E-01
2.70095E+00 -7.38619E-01
2.72519E+00 -7.36095E-01
2.74927E+00 -7.32867E-01
2.77315E+00 -7.29962E-01
2.79676E+00 -7.25319E-01
2.82004E+00 -7.20992E-01
2.84294E+00 -7.15952E-01
2.86541E+00 -7.10197E-01
2.88740E+00 -7.04754E-01
2.90885E+00 -6.98593E-01
2.92972E+00 -6.91708E-01
2.94997E+00 -6.84099E-01
2.96955E+00 -6.75766E-01
2.98843E+00 -6.67740E-01
3.00656E+00 -6.58995E-01
3.02392E+00 -6.49535E-01
3.04046E+00 -6.39361E-01
3.05615E+00 -6.29508E-01
3.07097E+00 -6.18951E-01
3.08489E+00 -6.07693E-01
3.09787E+00 -5.96771E-01
3.10991E+00 -5.84130E-01
3.12097E+00 -5.72866E-01
3.13104E+00 -5.59895E-01
3.14009E+00 -5.46253E-01
3.14812E+00 -5.32979E-01
3.15510E+00 -5.19050E-01
3.16104E+00 -5.05506E-01
3.16590E+00 -4.91324E-01
3.16970E+00 -4.76513E-01
3.17241E+00 -4.61082E-01
3.17404E+00 -4.45040E-01
3.17459E+00 -4.29431E-01
3.17404E+00 -4.13233E-01
3.17241E+00 -3.97489E-01
3.16970E+00 -3.81178E-01
3.16590E+00 -3.64313E-01
3.16104E+00 -3.46906E-01
3.15511E+00 -3.28969E-01
3.14812E+00 -3.11548E-01
3.14009E+00 -2.93622E-01
3.13104E+00 -2.76238E-01
3.12097E+00 -2.58379E-01
3.10991E+00 -2.39027E-01
3.09787E+00 -2.21289E-01
3.08489E+00 -2.02089E-01
3.07097E+00 -1.83503E-01
3.05615E+00 -1.64515E-01
3.04046E+00 -1.45141E-01
3.02392E+00 -1.26427E-01
3.00656E+00 -1.07358E-01
2.98843E+00 -8.79511E-02
2.96955E+00 -6.82234E-02
2.94997E+00 -4.92186E-02
2.92972E+00 -2.99253E-02
2.90885E+00 -1.03606E-02
2.88740E+00 9.45575E-03
2.86541E+00 2.94998E-02
2.84295E+00 4.87259E-02
2.82004E+00 6.81427E-02
2.79676E+00 8.77321E-02
2.77315E+00 1.06447E-01
2.74927E+00 1.26328E-01
2.72519E+00 1.45297E-01
2.70095E+00 1.64365E-01
2.67663E+00 1.83515E-01
2.65230E+00 2.01696E-01
2.62801E+00 2.20953E-01
2.60383E+00 2.39204E-01
2.57984E+00 2.57463E-01
2.55612E+00 2.75709E-01
2.53272E+00 2.93926E-01
2.50973E+00 3.11062E-01
2.48722E+00 3.29163E-01
2.46528E+00 3.46145E-01
2.44396E+00 3.63024E-01
2.42335E+00 3.79780E-01
2.40353E+00 3.96395E-01
2.38457E+00 4.12851E-01
2.36653E+00 4.29130E-01
2.34951E+00 4.45214E-01
2.33355E+00 4.60053E-01
2.31874E+00 4.75693E-01
2.30513E+00 4.90054E-01
2.29278E+00 5.05183E-01
2.28174E+00 5.18998E-01
2.27207E+00 5.32516E-01
2.26381E+00 5.45721E-01
2.25700E+00 5.59626E-01
2.25167E+00 5.72158E-01
2.24784E+00 5.84330E-01
2.24554E+00 5.96129E-01
2.24477E+00 6.07541E-01
