Will plot unflagged data


File # 1  = raise.vis
raise.vis 0.4786 GHz
Read 121 visibilities from all files

Baseline 2-4, plot 121 points
2.24477E+00 2.94902E+00
2.24554E+00 2.94901E+00
2.24784E+00 2.94899E+00
2.25167E+00 2.94897E+00
2.25700E+00 2.94893E+00
2.26381E+00 2.94888E+00
2.27207E+00 2.94882E+00
2.28174E+00 2.94875E+00
2.29278E+00 2.94867E+00
2.30513E+00 2.94858E+00
2.31874E+00 2.94848E+00
2.33355E+00 2.94838E+00
2.34951E+00 2.94825E+00
2.36653E+00 2.94813E+00
2.38456E+00 2.94800E+00
2.40353E+00 2.94785E+00
2.42335E+00 2.94770E+00
2.44396E+00 2.94754E+00
2.46527E+00 2.94737E+00
2.48722E+00 2.94720E+00
2.50973E+00 2.94703E+00
2.53272E+00 2.94683E+00
2.55612E+00 2.94665E+00
2.57984E+00 2.94646E+00
2.60383E+00 2.94626E+00
2.62800E+00 2.94606E+00
2.65229E+00 2.94587E+00
2.67663E+00 2.94565E+00
2.70095E+00 2.94545E+00
2.72519E+00 2.94525E+00
2.74927E+00 2.94504E+00
2.77315E+00 2.94485E+00
2.79676E+00 2.94463E+00
2.82004E+00 2.94443E+00
2.84294E+00 2.94423E+00
2.86541E+00 2.94403E+00
2.88740E+00 2.94385E+00
2.90885E+00 2.94367E+00
2.92972E+00 2.94349E+00
2.94997E+00 2.94330E+00
2.96955E+00 2.94311E+00
2.98843E+00 2.94295E+00
3.00656E+00 2.94278E+00
3.02392E+00 2.94262E+00
3.04046E+00 2.94245E+00
3.05615E+00 2.94232E+00
3.07097E+00 2.94218E+00
3.08489E+00 2.94205E+00
3.09787E+00 2.94194E+00
3.10991E+00 2.94180E+00
3.12097E+00 2.94173E+00
3.13104E+00 2.94163E+00
3.14009E+00 2.94152E+00
3.14812E+00 2.94145E+00
3.15510E+00 2.94138E+00
3.16104E+00 2.94134E+00
3.16590E+00 2.94131E+00
3.16970E+00 2.94127E+00
3.17241E+00 2.94123E+00
3.17404E+00 2.94120E+00
3.17459E+00 2.94120E+00
3.17404E+00 2.94120E+00
3.17241E+00 2.94123E+00
3.16970E+00 2.94127E+00
3.16590E+00 2.94130E+00
3.16104E+00 2.94134E+00
3.15511E+00 2.94138E+00
3.14812E+00 2.94145E+00
3.14009E+00 2.94152E+00
3.13104E+00 2.94163E+00
3.12097E+00 2.94173E+00
3.10991E+00 2.94180E+00
3.09787E+00 2.94194E+00
3.08489E+00 2.94205E+00
3.07097E+00 2.94218E+00
3.05615E+00 2.94232E+00
3.04046E+00 2.94245E+00
3.02392E+00 2.94262E+00
3.00656E+00 2.94278E+00
2.98843E+00 2.94295E+00
2.96955E+00 2.94311E+00
2.94997E+00 2.94330E+00
2.92972E+00 2.94349E+00
2.90885E+00 2.94367E+00
2.88740E+00 2.94385E+00
2.86541E+00 2.94403E+00
2.84295E+00 2.94423E+00
2.82004E+00 2.94443E+00
2.79676E+00 2.94463E+00
2.77315E+00 2.94485E+00
2.74927E+00 2.94504E+00
2.72519E+00 2.94525E+00
2.70095E+00 2.94545E+00
2.67663E+00 2.94565E+00
2.65230E+00 2.94587E+00
2.62801E+00 2.94606E+00
2.60383E+00 2.94626E+00
2.57984E+00 2.94646E+00
2.55612E+00 2.94665E+00
2.53272E+00 2.94683E+00
2.50973E+00 2.94703E+00
2.48722E+00 2.94720E+00
2.46528E+00 2.94737E+00
2.44396E+00 2.94754E+00
2.42335E+00 2.94770E+00
2.40353E+00 2.94785E+00
2.38457E+00 2.94800E+00
2.36653E+00 2.94813E+00
2.34951E+00 2.94825E+00
2.33355E+00 2.94838E+00
2.31874E+00 2.94848E+00
2.30513E+00 2.94858E+00
2.29278E+00 2.94867E+00
2.28174E+00 2.94875E+00
2.27207E+00 2.94882E+00
2.26381E+00 2.94888E+00
2.25700E+00 2.94893E+00
2.25167E+00 2.94897E+00
2.24784E+00 2.94899E+00
2.24554E+00 2.94901E+00
2.24477E+00 2.94902E+00
