Will plot unflagged data


File # 1  = raise.vis
raise.vis 1.5136 GHz
Read 121 visibilities from all files

Baseline 2-5, plot 121 points
9.39198E+00 3.94063E-01
9.39520E+00 3.94057E-01
9.40484E+00 3.94040E-01
9.42085E+00 3.94011E-01
9.44315E+00 3.93972E-01
9.47165E+00 3.93921E-01
9.50621E+00 3.93858E-01
9.54666E+00 3.93786E-01
9.59283E+00 3.93703E-01
9.64450E+00 3.93611E-01
9.70146E+00 3.93509E-01
9.76344E+00 3.93396E-01
9.83019E+00 3.93278E-01
9.90143E+00 3.93150E-01
9.97686E+00 3.93017E-01
1.00562E+01 3.92872E-01
1.01391E+01 3.92722E-01
1.02254E+01 3.92569E-01
1.03145E+01 3.92405E-01
1.04064E+01 3.92243E-01
1.05006E+01 3.92071E-01
1.05967E+01 3.91897E-01
1.06946E+01 3.91723E-01
1.07939E+01 3.91543E-01
1.08943E+01 3.91364E-01
1.09954E+01 3.91180E-01
1.10970E+01 3.90998E-01
1.11989E+01 3.90812E-01
1.13006E+01 3.90629E-01
1.14020E+01 3.90449E-01
1.15028E+01 3.90266E-01
1.16027E+01 3.90087E-01
1.17015E+01 3.89913E-01
1.17989E+01 3.89737E-01
1.18947E+01 3.89565E-01
1.19887E+01 3.89399E-01
1.20807E+01 3.89231E-01
1.21704E+01 3.89076E-01
1.22578E+01 3.88920E-01
1.23425E+01 3.88770E-01
1.24244E+01 3.88619E-01
1.25034E+01 3.88483E-01
1.25793E+01 3.88345E-01
1.26519E+01 3.88215E-01
1.27211E+01 3.88093E-01
1.27867E+01 3.87978E-01
1.28487E+01 3.87870E-01
1.29070E+01 3.87763E-01
1.29613E+01 3.87671E-01
1.30117E+01 3.87579E-01
1.30579E+01 3.87496E-01
1.31001E+01 3.87420E-01
1.31379E+01 3.87362E-01
1.31715E+01 3.87303E-01
1.32008E+01 3.87244E-01
1.32256E+01 3.87202E-01
1.32459E+01 3.87168E-01
1.32618E+01 3.87143E-01
1.32732E+01 3.87117E-01
1.32800E+01 3.87109E-01
1.32823E+01 3.87109E-01
1.32800E+01 3.87109E-01
1.32732E+01 3.87117E-01
1.32618E+01 3.87143E-01
1.32459E+01 3.87168E-01
1.32256E+01 3.87202E-01
1.32008E+01 3.87244E-01
1.31715E+01 3.87303E-01
1.31379E+01 3.87362E-01
1.31001E+01 3.87420E-01
1.30579E+01 3.87496E-01
1.30117E+01 3.87580E-01
1.29613E+01 3.87671E-01
1.29070E+01 3.87763E-01
1.28487E+01 3.87871E-01
1.27867E+01 3.87978E-01
1.27211E+01 3.88093E-01
1.26519E+01 3.88215E-01
1.25793E+01 3.88345E-01
1.25034E+01 3.88483E-01
1.24244E+01 3.88619E-01
1.23425E+01 3.88770E-01
1.22578E+01 3.88920E-01
1.21704E+01 3.89076E-01
1.20807E+01 3.89231E-01
1.19887E+01 3.89399E-01
1.18947E+01 3.89565E-01
1.17989E+01 3.89737E-01
1.17015E+01 3.89913E-01
1.16027E+01 3.90087E-01
1.15028E+01 3.90266E-01
1.14020E+01 3.90449E-01
1.13006E+01 3.90629E-01
1.11989E+01 3.90812E-01
1.10970E+01 3.90998E-01
1.09954E+01 3.91181E-01
1.08943E+01 3.91364E-01
1.07939E+01 3.91543E-01
1.06946E+01 3.91723E-01
1.05967E+01 3.91897E-01
1.05006E+01 3.92071E-01
1.04064E+01 3.92243E-01
1.03146E+01 3.92405E-01
1.02254E+01 3.92570E-01
1.01391E+01 3.92722E-01
1.00562E+01 3.92872E-01
9.97687E+00 3.93017E-01
9.90143E+00 3.93150E-01
9.83019E+00 3.93278E-01
9.76344E+00 3.93396E-01
9.70146E+00 3.93509E-01
9.64451E+00 3.93611E-01
9.59283E+00 3.93704E-01
9.54667E+00 3.93786E-01
9.50621E+00 3.93858E-01
9.47165E+00 3.93921E-01
9.44316E+00 3.93972E-01
9.42085E+00 3.94011E-01
9.40484E+00 3.94040E-01
9.39520E+00 3.94057E-01
9.39198E+00 3.94062E-01
