Will plot unflagged data


File # 1  = raise.vis
raise.vis 1.5136 GHz
Read 121 visibilities from all files

Baseline 2-5, plot 121 points
9.39198E+00 -1.99957E+00
9.39520E+00 -2.03592E+00
9.40484E+00 -2.07074E+00
9.42085E+00 -2.10404E+00
9.44315E+00 -2.13682E+00
9.47165E+00 -2.16700E+00
9.50621E+00 -2.19557E+00
9.54666E+00 -2.22353E+00
9.59283E+00 -2.24983E+00
9.64450E+00 -2.27446E+00
9.70146E+00 -2.29739E+00
9.76344E+00 -2.31843E+00
9.83019E+00 -2.33855E+00
9.90143E+00 -2.35673E+00
9.97686E+00 -2.37398E+00
1.00562E+01 -2.38823E+00
1.01391E+01 -2.40150E+00
1.02254E+01 -2.41377E+00
1.03145E+01 -2.42298E+00
1.04064E+01 -2.43220E+00
1.05006E+01 -2.43835E+00
1.05967E+01 -2.44336E+00
1.06946E+01 -2.44713E+00
1.07939E+01 -2.44865E+00
1.08943E+01 -2.44895E+00
1.09954E+01 -2.44700E+00
1.10970E+01 -2.44380E+00
1.11989E+01 -2.43832E+00
1.13006E+01 -2.43159E+00
1.14020E+01 -2.42358E+00
1.15028E+01 -2.41328E+00
1.16027E+01 -2.40170E+00
1.17015E+01 -2.38886E+00
1.17989E+01 -2.37368E+00
1.18947E+01 -2.35711E+00
1.19887E+01 -2.33916E+00
1.20807E+01 -2.31882E+00
1.21704E+01 -2.29816E+00
1.22578E+01 -2.27511E+00
1.23425E+01 -2.25071E+00
1.24244E+01 -2.22395E+00
1.25034E+01 -2.19689E+00
1.25793E+01 -2.16747E+00
1.26519E+01 -2.13674E+00
1.27211E+01 -2.10471E+00
1.27867E+01 -2.07138E+00
1.28487E+01 -2.03678E+00
1.29070E+01 -1.99988E+00
1.29613E+01 -1.96277E+00
1.30117E+01 -1.92339E+00
1.30579E+01 -1.88281E+00
1.31001E+01 -1.84104E+00
1.31379E+01 -1.79912E+00
1.31715E+01 -1.75503E+00
1.32008E+01 -1.70878E+00
1.32256E+01 -1.66247E+00
1.32459E+01 -1.61509E+00
1.32618E+01 -1.56666E+00
1.32732E+01 -1.51618E+00
1.32800E+01 -1.46576E+00
1.32823E+01 -1.41438E+00
1.32800E+01 -1.36107E+00
1.32732E+01 -1.30689E+00
1.32618E+01 -1.25289E+00
1.32459E+01 -1.19706E+00
1.32256E+01 -1.14048E+00
1.32008E+01 -1.08318E+00
1.31715E+01 -1.02625E+00
1.31379E+01 -9.67656E-01
1.31001E+01 -9.07460E-01
1.30579E+01 -8.47763E-01
1.30117E+01 -7.87584E-01
1.29613E+01 -7.26973E-01
1.29070E+01 -6.64949E-01
1.28487E+01 -6.03624E-01
1.27867E+01 -5.40987E-01
1.27211E+01 -4.78120E-01
1.26519E+01 -4.15077E-01
1.25793E+01 -3.51911E-01
1.25034E+01 -2.88675E-01
1.24244E+01 -2.24391E-01
1.23425E+01 -1.61179E-01
1.22578E+01 -9.70292E-02
1.21704E+01 -3.30279E-02
1.20807E+01 3.18025E-02
1.19887E+01 9.53464E-02
1.18947E+01 1.59618E-01
1.17989E+01 2.23541E-01
1.17015E+01 2.87074E-01
1.16027E+01 3.51110E-01
1.15028E+01 4.14526E-01
1.14020E+01 4.77275E-01
1.13006E+01 5.40338E-01
1.11989E+01 6.02632E-01
1.10970E+01 6.64101E-01
1.09954E+01 7.25722E-01
1.08943E+01 7.86406E-01
1.07939E+01 8.47132E-01
1.06946E+01 9.06819E-01
1.05967E+01 9.66457E-01
1.05006E+01 1.02499E+00
1.04064E+01 1.08230E+00
1.03146E+01 1.14026E+00
1.02254E+01 1.19578E+00
1.01391E+01 1.25188E+00
1.00562E+01 1.30648E+00
9.97687E+00 1.35952E+00
9.90143E+00 1.41301E+00
9.83019E+00 1.46484E+00
9.76344E+00 1.51601E+00
9.70146E+00 1.56546E+00
9.64451E+00 1.61417E+00
9.59283E+00 1.66190E+00
9.54667E+00 1.70863E+00
9.50621E+00 1.75432E+00
9.47165E+00 1.79791E+00
9.44316E+00 1.84039E+00
9.42085E+00 1.88276E+00
9.40484E+00 1.92290E+00
9.39520E+00 1.96184E+00
9.39198E+00 1.99956E+00
