Will plot unflagged data


File # 1  = raise.vis
raise.vis 0.4786 GHz
Read 121 visibilities from all files

Baseline 2-5, plot 121 points
2.97001E+00 -8.03827E-01
2.97102E+00 -8.18941E-01
2.97407E+00 -8.32434E-01
2.97913E+00 -8.46346E-01
2.98619E+00 -8.58603E-01
2.99520E+00 -8.71250E-01
3.00613E+00 -8.83240E-01
3.01892E+00 -8.94558E-01
3.03352E+00 -9.04154E-01
3.04986E+00 -9.14079E-01
3.06787E+00 -9.23284E-01
3.08747E+00 -9.31754E-01
3.10858E+00 -9.40507E-01
3.13111E+00 -9.47462E-01
3.15496E+00 -9.53638E-01
3.18005E+00 -9.60055E-01
3.20628E+00 -9.65667E-01
3.23354E+00 -9.70462E-01
3.26175E+00 -9.74428E-01
3.29079E+00 -9.77554E-01
3.32057E+00 -9.79831E-01
3.35098E+00 -9.82279E-01
3.38194E+00 -9.83859E-01
3.41333E+00 -9.84564E-01
3.44507E+00 -9.84385E-01
3.47705E+00 -9.83319E-01
3.50919E+00 -9.82378E-01
3.54139E+00 -9.80508E-01
3.57357E+00 -9.77700E-01
3.60563E+00 -9.73951E-01
3.63750E+00 -9.70286E-01
3.66909E+00 -9.65675E-01
3.70033E+00 -9.60114E-01
3.73113E+00 -9.54632E-01
3.76143E+00 -9.48197E-01
3.79116E+00 -9.40807E-01
3.82025E+00 -9.32462E-01
3.84863E+00 -9.24193E-01
3.87625E+00 -9.14969E-01
3.90304E+00 -9.04791E-01
3.92895E+00 -8.94692E-01
3.95392E+00 -8.82610E-01
3.97791E+00 -8.71646E-01
4.00087E+00 -8.58705E-01
4.02276E+00 -8.45856E-01
4.04352E+00 -8.33104E-01
4.06313E+00 -8.18388E-01
4.08154E+00 -8.03781E-01
4.09872E+00 -7.89289E-01
4.11465E+00 -7.72852E-01
4.12928E+00 -7.56545E-01
4.14260E+00 -7.40376E-01
4.15458E+00 -7.23321E-01
4.16520E+00 -7.05389E-01
4.17445E+00 -6.86590E-01
4.18229E+00 -6.67969E-01
4.18873E+00 -6.49537E-01
4.19375E+00 -6.29239E-01
4.19735E+00 -6.09155E-01
4.19950E+00 -5.89295E-01
4.20022E+00 -5.68643E-01
4.19950E+00 -5.47212E-01
4.19735E+00 -5.25017E-01
4.19375E+00 -5.03104E-01
4.18873E+00 -4.81492E-01
4.18229E+00 -4.58129E-01
4.17445E+00 -4.35098E-01
4.16520E+00 -4.12417E-01
4.15458E+00 -3.89071E-01
4.14260E+00 -3.65077E-01
4.12928E+00 -3.40454E-01
4.11465E+00 -3.16254E-01
4.09873E+00 -2.92497E-01
4.08154E+00 -2.67136E-01
4.06313E+00 -2.42257E-01
4.04352E+00 -2.17882E-01
4.02276E+00 -1.91964E-01
4.00088E+00 -1.66592E-01
3.97792E+00 -1.41787E-01
3.95392E+00 -1.15505E-01
3.92895E+00 -9.08657E-02
3.90304E+00 -6.47942E-02
3.87625E+00 -3.93785E-02
3.84863E+00 -1.36086E-02
3.82025E+00 1.24927E-02
3.79116E+00 3.78697E-02
3.76144E+00 6.35314E-02
3.73113E+00 8.94547E-02
3.70033E+00 1.15616E-01
3.66909E+00 1.40960E-01
3.63750E+00 1.66496E-01
3.60563E+00 1.92199E-01
3.57357E+00 2.17018E-01
3.54139E+00 2.41960E-01
3.50919E+00 2.67002E-01
3.47705E+00 2.92117E-01
3.44507E+00 3.16232E-01
3.41333E+00 3.40344E-01
3.38194E+00 3.64431E-01
3.35099E+00 3.88469E-01
3.32057E+00 4.12437E-01
3.29079E+00 4.35278E-01
3.26175E+00 4.58000E-01
3.23355E+00 4.80580E-01
3.20628E+00 5.02995E-01
3.18005E+00 5.25220E-01
3.15496E+00 5.47233E-01
3.13111E+00 5.67977E-01
3.10858E+00 5.88460E-01
3.08747E+00 6.09693E-01
3.06787E+00 6.29587E-01
3.04986E+00 6.49152E-01
3.03352E+00 6.68365E-01
3.01892E+00 6.86173E-01
3.00613E+00 7.04618E-01
2.99520E+00 7.22648E-01
2.98619E+00 7.40241E-01
2.97913E+00 7.56349E-01
2.97407E+00 7.73014E-01
2.97102E+00 7.88159E-01
2.97001E+00 8.03823E-01
