Will plot unflagged data


File # 1  = raise.vis
raise.vis 4.7863 GHz
Read 121 visibilities from all files

Baseline 3-4, plot 121 points
4.66222E+00 1.67263E-01
4.66382E+00 1.67262E-01
4.66860E+00 1.67261E-01
4.67655E+00 1.67259E-01
4.68762E+00 1.67256E-01
4.70177E+00 1.67252E-01
4.71892E+00 1.67248E-01
4.73900E+00 1.67243E-01
4.76192E+00 1.67236E-01
4.78757E+00 1.67230E-01
4.81584E+00 1.67222E-01
4.84661E+00 1.67214E-01
4.87974E+00 1.67205E-01
4.91511E+00 1.67195E-01
4.95256E+00 1.67184E-01
4.99194E+00 1.67173E-01
5.03311E+00 1.67161E-01
5.07591E+00 1.67149E-01
5.12018E+00 1.67137E-01
5.16577E+00 1.67123E-01
5.21252E+00 1.67111E-01
5.26026E+00 1.67096E-01
5.30886E+00 1.67082E-01
5.35814E+00 1.67067E-01
5.40795E+00 1.67053E-01
5.45816E+00 1.67038E-01
5.50861E+00 1.67023E-01
5.55916E+00 1.67007E-01
5.60967E+00 1.66991E-01
5.66000E+00 1.66975E-01
5.71003E+00 1.66960E-01
5.75962E+00 1.66944E-01
5.80865E+00 1.66929E-01
5.85701E+00 1.66913E-01
5.90458E+00 1.66898E-01
5.95124E+00 1.66883E-01
5.99690E+00 1.66867E-01
6.04146E+00 1.66853E-01
6.08481E+00 1.66839E-01
6.12686E+00 1.66826E-01
6.16753E+00 1.66811E-01
6.20674E+00 1.66799E-01
6.24440E+00 1.66785E-01
6.28044E+00 1.66774E-01
6.31479E+00 1.66761E-01
6.34739E+00 1.66750E-01
6.37817E+00 1.66739E-01
6.40707E+00 1.66730E-01
6.43404E+00 1.66721E-01
6.45904E+00 1.66712E-01
6.48201E+00 1.66703E-01
6.50292E+00 1.66697E-01
6.52173E+00 1.66690E-01
6.53840E+00 1.66685E-01
6.55291E+00 1.66680E-01
6.56523E+00 1.66675E-01
6.57534E+00 1.66672E-01
6.58322E+00 1.66668E-01
6.58886E+00 1.66667E-01
6.59224E+00 1.66665E-01
6.59337E+00 1.66665E-01
6.59224E+00 1.66665E-01
6.58886E+00 1.66667E-01
6.58322E+00 1.66668E-01
6.57534E+00 1.66672E-01
6.56523E+00 1.66675E-01
6.55291E+00 1.66680E-01
6.53840E+00 1.66685E-01
6.52173E+00 1.66690E-01
6.50292E+00 1.66697E-01
6.48201E+00 1.66703E-01
6.45904E+00 1.66712E-01
6.43405E+00 1.66721E-01
6.40707E+00 1.66730E-01
6.37817E+00 1.66739E-01
6.34739E+00 1.66750E-01
6.31480E+00 1.66761E-01
6.28044E+00 1.66774E-01
6.24440E+00 1.66785E-01
6.20674E+00 1.66799E-01
6.16754E+00 1.66811E-01
6.12686E+00 1.66826E-01
6.08481E+00 1.66839E-01
6.04146E+00 1.66853E-01
5.99691E+00 1.66867E-01
5.95125E+00 1.66883E-01
5.90458E+00 1.66898E-01
5.85701E+00 1.66913E-01
5.80865E+00 1.66929E-01
5.75962E+00 1.66944E-01
5.71003E+00 1.66960E-01
5.66000E+00 1.66975E-01
5.60967E+00 1.66991E-01
5.55916E+00 1.67007E-01
5.50861E+00 1.67023E-01
5.45817E+00 1.67038E-01
5.40796E+00 1.67053E-01
5.35814E+00 1.67067E-01
5.30886E+00 1.67082E-01
5.26027E+00 1.67096E-01
5.21252E+00 1.67111E-01
5.16577E+00 1.67123E-01
5.12019E+00 1.67137E-01
5.07591E+00 1.67149E-01
5.03311E+00 1.67161E-01
4.99194E+00 1.67173E-01
4.95256E+00 1.67184E-01
4.91511E+00 1.67195E-01
4.87975E+00 1.67205E-01
4.84661E+00 1.67214E-01
4.81584E+00 1.67222E-01
4.78757E+00 1.67230E-01
4.76192E+00 1.67236E-01
4.73900E+00 1.67243E-01
4.71892E+00 1.67248E-01
4.70177E+00 1.67252E-01
4.68762E+00 1.67256E-01
4.67655E+00 1.67259E-01
4.66860E+00 1.67261E-01
4.66382E+00 1.67262E-01
4.66222E+00 1.67263E-01
