Will plot unflagged data


File # 1  = raise.vis
raise.vis 4.7863 GHz
Read 121 visibilities from all files

Baseline 3-4, plot 121 points
4.66222E+00 -9.92592E-01
4.66382E+00 -1.01052E+00
4.66860E+00 -1.02771E+00
4.67655E+00 -1.04517E+00
4.68762E+00 -1.06084E+00
4.70177E+00 -1.07571E+00
4.71892E+00 -1.09080E+00
4.73900E+00 -1.10403E+00
4.76192E+00 -1.11641E+00
4.78757E+00 -1.12896E+00
4.81584E+00 -1.14062E+00
4.84661E+00 -1.15138E+00
4.87974E+00 -1.16121E+00
4.91511E+00 -1.17010E+00
4.95256E+00 -1.17803E+00
4.99194E+00 -1.18499E+00
5.03311E+00 -1.19200E+00
5.07591E+00 -1.19801E+00
5.12018E+00 -1.20300E+00
5.16577E+00 -1.20697E+00
5.21252E+00 -1.21094E+00
5.26026E+00 -1.21282E+00
5.30886E+00 -1.21461E+00
5.35814E+00 -1.21529E+00
5.40795E+00 -1.21588E+00
5.45816E+00 -1.21535E+00
5.50861E+00 -1.21367E+00
5.55916E+00 -1.21086E+00
5.60967E+00 -1.20690E+00
5.66000E+00 -1.20283E+00
5.71003E+00 -1.19862E+00
5.75962E+00 -1.19223E+00
5.80865E+00 -1.18569E+00
5.85701E+00 -1.17799E+00
5.90458E+00 -1.17015E+00
5.95124E+00 -1.16113E+00
5.99690E+00 -1.15094E+00
6.04146E+00 -1.14060E+00
6.08481E+00 -1.12908E+00
6.12686E+00 -1.11742E+00
6.16753E+00 -1.10356E+00
6.20674E+00 -1.09059E+00
6.24440E+00 -1.07542E+00
6.28044E+00 -1.06115E+00
6.31479E+00 -1.04469E+00
6.34739E+00 -1.02811E+00
6.37817E+00 -1.01038E+00
6.40707E+00 -9.92539E-01
6.43404E+00 -9.74599E-01
6.45904E+00 -9.54507E-01
6.48201E+00 -9.34331E-01
6.50292E+00 -9.14079E-01
6.52173E+00 -8.92735E-01
6.53840E+00 -8.71337E-01
6.55291E+00 -8.48870E-01
6.56523E+00 -8.25347E-01
6.57534E+00 -8.01809E-01
6.58322E+00 -7.77244E-01
6.58886E+00 -7.52692E-01
6.59224E+00 -7.27144E-01
6.59337E+00 -7.01642E-01
6.59224E+00 -6.75178E-01
6.58886E+00 -6.48796E-01
6.58322E+00 -6.21489E-01
6.57534E+00 -5.94302E-01
6.56523E+00 -5.66229E-01
6.55291E+00 -5.38319E-01
6.53840E+00 -5.09567E-01
6.52173E+00 -4.79993E-01
6.50292E+00 -4.50648E-01
6.48201E+00 -4.20529E-01
6.45904E+00 -3.90686E-01
6.43405E+00 -3.61145E-01
6.40707E+00 -3.29873E-01
6.37817E+00 -2.98952E-01
6.34739E+00 -2.68410E-01
6.31480E+00 -2.37243E-01
6.28044E+00 -2.06507E-01
6.24440E+00 -1.74167E-01
6.20674E+00 -1.43344E-01
6.16754E+00 -1.10971E-01
6.12686E+00 -8.01710E-02
6.08481E+00 -4.78763E-02
6.04146E+00 -1.61796E-02
5.99691E+00 1.59232E-02
5.95125E+00 4.73704E-02
5.90458E+00 7.91658E-02
5.85701E+00 1.11280E-01
5.80865E+00 1.42651E-01
5.75962E+00 1.74282E-01
5.71003E+00 2.05110E-01
5.66000E+00 2.37172E-01
5.60967E+00 2.68371E-01
5.55916E+00 2.98679E-01
5.50861E+00 3.29100E-01
5.45817E+00 3.59604E-01
5.40796E+00 3.90162E-01
5.35814E+00 4.20745E-01
5.30886E+00 4.50298E-01
5.26027E+00 4.79825E-01
5.21252E+00 5.08272E-01
5.16577E+00 5.37636E-01
5.12019E+00 5.65807E-01
5.07591E+00 5.93788E-01
5.03311E+00 6.21552E-01
4.99194E+00 6.49073E-01
4.95256E+00 6.75292E-01
4.91511E+00 7.01213E-01
4.87975E+00 7.26809E-01
4.84661E+00 7.52052E-01
4.81584E+00 7.76914E-01
4.78757E+00 8.01368E-01
4.76192E+00 8.25385E-01
4.73900E+00 8.47907E-01
4.71892E+00 8.69940E-01
4.70177E+00 8.92490E-01
4.68762E+00 9.13469E-01
4.67655E+00 9.33886E-01
4.66860E+00 9.54750E-01
4.66382E+00 9.73979E-01
4.66222E+00 9.92588E-01
