Will plot unflagged data


File # 1  = raise.vis
raise.vis 15.1356 GHz
Read 121 visibilities from all files

Baseline 2-3, plot 121 points
5.62427E+01 -2.64628E+01
5.62620E+01 -2.69438E+01
5.63197E+01 -2.74056E+01
5.64155E+01 -2.78496E+01
5.65491E+01 -2.82739E+01
5.67198E+01 -2.86788E+01
5.69267E+01 -2.90646E+01
5.71690E+01 -2.94291E+01
5.74454E+01 -2.97747E+01
5.77549E+01 -3.01000E+01
5.80959E+01 -3.04035E+01
5.84671E+01 -3.06876E+01
5.88668E+01 -3.09496E+01
5.92934E+01 -3.11906E+01
5.97452E+01 -3.14114E+01
6.02203E+01 -3.16090E+01
6.07170E+01 -3.17860E+01
6.12333E+01 -3.19403E+01
6.17674E+01 -3.20737E+01
6.23173E+01 -3.21850E+01
6.28812E+01 -3.22734E+01
6.34572E+01 -3.23404E+01
6.40434E+01 -3.23850E+01
6.46379E+01 -3.24077E+01
6.52389E+01 -3.24079E+01
6.58446E+01 -3.23855E+01
6.64532E+01 -3.23414E+01
6.70629E+01 -3.22753E+01
6.76723E+01 -3.21861E+01
6.82794E+01 -3.20754E+01
6.88829E+01 -3.19433E+01
6.94812E+01 -3.17894E+01
7.00727E+01 -3.16128E+01
7.06561E+01 -3.14153E+01
7.12299E+01 -3.11958E+01
7.17928E+01 -3.09552E+01
7.23437E+01 -3.06925E+01
7.28811E+01 -3.04094E+01
7.34041E+01 -3.01056E+01
7.39114E+01 -2.97818E+01
7.44021E+01 -2.94369E+01
7.48750E+01 -2.90717E+01
7.53294E+01 -2.86861E+01
7.57641E+01 -2.82816E+01
7.61785E+01 -2.78573E+01
7.65717E+01 -2.74150E+01
7.69430E+01 -2.69529E+01
7.72917E+01 -2.64722E+01
7.76171E+01 -2.59731E+01
7.79187E+01 -2.54579E+01
7.81958E+01 -2.49240E+01
7.84480E+01 -2.43729E+01
7.86749E+01 -2.38054E+01
7.88760E+01 -2.32212E+01
7.90510E+01 -2.26218E+01
7.91997E+01 -2.20055E+01
7.93216E+01 -2.13760E+01
7.94167E+01 -2.07306E+01
7.94847E+01 -2.00715E+01
7.95256E+01 -1.93981E+01
7.95392E+01 -1.87121E+01
7.95255E+01 -1.80127E+01
7.94847E+01 -1.73016E+01
7.94167E+01 -1.65781E+01
7.93216E+01 -1.58438E+01
7.91997E+01 -1.50973E+01
7.90511E+01 -1.43424E+01
7.88760E+01 -1.35763E+01
7.86749E+01 -1.28016E+01
7.84480E+01 -1.20177E+01
7.81958E+01 -1.12259E+01
7.79187E+01 -1.04262E+01
7.76171E+01 -9.61823E+00
7.72917E+01 -8.80527E+00
7.69431E+01 -7.98606E+00
7.65718E+01 -7.16127E+00
7.61786E+01 -6.33056E+00
7.57642E+01 -5.49656E+00
7.53294E+01 -4.65840E+00
7.48751E+01 -3.81780E+00
7.44021E+01 -2.97409E+00
7.39115E+01 -2.12828E+00
7.34041E+01 -1.28024E+00
7.28812E+01 -4.32038E-01
7.23437E+01 4.16434E-01
7.17929E+01 1.26383E+00
7.12299E+01 2.11138E+00
7.06561E+01 2.95715E+00
7.00727E+01 3.80135E+00
6.94812E+01 4.64214E+00
6.88830E+01 5.48079E+00
6.82795E+01 6.31545E+00
6.76723E+01 7.14533E+00
6.70630E+01 7.96958E+00
6.64532E+01 8.78947E+00
6.58446E+01 9.60315E+00
6.52389E+01 1.04098E+01
6.46379E+01 1.12097E+01
6.40434E+01 1.20021E+01
6.34573E+01 1.27861E+01
6.28813E+01 1.35615E+01
6.23173E+01 1.43269E+01
6.17674E+01 1.50834E+01
6.12333E+01 1.58296E+01
6.07170E+01 1.65639E+01
6.02203E+01 1.72879E+01
5.97452E+01 1.79989E+01
5.92934E+01 1.86993E+01
5.88668E+01 1.93856E+01
5.84671E+01 2.00585E+01
5.80959E+01 2.07187E+01
5.77549E+01 2.13633E+01
5.74455E+01 2.19944E+01
5.71690E+01 2.26102E+01
5.69267E+01 2.32094E+01
5.67198E+01 2.37940E+01
5.65491E+01 2.43617E+01
5.64155E+01 2.49129E+01
5.63197E+01 2.54475E+01
5.62620E+01 2.59637E+01
5.62427E+01 2.64628E+01
