Will plot unflagged data


File # 1  = raise.vis
raise.vis 15.1356 GHz
Read 121 visibilities from all files

Baseline 2-3, plot 121 points
5.62427E+01 5.06785E-01
5.62620E+01 5.06398E-01
5.63197E+01 5.05241E-01
5.64155E+01 5.03351E-01
5.65491E+01 5.00778E-01
5.67198E+01 4.97602E-01
5.69267E+01 4.93931E-01
5.71690E+01 4.89865E-01
5.74454E+01 4.85545E-01
5.77549E+01 4.81073E-01
5.80959E+01 4.76529E-01
5.84671E+01 4.72003E-01
5.88668E+01 4.67519E-01
5.92934E+01 4.63114E-01
5.97452E+01 4.58818E-01
6.02203E+01 4.54614E-01
6.07170E+01 4.50540E-01
6.12333E+01 4.46587E-01
6.17674E+01 4.42775E-01
6.23173E+01 4.39101E-01
6.28812E+01 4.35557E-01
6.34572E+01 4.32157E-01
6.40434E+01 4.28888E-01
6.46379E+01 4.25752E-01
6.52389E+01 4.22743E-01
6.58446E+01 4.19858E-01
6.64532E+01 4.17098E-01
6.70629E+01 4.14460E-01
6.76723E+01 4.11930E-01
6.82794E+01 4.09516E-01
6.88829E+01 4.07211E-01
6.94812E+01 4.05011E-01
7.00727E+01 4.02903E-01
7.06561E+01 4.00896E-01
7.12299E+01 3.98979E-01
7.17928E+01 3.97154E-01
7.23437E+01 3.95411E-01
7.28811E+01 3.93757E-01
7.34041E+01 3.92186E-01
7.39114E+01 3.90699E-01
7.44021E+01 3.89286E-01
7.48750E+01 3.87949E-01
7.53294E+01 3.86685E-01
7.57641E+01 3.85499E-01
7.61785E+01 3.84383E-01
7.65717E+01 3.83346E-01
7.69430E+01 3.82374E-01
7.72917E+01 3.81471E-01
7.76171E+01 3.80637E-01
7.79187E+01 3.79880E-01
7.81958E+01 3.79186E-01
7.84480E+01 3.78558E-01
7.86749E+01 3.77998E-01
7.88760E+01 3.77503E-01
7.90510E+01 3.77077E-01
7.91997E+01 3.76711E-01
7.93216E+01 3.76421E-01
7.94167E+01 3.76190E-01
7.94847E+01 3.76027E-01
7.95256E+01 3.75926E-01
7.95392E+01 3.75895E-01
7.95255E+01 3.75926E-01
7.94847E+01 3.76027E-01
7.94167E+01 3.76190E-01
7.93216E+01 3.76421E-01
7.91997E+01 3.76712E-01
7.90511E+01 3.77077E-01
7.88760E+01 3.77503E-01
7.86749E+01 3.77998E-01
7.84480E+01 3.78558E-01
7.81958E+01 3.79186E-01
7.79187E+01 3.79880E-01
7.76171E+01 3.80637E-01
7.72917E+01 3.81471E-01
7.69431E+01 3.82374E-01
7.65718E+01 3.83346E-01
7.61786E+01 3.84383E-01
7.57642E+01 3.85499E-01
7.53294E+01 3.86685E-01
7.48751E+01 3.87949E-01
7.44021E+01 3.89286E-01
7.39115E+01 3.90699E-01
7.34041E+01 3.92186E-01
7.28812E+01 3.93757E-01
7.23437E+01 3.95411E-01
7.17929E+01 3.97154E-01
7.12299E+01 3.98979E-01
7.06561E+01 4.00896E-01
7.00727E+01 4.02903E-01
6.94812E+01 4.05011E-01
6.88830E+01 4.07211E-01
6.82795E+01 4.09516E-01
6.76723E+01 4.11930E-01
6.70630E+01 4.14460E-01
6.64532E+01 4.17098E-01
6.58446E+01 4.19858E-01
6.52389E+01 4.22743E-01
6.46379E+01 4.25752E-01
6.40434E+01 4.28888E-01
6.34573E+01 4.32157E-01
6.28813E+01 4.35557E-01
6.23173E+01 4.39101E-01
6.17674E+01 4.42775E-01
6.12333E+01 4.46587E-01
6.07170E+01 4.50540E-01
6.02203E+01 4.54614E-01
5.97452E+01 4.58818E-01
5.92934E+01 4.63114E-01
5.88668E+01 4.67519E-01
5.84671E+01 4.72003E-01
5.80959E+01 4.76529E-01
5.77549E+01 4.81073E-01
5.74455E+01 4.85545E-01
5.71690E+01 4.89865E-01
5.69267E+01 4.93931E-01
5.67198E+01 4.97602E-01
5.65491E+01 5.00778E-01
5.64155E+01 5.03351E-01
5.63197E+01 5.05241E-01
5.62620E+01 5.06398E-01
5.62427E+01 5.06785E-01
