Will plot unflagged data


File # 1  = raise.vis
raise.vis 0.4786 GHz
Read 121 visibilities from all files

Baseline 1-4, plot 121 points
2.41745E+00 2.94901E+00
2.41827E+00 2.94900E+00
2.42076E+00 2.94898E+00
2.42488E+00 2.94895E+00
2.43062E+00 2.94890E+00
2.43795E+00 2.94884E+00
2.44685E+00 2.94878E+00
2.45726E+00 2.94869E+00
2.46914E+00 2.94861E+00
2.48244E+00 2.94850E+00
2.49710E+00 2.94839E+00
2.51306E+00 2.94826E+00
2.53024E+00 2.94812E+00
2.54857E+00 2.94797E+00
2.56799E+00 2.94781E+00
2.58841E+00 2.94764E+00
2.60976E+00 2.94747E+00
2.63195E+00 2.94729E+00
2.65491E+00 2.94709E+00
2.67855E+00 2.94690E+00
2.70279E+00 2.94670E+00
2.72754E+00 2.94649E+00
2.75274E+00 2.94627E+00
2.77829E+00 2.94604E+00
2.80412E+00 2.94581E+00
2.83016E+00 2.94559E+00
2.85632E+00 2.94536E+00
2.88253E+00 2.94513E+00
2.90872E+00 2.94489E+00
2.93482E+00 2.94464E+00
2.96075E+00 2.94442E+00
2.98647E+00 2.94416E+00
3.01189E+00 2.94396E+00
3.03697E+00 2.94372E+00
3.06163E+00 2.94348E+00
3.08583E+00 2.94326E+00
3.10951E+00 2.94303E+00
3.13261E+00 2.94281E+00
3.15509E+00 2.94261E+00
3.17689E+00 2.94238E+00
3.19798E+00 2.94217E+00
3.21831E+00 2.94200E+00
3.23784E+00 2.94179E+00
3.25653E+00 2.94162E+00
3.27434E+00 2.94144E+00
3.29124E+00 2.94126E+00
3.30720E+00 2.94111E+00
3.32218E+00 2.94097E+00
3.33617E+00 2.94082E+00
3.34913E+00 2.94071E+00
3.36104E+00 2.94060E+00
3.37189E+00 2.94048E+00
3.38164E+00 2.94037E+00
3.39028E+00 2.94029E+00
3.39781E+00 2.94022E+00
3.40419E+00 2.94014E+00
3.40943E+00 2.94010E+00
3.41352E+00 2.94006E+00
3.41644E+00 2.94002E+00
3.41820E+00 2.93998E+00
3.41879E+00 2.93998E+00
3.41820E+00 2.93999E+00
3.41644E+00 2.94002E+00
3.41352E+00 2.94006E+00
3.40943E+00 2.94010E+00
3.40419E+00 2.94014E+00
3.39781E+00 2.94022E+00
3.39028E+00 2.94029E+00
3.38164E+00 2.94037E+00
3.37189E+00 2.94048E+00
3.36104E+00 2.94060E+00
3.34913E+00 2.94071E+00
3.33617E+00 2.94082E+00
3.32219E+00 2.94097E+00
3.30720E+00 2.94111E+00
3.29124E+00 2.94126E+00
3.27434E+00 2.94144E+00
3.25653E+00 2.94162E+00
3.23784E+00 2.94179E+00
3.21831E+00 2.94200E+00
3.19798E+00 2.94217E+00
3.17689E+00 2.94238E+00
3.15509E+00 2.94261E+00
3.13261E+00 2.94281E+00
3.10951E+00 2.94303E+00
3.08583E+00 2.94326E+00
3.06163E+00 2.94348E+00
3.03697E+00 2.94372E+00
3.01189E+00 2.94396E+00
2.98647E+00 2.94416E+00
2.96076E+00 2.94442E+00
2.93482E+00 2.94465E+00
2.90872E+00 2.94489E+00
2.88253E+00 2.94513E+00
2.85632E+00 2.94536E+00
2.83016E+00 2.94559E+00
2.80413E+00 2.94581E+00
2.77829E+00 2.94604E+00
2.75274E+00 2.94627E+00
2.72755E+00 2.94649E+00
2.70279E+00 2.94670E+00
2.67855E+00 2.94690E+00
2.65491E+00 2.94709E+00
2.63196E+00 2.94729E+00
2.60976E+00 2.94746E+00
2.58842E+00 2.94764E+00
2.56799E+00 2.94781E+00
2.54858E+00 2.94797E+00
2.53024E+00 2.94812E+00
2.51306E+00 2.94826E+00
2.49710E+00 2.94839E+00
2.48245E+00 2.94850E+00
2.46914E+00 2.94861E+00
2.45726E+00 2.94869E+00
2.44685E+00 2.94878E+00
2.43795E+00 2.94884E+00
2.43062E+00 2.94890E+00
2.42488E+00 2.94895E+00
2.42076E+00 2.94898E+00
2.41827E+00 2.94900E+00
2.41745E+00 2.94901E+00
