Will plot unflagged data


File # 1  = raise.vis
raise.vis 0.4786 GHz
Read 121 visibilities from all files

Baseline 1-4, plot 121 points
2.41745E+00 -6.54278E-01
2.41827E+00 -6.65961E-01
2.42076E+00 -6.78191E-01
2.42488E+00 -6.88899E-01
2.43062E+00 -6.99099E-01
2.43795E+00 -7.08777E-01
2.44685E+00 -7.18951E-01
2.45726E+00 -7.27546E-01
2.46914E+00 -7.36612E-01
2.48244E+00 -7.44071E-01
2.49710E+00 -7.51976E-01
2.51306E+00 -7.59281E-01
2.53024E+00 -7.64942E-01
2.54857E+00 -7.71013E-01
2.56799E+00 -7.76448E-01
2.58841E+00 -7.81237E-01
2.60976E+00 -7.85369E-01
2.63195E+00 -7.89867E-01
2.65491E+00 -7.92655E-01
2.67855E+00 -7.95790E-01
2.70279E+00 -7.98229E-01
2.72754E+00 -7.99964E-01
2.75274E+00 -8.00988E-01
2.77829E+00 -8.01293E-01
2.80412E+00 -8.00872E-01
2.83016E+00 -8.00751E-01
2.85632E+00 -7.99891E-01
2.88253E+00 -7.98289E-01
2.90872E+00 -7.95939E-01
2.93482E+00 -7.92837E-01
2.96075E+00 -7.90008E-01
2.98647E+00 -7.85392E-01
3.01189E+00 -7.82069E-01
3.03697E+00 -7.76955E-01
3.06163E+00 -7.71068E-01
3.08583E+00 -7.65426E-01
3.10951E+00 -7.59002E-01
3.13261E+00 -7.51797E-01
3.15509E+00 -7.44839E-01
3.17689E+00 -7.36074E-01
3.19798E+00 -7.27560E-01
3.21831E+00 -7.19300E-01
3.23784E+00 -7.09237E-01
3.25653E+00 -6.99435E-01
3.27434E+00 -6.88866E-01
3.29124E+00 -6.77534E-01
3.30720E+00 -6.66475E-01
3.32218E+00 -6.54663E-01
3.33617E+00 -6.42102E-01
3.34913E+00 -6.29832E-01
3.36104E+00 -6.16826E-01
3.37189E+00 -6.03091E-01
3.38164E+00 -5.88634E-01
3.39028E+00 -5.74496E-01
3.39781E+00 -5.59653E-01
3.40419E+00 -5.44112E-01
3.40943E+00 -5.28918E-01
3.41352E+00 -5.13045E-01
3.41644E+00 -4.96505E-01
3.41820E+00 -4.79309E-01
3.41879E+00 -4.62499E-01
3.41820E+00 -4.45055E-01
3.41644E+00 -4.28021E-01
3.41352E+00 -4.10377E-01
3.40943E+00 -3.92137E-01
3.40419E+00 -3.73312E-01
3.39781E+00 -3.54950E-01
3.39028E+00 -3.36031E-01
3.38164E+00 -3.16570E-01
3.37189E+00 -2.97615E-01
3.36104E+00 -2.78147E-01
3.34913E+00 -2.58182E-01
3.33617E+00 -2.37737E-01
3.32219E+00 -2.17858E-01
3.30720E+00 -1.97531E-01
3.29124E+00 -1.76772E-01
3.27434E+00 -1.56629E-01
3.25653E+00 -1.36088E-01
3.23784E+00 -1.15166E-01
3.21831E+00 -9.49123E-02
3.19798E+00 -7.32828E-02
3.17689E+00 -5.23562E-02
3.15509E+00 -3.21499E-02
3.13261E+00 -1.06234E-02
3.10951E+00 1.01469E-02
3.08583E+00 3.11714E-02
3.06163E+00 5.24314E-02
3.03697E+00 7.28823E-02
3.01189E+00 9.35239E-02
2.98647E+00 1.15356E-01
2.96076E+00 1.35279E-01
2.93482E+00 1.56354E-01
2.90872E+00 1.76506E-01
2.88253E+00 1.96743E-01
2.85632E+00 2.17045E-01
2.83016E+00 2.37394E-01
2.80413E+00 2.57770E-01
2.77829E+00 2.77120E-01
2.75274E+00 2.96457E-01
2.72755E+00 3.15761E-01
2.70279E+00 3.35011E-01
2.67855E+00 3.54189E-01
2.65491E+00 3.73274E-01
2.63196E+00 3.91213E-01
2.60976E+00 4.10053E-01
2.58842E+00 4.27708E-01
2.56799E+00 4.45191E-01
2.54858E+00 4.62483E-01
2.53024E+00 4.79565E-01
2.51306E+00 4.95385E-01
2.49710E+00 5.11989E-01
2.48245E+00 5.28326E-01
2.46914E+00 5.43346E-01
2.45726E+00 5.59094E-01
2.44685E+00 5.73491E-01
2.43795E+00 5.88581E-01
2.43062E+00 6.02285E-01
2.42488E+00 6.15620E-01
2.42076E+00 6.28569E-01
2.41827E+00 6.42143E-01
2.41745E+00 6.54275E-01
