Will plot unflagged data


File # 1  = raise.vis
raise.vis 1.5136 GHz
Read 121 visibilities from all files

Baseline 1-5, plot 121 points
9.93803E+00 1.30755E+00
9.94143E+00 1.30751E+00
9.95163E+00 1.30739E+00
9.96857E+00 1.30718E+00
9.99217E+00 1.30690E+00
1.00223E+01 1.30654E+00
1.00589E+01 1.30610E+00
1.01017E+01 1.30559E+00
1.01506E+01 1.30501E+00
1.02052E+01 1.30436E+00
1.02655E+01 1.30367E+00
1.03311E+01 1.30290E+00
1.04017E+01 1.30208E+00
1.04771E+01 1.30120E+00
1.05569E+01 1.30030E+00
1.06409E+01 1.29935E+00
1.07286E+01 1.29837E+00
1.08199E+01 1.29735E+00
1.09142E+01 1.29629E+00
1.10114E+01 1.29524E+00
1.11111E+01 1.29415E+00
1.12128E+01 1.29304E+00
1.13164E+01 1.29193E+00
1.14215E+01 1.29083E+00
1.15276E+01 1.28972E+00
1.16347E+01 1.28860E+00
1.17422E+01 1.28749E+00
1.18500E+01 1.28639E+00
1.19576E+01 1.28530E+00
1.20649E+01 1.28420E+00
1.21715E+01 1.28315E+00
1.22773E+01 1.28209E+00
1.23818E+01 1.28106E+00
1.24849E+01 1.28005E+00
1.25863E+01 1.27906E+00
1.26857E+01 1.27809E+00
1.27831E+01 1.27719E+00
1.28780E+01 1.27627E+00
1.29704E+01 1.27539E+00
1.30601E+01 1.27453E+00
1.31468E+01 1.27370E+00
1.32303E+01 1.27294E+00
1.33106E+01 1.27217E+00
1.33874E+01 1.27147E+00
1.34607E+01 1.27080E+00
1.35302E+01 1.27016E+00
1.35958E+01 1.26956E+00
1.36574E+01 1.26898E+00
1.37149E+01 1.26847E+00
1.37682E+01 1.26796E+00
1.38171E+01 1.26752E+00
1.38617E+01 1.26711E+00
1.39018E+01 1.26677E+00
1.39373E+01 1.26643E+00
1.39682E+01 1.26615E+00
1.39945E+01 1.26591E+00
1.40161E+01 1.26571E+00
1.40328E+01 1.26557E+00
1.40449E+01 1.26547E+00
1.40521E+01 1.26540E+00
1.40545E+01 1.26536E+00
1.40521E+01 1.26540E+00
1.40449E+01 1.26547E+00
1.40328E+01 1.26557E+00
1.40161E+01 1.26571E+00
1.39945E+01 1.26591E+00
1.39682E+01 1.26615E+00
1.39373E+01 1.26643E+00
1.39018E+01 1.26677E+00
1.38617E+01 1.26711E+00
1.38171E+01 1.26752E+00
1.37682E+01 1.26796E+00
1.37149E+01 1.26847E+00
1.36574E+01 1.26898E+00
1.35958E+01 1.26956E+00
1.35302E+01 1.27016E+00
1.34607E+01 1.27080E+00
1.33875E+01 1.27147E+00
1.33106E+01 1.27217E+00
1.32303E+01 1.27294E+00
1.31468E+01 1.27370E+00
1.30601E+01 1.27453E+00
1.29704E+01 1.27539E+00
1.28780E+01 1.27627E+00
1.27831E+01 1.27719E+00
1.26857E+01 1.27809E+00
1.25863E+01 1.27906E+00
1.24849E+01 1.28005E+00
1.23818E+01 1.28106E+00
1.22773E+01 1.28209E+00
1.21716E+01 1.28315E+00
1.20649E+01 1.28420E+00
1.19576E+01 1.28530E+00
1.18500E+01 1.28639E+00
1.17422E+01 1.28749E+00
1.16347E+01 1.28860E+00
1.15277E+01 1.28972E+00
1.14215E+01 1.29083E+00
1.13164E+01 1.29193E+00
1.12128E+01 1.29304E+00
1.11111E+01 1.29415E+00
1.10114E+01 1.29524E+00
1.09142E+01 1.29629E+00
1.08199E+01 1.29735E+00
1.07286E+01 1.29837E+00
1.06409E+01 1.29935E+00
1.05569E+01 1.30030E+00
1.04771E+01 1.30120E+00
1.04017E+01 1.30208E+00
1.03311E+01 1.30290E+00
1.02655E+01 1.30367E+00
1.02052E+01 1.30436E+00
1.01506E+01 1.30501E+00
1.01017E+01 1.30559E+00
1.00589E+01 1.30610E+00
1.00223E+01 1.30654E+00
9.99218E+00 1.30690E+00
9.96857E+00 1.30718E+00
9.95163E+00 1.30738E+00
9.94143E+00 1.30751E+00
9.93803E+00 1.30755E+00
