Will plot unflagged data


File # 1  = raise.vis
raise.vis 1.5136 GHz
Read 121 visibilities from all files

Baseline 3-5, plot 121 points
3.76771E+00 -1.77275E+00
3.76900E+00 -1.80490E+00
3.77287E+00 -1.83570E+00
3.77929E+00 -1.86618E+00
3.78824E+00 -1.89425E+00
3.79967E+00 -1.92092E+00
3.81354E+00 -1.94719E+00
3.82977E+00 -1.97097E+00
3.84829E+00 -1.99428E+00
3.86902E+00 -2.01609E+00
3.89186E+00 -2.03636E+00
3.91673E+00 -2.05613E+00
3.94351E+00 -2.07319E+00
3.97208E+00 -2.08952E+00
4.00235E+00 -2.10408E+00
4.03418E+00 -2.11790E+00
4.06745E+00 -2.12890E+00
4.10204E+00 -2.14015E+00
4.13781E+00 -2.14853E+00
4.17465E+00 -2.15610E+00
4.21243E+00 -2.16179E+00
4.25102E+00 -2.16664E+00
4.29029E+00 -2.16960E+00
4.33011E+00 -2.17068E+00
4.37037E+00 -2.17077E+00
4.41095E+00 -2.16984E+00
4.45172E+00 -2.16687E+00
4.49257E+00 -2.16185E+00
4.53338E+00 -2.15582E+00
4.57406E+00 -2.14875E+00
4.61449E+00 -2.13962E+00
4.65456E+00 -2.12945E+00
4.69419E+00 -2.11720E+00
4.73327E+00 -2.10391E+00
4.77171E+00 -2.08956E+00
4.80942E+00 -2.07312E+00
4.84632E+00 -2.05563E+00
4.88233E+00 -2.03710E+00
4.91736E+00 -2.01649E+00
4.95135E+00 -1.99482E+00
4.98422E+00 -1.97205E+00
5.01590E+00 -1.94715E+00
5.04634E+00 -1.92222E+00
5.07546E+00 -1.89519E+00
5.10322E+00 -1.86607E+00
5.12956E+00 -1.83696E+00
5.15444E+00 -1.80578E+00
5.17779E+00 -1.77360E+00
5.19959E+00 -1.74042E+00
5.21979E+00 -1.70523E+00
5.23836E+00 -1.67012E+00
5.25526E+00 -1.63303E+00
5.27046E+00 -1.59502E+00
5.28393E+00 -1.55508E+00
5.29565E+00 -1.51529E+00
5.30561E+00 -1.47464E+00
5.31378E+00 -1.43214E+00
5.32015E+00 -1.38883E+00
5.32470E+00 -1.34475E+00
5.32744E+00 -1.29992E+00
5.32835E+00 -1.25334E+00
5.32744E+00 -1.20711E+00
5.32470E+00 -1.15919E+00
5.32015E+00 -1.11066E+00
5.31378E+00 -1.06153E+00
5.30561E+00 -1.01186E+00
5.29565E+00 -9.60649E-01
5.28393E+00 -9.08961E-01
5.27046E+00 -8.57870E-01
5.25526E+00 -8.05352E-01
5.23836E+00 -7.52479E-01
5.21979E+00 -6.98260E-01
5.19959E+00 -6.44805E-01
5.17780E+00 -5.90089E-01
5.15444E+00 -5.35191E-01
5.12957E+00 -4.80155E-01
5.10322E+00 -4.23992E-01
5.07546E+00 -3.68811E-01
5.04634E+00 -3.12596E-01
5.01590E+00 -2.55390E-01
4.98422E+00 -1.99297E-01
4.95135E+00 -1.42302E-01
4.91736E+00 -8.54740E-02
4.88233E+00 -2.89068E-02
4.84633E+00 2.83565E-02
4.80943E+00 8.52410E-02
4.77171E+00 1.41697E-01
4.73327E+00 1.98709E-01
4.69419E+00 2.55196E-01
4.65457E+00 3.11106E-01
4.61449E+00 3.67422E-01
4.57406E+00 4.23060E-01
4.53339E+00 4.79001E-01
4.49257E+00 5.34162E-01
4.45172E+00 5.88495E-01
4.41095E+00 6.42988E-01
4.37037E+00 6.97597E-01
4.33011E+00 7.51261E-01
4.29029E+00 8.03902E-01
4.25102E+00 8.56393E-01
4.21243E+00 9.08697E-01
4.17466E+00 9.59745E-01
4.13782E+00 1.01053E+00
4.10204E+00 1.05996E+00
4.06745E+00 1.11007E+00
4.03418E+00 1.15771E+00
4.00235E+00 1.20593E+00
3.97209E+00 1.25262E+00
3.94351E+00 1.29878E+00
3.91673E+00 1.34337E+00
3.89186E+00 1.38833E+00
3.86902E+00 1.43145E+00
3.84829E+00 1.47374E+00
3.82977E+00 1.51516E+00
3.81354E+00 1.55466E+00
3.79967E+00 1.59425E+00
3.78824E+00 1.63183E+00
3.77929E+00 1.66839E+00
3.77287E+00 1.70494E+00
3.76900E+00 1.73938E+00
3.76771E+00 1.77275E+00
