Will plot unflagged data


File # 1  = raise.vis
raise.vis 1.5136 GHz
Read 121 visibilities from all files

Baseline 3-5, plot 121 points
3.76771E+00 2.91766E+00
3.76900E+00 2.91762E+00
3.77287E+00 2.91750E+00
3.77929E+00 2.91731E+00
3.78824E+00 2.91702E+00
3.79967E+00 2.91666E+00
3.81354E+00 2.91623E+00
3.82977E+00 2.91571E+00
3.84829E+00 2.91513E+00
3.86902E+00 2.91447E+00
3.89186E+00 2.91375E+00
3.91673E+00 2.91299E+00
3.94351E+00 2.91213E+00
3.97208E+00 2.91124E+00
4.00235E+00 2.91028E+00
4.03418E+00 2.90930E+00
4.06745E+00 2.90822E+00
4.10204E+00 2.90716E+00
4.13781E+00 2.90601E+00
4.17465E+00 2.90485E+00
4.21243E+00 2.90364E+00
4.25102E+00 2.90244E+00
4.29029E+00 2.90120E+00
4.33011E+00 2.89992E+00
4.37037E+00 2.89865E+00
4.41095E+00 2.89740E+00
4.45172E+00 2.89611E+00
4.49257E+00 2.89480E+00
4.53338E+00 2.89351E+00
4.57406E+00 2.89225E+00
4.61449E+00 2.89096E+00
4.65456E+00 2.88971E+00
4.69419E+00 2.88844E+00
4.73327E+00 2.88721E+00
4.77171E+00 2.88602E+00
4.80942E+00 2.88482E+00
4.84632E+00 2.88367E+00
4.88233E+00 2.88257E+00
4.91736E+00 2.88146E+00
4.95135E+00 2.88040E+00
4.98422E+00 2.87940E+00
5.01590E+00 2.87838E+00
5.04634E+00 2.87749E+00
5.07546E+00 2.87659E+00
5.10322E+00 2.87568E+00
5.12956E+00 2.87490E+00
5.15444E+00 2.87412E+00
5.17779E+00 2.87339E+00
5.19959E+00 2.87273E+00
5.21979E+00 2.87207E+00
5.23836E+00 2.87154E+00
5.25526E+00 2.87100E+00
5.27046E+00 2.87053E+00
5.28393E+00 2.87006E+00
5.29565E+00 2.86973E+00
5.30561E+00 2.86946E+00
5.31378E+00 2.86919E+00
5.32015E+00 2.86898E+00
5.32470E+00 2.86885E+00
5.32744E+00 2.86878E+00
5.32835E+00 2.86871E+00
5.32744E+00 2.86878E+00
5.32470E+00 2.86885E+00
5.32015E+00 2.86898E+00
5.31378E+00 2.86919E+00
5.30561E+00 2.86946E+00
5.29565E+00 2.86973E+00
5.28393E+00 2.87006E+00
5.27046E+00 2.87053E+00
5.25526E+00 2.87100E+00
5.23836E+00 2.87154E+00
5.21979E+00 2.87207E+00
5.19959E+00 2.87273E+00
5.17780E+00 2.87339E+00
5.15444E+00 2.87412E+00
5.12957E+00 2.87490E+00
5.10322E+00 2.87568E+00
5.07546E+00 2.87659E+00
5.04634E+00 2.87749E+00
5.01590E+00 2.87838E+00
4.98422E+00 2.87940E+00
4.95135E+00 2.88040E+00
4.91736E+00 2.88146E+00
4.88233E+00 2.88257E+00
4.84633E+00 2.88367E+00
4.80943E+00 2.88482E+00
4.77171E+00 2.88602E+00
4.73327E+00 2.88721E+00
4.69419E+00 2.88844E+00
4.65457E+00 2.88971E+00
4.61449E+00 2.89096E+00
4.57406E+00 2.89225E+00
4.53339E+00 2.89351E+00
4.49257E+00 2.89480E+00
4.45172E+00 2.89611E+00
4.41095E+00 2.89740E+00
4.37037E+00 2.89865E+00
4.33011E+00 2.89992E+00
4.29029E+00 2.90120E+00
4.25102E+00 2.90244E+00
4.21243E+00 2.90364E+00
4.17466E+00 2.90485E+00
4.13782E+00 2.90601E+00
4.10204E+00 2.90716E+00
4.06745E+00 2.90822E+00
4.03418E+00 2.90929E+00
4.00235E+00 2.91028E+00
3.97209E+00 2.91124E+00
3.94351E+00 2.91213E+00
3.91673E+00 2.91299E+00
3.89186E+00 2.91375E+00
3.86902E+00 2.91447E+00
3.84829E+00 2.91513E+00
3.82977E+00 2.91571E+00
3.81354E+00 2.91623E+00
3.79967E+00 2.91666E+00
3.78824E+00 2.91702E+00
3.77929E+00 2.91730E+00
3.77287E+00 2.91750E+00
3.76900E+00 2.91762E+00
3.76771E+00 2.91766E+00
