Will plot unflagged data


File # 1  = raise.vis
raise.vis 0.1514 GHz
Read 121 visibilities from all files

Baseline 4-5, plot 121 points
2.29339E-01 -1.66169E-02
2.29418E-01 -1.72264E-02
2.29653E-01 -1.67985E-02
2.30044E-01 -1.73839E-02
2.30589E-01 -1.79567E-02
2.31285E-01 -1.85165E-02
2.32128E-01 -1.80372E-02
2.33116E-01 -1.85699E-02
2.34244E-01 -1.90884E-02
2.35505E-01 -1.85666E-02
2.36896E-01 -1.90558E-02
2.38410E-01 -1.95298E-02
2.40039E-01 -1.89624E-02
2.41779E-01 -1.94052E-02
2.43621E-01 -1.98317E-02
2.45559E-01 -2.02420E-02
2.47584E-01 -1.96094E-02
2.49689E-01 -1.99860E-02
2.51867E-01 -2.03453E-02
2.54109E-01 -2.06872E-02
2.56409E-01 -1.99853E-02
2.58758E-01 -2.02915E-02
2.61148E-01 -2.05797E-02
2.63572E-01 -2.08495E-02
2.66023E-01 -2.00746E-02
2.68492E-01 -2.03073E-02
2.70974E-01 -2.05211E-02
2.73461E-01 -2.07159E-02
2.75945E-01 -1.98652E-02
2.78421E-01 -2.00217E-02
2.80882E-01 -2.01588E-02
2.83321E-01 -2.02764E-02
2.85733E-01 -2.03746E-02
2.88112E-01 -1.94267E-02
2.90452E-01 -1.94856E-02
2.92747E-01 -1.95249E-02
2.94994E-01 -1.95444E-02
2.97185E-01 -1.95442E-02
2.99318E-01 -1.84977E-02
3.01386E-01 -1.84581E-02
3.03387E-01 -1.83988E-02
3.05316E-01 -1.83198E-02
3.07168E-01 -1.82213E-02
3.08941E-01 -1.81033E-02
3.10631E-01 -1.79658E-02
3.12234E-01 -1.67822E-02
3.13748E-01 -1.66061E-02
3.15170E-01 -1.64109E-02
3.16497E-01 -1.61968E-02
3.17727E-01 -1.59637E-02
3.18857E-01 -1.57121E-02
3.19885E-01 -1.54419E-02
3.20810E-01 -1.51534E-02
3.21630E-01 -1.48468E-02
3.22344E-01 -1.45222E-02
3.22950E-01 -1.41800E-02
3.23447E-01 -1.38203E-02
3.23835E-01 -1.34435E-02
3.24112E-01 -1.30496E-02
3.24279E-01 -1.26391E-02
3.24335E-01 -1.22122E-02
3.24279E-01 -1.17692E-02
3.24112E-01 -1.13104E-02
3.23835E-01 -1.08361E-02
3.23447E-01 -1.03466E-02
3.22950E-01 -9.84232E-03
3.22344E-01 -9.32354E-03
3.21631E-01 -8.79065E-03
3.20810E-01 -8.24398E-03
3.19885E-01 -7.68394E-03
3.18857E-01 -7.11089E-03
3.17727E-01 -6.52524E-03
3.16497E-01 -5.92738E-03
3.15170E-01 -5.31772E-03
3.13748E-01 -4.69668E-03
3.12234E-01 -4.06469E-03
3.10631E-01 -4.44893E-03
3.08941E-01 -3.79634E-03
3.07168E-01 -3.13411E-03
3.05316E-01 -2.46270E-03
3.03387E-01 -1.78257E-03
3.01387E-01 -1.09419E-03
2.99318E-01 -3.98029E-04
2.97185E-01 -7.21162E-04
2.94994E-01 -1.08743E-05
2.92748E-01 7.05751E-04
2.90452E-01 1.42822E-03
2.88112E-01 2.15604E-03
2.85733E-01 1.86221E-03
2.83321E-01 2.59921E-03
2.80882E-01 3.34007E-03
2.78421E-01 4.08427E-03
2.75945E-01 4.83129E-03
2.73461E-01 4.55423E-03
2.70974E-01 5.30536E-03
2.68493E-01 6.05779E-03
2.66023E-01 6.81097E-03
2.63572E-01 6.53816E-03
2.61148E-01 7.29134E-03
2.58758E-01 8.04374E-03
2.56409E-01 8.79485E-03
2.54110E-01 8.51799E-03
2.51867E-01 9.26496E-03
2.49689E-01 1.00091E-02
2.47584E-01 1.07499E-02
2.45559E-01 1.04608E-02
2.43621E-01 1.11934E-02
2.41779E-01 1.19211E-02
2.40040E-01 1.26435E-02
2.38410E-01 1.23341E-02
2.36896E-01 1.30442E-02
2.35505E-01 1.37476E-02
2.34244E-01 1.34178E-02
2.33116E-01 1.41061E-02
2.32128E-01 1.47860E-02
2.31285E-01 1.44316E-02
2.30589E-01 1.50937E-02
2.30044E-01 1.57461E-02
2.29653E-01 1.63884E-02
2.29418E-01 1.59947E-02
2.29339E-01 1.66155E-02
