Will plot unflagged data


File # 1  = raise.vis
raise.vis 4.7863 GHz
Read 121 visibilities from all files

Baseline 1-3, plot 121 points
1.95122E+01 1.67167E-01
1.95189E+01 1.67159E-01
1.95390E+01 1.67138E-01
1.95722E+01 1.67102E-01
1.96186E+01 1.67052E-01
1.96778E+01 1.66990E-01
1.97496E+01 1.66913E-01
1.98336E+01 1.66825E-01
1.99295E+01 1.66724E-01
2.00369E+01 1.66611E-01
2.01552E+01 1.66489E-01
2.02840E+01 1.66356E-01
2.04226E+01 1.66214E-01
2.05706E+01 1.66062E-01
2.07274E+01 1.65904E-01
2.08922E+01 1.65740E-01
2.10645E+01 1.65568E-01
2.12436E+01 1.65391E-01
2.14289E+01 1.65210E-01
2.16197E+01 1.65026E-01
2.18154E+01 1.64841E-01
2.20152E+01 1.64653E-01
2.22185E+01 1.64463E-01
2.24248E+01 1.64272E-01
2.26333E+01 1.64082E-01
2.28434E+01 1.63895E-01
2.30546E+01 1.63706E-01
2.32661E+01 1.63520E-01
2.34775E+01 1.63336E-01
2.36882E+01 1.63153E-01
2.38975E+01 1.62972E-01
2.41051E+01 1.62797E-01
2.43103E+01 1.62627E-01
2.45127E+01 1.62457E-01
2.47117E+01 1.62295E-01
2.49071E+01 1.62136E-01
2.50982E+01 1.61980E-01
2.52846E+01 1.61831E-01
2.54660E+01 1.61686E-01
2.56421E+01 1.61550E-01
2.58123E+01 1.61417E-01
2.59764E+01 1.61288E-01
2.61340E+01 1.61165E-01
2.62848E+01 1.61048E-01
2.64286E+01 1.60939E-01
2.65650E+01 1.60837E-01
2.66938E+01 1.60738E-01
2.68148E+01 1.60646E-01
2.69277E+01 1.60562E-01
2.70323E+01 1.60484E-01
2.71284E+01 1.60414E-01
2.72159E+01 1.60350E-01
2.72946E+01 1.60290E-01
2.73644E+01 1.60240E-01
2.74251E+01 1.60194E-01
2.74767E+01 1.60155E-01
2.75190E+01 1.60123E-01
2.75520E+01 1.60102E-01
2.75756E+01 1.60084E-01
2.75898E+01 1.60074E-01
2.75945E+01 1.60070E-01
2.75898E+01 1.60074E-01
2.75756E+01 1.60084E-01
2.75520E+01 1.60102E-01
2.75190E+01 1.60123E-01
2.74767E+01 1.60155E-01
2.74251E+01 1.60194E-01
2.73644E+01 1.60240E-01
2.72947E+01 1.60290E-01
2.72159E+01 1.60350E-01
2.71284E+01 1.60414E-01
2.70323E+01 1.60484E-01
2.69277E+01 1.60562E-01
2.68148E+01 1.60646E-01
2.66938E+01 1.60738E-01
2.65650E+01 1.60837E-01
2.64286E+01 1.60939E-01
2.62848E+01 1.61048E-01
2.61340E+01 1.61165E-01
2.59764E+01 1.61288E-01
2.58123E+01 1.61417E-01
2.56421E+01 1.61550E-01
2.54661E+01 1.61686E-01
2.52846E+01 1.61831E-01
2.50982E+01 1.61980E-01
2.49071E+01 1.62136E-01
2.47118E+01 1.62295E-01
2.45127E+01 1.62457E-01
2.43103E+01 1.62627E-01
2.41051E+01 1.62797E-01
2.38975E+01 1.62972E-01
2.36882E+01 1.63153E-01
2.34775E+01 1.63336E-01
2.32661E+01 1.63520E-01
2.30546E+01 1.63706E-01
2.28434E+01 1.63896E-01
2.26333E+01 1.64082E-01
2.24248E+01 1.64272E-01
2.22186E+01 1.64463E-01
2.20152E+01 1.64653E-01
2.18154E+01 1.64841E-01
2.16197E+01 1.65026E-01
2.14289E+01 1.65210E-01
2.12436E+01 1.65391E-01
2.10645E+01 1.65568E-01
2.08922E+01 1.65740E-01
2.07274E+01 1.65904E-01
2.05706E+01 1.66062E-01
2.04226E+01 1.66214E-01
2.02840E+01 1.66356E-01
2.01552E+01 1.66489E-01
2.00369E+01 1.66611E-01
1.99295E+01 1.66724E-01
1.98336E+01 1.66825E-01
1.97496E+01 1.66913E-01
1.96778E+01 1.66990E-01
1.96186E+01 1.67052E-01
1.95722E+01 1.67102E-01
1.95390E+01 1.67138E-01
1.95189E+01 1.67159E-01
1.95122E+01 1.67167E-01
