Will plot unflagged data


File # 1  = raise.vis
raise.vis 4.7863 GHz
Read 121 visibilities from all files

Baseline 1-3, plot 121 points
1.95122E+01 -4.15418E+00
1.95189E+01 -4.22937E+00
1.95390E+01 -4.30239E+00
1.95722E+01 -4.37128E+00
1.96186E+01 -4.43815E+00
1.96778E+01 -4.50207E+00
1.97496E+01 -4.56238E+00
1.98336E+01 -4.62015E+00
1.99295E+01 -4.67439E+00
2.00369E+01 -4.72520E+00
2.01552E+01 -4.77349E+00
2.02840E+01 -4.81770E+00
2.04226E+01 -4.85899E+00
2.05706E+01 -4.89638E+00
2.07274E+01 -4.93101E+00
2.08922E+01 -4.96258E+00
2.10645E+01 -4.98974E+00
2.12436E+01 -5.01364E+00
2.14289E+01 -5.03432E+00
2.16197E+01 -5.05188E+00
2.18154E+01 -5.06609E+00
2.20152E+01 -5.07662E+00
2.22185E+01 -5.08358E+00
2.24248E+01 -5.08702E+00
2.26333E+01 -5.08699E+00
2.28434E+01 -5.08455E+00
2.30546E+01 -5.07720E+00
2.32661E+01 -5.06705E+00
2.34775E+01 -5.05313E+00
2.36882E+01 -5.03547E+00
2.38975E+01 -5.01410E+00
2.41051E+01 -4.99012E+00
2.43103E+01 -4.96317E+00
2.45127E+01 -4.93121E+00
2.47117E+01 -4.89739E+00
2.49071E+01 -4.85969E+00
2.50982E+01 -4.81812E+00
2.52846E+01 -4.77375E+00
2.54660E+01 -4.72562E+00
2.56421E+01 -4.67563E+00
2.58123E+01 -4.62164E+00
2.59764E+01 -4.56371E+00
2.61340E+01 -4.50293E+00
2.62848E+01 -4.43932E+00
2.64286E+01 -4.37293E+00
2.65650E+01 -4.30378E+00
2.66938E+01 -4.23088E+00
2.68148E+01 -4.15529E+00
2.69277E+01 -4.07706E+00
2.70323E+01 -3.99622E+00
2.71284E+01 -3.91276E+00
2.72159E+01 -3.82669E+00
2.72946E+01 -3.73705E+00
2.73644E+01 -3.64596E+00
2.74251E+01 -3.55141E+00
2.74767E+01 -3.45450E+00
2.75190E+01 -3.35528E+00
2.75520E+01 -3.25487E+00
2.75756E+01 -3.15124E+00
2.75898E+01 -3.04551E+00
2.75945E+01 -2.93775E+00
2.75898E+01 -2.82803E+00
2.75756E+01 -2.71642E+00
2.75520E+01 -2.60300E+00
2.75190E+01 -2.48683E+00
2.74767E+01 -2.37004E+00
2.74251E+01 -2.25170E+00
2.73644E+01 -2.13188E+00
2.72947E+01 -2.00965E+00
2.72159E+01 -1.88715E+00
2.71284E+01 -1.76240E+00
2.70323E+01 -1.63652E+00
2.69277E+01 -1.50963E+00
2.68148E+01 -1.38190E+00
2.66938E+01 -1.25343E+00
2.65650E+01 -1.12431E+00
2.64286E+01 -9.93620E-01
2.62848E+01 -8.62485E-01
2.61340E+01 -7.31012E-01
2.59764E+01 -5.99306E-01
2.58123E+01 -4.67461E-01
2.56421E+01 -3.34529E-01
2.54661E+01 -2.00570E-01
2.52846E+01 -6.78510E-02
2.50982E+01 6.54076E-02
2.49071E+01 1.98116E-01
2.47118E+01 3.31224E-01
2.45127E+01 4.64637E-01
2.43103E+01 5.96203E-01
2.41051E+01 7.28973E-01
2.38975E+01 8.60791E-01
2.36882E+01 9.91199E-01
2.34775E+01 1.12117E+00
2.32661E+01 1.25067E+00
2.30546E+01 1.37960E+00
2.28434E+01 1.50691E+00
2.26333E+01 1.63461E+00
2.24248E+01 1.76011E+00
2.22186E+01 1.88439E+00
2.20152E+01 2.00742E+00
2.18154E+01 2.12915E+00
2.16197E+01 2.24964E+00
2.14289E+01 2.36847E+00
2.12436E+01 2.48536E+00
2.10645E+01 2.60032E+00
2.08922E+01 2.71334E+00
2.07274E+01 2.82551E+00
2.05706E+01 2.93542E+00
2.04226E+01 3.04272E+00
2.02840E+01 3.14851E+00
2.01552E+01 3.25176E+00
2.00369E+01 3.35360E+00
1.99295E+01 3.45240E+00
1.98336E+01 3.54908E+00
1.97496E+01 3.64368E+00
1.96778E+01 3.73521E+00
1.96186E+01 3.82469E+00
1.95722E+01 3.91146E+00
1.95390E+01 3.99458E+00
1.95189E+01 4.07614E+00
1.95122E+01 4.15417E+00
