Will plot unflagged data


File # 1  = raise.vis
raise.vis 15.1356 GHz
Read 121 visibilities from all files

Baseline 1-5, plot 121 points
9.93803E+01 6.46722E-02
9.94143E+01 6.46378E-02
9.95163E+01 6.45362E-02
9.96857E+01 6.43696E-02
9.99217E+01 6.41444E-02
1.00223E+02 6.38667E-02
1.00589E+02 6.35439E-02
1.01017E+02 6.31839E-02
1.01506E+02 6.27969E-02
1.02052E+02 6.23884E-02
1.02655E+02 6.19673E-02
1.03311E+02 6.15381E-02
1.04017E+02 6.11077E-02
1.04771E+02 6.06771E-02
1.05569E+02 6.02510E-02
1.06409E+02 5.98300E-02
1.07286E+02 5.94162E-02
1.08199E+02 5.90103E-02
1.09142E+02 5.86127E-02
1.10114E+02 5.82248E-02
1.11111E+02 5.78458E-02
1.12128E+02 5.74781E-02
1.13164E+02 5.71197E-02
1.14215E+02 5.67740E-02
1.15276E+02 5.64375E-02
1.16347E+02 5.61135E-02
1.17422E+02 5.58007E-02
1.18500E+02 5.54978E-02
1.19576E+02 5.52075E-02
1.20649E+02 5.49273E-02
1.21715E+02 5.46579E-02
1.22773E+02 5.43987E-02
1.23818E+02 5.41499E-02
1.24849E+02 5.39113E-02
1.25863E+02 5.36831E-02
1.26857E+02 5.34650E-02
1.27831E+02 5.32573E-02
1.28780E+02 5.30594E-02
1.29704E+02 5.28707E-02
1.30601E+02 5.26917E-02
1.31468E+02 5.25221E-02
1.32303E+02 5.23615E-02
1.33106E+02 5.22099E-02
1.33874E+02 5.20675E-02
1.34607E+02 5.19336E-02
1.35302E+02 5.18086E-02
1.35958E+02 5.16914E-02
1.36574E+02 5.15836E-02
1.37149E+02 5.14835E-02
1.37682E+02 5.13912E-02
1.38171E+02 5.13078E-02
1.38617E+02 5.12317E-02
1.39018E+02 5.11647E-02
1.39373E+02 5.11043E-02
1.39682E+02 5.10532E-02
1.39945E+02 5.10101E-02
1.40161E+02 5.09742E-02
1.40328E+02 5.09462E-02
1.40449E+02 5.09263E-02
1.40521E+02 5.09144E-02
1.40545E+02 5.09104E-02
1.40521E+02 5.09144E-02
1.40449E+02 5.09263E-02
1.40329E+02 5.09462E-02
1.40161E+02 5.09742E-02
1.39945E+02 5.10101E-02
1.39682E+02 5.10532E-02
1.39373E+02 5.11043E-02
1.39018E+02 5.11647E-02
1.38617E+02 5.12317E-02
1.38171E+02 5.13078E-02
1.37682E+02 5.13912E-02
1.37149E+02 5.14835E-02
1.36574E+02 5.15836E-02
1.35958E+02 5.16914E-02
1.35302E+02 5.18086E-02
1.34607E+02 5.19336E-02
1.33875E+02 5.20675E-02
1.33106E+02 5.22099E-02
1.32303E+02 5.23615E-02
1.31468E+02 5.25221E-02
1.30601E+02 5.26917E-02
1.29704E+02 5.28707E-02
1.28780E+02 5.30594E-02
1.27831E+02 5.32573E-02
1.26857E+02 5.34649E-02
1.25863E+02 5.36831E-02
1.24849E+02 5.39113E-02
1.23818E+02 5.41500E-02
1.22773E+02 5.43987E-02
1.21716E+02 5.46579E-02
1.20649E+02 5.49273E-02
1.19576E+02 5.52075E-02
1.18500E+02 5.54978E-02
1.17422E+02 5.58007E-02
1.16347E+02 5.61135E-02
1.15277E+02 5.64375E-02
1.14215E+02 5.67740E-02
1.13164E+02 5.71197E-02
1.12128E+02 5.74781E-02
1.11111E+02 5.78458E-02
1.10114E+02 5.82248E-02
1.09142E+02 5.86127E-02
1.08199E+02 5.90103E-02
1.07286E+02 5.94162E-02
1.06409E+02 5.98300E-02
1.05569E+02 6.02498E-02
1.04771E+02 6.06771E-02
1.04017E+02 6.11077E-02
1.03311E+02 6.15381E-02
1.02655E+02 6.19673E-02
1.02052E+02 6.23884E-02
1.01506E+02 6.27969E-02
1.01017E+02 6.31839E-02
1.00589E+02 6.35438E-02
1.00223E+02 6.38667E-02
9.99218E+01 6.41444E-02
9.96857E+01 6.43696E-02
9.95163E+01 6.45359E-02
9.94143E+01 6.46378E-02
9.93803E+01 6.46722E-02
