Will plot unflagged data


File # 1  = raise.vis
raise.vis 15.1356 GHz
Read 121 visibilities from all files

Baseline 1-5, plot 121 points
9.93803E+01 -2.11582E+01
9.94143E+01 -2.15426E+01
9.95163E+01 -2.19129E+01
9.96857E+01 -2.22665E+01
9.99217E+01 -2.26061E+01
1.00223E+02 -2.29301E+01
1.00589E+02 -2.32381E+01
1.01017E+02 -2.35297E+01
1.01506E+02 -2.38064E+01
1.02052E+02 -2.40658E+01
1.02655E+02 -2.43094E+01
1.03311E+02 -2.45357E+01
1.04017E+02 -2.47464E+01
1.04771E+02 -2.49389E+01
1.05569E+02 -2.51151E+01
1.06409E+02 -2.52735E+01
1.07286E+02 -2.54147E+01
1.08199E+02 -2.55385E+01
1.09142E+02 -2.56445E+01
1.10114E+02 -2.57335E+01
1.11111E+02 -2.58040E+01
1.12128E+02 -2.58579E+01
1.13164E+02 -2.58929E+01
1.14215E+02 -2.59117E+01
1.15276E+02 -2.59110E+01
1.16347E+02 -2.58937E+01
1.17422E+02 -2.58586E+01
1.18500E+02 -2.58047E+01
1.19576E+02 -2.57347E+01
1.20649E+02 -2.56464E+01
1.21715E+02 -2.55406E+01
1.22773E+02 -2.54170E+01
1.23818E+02 -2.52760E+01
1.24849E+02 -2.51175E+01
1.25863E+02 -2.49420E+01
1.26857E+02 -2.47494E+01
1.27831E+02 -2.45405E+01
1.28780E+02 -2.43145E+01
1.29704E+02 -2.40714E+01
1.30601E+02 -2.38119E+01
1.31468E+02 -2.35361E+01
1.32303E+02 -2.32440E+01
1.33106E+02 -2.29359E+01
1.33874E+02 -2.26125E+01
1.34607E+02 -2.22733E+01
1.35302E+02 -2.19192E+01
1.35958E+02 -2.15494E+01
1.36574E+02 -2.11661E+01
1.37149E+02 -2.07675E+01
1.37682E+02 -2.03541E+01
1.38171E+02 -1.99277E+01
1.38617E+02 -1.94867E+01
1.39018E+02 -1.90336E+01
1.39373E+02 -1.85658E+01
1.39682E+02 -1.80868E+01
1.39945E+02 -1.75954E+01
1.40161E+02 -1.70910E+01
1.40328E+02 -1.65750E+01
1.40449E+02 -1.60477E+01
1.40521E+02 -1.55094E+01
1.40545E+02 -1.49607E+01
1.40521E+02 -1.44017E+01
1.40449E+02 -1.38330E+01
1.40329E+02 -1.32549E+01
1.40161E+02 -1.26678E+01
1.39945E+02 -1.20721E+01
1.39682E+02 -1.14671E+01
1.39373E+02 -1.08543E+01
1.39018E+02 -1.02356E+01
1.38617E+02 -9.60819E+00
1.38171E+02 -8.97547E+00
1.37682E+02 -8.33564E+00
1.37149E+02 -7.69103E+00
1.36574E+02 -7.04062E+00
1.35958E+02 -6.38461E+00
1.35302E+02 -5.72548E+00
1.34607E+02 -5.06174E+00
1.33875E+02 -4.39488E+00
1.33106E+02 -3.72467E+00
1.32303E+02 -3.05240E+00
1.31468E+02 -2.37791E+00
1.30601E+02 -1.70166E+00
1.29704E+02 -1.02424E+00
1.28780E+02 -3.46245E-01
1.27831E+02 3.32465E-01
1.26857E+02 1.01114E+00
1.25863E+02 1.68856E+00
1.24849E+02 2.36481E+00
1.23818E+02 3.03914E+00
1.22773E+02 3.71168E+00
1.21716E+02 4.38158E+00
1.20649E+02 5.04877E+00
1.19576E+02 5.71245E+00
1.18500E+02 6.37289E+00
1.17422E+02 7.02732E+00
1.16347E+02 7.67814E+00
1.15277E+02 8.32365E+00
1.14215E+02 8.96231E+00
1.13164E+02 9.59657E+00
1.12128E+02 1.02227E+01
1.11111E+02 1.08430E+01
1.10114E+02 1.14548E+01
1.09142E+02 1.20596E+01
1.08199E+02 1.26556E+01
1.07286E+02 1.32432E+01
1.06409E+02 1.38217E+01
1.05569E+02 1.43916E+01
1.04771E+02 1.49502E+01
1.04017E+02 1.54989E+01
1.03311E+02 1.60380E+01
1.02655E+02 1.65651E+01
1.02052E+02 1.70814E+01
1.01506E+02 1.75852E+01
1.01017E+02 1.80780E+01
1.00589E+02 1.85572E+01
1.00223E+02 1.90242E+01
9.99218E+01 1.94785E+01
9.96857E+01 1.99194E+01
9.95163E+01 2.03465E+01
9.94143E+01 2.07593E+01
9.93803E+01 2.11581E+01
