Will plot unflagged data


File # 1  = raise.vis
raise.vis 1.5136 GHz
Read 121 visibilities from all files

Baseline 1-5, plot 121 points
9.93803E+00 3.94053E-01
9.94143E+00 3.94046E-01
9.95163E+00 3.94027E-01
9.96857E+00 3.93995E-01
9.99217E+00 3.93951E-01
1.00223E+01 3.93895E-01
1.00589E+01 3.93825E-01
1.01017E+01 3.93745E-01
1.01506E+01 3.93651E-01
1.02052E+01 3.93548E-01
1.02655E+01 3.93434E-01
1.03311E+01 3.93312E-01
1.04017E+01 3.93180E-01
1.04771E+01 3.93038E-01
1.05569E+01 3.92886E-01
1.06409E+01 3.92728E-01
1.07286E+01 3.92562E-01
1.08199E+01 3.92387E-01
1.09142E+01 3.92210E-01
1.10114E+01 3.92031E-01
1.11111E+01 3.91839E-01
1.12128E+01 3.91651E-01
1.13164E+01 3.91457E-01
1.14215E+01 3.91257E-01
1.15276E+01 3.91058E-01
1.16347E+01 3.90860E-01
1.17422E+01 3.90658E-01
1.18500E+01 3.90458E-01
1.19576E+01 3.90254E-01
1.20649E+01 3.90053E-01
1.21715E+01 3.89857E-01
1.22773E+01 3.89658E-01
1.23818E+01 3.89470E-01
1.24849E+01 3.89280E-01
1.25863E+01 3.89087E-01
1.26857E+01 3.88908E-01
1.27831E+01 3.88727E-01
1.28780E+01 3.88551E-01
1.29704E+01 3.88382E-01
1.30601E+01 3.88220E-01
1.31468E+01 3.88057E-01
1.32303E+01 3.87909E-01
1.33106E+01 3.87760E-01
1.33874E+01 3.87618E-01
1.34607E+01 3.87485E-01
1.35302E+01 3.87359E-01
1.35958E+01 3.87241E-01
1.36574E+01 3.87131E-01
1.37149E+01 3.87030E-01
1.37682E+01 3.86936E-01
1.38171E+01 3.86842E-01
1.38617E+01 3.86765E-01
1.39018E+01 3.86696E-01
1.39373E+01 3.86627E-01
1.39682E+01 3.86576E-01
1.39945E+01 3.86524E-01
1.40161E+01 3.86489E-01
1.40328E+01 3.86454E-01
1.40449E+01 3.86437E-01
1.40521E+01 3.86420E-01
1.40545E+01 3.86420E-01
1.40521E+01 3.86420E-01
1.40449E+01 3.86437E-01
1.40328E+01 3.86454E-01
1.40161E+01 3.86489E-01
1.39945E+01 3.86524E-01
1.39682E+01 3.86576E-01
1.39373E+01 3.86627E-01
1.39018E+01 3.86696E-01
1.38617E+01 3.86765E-01
1.38171E+01 3.86842E-01
1.37682E+01 3.86936E-01
1.37149E+01 3.87030E-01
1.36574E+01 3.87132E-01
1.35958E+01 3.87241E-01
1.35302E+01 3.87359E-01
1.34607E+01 3.87485E-01
1.33875E+01 3.87618E-01
1.33106E+01 3.87760E-01
1.32303E+01 3.87909E-01
1.31468E+01 3.88057E-01
1.30601E+01 3.88220E-01
1.29704E+01 3.88382E-01
1.28780E+01 3.88551E-01
1.27831E+01 3.88727E-01
1.26857E+01 3.88908E-01
1.25863E+01 3.89087E-01
1.24849E+01 3.89280E-01
1.23818E+01 3.89470E-01
1.22773E+01 3.89658E-01
1.21716E+01 3.89857E-01
1.20649E+01 3.90053E-01
1.19576E+01 3.90254E-01
1.18500E+01 3.90458E-01
1.17422E+01 3.90658E-01
1.16347E+01 3.90860E-01
1.15277E+01 3.91058E-01
1.14215E+01 3.91257E-01
1.13164E+01 3.91457E-01
1.12128E+01 3.91651E-01
1.11111E+01 3.91839E-01
1.10114E+01 3.92031E-01
1.09142E+01 3.92210E-01
1.08199E+01 3.92387E-01
1.07286E+01 3.92562E-01
1.06409E+01 3.92728E-01
1.05569E+01 3.92886E-01
1.04771E+01 3.93038E-01
1.04017E+01 3.93180E-01
1.03311E+01 3.93312E-01
1.02655E+01 3.93434E-01
1.02052E+01 3.93548E-01
1.01506E+01 3.93651E-01
1.01017E+01 3.93745E-01
1.00589E+01 3.93825E-01
1.00223E+01 3.93895E-01
9.99218E+00 3.93951E-01
9.96857E+00 3.93995E-01
9.95163E+00 3.94027E-01
9.94143E+00 3.94046E-01
9.93803E+00 3.94053E-01
