Will plot unflagged data


File # 1  = raise.vis
raise.vis 1.5136 GHz
Read 121 visibilities from all files

Baseline 1-5, plot 121 points
9.93803E+00 -2.11582E+00
9.94143E+00 -2.15438E+00
9.95163E+00 -2.19131E+00
9.96857E+00 -2.22664E+00
9.99217E+00 -2.26033E+00
1.00223E+01 -2.29339E+00
1.00589E+01 -2.32372E+00
1.01017E+01 -2.35335E+00
1.01506E+01 -2.38022E+00
1.02052E+01 -2.40637E+00
1.02655E+01 -2.43065E+00
1.03311E+01 -2.45391E+00
1.04017E+01 -2.47515E+00
1.04771E+01 -2.49435E+00
1.05569E+01 -2.51148E+00
1.06409E+01 -2.52756E+00
1.07286E+01 -2.54153E+00
1.08199E+01 -2.55338E+00
1.09142E+01 -2.56414E+00
1.10114E+01 -2.57380E+00
1.11111E+01 -2.58012E+00
1.12128E+01 -2.58613E+00
1.13164E+01 -2.58980E+00
1.14215E+01 -2.59111E+00
1.15276E+01 -2.59109E+00
1.16347E+01 -2.58973E+00
1.17422E+01 -2.58597E+00
1.18500E+01 -2.58085E+00
1.19576E+01 -2.57332E+00
1.20649E+01 -2.56443E+00
1.21715E+01 -2.55417E+00
1.22773E+01 -2.54141E+00
1.23818E+01 -2.52817E+00
1.24849E+01 -2.51240E+00
1.25863E+01 -2.49410E+00
1.26857E+01 -2.47535E+00
1.27831E+01 -2.45408E+00
1.28780E+01 -2.43133E+00
1.29704E+01 -2.40710E+00
1.30601E+01 -2.38140E+00
1.31468E+01 -2.35320E+00
1.32303E+01 -2.32456E+00
1.33106E+01 -2.29345E+00
1.33874E+01 -2.26089E+00
1.34607E+01 -2.22691E+00
1.35302E+01 -2.19151E+00
1.35958E+01 -2.15471E+00
1.36574E+01 -2.11651E+00
1.37149E+01 -2.07693E+00
1.37682E+01 -2.03595E+00
1.38171E+01 -1.99258E+00
1.38617E+01 -1.94891E+00
1.39018E+01 -1.90393E+00
1.39373E+01 -1.85664E+00
1.39682E+01 -1.80913E+00
1.39945E+01 -1.75937E+00
1.40161E+01 -1.70944E+00
1.40328E+01 -1.65733E+00
1.40449E+01 -1.60512E+00
1.40521E+01 -1.55078E+00
1.40545E+01 -1.49642E+00
1.40521E+01 -1.44001E+00
1.40449E+01 -1.38365E+00
1.40328E+01 -1.32532E+00
1.40161E+01 -1.26712E+00
1.39945E+01 -1.20703E+00
1.39682E+01 -1.14716E+00
1.39373E+01 -1.08549E+00
1.39018E+01 -1.02413E+00
1.38617E+01 -9.61060E-01
1.38171E+01 -8.97358E-01
1.37682E+01 -8.34102E-01
1.37149E+01 -7.69280E-01
1.36574E+01 -7.03969E-01
1.35958E+01 -6.38226E-01
1.35302E+01 -5.72134E-01
1.34607E+01 -5.05751E-01
1.33875E+01 -4.39131E-01
1.33106E+01 -3.72331E-01
1.32303E+01 -3.05406E-01
1.31468E+01 -2.37382E-01
1.30601E+01 -1.70378E-01
1.29704E+01 -1.02390E-01
1.28780E+01 -3.45067E-02
1.27831E+01 3.32115E-02
1.26857E+01 1.00706E-01
1.25863E+01 1.68951E-01
1.24849E+01 2.35825E-01
1.23818E+01 3.03341E-01
1.22773E+01 3.71448E-01
1.21716E+01 4.38048E-01
1.20649E+01 5.05087E-01
1.19576E+01 5.71389E-01
1.18500E+01 6.36906E-01
1.17422E+01 7.02620E-01
1.16347E+01 7.67449E-01
1.15277E+01 8.32367E-01
1.14215E+01 8.96285E-01
1.13164E+01 9.59143E-01
1.12128E+01 1.02192E+00
1.11111E+01 1.08458E+00
1.10114E+01 1.14503E+00
1.09142E+01 1.20627E+00
1.08199E+01 1.26602E+00
1.07286E+01 1.32425E+00
1.06409E+01 1.38196E+00
1.05569E+01 1.43909E+00
1.04771E+01 1.49457E+00
1.04017E+01 1.54937E+00
1.03311E+01 1.60346E+00
1.02655E+01 1.65679E+00
1.02052E+01 1.70834E+00
1.01506E+01 1.75894E+00
1.01017E+01 1.80742E+00
1.00589E+01 1.85581E+00
1.00223E+01 1.90204E+00
9.99218E+00 1.94812E+00
9.96857E+00 1.99195E+00
9.95163E+00 2.03452E+00
9.94143E+00 2.07581E+00
9.93803E+00 2.11581E+00
