Will plot unflagged data


File # 1  = raise.vis
raise.vis 1.5136 GHz
Read 121 visibilities from all files

Baseline 1-5, plot 121 points
9.93803E+00 -7.20038E-01
9.94143E+00 -7.33106E-01
9.95163E+00 -7.45644E-01
9.96857E+00 -7.57636E-01
9.99217E+00 -7.69070E-01
1.00223E+01 -7.80960E-01
1.00589E+01 -7.91231E-01
1.01017E+01 -8.00899E-01
1.01506E+01 -8.09949E-01
1.02052E+01 -8.19400E-01
1.02655E+01 -8.27173E-01
1.03311E+01 -8.35320E-01
1.04017E+01 -8.41761E-01
1.04771E+01 -8.48550E-01
1.05569E+01 -8.54640E-01
1.06409E+01 -8.60019E-01
1.07286E+01 -8.64677E-01
1.08199E+01 -8.68601E-01
1.09142E+01 -8.72813E-01
1.10114E+01 -8.75238E-01
1.11111E+01 -8.77932E-01
1.12128E+01 -8.79853E-01
1.13164E+01 -8.80993E-01
1.14215E+01 -8.81344E-01
1.15276E+01 -8.81930E-01
1.16347E+01 -8.80683E-01
1.17422E+01 -8.79658E-01
1.18500E+01 -8.77818E-01
1.19576E+01 -8.76186E-01
1.20649E+01 -8.72705E-01
1.21715E+01 -8.69414E-01
1.22773E+01 -8.65271E-01
1.23818E+01 -8.60273E-01
1.24849E+01 -8.54420E-01
1.25863E+01 -8.48738E-01
1.26857E+01 -8.42199E-01
1.27831E+01 -8.34802E-01
1.28780E+01 -8.27577E-01
1.29704E+01 -8.19496E-01
1.30601E+01 -8.10559E-01
1.31468E+01 -8.00767E-01
1.32303E+01 -7.91154E-01
1.33106E+01 -7.80691E-01
1.33874E+01 -7.69382E-01
1.34607E+01 -7.58262E-01
1.35302E+01 -7.46303E-01
1.35958E+01 -7.33510E-01
1.36574E+01 -7.19889E-01
1.37149E+01 -7.06477E-01
1.37682E+01 -6.92249E-01
1.38171E+01 -6.78244E-01
1.38617E+01 -6.63438E-01
1.39018E+01 -6.47837E-01
1.39373E+01 -6.31451E-01
1.39682E+01 -6.15323E-01
1.39945E+01 -5.98427E-01
1.40161E+01 -5.81808E-01
1.40328E+01 -5.64444E-01
1.40449E+01 -5.46345E-01
1.40521E+01 -5.27523E-01
1.40545E+01 -5.09023E-01
1.40521E+01 -4.89826E-01
1.40449E+01 -4.70977E-01
1.40328E+01 -4.51457E-01
1.40161E+01 -4.31280E-01
1.39945E+01 -4.10460E-01
1.39682E+01 -3.90046E-01
1.39373E+01 -3.69019E-01
1.39018E+01 -3.48430E-01
1.38617E+01 -3.27260E-01
1.38171E+01 -3.05526E-01
1.37682E+01 -2.83247E-01
1.37149E+01 -2.61470E-01
1.36574E+01 -2.39183E-01
1.35958E+01 -2.17435E-01
1.35302E+01 -1.95211E-01
1.34607E+01 -1.72532E-01
1.33875E+01 -1.49415E-01
1.33106E+01 -1.26912E-01
1.32303E+01 -1.04011E-01
1.31468E+01 -8.07304E-02
1.30601E+01 -5.81229E-02
1.29704E+01 -3.51765E-02
1.28780E+01 -1.19115E-02
1.27831E+01 1.16516E-02
1.26857E+01 3.44615E-02
1.25863E+01 5.75288E-02
1.24849E+01 8.08325E-02
1.23818E+01 1.03323E-01
1.22773E+01 1.26010E-01
1.21716E+01 1.48871E-01
1.20649E+01 1.71887E-01
1.19576E+01 1.93996E-01
1.18500E+01 2.17222E-01
1.17422E+01 2.39489E-01
1.16347E+01 2.61803E-01
1.15277E+01 2.83113E-01
1.14215E+01 3.05457E-01
1.13164E+01 3.26753E-01
1.12128E+01 3.48010E-01
1.11111E+01 3.69207E-01
1.10114E+01 3.90322E-01
1.09142E+01 4.10301E-01
1.08199E+01 4.31188E-01
1.07286E+01 4.50895E-01
1.06409E+01 4.70434E-01
1.05569E+01 4.89784E-01
1.04771E+01 5.08923E-01
1.04017E+01 5.27829E-01
1.03311E+01 5.45450E-01
1.02655E+01 5.63830E-01
1.02052E+01 5.80883E-01
1.01506E+01 5.98654E-01
1.01017E+01 6.15060E-01
1.00589E+01 6.31112E-01
1.00223E+01 6.46793E-01
9.99218E+00 6.63114E-01
9.96857E+00 6.77997E-01
9.95163E+00 6.92456E-01
9.94143E+00 7.06473E-01
9.93803E+00 7.20035E-01
