Will plot unflagged data


File # 1  = raise.vis
raise.vis 1.5136 GHz
Read 121 visibilities from all files

Baseline 1-5, plot 121 points
9.93803E+00 3.80299E-02
9.94143E+00 3.80299E-02
9.95163E+00 3.80297E-02
9.96857E+00 3.80294E-02
9.99217E+00 3.80291E-02
1.00223E+01 3.80286E-02
1.00589E+01 3.80281E-02
1.01017E+01 3.80274E-02
1.01506E+01 3.80266E-02
1.02052E+01 3.80258E-02
1.02655E+01 3.80248E-02
1.03311E+01 3.80238E-02
1.04017E+01 3.80226E-02
1.04771E+01 3.80214E-02
1.05569E+01 3.80201E-02
1.06409E+01 3.80188E-02
1.07286E+01 3.80173E-02
1.08199E+01 3.80157E-02
1.09142E+01 3.80142E-02
1.10114E+01 3.80125E-02
1.11111E+01 3.80108E-02
1.12128E+01 3.80091E-02
1.13164E+01 3.80073E-02
1.14215E+01 3.80054E-02
1.15276E+01 3.80036E-02
1.16347E+01 3.80016E-02
1.17422E+01 3.79997E-02
1.18500E+01 3.79978E-02
1.19576E+01 3.79960E-02
1.20649E+01 3.79939E-02
1.21715E+01 3.79920E-02
1.22773E+01 3.79901E-02
1.23818E+01 3.79880E-02
1.24849E+01 3.79860E-02
1.25863E+01 3.79841E-02
1.26857E+01 3.79822E-02
1.27831E+01 3.79803E-02
1.28780E+01 3.79785E-02
1.29704E+01 3.79768E-02
1.30601E+01 3.79750E-02
1.31468E+01 3.79732E-02
1.32303E+01 3.79716E-02
1.33106E+01 3.79700E-02
1.33874E+01 3.79684E-02
1.34607E+01 3.79670E-02
1.35302E+01 3.79656E-02
1.35958E+01 3.79642E-02
1.36574E+01 3.79628E-02
1.37149E+01 3.79617E-02
1.37682E+01 3.79605E-02
1.38171E+01 3.79596E-02
1.38617E+01 3.79588E-02
1.39018E+01 3.79579E-02
1.39373E+01 3.79570E-02
1.39682E+01 3.79564E-02
1.39945E+01 3.79558E-02
1.40161E+01 3.79555E-02
1.40328E+01 3.79552E-02
1.40449E+01 3.79549E-02
1.40521E+01 3.79546E-02
1.40545E+01 3.79546E-02
1.40521E+01 3.79546E-02
1.40449E+01 3.79549E-02
1.40328E+01 3.79552E-02
1.40161E+01 3.79555E-02
1.39945E+01 3.79558E-02
1.39682E+01 3.79564E-02
1.39373E+01 3.79570E-02
1.39018E+01 3.79579E-02
1.38617E+01 3.79588E-02
1.38171E+01 3.79597E-02
1.37682E+01 3.79605E-02
1.37149E+01 3.79617E-02
1.36574E+01 3.79628E-02
1.35958E+01 3.79642E-02
1.35302E+01 3.79656E-02
1.34607E+01 3.79670E-02
1.33875E+01 3.79684E-02
1.33106E+01 3.79700E-02
1.32303E+01 3.79716E-02
1.31468E+01 3.79732E-02
1.30601E+01 3.79750E-02
1.29704E+01 3.79768E-02
1.28780E+01 3.79785E-02
1.27831E+01 3.79803E-02
1.26857E+01 3.79822E-02
1.25863E+01 3.79841E-02
1.24849E+01 3.79860E-02
1.23818E+01 3.79880E-02
1.22773E+01 3.79901E-02
1.21716E+01 3.79920E-02
1.20649E+01 3.79939E-02
1.19576E+01 3.79960E-02
1.18500E+01 3.79978E-02
1.17422E+01 3.79997E-02
1.16347E+01 3.80016E-02
1.15277E+01 3.80036E-02
1.14215E+01 3.80054E-02
1.13164E+01 3.80073E-02
1.12128E+01 3.80091E-02
1.11111E+01 3.80108E-02
1.10114E+01 3.80125E-02
1.09142E+01 3.80142E-02
1.08199E+01 3.80157E-02
1.07286E+01 3.80173E-02
1.06409E+01 3.80188E-02
1.05569E+01 3.80201E-02
1.04771E+01 3.80214E-02
1.04017E+01 3.80226E-02
1.03311E+01 3.80238E-02
1.02655E+01 3.80248E-02
1.02052E+01 3.80258E-02
1.01506E+01 3.80266E-02
1.01017E+01 3.80274E-02
1.00589E+01 3.80281E-02
1.00223E+01 3.80286E-02
9.99218E+00 3.80291E-02
9.96857E+00 3.80294E-02
9.95163E+00 3.80297E-02
9.94143E+00 3.80299E-02
9.93803E+00 3.80299E-02
