Will plot unflagged data


File # 1  = raise.vis
raise.vis 15.1356 GHz
Read 121 visibilities from all files

Baseline 1-5, plot 121 points
9.93803E+01 4.96407E-01
9.94143E+01 4.95702E-01
9.95163E+01 4.93619E-01
9.96857E+01 4.90222E-01
9.99217E+01 4.85618E-01
1.00223E+02 4.79961E-01
1.00589E+02 4.73458E-01
1.01017E+02 4.66397E-01
1.01506E+02 4.59060E-01
1.02052E+02 4.51731E-01
1.02655E+02 4.44591E-01
1.03311E+02 4.37699E-01
1.04017E+02 4.31126E-01
1.04771E+02 4.24860E-01
1.05569E+02 4.18912E-01
1.06409E+02 4.13283E-01
1.07286E+02 4.07960E-01
1.08199E+02 4.02909E-01
1.09142E+02 3.98127E-01
1.10114E+02 3.93590E-01
1.11111E+02 3.89280E-01
1.12128E+02 3.85168E-01
1.13164E+02 3.81245E-01
1.14215E+02 3.77491E-01
1.15276E+02 3.73893E-01
1.16347E+02 3.70445E-01
1.17422E+02 3.67125E-01
1.18500E+02 3.63939E-01
1.19576E+02 3.60872E-01
1.20649E+02 3.57917E-01
1.21715E+02 3.55078E-01
1.22773E+02 3.52344E-01
1.23818E+02 3.49714E-01
1.24849E+02 3.47189E-01
1.25863E+02 3.44766E-01
1.26857E+02 3.42446E-01
1.27831E+02 3.40220E-01
1.28780E+02 3.38095E-01
1.29704E+02 3.36060E-01
1.30601E+02 3.34122E-01
1.31468E+02 3.32277E-01
1.32303E+02 3.30524E-01
1.33106E+02 3.28862E-01
1.33874E+02 3.27293E-01
1.34607E+02 3.25812E-01
1.35302E+02 3.24424E-01
1.35958E+02 3.23125E-01
1.36574E+02 3.21914E-01
1.37149E+02 3.20793E-01
1.37682E+02 3.19762E-01
1.38171E+02 3.18818E-01
1.38617E+02 3.17968E-01
1.39018E+02 3.17201E-01
1.39373E+02 3.16525E-01
1.39682E+02 3.15940E-01
1.39945E+02 3.15447E-01
1.40161E+02 3.15038E-01
1.40328E+02 3.14720E-01
1.40449E+02 3.14494E-01
1.40521E+02 3.14358E-01
1.40545E+02 3.14313E-01
1.40521E+02 3.14358E-01
1.40449E+02 3.14494E-01
1.40329E+02 3.14720E-01
1.40161E+02 3.15038E-01
1.39945E+02 3.15447E-01
1.39682E+02 3.15940E-01
1.39373E+02 3.16525E-01
1.39018E+02 3.17201E-01
1.38617E+02 3.17964E-01
1.38171E+02 3.18818E-01
1.37682E+02 3.19762E-01
1.37149E+02 3.20793E-01
1.36574E+02 3.21914E-01
1.35958E+02 3.23121E-01
1.35302E+02 3.24424E-01
1.34607E+02 3.25812E-01
1.33875E+02 3.27293E-01
1.33106E+02 3.28862E-01
1.32303E+02 3.30524E-01
1.31468E+02 3.32277E-01
1.30601E+02 3.34122E-01
1.29704E+02 3.36060E-01
1.28780E+02 3.38095E-01
1.27831E+02 3.40220E-01
1.26857E+02 3.42446E-01
1.25863E+02 3.44766E-01
1.24849E+02 3.47189E-01
1.23818E+02 3.49714E-01
1.22773E+02 3.52344E-01
1.21716E+02 3.55078E-01
1.20649E+02 3.57917E-01
1.19576E+02 3.60872E-01
1.18500E+02 3.63939E-01
1.17422E+02 3.67125E-01
1.16347E+02 3.70445E-01
1.15277E+02 3.73893E-01
1.14215E+02 3.77492E-01
1.13164E+02 3.81245E-01
1.12128E+02 3.85168E-01
1.11111E+02 3.89280E-01
1.10114E+02 3.93590E-01
1.09142E+02 3.98127E-01
1.08199E+02 4.02909E-01
1.07286E+02 4.07959E-01
1.06409E+02 4.13283E-01
1.05569E+02 4.18912E-01
1.04771E+02 4.24860E-01
1.04017E+02 4.31126E-01
1.03311E+02 4.37699E-01
1.02655E+02 4.44582E-01
1.02052E+02 4.51731E-01
1.01506E+02 4.59060E-01
1.01017E+02 4.66397E-01
1.00589E+02 4.73458E-01
1.00223E+02 4.79961E-01
9.99218E+01 4.85618E-01
9.96857E+01 4.90222E-01
9.95163E+01 4.93619E-01
9.94143E+01 4.95702E-01
9.93803E+01 4.96406E-01
