Will plot unflagged data


File # 1  = raise.vis
raise.vis 15.1356 GHz
Read 121 visibilities from all files

Baseline 1-5, plot 121 points
9.93803E+01 -4.67596E+01
9.94143E+01 -4.76086E+01
9.95163E+01 -4.84263E+01
9.96857E+01 -4.92099E+01
9.99217E+01 -4.99597E+01
1.00223E+02 -5.06755E+01
1.00589E+02 -5.13561E+01
1.01017E+02 -5.20026E+01
1.01506E+02 -5.26120E+01
1.02052E+02 -5.31859E+01
1.02655E+02 -5.37245E+01
1.03311E+02 -5.42241E+01
1.04017E+02 -5.46888E+01
1.04771E+02 -5.51150E+01
1.05569E+02 -5.55028E+01
1.06409E+02 -5.58531E+01
1.07286E+02 -5.61658E+01
1.08199E+02 -5.64387E+01
1.09142E+02 -5.66734E+01
1.10114E+02 -5.68695E+01
1.11111E+02 -5.70273E+01
1.12128E+02 -5.71450E+01
1.13164E+02 -5.72239E+01
1.14215E+02 -5.72636E+01
1.15276E+02 -5.72636E+01
1.16347E+02 -5.72255E+01
1.17422E+02 -5.71467E+01
1.18500E+02 -5.70299E+01
1.19576E+02 -5.68736E+01
1.20649E+02 -5.66778E+01
1.21715E+02 -5.64441E+01
1.22773E+02 -5.61713E+01
1.23818E+02 -5.58596E+01
1.24849E+02 -5.55097E+01
1.25863E+02 -5.51220E+01
1.26857E+02 -5.46971E+01
1.27831E+02 -5.42337E+01
1.28780E+02 -5.37341E+01
1.29704E+02 -5.31964E+01
1.30601E+02 -5.26234E+01
1.31468E+02 -5.20141E+01
1.32303E+02 -5.13691E+01
1.33106E+02 -5.06887E+01
1.33874E+02 -4.99740E+01
1.34607E+02 -4.92242E+01
1.35302E+02 -4.84416E+01
1.35958E+02 -4.76254E+01
1.36574E+02 -4.67762E+01
1.37149E+02 -4.58953E+01
1.37682E+02 -4.49830E+01
1.38171E+02 -4.40394E+01
1.38617E+02 -4.30668E+01
1.39018E+02 -4.20632E+01
1.39373E+02 -4.10312E+01
1.39682E+02 -3.99714E+01
1.39945E+02 -3.88849E+01
1.40161E+02 -3.77705E+01
1.40328E+02 -3.66305E+01
1.40449E+02 -3.54655E+01
1.40521E+02 -3.42764E+01
1.40545E+02 -3.30637E+01
1.40521E+02 -3.18284E+01
1.40449E+02 -3.05711E+01
1.40329E+02 -2.92930E+01
1.40161E+02 -2.79951E+01
1.39945E+02 -2.66783E+01
1.39682E+02 -2.53418E+01
1.39373E+02 -2.39888E+01
1.39018E+02 -2.26195E+01
1.38617E+02 -2.12342E+01
1.38171E+02 -1.98349E+01
1.37682E+02 -1.84222E+01
1.37149E+02 -1.69963E+01
1.36574E+02 -1.55589E+01
1.35958E+02 -1.41102E+01
1.35302E+02 -1.26534E+01
1.34607E+02 -1.11866E+01
1.33875E+02 -9.71300E+00
1.33106E+02 -8.23190E+00
1.32303E+02 -6.74567E+00
1.31468E+02 -5.25456E+00
1.30601E+02 -3.75981E+00
1.29704E+02 -2.26234E+00
1.28780E+02 -7.64317E-01
1.27831E+02 7.35376E-01
1.26857E+02 2.23364E+00
1.25863E+02 3.73146E+00
1.24849E+02 5.22608E+00
1.23818E+02 6.71684E+00
1.22773E+02 8.20293E+00
1.21716E+02 9.68377E+00
1.20649E+02 1.11585E+01
1.19576E+02 1.26245E+01
1.18500E+02 1.40825E+01
1.17422E+02 1.55312E+01
1.16347E+02 1.69682E+01
1.15277E+02 1.83949E+01
1.14215E+02 1.98079E+01
1.13164E+02 2.12078E+01
1.12128E+02 2.25931E+01
1.11111E+02 2.39625E+01
1.10114E+02 2.53166E+01
1.09142E+02 2.66526E+01
1.08199E+02 2.79702E+01
1.07286E+02 2.92681E+01
1.06409E+02 3.05472E+01
1.05569E+02 3.18047E+01
1.04771E+02 3.30399E+01
1.04017E+02 3.42531E+01
1.03311E+02 3.54438E+01
1.02655E+02 3.66090E+01
1.02052E+02 3.77492E+01
1.01506E+02 3.88634E+01
1.01017E+02 3.99505E+01
1.00589E+02 4.10116E+01
1.00223E+02 4.20435E+01
9.99218E+01 4.30470E+01
9.96857E+01 4.40208E+01
9.95163E+01 4.49646E+01
9.94143E+01 4.58784E+01
9.93803E+01 4.67595E+01
