Will plot unflagged data


File # 1  = raise.vis
raise.vis 4.7863 GHz
Read 121 visibilities from all files

Baseline 2-3, plot 121 points
1.77855E+01 -4.81363E+00
1.77916E+01 -4.90166E+00
1.78098E+01 -4.98494E+00
1.78402E+01 -5.06573E+00
1.78824E+01 -5.14317E+00
1.79364E+01 -5.21679E+00
1.80018E+01 -5.28730E+00
1.80784E+01 -5.35280E+00
1.81658E+01 -5.41657E+00
1.82637E+01 -5.47506E+00
1.83715E+01 -5.53106E+00
1.84889E+01 -5.58164E+00
1.86153E+01 -5.63005E+00
1.87502E+01 -5.67393E+00
1.88931E+01 -5.71387E+00
1.90433E+01 -5.75008E+00
1.92004E+01 -5.78164E+00
1.93637E+01 -5.81055E+00
1.95326E+01 -5.83415E+00
1.97065E+01 -5.85469E+00
1.98848E+01 -5.87018E+00
2.00669E+01 -5.88285E+00
2.02523E+01 -5.89111E+00
2.04403E+01 -5.89493E+00
2.06303E+01 -5.89441E+00
2.08219E+01 -5.89066E+00
2.10143E+01 -5.88274E+00
2.12072E+01 -5.87114E+00
2.13998E+01 -5.85491E+00
2.15919E+01 -5.83414E+00
2.17827E+01 -5.80990E+00
2.19719E+01 -5.78232E+00
2.21589E+01 -5.75107E+00
2.23434E+01 -5.71500E+00
2.25249E+01 -5.67423E+00
2.27029E+01 -5.63086E+00
2.28771E+01 -5.58287E+00
2.30470E+01 -5.53138E+00
2.32124E+01 -5.47630E+00
2.33728E+01 -5.41740E+00
2.35280E+01 -5.35479E+00
2.36776E+01 -5.28854E+00
2.38212E+01 -5.21765E+00
2.39587E+01 -5.14422E+00
2.40898E+01 -5.06727E+00
2.42141E+01 -4.98685E+00
2.43315E+01 -4.90300E+00
2.44418E+01 -4.81560E+00
2.45447E+01 -4.72470E+00
2.46400E+01 -4.63037E+00
2.47277E+01 -4.53371E+00
2.48074E+01 -4.43375E+00
2.48792E+01 -4.33055E+00
2.49428E+01 -4.22416E+00
2.49981E+01 -4.11465E+00
2.50451E+01 -4.00312E+00
2.50837E+01 -3.88859E+00
2.51138E+01 -3.77115E+00
2.51353E+01 -3.65086E+00
2.51482E+01 -3.52884E+00
2.51525E+01 -3.40414E+00
2.51482E+01 -3.27683E+00
2.51353E+01 -3.14701E+00
2.51138E+01 -3.01581E+00
2.50837E+01 -2.88227E+00
2.50451E+01 -2.74651E+00
2.49981E+01 -2.60862E+00
2.49428E+01 -2.46974E+00
2.48792E+01 -2.32894E+00
2.48075E+01 -2.18632E+00
2.47277E+01 -2.04200E+00
2.46400E+01 -1.89609E+00
2.45447E+01 -1.74972E+00
2.44418E+01 -1.60196E+00
2.43315E+01 -1.45290E+00
2.42141E+01 -1.30266E+00
2.40898E+01 -1.15152E+00
2.39587E+01 -9.99589E-01
2.38212E+01 -8.46976E-01
2.36776E+01 -6.94822E-01
2.35280E+01 -5.41177E-01
2.33729E+01 -3.87185E-01
2.32124E+01 -2.32933E-01
2.30470E+01 -7.84566E-02
2.28771E+01 7.58746E-02
2.27029E+01 2.29832E-01
2.25249E+01 3.84389E-01
2.23434E+01 5.37389E-01
2.21589E+01 6.90810E-01
2.19719E+01 8.44634E-01
2.17827E+01 9.97585E-01
2.15919E+01 1.14921E+00
2.13999E+01 1.29952E+00
2.12072E+01 1.44947E+00
2.10143E+01 1.59903E+00
2.08219E+01 1.74714E+00
2.06304E+01 1.89419E+00
2.04403E+01 2.03913E+00
2.02523E+01 2.18297E+00
2.00669E+01 2.32572E+00
1.98848E+01 2.46725E+00
1.97065E+01 2.60590E+00
1.95326E+01 2.74378E+00
1.93637E+01 2.87886E+00
1.92004E+01 3.01328E+00
1.90433E+01 3.14433E+00
1.88931E+01 3.27393E+00
1.87502E+01 3.40111E+00
1.86153E+01 3.52599E+00
1.84889E+01 3.64915E+00
1.83716E+01 3.76814E+00
1.82637E+01 3.88618E+00
1.81658E+01 4.00029E+00
1.80784E+01 4.11323E+00
1.80018E+01 4.22142E+00
1.79364E+01 4.32809E+00
1.78824E+01 4.43133E+00
1.78402E+01 4.53183E+00
1.78098E+01 4.62910E+00
1.77916E+01 4.72229E+00
1.77855E+01 4.81361E+00
