Will plot unflagged data


File # 1  = raise.vis
raise.vis 4.7863 GHz
Read 121 visibilities from all files

Baseline 2-3, plot 121 points
1.77855E+01 5.76402E-01
1.77916E+01 5.76362E-01
1.78098E+01 5.76242E-01
1.78402E+01 5.76044E-01
1.78824E+01 5.75771E-01
1.79364E+01 5.75423E-01
1.80018E+01 5.75008E-01
1.80784E+01 5.74518E-01
1.81658E+01 5.73978E-01
1.82637E+01 5.73370E-01
1.83715E+01 5.72720E-01
1.84889E+01 5.72010E-01
1.86153E+01 5.71271E-01
1.87502E+01 5.70491E-01
1.88931E+01 5.69680E-01
1.90433E+01 5.68844E-01
1.92004E+01 5.67979E-01
1.93637E+01 5.67112E-01
1.95326E+01 5.66219E-01
1.97065E+01 5.65328E-01
1.98848E+01 5.64420E-01
2.00669E+01 5.63525E-01
2.02523E+01 5.62627E-01
2.04403E+01 5.61729E-01
2.06303E+01 5.60834E-01
2.08219E+01 5.59957E-01
2.10143E+01 5.59090E-01
2.12072E+01 5.58239E-01
2.13998E+01 5.57395E-01
2.15919E+01 5.56560E-01
2.17827E+01 5.55747E-01
2.19719E+01 5.54960E-01
2.21589E+01 5.54196E-01
2.23434E+01 5.53440E-01
2.25249E+01 5.52694E-01
2.27029E+01 5.51986E-01
2.28771E+01 5.51290E-01
2.30470E+01 5.50622E-01
2.32124E+01 5.49979E-01
2.33728E+01 5.49359E-01
2.35280E+01 5.48764E-01
2.36776E+01 5.48195E-01
2.38212E+01 5.47638E-01
2.39587E+01 5.47121E-01
2.40898E+01 5.46632E-01
2.42141E+01 5.46169E-01
2.43315E+01 5.45735E-01
2.44418E+01 5.45326E-01
2.45447E+01 5.44944E-01
2.46400E+01 5.44588E-01
2.47277E+01 5.44272E-01
2.48074E+01 5.43984E-01
2.48792E+01 5.43723E-01
2.49428E+01 5.43490E-01
2.49981E+01 5.43283E-01
2.50451E+01 5.43118E-01
2.50837E+01 5.42981E-01
2.51138E+01 5.42871E-01
2.51353E+01 5.42788E-01
2.51482E+01 5.42747E-01
2.51525E+01 5.42733E-01
2.51482E+01 5.42747E-01
2.51353E+01 5.42788E-01
2.51138E+01 5.42871E-01
2.50837E+01 5.42981E-01
2.50451E+01 5.43118E-01
2.49981E+01 5.43283E-01
2.49428E+01 5.43490E-01
2.48792E+01 5.43723E-01
2.48075E+01 5.43984E-01
2.47277E+01 5.44272E-01
2.46400E+01 5.44588E-01
2.45447E+01 5.44944E-01
2.44418E+01 5.45326E-01
2.43315E+01 5.45735E-01
2.42141E+01 5.46169E-01
2.40898E+01 5.46632E-01
2.39587E+01 5.47121E-01
2.38212E+01 5.47638E-01
2.36776E+01 5.48195E-01
2.35280E+01 5.48764E-01
2.33729E+01 5.49359E-01
2.32124E+01 5.49979E-01
2.30470E+01 5.50622E-01
2.28771E+01 5.51290E-01
2.27029E+01 5.51986E-01
2.25249E+01 5.52694E-01
2.23434E+01 5.53440E-01
2.21589E+01 5.54196E-01
2.19719E+01 5.54960E-01
2.17827E+01 5.55747E-01
2.15919E+01 5.56560E-01
2.13999E+01 5.57395E-01
2.12072E+01 5.58239E-01
2.10143E+01 5.59090E-01
2.08219E+01 5.59957E-01
2.06304E+01 5.60834E-01
2.04403E+01 5.61729E-01
2.02523E+01 5.62627E-01
2.00669E+01 5.63525E-01
1.98848E+01 5.64420E-01
1.97065E+01 5.65328E-01
1.95326E+01 5.66219E-01
1.93637E+01 5.67112E-01
1.92004E+01 5.67979E-01
1.90433E+01 5.68844E-01
1.88931E+01 5.69680E-01
1.87502E+01 5.70491E-01
1.86153E+01 5.71271E-01
1.84889E+01 5.72010E-01
1.83716E+01 5.72720E-01
1.82637E+01 5.73370E-01
1.81658E+01 5.73978E-01
1.80784E+01 5.74518E-01
1.80018E+01 5.75008E-01
1.79364E+01 5.75423E-01
1.78824E+01 5.75771E-01
1.78402E+01 5.76044E-01
1.78098E+01 5.76242E-01
1.77916E+01 5.76362E-01
1.77855E+01 5.76402E-01
