Will plot unflagged data


File # 1  = raise.vis
raise.vis 0.1514 GHz
Read 121 visibilities from all files

Baseline 2-4, plot 121 points
7.09859E-01 1.50020E+01
7.10102E-01 1.50020E+01
7.10831E-01 1.50020E+01
7.12041E-01 1.50019E+01
7.13727E-01 1.50019E+01
7.15881E-01 1.50018E+01
7.18492E-01 1.50017E+01
7.21550E-01 1.50016E+01
7.25039E-01 1.50014E+01
7.28945E-01 1.50013E+01
7.33250E-01 1.50012E+01
7.37934E-01 1.50010E+01
7.42979E-01 1.50008E+01
7.48364E-01 1.50006E+01
7.54065E-01 1.50004E+01
7.60062E-01 1.50001E+01
7.66331E-01 1.49999E+01
7.72847E-01 1.49996E+01
7.79588E-01 1.49994E+01
7.86529E-01 1.49991E+01
7.93647E-01 1.49988E+01
8.00916E-01 1.49985E+01
8.08315E-01 1.49983E+01
8.15818E-01 1.49979E+01
8.23403E-01 1.49976E+01
8.31048E-01 1.49974E+01
8.38729E-01 1.49970E+01
8.46425E-01 1.49967E+01
8.54116E-01 1.49964E+01
8.61779E-01 1.49960E+01
8.69396E-01 1.49957E+01
8.76947E-01 1.49954E+01
8.84413E-01 1.49951E+01
8.91775E-01 1.49947E+01
8.99018E-01 1.49944E+01
9.06123E-01 1.49941E+01
9.13075E-01 1.49938E+01
9.19859E-01 1.49934E+01
9.26459E-01 1.49932E+01
9.32863E-01 1.49929E+01
9.39055E-01 1.49926E+01
9.45025E-01 1.49923E+01
9.50759E-01 1.49920E+01
9.56246E-01 1.49917E+01
9.61477E-01 1.49915E+01
9.66439E-01 1.49912E+01
9.71126E-01 1.49910E+01
9.75527E-01 1.49908E+01
9.79634E-01 1.49906E+01
9.83439E-01 1.49904E+01
9.86937E-01 1.49903E+01
9.90121E-01 1.49901E+01
9.92984E-01 1.49900E+01
9.95523E-01 1.49899E+01
9.97732E-01 1.49898E+01
9.99608E-01 1.49897E+01
1.00115E+00 1.49895E+01
1.00235E+00 1.49895E+01
1.00320E+00 1.49894E+01
1.00372E+00 1.49894E+01
1.00389E+00 1.49894E+01
1.00372E+00 1.49894E+01
1.00320E+00 1.49894E+01
1.00235E+00 1.49895E+01
1.00115E+00 1.49895E+01
9.99608E-01 1.49897E+01
9.97732E-01 1.49898E+01
9.95523E-01 1.49899E+01
9.92984E-01 1.49900E+01
9.90121E-01 1.49901E+01
9.86937E-01 1.49903E+01
9.83440E-01 1.49904E+01
9.79634E-01 1.49906E+01
9.75527E-01 1.49908E+01
9.71126E-01 1.49910E+01
9.66440E-01 1.49912E+01
9.61477E-01 1.49915E+01
9.56247E-01 1.49917E+01
9.50759E-01 1.49920E+01
9.45025E-01 1.49923E+01
9.39056E-01 1.49926E+01
9.32863E-01 1.49929E+01
9.26460E-01 1.49932E+01
9.19859E-01 1.49934E+01
9.13076E-01 1.49938E+01
9.06124E-01 1.49941E+01
8.99018E-01 1.49944E+01
8.91776E-01 1.49947E+01
8.84413E-01 1.49951E+01
8.76947E-01 1.49954E+01
8.69397E-01 1.49957E+01
8.61780E-01 1.49960E+01
8.54116E-01 1.49964E+01
8.46426E-01 1.49967E+01
8.38730E-01 1.49970E+01
8.31048E-01 1.49974E+01
8.23404E-01 1.49976E+01
8.15818E-01 1.49979E+01
8.08315E-01 1.49983E+01
8.00917E-01 1.49985E+01
7.93647E-01 1.49988E+01
7.86530E-01 1.49992E+01
7.79588E-01 1.49994E+01
7.72848E-01 1.49996E+01
7.66331E-01 1.49999E+01
7.60063E-01 1.50001E+01
7.54066E-01 1.50004E+01
7.48364E-01 1.50006E+01
7.42980E-01 1.50008E+01
7.37935E-01 1.50010E+01
7.33250E-01 1.50012E+01
7.28945E-01 1.50013E+01
7.25040E-01 1.50014E+01
7.21550E-01 1.50016E+01
7.18493E-01 1.50017E+01
7.15881E-01 1.50018E+01
7.13727E-01 1.50019E+01
7.12041E-01 1.50019E+01
7.10831E-01 1.50020E+01
7.10102E-01 1.50020E+01
7.09859E-01 1.50020E+01
