Will plot unflagged data


File # 1  = raise.vis
raise.vis 0.1514 GHz
Read 121 visibilities from all files

Baseline 2-4, plot 121 points
7.09859E-01 -3.33996E-01
7.10102E-01 -3.40092E-01
7.10831E-01 -3.45945E-01
7.12041E-01 -3.51549E-01
7.13727E-01 -3.56895E-01
7.15881E-01 -3.61977E-01
7.18492E-01 -3.66786E-01
7.21550E-01 -3.71316E-01
7.25039E-01 -3.75559E-01
7.28945E-01 -3.80539E-01
7.33250E-01 -3.84189E-01
7.37934E-01 -3.87532E-01
7.42979E-01 -3.90561E-01
7.48364E-01 -3.94303E-01
7.54065E-01 -3.96688E-01
7.60062E-01 -3.98743E-01
7.66331E-01 -4.01493E-01
7.72847E-01 -4.02869E-01
7.79588E-01 -4.04931E-01
7.86529E-01 -4.06641E-01
7.93647E-01 -4.06962E-01
8.00916E-01 -4.07956E-01
8.08315E-01 -4.08585E-01
8.15818E-01 -4.08845E-01
8.23403E-01 -4.08733E-01
8.31048E-01 -4.09278E-01
8.38729E-01 -4.08411E-01
8.46425E-01 -4.07163E-01
8.54116E-01 -4.06563E-01
8.61779E-01 -4.04543E-01
8.69396E-01 -4.03167E-01
8.76947E-01 -4.01401E-01
8.84413E-01 -3.99242E-01
8.91775E-01 -3.96690E-01
8.99018E-01 -3.93742E-01
9.06123E-01 -3.90399E-01
9.13075E-01 -3.87693E-01
9.19859E-01 -3.83557E-01
9.26459E-01 -3.80058E-01
9.32863E-01 -3.76163E-01
9.39055E-01 -3.71873E-01
9.45025E-01 -3.67187E-01
9.50759E-01 -3.62108E-01
9.56246E-01 -3.56637E-01
9.61477E-01 -3.51808E-01
9.66439E-01 -3.45557E-01
9.71126E-01 -3.39953E-01
9.75527E-01 -3.33964E-01
9.79634E-01 -3.27594E-01
9.83439E-01 -3.20845E-01
9.86937E-01 -3.14753E-01
9.90121E-01 -3.07257E-01
9.92984E-01 -3.00425E-01
9.95523E-01 -2.93230E-01
9.97732E-01 -2.85674E-01
9.99608E-01 -2.77762E-01
1.00115E+00 -2.69500E-01
1.00235E+00 -2.61925E-01
1.00320E+00 -2.52976E-01
1.00372E+00 -2.44724E-01
1.00389E+00 -2.36143E-01
1.00372E+00 -2.27238E-01
1.00320E+00 -2.18016E-01
1.00235E+00 -2.09515E-01
1.00115E+00 -1.99676E-01
9.99608E-01 -1.90572E-01
9.97732E-01 -1.81177E-01
9.95523E-01 -1.71498E-01
9.92984E-01 -1.61542E-01
9.90121E-01 -1.51318E-01
9.86937E-01 -1.41865E-01
9.83440E-01 -1.31125E-01
9.79634E-01 -1.21173E-01
9.75527E-01 -1.10984E-01
9.71126E-01 -1.00566E-01
9.66440E-01 -8.99282E-02
9.61477E-01 -8.01116E-02
9.56247E-01 -6.90597E-02
9.50759E-01 -5.88469E-02
9.45025E-01 -4.84497E-02
9.39056E-01 -3.78774E-02
9.32863E-01 -2.71392E-02
9.26460E-01 -1.62447E-02
9.19859E-01 -5.20331E-03
9.13076E-01 4.94215E-03
9.06124E-01 1.62479E-02
8.99018E-01 2.66381E-02
8.91776E-01 3.71357E-02
8.84413E-01 4.77309E-02
8.76947E-01 5.84135E-02
8.69397E-01 6.91733E-02
8.61780E-01 8.00002E-02
8.54116E-01 8.98510E-02
8.46426E-01 1.00781E-01
8.38730E-01 1.10715E-01
8.31048E-01 1.20675E-01
8.23404E-01 1.31683E-01
8.15818E-01 1.41664E-01
8.08315E-01 1.51639E-01
8.00917E-01 1.61600E-01
7.93647E-01 1.71534E-01
7.86530E-01 1.80401E-01
7.79588E-01 1.90253E-01
7.72848E-01 2.00050E-01
7.66331E-01 2.08747E-01
7.60063E-01 2.18400E-01
7.54066E-01 2.26934E-01
7.48364E-01 2.35372E-01
7.42980E-01 2.44735E-01
7.37935E-01 2.52951E-01
7.33250E-01 2.61041E-01
7.28945E-01 2.68995E-01
7.25040E-01 2.77834E-01
7.21550E-01 2.85489E-01
7.18493E-01 2.92980E-01
7.15881E-01 3.00299E-01
7.13727E-01 3.07436E-01
7.12041E-01 3.14383E-01
7.10831E-01 3.21130E-01
7.10102E-01 3.27670E-01
7.09859E-01 3.33994E-01
