Will plot unflagged data


File # 1  = raise.vis
raise.vis 0.1514 GHz
Read 121 visibilities from all files

Baseline 1-2, plot 121 points
5.46046E-02 -6.68572E-03
5.46233E-02 -6.93091E-03
5.46793E-02 -7.17135E-03
5.47724E-02 -7.40687E-03
5.49021E-02 -7.63732E-03
5.50677E-02 -6.83702E-03
5.52686E-02 -7.05684E-03
5.55039E-02 -7.27113E-03
5.57723E-02 -7.47973E-03
5.60727E-02 -7.68250E-03
5.64038E-02 -7.87930E-03
5.67642E-02 -8.07001E-03
5.71522E-02 -8.25448E-03
5.75664E-02 -7.40693E-03
5.80050E-02 -7.57856E-03
5.84663E-02 -7.74359E-03
5.89485E-02 -7.90191E-03
5.94498E-02 -8.05341E-03
5.99683E-02 -8.19798E-03
6.05022E-02 -8.33552E-03
6.10497E-02 -8.46595E-03
6.16090E-02 -8.58918E-03
6.21781E-02 -8.70511E-03
6.27552E-02 -7.78794E-03
6.33387E-02 -7.88905E-03
6.39268E-02 -7.98265E-03
6.45176E-02 -8.06867E-03
6.51097E-02 -8.14707E-03
6.57012E-02 -8.21776E-03
6.62907E-02 -8.28071E-03
6.68766E-02 -8.33587E-03
6.74575E-02 -8.38322E-03
6.80317E-02 -8.42271E-03
6.85981E-02 -8.45432E-03
6.91552E-02 -7.45212E-03
6.97018E-02 -7.46791E-03
7.02366E-02 -7.47577E-03
7.07584E-02 -7.47569E-03
7.12661E-02 -7.46768E-03
7.17587E-02 -7.45174E-03
7.22350E-02 -7.42789E-03
7.26942E-02 -7.39612E-03
7.31353E-02 -7.35646E-03
7.35574E-02 -7.30897E-03
7.39597E-02 -7.25366E-03
7.43415E-02 -7.19056E-03
7.47020E-02 -7.11972E-03
7.50405E-02 -7.04119E-03
7.53564E-02 -6.95503E-03
7.56492E-02 -6.86129E-03
7.59182E-02 -6.76003E-03
7.61631E-02 -6.65133E-03
7.63834E-02 -6.53526E-03
7.65787E-02 -5.38586E-03
7.67486E-02 -5.25530E-03
7.68929E-02 -5.11762E-03
7.70113E-02 -4.97292E-03
7.71036E-02 -4.82129E-03
7.71696E-02 -4.66285E-03
7.72093E-02 -4.49769E-03
7.72225E-02 -4.32593E-03
7.72093E-02 -4.14770E-03
7.71696E-02 -3.96311E-03
7.71036E-02 -3.77229E-03
7.70113E-02 -3.57537E-03
7.68929E-02 -3.37248E-03
7.67486E-02 -3.16378E-03
7.65787E-02 -2.94939E-03
7.63834E-02 -3.75549E-03
7.61632E-02 -3.53018E-03
7.59183E-02 -3.29963E-03
7.56492E-02 -3.06401E-03
7.53564E-02 -2.82348E-03
7.50405E-02 -2.57820E-03
7.47020E-02 -2.32835E-03
7.43415E-02 -2.07409E-03
7.39598E-02 -1.81559E-03
7.35574E-02 -1.55304E-03
7.31353E-02 -1.28661E-03
7.26942E-02 -1.01649E-03
7.22350E-02 -7.42865E-04
7.17587E-02 -4.65917E-04
7.12661E-02 -1.85838E-04
7.07584E-02 9.71797E-05
7.02366E-02 3.82942E-04
6.97018E-02 6.71253E-04
6.91553E-02 9.61916E-04
6.85982E-02 2.28830E-04
6.80318E-02 5.23596E-04
6.74575E-02 8.20112E-04
6.68767E-02 1.11817E-03
6.62908E-02 1.41758E-03
6.57013E-02 1.71812E-03
6.51097E-02 2.01959E-03
6.45177E-02 2.32177E-03
6.39268E-02 2.62449E-03
6.33388E-02 2.92751E-03
6.27553E-02 3.23063E-03
6.21781E-02 2.50792E-03
6.16090E-02 2.81062E-03
6.10498E-02 3.11281E-03
6.05023E-02 3.41426E-03
5.99683E-02 3.71478E-03
5.94498E-02 4.01416E-03
5.89485E-02 4.31220E-03
5.84663E-02 4.60868E-03
5.80051E-02 4.90341E-03
5.75665E-02 5.19619E-03
5.71523E-02 4.46115E-03
5.67642E-02 4.74942E-03
5.64038E-02 5.03513E-03
5.60727E-02 5.31809E-03
5.57723E-02 5.59811E-03
5.55039E-02 5.87500E-03
5.52687E-02 6.14856E-03
5.50678E-02 6.41861E-03
5.49021E-02 5.65946E-03
5.47724E-02 5.92194E-03
5.46793E-02 6.18035E-03
5.46233E-02 6.43453E-03
5.46046E-02 6.68430E-03
