Will plot unflagged data


File # 1  = raise.vis
raise.vis 0.4786 GHz
Read 121 visibilities from all files

Baseline 2-4, plot 121 points
2.24477E+00 9.02819E-01
2.24554E+00 9.02817E-01
2.24784E+00 9.02814E-01
2.25167E+00 9.02809E-01
2.25700E+00 9.02802E-01
2.26381E+00 9.02793E-01
2.27207E+00 9.02782E-01
2.28174E+00 9.02769E-01
2.29278E+00 9.02755E-01
2.30513E+00 9.02738E-01
2.31874E+00 9.02720E-01
2.33355E+00 9.02700E-01
2.34951E+00 9.02680E-01
2.36653E+00 9.02657E-01
2.38456E+00 9.02632E-01
2.40353E+00 9.02606E-01
2.42335E+00 9.02578E-01
2.44396E+00 9.02548E-01
2.46527E+00 9.02516E-01
2.48722E+00 9.02487E-01
2.50973E+00 9.02452E-01
2.53272E+00 9.02420E-01
2.55612E+00 9.02382E-01
2.57984E+00 9.02348E-01
2.60383E+00 9.02311E-01
2.62800E+00 9.02274E-01
2.65229E+00 9.02241E-01
2.67663E+00 9.02201E-01
2.70095E+00 9.02166E-01
2.72519E+00 9.02124E-01
2.74927E+00 9.02086E-01
2.77315E+00 9.02048E-01
2.79676E+00 9.02009E-01
2.82004E+00 9.01976E-01
2.84294E+00 9.01935E-01
2.86541E+00 9.01900E-01
2.88740E+00 9.01865E-01
2.90885E+00 9.01829E-01
2.92972E+00 9.01792E-01
2.94997E+00 9.01762E-01
2.96955E+00 9.01725E-01
2.98843E+00 9.01694E-01
3.00656E+00 9.01663E-01
3.02392E+00 9.01632E-01
3.04046E+00 9.01608E-01
3.05615E+00 9.01576E-01
3.07097E+00 9.01552E-01
3.08489E+00 9.01527E-01
3.09787E+00 9.01502E-01
3.10991E+00 9.01486E-01
3.12097E+00 9.01461E-01
3.13104E+00 9.01444E-01
3.14009E+00 9.01427E-01
3.14812E+00 9.01418E-01
3.15510E+00 9.01401E-01
3.16104E+00 9.01392E-01
3.16590E+00 9.01384E-01
3.16970E+00 9.01375E-01
3.17241E+00 9.01375E-01
3.17404E+00 9.01367E-01
3.17459E+00 9.01367E-01
3.17404E+00 9.01367E-01
3.17241E+00 9.01375E-01
3.16970E+00 9.01375E-01
3.16590E+00 9.01384E-01
3.16104E+00 9.01392E-01
3.15511E+00 9.01401E-01
3.14812E+00 9.01418E-01
3.14009E+00 9.01427E-01
3.13104E+00 9.01444E-01
3.12097E+00 9.01461E-01
3.10991E+00 9.01485E-01
3.09787E+00 9.01502E-01
3.08489E+00 9.01527E-01
3.07097E+00 9.01551E-01
3.05615E+00 9.01576E-01
3.04046E+00 9.01608E-01
3.02392E+00 9.01632E-01
3.00656E+00 9.01663E-01
2.98843E+00 9.01694E-01
2.96955E+00 9.01725E-01
2.94997E+00 9.01762E-01
2.92972E+00 9.01792E-01
2.90885E+00 9.01829E-01
2.88740E+00 9.01865E-01
2.86541E+00 9.01900E-01
2.84295E+00 9.01935E-01
2.82004E+00 9.01976E-01
2.79676E+00 9.02009E-01
2.77315E+00 9.02048E-01
2.74927E+00 9.02086E-01
2.72519E+00 9.02124E-01
2.70095E+00 9.02166E-01
2.67663E+00 9.02201E-01
2.65230E+00 9.02241E-01
2.62801E+00 9.02274E-01
2.60383E+00 9.02311E-01
2.57984E+00 9.02347E-01
2.55612E+00 9.02382E-01
2.53272E+00 9.02420E-01
2.50973E+00 9.02452E-01
2.48722E+00 9.02487E-01
2.46528E+00 9.02516E-01
2.44396E+00 9.02548E-01
2.42335E+00 9.02578E-01
2.40353E+00 9.02606E-01
2.38457E+00 9.02632E-01
2.36653E+00 9.02657E-01
2.34951E+00 9.02679E-01
2.33355E+00 9.02700E-01
2.31874E+00 9.02720E-01
2.30513E+00 9.02737E-01
2.29278E+00 9.02755E-01
2.28174E+00 9.02769E-01
2.27207E+00 9.02782E-01
2.26381E+00 9.02793E-01
2.25700E+00 9.02802E-01
2.25167E+00 9.02809E-01
2.24784E+00 9.02814E-01
2.24554E+00 9.02817E-01
2.24477E+00 9.02819E-01
