Will plot unflagged data


File # 1  = raise.vis
raise.vis 0.4786 GHz
Read 121 visibilities from all files

Baseline 2-4, plot 121 points
2.24477E+00 -4.77915E-01
2.24554E+00 -4.86210E-01
2.24784E+00 -4.95182E-01
2.25167E+00 -5.02769E-01
2.25700E+00 -5.11014E-01
2.26381E+00 -5.17851E-01
2.27207E+00 -5.25326E-01
2.28174E+00 -5.31371E-01
2.29278E+00 -5.38037E-01
2.30513E+00 -5.43251E-01
2.31874E+00 -5.49067E-01
2.33355E+00 -5.54445E-01
2.34951E+00 -5.59376E-01
2.36653E+00 -5.63850E-01
2.38456E+00 -5.67860E-01
2.40353E+00 -5.71396E-01
2.42335E+00 -5.74453E-01
2.44396E+00 -5.77020E-01
2.46527E+00 -5.79093E-01
2.48722E+00 -5.81695E-01
2.50973E+00 -5.82756E-01
2.53272E+00 -5.84335E-01
2.55612E+00 -5.84359E-01
2.57984E+00 -5.84889E-01
2.60383E+00 -5.84887E-01
2.62800E+00 -5.84348E-01
2.65229E+00 -5.84301E-01
2.67663E+00 -5.82675E-01
2.70095E+00 -5.81532E-01
2.72519E+00 -5.78804E-01
2.74927E+00 -5.76553E-01
2.77315E+00 -5.73744E-01
2.79676E+00 -5.70374E-01
2.82004E+00 -5.67473E-01
2.84294E+00 -5.62976E-01
2.86541E+00 -5.58946E-01
2.88740E+00 -5.54350E-01
2.90885E+00 -5.49188E-01
2.92972E+00 -5.43459E-01
2.94997E+00 -5.38196E-01
2.96955E+00 -5.31337E-01
2.98843E+00 -5.24945E-01
3.00656E+00 -5.17990E-01
3.02392E+00 -5.10475E-01
3.04046E+00 -5.03431E-01
3.05615E+00 -4.94802E-01
3.07097E+00 -4.86651E-01
3.08489E+00 -4.77950E-01
3.09787E+00 -4.68704E-01
3.10991E+00 -4.59945E-01
3.12097E+00 -4.49621E-01
3.13104E+00 -4.39794E-01
3.14009E+00 -4.29441E-01
3.14812E+00 -4.19594E-01
3.15510E+00 -4.08205E-01
3.16104E+00 -3.97334E-01
3.16590E+00 -3.85962E-01
3.16970E+00 -3.74095E-01
3.17241E+00 -3.62768E-01
3.17404E+00 -3.49933E-01
3.17459E+00 -3.37655E-01
3.17404E+00 -3.24913E-01
3.17241E+00 -3.12743E-01
3.16970E+00 -2.99102E-01
3.16590E+00 -2.86051E-01
3.16104E+00 -2.72574E-01
3.15511E+00 -2.58680E-01
3.14812E+00 -2.45408E-01
3.14009E+00 -2.30713E-01
3.13104E+00 -2.16661E-01
3.12097E+00 -2.02235E-01
3.10991E+00 -1.88476E-01
3.09787E+00 -1.73337E-01
3.08489E+00 -1.58888E-01
3.07097E+00 -1.44113E-01
3.05615E+00 -1.29023E-01
3.04046E+00 -1.14661E-01
3.02392E+00 -9.89808E-02
3.00656E+00 -8.40537E-02
2.98843E+00 -6.88637E-02
2.96955E+00 -5.34238E-02
2.94997E+00 -3.87782E-02
2.92972E+00 -2.28790E-02
2.90885E+00 -7.80175E-03
2.88740E+00 7.47051E-03
2.86541E+00 2.29241E-02
2.84295E+00 3.85450E-02
2.82004E+00 5.32867E-02
2.79676E+00 6.91993E-02
2.77315E+00 8.42039E-02
2.74927E+00 9.93181E-02
2.72519E+00 1.14528E-01
2.70095E+00 1.28785E-01
2.67663E+00 1.44141E-01
2.65230E+00 1.58516E-01
2.62801E+00 1.73960E-01
2.60383E+00 1.88393E-01
2.57984E+00 2.02833E-01
2.55612E+00 2.17265E-01
2.53272E+00 2.30642E-01
2.50973E+00 2.45014E-01
2.48722E+00 2.58302E-01
2.46528E+00 2.72555E-01
2.44396E+00 2.85695E-01
2.42335E+00 2.98739E-01
2.40353E+00 3.11672E-01
2.38457E+00 3.24482E-01
2.36653E+00 3.37152E-01
2.34951E+00 3.49670E-01
2.33355E+00 3.62021E-01
2.31874E+00 3.74191E-01
2.30513E+00 3.86166E-01
2.29278E+00 3.96903E-01
2.28174E+00 4.08450E-01
2.27207E+00 4.18733E-01
2.26381E+00 4.29799E-01
2.25700E+00 4.39577E-01
2.25167E+00 4.50112E-01
2.24784E+00 4.59335E-01
2.24554E+00 4.69290E-01
2.24477E+00 4.77912E-01
