Will plot unflagged data


File # 1  = raise.vis
raise.vis 1.5136 GHz
Read 121 visibilities from all files

Baseline 4-5, plot 121 points
2.29339E+00 -2.89140E-01
2.29418E+00 -2.94616E-01
2.29653E+00 -2.99884E-01
2.30044E+00 -3.03908E-01
2.30589E+00 -3.08738E-01
2.31285E+00 -3.13339E-01
2.32128E+00 -3.17704E-01
2.33116E+00 -3.21827E-01
2.34244E+00 -3.25703E-01
2.35505E+00 -3.29325E-01
2.36896E+00 -3.32686E-01
2.38410E+00 -3.35783E-01
2.40039E+00 -3.38608E-01
2.41779E+00 -3.41157E-01
2.43621E+00 -3.43425E-01
2.45559E+00 -3.45405E-01
2.47584E+00 -3.47095E-01
2.49689E+00 -3.49521E-01
2.51867E+00 -3.50614E-01
2.54109E+00 -3.51403E-01
2.56409E+00 -3.52916E-01
2.58758E+00 -3.53084E-01
2.61148E+00 -3.53968E-01
2.63572E+00 -3.54534E-01
2.66023E+00 -3.53744E-01
2.68492E+00 -3.53662E-01
2.70974E+00 -3.53252E-01
2.73461E+00 -3.52511E-01
2.75945E+00 -3.51437E-01
2.78421E+00 -3.50029E-01
2.80882E+00 -3.49316E-01
2.83321E+00 -3.47232E-01
2.85733E+00 -3.45842E-01
2.88112E+00 -3.43077E-01
2.90452E+00 -3.41004E-01
2.92748E+00 -3.38588E-01
2.94994E+00 -3.35829E-01
2.97185E+00 -3.32726E-01
2.99318E+00 -3.29281E-01
3.01386E+00 -3.25493E-01
3.03387E+00 -3.21362E-01
3.05316E+00 -3.17922E-01
3.07168E+00 -3.13109E-01
3.08941E+00 -3.08988E-01
3.10631E+00 -3.04530E-01
3.12234E+00 -2.99735E-01
3.13748E+00 -2.94605E-01
3.15170E+00 -2.89143E-01
3.16497E+00 -2.83350E-01
3.17727E+00 -2.78263E-01
3.18857E+00 -2.71817E-01
3.19885E+00 -2.66083E-01
3.20810E+00 -2.60030E-01
3.21630E+00 -2.53661E-01
3.22344E+00 -2.46981E-01
3.22950E+00 -2.39993E-01
3.23447E+00 -2.33734E-01
3.23835E+00 -2.26143E-01
3.24112E+00 -2.19290E-01
3.24279E+00 -2.12147E-01
3.24335E+00 -2.04718E-01
3.24279E+00 -1.97009E-01
3.24112E+00 -1.89026E-01
3.23835E+00 -1.80772E-01
3.23447E+00 -1.73288E-01
3.22950E+00 -1.64513E-01
3.22344E+00 -1.56518E-01
3.21631E+00 -1.48278E-01
3.20810E+00 -1.39799E-01
3.19885E+00 -1.31087E-01
3.18857E+00 -1.22148E-01
3.17727E+00 -1.14023E-01
3.16497E+00 -1.04652E-01
3.15170E+00 -9.61096E-02
3.13748E+00 -8.73689E-02
3.12234E+00 -7.84374E-02
3.10631E+00 -6.93230E-02
3.08941E+00 -6.00332E-02
3.07168E+00 -5.05757E-02
3.05316E+00 -4.19915E-02
3.03387E+00 -3.22226E-02
3.01387E+00 -2.33430E-02
2.99318E+00 -1.43280E-02
2.97185E+00 -5.18600E-03
2.94994E+00 4.07479E-03
2.92748E+00 1.34458E-02
2.90452E+00 2.29186E-02
2.88112E+00 3.24845E-02
2.85733E+00 4.11019E-02
2.83321E+00 5.08281E-02
2.80882E+00 5.95882E-02
2.78421E+00 6.94394E-02
2.75945E+00 7.83069E-02
2.73461E+00 8.72150E-02
2.70974E+00 9.61545E-02
2.68493E+00 1.05117E-01
2.66023E+00 1.14092E-01
2.63572E+00 1.22040E-01
2.61148E+00 1.31016E-01
2.58758E+00 1.39979E-01
2.56409E+00 1.47888E-01
2.54110E+00 1.56798E-01
2.51867E+00 1.64635E-01
2.49689E+00 1.72425E-01
2.47584E+00 1.81188E-01
2.45559E+00 1.88854E-01
2.43621E+00 1.96445E-01
2.41779E+00 2.03952E-01
2.40040E+00 2.11367E-01
2.38410E+00 2.18682E-01
2.36896E+00 2.25887E-01
2.35505E+00 2.32976E-01
2.34244E+00 2.39939E-01
2.33116E+00 2.46768E-01
2.32128E+00 2.53455E-01
2.31285E+00 2.59992E-01
2.30589E+00 2.66372E-01
2.30044E+00 2.72587E-01
2.29653E+00 2.77602E-01
2.29418E+00 2.83464E-01
2.29339E+00 2.89138E-01
