Will plot unflagged data


File # 1  = raise.vis
raise.vis 1.5136 GHz
Read 121 visibilities from all files

Baseline 4-5, plot 121 points
2.29339E+00 8.18823E-02
2.29418E+00 8.18823E-02
2.29653E+00 8.18823E-02
2.30044E+00 8.18821E-02
2.30589E+00 8.18820E-02
2.31285E+00 8.18818E-02
2.32128E+00 8.18816E-02
2.33116E+00 8.18814E-02
2.34244E+00 8.18812E-02
2.35505E+00 8.18809E-02
2.36896E+00 8.18805E-02
2.38410E+00 8.18802E-02
2.40039E+00 8.18798E-02
2.41779E+00 8.18794E-02
2.43621E+00 8.18789E-02
2.45559E+00 8.18784E-02
2.47584E+00 8.18779E-02
2.49689E+00 8.18774E-02
2.51867E+00 8.18769E-02
2.54109E+00 8.18763E-02
2.56409E+00 8.18757E-02
2.58758E+00 8.18751E-02
2.61148E+00 8.18745E-02
2.63572E+00 8.18739E-02
2.66023E+00 8.18731E-02
2.68492E+00 8.18725E-02
2.70974E+00 8.18718E-02
2.73461E+00 8.18712E-02
2.75945E+00 8.18704E-02
2.78421E+00 8.18697E-02
2.80882E+00 8.18692E-02
2.83321E+00 8.18684E-02
2.85733E+00 8.18678E-02
2.88112E+00 8.18670E-02
2.90452E+00 8.18664E-02
2.92748E+00 8.18658E-02
2.94994E+00 8.18651E-02
2.97185E+00 8.18645E-02
2.99318E+00 8.18638E-02
3.01386E+00 8.18631E-02
3.03387E+00 8.18624E-02
3.05316E+00 8.18620E-02
3.07168E+00 8.18613E-02
3.08941E+00 8.18608E-02
3.10631E+00 8.18603E-02
3.12234E+00 8.18598E-02
3.13748E+00 8.18593E-02
3.15170E+00 8.18588E-02
3.16497E+00 8.18583E-02
3.17727E+00 8.18580E-02
3.18857E+00 8.18575E-02
3.19885E+00 8.18572E-02
3.20810E+00 8.18570E-02
3.21630E+00 8.18567E-02
3.22344E+00 8.18565E-02
3.22950E+00 8.18562E-02
3.23447E+00 8.18562E-02
3.23835E+00 8.18559E-02
3.24112E+00 8.18559E-02
3.24279E+00 8.18559E-02
3.24335E+00 8.18559E-02
3.24279E+00 8.18559E-02
3.24112E+00 8.18559E-02
3.23835E+00 8.18559E-02
3.23447E+00 8.18562E-02
3.22950E+00 8.18562E-02
3.22344E+00 8.18565E-02
3.21631E+00 8.18567E-02
3.20810E+00 8.18570E-02
3.19885E+00 8.18572E-02
3.18857E+00 8.18575E-02
3.17727E+00 8.18580E-02
3.16497E+00 8.18583E-02
3.15170E+00 8.18588E-02
3.13748E+00 8.18593E-02
3.12234E+00 8.18598E-02
3.10631E+00 8.18603E-02
3.08941E+00 8.18608E-02
3.07168E+00 8.18613E-02
3.05316E+00 8.18620E-02
3.03387E+00 8.18624E-02
3.01387E+00 8.18631E-02
2.99318E+00 8.18638E-02
2.97185E+00 8.18645E-02
2.94994E+00 8.18651E-02
2.92748E+00 8.18658E-02
2.90452E+00 8.18664E-02
2.88112E+00 8.18670E-02
2.85733E+00 8.18678E-02
2.83321E+00 8.18684E-02
2.80882E+00 8.18692E-02
2.78421E+00 8.18697E-02
2.75945E+00 8.18704E-02
2.73461E+00 8.18711E-02
2.70974E+00 8.18718E-02
2.68493E+00 8.18725E-02
2.66023E+00 8.18731E-02
2.63572E+00 8.18739E-02
2.61148E+00 8.18745E-02
2.58758E+00 8.18750E-02
2.56409E+00 8.18758E-02
2.54110E+00 8.18763E-02
2.51867E+00 8.18769E-02
2.49689E+00 8.18775E-02
2.47584E+00 8.18779E-02
2.45559E+00 8.18784E-02
2.43621E+00 8.18789E-02
2.41779E+00 8.18794E-02
2.40040E+00 8.18798E-02
2.38410E+00 8.18802E-02
2.36896E+00 8.18805E-02
2.35505E+00 8.18809E-02
2.34244E+00 8.18812E-02
2.33116E+00 8.18814E-02
2.32128E+00 8.18816E-02
2.31285E+00 8.18818E-02
2.30589E+00 8.18820E-02
2.30044E+00 8.18821E-02
2.29653E+00 8.18822E-02
2.29418E+00 8.18823E-02
2.29339E+00 8.18823E-02
