Will plot unflagged data


File # 1  = raise.vis
raise.vis 1.5136 GHz
Read 121 visibilities from all files

Baseline 3-4, plot 121 points
1.47432E+00 1.78181E-01
1.47483E+00 1.78181E-01
1.47634E+00 1.78181E-01
1.47885E+00 1.78181E-01
1.48236E+00 1.78181E-01
1.48683E+00 1.78181E-01
1.49225E+00 1.78180E-01
1.49860E+00 1.78180E-01
1.50585E+00 1.78180E-01
1.51396E+00 1.78179E-01
1.52290E+00 1.78179E-01
1.53263E+00 1.78178E-01
1.54311E+00 1.78178E-01
1.55429E+00 1.78178E-01
1.56614E+00 1.78177E-01
1.57859E+00 1.78177E-01
1.59161E+00 1.78176E-01
1.60514E+00 1.78175E-01
1.61914E+00 1.78175E-01
1.63356E+00 1.78174E-01
1.64834E+00 1.78173E-01
1.66344E+00 1.78172E-01
1.67881E+00 1.78172E-01
1.69439E+00 1.78171E-01
1.71015E+00 1.78170E-01
1.72602E+00 1.78170E-01
1.74198E+00 1.78169E-01
1.75796E+00 1.78168E-01
1.77393E+00 1.78167E-01
1.78985E+00 1.78166E-01
1.80567E+00 1.78165E-01
1.82135E+00 1.78165E-01
1.83686E+00 1.78164E-01
1.85215E+00 1.78163E-01
1.86719E+00 1.78162E-01
1.88195E+00 1.78162E-01
1.89639E+00 1.78161E-01
1.91048E+00 1.78160E-01
1.92418E+00 1.78159E-01
1.93748E+00 1.78158E-01
1.95035E+00 1.78158E-01
1.96274E+00 1.78157E-01
1.97465E+00 1.78157E-01
1.98605E+00 1.78156E-01
1.99691E+00 1.78155E-01
2.00722E+00 1.78155E-01
2.01695E+00 1.78154E-01
2.02609E+00 1.78153E-01
2.03462E+00 1.78153E-01
2.04253E+00 1.78152E-01
2.04979E+00 1.78152E-01
2.05640E+00 1.78152E-01
2.06235E+00 1.78151E-01
2.06762E+00 1.78151E-01
2.07221E+00 1.78151E-01
2.07611E+00 1.78150E-01
2.07930E+00 1.78150E-01
2.08180E+00 1.78151E-01
2.08358E+00 1.78150E-01
2.08465E+00 1.78150E-01
2.08501E+00 1.78150E-01
2.08465E+00 1.78150E-01
2.08358E+00 1.78150E-01
2.08180E+00 1.78151E-01
2.07930E+00 1.78150E-01
2.07611E+00 1.78150E-01
2.07221E+00 1.78151E-01
2.06762E+00 1.78151E-01
2.06235E+00 1.78151E-01
2.05641E+00 1.78152E-01
2.04979E+00 1.78152E-01
2.04253E+00 1.78152E-01
2.03462E+00 1.78153E-01
2.02609E+00 1.78153E-01
2.01695E+00 1.78154E-01
2.00722E+00 1.78155E-01
1.99691E+00 1.78155E-01
1.98605E+00 1.78156E-01
1.97465E+00 1.78157E-01
1.96274E+00 1.78157E-01
1.95035E+00 1.78158E-01
1.93748E+00 1.78158E-01
1.92419E+00 1.78159E-01
1.91048E+00 1.78160E-01
1.89639E+00 1.78161E-01
1.88195E+00 1.78162E-01
1.86719E+00 1.78162E-01
1.85215E+00 1.78163E-01
1.83686E+00 1.78164E-01
1.82135E+00 1.78165E-01
1.80567E+00 1.78165E-01
1.78985E+00 1.78166E-01
1.77393E+00 1.78167E-01
1.75796E+00 1.78168E-01
1.74198E+00 1.78169E-01
1.72602E+00 1.78170E-01
1.71015E+00 1.78170E-01
1.69439E+00 1.78171E-01
1.67881E+00 1.78172E-01
1.66344E+00 1.78172E-01
1.64834E+00 1.78173E-01
1.63356E+00 1.78174E-01
1.61915E+00 1.78175E-01
1.60514E+00 1.78175E-01
1.59161E+00 1.78176E-01
1.57859E+00 1.78177E-01
1.56614E+00 1.78177E-01
1.55429E+00 1.78178E-01
1.54311E+00 1.78178E-01
1.53263E+00 1.78179E-01
1.52290E+00 1.78179E-01
1.51396E+00 1.78179E-01
1.50585E+00 1.78180E-01
1.49860E+00 1.78180E-01
1.49225E+00 1.78180E-01
1.48683E+00 1.78181E-01
1.48236E+00 1.78181E-01
1.47885E+00 1.78181E-01
1.47634E+00 1.78181E-01
1.47483E+00 1.78181E-01
1.47432E+00 1.78181E-01
