Will plot unflagged data


File # 1  = raise.vis
raise.vis 1.5136 GHz
Read 121 visibilities from all files

Baseline 3-4, plot 121 points
1.47432E+00 -1.80496E-01
1.47483E+00 -1.84039E-01
1.47634E+00 -1.87453E-01
1.47885E+00 -1.89707E-01
1.48236E+00 -1.92848E-01
1.48683E+00 -1.95847E-01
1.49225E+00 -1.98700E-01
1.49860E+00 -2.00375E-01
1.50585E+00 -2.02922E-01
1.51396E+00 -2.05312E-01
1.52290E+00 -2.07539E-01
1.53263E+00 -2.09602E-01
1.54311E+00 -2.11495E-01
1.55429E+00 -2.13215E-01
1.56614E+00 -2.14760E-01
1.57859E+00 -2.16127E-01
1.59161E+00 -2.17311E-01
1.60514E+00 -2.18311E-01
1.61914E+00 -2.19123E-01
1.63356E+00 -2.19745E-01
1.64834E+00 -2.20174E-01
1.66344E+00 -2.20408E-01
1.67881E+00 -2.21476E-01
1.69439E+00 -2.21314E-01
1.71015E+00 -2.20950E-01
1.72602E+00 -2.21414E-01
1.74198E+00 -2.20642E-01
1.75796E+00 -2.20695E-01
1.77393E+00 -2.19509E-01
1.78985E+00 -2.19145E-01
1.80567E+00 -2.17539E-01
1.82135E+00 -2.16753E-01
1.83686E+00 -2.15755E-01
1.85215E+00 -2.14545E-01
1.86719E+00 -2.13121E-01
1.88195E+00 -2.11483E-01
1.89639E+00 -2.09630E-01
1.91048E+00 -2.07564E-01
1.92418E+00 -2.05283E-01
1.93748E+00 -2.02788E-01
1.95035E+00 -2.01111E-01
1.96274E+00 -1.98189E-01
1.97465E+00 -1.96086E-01
1.98605E+00 -1.92739E-01
1.99691E+00 -1.90213E-01
2.00722E+00 -1.87477E-01
2.01695E+00 -1.83499E-01
2.02609E+00 -1.80346E-01
2.03462E+00 -1.76987E-01
2.04253E+00 -1.73423E-01
2.04979E+00 -1.69657E-01
2.05640E+00 -1.66722E-01
2.06235E+00 -1.62555E-01
2.06762E+00 -1.58192E-01
2.07221E+00 -1.54667E-01
2.07611E+00 -1.49916E-01
2.07930E+00 -1.46009E-01
2.08180E+00 -1.41916E-01
2.08358E+00 -1.36605E-01
2.08465E+00 -1.32146E-01
2.08501E+00 -1.27508E-01
2.08465E+00 -1.22696E-01
2.08358E+00 -1.17712E-01
2.08180E+00 -1.13593E-01
2.07930E+00 -1.08276E-01
2.07611E+00 -1.02798E-01
2.07221E+00 -9.81952E-02
2.06762E+00 -9.24066E-02
2.06235E+00 -8.75012E-02
2.05641E+00 -8.24503E-02
2.04979E+00 -7.62255E-02
2.04253E+00 -7.08965E-02
2.03462E+00 -6.54348E-02
2.02609E+00 -5.98449E-02
2.01695E+00 -5.41314E-02
2.00722E+00 -4.93314E-02
1.99691E+00 -4.33846E-02
1.98605E+00 -3.73282E-02
1.97465E+00 -3.21997E-02
1.96274E+00 -2.59389E-02
1.95035E+00 -2.06158E-02
1.93748E+00 -1.41706E-02
1.92419E+00 -8.67318E-03
1.91048E+00 -3.09636E-03
1.89639E+00 2.55466E-03
1.88195E+00 8.27465E-03
1.86719E+00 1.40582E-02
1.85215E+00 1.98999E-02
1.83686E+00 2.57945E-02
1.82135E+00 3.17363E-02
1.80567E+00 3.77201E-02
1.78985E+00 4.27084E-02
1.77393E+00 4.87595E-02
1.75796E+00 5.38041E-02
1.74198E+00 5.99001E-02
1.72602E+00 6.49789E-02
1.71015E+00 7.10976E-02
1.69439E+00 7.61881E-02
1.67881E+00 8.12761E-02
1.66344E+00 8.73870E-02
1.64834E+00 9.24532E-02
1.63356E+00 9.75002E-02
1.61915E+00 1.02522E-01
1.60514E+00 1.07514E-01
1.59161E+00 1.12470E-01
1.57859E+00 1.17385E-01
1.56614E+00 1.22254E-01
1.55429E+00 1.27069E-01
1.54311E+00 1.31828E-01
1.53263E+00 1.36523E-01
1.52290E+00 1.41151E-01
1.51396E+00 1.45705E-01
1.50585E+00 1.50180E-01
1.49860E+00 1.54571E-01
1.49225E+00 1.57846E-01
1.48683E+00 1.62055E-01
1.48236E+00 1.66165E-01
1.47885E+00 1.70171E-01
1.47634E+00 1.73043E-01
1.47483E+00 1.76828E-01
1.47432E+00 1.80494E-01
