Will plot unflagged data


File # 1  = raise.vis
raise.vis 0.4786 GHz
Read 121 visibilities from all files

Baseline 2-4, plot 121 points
2.24477E+00 8.63257E-02
2.24554E+00 8.63257E-02
2.24784E+00 8.63257E-02
2.25167E+00 8.63257E-02
2.25700E+00 8.63256E-02
2.26381E+00 8.63255E-02
2.27207E+00 8.63254E-02
2.28174E+00 8.63253E-02
2.29278E+00 8.63252E-02
2.30513E+00 8.63250E-02
2.31874E+00 8.63249E-02
2.33355E+00 8.63247E-02
2.34951E+00 8.63245E-02
2.36653E+00 8.63243E-02
2.38456E+00 8.63241E-02
2.40353E+00 8.63238E-02
2.42335E+00 8.63237E-02
2.44396E+00 8.63234E-02
2.46527E+00 8.63231E-02
2.48722E+00 8.63229E-02
2.50973E+00 8.63226E-02
2.53272E+00 8.63224E-02
2.55612E+00 8.63220E-02
2.57984E+00 8.63218E-02
2.60383E+00 8.63214E-02
2.62800E+00 8.63211E-02
2.65229E+00 8.63208E-02
2.67663E+00 8.63206E-02
2.70095E+00 8.63201E-02
2.72519E+00 8.63198E-02
2.74927E+00 8.63196E-02
2.77315E+00 8.63192E-02
2.79676E+00 8.63189E-02
2.82004E+00 8.63186E-02
2.84294E+00 8.63182E-02
2.86541E+00 8.63181E-02
2.88740E+00 8.63177E-02
2.90885E+00 8.63173E-02
2.92972E+00 8.63170E-02
2.94997E+00 8.63168E-02
2.96955E+00 8.63164E-02
2.98843E+00 8.63162E-02
3.00656E+00 8.63160E-02
3.02392E+00 8.63156E-02
3.04046E+00 8.63154E-02
3.05615E+00 8.63152E-02
3.07097E+00 8.63150E-02
3.08489E+00 8.63148E-02
3.09787E+00 8.63146E-02
3.10991E+00 8.63144E-02
3.12097E+00 8.63142E-02
3.13104E+00 8.63142E-02
3.14009E+00 8.63140E-02
3.14812E+00 8.63138E-02
3.15510E+00 8.63137E-02
3.16104E+00 8.63135E-02
3.16590E+00 8.63135E-02
3.16970E+00 8.63135E-02
3.17241E+00 8.63135E-02
3.17404E+00 8.63133E-02
3.17459E+00 8.63133E-02
3.17404E+00 8.63133E-02
3.17241E+00 8.63135E-02
3.16970E+00 8.63135E-02
3.16590E+00 8.63135E-02
3.16104E+00 8.63135E-02
3.15511E+00 8.63137E-02
3.14812E+00 8.63138E-02
3.14009E+00 8.63140E-02
3.13104E+00 8.63142E-02
3.12097E+00 8.63142E-02
3.10991E+00 8.63144E-02
3.09787E+00 8.63146E-02
3.08489E+00 8.63148E-02
3.07097E+00 8.63150E-02
3.05615E+00 8.63152E-02
3.04046E+00 8.63154E-02
3.02392E+00 8.63156E-02
3.00656E+00 8.63160E-02
2.98843E+00 8.63162E-02
2.96955E+00 8.63164E-02
2.94997E+00 8.63168E-02
2.92972E+00 8.63170E-02
2.90885E+00 8.63173E-02
2.88740E+00 8.63177E-02
2.86541E+00 8.63181E-02
2.84295E+00 8.63182E-02
2.82004E+00 8.63186E-02
2.79676E+00 8.63189E-02
2.77315E+00 8.63192E-02
2.74927E+00 8.63195E-02
2.72519E+00 8.63198E-02
2.70095E+00 8.63201E-02
2.67663E+00 8.63206E-02
2.65230E+00 8.63209E-02
2.62801E+00 8.63211E-02
2.60383E+00 8.63214E-02
2.57984E+00 8.63218E-02
2.55612E+00 8.63220E-02
2.53272E+00 8.63224E-02
2.50973E+00 8.63226E-02
2.48722E+00 8.63229E-02
2.46528E+00 8.63231E-02
2.44396E+00 8.63234E-02
2.42335E+00 8.63237E-02
2.40353E+00 8.63239E-02
2.38457E+00 8.63241E-02
2.36653E+00 8.63243E-02
2.34951E+00 8.63246E-02
2.33355E+00 8.63247E-02
2.31874E+00 8.63249E-02
2.30513E+00 8.63250E-02
2.29278E+00 8.63252E-02
2.28174E+00 8.63253E-02
2.27207E+00 8.63254E-02
2.26381E+00 8.63255E-02
2.25700E+00 8.63256E-02
2.25167E+00 8.63256E-02
2.24784E+00 8.63257E-02
2.24554E+00 8.63257E-02
2.24477E+00 8.63257E-02
