Will plot unflagged data


File # 1  = raise.vis
raise.vis 0.4786 GHz
Read 121 visibilities from all files

Baseline 2-4, plot 121 points
2.24477E+00 -1.62640E-01
2.24554E+00 -1.65529E-01
2.24784E+00 -1.68300E-01
2.25167E+00 -1.70951E-01
2.25700E+00 -1.73478E-01
2.26381E+00 -1.75876E-01
2.27207E+00 -1.79169E-01
2.28174E+00 -1.81300E-01
2.29278E+00 -1.83291E-01
2.30513E+00 -1.85140E-01
2.31874E+00 -1.86843E-01
2.33355E+00 -1.88396E-01
2.34951E+00 -1.90826E-01
2.36653E+00 -1.92072E-01
2.38456E+00 -1.93159E-01
2.40353E+00 -1.94086E-01
2.42335E+00 -1.95878E-01
2.44396E+00 -1.96474E-01
2.46527E+00 -1.96901E-01
2.48722E+00 -1.98187E-01
2.50973E+00 -1.98269E-01
2.53272E+00 -1.99205E-01
2.55612E+00 -1.98934E-01
2.57984E+00 -1.99513E-01
2.60383E+00 -1.98880E-01
2.62800E+00 -1.99095E-01
2.65229E+00 -1.99125E-01
2.67663E+00 -1.98970E-01
2.70095E+00 -1.97595E-01
2.72519E+00 -1.97064E-01
2.74927E+00 -1.96343E-01
2.77315E+00 -1.95431E-01
2.79676E+00 -1.94329E-01
2.82004E+00 -1.93034E-01
2.84294E+00 -1.91547E-01
2.86541E+00 -1.90900E-01
2.88740E+00 -1.89027E-01
2.90885E+00 -1.86961E-01
2.92972E+00 -1.84702E-01
2.94997E+00 -1.83282E-01
2.96955E+00 -1.80637E-01
2.98843E+00 -1.78832E-01
3.00656E+00 -1.76836E-01
3.02392E+00 -1.73616E-01
3.04046E+00 -1.71238E-01
3.05615E+00 -1.68671E-01
3.07097E+00 -1.65915E-01
3.08489E+00 -1.62972E-01
3.09787E+00 -1.59843E-01
3.10991E+00 -1.56530E-01
3.12097E+00 -1.53034E-01
3.13104E+00 -1.50390E-01
3.14009E+00 -1.46534E-01
3.14812E+00 -1.42500E-01
3.15510E+00 -1.39323E-01
3.16104E+00 -1.34941E-01
3.16590E+00 -1.31421E-01
3.16970E+00 -1.27732E-01
3.17241E+00 -1.23877E-01
3.17404E+00 -1.18826E-01
3.17459E+00 -1.14648E-01
3.17404E+00 -1.10311E-01
3.17241E+00 -1.06853E-01
3.16970E+00 -1.02211E-01
3.16590E+00 -9.74197E-02
3.16104E+00 -9.24837E-02
3.15511E+00 -8.84384E-02
3.14812E+00 -8.32225E-02
3.14009E+00 -7.89042E-02
3.13104E+00 -7.44550E-02
3.12097E+00 -6.88460E-02
3.10991E+00 -6.41461E-02
3.09787E+00 -5.93266E-02
3.08489E+00 -5.43916E-02
3.07097E+00 -4.93453E-02
3.05615E+00 -4.41916E-02
3.04046E+00 -3.89350E-02
3.02392E+00 -3.35797E-02
3.00656E+00 -2.91623E-02
2.98843E+00 -2.36228E-02
2.96955E+00 -1.79979E-02
2.94997E+00 -1.33243E-02
2.92972E+00 -7.54237E-03
2.90885E+00 -2.72097E-03
2.88740E+00 2.16724E-03
2.86541E+00 7.11774E-03
2.84295E+00 1.31574E-02
2.82004E+00 1.82175E-02
2.79676E+00 2.33253E-02
2.77315E+00 2.84758E-02
2.74927E+00 3.36641E-02
2.72519E+00 3.88851E-02
2.70095E+00 4.41340E-02
2.67663E+00 4.83743E-02
2.65230E+00 5.36639E-02
2.62801E+00 5.89662E-02
2.60383E+00 6.42762E-02
2.57984E+00 6.85580E-02
2.55612E+00 7.38684E-02
2.53272E+00 7.81408E-02
2.50973E+00 8.34314E-02
2.48722E+00 8.76742E-02
2.46528E+00 9.29250E-02
2.44396E+00 9.71182E-02
2.42335E+00 1.01279E-01
2.40353E+00 1.06433E-01
2.38457E+00 1.10515E-01
2.36653E+00 1.14550E-01
2.34951E+00 1.18533E-01
2.33355E+00 1.23488E-01
2.31874E+00 1.27353E-01
2.30513E+00 1.31152E-01
2.29278E+00 1.34880E-01
2.28174E+00 1.38533E-01
2.27207E+00 1.42105E-01
2.26381E+00 1.46621E-01
2.25700E+00 1.50020E-01
2.25167E+00 1.53325E-01
2.24784E+00 1.56533E-01
2.24554E+00 1.59639E-01
2.24477E+00 1.62639E-01
