Will plot unflagged data


File # 1  = raise.vis
raise.vis 1.5136 GHz
Read 121 visibilities from all files

Baseline 1-2, plot 121 points
5.46046E-01 -1.47787E-01
5.46233E-01 -1.50131E-01
5.46793E-01 -1.53394E-01
5.47724E-01 -1.55522E-01
5.49021E-01 -1.57537E-01
5.50677E-01 -1.60462E-01
5.52687E-01 -1.62240E-01
5.55039E-01 -1.64922E-01
5.57723E-01 -1.66451E-01
5.60727E-01 -1.67849E-01
5.64038E-01 -1.70144E-01
5.67642E-01 -1.71274E-01
5.71522E-01 -1.73295E-01
5.75664E-01 -1.74146E-01
5.80050E-01 -1.75882E-01
5.84663E-01 -1.76442E-01
5.89485E-01 -1.77883E-01
5.94498E-01 -1.78144E-01
5.99683E-01 -1.79280E-01
6.05022E-01 -1.80261E-01
6.10497E-01 -1.80054E-01
6.16090E-01 -1.80717E-01
6.21781E-01 -1.81219E-01
6.27552E-01 -1.81558E-01
6.33387E-01 -1.80702E-01
6.39268E-01 -1.80709E-01
6.45176E-01 -1.80549E-01
6.51097E-01 -1.80220E-01
6.57012E-01 -1.79720E-01
6.62907E-01 -1.79050E-01
6.68766E-01 -1.78207E-01
6.74574E-01 -1.77191E-01
6.80317E-01 -1.77032E-01
6.85981E-01 -1.75668E-01
6.91552E-01 -1.74129E-01
6.97018E-01 -1.73446E-01
7.02366E-01 -1.71557E-01
7.07584E-01 -1.69492E-01
7.12661E-01 -1.68283E-01
7.17587E-01 -1.66899E-01
7.22350E-01 -1.64307E-01
7.26942E-01 -1.62573E-01
7.31353E-01 -1.60665E-01
7.35574E-01 -1.58583E-01
7.39597E-01 -1.55296E-01
7.43415E-01 -1.52869E-01
7.47020E-01 -1.50271E-01
7.50405E-01 -1.47503E-01
7.53564E-01 -1.45598E-01
7.56492E-01 -1.42494E-01
7.59183E-01 -1.39223E-01
7.61631E-01 -1.35788E-01
7.63834E-01 -1.33222E-01
7.65787E-01 -1.29462E-01
7.67486E-01 -1.26576E-01
7.68929E-01 -1.23532E-01
7.70113E-01 -1.19301E-01
7.71036E-01 -1.15949E-01
7.71696E-01 -1.12446E-01
7.72093E-01 -1.08795E-01
7.72225E-01 -1.04998E-01
7.72093E-01 -1.01058E-01
7.71696E-01 -9.69772E-02
7.71036E-01 -9.27587E-02
7.70113E-01 -8.84054E-02
7.68929E-01 -8.49524E-02
7.67486E-01 -8.03384E-02
7.65787E-01 -7.55988E-02
7.63834E-01 -7.17689E-02
7.61632E-01 -6.67879E-02
7.59183E-01 -6.27233E-02
7.56492E-01 -5.85467E-02
7.53564E-01 -5.42614E-02
7.50405E-01 -4.88391E-02
7.47020E-01 -4.43477E-02
7.43415E-01 -3.97588E-02
7.39598E-01 -3.50762E-02
7.35574E-01 -3.13361E-02
7.31353E-01 -2.64782E-02
7.26942E-01 -2.15385E-02
7.22350E-01 -1.65213E-02
7.17587E-01 -1.24626E-02
7.12661E-01 -7.30269E-03
7.07584E-01 -2.07776E-03
7.02366E-01 2.17610E-03
6.97018E-01 6.48649E-03
6.91553E-01 1.18805E-02
6.85982E-01 1.62907E-02
6.80318E-01 2.07442E-02
6.74575E-01 2.62678E-02
6.68767E-01 3.07944E-02
6.62908E-01 3.53508E-02
6.57013E-01 3.99325E-02
6.51097E-01 4.45349E-02
6.45177E-01 4.91536E-02
6.39268E-01 5.37839E-02
6.33388E-01 5.84212E-02
6.27553E-01 6.20304E-02
6.21781E-01 6.66682E-02
6.16090E-01 7.12993E-02
6.10498E-01 7.59191E-02
6.05023E-01 7.94931E-02
5.99683E-01 8.40767E-02
5.94498E-01 8.86356E-02
5.89485E-01 9.21353E-02
5.84663E-01 9.66307E-02
5.80051E-01 1.00058E-01
5.75665E-01 1.04473E-01
5.71523E-01 1.07811E-01
5.67642E-01 1.12126E-01
5.64038E-01 1.15357E-01
5.60727E-01 1.19556E-01
5.57723E-01 1.22663E-01
5.55039E-01 1.25701E-01
5.52687E-01 1.29693E-01
5.50677E-01 1.32582E-01
5.49021E-01 1.36417E-01
5.47724E-01 1.39139E-01
5.46793E-01 1.41773E-01
5.46233E-01 1.45340E-01
5.46046E-01 1.47785E-01
