Will plot unflagged data


File # 1  = point_source.vis
point_source.vis 0.1514 GHz
Read 1815 visibilities from all files

Plot 1815 points
-9.20869E-10 -5.46046E-02
-1.04058E-08 -6.17032E-01
-9.48495E-09 -5.62427E-01
-1.28922E-08 -7.64464E-01
-1.19713E-08 -7.09859E-01
-2.48635E-09 -1.47432E-01
-1.67598E-08 -9.93803E-01
-1.58389E-08 -9.39198E-01
-6.35400E-09 -3.76771E-01
-3.86765E-09 -2.29339E-01
-3.60981E-08 -2.14050E+00
-3.51772E-08 -2.08589E+00
-2.56923E-08 -1.52347E+00
-2.32059E-08 -1.37603E+00
-1.93383E-08 -1.14670E+00
-2.02148E-03 -5.45858E-02
-2.28427E-02 -6.16820E-01
-2.08212E-02 -5.62234E-01
-2.83007E-02 -7.64202E-01
-2.62792E-02 -7.09616E-01
-5.45798E-03 -1.47382E-01
-3.67909E-02 -9.93462E-01
-3.47694E-02 -9.38877E-01
-1.39482E-02 -3.76642E-01
-8.49020E-03 -2.29261E-01
-7.92419E-02 -2.13977E+00
-7.72204E-02 -2.08518E+00
-5.63992E-02 -1.52295E+00
-5.09412E-02 -1.37556E+00
-4.24510E-02 -1.14630E+00
-4.04153E-03 -5.45297E-02
-4.56693E-02 -6.16186E-01
-4.16277E-02 -5.61656E-01
-5.65814E-02 -7.63416E-01
-5.25399E-02 -7.08886E-01
-1.09121E-02 -1.47230E-01
-7.35558E-02 -9.92441E-01
-6.95143E-02 -9.37911E-01
-2.78865E-02 -3.76255E-01
-1.69744E-02 -2.29025E-01
-1.58428E-01 -2.13757E+00
-1.54386E-01 -2.08304E+00
-1.12759E-01 -1.52138E+00
-1.01847E-01 -1.37415E+00
-8.48721E-02 -1.14512E+00
-6.05881E-03 -5.44362E-02
-6.84646E-02 -6.15129E-01
-6.24058E-02 -5.60693E-01
-8.48233E-02 -7.62107E-01
-7.87645E-02 -7.07671E-01
-1.63588E-02 -1.46978E-01
-1.10270E-01 -9.90739E-01
-1.04212E-01 -9.36303E-01
-4.18058E-02 -3.75610E-01
-2.54470E-02 -2.28632E-01
-2.37505E-01 -2.13390E+00
-2.31447E-01 -2.07946E+00
-1.69041E-01 -1.51877E+00
-1.52682E-01 -1.37179E+00
-1.27235E-01 -1.14316E+00
-8.07194E-03 -5.43054E-02
-9.12129E-02 -6.13651E-01
-8.31410E-02 -5.59346E-01
-1.13007E-01 -7.60276E-01
-1.04935E-01 -7.05971E-01
-2.17942E-02 -1.46625E-01
-1.46909E-01 -9.88359E-01
-1.38837E-01 -9.34053E-01
-5.56964E-02 -3.74707E-01
-3.39022E-02 -2.28083E-01
-3.16420E-01 -2.12877E+00
-3.08348E-01 -2.07447E+00
-2.25207E-01 -1.51512E+00
-2.03413E-01 -1.36850E+00
-1.69511E-01 -1.14041E+00
-1.00796E-02 -5.41374E-02
-1.13899E-01 -6.11753E-01
-1.03820E-01 -5.57615E-01
-1.41114E-01 -7.57924E-01
-1.31034E-01 -7.03786E-01
-2.72149E-02 -1.46171E-01
-1.83448E-01 -9.85301E-01
-1.73369E-01 -9.31163E-01
-6.95491E-02 -3.73548E-01
-4.23342E-02 -2.27377E-01
-3.95119E-01 -2.12219E+00
-3.85040E-01 -2.06805E+00
-2.81220E-01 -1.51043E+00
-2.54005E-01 -1.36426E+00
-2.11671E-01 -1.13689E+00
-1.20803E-02 -5.39323E-02
-1.36507E-01 -6.09435E-01
-1.24427E-01 -5.55502E-01
-1.69124E-01 -7.55052E-01
-1.57043E-01 -7.01120E-01
-3.26167E-02 -1.45617E-01
-2.19861E-01 -9.81568E-01
-2.07781E-01 -9.27635E-01
-8.33538E-02 -3.72133E-01
-5.07371E-02 -2.26516E-01
-4.73546E-01 -2.11415E+00
-4.61466E-01 -2.06021E+00
-3.37040E-01 -1.50471E+00
-3.04423E-01 -1.35909E+00
-2.53686E-01 -1.13258E+00
-1.40727E-02 -5.36902E-02
-1.59021E-01 -6.06699E-01
-1.44949E-01 -5.53009E-01
-1.97017E-01 -7.51663E-01
-1.82945E-01 -6.97973E-01
-3.79962E-02 -1.44964E-01
-2.56123E-01 -9.77162E-01
-2.42050E-01 -9.23471E-01
-9.71015E-02 -3.70462E-01
-5.91053E-02 -2.25499E-01
-5.51649E-01 -2.10466E+00
-5.37576E-01 -2.05097E+00
-3.92628E-01 -1.49796E+00
-3.54632E-01 -1.35299E+00
-2.95526E-01 -1.12749E+00
-1.60554E-02 -5.34113E-02
-1.81427E-01 -6.03548E-01
-1.65371E-01 -5.50137E-01
-2.24776E-01 -7.47758E-01
-2.08721E-01 -6.94347E-01
-4.33497E-02 -1.44211E-01
-2.92209E-01 -9.72086E-01
-2.76154E-01 -9.18675E-01
-1.10783E-01 -3.68538E-01
-6.74329E-02 -2.24328E-01
-6.29373E-01 -2.09372E+00
-6.13318E-01 -2.04031E+00
-4.47947E-01 -1.49018E+00
-4.04597E-01 -1.34597E+00
-3.37164E-01 -1.12164E+00
-1.80272E-02 -5.30958E-02
-2.03708E-01 -5.99983E-01
-1.85681E-01 -5.46887E-01
-2.52381E-01 -7.43342E-01
-2.34354E-01 -6.90246E-01
-4.86736E-02 -1.43359E-01
-3.28096E-01 -9.66344E-01
-3.10069E-01 -9.13248E-01
-1.24388E-01 -3.66361E-01
-7.57144E-02 -2.23002E-01
-7.06668E-01 -2.08136E+00
-6.88641E-01 -2.02826E+00
-5.02960E-01 -1.48137E+00
-4.54287E-01 -1.33801E+00
-3.78572E-01 -1.11501E+00
-1.99867E-02 -5.27439E-02
-2.25849E-01 -5.96007E-01
-2.05863E-01 -5.43263E-01
-2.79813E-01 -7.38415E-01
-2.59826E-01 -6.85671E-01
-5.39640E-02 -1.42409E-01
-3.63757E-01 -9.59940E-01
-3.43770E-01 -9.07196E-01
-1.37908E-01 -3.63933E-01
-8.39439E-02 -2.21525E-01
-7.83477E-01 -2.06756E+00
-7.63490E-01 -2.01482E+00
-5.57628E-01 -1.47156E+00
-5.03664E-01 -1.32915E+00
-4.19720E-01 -1.10762E+00
-2.19324E-02 -5.23559E-02
-2.47836E-01 -5.91622E-01
-2.25903E-01 -5.39266E-01
-3.07053E-01 -7.32983E-01
-2.85121E-01 -6.80627E-01
-5.92174E-02 -1.41361E-01
-3.99169E-01 -9.52878E-01
-3.77237E-01 -9.00522E-01
-1.51333E-01 -3.61256E-01
-9.21159E-02 -2.19895E-01
-8.59749E-01 -2.05235E+00
-8.37816E-01 -2.00000E+00
-6.11913E-01 -1.46073E+00
-5.52696E-01 -1.31937E+00
-4.60580E-01 -1.09947E+00
-2.38630E-02 -5.19320E-02
-2.69652E-01 -5.86832E-01
-2.45789E-01 -5.34900E-01
-3.34083E-01 -7.27048E-01
-3.10220E-01 -6.75116E-01
-6.44302E-02 -1.40216E-01
-4.34307E-01 -9.45163E-01
-4.10444E-01 -8.93231E-01
-1.64655E-01 -3.58331E-01
-1.00225E-01 -2.18114E-01
-9.35431E-01 -2.03574E+00
-9.11568E-01 -1.98380E+00
-6.65779E-01 -1.44890E+00
-6.01349E-01 -1.30869E+00
-5.01124E-01 -1.09057E+00
-2.57774E-02 -5.14725E-02
-2.91285E-01 -5.81639E-01
-2.65507E-01 -5.30167E-01
-3.60884E-01 -7.20615E-01
-3.35106E-01 -6.69143E-01
-6.95990E-02 -1.38976E-01
-4.69149E-01 -9.36800E-01
-4.43371E-01 -8.85327E-01
-1.77864E-01 -3.55160E-01
-1.08265E-01 -2.16185E-01
-1.01047E+00 -2.01772E+00
-9.84697E-01 -1.96625E+00
-7.19190E-01 -1.43608E+00
-6.49591E-01 -1.29711E+00
-5.41325E-01 -1.08092E+00
-2.76741E-02 -5.09777E-02
-3.12717E-01 -5.76048E-01
-2.85043E-01 -5.25071E-01
-3.87437E-01 -7.13688E-01
-3.59763E-01 -6.62711E-01
-7.47200E-02 -1.37640E-01
-5.03668E-01 -9.27795E-01
-4.75994E-01 -8.76817E-01
-1.90951E-01 -3.51746E-01
-1.16231E-01 -2.14107E-01
-1.08482E+00 -1.99833E+00
-1.05715E+00 -1.94735E+00
-7.72106E-01 -1.42228E+00
-6.97386E-01 -1.28464E+00
-5.81155E-01 -1.07053E+00
-2.95518E-02 -5.04480E-02
-3.33935E-01 -5.70063E-01
-3.04383E-01 -5.19615E-01
-4.13725E-01 -7.06273E-01
-3.84173E-01 -6.55824E-01
-7.97897E-02 -1.36210E-01
-5.37842E-01 -9.18154E-01
-5.08290E-01 -8.67706E-01
-2.03907E-01 -3.48091E-01
-1.24117E-01 -2.11882E-01
-1.15843E+00 -1.97756E+00
-1.12888E+00 -1.92712E+00
-8.24494E-01 -1.40750E+00
-7.44704E-01 -1.27129E+00
-6.20587E-01 -1.05941E+00
-3.14092E-02 -4.98838E-02
-3.54924E-01 -5.63686E-01
-3.23515E-01 -5.13803E-01
-4.39729E-01 -6.98373E-01
-4.08319E-01 -6.48489E-01
-8.48048E-02 -1.34686E-01
-5.71647E-01 -9.07884E-01
-5.40238E-01 -8.58001E-01
-2.16723E-01 -3.44198E-01
-1.31919E-01 -2.09512E-01
-1.23124E+00 -1.95544E+00
-1.19983E+00 -1.90556E+00
-8.76316E-01 -1.39176E+00
-7.91512E-01 -1.25707E+00
-6.59593E-01 -1.04756E+00
-3.32451E-02 -4.92853E-02
-3.75670E-01 -5.56924E-01
-3.42425E-01 -5.07638E-01
-4.65432E-01 -6.89994E-01
-4.32187E-01 -6.40709E-01
-8.97619E-02 -1.33070E-01
-6.05062E-01 -8.96992E-01
-5.71816E-01 -8.47707E-01
-2.29391E-01 -3.40068E-01
-1.39630E-01 -2.06998E-01
-1.30321E+00 -1.93198E+00
-1.26996E+00 -1.88270E+00
-9.27539E-01 -1.37506E+00
-8.37778E-01 -1.24199E+00
-6.98148E-01 -1.03499E+00
-3.50583E-02 -4.86530E-02
-3.96158E-01 -5.49779E-01
-3.61100E-01 -5.01126E-01
-4.90816E-01 -6.81142E-01
-4.55757E-01 -6.32489E-01
-9.46573E-02 -1.31363E-01
-6.38060E-01 -8.85485E-01
-6.03002E-01 -8.36832E-01
-2.41902E-01 -3.35706E-01
-1.47245E-01 -2.04343E-01
-1.37428E+00 -1.90720E+00
-1.33923E+00 -1.85855E+00
-9.78126E-01 -1.35742E+00
-8.83468E-01 -1.22606E+00
-7.36224E-01 -1.02171E+00
-3.68474E-02 -4.79874E-02
-4.16375E-01 -5.42258E-01
-3.79528E-01 -4.94271E-01
-5.15863E-01 -6.71824E-01
-4.79016E-01 -6.23837E-01
-9.94879E-02 -1.29566E-01
-6.70622E-01 -8.73371E-01
-6.33775E-01 -8.25384E-01
-2.54247E-01 -3.31113E-01
-1.54759E-01 -2.01547E-01
-1.44442E+00 -1.88111E+00
-1.40757E+00 -1.83312E+00
-1.02804E+00 -1.33885E+00
-9.28554E-01 -1.20928E+00
-7.73795E-01 -1.00774E+00
-3.86112E-02 -4.72889E-02
-4.36307E-01 -5.34365E-01
-3.97696E-01 -4.87076E-01
-5.40557E-01 -6.62045E-01
-5.01946E-01 -6.14756E-01
-1.04250E-01 -1.27680E-01
-7.02725E-01 -8.60659E-01
-6.64113E-01 -8.13370E-01
-2.66418E-01 -3.26294E-01
-1.62167E-01 -1.98614E-01
-1.51356E+00 -1.85373E+00
-1.47495E+00 -1.80644E+00
-1.07725E+00 -1.31936E+00
-9.73004E-01 -1.19168E+00
-8.10836E-01 -9.93068E-01
-4.03486E-02 -4.65580E-02
-4.55940E-01 -5.26106E-01
-4.15591E-01 -4.79548E-01
-5.64881E-01 -6.51813E-01
-5.24532E-01 -6.05255E-01
-1.08941E-01 -1.25707E-01
-7.34345E-01 -8.47356E-01
-6.93996E-01 -8.00798E-01
-2.78406E-01 -3.21250E-01
-1.69464E-01 -1.95544E-01
-1.58167E+00 -1.82508E+00
-1.54132E+00 -1.77852E+00
-1.12573E+00 -1.29897E+00
-1.01679E+00 -1.17326E+00
-8.47321E-01 -9.77719E-01
-4.20584E-02 -4.57952E-02
-4.75259E-01 -5.17486E-01
-4.33201E-01 -4.71691E-01
-5.88817E-01 -6.41133E-01
-5.46759E-01 -5.95338E-01
-1.13558E-01 -1.23647E-01
-7.65462E-01 -8.33473E-01
-7.23404E-01 -7.87678E-01
-2.90203E-01 -3.15987E-01
-1.76645E-01 -1.92340E-01
-1.64869E+00 -1.79517E+00
-1.60663E+00 -1.74938E+00
-1.17343E+00 -1.27769E+00
-1.05987E+00 -1.15404E+00
-8.83226E-01 -9.61700E-01
-4.37393E-02 -4.50011E-02
-4.94254E-01 -5.08512E-01
-4.50514E-01 -4.63511E-01
-6.12350E-01 -6.30015E-01
-5.68611E-01 -5.85014E-01
-1.18096E-01 -1.21503E-01
-7.96055E-01 -8.19019E-01
-7.52315E-01 -7.74018E-01
-3.01801E-01 -3.10507E-01
-1.83705E-01 -1.89004E-01
-1.71458E+00 -1.76404E+00
-1.67084E+00 -1.71904E+00
-1.22033E+00 -1.25553E+00
-1.10223E+00 -1.13403E+00
-9.18525E-01 -9.45022E-01
-4.53902E-02 -4.41760E-02
-5.12909E-01 -4.99189E-01
-4.67519E-01 -4.55013E-01
-6.35463E-01 -6.18464E-01
-5.90073E-01 -5.74288E-01
-1.22554E-01 -1.19275E-01
-8.26102E-01 -8.04004E-01
-7.80712E-01 -7.59828E-01
-3.13192E-01 -3.04815E-01
-1.90639E-01 -1.85539E-01
-1.77930E+00 -1.73170E+00
-1.73391E+00 -1.68752E+00
-1.26639E+00 -1.23251E+00
-1.14383E+00 -1.11324E+00
-9.53194E-01 -9.27697E-01
-4.70101E-02 -4.33207E-02
-5.31214E-01 -4.89524E-01
-4.84204E-01 -4.46203E-01
-6.58141E-01 -6.06490E-01
-6.11131E-01 -5.63169E-01
-1.26927E-01 -1.16966E-01
-8.55583E-01 -7.88437E-01
-8.08573E-01 -7.45116E-01
-3.24369E-01 -2.98913E-01
-1.97442E-01 -1.81947E-01
-1.84279E+00 -1.69817E+00
-1.79578E+00 -1.65485E+00
-1.31158E+00 -1.20865E+00
-1.18465E+00 -1.09168E+00
-9.87211E-01 -9.09735E-01
-4.85977E-02 -4.24357E-02
-5.49154E-01 -4.79524E-01
-5.00556E-01 -4.37088E-01
-6.80367E-01 -5.94100E-01
-6.31770E-01 -5.51664E-01
-1.31214E-01 -1.14576E-01
-8.84478E-01 -7.72330E-01
-8.35880E-01 -7.29894E-01
-3.35324E-01 -2.92807E-01
-2.04110E-01 -1.78230E-01
-1.90503E+00 -1.66348E+00
-1.85643E+00 -1.62104E+00
-1.35588E+00 -1.18396E+00
-1.22466E+00 -1.06938E+00
-1.02055E+00 -8.91150E-01
-5.01520E-02 -4.15217E-02
-5.66717E-01 -4.69195E-01
-5.16565E-01 -4.27673E-01
-7.02128E-01 -5.81303E-01
-6.51976E-01 -5.39781E-01
-1.35410E-01 -1.12108E-01
-9.12766E-01 -7.55694E-01
-8.62614E-01 -7.14172E-01
-3.46049E-01 -2.86499E-01
-2.10638E-01 -1.74391E-01
-1.96596E+00 -1.62765E+00
-1.91581E+00 -1.58613E+00
-1.39924E+00 -1.15845E+00
-1.26383E+00 -1.04635E+00
-1.05319E+00 -8.71955E-01
-5.16719E-02 -4.05791E-02
-5.83893E-01 -4.58544E-01
-5.32221E-01 -4.17965E-01
-7.23407E-01 -5.68107E-01
-6.71735E-01 -5.27528E-01
-1.39514E-01 -1.09564E-01
-9.40429E-01 -7.38540E-01
-8.88757E-01 -6.97961E-01
-3.56536E-01 -2.79996E-01
-2.17022E-01 -1.70432E-01
-2.02554E+00 -1.59070E+00
-1.97387E+00 -1.55012E+00
-1.44165E+00 -1.13216E+00
-1.30213E+00 -1.02259E+00
-1.08511E+00 -8.52161E-01
-5.31564E-02 -3.96088E-02
-6.00668E-01 -4.47579E-01
-5.47511E-01 -4.07970E-01
-7.44190E-01 -5.54523E-01
-6.91034E-01 -5.14914E-01
-1.43522E-01 -1.06944E-01
-9.67447E-01 -7.20879E-01
-9.14291E-01 -6.81271E-01
-3.66779E-01 -2.73300E-01
-2.23257E-01 -1.66357E-01
-2.08373E+00 -1.55266E+00
-2.03058E+00 -1.51305E+00
-1.48306E+00 -1.10508E+00
-1.33954E+00 -9.98141E-01
-1.11629E+00 -8.31784E-01
-5.46045E-02 -3.86113E-02
-6.17031E-01 -4.36307E-01
-5.62427E-01 -3.97696E-01
-7.64463E-01 -5.40558E-01
-7.09859E-01 -5.01947E-01
-1.47432E-01 -1.04250E-01
-9.93802E-01 -7.02725E-01
-9.39198E-01 -6.64114E-01
-3.76771E-01 -2.66418E-01
-2.29339E-01 -1.62167E-01
-2.14050E+00 -1.51356E+00
-2.08589E+00 -1.47495E+00
-1.52347E+00 -1.07725E+00
-1.37603E+00 -9.73004E-01
-1.14670E+00 -8.10837E-01
-5.60152E-02 -3.75873E-02
-6.32972E-01 -4.24737E-01
-5.76956E-01 -3.87149E-01
-7.84213E-01 -5.26223E-01
-7.28197E-01 -4.88635E-01
-1.51241E-01 -1.01486E-01
-1.01948E+00 -6.84089E-01
-9.63461E-01 -6.46502E-01
-3.86505E-01 -2.59353E-01
-2.35264E-01 -1.57867E-01
-2.19580E+00 -1.47342E+00
-2.13978E+00 -1.43584E+00
-1.56282E+00 -1.04869E+00
-1.41158E+00 -9.47201E-01
-1.17632E+00 -7.89334E-01
-5.73875E-02 -3.65376E-02
-6.48478E-01 -4.12875E-01
-5.91091E-01 -3.76337E-01
-8.03424E-01 -5.11527E-01
-7.46037E-01 -4.74989E-01
-1.54946E-01 -9.86516E-02
-1.04445E+00 -6.64985E-01
-9.87064E-01 -6.28447E-01
-3.95973E-01 -2.52110E-01
-2.41027E-01 -1.53458E-01
-2.24959E+00 -1.43227E+00
-2.19220E+00 -1.39574E+00
-1.60111E+00 -1.01940E+00
-1.44616E+00 -9.20748E-01
-1.20514E+00 -7.67290E-01
-5.87204E-02 -3.54628E-02
-6.63541E-01 -4.00730E-01
-6.04820E-01 -3.65267E-01
-8.22086E-01 -4.96480E-01
-7.63366E-01 -4.61017E-01
-1.58545E-01 -9.57497E-02
-1.06871E+00 -6.45424E-01
-1.00999E+00 -6.09961E-01
-4.05171E-01 -2.44694E-01
-2.46626E-01 -1.48944E-01
-2.30184E+00 -1.39014E+00
-2.24312E+00 -1.35468E+00
-1.63830E+00 -9.89414E-01
-1.47975E+00 -8.93664E-01
-1.23313E+00 -7.44720E-01
-6.00131E-02 -3.43638E-02
-6.78148E-01 -3.88311E-01
-6.18135E-01 -3.53947E-01
-8.40184E-01 -4.81093E-01
-7.80171E-01 -4.46729E-01
-1.62035E-01 -9.27822E-02
-1.09224E+00 -6.25421E-01
-1.03223E+00 -5.91057E-01
-4.14091E-01 -2.37110E-01
-2.52055E-01 -1.44328E-01
-2.35251E+00 -1.34706E+00
-2.29250E+00 -1.31270E+00
-1.67437E+00 -9.58750E-01
-1.51233E+00 -8.65968E-01
-1.26028E+00 -7.21640E-01
-6.12647E-02 -3.32412E-02
-6.92291E-01 -3.75625E-01
-6.31026E-01 -3.42384E-01
-8.57706E-01 -4.65377E-01
-7.96441E-01 -4.32135E-01
-1.65415E-01 -8.97512E-02
-1.11502E+00 -6.04990E-01
-1.05375E+00 -5.71748E-01
-4.22726E-01 -2.29364E-01
-2.57312E-01 -1.39613E-01
-2.40158E+00 -1.30305E+00
-2.34031E+00 -1.26981E+00
-1.70929E+00 -9.27429E-01
-1.54387E+00 -8.37678E-01
-1.28656E+00 -6.98065E-01
-6.24743E-02 -3.20958E-02
-7.05959E-01 -3.62682E-01
-6.43485E-01 -3.30586E-01
-8.74640E-01 -4.49341E-01
-8.12166E-01 -4.17245E-01
-1.68681E-01 -8.66586E-02
-1.13703E+00 -5.84143E-01
-1.07456E+00 -5.52047E-01
-4.31073E-01 -2.21461E-01
-2.62392E-01 -1.34802E-01
-2.44899E+00 -1.25815E+00
-2.38652E+00 -1.22606E+00
-1.74303E+00 -8.95472E-01
-1.57435E+00 -8.08814E-01
-1.31196E+00 -6.74011E-01
-6.36411E-02 -3.09284E-02
-7.19144E-01 -3.49491E-01
-6.55503E-01 -3.18562E-01
-8.90975E-01 -4.32997E-01
-8.27334E-01 -4.02069E-01
-1.71831E-01 -8.35067E-02
-1.15827E+00 -5.62897E-01
-1.09463E+00 -5.31968E-01
-4.39123E-01 -2.13406E-01
-2.67292E-01 -1.29899E-01
-2.49473E+00 -1.21239E+00
-2.43109E+00 -1.18146E+00
-1.77559E+00 -8.62902E-01
-1.60375E+00 -7.79396E-01
-1.33646E+00 -6.49496E-01
-6.47642E-02 -2.97398E-02
-7.31835E-01 -3.36060E-01
-6.67071E-01 -3.06320E-01
-9.06699E-01 -4.16357E-01
-8.41935E-01 -3.86618E-01
-1.74863E-01 -8.02975E-02
-1.17871E+00 -5.41265E-01
-1.11394E+00 -5.11525E-01
-4.46873E-01 -2.05205E-01
-2.72010E-01 -1.24907E-01
-2.53876E+00 -1.16580E+00
-2.47399E+00 -1.13606E+00
-1.80692E+00 -8.29741E-01
-1.63206E+00 -7.49443E-01
-1.36005E+00 -6.24536E-01
-6.58430E-02 -2.85308E-02
-7.44026E-01 -3.22399E-01
-6.78183E-01 -2.93868E-01
-9.21802E-01 -3.99432E-01
-8.55959E-01 -3.70901E-01
-1.77776E-01 -7.70333E-02
-1.19834E+00 -5.19261E-01
-1.13250E+00 -4.90731E-01
-4.54316E-01 -1.96863E-01
-2.76540E-01 -1.19830E-01
-2.58104E+00 -1.11841E+00
-2.51520E+00 -1.08988E+00
-1.83702E+00 -7.96011E-01
-1.65924E+00 -7.18977E-01
-1.38270E+00 -5.99148E-01
-6.68766E-02 -2.73023E-02
-7.55706E-01 -3.08516E-01
-6.88829E-01 -2.81214E-01
-9.36273E-01 -3.82232E-01
-8.69396E-01 -3.54930E-01
-1.80567E-01 -7.37162E-02
-1.21715E+00 -4.96902E-01
-1.15028E+00 -4.69600E-01
-4.61449E-01 -1.88386E-01
-2.80882E-01 -1.14670E-01
-2.62156E+00 -1.07025E+00
-2.55469E+00 -1.04295E+00
-1.86586E+00 -7.61735E-01
-1.68529E+00 -6.88018E-01
-1.40441E+00 -5.73349E-01
-6.78644E-02 -2.60551E-02
-7.66868E-01 -2.94422E-01
-6.99004E-01 -2.68367E-01
-9.50102E-01 -3.64771E-01
-8.82238E-01 -3.38716E-01
-1.83234E-01 -7.03487E-02
-1.23513E+00 -4.74202E-01
-1.16727E+00 -4.48147E-01
-4.68265E-01 -1.79780E-01
-2.85031E-01 -1.09431E-01
-2.66029E+00 -1.02136E+00
-2.59242E+00 -9.95304E-01
-1.89342E+00 -7.26937E-01
-1.71018E+00 -6.56588E-01
-1.42515E+00 -5.47157E-01
-6.88057E-02 -2.47900E-02
-7.77505E-01 -2.80127E-01
-7.08699E-01 -2.55337E-01
-9.63280E-01 -3.47060E-01
-8.94474E-01 -3.22270E-01
-1.85775E-01 -6.69330E-02
-1.25226E+00 -4.51178E-01
-1.18346E+00 -4.26388E-01
-4.74759E-01 -1.71051E-01
-2.88984E-01 -1.04118E-01
-2.69718E+00 -9.71768E-01
-2.62838E+00 -9.46978E-01
-1.91968E+00 -6.91641E-01
-1.73390E+00 -6.24708E-01
-1.44492E+00 -5.20590E-01
-6.96999E-02 -2.35079E-02
-7.87609E-01 -2.65639E-01
-7.17909E-01 -2.42131E-01
-9.75798E-01 -3.29111E-01
-9.06098E-01 -3.05603E-01
-1.88190E-01 -6.34713E-02
-1.26854E+00 -4.27844E-01
-1.19884E+00 -4.04336E-01
-4.80929E-01 -1.62205E-01
-2.92740E-01 -9.87332E-02
-2.73224E+00 -9.21510E-01
-2.66254E+00 -8.98002E-01
-1.94463E+00 -6.55870E-01
-1.75644E+00 -5.92399E-01
-1.46370E+00 -4.93666E-01
-7.05462E-02 -2.22097E-02
-7.97173E-01 -2.50970E-01
-7.26626E-01 -2.28760E-01
-9.87647E-01 -3.10936E-01
-9.17101E-01 -2.88726E-01
-1.90475E-01 -5.99662E-02
-1.28394E+00 -4.04217E-01
-1.21340E+00 -3.82007E-01
-4.86769E-01 -1.53247E-01
-2.96294E-01 -9.32808E-02
-2.76541E+00 -8.70621E-01
-2.69487E+00 -8.48411E-01
-1.96824E+00 -6.19651E-01
-1.77777E+00 -5.59685E-01
-1.48147E+00 -4.66404E-01
-7.13443E-02 -2.08963E-02
-8.06190E-01 -2.36128E-01
-7.34846E-01 -2.15232E-01
-9.98820E-01 -2.92548E-01
-9.27475E-01 -2.71652E-01
-1.92630E-01 -5.64200E-02
-1.29847E+00 -3.80313E-01
-1.22712E+00 -3.59416E-01
-4.92275E-01 -1.44185E-01
-2.99646E-01 -8.77645E-02
-2.79669E+00 -8.19135E-01
-2.72535E+00 -7.98239E-01
-1.99051E+00 -5.83007E-01
-1.79788E+00 -5.26587E-01
-1.49823E+00 -4.38822E-01
-7.20934E-02 -1.95686E-02
-8.14655E-01 -2.21125E-01
-7.42562E-01 -2.01556E-01
-1.00931E+00 -2.73960E-01
-9.37214E-01 -2.54391E-01
-1.94652E-01 -5.28351E-02
-1.31210E+00 -3.56148E-01
-1.24001E+00 -3.36579E-01
-4.97444E-01 -1.35023E-01
-3.02792E-01 -8.21879E-02
-2.82606E+00 -7.67087E-01
-2.75397E+00 -7.47519E-01
-2.01141E+00 -5.45963E-01
-1.81675E+00 -4.93128E-01
-1.51396E+00 -4.10940E-01
-7.27931E-02 -1.82274E-02
-8.22562E-01 -2.05970E-01
-7.49769E-01 -1.87742E-01
-1.01910E+00 -2.55184E-01
-9.46310E-01 -2.36956E-01
-1.96541E-01 -4.92140E-02
-1.32483E+00 -3.31739E-01
-1.25204E+00 -3.13512E-01
-5.02273E-01 -1.25769E-01
-3.05731E-01 -7.65551E-02
-2.85349E+00 -7.14515E-01
-2.78070E+00 -6.96287E-01
-2.03093E+00 -5.08545E-01
-1.83439E+00 -4.59331E-01
-1.52866E+00 -3.82776E-01
-7.34430E-02 -1.68738E-02
-8.29905E-01 -1.90674E-01
-7.56462E-01 -1.73800E-01
-1.02820E+00 -2.36233E-01
-9.54758E-01 -2.19359E-01
-1.98296E-01 -4.55592E-02
-1.33666E+00 -3.07103E-01
-1.26322E+00 -2.90229E-01
-5.06756E-01 -1.16429E-01
-3.08460E-01 -7.08699E-02
-2.87896E+00 -6.61452E-01
-2.80552E+00 -6.44579E-01
-2.04906E+00 -4.70779E-01
-1.85076E+00 -4.25219E-01
-1.54230E+00 -3.54349E-01
-7.40424E-02 -1.55086E-02
-8.36680E-01 -1.75247E-01
-7.62637E-01 -1.59738E-01
-1.03659E+00 -2.17120E-01
-9.62552E-01 -2.01611E-01
-1.99915E-01 -4.18731E-02
-1.34757E+00 -2.82256E-01
-1.27353E+00 -2.66747E-01
-5.10893E-01 -1.07009E-01
-3.10978E-01 -6.51360E-02
-2.90246E+00 -6.07936E-01
-2.82842E+00 -5.92427E-01
-2.06578E+00 -4.32689E-01
-1.86587E+00 -3.90816E-01
-1.55489E+00 -3.25680E-01
-7.45912E-02 -1.41327E-02
-8.42880E-01 -1.59700E-01
-7.68289E-01 -1.45567E-01
-1.04428E+00 -1.97858E-01
-9.69686E-01 -1.83726E-01
-2.01396E-01 -3.81584E-02
-1.35756E+00 -2.57216E-01
-1.28297E+00 -2.43083E-01
-5.14679E-01 -9.75159E-02
-3.13283E-01 -5.93575E-02
-2.92397E+00 -5.54003E-01
-2.84938E+00 -5.39871E-01
-2.08109E+00 -3.94303E-01
-1.87970E+00 -3.56145E-01
-1.56642E+00 -2.96788E-01
-7.50888E-02 -1.27472E-02
-8.48504E-01 -1.44044E-01
-7.73415E-01 -1.31296E-01
-1.05124E+00 -1.78461E-01
-9.76155E-01 -1.65714E-01
-2.02740E-01 -3.44175E-02
-1.36662E+00 -2.32000E-01
-1.29153E+00 -2.19252E-01
-5.18113E-01 -8.79559E-02
-3.15373E-01 -5.35384E-02
-2.94348E+00 -4.99691E-01
-2.86839E+00 -4.86944E-01
-2.09498E+00 -3.55648E-01
-1.89224E+00 -3.21230E-01
-1.57687E+00 -2.67692E-01
-7.55350E-02 -1.13530E-02
-8.53545E-01 -1.28288E-01
-7.78010E-01 -1.16935E-01
-1.05749E+00 -1.58941E-01
-9.81955E-01 -1.47588E-01
-2.03944E-01 -3.06530E-02
-1.37474E+00 -2.06624E-01
-1.29920E+00 -1.95271E-01
-5.21192E-01 -7.83354E-02
-3.17247E-01 -4.76824E-02
-2.96097E+00 -4.45036E-01
-2.88544E+00 -4.33683E-01
-2.10743E+00 -3.16747E-01
-1.90348E+00 -2.86094E-01
-1.58624E+00 -2.38412E-01
-7.59294E-02 -9.95093E-03
-8.58002E-01 -1.12445E-01
-7.82073E-01 -1.02495E-01
-1.06301E+00 -1.39313E-01
-9.87082E-01 -1.29362E-01
-2.05009E-01 -2.68675E-02
-1.38192E+00 -1.81107E-01
-1.30599E+00 -1.71156E-01
-5.23913E-01 -6.86614E-02
-3.18903E-01 -4.17939E-02
-2.97643E+00 -3.90076E-01
-2.90050E+00 -3.80125E-01
-2.11843E+00 -2.77631E-01
-1.91342E+00 -2.50763E-01
-1.59452E+00 -2.08970E-01
-7.62718E-02 -8.54208E-03
-8.61871E-01 -9.65255E-02
-7.85599E-01 -8.79834E-02
-1.06780E+00 -1.19589E-01
-9.91533E-01 -1.11047E-01
-2.05934E-01 -2.30636E-02
-1.38815E+00 -1.55466E-01
-1.31187E+00 -1.46924E-01
-5.26275E-01 -5.89404E-02
-3.20341E-01 -3.58767E-02
-2.98985E+00 -3.34850E-01
-2.91358E+00 -3.26308E-01
-2.12798E+00 -2.38324E-01
-1.92205E+00 -2.15260E-01
-1.60171E+00 -1.79384E-01
-7.65619E-02 -7.12735E-03
-8.65149E-01 -8.05391E-02
-7.88587E-01 -7.34117E-02
-1.07187E+00 -9.97829E-02
-9.95304E-01 -9.26556E-02
-2.06717E-01 -1.92439E-02
-1.39343E+00 -1.29718E-01
-1.31686E+00 -1.22590E-01
-5.28277E-01 -4.91787E-02
-3.21560E-01 -2.99349E-02
-3.00122E+00 -2.79392E-01
-2.92466E+00 -2.72265E-01
-2.13608E+00 -1.98853E-01
-1.92936E+00 -1.79609E-01
-1.60780E+00 -1.49674E-01
-7.67995E-02 -5.70777E-03
-8.67834E-01 -6.44978E-02
-7.91034E-01 -5.87900E-02
-1.07519E+00 -7.99087E-02
-9.98393E-01 -7.42010E-02
-2.07359E-01 -1.54110E-02
-1.39775E+00 -1.03881E-01
-1.32095E+00 -9.81736E-02
-5.29916E-01 -3.93836E-02
-3.22558E-01 -2.39726E-02
-3.01054E+00 -2.23744E-01
-2.93374E+00 -2.18037E-01
-2.14271E+00 -1.59247E-01
-1.93535E+00 -1.43836E-01
-1.61279E+00 -1.19863E-01
-7.69844E-02 -4.28427E-03
-8.69924E-01 -4.84122E-02
-7.92940E-01 -4.41280E-02
-1.07778E+00 -5.99798E-02
-1.00080E+00 -5.56955E-02
-2.07858E-01 -1.15675E-02
-1.40112E+00 -7.79737E-02
-1.32413E+00 -7.36894E-02
-5.31193E-01 -2.95615E-02
-3.23335E-01 -1.79939E-02
-3.01779E+00 -1.67943E-01
-2.94081E+00 -1.63659E-01
-2.14787E+00 -1.19531E-01
-1.94001E+00 -1.07964E-01
-1.61667E+00 -8.99696E-02
-7.71167E-02 -2.85783E-03
-8.71418E-01 -3.22935E-02
-7.94302E-01 -2.94357E-02
-1.07963E+00 -4.00097E-02
-1.00252E+00 -3.71518E-02
-2.08215E-01 -7.71615E-03
-1.40352E+00 -5.20126E-02
-1.32641E+00 -4.91547E-02
-5.32105E-01 -1.97191E-02
-3.23890E-01 -1.20029E-02
-3.02297E+00 -1.12027E-01
-2.94586E+00 -1.09169E-01
-2.15156E+00 -7.97336E-02
-1.94334E+00 -7.20174E-02
-1.61945E+00 -6.00145E-02
-7.71960E-02 -1.42942E-03
-8.72315E-01 -1.61524E-02
-7.95119E-01 -1.47230E-02
-1.08074E+00 -2.00118E-02
-1.00355E+00 -1.85824E-02
-2.08429E-01 -3.85942E-03
-1.40497E+00 -2.60154E-02
-1.32777E+00 -2.45859E-02
-5.32653E-01 -9.86296E-03
-3.24223E-01 -6.00354E-03
-3.02608E+00 -5.60331E-02
-2.94889E+00 -5.46037E-02
-2.15377E+00 -3.98807E-02
-1.94534E+00 -3.60213E-02
-1.62112E+00 -3.00177E-02
-7.72225E-02 -4.25276E-08
-8.72614E-01 -4.80562E-07
-7.95392E-01 -4.38034E-07
-1.08112E+00 -5.95386E-07
-1.00389E+00 -5.52859E-07
-2.08501E-01 -1.14825E-07
-1.40545E+00 -7.74002E-07
-1.32823E+00 -7.31475E-07
-5.32835E-01 -2.93440E-07
-3.24335E-01 -1.78616E-07
-3.02712E+00 -1.66708E-06
-2.94990E+00 -1.62455E-06
-2.15451E+00 -1.18652E-06
-1.94601E+00 -1.07170E-06
-1.62167E+00 -8.93080E-07
-7.71960E-02 1.42933E-03
-8.72315E-01 1.61514E-02
-7.95119E-01 1.47221E-02
-1.08074E+00 2.00106E-02
-1.00355E+00 1.85813E-02
-2.08429E-01 3.85919E-03
-1.40497E+00 2.60138E-02
-1.32777E+00 2.45845E-02
-5.32653E-01 9.86238E-03
-3.24223E-01 6.00319E-03
-3.02608E+00 5.60298E-02
-2.94889E+00 5.46005E-02
-2.15377E+00 3.98783E-02
-1.94534E+00 3.60191E-02
-1.62112E+00 3.00160E-02
-7.71167E-02 2.85773E-03
-8.71418E-01 3.22924E-02
-7.94302E-01 2.94346E-02
-1.07963E+00 4.00082E-02
-1.00252E+00 3.71505E-02
-2.08215E-01 7.71588E-03
-1.40352E+00 5.20107E-02
-1.32641E+00 4.91530E-02
-5.32105E-01 1.97184E-02
-3.23890E-01 1.20025E-02
-3.02297E+00 1.12023E-01
-2.94586E+00 1.09165E-01
-2.15156E+00 7.97307E-02
-1.94334E+00 7.20149E-02
-1.61945E+00 6.00124E-02
-7.69845E-02 4.28417E-03
-8.69924E-01 4.84112E-02
-7.92940E-01 4.41270E-02
-1.07778E+00 5.99784E-02
-1.00080E+00 5.56943E-02
-2.07858E-01 1.15673E-02
-1.40112E+00 7.79720E-02
-1.32413E+00 7.36878E-02
-5.31193E-01 2.95608E-02
-3.23335E-01 1.79935E-02
-3.01779E+00 1.67940E-01
-2.94081E+00 1.63655E-01
-2.14787E+00 1.19528E-01
-1.94001E+00 1.07961E-01
-1.61667E+00 8.99677E-02
-7.67995E-02 5.70768E-03
-8.67834E-01 6.44968E-02
-7.91035E-01 5.87891E-02
-1.07519E+00 7.99075E-02
-9.98393E-01 7.41998E-02
-2.07359E-01 1.54107E-02
-1.39775E+00 1.03880E-01
-1.32095E+00 9.81721E-02
-5.29916E-01 3.93830E-02
-3.22558E-01 2.39723E-02
-3.01054E+00 2.23741E-01
-2.93374E+00 2.18033E-01
-2.14271E+00 1.59244E-01
-1.93535E+00 1.43834E-01
-1.61279E+00 1.19861E-01
-7.65619E-02 7.12728E-03
-8.65149E-01 8.05382E-02
-7.88587E-01 7.34109E-02
-1.07187E+00 9.97819E-02
-9.95304E-01 9.26546E-02
-2.06717E-01 1.92436E-02
-1.39343E+00 1.29716E-01
-1.31686E+00 1.22589E-01
-5.28277E-01 4.91782E-02
-3.21560E-01 2.99346E-02
-3.00123E+00 2.79389E-01
-2.92466E+00 2.72262E-01
-2.13608E+00 1.98851E-01
-1.92936E+00 1.79607E-01
-1.60780E+00 1.49673E-01
-7.62718E-02 8.54199E-03
-8.61871E-01 9.65244E-02
-7.85599E-01 8.79824E-02
-1.06780E+00 1.19588E-01
-9.91533E-01 1.11046E-01
-2.05934E-01 2.30634E-02
-1.38815E+00 1.55464E-01
-1.31187E+00 1.46922E-01
-5.26275E-01 5.89397E-02
-3.20341E-01 3.58763E-02
-2.98985E+00 3.34846E-01
-2.91358E+00 3.26304E-01
-2.12798E+00 2.38321E-01
-1.92205E+00 2.15258E-01
-1.60171E+00 1.79382E-01
-7.59294E-02 9.95084E-03
-8.58002E-01 1.12445E-01
-7.82073E-01 1.02494E-01
-1.06301E+00 1.39312E-01
-9.87082E-01 1.29361E-01
-2.05009E-01 2.68673E-02
-1.38192E+00 1.81105E-01
-1.30599E+00 1.71154E-01
-5.23913E-01 6.86608E-02
-3.18904E-01 4.17935E-02
-2.97643E+00 3.90073E-01
-2.90050E+00 3.80122E-01
-2.11843E+00 2.77628E-01
-1.91342E+00 2.50761E-01
-1.59452E+00 2.08968E-01
-7.55350E-02 1.13529E-02
-8.53546E-01 1.28288E-01
-7.78011E-01 1.16935E-01
-1.05749E+00 1.58940E-01
-9.81955E-01 1.47587E-01
-2.03945E-01 3.06528E-02
-1.37474E+00 2.06622E-01
-1.29920E+00 1.95269E-01
-5.21192E-01 7.83349E-02
-3.17247E-01 4.76821E-02
-2.96097E+00 4.45033E-01
-2.88544E+00 4.33680E-01
-2.10743E+00 3.16745E-01
-1.90348E+00 2.86093E-01
-1.58624E+00 2.38410E-01
-7.50889E-02 1.27471E-02
-8.48504E-01 1.44043E-01
-7.73415E-01 1.31295E-01
-1.05124E+00 1.78460E-01
-9.76155E-01 1.65713E-01
-2.02740E-01 3.44173E-02
-1.36662E+00 2.31998E-01
-1.29153E+00 2.19251E-01
-5.18113E-01 8.79552E-02
-3.15373E-01 5.35380E-02
-2.94348E+00 4.99688E-01
-2.86839E+00 4.86941E-01
-2.09498E+00 3.55645E-01
-1.89224E+00 3.21228E-01
-1.57687E+00 2.67690E-01
-7.45912E-02 1.41327E-02
-8.42881E-01 1.59699E-01
-7.68290E-01 1.45566E-01
-1.04428E+00 1.97857E-01
-9.69686E-01 1.83724E-01
-2.01396E-01 3.81582E-02
-1.35756E+00 2.57214E-01
-1.28297E+00 2.43082E-01
-5.14679E-01 9.75153E-02
-3.13283E-01 5.93571E-02
-2.92398E+00 5.54000E-01
-2.84939E+00 5.39867E-01
-2.08110E+00 3.94301E-01
-1.87970E+00 3.56143E-01
-1.56642E+00 2.96786E-01
-7.40425E-02 1.55085E-02
-8.36680E-01 1.75246E-01
-7.62637E-01 1.59737E-01
-1.03659E+00 2.17119E-01
-9.62552E-01 2.01610E-01
-1.99915E-01 4.18729E-02
-1.34757E+00 2.82254E-01
-1.27353E+00 2.66746E-01
-5.10893E-01 1.07009E-01
-3.10978E-01 6.51356E-02
-2.90247E+00 6.07933E-01
-2.82842E+00 5.92424E-01
-2.06579E+00 4.32687E-01
-1.86587E+00 3.90814E-01
-1.55489E+00 3.25678E-01
-7.34430E-02 1.68737E-02
-8.29906E-01 1.90673E-01
-7.56463E-01 1.73799E-01
-1.02820E+00 2.36232E-01
-9.54759E-01 2.19358E-01
-1.98296E-01 4.55590E-02
-1.33666E+00 3.07101E-01
-1.26322E+00 2.90227E-01
-5.06757E-01 1.16428E-01
-3.08461E-01 7.08695E-02
-2.87897E+00 6.61449E-01
-2.80552E+00 6.44575E-01
-2.04906E+00 4.70776E-01
-1.85076E+00 4.25217E-01
-1.54230E+00 3.54347E-01
-7.27932E-02 1.82273E-02
-8.22563E-01 2.05969E-01
-7.49770E-01 1.87742E-01
-1.01910E+00 2.55183E-01
-9.46311E-01 2.36955E-01
-1.96542E-01 4.92138E-02
-1.32484E+00 3.31737E-01
-1.25204E+00 3.13510E-01
-5.02273E-01 1.25769E-01
-3.05731E-01 7.65548E-02
-2.85349E+00 7.14511E-01
-2.78070E+00 6.96284E-01
-2.03093E+00 5.08543E-01
-1.83439E+00 4.59329E-01
-1.52866E+00 3.82774E-01
-7.20934E-02 1.95685E-02
-8.14656E-01 2.21124E-01
-7.42562E-01 2.01555E-01
-1.00931E+00 2.73959E-01
-9.37215E-01 2.54390E-01
-1.94652E-01 5.28349E-02
-1.31210E+00 3.56146E-01
-1.24001E+00 3.36578E-01
-4.97445E-01 1.35022E-01
-3.02792E-01 8.21876E-02
-2.82606E+00 7.67084E-01
-2.75397E+00 7.47516E-01
-2.01141E+00 5.45961E-01
-1.81676E+00 4.93126E-01
-1.51396E+00 4.10938E-01
-7.13443E-02 2.08962E-02
-8.06191E-01 2.36127E-01
-7.34846E-01 2.15231E-01
-9.98820E-01 2.92547E-01
-9.27476E-01 2.71651E-01
-1.92630E-01 5.64198E-02
-1.29847E+00 3.80311E-01
-1.22712E+00 3.59415E-01
-4.92276E-01 1.44184E-01
-2.99646E-01 8.77641E-02
-2.79670E+00 8.19132E-01
-2.72535E+00 7.98235E-01
-1.99051E+00 5.83004E-01
-1.79788E+00 5.26585E-01
-1.49823E+00 4.38821E-01
-7.05463E-02 2.22096E-02
-7.97173E-01 2.50969E-01
-7.26627E-01 2.28759E-01
-9.87648E-01 3.10935E-01
-9.17102E-01 2.88725E-01
-1.90475E-01 5.99660E-02
-1.28394E+00 4.04215E-01
-1.21340E+00 3.82006E-01
-4.86769E-01 1.53246E-01
-2.96294E-01 9.32805E-02
-2.76541E+00 8.70618E-01
-2.69487E+00 8.48408E-01
-1.96824E+00 6.19649E-01
-1.77777E+00 5.59683E-01
-1.48147E+00 4.66402E-01
-6.96999E-02 2.35078E-02
-7.87609E-01 2.65638E-01
-7.17909E-01 2.42131E-01
-9.75799E-01 3.29110E-01
-9.06099E-01 3.05602E-01
-1.88190E-01 6.34711E-02
-1.26854E+00 4.27842E-01
-1.19884E+00 4.04335E-01
-4.80929E-01 1.62204E-01
-2.92740E-01 9.87329E-02
-2.73224E+00 9.21507E-01
-2.66254E+00 8.97999E-01
-1.94463E+00 6.55868E-01
-1.75644E+00 5.92397E-01
-1.46370E+00 4.93664E-01
-6.88058E-02 2.47899E-02
-7.77505E-01 2.80126E-01
-7.08700E-01 2.55336E-01
-9.63281E-01 3.47059E-01
-8.94475E-01 3.22269E-01
-1.85776E-01 6.69327E-02
-1.25227E+00 4.51176E-01
-1.18346E+00 4.26386E-01
-4.74760E-01 1.71050E-01
-2.88984E-01 1.04118E-01
-2.69719E+00 9.71764E-01
-2.62838E+00 9.46975E-01
-1.91968E+00 6.91638E-01
-1.73391E+00 6.24706E-01
-1.44492E+00 5.20588E-01
-6.78645E-02 2.60550E-02
-7.66869E-01 2.94422E-01
-6.99004E-01 2.68367E-01
-9.50103E-01 3.64770E-01
-8.82238E-01 3.38715E-01
-1.83234E-01 7.03485E-02
-1.23513E+00 4.74201E-01
-1.16727E+00 4.48146E-01
-4.68265E-01 1.79780E-01
-2.85031E-01 1.09431E-01
-2.66029E+00 1.02136E+00
-2.59242E+00 9.95301E-01
-1.89342E+00 7.26935E-01
-1.71019E+00 6.56586E-01
-1.42515E+00 5.47155E-01
-6.68767E-02 2.73022E-02
-7.55706E-01 3.08515E-01
-6.88830E-01 2.81213E-01
-9.36274E-01 3.82231E-01
-8.69397E-01 3.54929E-01
-1.80567E-01 7.37160E-02
-1.21716E+00 4.96901E-01
-1.15028E+00 4.69599E-01
-4.61449E-01 1.88385E-01
-2.80882E-01 1.14669E-01
-2.62157E+00 1.07025E+00
-2.55469E+00 1.04295E+00
-1.86586E+00 7.61733E-01
-1.68529E+00 6.88016E-01
-1.40441E+00 5.73347E-01
-6.58430E-02 2.85308E-02
-7.44026E-01 3.22398E-01
-6.78183E-01 2.93867E-01
-9.21803E-01 3.99431E-01
-8.55959E-01 3.70900E-01
-1.77776E-01 7.70331E-02
-1.19834E+00 5.19260E-01
-1.13250E+00 4.90729E-01
-4.54317E-01 1.96862E-01
-2.76541E-01 1.19829E-01
-2.58105E+00 1.11841E+00
-2.51520E+00 1.08988E+00
-1.83702E+00 7.96008E-01
-1.65924E+00 7.18975E-01
-1.38270E+00 5.99146E-01
-6.47643E-02 2.97397E-02
-7.31836E-01 3.36059E-01
-6.67072E-01 3.06319E-01
-9.06700E-01 4.16356E-01
-8.41936E-01 3.86617E-01
-1.74864E-01 8.02973E-02
-1.17871E+00 5.41263E-01
-1.11395E+00 5.11523E-01
-4.46874E-01 2.05204E-01
-2.72010E-01 1.24907E-01
-2.53876E+00 1.16580E+00
-2.47400E+00 1.13606E+00
-1.80692E+00 8.29739E-01
-1.63206E+00 7.49441E-01
-1.36005E+00 6.24534E-01
-6.36411E-02 3.09283E-02
-7.19145E-01 3.49490E-01
-6.55504E-01 3.18562E-01
-8.90976E-01 4.32997E-01
-8.27335E-01 4.02068E-01
-1.71831E-01 8.35065E-02
-1.15827E+00 5.62895E-01
-1.09463E+00 5.31967E-01
-4.39124E-01 2.13405E-01
-2.67293E-01 1.29899E-01
-2.49473E+00 1.21239E+00
-2.43109E+00 1.18146E+00
-1.77559E+00 8.62900E-01
-1.60376E+00 7.79394E-01
-1.33646E+00 6.49495E-01
-6.24744E-02 3.20957E-02
-7.05960E-01 3.62682E-01
-6.43486E-01 3.30586E-01
-8.74641E-01 4.49340E-01
-8.12167E-01 4.17244E-01
-1.68681E-01 8.66584E-02
-1.13703E+00 5.84142E-01
-1.07456E+00 5.52046E-01
-4.31073E-01 2.21460E-01
-2.62392E-01 1.34802E-01
-2.44900E+00 1.25815E+00
-2.38652E+00 1.22606E+00
-1.74303E+00 8.95470E-01
-1.57435E+00 8.08812E-01
-1.31196E+00 6.74010E-01
-6.12648E-02 3.32411E-02
-6.92292E-01 3.75625E-01
-6.31027E-01 3.42383E-01
-8.57707E-01 4.65376E-01
-7.96442E-01 4.32134E-01
-1.65415E-01 8.97510E-02
-1.11502E+00 6.04988E-01
-1.05375E+00 5.71747E-01
-4.22727E-01 2.29364E-01
-2.57312E-01 1.39613E-01
-2.40158E+00 1.30305E+00
-2.34031E+00 1.26981E+00
-1.70929E+00 9.27427E-01
-1.54387E+00 8.37676E-01
-1.28656E+00 6.98063E-01
-6.00132E-02 3.43637E-02
-6.78149E-01 3.88310E-01
-6.18136E-01 3.53946E-01
-8.40185E-01 4.81092E-01
-7.80172E-01 4.46728E-01
-1.62036E-01 9.27820E-02
-1.09224E+00 6.25420E-01
-1.03223E+00 5.91056E-01
-4.14091E-01 2.37110E-01
-2.52055E-01 1.44328E-01
-2.35252E+00 1.34706E+00
-2.29250E+00 1.31269E+00
-1.67437E+00 9.58748E-01
-1.51233E+00 8.65966E-01
-1.26028E+00 7.21638E-01
-5.87205E-02 3.54628E-02
-6.63542E-01 4.00729E-01
-6.04821E-01 3.65267E-01
-8.22087E-01 4.96479E-01
-7.63367E-01 4.61016E-01
-1.58545E-01 9.57495E-02
-1.06871E+00 6.45423E-01
-1.00999E+00 6.09960E-01
-4.05171E-01 2.44693E-01
-2.46626E-01 1.48944E-01
-2.30184E+00 1.39014E+00
-2.24312E+00 1.35468E+00
-1.63830E+00 9.89412E-01
-1.47976E+00 8.93662E-01
-1.23313E+00 7.44718E-01
-5.73876E-02 3.65375E-02
-6.48479E-01 4.12874E-01
-5.91092E-01 3.76337E-01
-8.03426E-01 5.11526E-01
-7.46038E-01 4.74988E-01
-1.54946E-01 9.86513E-02
-1.04445E+00 6.64983E-01
-9.87066E-01 6.28446E-01
-3.95974E-01 2.52109E-01
-2.41028E-01 1.53458E-01
-2.24959E+00 1.43227E+00
-2.19220E+00 1.39573E+00
-1.60111E+00 1.01940E+00
-1.44617E+00 9.20746E-01
-1.20514E+00 7.67288E-01
-5.60153E-02 3.75873E-02
-6.32973E-01 4.24736E-01
-5.76957E-01 3.87149E-01
-7.84214E-01 5.26222E-01
-7.28199E-01 4.88634E-01
-1.51241E-01 1.01486E-01
-1.01948E+00 6.84088E-01
-9.63463E-01 6.46501E-01
-3.86505E-01 2.59352E-01
-2.35264E-01 1.57866E-01
-2.19580E+00 1.47342E+00
-2.13978E+00 1.43583E+00
-1.56283E+00 1.04868E+00
-1.41159E+00 9.47199E-01
-1.17632E+00 7.89332E-01
-5.46046E-02 3.86112E-02
-6.17032E-01 4.36307E-01
-5.62427E-01 3.97695E-01
-7.64465E-01 5.40557E-01
-7.09860E-01 5.01946E-01
-1.47432E-01 1.04250E-01
-9.93804E-01 7.02724E-01
-9.39199E-01 6.64113E-01
-3.76772E-01 2.66417E-01
-2.29339E-01 1.62167E-01
-2.14050E+00 1.51356E+00
-2.08590E+00 1.47495E+00
-1.52347E+00 1.07725E+00
-1.37604E+00 9.73003E-01
-1.14670E+00 8.10835E-01
-5.31565E-02 3.96087E-02
-6.00669E-01 4.47578E-01
-5.47512E-01 4.07970E-01
-7.44191E-01 5.54522E-01
-6.91035E-01 5.14913E-01
-1.43523E-01 1.06943E-01
-9.67449E-01 7.20878E-01
-9.14292E-01 6.81270E-01
-3.66780E-01 2.73300E-01
-2.23257E-01 1.66357E-01
-2.08374E+00 1.55266E+00
-2.03058E+00 1.51305E+00
-1.48307E+00 1.10508E+00
-1.33954E+00 9.98139E-01
-1.11629E+00 8.31783E-01
-5.16720E-02 4.05791E-02
-5.83894E-01 4.58543E-01
-5.32222E-01 4.17964E-01
-7.23408E-01 5.68107E-01
-6.71736E-01 5.27528E-01
-1.39514E-01 1.09563E-01
-9.40431E-01 7.38539E-01
-8.88758E-01 6.97960E-01
-3.56537E-01 2.79995E-01
-2.17022E-01 1.70432E-01
-2.02554E+00 1.59070E+00
-1.97387E+00 1.55012E+00
-1.44165E+00 1.13216E+00
-1.30213E+00 1.02259E+00
-1.08511E+00 8.52160E-01
-5.01521E-02 4.15216E-02
-5.66718E-01 4.69194E-01
-5.16566E-01 4.27672E-01
-7.02129E-01 5.81302E-01
-6.51977E-01 5.39781E-01
-1.35411E-01 1.12108E-01
-9.12768E-01 7.55693E-01
-8.62616E-01 7.14171E-01
-3.46049E-01 2.86499E-01
-2.10639E-01 1.74391E-01
-1.96596E+00 1.62765E+00
-1.91581E+00 1.58612E+00
-1.39924E+00 1.15845E+00
-1.26383E+00 1.04634E+00
-1.05319E+00 8.71953E-01
-4.85978E-02 4.24357E-02
-5.49155E-01 4.79523E-01
-5.00557E-01 4.37087E-01
-6.80369E-01 5.94099E-01
-6.31771E-01 5.51664E-01
-1.31214E-01 1.14576E-01
-8.84479E-01 7.72329E-01
-8.35882E-01 7.29894E-01
-3.35325E-01 2.92806E-01
-2.04111E-01 1.78230E-01
-1.90503E+00 1.66348E+00
-1.85643E+00 1.62104E+00
-1.35588E+00 1.18396E+00
-1.22466E+00 1.06938E+00
-1.02055E+00 8.91149E-01
-4.70101E-02 4.33207E-02
-5.31215E-01 4.89524E-01
-4.84205E-01 4.46203E-01
-6.58142E-01 6.06489E-01
-6.11132E-01 5.63169E-01
-1.26927E-01 1.16966E-01
-8.55585E-01 7.88436E-01
-8.08575E-01 7.45115E-01
-3.24370E-01 2.98913E-01
-1.97443E-01 1.81947E-01
-1.84280E+00 1.69817E+00
-1.79579E+00 1.65485E+00
-1.31158E+00 1.20865E+00
-1.18466E+00 1.09168E+00
-9.87213E-01 9.09734E-01
-4.53903E-02 4.41760E-02
-5.12911E-01 4.99189E-01
-4.67520E-01 4.55013E-01
-6.35465E-01 6.18464E-01
-5.90074E-01 5.74288E-01
-1.22554E-01 1.19275E-01
-8.26104E-01 8.04003E-01
-7.80714E-01 7.59827E-01
-3.13193E-01 3.04814E-01
-1.90639E-01 1.85539E-01
-1.77930E+00 1.73170E+00
-1.73391E+00 1.68752E+00
-1.26639E+00 1.23251E+00
-1.14384E+00 1.11323E+00
-9.53197E-01 9.27696E-01
-4.37394E-02 4.50010E-02
-4.94255E-01 5.08511E-01
-4.50516E-01 4.63510E-01
-6.12351E-01 6.30014E-01
-5.68612E-01 5.85013E-01
-1.18096E-01 1.21503E-01
-7.96057E-01 8.19018E-01
-7.52317E-01 7.74017E-01
-3.01802E-01 3.10507E-01
-1.83705E-01 1.89004E-01
-1.71458E+00 1.76404E+00
-1.67084E+00 1.71904E+00
-1.22033E+00 1.25553E+00
-1.10223E+00 1.13403E+00
-9.18527E-01 9.45021E-01
-4.20585E-02 4.57952E-02
-4.75261E-01 5.17486E-01
-4.33202E-01 4.71691E-01
-5.88819E-01 6.41133E-01
-5.46760E-01 5.95338E-01
-1.13558E-01 1.23647E-01
-7.65464E-01 8.33473E-01
-7.23406E-01 7.87677E-01
-2.90203E-01 3.15987E-01
-1.76646E-01 1.92340E-01
-1.64869E+00 1.79517E+00
-1.60663E+00 1.74938E+00
-1.17343E+00 1.27769E+00
-1.05987E+00 1.15404E+00
-8.83228E-01 9.61699E-01
-4.03487E-02 4.65580E-02
-4.55941E-01 5.26105E-01
-4.15592E-01 4.79547E-01
-5.64882E-01 6.51812E-01
-5.24533E-01 6.05254E-01
-1.08942E-01 1.25707E-01
-7.34347E-01 8.47356E-01
-6.93998E-01 8.00798E-01
-2.78406E-01 3.21250E-01
-1.69465E-01 1.95544E-01
-1.58167E+00 1.82507E+00
-1.54132E+00 1.77852E+00
-1.12573E+00 1.29897E+00
-1.01679E+00 1.17326E+00
-8.47323E-01 9.77718E-01
-3.86113E-02 4.72889E-02
-4.36308E-01 5.34365E-01
-3.97697E-01 4.87076E-01
-5.40559E-01 6.62045E-01
-5.01947E-01 6.14756E-01
-1.04251E-01 1.27680E-01
-7.02726E-01 8.60658E-01
-6.64115E-01 8.13369E-01
-2.66418E-01 3.26293E-01
-1.62168E-01 1.98613E-01
-1.51356E+00 1.85372E+00
-1.47495E+00 1.80644E+00
-1.07726E+00 1.31936E+00
-9.73006E-01 1.19168E+00
-8.10838E-01 9.93067E-01
-3.68475E-02 4.79874E-02
-4.16376E-01 5.42257E-01
-3.79529E-01 4.94270E-01
-5.15865E-01 6.71823E-01
-4.79017E-01 6.23836E-01
-9.94882E-02 1.29566E-01
-6.70624E-01 8.73370E-01
-6.33777E-01 8.25383E-01
-2.54248E-01 3.31113E-01
-1.54759E-01 2.01547E-01
-1.44442E+00 1.88111E+00
-1.40757E+00 1.83312E+00
-1.02804E+00 1.33885E+00
-9.28556E-01 1.20928E+00
-7.73797E-01 1.00774E+00
-3.50584E-02 4.86530E-02
-3.96160E-01 5.49779E-01
-3.61101E-01 5.01126E-01
-4.90817E-01 6.81142E-01
-4.55759E-01 6.32489E-01
-9.46576E-02 1.31363E-01
-6.38062E-01 8.85484E-01
-6.03004E-01 8.36831E-01
-2.41903E-01 3.35706E-01
-1.47245E-01 2.04343E-01
-1.37429E+00 1.90720E+00
-1.33923E+00 1.85854E+00
-9.78129E-01 1.35742E+00
-8.83471E-01 1.22606E+00
-7.36226E-01 1.02171E+00
-3.32452E-02 4.92852E-02
-3.75671E-01 5.56923E-01
-3.42426E-01 5.07638E-01
-4.65433E-01 6.89993E-01
-4.32188E-01 6.40708E-01
-8.97621E-02 1.33070E-01
-6.05063E-01 8.96991E-01
-5.71818E-01 8.47706E-01
-2.29392E-01 3.40068E-01
-1.39630E-01 2.06998E-01
-1.30321E+00 1.93198E+00
-1.26997E+00 1.88270E+00
-9.27542E-01 1.37506E+00
-8.37780E-01 1.24199E+00
-6.98150E-01 1.03499E+00
-3.14093E-02 4.98837E-02
-3.54925E-01 5.63686E-01
-3.23516E-01 5.13802E-01
-4.39730E-01 6.98372E-01
-4.08321E-01 6.48488E-01
-8.48051E-02 1.34686E-01
-5.71649E-01 9.07884E-01
-5.40240E-01 8.58000E-01
-2.16724E-01 3.44198E-01
-1.31919E-01 2.09512E-01
-1.23125E+00 1.95544E+00
-1.19984E+00 1.90556E+00
-8.76320E-01 1.39176E+00
-7.91515E-01 1.25707E+00
-6.59596E-01 1.04756E+00
-2.95519E-02 5.04480E-02
-3.33936E-01 5.70062E-01
-3.04384E-01 5.19614E-01
-4.13726E-01 7.06272E-01
-3.84174E-01 6.55824E-01
-7.97900E-02 1.36210E-01
-5.37844E-01 9.18154E-01
-5.08292E-01 8.67706E-01
-2.03908E-01 3.48091E-01
-1.24118E-01 2.11882E-01
-1.15843E+00 1.97756E+00
-1.12888E+00 1.92711E+00
-8.24497E-01 1.40750E+00
-7.44707E-01 1.27129E+00
-6.20589E-01 1.05941E+00
-2.76742E-02 5.09777E-02
-3.12718E-01 5.76048E-01
-2.85044E-01 5.25070E-01
-3.87438E-01 7.13688E-01
-3.59764E-01 6.62710E-01
-7.47203E-02 1.37640E-01
-5.03670E-01 9.27794E-01
-4.75996E-01 8.76817E-01
-1.90952E-01 3.51746E-01
-1.16232E-01 2.14106E-01
-1.08483E+00 1.99833E+00
-1.05715E+00 1.94735E+00
-7.72109E-01 1.42228E+00
-6.97389E-01 1.28464E+00
-5.81158E-01 1.07053E+00
-2.57775E-02 5.14725E-02
-2.91286E-01 5.81639E-01
-2.65508E-01 5.30167E-01
-3.60885E-01 7.20615E-01
-3.35108E-01 6.69142E-01
-6.95992E-02 1.38976E-01
-4.69151E-01 9.36799E-01
-4.43373E-01 8.85327E-01
-1.77865E-01 3.55160E-01
-1.08266E-01 2.16184E-01
-1.01048E+00 2.01772E+00
-9.84701E-01 1.96625E+00
-7.19192E-01 1.43608E+00
-6.49593E-01 1.29711E+00
-5.41328E-01 1.08092E+00
-2.38632E-02 5.19320E-02
-2.69654E-01 5.86832E-01
-2.45791E-01 5.34900E-01
-3.34084E-01 7.27048E-01
-3.10221E-01 6.75116E-01
-6.44305E-02 1.40216E-01
-4.34310E-01 9.45162E-01
-4.10446E-01 8.93230E-01
-1.64656E-01 3.58331E-01
-1.00225E-01 2.18114E-01
-9.35436E-01 2.03573E+00
-9.11573E-01 1.98380E+00
-6.65782E-01 1.44890E+00
-6.01352E-01 1.30869E+00
-5.01127E-01 1.09057E+00
-2.19325E-02 5.23559E-02
-2.47837E-01 5.91622E-01
-2.25905E-01 5.39266E-01
-3.07055E-01 7.32983E-01
-2.85122E-01 6.80627E-01
-5.92177E-02 1.41361E-01
-3.99171E-01 9.52877E-01
-3.77239E-01 9.00522E-01
-1.51334E-01 3.61256E-01
-9.21164E-02 2.19895E-01
-8.59753E-01 2.05235E+00
-8.37821E-01 2.00000E+00
-6.11916E-01 1.46073E+00
-5.52699E-01 1.31937E+00
-4.60582E-01 1.09947E+00
-1.99868E-02 5.27439E-02
-2.25850E-01 5.96006E-01
-2.05864E-01 5.43262E-01
-2.79815E-01 7.38415E-01
-2.59828E-01 6.85671E-01
-5.39643E-02 1.42409E-01
-3.63759E-01 9.59940E-01
-3.43772E-01 9.07196E-01
-1.37909E-01 3.63933E-01
-8.39444E-02 2.21525E-01
-7.83481E-01 2.06756E+00
-7.63494E-01 2.01482E+00
-5.57631E-01 1.47156E+00
-5.03666E-01 1.32915E+00
-4.19722E-01 1.10762E+00
-1.80273E-02 5.30958E-02
-2.03709E-01 5.99983E-01
-1.85682E-01 5.46887E-01
-2.52383E-01 7.43341E-01
-2.34355E-01 6.90246E-01
-4.86738E-02 1.43359E-01
-3.28098E-01 9.66344E-01
-3.10070E-01 9.13248E-01
-1.24389E-01 3.66361E-01
-7.57149E-02 2.23002E-01
-7.06672E-01 2.08136E+00
-6.88645E-01 2.02826E+00
-5.02963E-01 1.48137E+00
-4.54289E-01 1.33801E+00
-3.78574E-01 1.11501E+00
-1.60556E-02 5.34113E-02
-1.81428E-01 6.03548E-01
-1.65372E-01 5.50136E-01
-2.24778E-01 7.47758E-01
-2.08722E-01 6.94347E-01
-4.33501E-02 1.44210E-01
-2.92211E-01 9.72086E-01
-2.76156E-01 9.18674E-01
-1.10783E-01 3.68538E-01
-6.74334E-02 2.24327E-01
-6.29379E-01 2.09372E+00
-6.13323E-01 2.04031E+00
-4.47951E-01 1.49018E+00
-4.04601E-01 1.34596E+00
-3.37167E-01 1.12164E+00
-1.40728E-02 5.36902E-02
-1.59023E-01 6.06699E-01
-1.44950E-01 5.53009E-01
-1.97019E-01 7.51663E-01
-1.82946E-01 6.97972E-01
-3.79966E-02 1.44963E-01
-2.56125E-01 9.77161E-01
-2.42052E-01 9.23471E-01
-9.71023E-02 3.70462E-01
-5.91058E-02 2.25499E-01
-5.51654E-01 2.10466E+00
-5.37581E-01 2.05097E+00
-3.92631E-01 1.49796E+00
-3.54635E-01 1.35299E+00
-2.95529E-01 1.12749E+00
-1.20804E-02 5.39323E-02
-1.36508E-01 6.09435E-01
-1.24428E-01 5.55502E-01
-1.69125E-01 7.55052E-01
-1.57045E-01 7.01119E-01
-3.26170E-02 1.45617E-01
-2.19863E-01 9.81567E-01
-2.07782E-01 9.27635E-01
-8.33546E-02 3.72133E-01
-5.07376E-02 2.26516E-01
-4.73551E-01 2.11415E+00
-4.61470E-01 2.06021E+00
-3.37042E-01 1.50471E+00
-3.04425E-01 1.35909E+00
-2.53688E-01 1.13258E+00
-1.00797E-02 5.41374E-02
-1.13900E-01 6.11753E-01
-1.03821E-01 5.57615E-01
-1.41116E-01 7.57924E-01
-1.31036E-01 7.03786E-01
-2.72151E-02 1.46171E-01
-1.83450E-01 9.85301E-01
-1.73371E-01 9.31163E-01
-6.95498E-02 3.73548E-01
-4.23347E-02 2.27377E-01
-3.95124E-01 2.12219E+00
-3.85044E-01 2.06805E+00
-2.81223E-01 1.51043E+00
-2.54008E-01 1.36426E+00
-2.11673E-01 1.13689E+00
-8.07207E-03 5.43054E-02
-9.12144E-02 6.13651E-01
-8.31424E-02 5.59346E-01
-1.13009E-01 7.60276E-01
-1.04937E-01 7.05970E-01
-2.17946E-02 1.46625E-01
-1.46912E-01 9.88359E-01
-1.38840E-01 9.34053E-01
-5.56973E-02 3.74707E-01
-3.39027E-02 2.28083E-01
-3.16425E-01 2.12877E+00
-3.08353E-01 2.07447E+00
-2.25211E-01 1.51512E+00
-2.03416E-01 1.36850E+00
-1.69514E-01 1.14041E+00
-6.05894E-03 5.44362E-02
-6.84660E-02 6.15129E-01
-6.24070E-02 5.60693E-01
-8.48251E-02 7.62107E-01
-7.87662E-02 7.07671E-01
-1.63591E-02 1.46978E-01
-1.10273E-01 9.90739E-01
-1.04214E-01 9.36303E-01
-4.18067E-02 3.75610E-01
-2.54475E-02 2.28632E-01
-2.37510E-01 2.13390E+00
-2.31451E-01 2.07946E+00
-1.69044E-01 1.51877E+00
-1.52685E-01 1.37179E+00
-1.27238E-01 1.14316E+00
-4.04163E-03 5.45297E-02
-4.56705E-02 6.16186E-01
-4.16288E-02 5.61656E-01
-5.65829E-02 7.63416E-01
-5.25412E-02 7.08886E-01
-1.09124E-02 1.47230E-01
-7.35577E-02 9.92441E-01
-6.95161E-02 9.37911E-01
-2.78873E-02 3.76255E-01
-1.69749E-02 2.29025E-01
-1.58432E-01 2.13756E+00
-1.54390E-01 2.08304E+00
-1.12762E-01 1.52138E+00
-1.01849E-01 1.37415E+00
-8.48743E-02 1.14512E+00
-2.02158E-03 5.45858E-02
-2.28439E-02 6.16820E-01
-2.08223E-02 5.62234E-01
-2.83021E-02 7.64202E-01
-2.62806E-02 7.09616E-01
-5.45827E-03 1.47382E-01
-3.67928E-02 9.93462E-01
-3.47712E-02 9.38876E-01
-1.39489E-02 3.76642E-01
-8.49064E-03 2.29261E-01
-7.92460E-02 2.13977E+00
-7.72244E-02 2.08518E+00
-5.64021E-02 1.52295E+00
-5.09439E-02 1.37556E+00
-4.24532E-02 1.14630E+00
-1.34709E-07 5.46046E-02
-1.52221E-06 6.17032E-01
-1.38750E-06 5.62427E-01
-1.88593E-06 7.64464E-01
-1.75122E-06 7.09859E-01
-3.63715E-07 1.47432E-01
-2.45171E-06 9.93803E-01
-2.31700E-06 9.39198E-01
-9.29493E-07 3.76771E-01
-5.65778E-07 2.29339E-01
-5.28060E-06 2.14050E+00
-5.14589E-06 2.08589E+00
-3.75838E-06 1.52347E+00
-3.39467E-06 1.37603E+00
-2.82889E-06 1.14670E+00
