Will plot unflagged data


File # 1  = raise.vis
raise.vis 15.1356 GHz
Read 121 visibilities from all files

Baseline 1-3, plot 121 points
6.17031E+01 -4.47057E+00
6.17243E+01 -4.55221E+00
6.17876E+01 -4.63039E+00
6.18928E+01 -4.70424E+00
6.20393E+01 -4.77591E+00
6.22265E+01 -4.84531E+00
6.24536E+01 -4.90975E+00
6.27193E+01 -4.97146E+00
6.30227E+01 -5.03049E+00
6.33622E+01 -5.08491E+00
6.37363E+01 -5.13609E+00
6.41435E+01 -5.18409E+00
6.45820E+01 -5.22796E+00
6.50501E+01 -5.26887E+00
6.55457E+01 -5.30647E+00
6.60669E+01 -5.34043E+00
6.66118E+01 -5.36986E+00
6.71783E+01 -5.39588E+00
6.77642E+01 -5.41858E+00
6.83675E+01 -5.43738E+00
6.89862E+01 -5.45231E+00
6.96181E+01 -5.46345E+00
7.02612E+01 -5.47087E+00
7.09134E+01 -5.47464E+00
7.15727E+01 -5.47525E+00
7.22372E+01 -5.47072E+00
7.29049E+01 -5.46317E+00
7.35739E+01 -5.45266E+00
7.42424E+01 -5.43722E+00
7.49085E+01 -5.41861E+00
7.55706E+01 -5.39667E+00
7.62269E+01 -5.37049E+00
7.68759E+01 -5.34010E+00
7.75159E+01 -5.30656E+00
7.81454E+01 -5.26997E+00
7.87630E+01 -5.22914E+00
7.93673E+01 -5.18490E+00
7.99570E+01 -5.13735E+00
8.05307E+01 -5.08551E+00
8.10873E+01 -5.03147E+00
8.16256E+01 -4.97320E+00
8.21444E+01 -4.91075E+00
8.26429E+01 -4.84624E+00
8.31199E+01 -4.77748E+00
8.35745E+01 -4.70648E+00
8.40059E+01 -4.63126E+00
8.44132E+01 -4.55291E+00
8.47958E+01 -4.47250E+00
8.51528E+01 -4.38802E+00
8.54836E+01 -4.30054E+00
8.57876E+01 -4.21011E+00
8.60643E+01 -4.11781E+00
8.63133E+01 -4.02162E+00
8.65339E+01 -3.92263E+00
8.67259E+01 -3.82193E+00
8.68890E+01 -3.71750E+00
8.70227E+01 -3.61148E+00
8.71270E+01 -3.50186E+00
8.72017E+01 -3.39077E+00
8.72465E+01 -3.27724E+00
8.72614E+01 -3.16136E+00
8.72465E+01 -3.04319E+00
8.72016E+01 -2.92283E+00
8.71270E+01 -2.80035E+00
8.70227E+01 -2.67688E+00
8.68890E+01 -2.55045E+00
8.67259E+01 -2.42323E+00
8.65339E+01 -2.29324E+00
8.63133E+01 -2.16266E+00
8.60644E+01 -2.03055E+00
8.57876E+01 -1.89598E+00
8.54836E+01 -1.76113E+00
8.51528E+01 -1.62507E+00
8.47958E+01 -1.48790E+00
8.44133E+01 -1.34870E+00
8.40059E+01 -1.20964E+00
8.35745E+01 -1.06980E+00
8.31199E+01 -9.28224E-01
8.26429E+01 -7.87054E-01
8.21445E+01 -6.44417E-01
8.16256E+01 -5.02640E-01
8.10873E+01 -3.59745E-01
8.05307E+01 -2.15822E-01
7.99570E+01 -7.30407E-02
7.93674E+01 7.05614E-02
7.87631E+01 2.13872E-01
7.81454E+01 3.56865E-01
7.75159E+01 5.00231E-01
7.68759E+01 6.42680E-01
7.62270E+01 7.84169E-01
7.55706E+01 9.25652E-01
7.49086E+01 1.06705E+00
7.42424E+01 1.20733E+00
7.35740E+01 1.34623E+00
7.29050E+01 1.48538E+00
7.22373E+01 1.62275E+00
7.15728E+01 1.75826E+00
7.09135E+01 1.89397E+00
7.02612E+01 2.02778E+00
6.96182E+01 2.16011E+00
6.89863E+01 2.29093E+00
6.83676E+01 2.42023E+00
6.77642E+01 2.54802E+00
6.71783E+01 2.67425E+00
6.66118E+01 2.79826E+00
6.60670E+01 2.92009E+00
6.55457E+01 3.04079E+00
6.50501E+01 3.15940E+00
6.45821E+01 3.27555E+00
6.41435E+01 3.38883E+00
6.37363E+01 3.50037E+00
6.33622E+01 3.60917E+00
6.30227E+01 3.71628E+00
6.27194E+01 3.81995E+00
6.24536E+01 3.92129E+00
6.22266E+01 4.01932E+00
6.20393E+01 4.11623E+00
6.18928E+01 4.20932E+00
6.17876E+01 4.29848E+00
6.17243E+01 4.38586E+00
6.17031E+01 4.47056E+00
