Will plot unflagged data


File # 1  = raise.vis
raise.vis 15.1356 GHz
Read 121 visibilities from all files

Baseline 1-3, plot 121 points
6.17031E+01 6.92619E-03
6.17243E+01 6.92602E-03
6.17876E+01 6.92551E-03
6.18928E+01 6.92464E-03
6.20393E+01 6.92344E-03
6.22265E+01 6.92193E-03
6.24536E+01 6.92006E-03
6.27193E+01 6.91789E-03
6.30227E+01 6.91542E-03
6.33622E+01 6.91262E-03
6.37363E+01 6.90955E-03
6.41435E+01 6.90621E-03
6.45820E+01 6.90258E-03
6.50501E+01 6.89873E-03
6.55457E+01 6.89467E-03
6.60669E+01 6.89040E-03
6.66118E+01 6.88588E-03
6.71783E+01 6.88119E-03
6.77642E+01 6.87636E-03
6.83675E+01 6.87137E-03
6.89862E+01 6.86624E-03
6.96181E+01 6.86099E-03
7.02612E+01 6.85565E-03
7.09134E+01 6.85024E-03
7.15727E+01 6.84482E-03
7.22372E+01 6.83925E-03
7.29049E+01 6.83370E-03
7.35739E+01 6.82821E-03
7.42424E+01 6.82263E-03
7.49085E+01 6.81712E-03
7.55706E+01 6.81168E-03
7.62269E+01 6.80625E-03
7.68759E+01 6.80082E-03
7.75159E+01 6.79553E-03
7.81454E+01 6.79038E-03
7.87630E+01 6.78528E-03
7.93673E+01 6.78031E-03
7.99570E+01 6.77550E-03
8.05307E+01 6.77074E-03
8.10873E+01 6.76626E-03
8.16256E+01 6.76186E-03
8.21444E+01 6.75754E-03
8.26429E+01 6.75353E-03
8.31199E+01 6.74960E-03
8.35745E+01 6.74597E-03
8.40059E+01 6.74243E-03
8.44132E+01 6.73909E-03
8.47958E+01 6.73607E-03
8.51528E+01 6.73316E-03
8.54836E+01 6.73046E-03
8.57876E+01 6.72797E-03
8.60643E+01 6.72583E-03
8.63133E+01 6.72379E-03
8.65339E+01 6.72197E-03
8.67259E+01 6.72050E-03
8.68890E+01 6.71914E-03
8.70227E+01 6.71811E-03
8.71270E+01 6.71720E-03
8.72017E+01 6.71663E-03
8.72465E+01 6.71629E-03
8.72614E+01 6.71618E-03
8.72465E+01 6.71629E-03
8.72016E+01 6.71663E-03
8.71270E+01 6.71720E-03
8.70227E+01 6.71811E-03
8.68890E+01 6.71913E-03
8.67259E+01 6.72049E-03
8.65339E+01 6.72197E-03
8.63133E+01 6.72379E-03
8.60644E+01 6.72583E-03
8.57876E+01 6.72797E-03
8.54836E+01 6.73046E-03
8.51528E+01 6.73316E-03
8.47958E+01 6.73607E-03
8.44133E+01 6.73909E-03
8.40059E+01 6.74242E-03
8.35745E+01 6.74597E-03
8.31199E+01 6.74960E-03
8.26429E+01 6.75352E-03
8.21445E+01 6.75754E-03
8.16256E+01 6.76186E-03
8.10873E+01 6.76626E-03
8.05307E+01 6.77074E-03
7.99570E+01 6.77550E-03
7.93674E+01 6.78031E-03
7.87631E+01 6.78528E-03
7.81454E+01 6.79038E-03
7.75159E+01 6.79553E-03
7.68759E+01 6.80082E-03
7.62270E+01 6.80625E-03
7.55706E+01 6.81168E-03
7.49086E+01 6.81712E-03
7.42424E+01 6.82263E-03
7.35740E+01 6.82821E-03
7.29050E+01 6.83370E-03
7.22373E+01 6.83925E-03
7.15728E+01 6.84482E-03
7.09135E+01 6.85024E-03
7.02612E+01 6.85565E-03
6.96182E+01 6.86099E-03
6.89863E+01 6.86624E-03
6.83676E+01 6.87137E-03
6.77642E+01 6.87636E-03
6.71783E+01 6.88119E-03
6.66118E+01 6.88588E-03
6.60670E+01 6.89040E-03
6.55457E+01 6.89467E-03
6.50501E+01 6.89873E-03
6.45821E+01 6.90258E-03
6.41435E+01 6.90621E-03
6.37363E+01 6.90955E-03
6.33622E+01 6.91262E-03
6.30227E+01 6.91539E-03
6.27194E+01 6.91789E-03
6.24536E+01 6.92006E-03
6.22266E+01 6.92193E-03
6.20393E+01 6.92344E-03
6.18928E+01 6.92464E-03
6.17876E+01 6.92551E-03
6.17243E+01 6.92602E-03
6.17031E+01 6.92619E-03
