Will plot unflagged data


File # 1  = raise.vis
raise.vis 4.7863 GHz
Read 121 visibilities from all files

Baseline 1-5, plot 121 points
3.14268E+01 3.25573E-02
3.14376E+01 3.25564E-02
3.14698E+01 3.25536E-02
3.15234E+01 3.25490E-02
3.15980E+01 3.25425E-02
3.16934E+01 3.25343E-02
3.18090E+01 3.25245E-02
3.19444E+01 3.25129E-02
3.20989E+01 3.24995E-02
3.22718E+01 3.24848E-02
3.24623E+01 3.24685E-02
3.26697E+01 3.24506E-02
3.28931E+01 3.24315E-02
3.31315E+01 3.24113E-02
3.33839E+01 3.23896E-02
3.36494E+01 3.23672E-02
3.39269E+01 3.23438E-02
3.42154E+01 3.23192E-02
3.45138E+01 3.22938E-02
3.48211E+01 3.22678E-02
3.51362E+01 3.22414E-02
3.54581E+01 3.22146E-02
3.57856E+01 3.21873E-02
3.61178E+01 3.21596E-02
3.64536E+01 3.21318E-02
3.67921E+01 3.21037E-02
3.71321E+01 3.20757E-02
3.74729E+01 3.20477E-02
3.78133E+01 3.20200E-02
3.81526E+01 3.19920E-02
3.84898E+01 3.19645E-02
3.88241E+01 3.19378E-02
3.91546E+01 3.19114E-02
3.94806E+01 3.18853E-02
3.98012E+01 3.18595E-02
4.01158E+01 3.18345E-02
4.04236E+01 3.18105E-02
4.07239E+01 3.17862E-02
4.10161E+01 3.17635E-02
4.12996E+01 3.17413E-02
4.15738E+01 3.17202E-02
4.18380E+01 3.16996E-02
4.20919E+01 3.16801E-02
4.23348E+01 3.16611E-02
4.25664E+01 3.16432E-02
4.27861E+01 3.16264E-02
4.29936E+01 3.16108E-02
4.31884E+01 3.15957E-02
4.33702E+01 3.15824E-02
4.35387E+01 3.15691E-02
4.36936E+01 3.15576E-02
4.38345E+01 3.15473E-02
4.39613E+01 3.15376E-02
4.40737E+01 3.15290E-02
4.41715E+01 3.15217E-02
4.42545E+01 3.15157E-02
4.43226E+01 3.15102E-02
4.43758E+01 3.15065E-02
4.44138E+01 3.15035E-02
4.44366E+01 3.15017E-02
4.44442E+01 3.15017E-02
4.44366E+01 3.15017E-02
4.44138E+01 3.15035E-02
4.43758E+01 3.15065E-02
4.43226E+01 3.15102E-02
4.42545E+01 3.15157E-02
4.41715E+01 3.15217E-02
4.40737E+01 3.15290E-02
4.39613E+01 3.15375E-02
4.38345E+01 3.15473E-02
4.36936E+01 3.15576E-02
4.35387E+01 3.15691E-02
4.33702E+01 3.15824E-02
4.31884E+01 3.15957E-02
4.29936E+01 3.16108E-02
4.27861E+01 3.16264E-02
4.25664E+01 3.16432E-02
4.23348E+01 3.16611E-02
4.20919E+01 3.16802E-02
4.18380E+01 3.16996E-02
4.15738E+01 3.17202E-02
4.12996E+01 3.17413E-02
4.10161E+01 3.17635E-02
4.07239E+01 3.17862E-02
4.04236E+01 3.18105E-02
4.01158E+01 3.18345E-02
3.98012E+01 3.18595E-02
3.94806E+01 3.18853E-02
3.91546E+01 3.19114E-02
3.88241E+01 3.19378E-02
3.84898E+01 3.19645E-02
3.81526E+01 3.19920E-02
3.78133E+01 3.20201E-02
3.74729E+01 3.20477E-02
3.71321E+01 3.20757E-02
3.67921E+01 3.21037E-02
3.64536E+01 3.21318E-02
3.61178E+01 3.21596E-02
3.57856E+01 3.21873E-02
3.54581E+01 3.22146E-02
3.51363E+01 3.22414E-02
3.48211E+01 3.22678E-02
3.45139E+01 3.22938E-02
3.42154E+01 3.23192E-02
3.39269E+01 3.23438E-02
3.36494E+01 3.23672E-02
3.33839E+01 3.23896E-02
3.31315E+01 3.24113E-02
3.28931E+01 3.24315E-02
3.26698E+01 3.24506E-02
3.24624E+01 3.24685E-02
3.22718E+01 3.24848E-02
3.20989E+01 3.24995E-02
3.19444E+01 3.25129E-02
3.18090E+01 3.25245E-02
3.16934E+01 3.25343E-02
3.15980E+01 3.25425E-02
3.15234E+01 3.25490E-02
3.14698E+01 3.25536E-02
3.14376E+01 3.25564E-02
3.14268E+01 3.25573E-02
