Will plot unflagged data


File # 1  = raise.vis
raise.vis 4.7863 GHz
Read 121 visibilities from all files

Baseline 1-5, plot 121 points
3.14268E+01 -3.96214E+00
3.14376E+01 -4.03442E+00
3.14698E+01 -4.10363E+00
3.15234E+01 -4.16988E+00
3.15980E+01 -4.23320E+00
3.16934E+01 -4.29370E+00
3.18090E+01 -4.35189E+00
3.19444E+01 -4.40662E+00
3.20989E+01 -4.45795E+00
3.22718E+01 -4.50696E+00
3.24623E+01 -4.55270E+00
3.26697E+01 -4.59464E+00
3.28931E+01 -4.63375E+00
3.31315E+01 -4.67011E+00
3.33839E+01 -4.70272E+00
3.36494E+01 -4.73270E+00
3.39269E+01 -4.75959E+00
3.42154E+01 -4.78227E+00
3.45138E+01 -4.80185E+00
3.48211E+01 -4.81835E+00
3.51362E+01 -4.83185E+00
3.54581E+01 -4.84217E+00
3.57856E+01 -4.84898E+00
3.61178E+01 -4.85238E+00
3.64536E+01 -4.85240E+00
3.67921E+01 -4.84908E+00
3.71321E+01 -4.84250E+00
3.74729E+01 -4.83238E+00
3.78133E+01 -4.81959E+00
3.81526E+01 -4.80216E+00
3.84898E+01 -4.78218E+00
3.88241E+01 -4.75966E+00
3.91546E+01 -4.73362E+00
3.94806E+01 -4.70410E+00
3.98012E+01 -4.67079E+00
4.01158E+01 -4.63474E+00
4.04236E+01 -4.59602E+00
4.07239E+01 -4.55259E+00
4.10161E+01 -4.50757E+00
4.12996E+01 -4.45891E+00
4.15738E+01 -4.40768E+00
4.18380E+01 -4.35290E+00
4.20919E+01 -4.29550E+00
4.23348E+01 -4.23439E+00
4.25664E+01 -4.17066E+00
4.27861E+01 -4.10435E+00
4.29936E+01 -4.03551E+00
4.31884E+01 -3.96314E+00
4.33702E+01 -3.88935E+00
4.35387E+01 -3.81107E+00
4.36936E+01 -3.73144E+00
4.38345E+01 -3.64947E+00
4.39613E+01 -3.56417E+00
4.40737E+01 -3.47662E+00
4.41715E+01 -3.38687E+00
4.42545E+01 -3.29498E+00
4.43226E+01 -3.19995E+00
4.43758E+01 -3.10392E+00
4.44138E+01 -3.00487E+00
4.44366E+01 -2.90390E+00
4.44442E+01 -2.80211E+00
4.44366E+01 -2.69647E+00
4.44138E+01 -2.59015E+00
4.43758E+01 -2.48219E+00
4.43226E+01 -2.37164E+00
4.42545E+01 -2.26065E+00
4.41715E+01 -2.14725E+00
4.40737E+01 -2.03254E+00
4.39613E+01 -1.91662E+00
4.38345E+01 -1.79958E+00
4.36936E+01 -1.68049E+00
4.35387E+01 -1.56045E+00
4.33702E+01 -1.44061E+00
4.31884E+01 -1.31797E+00
4.29936E+01 -1.19571E+00
4.27861E+01 -1.07186E+00
4.25664E+01 -9.47564E-01
4.23348E+01 -8.22903E-01
4.20919E+01 -6.97959E-01
4.18380E+01 -5.71764E-01
4.15738E+01 -4.45544E-01
4.12996E+01 -3.18486E-01
4.10161E+01 -1.91698E-01
4.07239E+01 -6.42321E-02
4.04236E+01 6.17503E-02
4.01158E+01 1.89252E-01
3.98012E+01 3.16121E-01
3.94806E+01 4.42309E-01
3.91546E+01 5.68752E-01
3.88241E+01 6.95050E-01
3.84898E+01 8.21131E-01
3.81526E+01 9.45906E-01
3.78133E+01 1.06929E+00
3.74729E+01 1.19328E+00
3.71321E+01 1.31581E+00
3.67921E+01 1.43767E+00
3.64536E+01 1.55847E+00
3.61178E+01 1.67822E+00
3.57856E+01 1.79688E+00
3.54581E+01 1.91438E+00
3.51363E+01 2.03077E+00
3.48211E+01 2.14564E+00
3.45139E+01 2.25873E+00
3.42154E+01 2.37007E+00
3.39269E+01 2.47960E+00
3.36494E+01 2.58837E+00
3.33839E+01 2.69523E+00
3.31315E+01 2.79964E+00
3.28931E+01 2.90268E+00
3.26698E+01 3.00332E+00
3.24624E+01 3.10156E+00
3.22718E+01 3.19837E+00
3.20989E+01 3.29316E+00
3.19444E+01 3.38496E+00
3.18090E+01 3.47482E+00
3.16934E+01 3.56279E+00
3.15980E+01 3.64767E+00
3.15234E+01 3.72997E+00
3.14698E+01 3.80979E+00
3.14376E+01 3.88715E+00
3.14268E+01 3.96213E+00
