Will plot unflagged data


File # 1  = raise.vis
raise.vis 0.4786 GHz
Read 121 visibilities from all files

Baseline 1-5, plot 121 points
3.14268E+00 9.02805E-01
3.14376E+00 9.02803E-01
3.14698E+00 9.02797E-01
3.15234E+00 9.02787E-01
3.15980E+00 9.02773E-01
3.16934E+00 9.02755E-01
3.18090E+00 9.02734E-01
3.19444E+00 9.02709E-01
3.20989E+00 9.02682E-01
3.22718E+00 9.02649E-01
3.24623E+00 9.02612E-01
3.26697E+00 9.02575E-01
3.28931E+00 9.02530E-01
3.31315E+00 9.02487E-01
3.33839E+00 9.02439E-01
3.36494E+00 9.02383E-01
3.39269E+00 9.02329E-01
3.42154E+00 9.02272E-01
3.45138E+00 9.02217E-01
3.48211E+00 9.02153E-01
3.51362E+00 9.02092E-01
3.54581E+00 9.02022E-01
3.57856E+00 9.01956E-01
3.61178E+00 9.01887E-01
3.64536E+00 9.01816E-01
3.67921E+00 9.01750E-01
3.71321E+00 9.01674E-01
3.74729E+00 9.01603E-01
3.78133E+00 9.01531E-01
3.81526E+00 9.01456E-01
3.84898E+00 9.01389E-01
3.88241E+00 9.01311E-01
3.91546E+00 9.01240E-01
3.94806E+00 9.01168E-01
3.98012E+00 9.01093E-01
4.01158E+00 9.01027E-01
4.04236E+00 9.00960E-01
4.07239E+00 9.00891E-01
4.10161E+00 9.00822E-01
4.12996E+00 9.00761E-01
4.15738E+00 9.00699E-01
4.18380E+00 9.00637E-01
4.20919E+00 9.00574E-01
4.23348E+00 9.00521E-01
4.25664E+00 9.00467E-01
4.27861E+00 9.00412E-01
4.29936E+00 9.00368E-01
4.31884E+00 9.00313E-01
4.33702E+00 9.00279E-01
4.35387E+00 9.00234E-01
4.36936E+00 9.00200E-01
4.38345E+00 9.00166E-01
4.39613E+00 9.00131E-01
4.40737E+00 9.00108E-01
4.41715E+00 9.00085E-01
4.42545E+00 9.00062E-01
4.43226E+00 9.00050E-01
4.43758E+00 9.00038E-01
4.44138E+00 9.00027E-01
4.44366E+00 9.00015E-01
4.44442E+00 9.00015E-01
4.44366E+00 9.00015E-01
4.44138E+00 9.00027E-01
4.43758E+00 9.00038E-01
4.43227E+00 9.00050E-01
4.42545E+00 9.00062E-01
4.41715E+00 9.00085E-01
4.40737E+00 9.00108E-01
4.39613E+00 9.00131E-01
4.38345E+00 9.00166E-01
4.36936E+00 9.00200E-01
4.35387E+00 9.00234E-01
4.33702E+00 9.00279E-01
4.31884E+00 9.00313E-01
4.29936E+00 9.00368E-01
4.27861E+00 9.00412E-01
4.25664E+00 9.00467E-01
4.23348E+00 9.00520E-01
4.20919E+00 9.00574E-01
4.18380E+00 9.00637E-01
4.15738E+00 9.00699E-01
4.12996E+00 9.00761E-01
4.10161E+00 9.00822E-01
4.07239E+00 9.00891E-01
4.04236E+00 9.00960E-01
4.01158E+00 9.01027E-01
3.98012E+00 9.01093E-01
3.94806E+00 9.01168E-01
3.91546E+00 9.01240E-01
3.88241E+00 9.01311E-01
3.84898E+00 9.01389E-01
3.81526E+00 9.01456E-01
3.78133E+00 9.01531E-01
3.74729E+00 9.01603E-01
3.71321E+00 9.01674E-01
3.67921E+00 9.01750E-01
3.64536E+00 9.01816E-01
3.61178E+00 9.01887E-01
3.57856E+00 9.01956E-01
3.54581E+00 9.02022E-01
3.51363E+00 9.02092E-01
3.48212E+00 9.02153E-01
3.45139E+00 9.02216E-01
3.42154E+00 9.02272E-01
3.39269E+00 9.02329E-01
3.36494E+00 9.02384E-01
3.33839E+00 9.02439E-01
3.31315E+00 9.02486E-01
3.28931E+00 9.02530E-01
3.26698E+00 9.02575E-01
3.24624E+00 9.02612E-01
3.22718E+00 9.02649E-01
3.20989E+00 9.02682E-01
3.19444E+00 9.02709E-01
3.18090E+00 9.02734E-01
3.16934E+00 9.02755E-01
3.15980E+00 9.02773E-01
3.15234E+00 9.02787E-01
3.14698E+00 9.02797E-01
3.14376E+00 9.02803E-01
3.14268E+00 9.02805E-01
