Will plot unflagged data


File # 1  = raise.vis
raise.vis 0.4786 GHz
Read 121 visibilities from all files

Baseline 1-5, plot 121 points
3.14268E+00 -6.69081E-01
3.14376E+00 -6.81307E-01
3.14698E+00 -6.93041E-01
3.15234E+00 -7.04269E-01
3.15980E+00 -7.14978E-01
3.16934E+00 -7.25155E-01
3.18090E+00 -7.34784E-01
3.19444E+00 -7.43852E-01
3.20989E+00 -7.53379E-01
3.22718E+00 -7.61287E-01
3.24623E+00 -7.68594E-01
3.26697E+00 -7.76321E-01
3.28931E+00 -7.82390E-01
3.31315E+00 -7.88855E-01
3.33839E+00 -7.94670E-01
3.36494E+00 -7.98791E-01
3.39269E+00 -8.03274E-01
3.42154E+00 -8.07075E-01
3.45138E+00 -8.11216E-01
3.48211E+00 -8.13623E-01
3.51362E+00 -8.16352E-01
3.54581E+00 -8.17328E-01
3.57856E+00 -8.18610E-01
3.61178E+00 -8.19157E-01
3.64536E+00 -8.18962E-01
3.67921E+00 -8.19051E-01
3.71321E+00 -8.17354E-01
3.74729E+00 -8.15929E-01
3.78133E+00 -8.13740E-01
3.81526E+00 -8.10782E-01
3.84898E+00 -8.08081E-01
3.88241E+00 -8.03577E-01
3.91546E+00 -7.99321E-01
3.94806E+00 -7.94278E-01
3.98012E+00 -7.88435E-01
4.01158E+00 -7.82822E-01
4.04236E+00 -7.76410E-01
4.07239E+00 -7.69200E-01
4.10161E+00 -7.61191E-01
4.12996E+00 -7.53416E-01
4.15738E+00 -7.44846E-01
4.18380E+00 -7.35483E-01
4.20919E+00 -7.25330E-01
4.23348E+00 -7.15420E-01
4.25664E+00 -7.04726E-01
4.27861E+00 -6.93253E-01
4.29936E+00 -6.82036E-01
4.31884E+00 -6.69016E-01
4.33702E+00 -6.57296E-01
4.35387E+00 -6.43785E-01
4.36936E+00 -6.30554E-01
4.38345E+00 -6.16577E-01
4.39613E+00 -6.01863E-01
4.40737E+00 -5.87451E-01
4.41715E+00 -5.72318E-01
4.42545E+00 -5.56473E-01
4.43226E+00 -5.40958E-01
4.43758E+00 -5.24749E-01
4.44138E+00 -5.07859E-01
4.44366E+00 -4.90296E-01
4.44442E+00 -4.73106E-01
4.44366E+00 -4.55267E-01
4.44138E+00 -4.37825E-01
4.43758E+00 -4.19759E-01
4.43227E+00 -4.01082E-01
4.42545E+00 -3.81809E-01
4.41715E+00 -3.62985E-01
4.40737E+00 -3.43592E-01
4.39613E+00 -3.23645E-01
4.38345E+00 -3.04191E-01
4.36936E+00 -2.84213E-01
4.35387E+00 -2.63728E-01
4.33702E+00 -2.43783E-01
4.31884E+00 -2.22330E-01
4.29936E+00 -2.02483E-01
4.27861E+00 -1.81162E-01
4.25664E+00 -1.60449E-01
4.23348E+00 -1.39328E-01
4.20919E+00 -1.17819E-01
4.18380E+00 -9.69699E-02
4.15738E+00 -7.57676E-02
4.12996E+00 -5.42310E-02
4.10161E+00 -3.23788E-02
4.07239E+00 -1.12591E-02
4.04236E+00 1.01389E-02
4.01158E+00 3.17964E-02
3.98012E+00 5.36941E-02
3.94806E+00 7.47857E-02
3.91546E+00 9.60803E-02
3.88241E+00 1.17550E-01
3.84898E+00 1.38139E-01
3.81526E+00 1.59882E-01
3.78133E+00 1.80705E-01
3.74729E+00 2.01614E-01
3.71321E+00 2.22589E-01
3.67921E+00 2.42581E-01
3.64536E+00 2.63630E-01
3.61178E+00 2.83654E-01
3.57856E+00 3.03663E-01
3.54581E+00 3.23639E-01
3.51363E+00 3.42527E-01
3.48212E+00 3.62373E-01
3.45139E+00 3.81091E-01
3.42154E+00 4.00727E-01
3.39269E+00 4.19194E-01
3.36494E+00 4.37505E-01
3.33839E+00 4.54608E-01
3.31315E+00 4.72549E-01
3.28931E+00 4.90274E-01
3.26698E+00 5.06731E-01
3.24624E+00 5.23967E-01
3.22718E+00 5.39898E-01
3.20989E+00 5.55537E-01
3.19444E+00 5.71898E-01
3.18090E+00 5.86900E-01
3.16934E+00 6.01555E-01
3.15980E+00 6.15849E-01
3.15234E+00 6.29764E-01
3.14698E+00 6.43284E-01
3.14376E+00 6.56393E-01
3.14268E+00 6.69077E-01
