Will plot unflagged data


File # 1  = raise.vis
raise.vis 0.1514 GHz
Read 121 visibilities from all files

Baseline 1-2, plot 121 points
5.46046E-02 -2.56927E-02
5.46233E-02 -2.66350E-02
5.46793E-02 -2.65336E-02
5.47724E-02 -2.74387E-02
5.49021E-02 -2.72987E-02
5.50677E-02 -2.81643E-02
5.52686E-02 -2.79834E-02
5.55039E-02 -2.88069E-02
5.57723E-02 -2.85827E-02
5.60727E-02 -2.93620E-02
5.64038E-02 -2.90923E-02
5.67642E-02 -2.98253E-02
5.71522E-02 -3.05342E-02
5.75664E-02 -3.01926E-02
5.80050E-02 -3.08522E-02
5.84663E-02 -3.04602E-02
5.89485E-02 -3.10686E-02
5.94498E-02 -3.06245E-02
5.99683E-02 -3.11801E-02
6.05022E-02 -3.17087E-02
6.10497E-02 -3.11835E-02
6.16090E-02 -3.16570E-02
6.21781E-02 -3.10760E-02
6.27552E-02 -3.14932E-02
6.33387E-02 -3.18818E-02
6.39268E-02 -3.12148E-02
6.45176E-02 -3.15454E-02
6.51097E-02 -3.18466E-02
6.57012E-02 -3.10914E-02
6.62907E-02 -3.13333E-02
6.68766E-02 -3.15453E-02
6.74575E-02 -3.07003E-02
6.80317E-02 -3.08521E-02
6.85981E-02 -3.09736E-02
6.91552E-02 -3.00377E-02
6.97018E-02 -3.00983E-02
7.02366E-02 -3.01286E-02
7.07584E-02 -2.91011E-02
7.12661E-02 -2.90703E-02
7.17587E-02 -2.90090E-02
7.22350E-02 -2.89173E-02
7.26942E-02 -2.87953E-02
7.31353E-02 -2.76156E-02
7.35574E-02 -2.74331E-02
7.39597E-02 -2.72205E-02
7.43415E-02 -2.69780E-02
7.47020E-02 -2.67058E-02
7.50405E-02 -2.53766E-02
7.53564E-02 -2.50454E-02
7.56492E-02 -2.46852E-02
7.59182E-02 -2.42960E-02
7.61631E-02 -2.38782E-02
7.63834E-02 -2.34322E-02
7.65787E-02 -2.29581E-02
7.67486E-02 -2.24563E-02
7.68929E-02 -2.19271E-02
7.70113E-02 -2.03435E-02
7.71036E-02 -1.97608E-02
7.71696E-02 -1.91519E-02
7.72093E-02 -1.85171E-02
7.72225E-02 -1.78570E-02
7.72093E-02 -1.71720E-02
7.71696E-02 -1.64626E-02
7.71036E-02 -1.57293E-02
7.70113E-02 -1.49725E-02
7.68929E-02 -1.52202E-02
7.67486E-02 -1.44181E-02
7.65787E-02 -1.35941E-02
7.63834E-02 -1.27489E-02
7.61632E-02 -1.18829E-02
7.59183E-02 -1.09969E-02
7.56492E-02 -1.00914E-02
7.53564E-02 -9.16694E-03
7.50405E-02 -8.22429E-03
7.47020E-02 -8.29144E-03
7.43415E-02 -7.31426E-03
7.39598E-02 -6.32081E-03
7.35574E-02 -5.31176E-03
7.31353E-02 -4.28784E-03
7.26942E-02 -4.27702E-03
7.22350E-02 -3.22541E-03
7.17587E-02 -2.16104E-03
7.12661E-02 -1.08463E-03
7.07584E-02 3.06960E-06
7.02366E-02 7.41445E-05
6.97018E-02 1.18219E-03
6.91553E-02 2.29927E-03
6.85982E-02 2.39756E-03
6.80318E-02 3.53042E-03
6.74575E-02 4.66998E-03
6.68767E-02 4.78855E-03
6.62908E-02 5.93922E-03
6.57013E-02 7.09427E-03
6.51097E-02 7.22602E-03
6.45177E-02 8.38739E-03
6.39268E-02 9.55078E-03
6.33388E-02 9.68861E-03
6.27553E-02 1.08536E-02
6.21781E-02 1.20181E-02
6.16090E-02 1.21549E-02
6.10498E-02 1.33163E-02
6.05023E-02 1.34483E-02
5.99683E-02 1.46033E-02
5.94498E-02 1.57539E-02
5.89485E-02 1.58729E-02
5.84663E-02 1.70124E-02
5.80051E-02 1.71188E-02
5.75665E-02 1.82440E-02
5.71523E-02 1.83348E-02
5.67642E-02 1.94426E-02
5.64038E-02 2.05407E-02
5.60727E-02 2.06021E-02
5.57723E-02 2.16783E-02
5.55039E-02 2.17165E-02
5.52687E-02 2.27679E-02
5.50678E-02 2.27800E-02
5.49021E-02 2.38037E-02
5.47724E-02 2.37868E-02
5.46793E-02 2.47799E-02
5.46233E-02 2.47313E-02
5.46046E-02 2.56912E-02
