Will plot unflagged data


File # 1  = raise.vis
raise.vis 4.7863 GHz
Read 121 visibilities from all files

Baseline 3-5, plot 121 points
1.19146E+01 1.65312E-02
1.19186E+01 1.65311E-02
1.19309E+01 1.65311E-02
1.19512E+01 1.65310E-02
1.19795E+01 1.65308E-02
1.20156E+01 1.65306E-02
1.20595E+01 1.65303E-02
1.21108E+01 1.65301E-02
1.21694E+01 1.65297E-02
1.22349E+01 1.65294E-02
1.23072E+01 1.65290E-02
1.23858E+01 1.65285E-02
1.24705E+01 1.65280E-02
1.25608E+01 1.65275E-02
1.26565E+01 1.65269E-02
1.27572E+01 1.65263E-02
1.28624E+01 1.65257E-02
1.29718E+01 1.65250E-02
1.30849E+01 1.65243E-02
1.32014E+01 1.65236E-02
1.33209E+01 1.65229E-02
1.34429E+01 1.65222E-02
1.35671E+01 1.65214E-02
1.36930E+01 1.65206E-02
1.38203E+01 1.65198E-02
1.39486E+01 1.65190E-02
1.40776E+01 1.65181E-02
1.42067E+01 1.65172E-02
1.43358E+01 1.65164E-02
1.44644E+01 1.65155E-02
1.45923E+01 1.65147E-02
1.47190E+01 1.65139E-02
1.48443E+01 1.65130E-02
1.49679E+01 1.65122E-02
1.50895E+01 1.65114E-02
1.52087E+01 1.65105E-02
1.53254E+01 1.65097E-02
1.54393E+01 1.65089E-02
1.55501E+01 1.65081E-02
1.56575E+01 1.65073E-02
1.57615E+01 1.65066E-02
1.58617E+01 1.65059E-02
1.59579E+01 1.65051E-02
1.60500E+01 1.65045E-02
1.61378E+01 1.65038E-02
1.62211E+01 1.65032E-02
1.62998E+01 1.65026E-02
1.63736E+01 1.65021E-02
1.64426E+01 1.65016E-02
1.65064E+01 1.65011E-02
1.65651E+01 1.65006E-02
1.66186E+01 1.65002E-02
1.66666E+01 1.64999E-02
1.67093E+01 1.64996E-02
1.67463E+01 1.64993E-02
1.67778E+01 1.64990E-02
1.68036E+01 1.64988E-02
1.68238E+01 1.64987E-02
1.68382E+01 1.64986E-02
1.68468E+01 1.64985E-02
1.68497E+01 1.64985E-02
1.68468E+01 1.64985E-02
1.68382E+01 1.64986E-02
1.68238E+01 1.64987E-02
1.68036E+01 1.64988E-02
1.67778E+01 1.64990E-02
1.67463E+01 1.64993E-02
1.67093E+01 1.64996E-02
1.66666E+01 1.64999E-02
1.66186E+01 1.65002E-02
1.65652E+01 1.65007E-02
1.65064E+01 1.65011E-02
1.64426E+01 1.65016E-02
1.63736E+01 1.65021E-02
1.62998E+01 1.65026E-02
1.62211E+01 1.65032E-02
1.61378E+01 1.65038E-02
1.60500E+01 1.65045E-02
1.59579E+01 1.65051E-02
1.58617E+01 1.65059E-02
1.57615E+01 1.65066E-02
1.56575E+01 1.65073E-02
1.55501E+01 1.65081E-02
1.54393E+01 1.65089E-02
1.53254E+01 1.65097E-02
1.52087E+01 1.65105E-02
1.50895E+01 1.65114E-02
1.49679E+01 1.65122E-02
1.48443E+01 1.65130E-02
1.47190E+01 1.65139E-02
1.45923E+01 1.65147E-02
1.44645E+01 1.65155E-02
1.43358E+01 1.65164E-02
1.42068E+01 1.65172E-02
1.40776E+01 1.65181E-02
1.39486E+01 1.65190E-02
1.38203E+01 1.65198E-02
1.36930E+01 1.65206E-02
1.35671E+01 1.65214E-02
1.34429E+01 1.65222E-02
1.33209E+01 1.65229E-02
1.32014E+01 1.65236E-02
1.30849E+01 1.65243E-02
1.29718E+01 1.65250E-02
1.28624E+01 1.65257E-02
1.27572E+01 1.65263E-02
1.26565E+01 1.65269E-02
1.25608E+01 1.65275E-02
1.24705E+01 1.65280E-02
1.23858E+01 1.65285E-02
1.23072E+01 1.65290E-02
1.22349E+01 1.65294E-02
1.21694E+01 1.65297E-02
1.21108E+01 1.65301E-02
1.20595E+01 1.65303E-02
1.20156E+01 1.65306E-02
1.19795E+01 1.65308E-02
1.19512E+01 1.65310E-02
1.19309E+01 1.65311E-02
1.19186E+01 1.65311E-02
1.19146E+01 1.65312E-02
