Will plot unflagged data


File # 1  = raise.vis
raise.vis 4.7863 GHz
Read 121 visibilities from all files

Baseline 3-5, plot 121 points
1.19146E+01 -8.63243E-01
1.19186E+01 -8.79510E-01
1.19309E+01 -8.94110E-01
1.19512E+01 -9.09083E-01
1.19795E+01 -9.22354E-01
1.20156E+01 -9.35969E-01
1.20595E+01 -9.47846E-01
1.21108E+01 -9.60033E-01
1.21694E+01 -9.71481E-01
1.22349E+01 -9.82174E-01
1.23072E+01 -9.92094E-01
1.23858E+01 -1.00122E+00
1.24705E+01 -1.00955E+00
1.25608E+01 -1.01706E+00
1.26565E+01 -1.02476E+00
1.27572E+01 -1.03058E+00
1.28624E+01 -1.03657E+00
1.29718E+01 -1.04168E+00
1.30849E+01 -1.04591E+00
1.32014E+01 -1.04924E+00
1.33209E+01 -1.05269E+00
1.34429E+01 -1.05522E+00
1.35671E+01 -1.05682E+00
1.36930E+01 -1.05749E+00
1.38203E+01 -1.05721E+00
1.39486E+01 -1.05697E+00
1.40776E+01 -1.05471E+00
1.42067E+01 -1.05248E+00
1.43358E+01 -1.05028E+00
1.44644E+01 -1.04604E+00
1.45923E+01 -1.04182E+00
1.47190E+01 -1.03761E+00
1.48443E+01 -1.03136E+00
1.49679E+01 -1.02512E+00
1.50895E+01 -1.01785E+00
1.52087E+01 -1.00957E+00
1.53254E+01 -1.00129E+00
1.54393E+01 -9.91980E-01
1.55501E+01 -9.81649E-01
1.56575E+01 -9.71327E-01
1.57615E+01 -9.59982E-01
1.58617E+01 -9.48650E-01
1.59579E+01 -9.35267E-01
1.60500E+01 -9.22936E-01
1.61378E+01 -9.08563E-01
1.62211E+01 -8.94219E-01
1.62998E+01 -8.78875E-01
1.63736E+01 -8.63571E-01
1.64426E+01 -8.47281E-01
1.65064E+01 -8.30013E-01
1.65651E+01 -8.12808E-01
1.66186E+01 -7.94642E-01
1.66666E+01 -7.76556E-01
1.67093E+01 -7.57530E-01
1.67463E+01 -7.37573E-01
1.67778E+01 -7.17729E-01
1.68036E+01 -6.96980E-01
1.68238E+01 -6.76368E-01
1.68382E+01 -6.54876E-01
1.68468E+01 -6.32517E-01
1.68497E+01 -6.10338E-01
1.68468E+01 -5.87323E-01
1.68382E+01 -5.64519E-01
1.68238E+01 -5.40910E-01
1.68036E+01 -5.16513E-01
1.67778E+01 -4.92379E-01
1.67463E+01 -4.67492E-01
1.67093E+01 -4.42904E-01
1.66666E+01 -4.17601E-01
1.66186E+01 -3.91603E-01
1.65652E+01 -3.65962E-01
1.65064E+01 -3.39666E-01
1.64426E+01 -3.13769E-01
1.63736E+01 -2.87259E-01
1.62998E+01 -2.60159E-01
1.62211E+01 -2.33523E-01
1.61378E+01 -2.06340E-01
1.60500E+01 -1.79667E-01
1.59579E+01 -1.51461E-01
1.58617E+01 -1.24844E-01
1.57615E+01 -9.67408E-02
1.56575E+01 -6.92421E-02
1.55501E+01 -4.13392E-02
1.54393E+01 -1.40896E-02
1.53254E+01 1.35151E-02
1.52087E+01 4.14495E-02
1.50895E+01 6.86559E-02
1.49679E+01 9.61419E-02
1.48443E+01 1.23882E-01
1.47190E+01 1.50818E-01
1.45923E+01 1.78989E-01
1.44645E+01 2.06307E-01
1.43358E+01 2.32746E-01
1.42068E+01 2.60344E-01
1.40776E+01 2.87015E-01
1.39486E+01 3.12738E-01
1.38203E+01 3.39544E-01
1.36930E+01 3.65350E-01
1.35671E+01 3.91129E-01
1.34429E+01 4.16851E-01
1.33209E+01 4.42490E-01
1.32014E+01 4.68025E-01
1.30849E+01 4.92397E-01
1.29718E+01 5.16614E-01
1.28624E+01 5.40651E-01
1.27572E+01 5.64482E-01
1.26565E+01 5.87051E-01
1.25608E+01 6.10398E-01
1.24705E+01 6.32432E-01
1.23858E+01 6.54161E-01
1.23072E+01 6.75560E-01
1.22349E+01 6.96606E-01
1.21694E+01 7.17273E-01
1.21108E+01 7.37539E-01
1.20595E+01 7.57381E-01
1.20156E+01 7.75744E-01
1.19795E+01 7.94671E-01
1.19512E+01 8.12078E-01
1.19309E+01 8.30008E-01
1.19186E+01 8.46382E-01
1.19146E+01 8.63240E-01
