Will plot unflagged data


File # 1  = raise.vis
raise.vis 0.1514 GHz
Read 121 visibilities from all files

Baseline 1-5, plot 121 points
9.93803E-01 -1.25294E-01
9.94143E-01 -1.27839E-01
9.95163E-01 -1.30293E-01
9.96857E-01 -1.31629E-01
9.99217E-01 -1.33895E-01
1.00223E+00 -1.36063E-01
1.00589E+00 -1.38129E-01
1.01017E+00 -1.39064E-01
1.01506E+00 -1.40919E-01
1.02052E+00 -1.42664E-01
1.02655E+00 -1.44297E-01
1.03311E+00 -1.45815E-01
1.04017E+00 -1.46188E-01
1.04771E+00 -1.47469E-01
1.05569E+00 -1.48629E-01
1.06409E+00 -1.49664E-01
1.07286E+00 -1.50573E-01
1.08199E+00 -1.51354E-01
1.09142E+00 -1.52005E-01
1.10114E+00 -1.52524E-01
1.11111E+00 -1.52910E-01
1.12128E+00 -1.53160E-01
1.13164E+00 -1.53273E-01
1.14215E+00 -1.53247E-01
1.15276E+00 -1.53082E-01
1.16347E+00 -1.53806E-01
1.17422E+00 -1.53357E-01
1.18500E+00 -1.52766E-01
1.19576E+00 -1.52029E-01
1.20649E+00 -1.52178E-01
1.21715E+00 -1.51151E-01
1.22773E+00 -1.51007E-01
1.23818E+00 -1.49686E-01
1.24849E+00 -1.49247E-01
1.25863E+00 -1.47630E-01
1.26857E+00 -1.46894E-01
1.27831E+00 -1.44979E-01
1.28780E+00 -1.43947E-01
1.29704E+00 -1.42765E-01
1.30601E+00 -1.41435E-01
1.31468E+00 -1.39957E-01
1.32303E+00 -1.37298E-01
1.33106E+00 -1.35524E-01
1.33874E+00 -1.33602E-01
1.34607E+00 -1.31534E-01
1.35302E+00 -1.30351E-01
1.35958E+00 -1.27992E-01
1.36574E+00 -1.25489E-01
1.37149E+00 -1.22842E-01
1.37682E+00 -1.21085E-01
1.38171E+00 -1.18156E-01
1.38617E+00 -1.15087E-01
1.39018E+00 -1.12911E-01
1.39373E+00 -1.10599E-01
1.39682E+00 -1.07120E-01
1.39945E+00 -1.04540E-01
1.40161E+00 -1.01827E-01
1.40328E+00 -9.79538E-02
1.40449E+00 -9.49841E-02
1.40521E+00 -9.18886E-02
1.40545E+00 -8.86696E-02
1.40521E+00 -8.53290E-02
1.40449E+00 -8.18694E-02
1.40329E+00 -7.82929E-02
1.40161E+00 -7.56340E-02
1.39945E+00 -7.18314E-02
1.39682E+00 -6.79197E-02
1.39373E+00 -6.49332E-02
1.39018E+00 -6.08111E-02
1.38617E+00 -5.65881E-02
1.38171E+00 -5.32989E-02
1.37682E+00 -4.99146E-02
1.37149E+00 -4.54064E-02
1.36574E+00 -4.18410E-02
1.35958E+00 -3.81898E-02
1.35302E+00 -3.44559E-02
1.34607E+00 -2.96111E-02
1.33875E+00 -2.57218E-02
1.33106E+00 -2.17598E-02
1.32304E+00 -1.77286E-02
1.31468E+00 -1.46631E-02
1.30601E+00 -1.05038E-02
1.29704E+00 -6.28575E-03
1.28780E+00 -2.01261E-03
1.27831E+00 2.31204E-03
1.26857E+00 5.65330E-03
1.25863E+00 1.00699E-02
1.24849E+00 1.34959E-02
1.23818E+00 1.79896E-02
1.22773E+00 2.14852E-02
1.21716E+00 2.60408E-02
1.20649E+00 2.95909E-02
1.19576E+00 3.41931E-02
1.18500E+00 3.77822E-02
1.17422E+00 4.13852E-02
1.16347E+00 4.49981E-02
1.15277E+00 4.96471E-02
1.14215E+00 5.32681E-02
1.13164E+00 5.68873E-02
1.12128E+00 6.05010E-02
1.11111E+00 6.41051E-02
1.10114E+00 6.76959E-02
1.09142E+00 7.12694E-02
1.08199E+00 7.48219E-02
1.07286E+00 7.83495E-02
1.06409E+00 8.18483E-02
1.05569E+00 8.53146E-02
1.04771E+00 8.87445E-02
1.04017E+00 9.21345E-02
1.03311E+00 9.44524E-02
1.02655E+00 9.77513E-02
1.02052E+00 1.00999E-01
1.01506E+00 1.04192E-01
1.01017E+00 1.07327E-01
1.00589E+00 1.09372E-01
1.00223E+00 1.12380E-01
9.99218E-01 1.15319E-01
9.96857E-01 1.18185E-01
9.95163E-01 1.19950E-01
9.94143E-01 1.22662E-01
9.93803E-01 1.25293E-01
