Will plot unflagged data


File # 1  = raise.vis
raise.vis 0.4786 GHz
Read 121 visibilities from all files

Baseline 1-3, plot 121 points
1.95122E+00 7.50683E-01
1.95189E+00 7.54838E-01
1.95390E+00 7.58993E-01
1.95722E+00 7.63148E-01
1.96186E+00 7.67304E-01
1.96778E+00 7.71459E-01
1.97496E+00 7.75614E-01
1.98336E+00 7.79770E-01
1.99295E+00 7.83925E-01
2.00369E+00 7.88080E-01
2.01552E+00 7.92235E-01
2.02840E+00 7.96391E-01
2.04226E+00 8.00546E-01
2.05706E+00 8.04701E-01
2.07274E+00 8.08857E-01
2.08922E+00 8.13012E-01
2.10645E+00 8.17167E-01
2.12436E+00 8.21322E-01
2.14289E+00 8.25478E-01
2.16197E+00 8.29633E-01
2.18154E+00 8.33788E-01
2.20152E+00 8.37944E-01
2.22185E+00 8.42099E-01
2.24248E+00 8.46254E-01
2.26333E+00 8.50409E-01
2.28434E+00 8.54565E-01
2.30546E+00 8.58720E-01
2.32661E+00 8.62875E-01
2.34775E+00 8.67031E-01
2.36882E+00 8.71186E-01
2.38975E+00 8.75341E-01
2.41051E+00 8.79496E-01
2.43103E+00 8.83652E-01
2.45127E+00 8.87807E-01
2.47117E+00 8.91962E-01
2.49071E+00 8.96118E-01
2.50982E+00 9.00273E-01
2.52846E+00 9.04428E-01
2.54660E+00 9.08583E-01
2.56421E+00 9.12739E-01
2.58123E+00 9.16894E-01
2.59764E+00 9.21049E-01
2.61340E+00 9.25205E-01
2.62848E+00 9.29360E-01
2.64286E+00 9.33515E-01
2.65650E+00 9.37670E-01
2.66938E+00 9.41826E-01
2.68148E+00 9.45981E-01
2.69277E+00 9.50136E-01
2.70323E+00 9.54292E-01
2.71284E+00 9.58447E-01
2.72159E+00 9.62602E-01
2.72946E+00 9.66758E-01
2.73644E+00 9.70913E-01
2.74251E+00 9.75068E-01
2.74767E+00 9.79223E-01
2.75190E+00 9.83379E-01
2.75520E+00 9.87534E-01
2.75756E+00 9.91689E-01
2.75898E+00 9.95845E-01
2.75945E+00 1.00000E+00
2.75898E+00 1.00416E+00
2.75756E+00 1.00831E+00
2.75520E+00 1.01247E+00
2.75190E+00 1.01662E+00
2.74767E+00 1.02078E+00
2.74251E+00 1.02493E+00
2.73644E+00 1.02909E+00
2.72947E+00 1.03324E+00
2.72159E+00 1.03740E+00
2.71284E+00 1.04155E+00
2.70323E+00 1.04571E+00
2.69277E+00 1.04986E+00
2.68148E+00 1.05402E+00
2.66938E+00 1.05817E+00
2.65650E+00 1.06233E+00
2.64286E+00 1.06648E+00
2.62848E+00 1.07064E+00
2.61340E+00 1.07480E+00
2.59764E+00 1.07895E+00
2.58123E+00 1.08311E+00
2.56421E+00 1.08726E+00
2.54661E+00 1.09142E+00
2.52846E+00 1.09557E+00
2.50982E+00 1.09973E+00
2.49071E+00 1.10388E+00
2.47118E+00 1.10804E+00
2.45127E+00 1.11219E+00
2.43103E+00 1.11635E+00
2.41051E+00 1.12050E+00
2.38975E+00 1.12466E+00
2.36882E+00 1.12881E+00
2.34775E+00 1.13297E+00
2.32661E+00 1.13712E+00
2.30546E+00 1.14128E+00
2.28434E+00 1.14543E+00
2.26333E+00 1.14959E+00
2.24248E+00 1.15375E+00
2.22186E+00 1.15790E+00
2.20152E+00 1.16206E+00
2.18154E+00 1.16621E+00
2.16197E+00 1.17037E+00
2.14289E+00 1.17452E+00
2.12436E+00 1.17868E+00
2.10645E+00 1.18283E+00
2.08922E+00 1.18699E+00
2.07274E+00 1.19114E+00
2.05706E+00 1.19530E+00
2.04226E+00 1.19945E+00
2.02840E+00 1.20361E+00
2.01552E+00 1.20776E+00
2.00369E+00 1.21192E+00
1.99295E+00 1.21607E+00
1.98336E+00 1.22023E+00
1.97496E+00 1.22439E+00
1.96778E+00 1.22854E+00
1.96186E+00 1.23270E+00
1.95722E+00 1.23685E+00
1.95390E+00 1.24101E+00
1.95189E+00 1.24516E+00
1.95122E+00 1.24932E+00
