Will plot unflagged data


File # 1  = raise.vis
raise.vis 0.4786 GHz
Read 121 visibilities from all files

Baseline 1-3, plot 121 points
1.95122E+00 -9.18072E-01
1.95189E+00 -9.35322E-01
1.95390E+00 -9.50863E-01
1.95722E+00 -9.66735E-01
1.96186E+00 -9.80863E-01
1.96778E+00 -9.95290E-01
1.97496E+00 -1.00794E+00
1.98336E+00 -1.02085E+00
1.99295E+00 -1.03297E+00
2.00369E+00 -1.04429E+00
2.01552E+00 -1.05479E+00
2.02840E+00 -1.06446E+00
2.04226E+00 -1.07326E+00
2.05706E+00 -1.08223E+00
2.07274E+00 -1.08928E+00
2.08922E+00 -1.09646E+00
2.10645E+00 -1.10272E+00
2.12436E+00 -1.10805E+00
2.14289E+00 -1.11244E+00
2.16197E+00 -1.11691E+00
2.18154E+00 -1.11939E+00
2.20152E+00 -1.12193E+00
2.22185E+00 -1.12348E+00
2.24248E+00 -1.12402E+00
2.26333E+00 -1.12454E+00
2.28434E+00 -1.12402E+00
2.30546E+00 -1.12244E+00
2.32661E+00 -1.11980E+00
2.34775E+00 -1.11713E+00
2.36882E+00 -1.11340E+00
2.38975E+00 -1.10859E+00
2.41051E+00 -1.10270E+00
2.43103E+00 -1.09676E+00
2.45127E+00 -1.08974E+00
2.47117E+00 -1.08267E+00
2.49071E+00 -1.07348E+00
2.50982E+00 -1.06526E+00
2.52846E+00 -1.05492E+00
2.54660E+00 -1.04452E+00
2.56421E+00 -1.03304E+00
2.58123E+00 -1.02150E+00
2.59764E+00 -1.00887E+00
2.61340E+00 -9.95167E-01
2.62848E+00 -9.81417E-01
2.64286E+00 -9.66593E-01
2.65650E+00 -9.50702E-01
2.66938E+00 -9.34781E-01
2.68148E+00 -9.17805E-01
2.69277E+00 -9.00813E-01
2.70323E+00 -8.82780E-01
2.71284E+00 -8.64749E-01
2.72159E+00 -8.45695E-01
2.72946E+00 -8.25630E-01
2.73644E+00 -8.05596E-01
2.74251E+00 -7.84573E-01
2.74767E+00 -7.63603E-01
2.75190E+00 -7.41669E-01
2.75520E+00 -7.18785E-01
2.75756E+00 -6.95995E-01
2.75898E+00 -6.73313E-01
2.75945E+00 -6.48696E-01
2.75898E+00 -6.25249E-01
2.75756E+00 -5.99899E-01
2.75520E+00 -5.74723E-01
2.75190E+00 -5.49740E-01
2.74767E+00 -5.23938E-01
2.74251E+00 -4.97337E-01
2.73644E+00 -4.70986E-01
2.72947E+00 -4.43875E-01
2.72159E+00 -4.17056E-01
2.71284E+00 -3.89520E-01
2.70323E+00 -3.61288E-01
2.69277E+00 -3.33413E-01
2.68148E+00 -3.04888E-01
2.66938E+00 -2.76766E-01
2.65650E+00 -2.48040E-01
2.64286E+00 -2.19767E-01
2.62848E+00 -1.90937E-01
2.61340E+00 -1.61576E-01
2.59764E+00 -1.32741E-01
2.58123E+00 -1.03425E-01
2.56421E+00 -7.36540E-02
2.54661E+00 -4.44863E-02
2.52846E+00 -1.49154E-02
2.50982E+00 1.39993E-02
2.49071E+00 4.42971E-02
2.47118E+00 7.28521E-02
2.45127E+00 1.02736E-01
2.43103E+00 1.31856E-01
2.41051E+00 1.61218E-01
2.38975E+00 1.89762E-01
2.36882E+00 2.18493E-01
2.34775E+00 2.47385E-01
2.32661E+00 2.76410E-01
2.30546E+00 3.04510E-01
2.28434E+00 3.32692E-01
2.26333E+00 3.60928E-01
2.24248E+00 3.89193E-01
2.22186E+00 4.16436E-01
2.20152E+00 4.43641E-01
2.18154E+00 4.70754E-01
2.16197E+00 4.96719E-01
2.14289E+00 5.23570E-01
2.12436E+00 5.49222E-01
2.10645E+00 5.74679E-01
2.08922E+00 5.99915E-01
2.07274E+00 6.24906E-01
2.05706E+00 6.48591E-01
2.04226E+00 6.73010E-01
2.02840E+00 6.96071E-01
2.01552E+00 7.18781E-01
2.00369E+00 7.41114E-01
1.99295E+00 7.63044E-01
1.98336E+00 7.84547E-01
1.97496E+00 8.05598E-01
1.96778E+00 8.25141E-01
1.96186E+00 8.45218E-01
1.95722E+00 8.63744E-01
1.95390E+00 8.82761E-01
1.95189E+00 9.00189E-01
1.95122E+00 9.18068E-01
