Will plot unflagged data


File # 1  = raise.vis
raise.vis 0.4786 GHz
Read 121 visibilities from all files

Baseline 4-5, plot 121 points
7.25234E-01 -1.54404E-01
7.25482E-01 -1.56990E-01
7.26227E-01 -1.59465E-01
7.27463E-01 -1.62852E-01
7.29185E-01 -1.65095E-01
7.31386E-01 -1.67216E-01
7.34054E-01 -1.69211E-01
7.37178E-01 -1.72106E-01
7.40743E-01 -1.73840E-01
7.44733E-01 -1.75439E-01
7.49131E-01 -1.77928E-01
7.53917E-01 -1.79247E-01
7.59071E-01 -1.80422E-01
7.64572E-01 -1.82477E-01
7.70398E-01 -1.83354E-01
7.76524E-01 -1.84077E-01
7.82929E-01 -1.85675E-01
7.89586E-01 -1.86084E-01
7.96473E-01 -1.87363E-01
8.03565E-01 -1.87450E-01
8.10836E-01 -1.88402E-01
8.18263E-01 -1.89187E-01
8.25822E-01 -1.88773E-01
8.33488E-01 -1.89219E-01
8.41237E-01 -1.89493E-01
8.49047E-01 -1.89593E-01
8.56895E-01 -1.88487E-01
8.64758E-01 -1.88235E-01
8.72615E-01 -1.87805E-01
8.80445E-01 -1.87196E-01
8.88226E-01 -1.86408E-01
8.95941E-01 -1.85438E-01
9.03568E-01 -1.84287E-01
9.11090E-01 -1.82954E-01
9.18490E-01 -1.82470E-01
9.25749E-01 -1.80771E-01
9.32852E-01 -1.78889E-01
9.39782E-01 -1.77855E-01
9.46526E-01 -1.75606E-01
9.53067E-01 -1.74206E-01
9.59394E-01 -1.71591E-01
9.65493E-01 -1.69826E-01
9.71351E-01 -1.67878E-01
9.76958E-01 -1.64717E-01
9.82301E-01 -1.62407E-01
9.87372E-01 -1.59918E-01
9.92159E-01 -1.57249E-01
9.96655E-01 -1.54403E-01
1.00085E+00 -1.51381E-01
1.00474E+00 -1.48183E-01
1.00831E+00 -1.45845E-01
1.01157E+00 -1.42302E-01
1.01449E+00 -1.38589E-01
1.01708E+00 -1.35739E-01
1.01934E+00 -1.31691E-01
1.02126E+00 -1.28511E-01
1.02283E+00 -1.25169E-01
1.02406E+00 -1.20635E-01
1.02493E+00 -1.16975E-01
1.02546E+00 -1.13160E-01
1.02564E+00 -1.09193E-01
1.02546E+00 -1.05077E-01
1.02493E+00 -1.00813E-01
1.02406E+00 -9.64061E-02
1.02283E+00 -9.28902E-02
1.02126E+00 -8.82042E-02
1.01934E+00 -8.33836E-02
1.01708E+00 -7.94641E-02
1.01449E+00 -7.43845E-02
1.01157E+00 -7.02127E-02
1.00831E+00 -6.59201E-02
1.00474E+00 -6.04780E-02
1.00085E+00 -5.59548E-02
9.96656E-01 -5.13219E-02
9.92160E-01 -4.65833E-02
9.87372E-01 -4.17428E-02
9.82302E-01 -3.68046E-02
9.76958E-01 -3.17726E-02
9.71352E-01 -2.76833E-02
9.65493E-01 -2.24764E-02
9.59395E-01 -1.71885E-02
9.53068E-01 -1.28559E-02
9.46526E-01 -7.41887E-03
9.39783E-01 -2.94588E-03
9.32852E-01 2.62248E-03
9.25749E-01 7.21795E-03
9.18490E-01 1.18678E-02
9.11091E-01 1.75992E-02
9.03569E-01 2.23441E-02
8.95941E-01 2.71296E-02
8.88227E-01 3.19509E-02
8.80445E-01 3.68034E-02
8.72616E-01 4.16822E-02
8.64759E-01 4.65828E-02
8.56896E-01 5.15003E-02
8.49048E-01 5.53989E-02
8.41238E-01 6.03360E-02
8.33488E-01 6.52756E-02
8.25822E-01 7.02130E-02
8.18264E-01 7.41129E-02
8.10837E-01 7.90315E-02
8.03565E-01 8.39337E-02
7.96474E-01 8.77843E-02
7.89587E-01 9.26391E-02
7.82929E-01 9.64334E-02
7.76525E-01 1.01222E-01
7.70398E-01 1.04941E-01
7.64573E-01 1.08616E-01
7.59072E-01 1.13270E-01
7.53917E-01 1.16842E-01
7.49131E-01 1.20355E-01
7.44734E-01 1.24834E-01
7.40743E-01 1.28217E-01
7.37178E-01 1.31529E-01
7.34054E-01 1.35792E-01
7.31386E-01 1.38948E-01
7.29185E-01 1.42019E-01
7.27463E-01 1.45001E-01
7.26227E-01 1.48917E-01
7.25482E-01 1.51710E-01
7.25234E-01 1.54402E-01
