Will plot unflagged data


File # 1  = raise.vis
raise.vis 0.1514 GHz
Read 121 visibilities from all files

Baseline 4-5, plot 121 points
2.29339E-01 -4.88271E-02
2.29418E-01 -4.95924E-02
2.29653E-01 -5.03229E-02
2.30044E-01 -5.10174E-02
2.30589E-01 -5.16746E-02
2.31285E-01 -5.33196E-02
2.32128E-01 -5.38991E-02
2.33116E-01 -5.44381E-02
2.34244E-01 -5.49354E-02
2.35505E-01 -5.53900E-02
2.36896E-01 -5.58009E-02
2.38410E-01 -5.61672E-02
2.40039E-01 -5.75145E-02
2.41779E-01 -5.77887E-02
2.43621E-01 -5.80154E-02
2.45559E-01 -5.81938E-02
2.47584E-01 -5.83230E-02
2.49689E-01 -5.94296E-02
2.51867E-01 -5.94583E-02
2.54109E-01 -5.94356E-02
2.56409E-01 -5.93609E-02
2.58758E-01 -6.02609E-02
2.61148E-01 -6.00801E-02
2.63572E-01 -5.98454E-02
2.66023E-01 -5.95563E-02
2.68492E-01 -6.02399E-02
2.70974E-01 -5.98404E-02
2.73461E-01 -5.93850E-02
2.75945E-01 -5.99013E-02
2.78421E-01 -5.93330E-02
2.80882E-01 -5.87079E-02
2.83321E-01 -5.90537E-02
2.85733E-01 -5.83139E-02
2.88112E-01 -5.85448E-02
2.90452E-01 -5.76897E-02
2.92747E-01 -5.67766E-02
2.94994E-01 -5.68340E-02
2.97185E-01 -5.58050E-02
2.99318E-01 -5.57465E-02
3.01386E-01 -5.46015E-02
3.03387E-01 -5.44273E-02
3.05316E-01 -5.41953E-02
3.07168E-01 -5.28771E-02
3.08941E-01 -5.25303E-02
3.10631E-01 -5.10975E-02
3.12234E-01 -5.06367E-02
3.13748E-01 -5.01193E-02
3.15170E-01 -4.85170E-02
3.16497E-01 -4.78876E-02
3.17727E-01 -4.72029E-02
3.18857E-01 -4.64634E-02
3.19885E-01 -4.46405E-02
3.20810E-01 -4.37928E-02
3.21630E-01 -4.28918E-02
3.22344E-01 -4.19381E-02
3.22950E-01 -4.09325E-02
3.23447E-01 -3.98756E-02
3.23835E-01 -3.87681E-02
3.24112E-01 -3.76109E-02
3.24279E-01 -3.64046E-02
3.24335E-01 -3.51501E-02
3.24279E-01 -3.38484E-02
3.24112E-01 -3.25001E-02
3.23835E-01 -3.11064E-02
3.23447E-01 -2.96681E-02
3.22950E-01 -2.81863E-02
3.22344E-01 -2.66619E-02
3.21631E-01 -2.50960E-02
3.20810E-01 -2.34896E-02
3.19885E-01 -2.18440E-02
3.18857E-01 -2.11890E-02
3.17727E-01 -1.94681E-02
3.16497E-01 -1.77113E-02
3.15170E-01 -1.59198E-02
3.13748E-01 -1.51237E-02
3.12234E-01 -1.32666E-02
3.10631E-01 -1.13786E-02
3.08941E-01 -1.04897E-02
3.07168E-01 -8.54373E-03
3.05316E-01 -7.59946E-03
3.03387E-01 -5.60092E-03
3.01387E-01 -3.57812E-03
2.99318E-01 -2.56099E-03
2.97185E-01 -4.93860E-04
2.94994E-01 5.64802E-04
2.92748E-01 2.67059E-03
2.90452E-01 3.76517E-03
2.88112E-01 4.87558E-03
2.85733E-01 7.02850E-03
2.83321E-01 8.16603E-03
2.80882E-01 1.03430E-02
2.78421E-01 1.15017E-02
2.75945E-01 1.26688E-02
2.73461E-01 1.48707E-02
2.70974E-01 1.60500E-02
2.68493E-01 1.72332E-02
2.66023E-01 1.94464E-02
2.63572E-01 2.06327E-02
2.61148E-01 2.18183E-02
2.58758E-01 2.30018E-02
2.56409E-01 2.52088E-02
2.54110E-01 2.63833E-02
2.51867E-01 2.75509E-02
2.49689E-01 2.87104E-02
2.47584E-01 3.08872E-02
2.45559E-01 3.20256E-02
2.43621E-01 3.31513E-02
2.41779E-01 3.42628E-02
2.40040E-01 3.53587E-02
2.38410E-01 3.74641E-02
2.36896E-01 3.85243E-02
2.35505E-01 3.95646E-02
2.34244E-01 4.05834E-02
2.33116E-01 4.15795E-02
2.32128E-01 4.25514E-02
2.31285E-01 4.34977E-02
2.30589E-01 4.54432E-02
2.30044E-01 4.63343E-02
2.29653E-01 4.71960E-02
2.29418E-01 4.80269E-02
2.29339E-01 4.88256E-02
