Will plot unflagged data


File # 1  = raise.vis
raise.vis 1.5136 GHz
Read 121 visibilities from all files

Baseline 2-5, plot 121 points
9.39198E+00 -2.54193E+00
9.39520E+00 -2.58788E+00
9.40484E+00 -2.63290E+00
9.42085E+00 -2.67496E+00
9.44315E+00 -2.71611E+00
9.47165E+00 -2.75424E+00
9.50621E+00 -2.79139E+00
9.54666E+00 -2.82653E+00
9.59283E+00 -2.86067E+00
9.64450E+00 -2.89144E+00
9.70146E+00 -2.92087E+00
9.76344E+00 -2.94794E+00
9.83019E+00 -2.97263E+00
9.90143E+00 -2.99596E+00
9.97686E+00 -3.01686E+00
1.00562E+01 -3.03639E+00
1.01391E+01 -3.05347E+00
1.02254E+01 -3.06781E+00
1.03145E+01 -3.08151E+00
1.04064E+01 -3.09147E+00
1.05006E+01 -3.09974E+00
1.05967E+01 -3.10632E+00
1.06946E+01 -3.11015E+00
1.07939E+01 -3.11331E+00
1.08943E+01 -3.11272E+00
1.09954E+01 -3.11131E+00
1.10970E+01 -3.10692E+00
1.11989E+01 -3.10060E+00
1.13006E+01 -3.09134E+00
1.14020E+01 -3.08119E+00
1.15028E+01 -3.06807E+00
1.16027E+01 -3.05304E+00
1.17015E+01 -3.03607E+00
1.17989E+01 -3.01718E+00
1.18947E+01 -2.99638E+00
1.19887E+01 -2.97365E+00
1.20807E+01 -2.94886E+00
1.21704E+01 -2.92100E+00
1.22578E+01 -2.89216E+00
1.23425E+01 -2.86028E+00
1.24244E+01 -2.82745E+00
1.25034E+01 -2.79265E+00
1.25793E+01 -2.75589E+00
1.26519E+01 -2.71614E+00
1.27211E+01 -2.67548E+00
1.27867E+01 -2.63291E+00
1.28487E+01 -2.58844E+00
1.29070E+01 -2.54311E+00
1.29613E+01 -2.49489E+00
1.30117E+01 -2.44483E+00
1.30579E+01 -2.39399E+00
1.31001E+01 -2.34136E+00
1.31379E+01 -2.28696E+00
1.31715E+01 -2.23082E+00
1.32008E+01 -2.17296E+00
1.32256E+01 -2.11444E+00
1.32459E+01 -2.05325E+00
1.32618E+01 -1.99148E+00
1.32732E+01 -1.92814E+00
1.32800E+01 -1.86328E+00
1.32823E+01 -1.79798E+00
1.32800E+01 -1.73021E+00
1.32732E+01 -1.66208E+00
1.32618E+01 -1.59260E+00
1.32459E+01 -1.52184E+00
1.32256E+01 -1.45087E+00
1.32008E+01 -1.37767E+00
1.31715E+01 -1.30436E+00
1.31379E+01 -1.22997E+00
1.31001E+01 -1.15456E+00
1.30579E+01 -1.07819E+00
1.30117E+01 -1.00094E+00
1.29613E+01 -9.23895E-01
1.29070E+01 -8.46087E-01
1.28487E+01 -7.66548E-01
1.27867E+01 -6.87407E-01
1.27211E+01 -6.07698E-01
1.26519E+01 -5.27485E-01
1.25793E+01 -4.47868E-01
1.25034E+01 -3.66850E-01
1.24244E+01 -2.85531E-01
1.23425E+01 -2.03979E-01
1.22578E+01 -1.23295E-01
1.21704E+01 -4.14758E-02
1.20807E+01 3.93534E-02
1.19887E+01 1.21203E-01
1.18947E+01 2.02987E-01
1.17989E+01 2.84514E-01
1.17015E+01 3.65689E-01
1.16027E+01 4.46454E-01
1.15028E+01 5.26749E-01
1.14020E+01 6.06509E-01
1.13006E+01 6.86698E-01
1.11989E+01 7.65184E-01
1.10970E+01 8.43970E-01
1.09954E+01 9.21977E-01
1.08943E+01 1.00020E+00
1.07939E+01 1.07642E+00
1.06946E+01 1.15352E+00
1.05967E+01 1.22837E+00
1.05006E+01 1.30300E+00
1.04064E+01 1.37631E+00
1.03146E+01 1.44823E+00
1.02254E+01 1.52079E+00
1.01391E+01 1.59086E+00
1.00562E+01 1.66047E+00
9.97687E+00 1.72932E+00
9.90143E+00 1.79629E+00
9.83019E+00 1.86240E+00
9.76344E+00 1.92656E+00
9.70146E+00 1.98975E+00
9.64451E+00 2.05194E+00
9.59283E+00 2.11209E+00
9.54667E+00 2.17219E+00
9.50621E+00 2.22987E+00
9.47165E+00 2.28612E+00
9.44316E+00 2.33989E+00
9.42085E+00 2.39321E+00
9.40484E+00 2.44398E+00
9.39520E+00 2.49423E+00
9.39198E+00 2.54192E+00
