Will plot unflagged data


File # 1  = raise.vis
raise.vis 1.5136 GHz
Read 121 visibilities from all files

Baseline 1-4, plot 121 points
7.64464E+00 0.00000E+00
7.64726E+00 0.00000E+00
7.65510E+00 0.00000E+00
7.66813E+00 0.00000E+00
7.68629E+00 0.00000E+00
7.70948E+00 0.00000E+00
7.73761E+00 0.00000E+00
7.77054E+00 0.00000E+00
7.80812E+00 0.00000E+00
7.85018E+00 0.00000E+00
7.89653E+00 0.00000E+00
7.94698E+00 0.00000E+00
8.00131E+00 0.00000E+00
8.05930E+00 0.00000E+00
8.12070E+00 0.00000E+00
8.18528E+00 0.00000E+00
8.25279E+00 0.00000E+00
8.32297E+00 0.00000E+00
8.39556E+00 0.00000E+00
8.47031E+00 0.00000E+00
8.54696E+00 0.00000E+00
8.62525E+00 0.00000E+00
8.70493E+00 0.00000E+00
8.78573E+00 0.00000E+00
8.86742E+00 0.00000E+00
8.94975E+00 0.00000E+00
9.03247E+00 0.00000E+00
9.11535E+00 0.00000E+00
9.19817E+00 0.00000E+00
9.28070E+00 0.00000E+00
9.36273E+00 0.00000E+00
9.44404E+00 0.00000E+00
9.52444E+00 0.00000E+00
9.60374E+00 0.00000E+00
9.68173E+00 0.00000E+00
9.75825E+00 0.00000E+00
9.83312E+00 0.00000E+00
9.90617E+00 0.00000E+00
9.97725E+00 0.00000E+00
1.00462E+01 0.00000E+00
1.01129E+01 0.00000E+00
1.01772E+01 0.00000E+00
1.02389E+01 0.00000E+00
1.02980E+01 0.00000E+00
1.03544E+01 0.00000E+00
1.04078E+01 0.00000E+00
1.04583E+01 0.00000E+00
1.05057E+01 0.00000E+00
1.05499E+01 0.00000E+00
1.05909E+01 0.00000E+00
1.06286E+01 0.00000E+00
1.06628E+01 0.00000E+00
1.06937E+01 0.00000E+00
1.07210E+01 0.00000E+00
1.07448E+01 0.00000E+00
1.07650E+01 0.00000E+00
1.07816E+01 0.00000E+00
1.07945E+01 0.00000E+00
1.08037E+01 0.00000E+00
1.08093E+01 0.00000E+00
1.08112E+01 0.00000E+00
1.08093E+01 0.00000E+00
1.08037E+01 0.00000E+00
1.07945E+01 0.00000E+00
1.07816E+01 0.00000E+00
1.07650E+01 0.00000E+00
1.07448E+01 0.00000E+00
1.07210E+01 0.00000E+00
1.06937E+01 0.00000E+00
1.06628E+01 0.00000E+00
1.06286E+01 0.00000E+00
1.05909E+01 0.00000E+00
1.05499E+01 0.00000E+00
1.05057E+01 0.00000E+00
1.04583E+01 0.00000E+00
1.04078E+01 0.00000E+00
1.03544E+01 0.00000E+00
1.02980E+01 0.00000E+00
1.02389E+01 0.00000E+00
1.01772E+01 0.00000E+00
1.01129E+01 0.00000E+00
1.00462E+01 0.00000E+00
9.97726E+00 0.00000E+00
9.90618E+00 0.00000E+00
9.83312E+00 0.00000E+00
9.75826E+00 0.00000E+00
9.68174E+00 0.00000E+00
9.60374E+00 0.00000E+00
9.52445E+00 0.00000E+00
9.44405E+00 0.00000E+00
9.36273E+00 0.00000E+00
9.28071E+00 0.00000E+00
9.19818E+00 0.00000E+00
9.11536E+00 0.00000E+00
9.03247E+00 0.00000E+00
8.94975E+00 0.00000E+00
8.86743E+00 0.00000E+00
8.78574E+00 0.00000E+00
8.70493E+00 0.00000E+00
8.62526E+00 0.00000E+00
8.54697E+00 0.00000E+00
8.47032E+00 0.00000E+00
8.39557E+00 0.00000E+00
8.32297E+00 0.00000E+00
8.25280E+00 0.00000E+00
8.18529E+00 0.00000E+00
8.12071E+00 0.00000E+00
8.05930E+00 0.00000E+00
8.00132E+00 0.00000E+00
7.94699E+00 0.00000E+00
7.89654E+00 0.00000E+00
7.85018E+00 0.00000E+00
7.80812E+00 0.00000E+00
7.77054E+00 0.00000E+00
7.73761E+00 0.00000E+00
7.70949E+00 0.00000E+00
7.68629E+00 0.00000E+00
7.66813E+00 0.00000E+00
7.65510E+00 0.00000E+00
7.64726E+00 0.00000E+00
7.64464E+00 0.00000E+00
