Will plot unflagged data


File # 1  = raise.vis
raise.vis 1.5136 GHz
Read 121 visibilities from all files

Baseline 4-5, plot 121 points
2.29339E+00 1.30811E+00
2.29418E+00 1.30810E+00
2.29653E+00 1.30810E+00
2.30044E+00 1.30809E+00
2.30589E+00 1.30807E+00
2.31285E+00 1.30805E+00
2.32128E+00 1.30802E+00
2.33116E+00 1.30800E+00
2.34244E+00 1.30796E+00
2.35505E+00 1.30793E+00
2.36896E+00 1.30789E+00
2.38410E+00 1.30784E+00
2.40039E+00 1.30779E+00
2.41779E+00 1.30774E+00
2.43621E+00 1.30769E+00
2.45559E+00 1.30763E+00
2.47584E+00 1.30757E+00
2.49689E+00 1.30750E+00
2.51867E+00 1.30744E+00
2.54109E+00 1.30737E+00
2.56409E+00 1.30729E+00
2.58758E+00 1.30722E+00
2.61148E+00 1.30714E+00
2.63572E+00 1.30706E+00
2.66023E+00 1.30698E+00
2.68492E+00 1.30690E+00
2.70974E+00 1.30682E+00
2.73461E+00 1.30674E+00
2.75945E+00 1.30665E+00
2.78421E+00 1.30657E+00
2.80882E+00 1.30649E+00
2.83321E+00 1.30640E+00
2.85733E+00 1.30632E+00
2.88112E+00 1.30623E+00
2.90452E+00 1.30615E+00
2.92748E+00 1.30607E+00
2.94994E+00 1.30600E+00
2.97185E+00 1.30591E+00
2.99318E+00 1.30584E+00
3.01386E+00 1.30577E+00
3.03387E+00 1.30569E+00
3.05316E+00 1.30562E+00
3.07168E+00 1.30556E+00
3.08941E+00 1.30549E+00
3.10631E+00 1.30543E+00
3.12234E+00 1.30537E+00
3.13748E+00 1.30532E+00
3.15170E+00 1.30526E+00
3.16497E+00 1.30521E+00
3.17727E+00 1.30516E+00
3.18857E+00 1.30512E+00
3.19885E+00 1.30508E+00
3.20810E+00 1.30505E+00
3.21630E+00 1.30501E+00
3.22344E+00 1.30499E+00
3.22950E+00 1.30497E+00
3.23447E+00 1.30495E+00
3.23835E+00 1.30494E+00
3.24112E+00 1.30492E+00
3.24279E+00 1.30491E+00
3.24335E+00 1.30491E+00
3.24279E+00 1.30491E+00
3.24112E+00 1.30492E+00
3.23835E+00 1.30494E+00
3.23447E+00 1.30495E+00
3.22950E+00 1.30497E+00
3.22344E+00 1.30499E+00
3.21631E+00 1.30501E+00
3.20810E+00 1.30505E+00
3.19885E+00 1.30508E+00
3.18857E+00 1.30512E+00
3.17727E+00 1.30516E+00
3.16497E+00 1.30521E+00
3.15170E+00 1.30526E+00
3.13748E+00 1.30532E+00
3.12234E+00 1.30537E+00
3.10631E+00 1.30543E+00
3.08941E+00 1.30549E+00
3.07168E+00 1.30556E+00
3.05316E+00 1.30562E+00
3.03387E+00 1.30569E+00
3.01387E+00 1.30577E+00
2.99318E+00 1.30584E+00
2.97185E+00 1.30591E+00
2.94994E+00 1.30600E+00
2.92748E+00 1.30607E+00
2.90452E+00 1.30615E+00
2.88112E+00 1.30623E+00
2.85733E+00 1.30632E+00
2.83321E+00 1.30640E+00
2.80882E+00 1.30648E+00
2.78421E+00 1.30657E+00
2.75945E+00 1.30665E+00
2.73461E+00 1.30674E+00
2.70974E+00 1.30682E+00
2.68493E+00 1.30690E+00
2.66023E+00 1.30698E+00
2.63572E+00 1.30706E+00
2.61148E+00 1.30714E+00
2.58758E+00 1.30722E+00
2.56409E+00 1.30729E+00
2.54110E+00 1.30737E+00
2.51867E+00 1.30744E+00
2.49689E+00 1.30750E+00
2.47584E+00 1.30757E+00
2.45559E+00 1.30763E+00
2.43621E+00 1.30769E+00
2.41779E+00 1.30774E+00
2.40040E+00 1.30779E+00
2.38410E+00 1.30784E+00
2.36896E+00 1.30789E+00
2.35505E+00 1.30793E+00
2.34244E+00 1.30796E+00
2.33116E+00 1.30800E+00
2.32128E+00 1.30802E+00
2.31285E+00 1.30805E+00
2.30589E+00 1.30807E+00
2.30044E+00 1.30809E+00
2.29653E+00 1.30810E+00
2.29418E+00 1.30810E+00
2.29339E+00 1.30811E+00
