Will plot unflagged data


File # 1  = raise.vis
raise.vis 4.7863 GHz
Read 121 visibilities from all files

Baseline 2-5, plot 121 points
2.97001E+01 -6.32318E+00
2.97102E+01 -6.43768E+00
2.97407E+01 -6.54839E+00
2.97913E+01 -6.65476E+00
2.98619E+01 -6.75635E+00
2.99520E+01 -6.85266E+00
3.00613E+01 -6.94520E+00
3.01892E+01 -7.03256E+00
3.03352E+01 -7.11419E+00
3.04986E+01 -7.19262E+00
3.06787E+01 -7.26554E+00
3.08747E+01 -7.33231E+00
3.10858E+01 -7.39543E+00
3.13111E+01 -7.45280E+00
3.15496E+01 -7.50567E+00
3.18005E+01 -7.55238E+00
3.20628E+01 -7.59519E+00
3.23354E+01 -7.63216E+00
3.26175E+01 -7.66359E+00
3.29079E+01 -7.69084E+00
3.32057E+01 -7.71214E+00
3.35098E+01 -7.72746E+00
3.38194E+01 -7.73814E+00
3.41333E+01 -7.74416E+00
3.44507E+01 -7.74379E+00
3.47705E+01 -7.73835E+00
3.50919E+01 -7.72810E+00
3.54139E+01 -7.71164E+00
3.57357E+01 -7.69072E+00
3.60563E+01 -7.66456E+00
3.63750E+01 -7.63233E+00
3.66909E+01 -7.59583E+00
3.70033E+01 -7.55368E+00
3.73113E+01 -7.50611E+00
3.76143E+01 -7.45428E+00
3.79116E+01 -7.39627E+00
3.82025E+01 -7.33360E+00
3.84863E+01 -7.26640E+00
3.87625E+01 -7.19376E+00
3.90304E+01 -7.11575E+00
3.92895E+01 -7.03356E+00
3.95392E+01 -6.94694E+00
3.97791E+01 -6.85476E+00
4.00087E+01 -6.75819E+00
4.02276E+01 -6.65629E+00
4.04352E+01 -6.55016E+00
4.06313E+01 -6.43986E+00
4.08154E+01 -6.32549E+00
4.09872E+01 -6.20599E+00
4.11465E+01 -6.08332E+00
4.12928E+01 -5.95557E+00
4.14260E+01 -5.82384E+00
4.15458E+01 -5.68823E+00
4.16520E+01 -5.54882E+00
4.17445E+01 -5.40569E+00
4.18229E+01 -5.25790E+00
4.18873E+01 -5.10761E+00
4.19375E+01 -4.95386E+00
4.19735E+01 -4.79573E+00
4.19950E+01 -4.63539E+00
4.20022E+01 -4.47086E+00
4.19950E+01 -4.30434E+00
4.19735E+01 -4.13387E+00
4.19375E+01 -3.96164E+00
4.18873E+01 -3.78570E+00
4.18229E+01 -3.60723E+00
4.17445E+01 -3.42737E+00
4.16521E+01 -3.24421E+00
4.15458E+01 -3.05891E+00
4.14260E+01 -2.87161E+00
4.12928E+01 -2.68245E+00
4.11465E+01 -2.49157E+00
4.09873E+01 -2.29805E+00
4.08154E+01 -2.10405E+00
4.06313E+01 -1.90781E+00
4.04352E+01 -1.71061E+00
4.02276E+01 -1.51256E+00
4.00088E+01 -1.31380E+00
3.97792E+01 -1.11344E+00
3.95392E+01 -9.12627E-01
3.92895E+01 -7.10389E-01
3.90304E+01 -5.08051E-01
3.87625E+01 -3.06062E-01
3.84863E+01 -1.03434E-01
3.82025E+01 9.97302E-02
3.79116E+01 3.02338E-01
3.76144E+01 5.04322E-01
3.73113E+01 7.07034E-01
3.70033E+01 9.08381E-01
3.66909E+01 1.10934E+00
3.63750E+01 1.30998E+00
3.60563E+01 1.50877E+00
3.57357E+01 1.70734E+00
3.54139E+01 1.90471E+00
3.50919E+01 2.09996E+00
3.47705E+01 2.29467E+00
3.44507E+01 2.48732E+00
3.41333E+01 2.67802E+00
3.38194E+01 2.86798E+00
3.35099E+01 3.05532E+00
3.32057E+01 3.23992E+00
3.29079E+01 3.42299E+00
3.26175E+01 3.60439E+00
3.23355E+01 3.78224E+00
3.20628E+01 3.95782E+00
3.18005E+01 4.13132E+00
3.15496E+01 4.30071E+00
3.13111E+01 4.46817E+00
3.10858E+01 4.63196E+00
3.08747E+01 4.79325E+00
3.06787E+01 4.94989E+00
3.04986E+01 5.10431E+00
3.03352E+01 5.25581E+00
3.01892E+01 5.40203E+00
3.00613E+01 5.54545E+00
2.99520E+01 5.68549E+00
2.98619E+01 5.82072E+00
2.97913E+01 5.95260E+00
2.97407E+01 6.08063E+00
2.97102E+01 6.20434E+00
2.97001E+01 6.32316E+00
