Will plot unflagged data


File # 1  = raise.vis
raise.vis 4.7863 GHz
Read 121 visibilities from all files

Baseline 2-5, plot 121 points
2.97001E+01 1.67035E-01
2.97102E+01 1.67019E-01
2.97407E+01 1.66972E-01
2.97913E+01 1.66893E-01
2.98619E+01 1.66784E-01
2.99520E+01 1.66645E-01
3.00613E+01 1.66480E-01
3.01892E+01 1.66289E-01
3.03352E+01 1.66072E-01
3.04986E+01 1.65837E-01
3.06787E+01 1.65582E-01
3.08747E+01 1.65306E-01
3.10858E+01 1.65019E-01
3.13111E+01 1.64718E-01
3.15496E+01 1.64409E-01
3.18005E+01 1.64088E-01
3.20628E+01 1.63765E-01
3.23354E+01 1.63435E-01
3.26175E+01 1.63102E-01
3.29079E+01 1.62771E-01
3.32057E+01 1.62437E-01
3.35098E+01 1.62103E-01
3.38194E+01 1.61773E-01
3.41333E+01 1.61448E-01
3.44507E+01 1.61123E-01
3.47705E+01 1.60804E-01
3.50919E+01 1.60491E-01
3.54139E+01 1.60180E-01
3.57357E+01 1.59879E-01
3.60563E+01 1.59583E-01
3.63750E+01 1.59292E-01
3.66909E+01 1.59010E-01
3.70033E+01 1.58734E-01
3.73113E+01 1.58465E-01
3.76143E+01 1.58207E-01
3.79116E+01 1.57952E-01
3.82025E+01 1.57707E-01
3.84863E+01 1.57472E-01
3.87625E+01 1.57244E-01
3.90304E+01 1.57024E-01
3.92895E+01 1.56814E-01
3.95392E+01 1.56615E-01
3.97791E+01 1.56423E-01
4.00087E+01 1.56241E-01
4.02276E+01 1.56066E-01
4.04352E+01 1.55903E-01
4.06313E+01 1.55750E-01
4.08154E+01 1.55608E-01
4.09872E+01 1.55474E-01
4.11465E+01 1.55354E-01
4.12928E+01 1.55241E-01
4.14260E+01 1.55139E-01
4.15458E+01 1.55048E-01
4.16520E+01 1.54968E-01
4.17445E+01 1.54899E-01
4.18229E+01 1.54837E-01
4.18873E+01 1.54789E-01
4.19375E+01 1.54753E-01
4.19735E+01 1.54724E-01
4.19950E+01 1.54709E-01
4.20022E+01 1.54702E-01
4.19950E+01 1.54709E-01
4.19735E+01 1.54724E-01
4.19375E+01 1.54753E-01
4.18873E+01 1.54789E-01
4.18229E+01 1.54837E-01
4.17445E+01 1.54899E-01
4.16521E+01 1.54968E-01
4.15458E+01 1.55048E-01
4.14260E+01 1.55139E-01
4.12928E+01 1.55241E-01
4.11465E+01 1.55354E-01
4.09873E+01 1.55474E-01
4.08154E+01 1.55608E-01
4.06313E+01 1.55750E-01
4.04352E+01 1.55903E-01
4.02276E+01 1.56066E-01
4.00088E+01 1.56241E-01
3.97792E+01 1.56423E-01
3.95392E+01 1.56615E-01
3.92895E+01 1.56814E-01
3.90304E+01 1.57024E-01
3.87625E+01 1.57244E-01
3.84863E+01 1.57472E-01
3.82025E+01 1.57707E-01
3.79116E+01 1.57952E-01
3.76144E+01 1.58207E-01
3.73113E+01 1.58465E-01
3.70033E+01 1.58734E-01
3.66909E+01 1.59010E-01
3.63750E+01 1.59292E-01
3.60563E+01 1.59583E-01
3.57357E+01 1.59879E-01
3.54139E+01 1.60180E-01
3.50919E+01 1.60491E-01
3.47705E+01 1.60804E-01
3.44507E+01 1.61123E-01
3.41333E+01 1.61448E-01
3.38194E+01 1.61773E-01
3.35099E+01 1.62103E-01
3.32057E+01 1.62437E-01
3.29079E+01 1.62771E-01
3.26175E+01 1.63102E-01
3.23355E+01 1.63435E-01
3.20628E+01 1.63765E-01
3.18005E+01 1.64088E-01
3.15496E+01 1.64409E-01
3.13111E+01 1.64718E-01
3.10858E+01 1.65019E-01
3.08747E+01 1.65306E-01
3.06787E+01 1.65582E-01
3.04986E+01 1.65837E-01
3.03352E+01 1.66072E-01
3.01892E+01 1.66289E-01
3.00613E+01 1.66480E-01
2.99520E+01 1.66645E-01
2.98619E+01 1.66784E-01
2.97913E+01 1.66893E-01
2.97407E+01 1.66972E-01
2.97102E+01 1.67019E-01
2.97001E+01 1.67035E-01
