Will plot unflagged data


File # 1  = raise.vis
raise.vis 1.5136 GHz
Read 121 visibilities from all files

Baseline 2-4, plot 121 points
7.09859E+00 1.78174E-01
7.10102E+00 1.78174E-01
7.10831E+00 1.78172E-01
7.12041E+00 1.78170E-01
7.13727E+00 1.78167E-01
7.15881E+00 1.78162E-01
7.18492E+00 1.78157E-01
7.21550E+00 1.78150E-01
7.25039E+00 1.78143E-01
7.28945E+00 1.78135E-01
7.33250E+00 1.78127E-01
7.37934E+00 1.78117E-01
7.42979E+00 1.78106E-01
7.48364E+00 1.78094E-01
7.54065E+00 1.78082E-01
7.60062E+00 1.78069E-01
7.66331E+00 1.78056E-01
7.72847E+00 1.78041E-01
7.79588E+00 1.78026E-01
7.86529E+00 1.78012E-01
7.93647E+00 1.77995E-01
8.00916E+00 1.77980E-01
8.08315E+00 1.77962E-01
8.15818E+00 1.77945E-01
8.23403E+00 1.77929E-01
8.31048E+00 1.77910E-01
8.38729E+00 1.77893E-01
8.46426E+00 1.77875E-01
8.54116E+00 1.77856E-01
8.61779E+00 1.77839E-01
8.69396E+00 1.77821E-01
8.76947E+00 1.77803E-01
8.84413E+00 1.77784E-01
8.91776E+00 1.77767E-01
8.99018E+00 1.77749E-01
9.06123E+00 1.77731E-01
9.13075E+00 1.77714E-01
9.19859E+00 1.77697E-01
9.26459E+00 1.77680E-01
9.32863E+00 1.77665E-01
9.39055E+00 1.77649E-01
9.45025E+00 1.77633E-01
9.50759E+00 1.77619E-01
9.56246E+00 1.77604E-01
9.61477E+00 1.77590E-01
9.66439E+00 1.77577E-01
9.71126E+00 1.77567E-01
9.75526E+00 1.77554E-01
9.79633E+00 1.77543E-01
9.83439E+00 1.77533E-01
9.86937E+00 1.77524E-01
9.90121E+00 1.77515E-01
9.92984E+00 1.77508E-01
9.95523E+00 1.77502E-01
9.97732E+00 1.77495E-01
9.99607E+00 1.77491E-01
1.00115E+01 1.77486E-01
1.00235E+01 1.77484E-01
1.00320E+01 1.77482E-01
1.00372E+01 1.77480E-01
1.00389E+01 1.77480E-01
1.00372E+01 1.77480E-01
1.00320E+01 1.77482E-01
1.00235E+01 1.77484E-01
1.00115E+01 1.77486E-01
9.99608E+00 1.77491E-01
9.97732E+00 1.77495E-01
9.95523E+00 1.77502E-01
9.92984E+00 1.77508E-01
9.90121E+00 1.77515E-01
9.86937E+00 1.77524E-01
9.83440E+00 1.77532E-01
9.79634E+00 1.77543E-01
9.75527E+00 1.77554E-01
9.71126E+00 1.77567E-01
9.66440E+00 1.77577E-01
9.61477E+00 1.77590E-01
9.56247E+00 1.77604E-01
9.50759E+00 1.77619E-01
9.45025E+00 1.77633E-01
9.39056E+00 1.77649E-01
9.32863E+00 1.77665E-01
9.26460E+00 1.77680E-01
9.19859E+00 1.77697E-01
9.13076E+00 1.77714E-01
9.06124E+00 1.77731E-01
8.99018E+00 1.77749E-01
8.91776E+00 1.77767E-01
8.84413E+00 1.77784E-01
8.76947E+00 1.77803E-01
8.69397E+00 1.77821E-01
8.61780E+00 1.77839E-01
8.54116E+00 1.77856E-01
8.46426E+00 1.77875E-01
8.38730E+00 1.77893E-01
8.31048E+00 1.77910E-01
8.23404E+00 1.77929E-01
8.15819E+00 1.77945E-01
8.08315E+00 1.77962E-01
8.00917E+00 1.77980E-01
7.93647E+00 1.77995E-01
7.86530E+00 1.78012E-01
7.79588E+00 1.78026E-01
7.72848E+00 1.78041E-01
7.66331E+00 1.78056E-01
7.60063E+00 1.78069E-01
7.54066E+00 1.78082E-01
7.48364E+00 1.78094E-01
7.42980E+00 1.78106E-01
7.37935E+00 1.78117E-01
7.33250E+00 1.78127E-01
7.28945E+00 1.78135E-01
7.25040E+00 1.78143E-01
7.21550E+00 1.78150E-01
7.18493E+00 1.78157E-01
7.15881E+00 1.78162E-01
7.13727E+00 1.78167E-01
7.12041E+00 1.78170E-01
7.10831E+00 1.78172E-01
7.10102E+00 1.78174E-01
7.09859E+00 1.78174E-01
