Will plot unflagged data


File # 1  = raise.vis
raise.vis 1.5136 GHz
Read 121 visibilities from all files

Baseline 2-4, plot 121 points
7.09859E+00 -8.69054E-01
7.10102E+00 -8.84506E-01
7.10831E+00 -9.00342E-01
7.12041E+00 -9.14490E-01
7.13727E+00 -9.28991E-01
7.15881E+00 -9.41770E-01
7.18492E+00 -9.54870E-01
7.21550E+00 -9.66211E-01
7.25039E+00 -9.77840E-01
7.28945E+00 -9.88709E-01
7.33250E+00 -9.98800E-01
7.37934E+00 -1.00810E+00
7.42979E+00 -1.01658E+00
7.48364E+00 -1.02424E+00
7.54065E+00 -1.03106E+00
7.60062E+00 -1.03806E+00
7.66331E+00 -1.04419E+00
7.72847E+00 -1.04840E+00
7.79588E+00 -1.05276E+00
7.86529E+00 -1.05724E+00
7.93647E+00 -1.05977E+00
8.00916E+00 -1.06241E+00
8.08315E+00 -1.06309E+00
8.15818E+00 -1.06385E+00
8.23403E+00 -1.06469E+00
8.31048E+00 -1.06350E+00
8.38729E+00 -1.06234E+00
8.46426E+00 -1.06018E+00
8.54116E+00 -1.05700E+00
8.61779E+00 -1.05385E+00
8.69396E+00 -1.04967E+00
8.76947E+00 -1.04448E+00
8.84413E+00 -1.03826E+00
8.91776E+00 -1.03204E+00
8.99018E+00 -1.02480E+00
9.06123E+00 -1.01652E+00
9.13075E+00 -1.00825E+00
9.19859E+00 -9.98944E-01
9.26459E+00 -9.88605E-01
9.32863E+00 -9.78269E-01
9.39055E+00 -9.66904E-01
9.45025E+00 -9.54511E-01
9.50759E+00 -9.42128E-01
9.56246E+00 -9.28723E-01
9.61477E+00 -9.14302E-01
9.66439E+00 -8.99903E-01
9.71126E+00 -8.85530E-01
9.75526E+00 -8.69126E-01
9.79633E+00 -8.52762E-01
9.83439E+00 -8.35413E-01
9.86937E+00 -8.18120E-01
9.90121E+00 -7.99859E-01
9.92984E+00 -7.81673E-01
9.95523E+00 -7.62540E-01
9.97732E+00 -7.42470E-01
9.99607E+00 -7.22507E-01
1.00115E+01 -7.01632E-01
1.00235E+01 -6.80889E-01
1.00320E+01 -6.59259E-01
1.00372E+01 -6.36756E-01
1.00389E+01 -6.14428E-01
1.00372E+01 -5.91258E-01
1.00320E+01 -5.68293E-01
1.00235E+01 -5.44519E-01
1.00115E+01 -5.19951E-01
9.99608E+00 -4.95640E-01
9.97732E+00 -4.70571E-01
9.95523E+00 -4.45796E-01
9.92984E+00 -4.20302E-01
9.90121E+00 -3.94107E-01
9.86937E+00 -3.68265E-01
9.83440E+00 -3.41765E-01
9.79634E+00 -3.15658E-01
9.75527E+00 -2.88935E-01
9.71126E+00 -2.62650E-01
9.66440E+00 -2.34759E-01
9.61477E+00 -2.07352E-01
9.56247E+00 -1.80450E-01
9.50759E+00 -1.53045E-01
9.45025E+00 -1.25160E-01
9.39056E+00 -9.78523E-02
9.32863E+00 -7.01130E-02
9.26460E+00 -4.19666E-02
9.19859E+00 -1.44710E-02
9.13076E+00 1.33820E-02
9.06124E+00 4.15668E-02
8.99018E+00 6.90254E-02
8.91776E+00 9.67654E-02
8.84413E+00 1.24761E-01
8.76947E+00 1.51954E-01
8.69397E+00 1.79352E-01
8.61780E+00 2.06928E-01
8.54116E+00 2.34658E-01
8.46426E+00 2.61486E-01
8.38730E+00 2.88418E-01
8.31048E+00 3.15429E-01
8.23404E+00 3.41467E-01
8.15819E+00 3.68563E-01
8.08315E+00 3.94609E-01
8.00917E+00 4.19568E-01
7.93647E+00 4.45472E-01
7.86530E+00 4.70240E-01
7.79588E+00 4.95905E-01
7.72848E+00 5.20384E-01
7.66331E+00 5.43648E-01
7.60063E+00 5.67738E-01
7.54066E+00 5.91596E-01
7.48364E+00 6.14165E-01
7.42980E+00 6.36452E-01
7.37935E+00 6.58431E-01
7.33250E+00 6.80079E-01
7.28945E+00 7.01371E-01
7.25040E+00 7.22282E-01
7.21550E+00 7.42788E-01
7.18493E+00 7.61836E-01
7.15881E+00 7.81465E-01
7.13727E+00 7.99591E-01
7.12041E+00 8.18256E-01
7.10831E+00 8.35380E-01
7.10102E+00 8.53003E-01
7.09859E+00 8.69050E-01
