Will plot unflagged data


File # 1  = raise.vis
raise.vis 0.4786 GHz
Read 121 visibilities from all files

Baseline 1-2, plot 121 points
1.72675E-01 -1.25114E-02
1.72734E-01 -1.29702E-02
1.72911E-01 -1.34202E-02
1.73205E-01 -1.28354E-02
1.73616E-01 -1.32667E-02
1.74139E-01 -1.36882E-02
1.74775E-01 -1.40996E-02
1.75519E-01 -1.34750E-02
1.76367E-01 -1.38654E-02
1.77317E-01 -1.42449E-02
1.78365E-01 -1.46132E-02
1.79504E-01 -1.49701E-02
1.80731E-01 -1.42896E-02
1.82041E-01 -1.46229E-02
1.83428E-01 -1.49441E-02
1.84887E-01 -1.52529E-02
1.86412E-01 -1.55492E-02
1.87997E-01 -1.48069E-02
1.89636E-01 -1.50774E-02
1.91325E-01 -1.53348E-02
1.93056E-01 -1.55789E-02
1.94825E-01 -1.58095E-02
1.96624E-01 -1.50005E-02
1.98449E-01 -1.52036E-02
2.00295E-01 -1.53928E-02
2.02154E-01 -1.55680E-02
2.04023E-01 -1.57290E-02
2.05895E-01 -1.48495E-02
2.07766E-01 -1.49818E-02
2.09630E-01 -1.50996E-02
2.11482E-01 -1.52029E-02
2.13319E-01 -1.52915E-02
2.15135E-01 -1.53654E-02
2.16926E-01 -1.43983E-02
2.18688E-01 -1.44427E-02
2.20416E-01 -1.44722E-02
2.22108E-01 -1.44869E-02
2.23758E-01 -1.44868E-02
2.25363E-01 -1.44718E-02
2.26921E-01 -1.44420E-02
2.28427E-01 -1.43973E-02
2.29879E-01 -1.33115E-02
2.31274E-01 -1.32373E-02
2.32609E-01 -1.31484E-02
2.33881E-01 -1.30449E-02
2.35088E-01 -1.29268E-02
2.36228E-01 -1.27942E-02
2.37299E-01 -1.26473E-02
2.38298E-01 -1.24860E-02
2.39224E-01 -1.23106E-02
2.40075E-01 -1.21211E-02
2.40849E-01 -1.19177E-02
2.41546E-01 -1.17004E-02
2.42163E-01 -1.14696E-02
2.42700E-01 -1.12252E-02
2.43157E-01 -9.94107E-03
2.43531E-01 -9.67026E-03
2.43823E-01 -9.38650E-03
2.44032E-01 -9.08998E-03
2.44157E-01 -8.78089E-03
2.44199E-01 -8.45946E-03
2.44157E-01 -8.12590E-03
2.44032E-01 -7.78045E-03
2.43823E-01 -7.42334E-03
2.43531E-01 -7.05481E-03
2.43157E-01 -6.67512E-03
2.42700E-01 -7.31101E-03
2.42163E-01 -6.90978E-03
2.41546E-01 -6.49819E-03
2.40849E-01 -6.07652E-03
2.40075E-01 -5.64506E-03
2.39224E-01 -5.20411E-03
2.38298E-01 -4.75397E-03
2.37299E-01 -4.29494E-03
2.36228E-01 -3.82735E-03
2.35089E-01 -3.35150E-03
2.33881E-01 -2.86774E-03
2.32609E-01 -2.37639E-03
2.31274E-01 -1.87779E-03
2.29879E-01 -1.37227E-03
2.28427E-01 -1.88658E-03
2.26921E-01 -1.36828E-03
2.25363E-01 -8.44121E-04
2.23758E-01 -3.14465E-04
2.22108E-01 2.20345E-04
2.20417E-01 7.59908E-04
2.18688E-01 1.30387E-03
2.16926E-01 1.85186E-03
2.15135E-01 1.37726E-03
2.13319E-01 1.93217E-03
2.11483E-01 2.48998E-03
2.09630E-01 3.05031E-03
2.07766E-01 3.61274E-03
2.05895E-01 4.17693E-03
2.04023E-01 3.71632E-03
2.02154E-01 4.28284E-03
2.00295E-01 4.84993E-03
1.98450E-01 5.41722E-03
1.96624E-01 5.98430E-03
1.94825E-01 5.52477E-03
1.93056E-01 6.09030E-03
1.91325E-01 6.65446E-03
1.89637E-01 7.21687E-03
1.87997E-01 7.77715E-03
1.86412E-01 7.30901E-03
1.84887E-01 7.86387E-03
1.83428E-01 8.41544E-03
1.82041E-01 8.96336E-03
1.80731E-01 9.50725E-03
1.79504E-01 9.02101E-03
1.78365E-01 9.55570E-03
1.77318E-01 1.00853E-02
1.76367E-01 1.06093E-02
1.75519E-01 1.11275E-02
1.74775E-01 1.06138E-02
1.74140E-01 1.11192E-02
1.73616E-01 1.16177E-02
1.73205E-01 1.21089E-02
1.72911E-01 1.15670E-02
1.72734E-01 1.20427E-02
1.72675E-01 1.25101E-02
