Will plot unflagged data


File # 1  = raise.vis
raise.vis 0.1514 GHz
Read 121 visibilities from all files

Baseline 1-3, plot 121 points
6.17032E-01 -1.66999E-01
6.17243E-01 -1.70047E-01
6.17876E-01 -1.72975E-01
6.18928E-01 -1.75780E-01
6.20393E-01 -1.78456E-01
6.22266E-01 -1.81001E-01
6.24536E-01 -1.83410E-01
6.27194E-01 -1.85680E-01
6.30227E-01 -1.87808E-01
6.33622E-01 -1.89788E-01
6.37363E-01 -1.91619E-01
6.41435E-01 -1.93296E-01
6.45820E-01 -1.95847E-01
6.50501E-01 -1.97208E-01
6.55457E-01 -1.98407E-01
6.60669E-01 -1.99441E-01
6.66118E-01 -2.00306E-01
6.71783E-01 -2.02031E-01
6.77642E-01 -2.02552E-01
6.83675E-01 -2.02897E-01
6.89862E-01 -2.04094E-01
6.96181E-01 -2.04080E-01
7.02612E-01 -2.04915E-01
7.09134E-01 -2.04534E-01
7.15727E-01 -2.04997E-01
7.22372E-01 -2.04242E-01
7.29049E-01 -2.04328E-01
7.35739E-01 -2.04224E-01
7.42424E-01 -2.02895E-01
7.49085E-01 -2.02405E-01
7.55706E-01 -2.01719E-01
7.62269E-01 -2.00839E-01
7.68759E-01 -1.99762E-01
7.75159E-01 -1.98488E-01
7.81454E-01 -1.97016E-01
7.87630E-01 -1.95346E-01
7.93673E-01 -1.93479E-01
7.99570E-01 -1.92445E-01
8.05307E-01 -1.90180E-01
8.10873E-01 -1.87718E-01
8.16256E-01 -1.86090E-01
8.21445E-01 -1.83232E-01
8.26429E-01 -1.81209E-01
8.31199E-01 -1.78991E-01
8.35745E-01 -1.75544E-01
8.40059E-01 -1.72936E-01
8.44132E-01 -1.70134E-01
8.47958E-01 -1.67139E-01
8.51528E-01 -1.63955E-01
8.54836E-01 -1.60580E-01
8.57876E-01 -1.57018E-01
8.60643E-01 -1.54303E-01
8.63133E-01 -1.50371E-01
8.65339E-01 -1.46257E-01
8.67259E-01 -1.42995E-01
8.68890E-01 -1.38523E-01
8.70227E-01 -1.34908E-01
8.71270E-01 -1.31120E-01
8.72017E-01 -1.27162E-01
8.72465E-01 -1.23037E-01
8.72614E-01 -1.17713E-01
8.72465E-01 -1.14294E-01
8.72017E-01 -1.09682E-01
8.71270E-01 -1.04915E-01
8.70227E-01 -9.99961E-02
8.68890E-01 -9.49279E-02
8.67259E-01 -9.07466E-02
8.65339E-01 -8.53908E-02
8.63133E-01 -8.09292E-02
8.60644E-01 -7.63331E-02
8.57876E-01 -7.05738E-02
8.54836E-01 -6.57203E-02
8.51528E-01 -6.07441E-02
8.47958E-01 -5.56493E-02
8.44133E-01 -5.04401E-02
8.40059E-01 -4.51207E-02
8.35745E-01 -3.96957E-02
8.31199E-01 -3.52015E-02
8.26429E-01 -2.95783E-02
8.21445E-01 -2.38627E-02
8.16256E-01 -1.90917E-02
8.10873E-01 -1.32054E-02
8.05307E-01 -8.27314E-03
7.99570E-01 -3.26739E-03
7.93674E-01 2.83918E-03
7.87631E-01 7.97743E-03
7.81454E-01 1.31745E-02
7.75159E-01 1.84254E-02
7.68759E-01 2.37253E-02
7.62270E-01 2.90690E-02
7.55706E-01 3.44514E-02
7.49086E-01 3.98675E-02
7.42424E-01 4.53122E-02
7.35740E-01 4.97488E-02
7.29050E-01 5.52352E-02
7.22373E-01 6.07347E-02
7.15728E-01 6.52109E-02
7.09135E-01 7.07212E-02
7.02612E-01 7.51981E-02
6.96182E-01 8.06983E-02
6.89863E-01 8.51552E-02
6.83676E-01 9.06248E-02
6.77642E-01 9.50409E-02
6.71783E-01 9.94291E-02
6.66118E-01 1.04814E-01
6.60670E-01 1.09131E-01
6.55457E-01 1.13405E-01
6.50501E-01 1.17630E-01
6.45821E-01 1.21802E-01
6.41435E-01 1.26946E-01
6.37363E-01 1.30997E-01
6.33622E-01 1.34980E-01
6.30227E-01 1.38890E-01
6.27194E-01 1.42723E-01
6.24536E-01 1.46474E-01
6.22266E-01 1.50137E-01
6.20393E-01 1.53710E-01
6.18928E-01 1.57187E-01
6.17876E-01 1.60563E-01
6.17243E-01 1.63835E-01
6.17032E-01 1.66997E-01
