Will plot unflagged data


File # 1  = raise.vis
raise.vis 0.1514 GHz
Read 121 visibilities from all files

Baseline 1-3, plot 121 points
6.17032E-01 6.62704E+00
6.17243E-01 6.62704E+00
6.17876E-01 6.62704E+00
6.18928E-01 6.62703E+00
6.20393E-01 6.62702E+00
6.22266E-01 6.62701E+00
6.24536E-01 6.62700E+00
6.27194E-01 6.62699E+00
6.30227E-01 6.62698E+00
6.33622E-01 6.62696E+00
6.37363E-01 6.62694E+00
6.41435E-01 6.62692E+00
6.45820E-01 6.62691E+00
6.50501E-01 6.62688E+00
6.55457E-01 6.62686E+00
6.60669E-01 6.62683E+00
6.66118E-01 6.62680E+00
6.71783E-01 6.62678E+00
6.77642E-01 6.62675E+00
6.83675E-01 6.62671E+00
6.89862E-01 6.62669E+00
6.96181E-01 6.62665E+00
7.02612E-01 6.62663E+00
7.09134E-01 6.62659E+00
7.15727E-01 6.62656E+00
7.22372E-01 6.62652E+00
7.29049E-01 6.62649E+00
7.35739E-01 6.62646E+00
7.42424E-01 6.62641E+00
7.49085E-01 6.62638E+00
7.55706E-01 6.62634E+00
7.62269E-01 6.62631E+00
7.68759E-01 6.62627E+00
7.75159E-01 6.62623E+00
7.81454E-01 6.62620E+00
7.87630E-01 6.62616E+00
7.93673E-01 6.62612E+00
7.99570E-01 6.62610E+00
8.05307E-01 6.62606E+00
8.10873E-01 6.62602E+00
8.16256E-01 6.62600E+00
8.21445E-01 6.62595E+00
8.26429E-01 6.62594E+00
8.31199E-01 6.62591E+00
8.35745E-01 6.62587E+00
8.40059E-01 6.62585E+00
8.44132E-01 6.62583E+00
8.47958E-01 6.62580E+00
8.51528E-01 6.62578E+00
8.54836E-01 6.62575E+00
8.57876E-01 6.62573E+00
8.60643E-01 6.62573E+00
8.63133E-01 6.62571E+00
8.65339E-01 6.62569E+00
8.67259E-01 6.62568E+00
8.68890E-01 6.62566E+00
8.70227E-01 6.62566E+00
8.71270E-01 6.62566E+00
8.72017E-01 6.62566E+00
8.72465E-01 6.62566E+00
8.72614E-01 6.62563E+00
8.72465E-01 6.62566E+00
8.72017E-01 6.62566E+00
8.71270E-01 6.62566E+00
8.70227E-01 6.62566E+00
8.68890E-01 6.62566E+00
8.67259E-01 6.62569E+00
8.65339E-01 6.62569E+00
8.63133E-01 6.62571E+00
8.60644E-01 6.62573E+00
8.57876E-01 6.62573E+00
8.54836E-01 6.62576E+00
8.51528E-01 6.62578E+00
8.47958E-01 6.62580E+00
8.44133E-01 6.62583E+00
8.40059E-01 6.62585E+00
8.35745E-01 6.62587E+00
8.31199E-01 6.62591E+00
8.26429E-01 6.62594E+00
8.21445E-01 6.62596E+00
8.16256E-01 6.62600E+00
8.10873E-01 6.62602E+00
8.05307E-01 6.62606E+00
7.99570E-01 6.62610E+00
7.93674E-01 6.62612E+00
7.87631E-01 6.62616E+00
7.81454E-01 6.62620E+00
7.75159E-01 6.62624E+00
7.68759E-01 6.62627E+00
7.62270E-01 6.62631E+00
7.55706E-01 6.62634E+00
7.49086E-01 6.62638E+00
7.42424E-01 6.62641E+00
7.35740E-01 6.62646E+00
7.29050E-01 6.62649E+00
7.22373E-01 6.62652E+00
7.15728E-01 6.62656E+00
7.09135E-01 6.62659E+00
7.02612E-01 6.62663E+00
6.96182E-01 6.62665E+00
6.89863E-01 6.62669E+00
6.83676E-01 6.62671E+00
6.77642E-01 6.62675E+00
6.71783E-01 6.62678E+00
6.66118E-01 6.62680E+00
6.60670E-01 6.62683E+00
6.55457E-01 6.62686E+00
6.50501E-01 6.62688E+00
6.45821E-01 6.62691E+00
6.41435E-01 6.62692E+00
6.37363E-01 6.62694E+00
6.33622E-01 6.62696E+00
6.30227E-01 6.62698E+00
6.27194E-01 6.62699E+00
6.24536E-01 6.62700E+00
6.22266E-01 6.62701E+00
6.20393E-01 6.62702E+00
6.18928E-01 6.62703E+00
6.17876E-01 6.62704E+00
6.17243E-01 6.62704E+00
6.17032E-01 6.62704E+00
