Will plot unflagged data


File # 1  = raise.vis
raise.vis 0.1514 GHz
Read 121 visibilities from all files

Baseline 4-5, plot 121 points
2.29339E-01 -2.89146E-02
2.29418E-01 -2.89496E-02
2.29653E-01 -2.99895E-02
2.30044E-01 -2.99826E-02
2.30589E-01 -3.09793E-02
2.31285E-01 -3.09277E-02
2.32128E-01 -3.18784E-02
2.33116E-01 -3.17794E-02
2.34244E-01 -3.26816E-02
2.35505E-01 -3.25326E-02
2.36896E-01 -3.33838E-02
2.38410E-01 -3.31825E-02
2.40039E-01 -3.39803E-02
2.41779E-01 -3.37245E-02
2.43621E-01 -3.44668E-02
2.45559E-01 -3.41542E-02
2.47584E-01 -3.48389E-02
2.49689E-01 -3.44677E-02
2.51867E-01 -3.50929E-02
2.54109E-01 -3.56879E-02
2.56409E-01 -3.52254E-02
2.58758E-01 -3.57584E-02
2.61148E-01 -3.52330E-02
2.63572E-01 -3.57025E-02
2.66023E-01 -3.51130E-02
2.68492E-01 -3.55179E-02
2.70974E-01 -3.58899E-02
2.73461E-01 -3.52020E-02
2.75945E-01 -3.55077E-02
2.78421E-01 -3.47529E-02
2.80882E-01 -3.49915E-02
2.83321E-01 -3.51963E-02
2.85733E-01 -3.43399E-02
2.88112E-01 -3.44767E-02
2.90452E-01 -3.45792E-02
2.92747E-01 -3.36202E-02
2.94994E-01 -3.36542E-02
2.97185E-01 -3.36538E-02
2.99318E-01 -3.25918E-02
3.01386E-01 -3.25229E-02
3.03387E-01 -3.24197E-02
3.05316E-01 -3.22823E-02
3.07168E-01 -3.10834E-02
3.08941E-01 -3.08780E-02
3.10631E-01 -3.06387E-02
3.12234E-01 -3.03658E-02
3.13748E-01 -2.90319E-02
3.15170E-01 -2.86922E-02
3.16497E-01 -2.83195E-02
3.17727E-01 -2.79141E-02
3.18857E-01 -2.74761E-02
3.19885E-01 -2.70060E-02
3.20810E-01 -2.65040E-02
3.21630E-01 -2.59704E-02
3.22344E-01 -2.43780E-02
3.22950E-01 -2.37825E-02
3.23447E-01 -2.31566E-02
3.23835E-01 -2.25008E-02
3.24112E-01 -2.18155E-02
3.24279E-01 -2.11011E-02
3.24335E-01 -2.03583E-02
3.24279E-01 -1.95874E-02
3.24112E-01 -1.87890E-02
3.23835E-01 -1.79637E-02
3.23447E-01 -1.71120E-02
3.22950E-01 -1.62345E-02
3.22344E-01 -1.53317E-02
3.21631E-01 -1.54321E-02
3.20810E-01 -1.44809E-02
3.19885E-01 -1.35064E-02
3.18857E-01 -1.25092E-02
3.17727E-01 -1.14901E-02
3.16497E-01 -1.04498E-02
3.15170E-01 -9.38891E-03
3.13748E-01 -8.30824E-03
3.12234E-01 -8.23608E-03
3.10631E-01 -7.11806E-03
3.08941E-01 -5.98248E-03
3.07168E-01 -4.83013E-03
3.05316E-01 -4.68928E-03
3.03387E-01 -3.50579E-03
3.01387E-01 -2.30794E-03
2.99318E-01 -1.09657E-03
2.97185E-01 -8.99859E-04
2.94994E-01 3.36115E-04
2.92748E-01 1.58313E-03
2.90452E-01 1.81298E-03
2.88112E-01 3.07946E-03
2.85733E-01 4.35438E-03
2.83321E-01 4.60968E-03
2.80882E-01 5.89885E-03
2.78421E-01 7.19383E-03
2.75945E-01 7.46668E-03
2.73461E-01 8.77059E-03
2.70974E-01 9.05069E-03
2.68493E-01 1.03600E-02
2.66023E-01 1.16706E-02
2.63572E-01 1.19548E-02
2.61148E-01 1.32654E-02
2.58758E-01 1.35479E-02
2.56409E-01 1.48549E-02
2.54110E-01 1.51322E-02
2.51867E-01 1.64320E-02
2.49689E-01 1.77268E-02
2.47584E-01 1.79894E-02
2.45559E-01 1.92717E-02
2.43621E-01 1.95201E-02
2.41779E-01 2.07864E-02
2.40040E-01 2.10171E-02
2.38410E-01 2.22639E-02
2.36896E-01 2.24735E-02
2.35505E-01 2.36974E-02
2.34244E-01 2.38825E-02
2.33116E-01 2.50801E-02
2.32128E-01 2.52374E-02
2.31285E-01 2.64054E-02
2.30589E-01 2.65317E-02
2.30044E-01 2.76670E-02
2.29653E-01 2.77590E-02
2.29418E-01 2.88584E-02
2.29339E-01 2.89132E-02
