Will plot unflagged data


File # 1  = raise.vis
raise.vis 0.1514 GHz
Read 121 visibilities from all files

Baseline 4-5, plot 121 points
2.29339E-01 7.50683E-01
2.29418E-01 7.54838E-01
2.29653E-01 7.58993E-01
2.30044E-01 7.63148E-01
2.30589E-01 7.67304E-01
2.31285E-01 7.71459E-01
2.32128E-01 7.75614E-01
2.33116E-01 7.79770E-01
2.34244E-01 7.83925E-01
2.35505E-01 7.88080E-01
2.36896E-01 7.92235E-01
2.38410E-01 7.96391E-01
2.40039E-01 8.00546E-01
2.41779E-01 8.04701E-01
2.43621E-01 8.08857E-01
2.45559E-01 8.13012E-01
2.47584E-01 8.17167E-01
2.49689E-01 8.21322E-01
2.51867E-01 8.25478E-01
2.54109E-01 8.29633E-01
2.56409E-01 8.33788E-01
2.58758E-01 8.37944E-01
2.61148E-01 8.42099E-01
2.63572E-01 8.46254E-01
2.66023E-01 8.50409E-01
2.68492E-01 8.54565E-01
2.70974E-01 8.58720E-01
2.73461E-01 8.62875E-01
2.75945E-01 8.67031E-01
2.78421E-01 8.71186E-01
2.80882E-01 8.75341E-01
2.83321E-01 8.79496E-01
2.85733E-01 8.83652E-01
2.88112E-01 8.87807E-01
2.90452E-01 8.91962E-01
2.92747E-01 8.96118E-01
2.94994E-01 9.00273E-01
2.97185E-01 9.04428E-01
2.99318E-01 9.08583E-01
3.01386E-01 9.12739E-01
3.03387E-01 9.16894E-01
3.05316E-01 9.21049E-01
3.07168E-01 9.25205E-01
3.08941E-01 9.29360E-01
3.10631E-01 9.33515E-01
3.12234E-01 9.37670E-01
3.13748E-01 9.41826E-01
3.15170E-01 9.45981E-01
3.16497E-01 9.50136E-01
3.17727E-01 9.54292E-01
3.18857E-01 9.58447E-01
3.19885E-01 9.62602E-01
3.20810E-01 9.66758E-01
3.21630E-01 9.70913E-01
3.22344E-01 9.75068E-01
3.22950E-01 9.79223E-01
3.23447E-01 9.83379E-01
3.23835E-01 9.87534E-01
3.24112E-01 9.91689E-01
3.24279E-01 9.95845E-01
3.24335E-01 1.00000E+00
3.24279E-01 1.00416E+00
3.24112E-01 1.00831E+00
3.23835E-01 1.01247E+00
3.23447E-01 1.01662E+00
3.22950E-01 1.02078E+00
3.22344E-01 1.02493E+00
3.21631E-01 1.02909E+00
3.20810E-01 1.03324E+00
3.19885E-01 1.03740E+00
3.18857E-01 1.04155E+00
3.17727E-01 1.04571E+00
3.16497E-01 1.04986E+00
3.15170E-01 1.05402E+00
3.13748E-01 1.05817E+00
3.12234E-01 1.06233E+00
3.10631E-01 1.06648E+00
3.08941E-01 1.07064E+00
3.07168E-01 1.07480E+00
3.05316E-01 1.07895E+00
3.03387E-01 1.08311E+00
3.01387E-01 1.08726E+00
2.99318E-01 1.09142E+00
2.97185E-01 1.09557E+00
2.94994E-01 1.09973E+00
2.92748E-01 1.10388E+00
2.90452E-01 1.10804E+00
2.88112E-01 1.11219E+00
2.85733E-01 1.11635E+00
2.83321E-01 1.12050E+00
2.80882E-01 1.12466E+00
2.78421E-01 1.12881E+00
2.75945E-01 1.13297E+00
2.73461E-01 1.13712E+00
2.70974E-01 1.14128E+00
2.68493E-01 1.14543E+00
2.66023E-01 1.14959E+00
2.63572E-01 1.15375E+00
2.61148E-01 1.15790E+00
2.58758E-01 1.16206E+00
2.56409E-01 1.16621E+00
2.54110E-01 1.17037E+00
2.51867E-01 1.17452E+00
2.49689E-01 1.17868E+00
2.47584E-01 1.18283E+00
2.45559E-01 1.18699E+00
2.43621E-01 1.19114E+00
2.41779E-01 1.19530E+00
2.40040E-01 1.19945E+00
2.38410E-01 1.20361E+00
2.36896E-01 1.20776E+00
2.35505E-01 1.21192E+00
2.34244E-01 1.21607E+00
2.33116E-01 1.22023E+00
2.32128E-01 1.22439E+00
2.31285E-01 1.22854E+00
2.30589E-01 1.23270E+00
2.30044E-01 1.23685E+00
2.29653E-01 1.24101E+00
2.29418E-01 1.24516E+00
2.29339E-01 1.24932E+00
