Will plot unflagged data


File # 1  = raise.vis
raise.vis 0.1514 GHz
Read 121 visibilities from all files

Baseline 1-4, plot 121 points
7.64464E-01 1.50020E+01
7.64726E-01 1.50020E+01
7.65510E-01 1.50019E+01
7.66813E-01 1.50019E+01
7.68629E-01 1.50018E+01
7.70948E-01 1.50017E+01
7.73761E-01 1.50016E+01
7.77054E-01 1.50015E+01
7.80812E-01 1.50013E+01
7.85018E-01 1.50012E+01
7.89653E-01 1.50010E+01
7.94698E-01 1.50008E+01
8.00131E-01 1.50006E+01
8.05930E-01 1.50004E+01
8.12070E-01 1.50001E+01
8.18529E-01 1.49999E+01
8.25279E-01 1.49996E+01
8.32297E-01 1.49993E+01
8.39556E-01 1.49990E+01
8.47031E-01 1.49986E+01
8.54696E-01 1.49984E+01
8.62525E-01 1.49980E+01
8.70493E-01 1.49977E+01
8.78573E-01 1.49973E+01
8.86742E-01 1.49969E+01
8.94975E-01 1.49966E+01
9.03247E-01 1.49962E+01
9.11535E-01 1.49958E+01
9.19817E-01 1.49954E+01
9.28070E-01 1.49950E+01
9.36273E-01 1.49947E+01
9.44404E-01 1.49943E+01
9.52444E-01 1.49939E+01
9.60374E-01 1.49935E+01
9.68173E-01 1.49931E+01
9.75825E-01 1.49928E+01
9.83312E-01 1.49924E+01
9.90617E-01 1.49921E+01
9.97726E-01 1.49917E+01
1.00462E+00 1.49914E+01
1.01129E+00 1.49910E+01
1.01772E+00 1.49907E+01
1.02389E+00 1.49904E+01
1.02980E+00 1.49901E+01
1.03544E+00 1.49898E+01
1.04078E+00 1.49895E+01
1.04583E+00 1.49893E+01
1.05057E+00 1.49890E+01
1.05499E+00 1.49887E+01
1.05909E+00 1.49885E+01
1.06286E+00 1.49884E+01
1.06628E+00 1.49882E+01
1.06937E+00 1.49881E+01
1.07210E+00 1.49878E+01
1.07448E+00 1.49877E+01
1.07650E+00 1.49876E+01
1.07816E+00 1.49876E+01
1.07945E+00 1.49875E+01
1.08037E+00 1.49875E+01
1.08093E+00 1.49874E+01
1.08112E+00 1.49874E+01
1.08093E+00 1.49874E+01
1.08037E+00 1.49875E+01
1.07945E+00 1.49875E+01
1.07816E+00 1.49876E+01
1.07650E+00 1.49876E+01
1.07448E+00 1.49877E+01
1.07210E+00 1.49878E+01
1.06937E+00 1.49881E+01
1.06628E+00 1.49882E+01
1.06286E+00 1.49884E+01
1.05909E+00 1.49885E+01
1.05499E+00 1.49887E+01
1.05057E+00 1.49890E+01
1.04583E+00 1.49893E+01
1.04078E+00 1.49895E+01
1.03544E+00 1.49898E+01
1.02980E+00 1.49901E+01
1.02389E+00 1.49904E+01
1.01772E+00 1.49907E+01
1.01129E+00 1.49910E+01
1.00462E+00 1.49914E+01
9.97726E-01 1.49917E+01
9.90618E-01 1.49921E+01
9.83312E-01 1.49924E+01
9.75825E-01 1.49928E+01
9.68174E-01 1.49931E+01
9.60374E-01 1.49935E+01
9.52445E-01 1.49939E+01
9.44405E-01 1.49943E+01
9.36273E-01 1.49947E+01
9.28071E-01 1.49950E+01
9.19818E-01 1.49955E+01
9.11536E-01 1.49958E+01
9.03247E-01 1.49962E+01
8.94975E-01 1.49966E+01
8.86743E-01 1.49969E+01
8.78574E-01 1.49973E+01
8.70493E-01 1.49977E+01
8.62526E-01 1.49980E+01
8.54697E-01 1.49984E+01
8.47032E-01 1.49986E+01
8.39557E-01 1.49990E+01
8.32297E-01 1.49993E+01
8.25279E-01 1.49996E+01
8.18529E-01 1.49999E+01
8.12071E-01 1.50001E+01
8.05930E-01 1.50004E+01
8.00132E-01 1.50006E+01
7.94699E-01 1.50008E+01
7.89654E-01 1.50010E+01
7.85018E-01 1.50012E+01
7.80812E-01 1.50013E+01
7.77054E-01 1.50015E+01
7.73761E-01 1.50016E+01
7.70949E-01 1.50017E+01
7.68629E-01 1.50018E+01
7.66813E-01 1.50019E+01
7.65510E-01 1.50019E+01
7.64726E-01 1.50020E+01
7.64464E-01 1.50020E+01
