Will plot unflagged data


File # 1  = raise.vis
raise.vis 0.1514 GHz
Read 121 visibilities from all files

Baseline 1-4, plot 121 points
7.64464E-01 -3.59688E-01
7.64726E-01 -3.66726E-01
7.65510E-01 -3.72476E-01
7.66813E-01 -3.78985E-01
7.68629E-01 -3.84188E-01
7.70948E-01 -3.90134E-01
7.73761E-01 -3.94758E-01
7.77054E-01 -4.00110E-01
7.80812E-01 -4.05154E-01
7.85018E-01 -4.08851E-01
7.89653E-01 -4.13255E-01
7.94698E-01 -4.17329E-01
8.00131E-01 -4.21067E-01
8.05930E-01 -4.24461E-01
8.12070E-01 -4.27504E-01
8.18529E-01 -4.30191E-01
8.25279E-01 -4.32517E-01
8.32297E-01 -4.34474E-01
8.39556E-01 -4.36058E-01
8.47031E-01 -4.37264E-01
8.54696E-01 -4.39118E-01
8.62525E-01 -4.39552E-01
8.70493E-01 -4.40626E-01
8.78573E-01 -4.40270E-01
8.86742E-01 -4.40546E-01
8.94975E-01 -4.40418E-01
9.03247E-01 -4.39881E-01
9.11535E-01 -4.38934E-01
9.19817E-01 -4.37572E-01
9.28070E-01 -4.35795E-01
9.36273E-01 -4.34631E-01
9.44404E-01 -4.32013E-01
9.52444E-01 -4.30006E-01
9.60374E-01 -4.26542E-01
9.68173E-01 -4.23686E-01
9.75825E-01 -4.20404E-01
9.83312E-01 -4.16696E-01
9.90617E-01 -4.13593E-01
9.97726E-01 -4.09031E-01
1.00462E+00 -4.05075E-01
1.01129E+00 -3.99660E-01
1.01772E+00 -3.94853E-01
1.02389E+00 -3.89622E-01
1.02980E+00 -3.83969E-01
1.03544E+00 -3.78928E-01
1.04078E+00 -3.72435E-01
1.04583E+00 -3.66559E-01
1.05057E+00 -3.59237E-01
1.05499E+00 -3.52536E-01
1.05909E+00 -3.45427E-01
1.06286E+00 -3.38947E-01
1.06628E+00 -3.31034E-01
1.06937E+00 -3.23756E-01
1.07210E+00 -3.15055E-01
1.07448E+00 -3.06997E-01
1.07650E+00 -2.98557E-01
1.07816E+00 -2.90771E-01
1.07945E+00 -2.81581E-01
1.08037E+00 -2.73056E-01
1.08093E+00 -2.63137E-01
1.08112E+00 -2.53896E-01
1.08093E+00 -2.44306E-01
1.08037E+00 -2.35406E-01
1.07945E+00 -2.25139E-01
1.07816E+00 -2.15576E-01
1.07650E+00 -2.04660E-01
1.07448E+00 -1.94462E-01
1.07210E+00 -1.83959E-01
1.06937E+00 -1.74190E-01
1.06628E+00 -1.63099E-01
1.06286E+00 -1.52759E-01
1.05909E+00 -1.41114E-01
1.05499E+00 -1.30237E-01
1.05057E+00 -1.19104E-01
1.04583E+00 -1.08758E-01
1.04078E+00 -9.71427E-02
1.03544E+00 -8.63319E-02
1.02980E+00 -7.42704E-02
1.02389E+00 -6.30332E-02
1.01772E+00 -5.15973E-02
1.01129E+00 -3.99729E-02
1.00462E+00 -2.92026E-02
9.97726E-01 -1.72313E-02
9.90618E-01 -6.13476E-03
9.83312E-01 6.14212E-03
9.75825E-01 1.75233E-02
9.68174E-01 2.90308E-02
9.60374E-01 4.06540E-02
9.52445E-01 5.13492E-02
9.44405E-01 6.31714E-02
9.36273E-01 7.40438E-02
9.28071E-01 8.60213E-02
9.19818E-01 9.70271E-02
9.11536E-01 1.08083E-01
9.03247E-01 1.19178E-01
8.94975E-01 1.30301E-01
8.86743E-01 1.41440E-01
8.78574E-01 1.52585E-01
8.70493E-01 1.62692E-01
8.62526E-01 1.73815E-01
8.54697E-01 1.83878E-01
8.47032E-01 1.94935E-01
8.39557E-01 2.04909E-01
8.32297E-01 2.14823E-01
8.25279E-01 2.24664E-01
8.18529E-01 2.34424E-01
8.12071E-01 2.44090E-01
8.05930E-01 2.53652E-01
8.00132E-01 2.63099E-01
7.94699E-01 2.72421E-01
7.89654E-01 2.81607E-01
7.85018E-01 2.90647E-01
7.80812E-01 2.98501E-01
7.77054E-01 3.07218E-01
7.73761E-01 3.15760E-01
7.70949E-01 3.23086E-01
7.68629E-01 3.31246E-01
7.66813E-01 3.38172E-01
7.65510E-01 3.45912E-01
7.64726E-01 3.52402E-01
7.64464E-01 3.59686E-01
