Will plot unflagged data


File # 1  = raise.vis
raise.vis 4.7863 GHz
Read 121 visibilities from all files

Baseline 4-5, plot 121 points
7.25234E+00 1.65314E-02
7.25483E+00 1.65313E-02
7.26227E+00 1.65313E-02
7.27463E+00 1.65313E-02
7.29185E+00 1.65312E-02
7.31386E+00 1.65311E-02
7.34054E+00 1.65311E-02
7.37178E+00 1.65309E-02
7.40743E+00 1.65308E-02
7.44733E+00 1.65307E-02
7.49131E+00 1.65305E-02
7.53917E+00 1.65304E-02
7.59071E+00 1.65302E-02
7.64572E+00 1.65300E-02
7.70398E+00 1.65298E-02
7.76524E+00 1.65296E-02
7.82929E+00 1.65293E-02
7.89586E+00 1.65291E-02
7.96473E+00 1.65288E-02
8.03565E+00 1.65286E-02
8.10836E+00 1.65283E-02
8.18263E+00 1.65280E-02
8.25822E+00 1.65277E-02
8.33488E+00 1.65274E-02
8.41237E+00 1.65271E-02
8.49048E+00 1.65268E-02
8.56895E+00 1.65265E-02
8.64758E+00 1.65262E-02
8.72615E+00 1.65259E-02
8.80445E+00 1.65256E-02
8.88227E+00 1.65252E-02
8.95941E+00 1.65249E-02
9.03568E+00 1.65246E-02
9.11091E+00 1.65243E-02
9.18490E+00 1.65240E-02
9.25749E+00 1.65236E-02
9.32852E+00 1.65233E-02
9.39782E+00 1.65230E-02
9.46526E+00 1.65228E-02
9.53067E+00 1.65225E-02
9.59394E+00 1.65222E-02
9.65493E+00 1.65219E-02
9.71351E+00 1.65217E-02
9.76958E+00 1.65214E-02
9.82301E+00 1.65212E-02
9.87372E+00 1.65209E-02
9.92159E+00 1.65207E-02
9.96655E+00 1.65205E-02
1.00085E+01 1.65203E-02
1.00474E+01 1.65201E-02
1.00831E+01 1.65200E-02
1.01157E+01 1.65198E-02
1.01449E+01 1.65196E-02
1.01708E+01 1.65196E-02
1.01934E+01 1.65194E-02
1.02126E+01 1.65194E-02
1.02283E+01 1.65193E-02
1.02406E+01 1.65192E-02
1.02493E+01 1.65192E-02
1.02546E+01 1.65192E-02
1.02564E+01 1.65192E-02
1.02546E+01 1.65192E-02
1.02493E+01 1.65192E-02
1.02406E+01 1.65192E-02
1.02283E+01 1.65193E-02
1.02126E+01 1.65194E-02
1.01934E+01 1.65194E-02
1.01709E+01 1.65196E-02
1.01449E+01 1.65196E-02
1.01157E+01 1.65198E-02
1.00831E+01 1.65200E-02
1.00474E+01 1.65201E-02
1.00085E+01 1.65203E-02
9.96656E+00 1.65205E-02
9.92160E+00 1.65207E-02
9.87372E+00 1.65209E-02
9.82302E+00 1.65212E-02
9.76958E+00 1.65214E-02
9.71352E+00 1.65217E-02
9.65493E+00 1.65219E-02
9.59395E+00 1.65222E-02
9.53068E+00 1.65225E-02
9.46526E+00 1.65228E-02
9.39783E+00 1.65230E-02
9.32852E+00 1.65233E-02
9.25749E+00 1.65236E-02
9.18490E+00 1.65240E-02
9.11091E+00 1.65243E-02
9.03569E+00 1.65246E-02
8.95941E+00 1.65249E-02
8.88227E+00 1.65252E-02
8.80445E+00 1.65256E-02
8.72616E+00 1.65259E-02
8.64759E+00 1.65262E-02
8.56896E+00 1.65265E-02
8.49048E+00 1.65268E-02
8.41238E+00 1.65271E-02
8.33488E+00 1.65274E-02
8.25823E+00 1.65277E-02
8.18264E+00 1.65280E-02
8.10837E+00 1.65283E-02
8.03565E+00 1.65286E-02
7.96474E+00 1.65288E-02
7.89587E+00 1.65291E-02
7.82929E+00 1.65293E-02
7.76525E+00 1.65296E-02
7.70398E+00 1.65298E-02
7.64573E+00 1.65300E-02
7.59072E+00 1.65302E-02
7.53918E+00 1.65304E-02
7.49131E+00 1.65305E-02
7.44734E+00 1.65307E-02
7.40743E+00 1.65308E-02
7.37178E+00 1.65309E-02
7.34054E+00 1.65311E-02
7.31386E+00 1.65311E-02
7.29185E+00 1.65312E-02
7.27463E+00 1.65313E-02
7.26227E+00 1.65313E-02
7.25483E+00 1.65313E-02
7.25234E+00 1.65314E-02
