Will plot unflagged data


File # 1  = raise.vis
raise.vis 4.7863 GHz
Read 121 visibilities from all files

Baseline 4-5, plot 121 points
7.25234E+00 7.50683E-01
7.25483E+00 7.54838E-01
7.26227E+00 7.58993E-01
7.27463E+00 7.63148E-01
7.29185E+00 7.67304E-01
7.31386E+00 7.71459E-01
7.34054E+00 7.75614E-01
7.37178E+00 7.79770E-01
7.40743E+00 7.83925E-01
7.44733E+00 7.88080E-01
7.49131E+00 7.92235E-01
7.53917E+00 7.96391E-01
7.59071E+00 8.00546E-01
7.64572E+00 8.04701E-01
7.70398E+00 8.08857E-01
7.76524E+00 8.13012E-01
7.82929E+00 8.17167E-01
7.89586E+00 8.21322E-01
7.96473E+00 8.25478E-01
8.03565E+00 8.29633E-01
8.10836E+00 8.33788E-01
8.18263E+00 8.37944E-01
8.25822E+00 8.42099E-01
8.33488E+00 8.46254E-01
8.41237E+00 8.50409E-01
8.49048E+00 8.54565E-01
8.56895E+00 8.58720E-01
8.64758E+00 8.62875E-01
8.72615E+00 8.67031E-01
8.80445E+00 8.71186E-01
8.88227E+00 8.75341E-01
8.95941E+00 8.79496E-01
9.03568E+00 8.83652E-01
9.11091E+00 8.87807E-01
9.18490E+00 8.91962E-01
9.25749E+00 8.96118E-01
9.32852E+00 9.00273E-01
9.39782E+00 9.04428E-01
9.46526E+00 9.08583E-01
9.53067E+00 9.12739E-01
9.59394E+00 9.16894E-01
9.65493E+00 9.21049E-01
9.71351E+00 9.25205E-01
9.76958E+00 9.29360E-01
9.82301E+00 9.33515E-01
9.87372E+00 9.37670E-01
9.92159E+00 9.41826E-01
9.96655E+00 9.45981E-01
1.00085E+01 9.50136E-01
1.00474E+01 9.54292E-01
1.00831E+01 9.58447E-01
1.01157E+01 9.62602E-01
1.01449E+01 9.66758E-01
1.01708E+01 9.70913E-01
1.01934E+01 9.75068E-01
1.02126E+01 9.79223E-01
1.02283E+01 9.83379E-01
1.02406E+01 9.87534E-01
1.02493E+01 9.91689E-01
1.02546E+01 9.95845E-01
1.02564E+01 1.00000E+00
1.02546E+01 1.00416E+00
1.02493E+01 1.00831E+00
1.02406E+01 1.01247E+00
1.02283E+01 1.01662E+00
1.02126E+01 1.02078E+00
1.01934E+01 1.02493E+00
1.01709E+01 1.02909E+00
1.01449E+01 1.03324E+00
1.01157E+01 1.03740E+00
1.00831E+01 1.04155E+00
1.00474E+01 1.04571E+00
1.00085E+01 1.04986E+00
9.96656E+00 1.05402E+00
9.92160E+00 1.05817E+00
9.87372E+00 1.06233E+00
9.82302E+00 1.06648E+00
9.76958E+00 1.07064E+00
9.71352E+00 1.07480E+00
9.65493E+00 1.07895E+00
9.59395E+00 1.08311E+00
9.53068E+00 1.08726E+00
9.46526E+00 1.09142E+00
9.39783E+00 1.09557E+00
9.32852E+00 1.09973E+00
9.25749E+00 1.10388E+00
9.18490E+00 1.10804E+00
9.11091E+00 1.11219E+00
9.03569E+00 1.11635E+00
8.95941E+00 1.12050E+00
8.88227E+00 1.12466E+00
8.80445E+00 1.12881E+00
8.72616E+00 1.13297E+00
8.64759E+00 1.13712E+00
8.56896E+00 1.14128E+00
8.49048E+00 1.14543E+00
8.41238E+00 1.14959E+00
8.33488E+00 1.15375E+00
8.25823E+00 1.15790E+00
8.18264E+00 1.16206E+00
8.10837E+00 1.16621E+00
8.03565E+00 1.17037E+00
7.96474E+00 1.17452E+00
7.89587E+00 1.17868E+00
7.82929E+00 1.18283E+00
7.76525E+00 1.18699E+00
7.70398E+00 1.19114E+00
7.64573E+00 1.19530E+00
7.59072E+00 1.19945E+00
7.53918E+00 1.20361E+00
7.49131E+00 1.20776E+00
7.44734E+00 1.21192E+00
7.40743E+00 1.21607E+00
7.37178E+00 1.22023E+00
7.34054E+00 1.22439E+00
7.31386E+00 1.22854E+00
7.29185E+00 1.23270E+00
7.27463E+00 1.23685E+00
7.26227E+00 1.24101E+00
7.25483E+00 1.24516E+00
7.25234E+00 1.24932E+00
