Will plot unflagged data


File # 1  = raise.vis
raise.vis 4.7863 GHz
Read 121 visibilities from all files

Baseline 4-5, plot 121 points
7.25234E+00 -5.25452E-01
7.25483E+00 -5.35491E-01
7.26227E+00 -5.44119E-01
7.27463E+00 -5.53379E-01
7.29185E+00 -5.61203E-01
7.31386E+00 -5.69639E-01
7.34054E+00 -5.77645E-01
7.37178E+00 -5.84180E-01
7.40743E+00 -5.91295E-01
7.44733E+00 -5.97949E-01
7.49131E+00 -6.04131E-01
7.53917E+00 -6.09831E-01
7.59071E+00 -6.15039E-01
7.64572E+00 -6.19745E-01
7.70398E+00 -6.23941E-01
7.76524E+00 -6.27617E-01
7.82929E+00 -6.30765E-01
7.89586E+00 -6.34409E-01
7.96473E+00 -6.36476E-01
8.03565E+00 -6.39024E-01
8.10836E+00 -6.41012E-01
8.18263E+00 -6.42433E-01
8.25822E+00 -6.43282E-01
8.33488E+00 -6.43552E-01
8.41237E+00 -6.43237E-01
8.49048E+00 -6.43365E-01
8.56895E+00 -6.41865E-01
8.64758E+00 -6.40799E-01
8.72615E+00 -6.39129E-01
8.80445E+00 -6.36852E-01
8.88227E+00 -6.33964E-01
8.95941E+00 -6.31495E-01
9.03568E+00 -6.27378E-01
9.11091E+00 -6.23676E-01
9.18490E+00 -6.19354E-01
9.25749E+00 -6.14411E-01
9.32852E+00 -6.08847E-01
9.39782E+00 -6.03691E-01
9.46526E+00 -5.97914E-01
9.53067E+00 -5.91515E-01
9.59394E+00 -5.84496E-01
9.65493E+00 -5.76858E-01
9.71351E+00 -5.69630E-01
9.76958E+00 -5.61787E-01
9.82301E+00 -5.53331E-01
9.87372E+00 -5.44265E-01
9.92159E+00 -5.35618E-01
9.96655E+00 -5.25343E-01
1.00085E+01 -5.15493E-01
1.00474E+01 -5.05048E-01
1.00831E+01 -4.95036E-01
1.01157E+01 -4.84440E-01
1.01449E+01 -4.72236E-01
1.01708E+01 -4.61513E-01
1.01934E+01 -4.49196E-01
1.02126E+01 -4.37347E-01
1.02283E+01 -4.24945E-01
1.02406E+01 -4.12000E-01
1.02493E+01 -3.98518E-01
1.02546E+01 -3.85537E-01
1.02564E+01 -3.72037E-01
1.02546E+01 -3.58027E-01
1.02493E+01 -3.43518E-01
1.02406E+01 -3.29547E-01
1.02283E+01 -3.15096E-01
1.02126E+01 -3.00177E-01
1.01934E+01 -2.84799E-01
1.01709E+01 -2.70001E-01
1.01449E+01 -2.53741E-01
1.01157E+01 -2.39111E-01
1.00831E+01 -2.23043E-01
1.00474E+01 -2.06575E-01
1.00085E+01 -1.90747E-01
9.96656E+00 -1.74544E-01
9.92160E+00 -1.59008E-01
9.87372E+00 -1.42102E-01
9.82302E+00 -1.25890E-01
9.76958E+00 -1.09362E-01
9.71352E+00 -9.25304E-02
9.65493E+00 -7.54104E-02
9.59395E+00 -5.90446E-02
9.53068E+00 -4.24200E-02
9.46526E+00 -2.55514E-02
9.39783E+00 -8.45375E-03
9.32852E+00 8.85794E-03
9.25749E+00 2.53379E-02
9.18490E+00 4.20006E-02
9.11091E+00 5.88307E-02
9.03569E+00 7.58123E-02
8.95941E+00 9.18984E-02
8.88227E+00 1.09136E-01
8.80445E+00 1.25446E-01
8.72616E+00 1.41844E-01
8.64759E+00 1.58313E-01
8.56896E+00 1.74839E-01
8.49048E+00 1.90372E-01
8.41238E+00 2.06961E-01
8.33488E+00 2.22524E-01
8.25823E+00 2.38079E-01
8.18264E+00 2.53608E-01
8.10837E+00 2.69096E-01
8.03565E+00 2.84527E-01
7.96474E+00 2.99885E-01
7.89587E+00 3.14120E-01
7.82929E+00 3.29282E-01
7.76525E+00 3.43290E-01
7.70398E+00 3.57161E-01
7.64573E+00 3.70879E-01
7.59072E+00 3.84429E-01
7.53918E+00 3.97795E-01
7.49131E+00 4.10963E-01
7.44734E+00 4.23917E-01
7.40743E+00 4.36642E-01
7.37178E+00 4.49125E-01
7.34054E+00 4.60319E-01
7.31386E+00 4.72273E-01
7.29185E+00 4.83942E-01
7.27463E+00 4.94284E-01
7.26227E+00 5.05344E-01
7.25483E+00 5.15052E-01
7.25234E+00 5.25450E-01
