Will plot unflagged data


File # 1  = raise.vis
raise.vis 15.1356 GHz
Read 121 visibilities from all files

Baseline 1-5, plot 121 points
9.93803E+01 -1.25294E+01
9.94143E+01 -1.27569E+01
9.95163E+01 -1.29758E+01
9.96857E+01 -1.31861E+01
9.99217E+01 -1.33870E+01
1.00223E+02 -1.35784E+01
1.00589E+02 -1.37613E+01
1.01017E+02 -1.39341E+01
1.01506E+02 -1.40974E+01
1.02052E+02 -1.42514E+01
1.02655E+02 -1.43956E+01
1.03311E+02 -1.45295E+01
1.04017E+02 -1.46533E+01
1.04771E+02 -1.47677E+01
1.05569E+02 -1.48719E+01
1.06409E+02 -1.49655E+01
1.07286E+02 -1.50501E+01
1.08199E+02 -1.51224E+01
1.09142E+02 -1.51863E+01
1.10114E+02 -1.52390E+01
1.11111E+02 -1.52802E+01
1.12128E+02 -1.53124E+01
1.13164E+02 -1.53335E+01
1.14215E+02 -1.53445E+01
1.15276E+02 -1.53440E+01
1.16347E+02 -1.53341E+01
1.17422E+02 -1.53126E+01
1.18500E+02 -1.52814E+01
1.19576E+02 -1.52394E+01
1.20649E+02 -1.51875E+01
1.21715E+02 -1.51247E+01
1.22773E+02 -1.50518E+01
1.23818E+02 -1.49678E+01
1.24849E+02 -1.48748E+01
1.25863E+02 -1.47705E+01
1.26857E+02 -1.46558E+01
1.27831E+02 -1.45325E+01
1.28780E+02 -1.43981E+01
1.29704E+02 -1.42545E+01
1.30601E+02 -1.41008E+01
1.31468E+02 -1.39374E+01
1.32303E+02 -1.37647E+01
1.33106E+02 -1.35820E+01
1.33874E+02 -1.33908E+01
1.34607E+02 -1.31904E+01
1.35302E+02 -1.29805E+01
1.35958E+02 -1.27609E+01
1.36574E+02 -1.25332E+01
1.37149E+02 -1.22976E+01
1.37682E+02 -1.20530E+01
1.38171E+02 -1.18003E+01
1.38617E+02 -1.15398E+01
1.39018E+02 -1.12706E+01
1.39373E+02 -1.09940E+01
1.39682E+02 -1.07101E+01
1.39945E+02 -1.04191E+01
1.40161E+02 -1.01212E+01
1.40328E+02 -9.81545E+00
1.40449E+02 -9.50304E+00
1.40521E+02 -9.18524E+00
1.40545E+02 -8.86024E+00
1.40521E+02 -8.52929E+00
1.40449E+02 -8.19156E+00
1.40329E+02 -7.84937E+00
1.40161E+02 -7.50189E+00
1.39945E+02 -7.14832E+00
1.39682E+02 -6.79003E+00
1.39373E+02 -6.42736E+00
1.39018E+02 -6.06057E+00
1.38617E+02 -5.68992E+00
1.38171E+02 -5.31463E+00
1.37682E+02 -4.93595E+00
1.37149E+02 -4.55401E+00
1.36574E+02 -4.16844E+00
1.35958E+02 -3.78069E+00
1.35302E+02 -3.39089E+00
1.34607E+02 -2.99704E+00
1.33875E+02 -2.60272E+00
1.33106E+02 -2.20561E+00
1.32303E+02 -1.80770E+00
1.31468E+02 -1.40797E+00
1.30601E+02 -1.00762E+00
1.29704E+02 -6.06537E-01
1.28780E+02 -2.04674E-01
1.27831E+02 1.96665E-01
1.26857E+02 5.98964E-01
1.25863E+02 9.99449E-01
1.24849E+02 1.40062E+00
1.23818E+02 1.79975E+00
1.22773E+02 2.19749E+00
1.21716E+02 2.59455E+00
1.20649E+02 2.98947E+00
1.19576E+02 3.38289E+00
1.18500E+02 3.77346E+00
1.17422E+02 4.16172E+00
1.16347E+02 4.54635E+00
1.15277E+02 4.92896E+00
1.14215E+02 5.30711E+00
1.13164E+02 5.68251E+00
1.12128E+02 6.05369E+00
1.11111E+02 6.42129E+00
1.10114E+02 6.78309E+00
1.09142E+02 7.14117E+00
1.08199E+02 7.49524E+00
1.07286E+02 7.84219E+00
1.06409E+02 8.18573E+00
1.05569E+02 8.52251E+00
1.04771E+02 8.85370E+00
1.04017E+02 9.17901E+00
1.03311E+02 9.49733E+00
1.02655E+02 9.80926E+00
1.02052E+02 1.01150E+01
1.01506E+02 1.04137E+01
1.01017E+02 1.07051E+01
1.00589E+02 1.09889E+01
1.00223E+02 1.12660E+01
9.99218E+01 1.15345E+01
9.96857E+01 1.17954E+01
9.95163E+01 1.20487E+01
9.94143E+01 1.22933E+01
9.93803E+01 1.25294E+01
