Will plot unflagged data


File # 1  = raise.vis
raise.vis 15.1356 GHz
Read 121 visibilities from all files

Baseline 1-5, plot 121 points
9.93803E+01 1.21235E-02
9.94143E+01 1.21213E-02
9.95163E+01 1.21147E-02
9.96857E+01 1.21039E-02
9.99217E+01 1.20890E-02
1.00223E+02 1.20702E-02
1.00589E+02 1.20477E-02
1.01017E+02 1.20218E-02
1.01506E+02 1.19928E-02
1.02052E+02 1.19612E-02
1.02655E+02 1.19272E-02
1.03311E+02 1.18911E-02
1.04017E+02 1.18534E-02
1.04771E+02 1.18144E-02
1.05569E+02 1.17745E-02
1.06409E+02 1.17338E-02
1.07286E+02 1.16929E-02
1.08199E+02 1.16515E-02
1.09142E+02 1.16105E-02
1.10114E+02 1.15696E-02
1.11111E+02 1.15290E-02
1.12128E+02 1.14891E-02
1.13164E+02 1.14498E-02
1.14215E+02 1.14113E-02
1.15276E+02 1.13734E-02
1.16347E+02 1.13365E-02
1.17422E+02 1.13004E-02
1.18500E+02 1.12652E-02
1.19576E+02 1.12310E-02
1.20649E+02 1.11977E-02
1.21715E+02 1.11653E-02
1.22773E+02 1.11339E-02
1.23818E+02 1.11033E-02
1.24849E+02 1.10739E-02
1.25863E+02 1.10453E-02
1.26857E+02 1.10176E-02
1.27831E+02 1.09911E-02
1.28780E+02 1.09654E-02
1.29704E+02 1.09408E-02
1.30601E+02 1.09172E-02
1.31468E+02 1.08946E-02
1.32303E+02 1.08731E-02
1.33106E+02 1.08525E-02
1.33874E+02 1.08331E-02
1.34607E+02 1.08147E-02
1.35302E+02 1.07974E-02
1.35958E+02 1.07810E-02
1.36574E+02 1.07658E-02
1.37149E+02 1.07519E-02
1.37682E+02 1.07389E-02
1.38171E+02 1.07271E-02
1.38617E+02 1.07164E-02
1.39018E+02 1.07067E-02
1.39373E+02 1.06982E-02
1.39682E+02 1.06909E-02
1.39945E+02 1.06848E-02
1.40161E+02 1.06798E-02
1.40328E+02 1.06757E-02
1.40449E+02 1.06729E-02
1.40521E+02 1.06713E-02
1.40545E+02 1.06708E-02
1.40521E+02 1.06713E-02
1.40449E+02 1.06729E-02
1.40329E+02 1.06757E-02
1.40161E+02 1.06798E-02
1.39945E+02 1.06848E-02
1.39682E+02 1.06909E-02
1.39373E+02 1.06982E-02
1.39018E+02 1.07067E-02
1.38617E+02 1.07164E-02
1.38171E+02 1.07271E-02
1.37682E+02 1.07389E-02
1.37149E+02 1.07519E-02
1.36574E+02 1.07658E-02
1.35958E+02 1.07810E-02
1.35302E+02 1.07974E-02
1.34607E+02 1.08146E-02
1.33875E+02 1.08331E-02
1.33106E+02 1.08525E-02
1.32303E+02 1.08731E-02
1.31468E+02 1.08946E-02
1.30601E+02 1.09172E-02
1.29704E+02 1.09408E-02
1.28780E+02 1.09654E-02
1.27831E+02 1.09911E-02
1.26857E+02 1.10176E-02
1.25863E+02 1.10453E-02
1.24849E+02 1.10737E-02
1.23818E+02 1.11033E-02
1.22773E+02 1.11339E-02
1.21716E+02 1.11653E-02
1.20649E+02 1.11977E-02
1.19576E+02 1.12310E-02
1.18500E+02 1.12652E-02
1.17422E+02 1.13004E-02
1.16347E+02 1.13365E-02
1.15277E+02 1.13734E-02
1.14215E+02 1.14113E-02
1.13164E+02 1.14498E-02
1.12128E+02 1.14891E-02
1.11111E+02 1.15290E-02
1.10114E+02 1.15696E-02
1.09142E+02 1.16105E-02
1.08199E+02 1.16515E-02
1.07286E+02 1.16929E-02
1.06409E+02 1.17338E-02
1.05569E+02 1.17745E-02
1.04771E+02 1.18144E-02
1.04017E+02 1.18534E-02
1.03311E+02 1.18911E-02
1.02655E+02 1.19272E-02
1.02052E+02 1.19612E-02
1.01506E+02 1.19928E-02
1.01017E+02 1.20218E-02
1.00589E+02 1.20477E-02
1.00223E+02 1.20702E-02
9.99218E+01 1.20890E-02
9.96857E+01 1.21039E-02
9.95163E+01 1.21147E-02
9.94143E+01 1.21213E-02
9.93803E+01 1.21235E-02
