Will plot unflagged data


File # 1  = raise.vis
raise.vis 15.1356 GHz
Read 121 visibilities from all files

Baseline 2-4, plot 121 points
7.09859E+01 -8.94957E+00
7.10102E+01 -9.11185E+00
7.10831E+01 -9.26867E+00
7.12041E+01 -9.41814E+00
7.13727E+01 -9.56150E+00
7.15881E+01 -9.69931E+00
7.18492E+01 -9.82943E+00
7.21550E+01 -9.95266E+00
7.25039E+01 -1.00698E+01
7.28945E+01 -1.01797E+01
7.33250E+01 -1.02821E+01
7.37934E+01 -1.03788E+01
7.42979E+01 -1.04668E+01
7.48364E+01 -1.05486E+01
7.54065E+01 -1.06227E+01
7.60062E+01 -1.06899E+01
7.66331E+01 -1.07495E+01
7.72847E+01 -1.08015E+01
7.79588E+01 -1.08469E+01
7.86529E+01 -1.08845E+01
7.93647E+01 -1.09148E+01
8.00916E+01 -1.09375E+01
8.08315E+01 -1.09523E+01
8.15818E+01 -1.09598E+01
8.23403E+01 -1.09599E+01
8.31048E+01 -1.09522E+01
8.38729E+01 -1.09376E+01
8.46425E+01 -1.09155E+01
8.54116E+01 -1.08856E+01
8.61779E+01 -1.08482E+01
8.69396E+01 -1.08033E+01
8.76947E+01 -1.07514E+01
8.84413E+01 -1.06909E+01
8.91775E+01 -1.06248E+01
8.99018E+01 -1.05504E+01
9.06123E+01 -1.04686E+01
9.13075E+01 -1.03800E+01
9.19859E+01 -1.02839E+01
9.26459E+01 -1.01817E+01
9.32863E+01 -1.00716E+01
9.39055E+01 -9.95500E+00
9.45025E+01 -9.83198E+00
9.50759E+01 -9.70180E+00
9.56246E+01 -9.56510E+00
9.61477E+01 -9.42187E+00
9.66439E+01 -9.27129E+00
9.71126E+01 -9.11556E+00
9.75526E+01 -8.95280E+00
9.79633E+01 -8.78403E+00
9.83439E+01 -8.61008E+00
9.86937E+01 -8.42909E+00
9.90121E+01 -8.24225E+00
9.92984E+01 -8.05071E+00
9.95523E+01 -7.85355E+00
9.97732E+01 -7.64986E+00
9.99607E+01 -7.44182E+00
1.00115E+02 -7.22854E+00
1.00235E+02 -7.01115E+00
1.00320E+02 -6.78774E+00
1.00372E+02 -6.56048E+00
1.00389E+02 -6.32849E+00
1.00372E+02 -6.09193E+00
1.00320E+02 -5.85097E+00
1.00235E+02 -5.60681E+00
1.00115E+02 -5.35757E+00
9.99608E+01 -5.10553E+00
9.97732E+01 -4.84982E+00
9.95523E+01 -4.59170E+00
9.92984E+01 -4.32927E+00
9.90121E+01 -4.06378E+00
9.86937E+01 -3.79646E+00
9.83440E+01 -3.52645E+00
9.79634E+01 -3.25289E+00
9.75527E+01 -2.97795E+00
9.71126E+01 -2.70109E+00
9.66440E+01 -2.42159E+00
9.61477E+01 -2.14061E+00
9.56247E+01 -1.85933E+00
9.50759E+01 -1.57577E+00
9.45025E+01 -1.29126E+00
9.39056E+01 -1.00544E+00
9.32863E+01 -7.19378E-01
9.26460E+01 -4.33113E-01
9.19859E+01 -1.45706E-01
9.13076E+01 1.40869E-01
9.06124E+01 4.27698E-01
8.99018E+01 7.13874E-01
8.91776E+01 1.00082E+00
8.84413E+01 1.28595E+00
8.76947E+01 1.56950E+00
8.69397E+01 1.85328E+00
8.61780E+01 2.13534E+00
8.54116E+01 2.41603E+00
8.46426E+01 2.69507E+00
8.38730E+01 2.97259E+00
8.31048E+01 3.24812E+00
8.23404E+01 3.52078E+00
8.15818E+01 3.79132E+00
8.08315E+01 4.05914E+00
8.00917E+01 4.32395E+00
7.93647E+01 4.58629E+00
7.86530E+01 4.84559E+00
7.79588E+01 5.10130E+00
7.72848E+01 5.35393E+00
7.66331E+01 5.60215E+00
7.60062E+01 5.84672E+00
7.54066E+01 6.08751E+00
7.48364E+01 6.32381E+00
7.42980E+01 6.55623E+00
7.37935E+01 6.78319E+00
7.33250E+01 7.00715E+00
7.28945E+01 7.22488E+00
7.25040E+01 7.43819E+00
7.21550E+01 7.64673E+00
7.18493E+01 7.84932E+00
7.15881E+01 8.04668E+00
7.13727E+01 8.23956E+00
7.12041E+01 8.42580E+00
7.10831E+01 8.60592E+00
7.10102E+01 8.78113E+00
7.09859E+01 8.94955E+00
