Will plot unflagged data


File # 1  = raise.vis
raise.vis 15.1356 GHz
Read 121 visibilities from all files

Baseline 2-4, plot 121 points
7.09859E+01 7.50683E-01
7.10102E+01 7.54838E-01
7.10831E+01 7.58993E-01
7.12041E+01 7.63148E-01
7.13727E+01 7.67304E-01
7.15881E+01 7.71459E-01
7.18492E+01 7.75614E-01
7.21550E+01 7.79770E-01
7.25039E+01 7.83925E-01
7.28945E+01 7.88080E-01
7.33250E+01 7.92235E-01
7.37934E+01 7.96391E-01
7.42979E+01 8.00546E-01
7.48364E+01 8.04701E-01
7.54065E+01 8.08857E-01
7.60062E+01 8.13012E-01
7.66331E+01 8.17167E-01
7.72847E+01 8.21322E-01
7.79588E+01 8.25478E-01
7.86529E+01 8.29633E-01
7.93647E+01 8.33788E-01
8.00916E+01 8.37944E-01
8.08315E+01 8.42099E-01
8.15818E+01 8.46254E-01
8.23403E+01 8.50409E-01
8.31048E+01 8.54565E-01
8.38729E+01 8.58720E-01
8.46425E+01 8.62875E-01
8.54116E+01 8.67031E-01
8.61779E+01 8.71186E-01
8.69396E+01 8.75341E-01
8.76947E+01 8.79496E-01
8.84413E+01 8.83652E-01
8.91775E+01 8.87807E-01
8.99018E+01 8.91962E-01
9.06123E+01 8.96118E-01
9.13075E+01 9.00273E-01
9.19859E+01 9.04428E-01
9.26459E+01 9.08583E-01
9.32863E+01 9.12739E-01
9.39055E+01 9.16894E-01
9.45025E+01 9.21049E-01
9.50759E+01 9.25205E-01
9.56246E+01 9.29360E-01
9.61477E+01 9.33515E-01
9.66439E+01 9.37670E-01
9.71126E+01 9.41826E-01
9.75526E+01 9.45981E-01
9.79633E+01 9.50136E-01
9.83439E+01 9.54292E-01
9.86937E+01 9.58447E-01
9.90121E+01 9.62602E-01
9.92984E+01 9.66758E-01
9.95523E+01 9.70913E-01
9.97732E+01 9.75068E-01
9.99607E+01 9.79223E-01
1.00115E+02 9.83379E-01
1.00235E+02 9.87534E-01
1.00320E+02 9.91689E-01
1.00372E+02 9.95845E-01
1.00389E+02 1.00000E+00
1.00372E+02 1.00416E+00
1.00320E+02 1.00831E+00
1.00235E+02 1.01247E+00
1.00115E+02 1.01662E+00
9.99608E+01 1.02078E+00
9.97732E+01 1.02493E+00
9.95523E+01 1.02909E+00
9.92984E+01 1.03324E+00
9.90121E+01 1.03740E+00
9.86937E+01 1.04155E+00
9.83440E+01 1.04571E+00
9.79634E+01 1.04986E+00
9.75527E+01 1.05402E+00
9.71126E+01 1.05817E+00
9.66440E+01 1.06233E+00
9.61477E+01 1.06648E+00
9.56247E+01 1.07064E+00
9.50759E+01 1.07480E+00
9.45025E+01 1.07895E+00
9.39056E+01 1.08311E+00
9.32863E+01 1.08726E+00
9.26460E+01 1.09142E+00
9.19859E+01 1.09557E+00
9.13076E+01 1.09973E+00
9.06124E+01 1.10388E+00
8.99018E+01 1.10804E+00
8.91776E+01 1.11219E+00
8.84413E+01 1.11635E+00
8.76947E+01 1.12050E+00
8.69397E+01 1.12466E+00
8.61780E+01 1.12881E+00
8.54116E+01 1.13297E+00
8.46426E+01 1.13712E+00
8.38730E+01 1.14128E+00
8.31048E+01 1.14543E+00
8.23404E+01 1.14959E+00
8.15818E+01 1.15375E+00
8.08315E+01 1.15790E+00
8.00917E+01 1.16206E+00
7.93647E+01 1.16621E+00
7.86530E+01 1.17037E+00
7.79588E+01 1.17452E+00
7.72848E+01 1.17868E+00
7.66331E+01 1.18283E+00
7.60062E+01 1.18699E+00
7.54066E+01 1.19114E+00
7.48364E+01 1.19530E+00
7.42980E+01 1.19945E+00
7.37935E+01 1.20361E+00
7.33250E+01 1.20776E+00
7.28945E+01 1.21192E+00
7.25040E+01 1.21607E+00
7.21550E+01 1.22023E+00
7.18493E+01 1.22439E+00
7.15881E+01 1.22854E+00
7.13727E+01 1.23270E+00
7.12041E+01 1.23685E+00
7.10831E+01 1.24101E+00
7.10102E+01 1.24516E+00
7.09859E+01 1.24932E+00
