Will plot unflagged data


File # 1  = raise.vis
raise.vis 15.1356 GHz
Read 121 visibilities from all files

Baseline 2-4, plot 121 points
7.09859E+01 1.21388E-02
7.10102E+01 1.21377E-02
7.10831E+01 1.21342E-02
7.12041E+01 1.21284E-02
7.13727E+01 1.21203E-02
7.15881E+01 1.21101E-02
7.18492E+01 1.20978E-02
7.21550E+01 1.20835E-02
7.25039E+01 1.20674E-02
7.28945E+01 1.20495E-02
7.33250E+01 1.20299E-02
7.37934E+01 1.20090E-02
7.42979E+01 1.19867E-02
7.48364E+01 1.19633E-02
7.54065E+01 1.19388E-02
7.60062E+01 1.19136E-02
7.66331E+01 1.18876E-02
7.72847E+01 1.18611E-02
7.79588E+01 1.18342E-02
7.86529E+01 1.18071E-02
7.93647E+01 1.17798E-02
8.00916E+01 1.17525E-02
8.08315E+01 1.17251E-02
8.15818E+01 1.16980E-02
8.23403E+01 1.16711E-02
8.31048E+01 1.16445E-02
8.38729E+01 1.16185E-02
8.46425E+01 1.15929E-02
8.54116E+01 1.15677E-02
8.61779E+01 1.15431E-02
8.69396E+01 1.15191E-02
8.76947E+01 1.14958E-02
8.84413E+01 1.14729E-02
8.91775E+01 1.14510E-02
8.99018E+01 1.14297E-02
9.06123E+01 1.14090E-02
9.13075E+01 1.13892E-02
9.19859E+01 1.13700E-02
9.26459E+01 1.13517E-02
9.32863E+01 1.13341E-02
9.39055E+01 1.13173E-02
9.45025E+01 1.13014E-02
9.50759E+01 1.12861E-02
9.56246E+01 1.12717E-02
9.61477E+01 1.12581E-02
9.66439E+01 1.12451E-02
9.71126E+01 1.12332E-02
9.75526E+01 1.12219E-02
9.79633E+01 1.12115E-02
9.83439E+01 1.12020E-02
9.86937E+01 1.11932E-02
9.90121E+01 1.11851E-02
9.92984E+01 1.11781E-02
9.95523E+01 1.11719E-02
9.97732E+01 1.11663E-02
9.99607E+01 1.11617E-02
1.00115E+02 1.11579E-02
1.00235E+02 1.11551E-02
1.00320E+02 1.11529E-02
1.00372E+02 1.11517E-02
1.00389E+02 1.11513E-02
1.00372E+02 1.11517E-02
1.00320E+02 1.11529E-02
1.00235E+02 1.11551E-02
1.00115E+02 1.11579E-02
9.99608E+01 1.11617E-02
9.97732E+01 1.11663E-02
9.95523E+01 1.11719E-02
9.92984E+01 1.11781E-02
9.90121E+01 1.11851E-02
9.86937E+01 1.11932E-02
9.83440E+01 1.12020E-02
9.79634E+01 1.12115E-02
9.75527E+01 1.12219E-02
9.71126E+01 1.12332E-02
9.66440E+01 1.12451E-02
9.61477E+01 1.12579E-02
9.56247E+01 1.12717E-02
9.50759E+01 1.12861E-02
9.45025E+01 1.13014E-02
9.39056E+01 1.13173E-02
9.32863E+01 1.13341E-02
9.26460E+01 1.13517E-02
9.19859E+01 1.13700E-02
9.13076E+01 1.13892E-02
9.06124E+01 1.14090E-02
8.99018E+01 1.14297E-02
8.91776E+01 1.14508E-02
8.84413E+01 1.14729E-02
8.76947E+01 1.14958E-02
8.69397E+01 1.15191E-02
8.61780E+01 1.15431E-02
8.54116E+01 1.15677E-02
8.46426E+01 1.15929E-02
8.38730E+01 1.16185E-02
8.31048E+01 1.16445E-02
8.23404E+01 1.16711E-02
8.15818E+01 1.16980E-02
8.08315E+01 1.17251E-02
8.00917E+01 1.17525E-02
7.93647E+01 1.17798E-02
7.86530E+01 1.18071E-02
7.79588E+01 1.18342E-02
7.72848E+01 1.18611E-02
7.66331E+01 1.18876E-02
7.60062E+01 1.19136E-02
7.54066E+01 1.19388E-02
7.48364E+01 1.19633E-02
7.42980E+01 1.19867E-02
7.37935E+01 1.20090E-02
7.33250E+01 1.20299E-02
7.28945E+01 1.20495E-02
7.25040E+01 1.20674E-02
7.21550E+01 1.20835E-02
7.18493E+01 1.20978E-02
7.15881E+01 1.21101E-02
7.13727E+01 1.21203E-02
7.12041E+01 1.21284E-02
7.10831E+01 1.21342E-02
7.10102E+01 1.21377E-02
7.09859E+01 1.21389E-02
