Will plot unflagged data


File # 1  = raise.vis
raise.vis 15.1356 GHz
Read 121 visibilities from all files

Baseline 1-3, plot 121 points
6.17031E+01 -1.31367E+01
6.17243E+01 -1.33751E+01
6.17876E+01 -1.36044E+01
6.18928E+01 -1.38250E+01
6.20393E+01 -1.40353E+01
6.22265E+01 -1.42368E+01
6.24536E+01 -1.44287E+01
6.27193E+01 -1.46093E+01
6.30227E+01 -1.47812E+01
6.33622E+01 -1.49427E+01
6.37363E+01 -1.50930E+01
6.41435E+01 -1.52339E+01
6.45820E+01 -1.53646E+01
6.50501E+01 -1.54833E+01
6.55457E+01 -1.55929E+01
6.60669E+01 -1.56916E+01
6.66118E+01 -1.57787E+01
6.71783E+01 -1.58560E+01
6.77642E+01 -1.59224E+01
6.83675E+01 -1.59772E+01
6.89862E+01 -1.60213E+01
6.96181E+01 -1.60539E+01
7.02612E+01 -1.60768E+01
7.09134E+01 -1.60879E+01
7.15727E+01 -1.60876E+01
7.22372E+01 -1.60769E+01
7.29049E+01 -1.60550E+01
7.35739E+01 -1.60226E+01
7.42424E+01 -1.59778E+01
7.49085E+01 -1.59234E+01
7.55706E+01 -1.58573E+01
7.62269E+01 -1.57805E+01
7.68759E+01 -1.56929E+01
7.75159E+01 -1.55954E+01
7.81454E+01 -1.54861E+01
7.87630E+01 -1.53666E+01
7.93673E+01 -1.52368E+01
7.99570E+01 -1.50962E+01
8.05307E+01 -1.49457E+01
8.10873E+01 -1.47843E+01
8.16256E+01 -1.46126E+01
8.21444E+01 -1.44319E+01
8.26429E+01 -1.42404E+01
8.31199E+01 -1.40398E+01
8.35745E+01 -1.38293E+01
8.40059E+01 -1.36093E+01
8.44132E+01 -1.33792E+01
8.47958E+01 -1.31414E+01
8.51528E+01 -1.28940E+01
8.54836E+01 -1.26376E+01
8.57876E+01 -1.23725E+01
8.60643E+01 -1.20990E+01
8.63133E+01 -1.18172E+01
8.65339E+01 -1.15275E+01
8.67259E+01 -1.12299E+01
8.68890E+01 -1.09243E+01
8.70227E+01 -1.06110E+01
8.71270E+01 -1.02914E+01
8.72017E+01 -9.96352E+00
8.72465E+01 -9.62966E+00
8.72614E+01 -9.28906E+00
8.72465E+01 -8.94191E+00
8.72016E+01 -8.58847E+00
8.71270E+01 -8.23001E+00
8.70227E+01 -7.86473E+00
8.68890E+01 -7.49493E+00
8.67259E+01 -7.11981E+00
8.65339E+01 -6.73959E+00
8.63133E+01 -6.35472E+00
8.60644E+01 -5.96559E+00
8.57876E+01 -5.57245E+00
8.54836E+01 -5.17554E+00
8.51528E+01 -4.77508E+00
8.47958E+01 -4.37118E+00
8.44133E+01 -3.96371E+00
8.40059E+01 -3.55496E+00
8.35745E+01 -3.14295E+00
8.31199E+01 -2.72879E+00
8.26429E+01 -2.31258E+00
8.21445E+01 -1.89536E+00
8.16256E+01 -1.47593E+00
8.10873E+01 -1.05656E+00
8.05307E+01 -6.36257E-01
7.99570E+01 -2.14861E-01
7.93674E+01 2.06244E-01
7.87631E+01 6.27578E-01
7.81454E+01 1.04820E+00
7.75159E+01 1.46778E+00
7.68759E+01 1.88743E+00
7.62270E+01 2.30491E+00
7.55706E+01 2.72079E+00
7.49086E+01 3.13464E+00
7.42424E+01 3.54713E+00
7.35740E+01 3.95681E+00
7.29050E+01 4.36324E+00
7.22373E+01 4.76717E+00
7.15728E+01 5.16792E+00
7.09135E+01 5.56464E+00
7.02612E+01 5.95789E+00
6.96182E+01 6.34780E+00
6.89863E+01 6.73202E+00
6.83676E+01 7.11226E+00
6.77642E+01 7.48727E+00
6.71783E+01 7.85795E+00
6.66118E+01 8.22321E+00
6.60670E+01 8.58183E+00
6.55457E+01 8.93533E+00
6.50501E+01 9.28298E+00
6.45821E+01 9.62284E+00
6.41435E+01 9.95749E+00
6.37363E+01 1.02851E+01
6.33622E+01 1.06047E+01
6.30227E+01 1.09180E+01
6.27194E+01 1.12241E+01
6.24536E+01 1.15212E+01
6.22266E+01 1.18117E+01
6.20393E+01 1.20941E+01
6.18928E+01 1.23673E+01
6.17876E+01 1.26329E+01
6.17243E+01 1.28893E+01
6.17031E+01 1.31366E+01
