Will plot unflagged data


File # 1  = raise.vis
raise.vis 15.1356 GHz
Read 121 visibilities from all files

Baseline 1-3, plot 121 points
6.17031E+01 6.50265E-02
6.17243E+01 6.50099E-02
6.17876E+01 6.49606E-02
6.18928E+01 6.48797E-02
6.20393E+01 6.47684E-02
6.22265E+01 6.46297E-02
6.24536E+01 6.44658E-02
6.27193E+01 6.42786E-02
6.30227E+01 6.40732E-02
6.33622E+01 6.38515E-02
6.37363E+01 6.36159E-02
6.41435E+01 6.33713E-02
6.45820E+01 6.31197E-02
6.50501E+01 6.28618E-02
6.55457E+01 6.26028E-02
6.60669E+01 6.23425E-02
6.66118E+01 6.20819E-02
6.71783E+01 6.18241E-02
6.77642E+01 6.15688E-02
6.83675E+01 6.13156E-02
6.89862E+01 6.10665E-02
6.96181E+01 6.08206E-02
7.02612E+01 6.05805E-02
7.09134E+01 6.03439E-02
7.15727E+01 6.01114E-02
7.22372E+01 5.98844E-02
7.29049E+01 5.96622E-02
7.35739E+01 5.94458E-02
7.42424E+01 5.92330E-02
7.49085E+01 5.90274E-02
7.55706E+01 5.88267E-02
7.62269E+01 5.86322E-02
7.68759E+01 5.84439E-02
7.75159E+01 5.82630E-02
7.81454E+01 5.80873E-02
7.87630E+01 5.79186E-02
7.93673E+01 5.77570E-02
7.99570E+01 5.76017E-02
8.05307E+01 5.74537E-02
8.10873E+01 5.73118E-02
8.16256E+01 5.71765E-02
8.21444E+01 5.70492E-02
8.26429E+01 5.69277E-02
8.31199E+01 5.68136E-02
8.35745E+01 5.67060E-02
8.40059E+01 5.66051E-02
8.44132E+01 5.65100E-02
8.47958E+01 5.64231E-02
8.51528E+01 5.63421E-02
8.54836E+01 5.62676E-02
8.57876E+01 5.61996E-02
8.60643E+01 5.61382E-02
8.63133E+01 5.60833E-02
8.65339E+01 5.60351E-02
8.67259E+01 5.59933E-02
8.68890E+01 5.59577E-02
8.70227E+01 5.59284E-02
8.71270E+01 5.59064E-02
8.72017E+01 5.58897E-02
8.72465E+01 5.58803E-02
8.72614E+01 5.58772E-02
8.72465E+01 5.58803E-02
8.72016E+01 5.58897E-02
8.71270E+01 5.59064E-02
8.70227E+01 5.59284E-02
8.68890E+01 5.59577E-02
8.67259E+01 5.59933E-02
8.65339E+01 5.60351E-02
8.63133E+01 5.60833E-02
8.60644E+01 5.61382E-02
8.57876E+01 5.61996E-02
8.54836E+01 5.62676E-02
8.51528E+01 5.63421E-02
8.47958E+01 5.64231E-02
8.44133E+01 5.65100E-02
8.40059E+01 5.66051E-02
8.35745E+01 5.67060E-02
8.31199E+01 5.68136E-02
8.26429E+01 5.69277E-02
8.21445E+01 5.70492E-02
8.16256E+01 5.71765E-02
8.10873E+01 5.73118E-02
8.05307E+01 5.74537E-02
7.99570E+01 5.76017E-02
7.93674E+01 5.77570E-02
7.87631E+01 5.79186E-02
7.81454E+01 5.80873E-02
7.75159E+01 5.82630E-02
7.68759E+01 5.84439E-02
7.62270E+01 5.86322E-02
7.55706E+01 5.88267E-02
7.49086E+01 5.90274E-02
7.42424E+01 5.92330E-02
7.35740E+01 5.94446E-02
7.29050E+01 5.96622E-02
7.22373E+01 5.98844E-02
7.15728E+01 6.01114E-02
7.09135E+01 6.03439E-02
7.02612E+01 6.05805E-02
6.96182E+01 6.08206E-02
6.89863E+01 6.10665E-02
6.83676E+01 6.13156E-02
6.77642E+01 6.15688E-02
6.71783E+01 6.18241E-02
6.66118E+01 6.20819E-02
6.60670E+01 6.23425E-02
6.55457E+01 6.26028E-02
6.50501E+01 6.28618E-02
6.45821E+01 6.31197E-02
6.41435E+01 6.33713E-02
6.37363E+01 6.36159E-02
6.33622E+01 6.38515E-02
6.30227E+01 6.40732E-02
6.27194E+01 6.42786E-02
6.24536E+01 6.44658E-02
6.22266E+01 6.46297E-02
6.20393E+01 6.47684E-02
6.18928E+01 6.48797E-02
6.17876E+01 6.49606E-02
6.17243E+01 6.50099E-02
6.17031E+01 6.50265E-02
