Will plot unflagged data


File # 1  = raise.vis
raise.vis 4.7863 GHz
Read 121 visibilities from all files

Baseline 4-5, plot 121 points
7.25234E+00 5.76884E-01
7.25483E+00 5.76877E-01
7.26227E+00 5.76856E-01
7.27463E+00 5.76821E-01
7.29185E+00 5.76773E-01
7.31386E+00 5.76711E-01
7.34054E+00 5.76635E-01
7.37178E+00 5.76549E-01
7.40743E+00 5.76447E-01
7.44733E+00 5.76335E-01
7.49131E+00 5.76212E-01
7.53917E+00 5.76076E-01
7.59071E+00 5.75928E-01
7.64572E+00 5.75774E-01
7.70398E+00 5.75608E-01
7.76524E+00 5.75431E-01
7.82929E+00 5.75243E-01
7.89586E+00 5.75052E-01
7.96473E+00 5.74857E-01
8.03565E+00 5.74653E-01
8.10836E+00 5.74442E-01
8.18263E+00 5.74229E-01
8.25822E+00 5.74009E-01
8.33488E+00 5.73780E-01
8.41237E+00 5.73561E-01
8.49048E+00 5.73326E-01
8.56895E+00 5.73102E-01
8.64758E+00 5.72872E-01
8.72615E+00 5.72637E-01
8.80445E+00 5.72405E-01
8.88227E+00 5.72178E-01
8.95941E+00 5.71948E-01
9.03568E+00 5.71732E-01
9.11091E+00 5.71504E-01
9.18490E+00 5.71291E-01
9.25749E+00 5.71075E-01
9.32852E+00 5.70867E-01
9.39782E+00 5.70665E-01
9.46526E+00 5.70462E-01
9.53067E+00 5.70266E-01
9.59394E+00 5.70078E-01
9.65493E+00 5.69900E-01
9.71351E+00 5.69720E-01
9.76958E+00 5.69560E-01
9.82301E+00 5.69399E-01
9.87372E+00 5.69247E-01
9.92159E+00 5.69106E-01
9.96655E+00 5.68975E-01
1.00085E+01 5.68854E-01
1.00474E+01 5.68733E-01
1.00831E+01 5.68633E-01
1.01157E+01 5.68533E-01
1.01449E+01 5.68444E-01
1.01708E+01 5.68366E-01
1.01934E+01 5.68299E-01
1.02126E+01 5.68243E-01
1.02283E+01 5.68198E-01
1.02406E+01 5.68165E-01
1.02493E+01 5.68143E-01
1.02546E+01 5.68120E-01
1.02564E+01 5.68120E-01
1.02546E+01 5.68120E-01
1.02493E+01 5.68143E-01
1.02406E+01 5.68165E-01
1.02283E+01 5.68198E-01
1.02126E+01 5.68244E-01
1.01934E+01 5.68299E-01
1.01709E+01 5.68366E-01
1.01449E+01 5.68444E-01
1.01157E+01 5.68533E-01
1.00831E+01 5.68633E-01
1.00474E+01 5.68733E-01
1.00085E+01 5.68854E-01
9.96656E+00 5.68975E-01
9.92160E+00 5.69106E-01
9.87372E+00 5.69247E-01
9.82302E+00 5.69399E-01
9.76958E+00 5.69560E-01
9.71352E+00 5.69720E-01
9.65493E+00 5.69900E-01
9.59395E+00 5.70079E-01
9.53068E+00 5.70266E-01
9.46526E+00 5.70461E-01
9.39783E+00 5.70665E-01
9.32852E+00 5.70867E-01
9.25749E+00 5.71075E-01
9.18490E+00 5.71291E-01
9.11091E+00 5.71504E-01
9.03569E+00 5.71732E-01
8.95941E+00 5.71948E-01
8.88227E+00 5.72178E-01
8.80445E+00 5.72406E-01
8.72616E+00 5.72637E-01
8.64759E+00 5.72872E-01
8.56896E+00 5.73102E-01
8.49048E+00 5.73326E-01
8.41238E+00 5.73561E-01
8.33488E+00 5.73780E-01
8.25823E+00 5.74009E-01
8.18264E+00 5.74229E-01
8.10837E+00 5.74442E-01
8.03565E+00 5.74653E-01
7.96474E+00 5.74856E-01
7.89587E+00 5.75052E-01
7.82929E+00 5.75243E-01
7.76525E+00 5.75431E-01
7.70398E+00 5.75608E-01
7.64573E+00 5.75774E-01
7.59072E+00 5.75928E-01
7.53918E+00 5.76076E-01
7.49131E+00 5.76212E-01
7.44734E+00 5.76335E-01
7.40743E+00 5.76447E-01
7.37178E+00 5.76549E-01
7.34054E+00 5.76635E-01
7.31386E+00 5.76711E-01
7.29185E+00 5.76773E-01
7.27463E+00 5.76821E-01
7.26227E+00 5.76856E-01
7.25483E+00 5.76877E-01
7.25234E+00 5.76884E-01
