Will plot unflagged data


File # 1  = raise.vis
raise.vis 4.7863 GHz
Read 121 visibilities from all files

Baseline 4-5, plot 121 points
7.25234E+00 -1.96284E+00
7.25483E+00 -1.99887E+00
7.26227E+00 -2.03341E+00
7.27463E+00 -2.06541E+00
7.29185E+00 -2.09693E+00
7.31386E+00 -2.12691E+00
7.34054E+00 -2.15530E+00
7.37178E+00 -2.18311E+00
7.40743E+00 -2.20826E+00
7.44733E+00 -2.23279E+00
7.49131E+00 -2.25566E+00
7.53917E+00 -2.27670E+00
7.59071E+00 -2.29582E+00
7.64572E+00 -2.31407E+00
7.70398E+00 -2.33038E+00
7.76524E+00 -2.34475E+00
7.82929E+00 -2.35714E+00
7.89586E+00 -2.36858E+00
7.96473E+00 -2.37905E+00
8.03565E+00 -2.38749E+00
8.10836E+00 -2.39391E+00
8.18263E+00 -2.39930E+00
8.25822E+00 -2.40247E+00
8.33488E+00 -2.40341E+00
8.41237E+00 -2.40420E+00
8.49048E+00 -2.40173E+00
8.56895E+00 -2.39910E+00
8.64758E+00 -2.39422E+00
8.72615E+00 -2.38709E+00
8.80445E+00 -2.37873E+00
8.88227E+00 -2.36914E+00
8.95941E+00 -2.35727E+00
9.03568E+00 -2.34520E+00
9.11091E+00 -2.32984E+00
9.18490E+00 -2.31421E+00
9.25749E+00 -2.29621E+00
9.32852E+00 -2.27688E+00
9.39782E+00 -2.25622E+00
9.46526E+00 -2.23323E+00
9.53067E+00 -2.20893E+00
9.59394E+00 -2.18333E+00
9.65493E+00 -2.15645E+00
9.71351E+00 -2.12725E+00
9.76958E+00 -2.09781E+00
9.82301E+00 -2.06607E+00
9.87372E+00 -2.03309E+00
9.92159E+00 -1.99887E+00
9.96655E+00 -1.96342E+00
1.00085E+01 -1.92677E+00
1.00474E+01 -1.88790E+00
1.00831E+01 -1.84889E+00
1.01157E+01 -1.80770E+00
1.01449E+01 -1.76538E+00
1.01708E+01 -1.72195E+00
1.01934E+01 -1.67743E+00
1.02126E+01 -1.63186E+00
1.02283E+01 -1.58526E+00
1.02406E+01 -1.53766E+00
1.02493E+01 -1.48908E+00
1.02546E+01 -1.43853E+00
1.02564E+01 -1.38810E+00
1.02546E+01 -1.33577E+00
1.02493E+01 -1.28363E+00
1.02406E+01 -1.22966E+00
1.02283E+01 -1.17492E+00
1.02126E+01 -1.11946E+00
1.01934E+01 -1.06333E+00
1.01709E+01 -1.00655E+00
1.01449E+01 -9.49184E-01
1.01157E+01 -8.91269E-01
1.00831E+01 -8.32853E-01
1.00474E+01 -7.72952E-01
1.00085E+01 -7.13675E-01
9.96656E+00 -6.53009E-01
9.92160E+00 -5.92034E-01
9.87372E+00 -5.30801E-01
9.82302E+00 -4.69361E-01
9.76958E+00 -4.07765E-01
9.71352E+00 -3.45031E-01
9.65493E+00 -2.83281E-01
9.59395E+00 -2.20500E-01
9.53068E+00 -1.57774E-01
9.46526E+00 -9.51573E-02
9.39783E+00 -3.27022E-02
9.32852E+00 3.05720E-02
9.25749E+00 9.35849E-02
9.18490E+00 1.56291E-01
9.11091E+00 2.19677E-01
9.03569E+00 2.81583E-01
8.95941E+00 3.44977E-01
8.88227E+00 4.06728E-01
8.80445E+00 4.68845E-01
8.72616E+00 5.30246E-01
8.64759E+00 5.90877E-01
8.56896E+00 6.51716E-01
8.49048E+00 7.12709E-01
8.41238E+00 7.71732E-01
8.33488E+00 8.31835E-01
8.25823E+00 8.89875E-01
8.18264E+00 9.47881E-01
8.10837E+00 1.00581E+00
8.03565E+00 1.06245E+00
7.96474E+00 1.11875E+00
7.89587E+00 1.17466E+00
7.82929E+00 1.22913E+00
7.76525E+00 1.28210E+00
7.70398E+00 1.33455E+00
7.64573E+00 1.38643E+00
7.59072E+00 1.43771E+00
7.53918E+00 1.48731E+00
7.49131E+00 1.53624E+00
7.44734E+00 1.58441E+00
7.40743E+00 1.63162E+00
7.37178E+00 1.67682E+00
7.34054E+00 1.72204E+00
7.31386E+00 1.76518E+00
7.29185E+00 1.80723E+00
7.27463E+00 1.84815E+00
7.26227E+00 1.88688E+00
7.25483E+00 1.92545E+00
7.25234E+00 1.96283E+00
