Will plot unflagged data


File # 1  = raise.vis
raise.vis 15.1356 GHz
Read 121 visibilities from all files

Baseline 1-2, plot 121 points
5.46046E+00 -1.16254E+00
5.46233E+00 -1.18362E+00
5.46793E+00 -1.20382E+00
5.47724E+00 -1.22315E+00
5.49021E+00 -1.24259E+00
5.50677E+00 -1.26009E+00
5.52686E+00 -1.27663E+00
5.55038E+00 -1.29324E+00
5.57723E+00 -1.30782E+00
5.60727E+00 -1.32243E+00
5.64038E+00 -1.33599E+00
5.67642E+00 -1.34850E+00
5.71522E+00 -1.35993E+00
5.75664E+00 -1.37027E+00
5.80050E+00 -1.37950E+00
5.84663E+00 -1.38863E+00
5.89485E+00 -1.39662E+00
5.94498E+00 -1.40347E+00
5.99683E+00 -1.40910E+00
6.05022E+00 -1.41451E+00
6.10497E+00 -1.41762E+00
6.16090E+00 -1.42049E+00
6.21781E+00 -1.42311E+00
6.27552E+00 -1.42340E+00
6.33387E+00 -1.42343E+00
6.39268E+00 -1.42318E+00
6.45176E+00 -1.42058E+00
6.51097E+00 -1.41768E+00
6.57012E+00 -1.41345E+00
6.62907E+00 -1.40890E+00
6.68766E+00 -1.40301E+00
6.74575E+00 -1.39678E+00
6.80317E+00 -1.38817E+00
6.85981E+00 -1.38025E+00
6.91552E+00 -1.36994E+00
6.97018E+00 -1.35929E+00
7.02366E+00 -1.34830E+00
7.07584E+00 -1.33594E+00
7.12661E+00 -1.32222E+00
7.17587E+00 -1.30816E+00
7.22350E+00 -1.29272E+00
7.26942E+00 -1.27693E+00
7.31353E+00 -1.26078E+00
7.35574E+00 -1.24224E+00
7.39597E+00 -1.22438E+00
7.43415E+00 -1.20413E+00
7.47020E+00 -1.18460E+00
7.50405E+00 -1.16270E+00
7.53564E+00 -1.14153E+00
7.56492E+00 -1.11800E+00
7.59183E+00 -1.09523E+00
7.61631E+00 -1.07117E+00
7.63834E+00 -1.04582E+00
7.65787E+00 -1.02024E+00
7.67486E+00 -9.93408E-01
7.68929E+00 -9.66367E-01
7.70113E+00 -9.39138E-01
7.71036E+00 -9.10705E-01
7.71696E+00 -8.82118E-01
7.72093E+00 -8.52364E-01
7.72225E+00 -8.22496E-01
7.72093E+00 -7.91502E-01
7.71696E+00 -7.60434E-01
7.71036E+00 -7.28282E-01
7.70113E+00 -6.96102E-01
7.68929E+00 -6.62885E-01
7.67486E+00 -6.29687E-01
7.65787E+00 -5.96533E-01
7.63834E+00 -5.62416E-01
7.61631E+00 -5.28394E-01
7.59183E+00 -4.93462E-01
7.56492E+00 -4.57646E-01
7.53564E+00 -4.23039E-01
7.50405E+00 -3.86573E-01
7.47020E+00 -3.51371E-01
7.43415E+00 -3.14369E-01
7.39598E+00 -2.78688E-01
7.35574E+00 -2.41267E-01
7.31353E+00 -2.05224E-01
7.26942E+00 -1.67502E-01
7.22351E+00 -1.30188E-01
7.17587E+00 -9.33112E-02
7.12661E+00 -5.58950E-02
7.07584E+00 -1.90092E-02
7.02366E+00 1.83403E-02
6.97018E+00 5.61222E-02
6.91553E+00 9.32729E-02
6.85982E+00 1.29758E-01
6.80318E+00 1.67605E-01
6.74575E+00 2.03688E-01
6.68767E+00 2.41067E-01
6.62908E+00 2.77643E-01
6.57013E+00 3.14414E-01
6.51097E+00 3.50313E-01
6.45177E+00 3.86337E-01
6.39268E+00 4.21420E-01
6.33388E+00 4.57590E-01
6.27553E+00 4.92749E-01
6.21781E+00 5.26863E-01
6.16090E+00 5.61963E-01
6.10498E+00 5.95954E-01
6.05023E+00 6.28807E-01
5.99683E+00 6.62552E-01
5.94498E+00 6.95106E-01
5.89485E+00 7.27434E-01
5.84663E+00 7.59454E-01
5.80051E+00 7.91142E-01
5.75665E+00 8.21436E-01
5.71523E+00 8.51340E-01
5.67642E+00 8.80822E-01
5.64038E+00 9.09854E-01
5.60727E+00 9.38403E-01
5.57723E+00 9.66439E-01
5.55039E+00 9.92898E-01
5.52687E+00 1.01982E+00
5.50677E+00 1.04509E+00
5.49021E+00 1.06974E+00
5.47724E+00 1.09476E+00
5.46793E+00 1.11806E+00
5.46233E+00 1.14066E+00
5.46046E+00 1.16253E+00
