Will plot unflagged data


File # 1  = raise.vis
raise.vis 0.1514 GHz
Read 121 visibilities from all files

Baseline 2-5, plot 121 points
9.39198E-01 -6.80481E-02
9.39520E-01 -6.95184E-02
9.40484E-01 -7.09402E-02
9.42085E-01 -7.12860E-02
9.44315E-01 -7.26057E-02
9.47165E-01 -7.38720E-02
9.50621E-01 -7.50834E-02
9.54666E-01 -7.52117E-02
9.59283E-01 -7.63085E-02
9.64450E-01 -7.73458E-02
9.70146E-01 -7.83222E-02
9.76344E-01 -7.92365E-02
9.83019E-01 -8.00871E-02
9.90143E-01 -7.98457E-02
9.97687E-01 -8.05653E-02
1.00562E+00 -8.12177E-02
1.01391E+00 -8.18016E-02
1.02254E+00 -8.23160E-02
1.03145E+00 -8.27599E-02
1.04064E+00 -8.31321E-02
1.05006E+00 -8.34318E-02
1.05967E+00 -8.36580E-02
1.06946E+00 -8.38098E-02
1.07939E+00 -8.38866E-02
1.08943E+00 -8.38875E-02
1.09954E+00 -8.38117E-02
1.10970E+00 -8.36588E-02
1.11989E+00 -8.34280E-02
1.13006E+00 -8.31189E-02
1.14020E+00 -8.27308E-02
1.15028E+00 -8.22635E-02
1.16027E+00 -8.17164E-02
1.17015E+00 -8.10894E-02
1.17989E+00 -8.14111E-02
1.18947E+00 -8.06233E-02
1.19887E+00 -7.97548E-02
1.20807E+00 -7.88055E-02
1.21704E+00 -7.88048E-02
1.22578E+00 -7.76938E-02
1.23425E+00 -7.65022E-02
1.24244E+00 -7.62593E-02
1.25034E+00 -7.49065E-02
1.25793E+00 -7.34734E-02
1.26519E+00 -7.29900E-02
1.27211E+00 -7.13973E-02
1.27867E+00 -7.07550E-02
1.28487E+00 -6.90042E-02
1.29070E+00 -6.82049E-02
1.29613E+00 -6.73278E-02
1.30117E+00 -6.53438E-02
1.30579E+00 -6.43132E-02
1.31001E+00 -6.32067E-02
1.31379E+00 -6.09953E-02
1.31715E+00 -5.97396E-02
1.32008E+00 -5.84106E-02
1.32256E+00 -5.70091E-02
1.32459E+00 -5.55361E-02
1.32618E+00 -5.29628E-02
1.32732E+00 -5.13500E-02
1.32800E+00 -4.96688E-02
1.32823E+00 -4.79205E-02
1.32800E+00 -4.61063E-02
1.32732E+00 -4.42273E-02
1.32618E+00 -4.22849E-02
1.32459E+00 -4.13104E-02
1.32256E+00 -3.92452E-02
1.32008E+00 -3.71207E-02
1.31715E+00 -3.49384E-02
1.31379E+00 -3.26997E-02
1.31001E+00 -3.14360E-02
1.30579E+00 -2.90893E-02
1.30117E+00 -2.66909E-02
1.29613E+00 -2.52723E-02
1.29070E+00 -2.27756E-02
1.28487E+00 -2.02323E-02
1.27867E+00 -1.86739E-02
1.27211E+00 -1.60426E-02
1.26519E+00 -1.43997E-02
1.25793E+00 -1.16878E-02
1.25034E+00 -9.96777E-03
1.24244E+00 -8.21201E-03
1.23425E+00 -5.39292E-03
1.22578E+00 -3.57141E-03
1.21704E+00 -1.71991E-03
1.20807E+00 1.18889E-03
1.19887E+00 3.09436E-03
1.18947E+00 5.02380E-03
1.17989E+00 6.97526E-03
1.17015E+00 9.97571E-03
1.16027E+00 1.19649E-02
1.15028E+00 1.39700E-02
1.14020E+00 1.59887E-02
1.13006E+00 1.80191E-02
1.11989E+00 2.00591E-02
1.10970E+00 2.21065E-02
1.09954E+00 2.41594E-02
1.08943E+00 2.62154E-02
1.07939E+00 2.82725E-02
1.06946E+00 3.03287E-02
1.05967E+00 3.23818E-02
1.05006E+00 3.44296E-02
1.04064E+00 3.64702E-02
1.03146E+00 3.85013E-02
1.02254E+00 4.05210E-02
1.01391E+00 4.25270E-02
1.00562E+00 4.45173E-02
9.97687E-01 4.64900E-02
9.90143E-01 4.84428E-02
9.83019E-01 4.93465E-02
9.76344E-01 5.12537E-02
9.70146E-01 5.31351E-02
9.64451E-01 5.49885E-02
9.59283E-01 5.68121E-02
9.54666E-01 5.86040E-02
9.50621E-01 5.93357E-02
9.47165E-01 6.10583E-02
9.44315E-01 6.27434E-02
9.42085E-01 6.43891E-02
9.40484E-01 6.49679E-02
9.39520E-01 6.65296E-02
9.39198E-01 6.80465E-02
