Will plot unflagged data


File # 1  = raise.vis
raise.vis 15.1356 GHz
Read 121 visibilities from all files

Baseline 1-2, plot 121 points
5.46046E+00 6.92856E-03
5.46233E+00 6.92856E-03
5.46793E+00 6.92855E-03
5.47724E+00 6.92854E-03
5.49021E+00 6.92853E-03
5.50677E+00 6.92852E-03
5.52686E+00 6.92851E-03
5.55038E+00 6.92849E-03
5.57723E+00 6.92847E-03
5.60727E+00 6.92845E-03
5.64038E+00 6.92842E-03
5.67642E+00 6.92840E-03
5.71522E+00 6.92837E-03
5.75664E+00 6.92833E-03
5.80050E+00 6.92830E-03
5.84663E+00 6.92827E-03
5.89485E+00 6.92823E-03
5.94498E+00 6.92819E-03
5.99683E+00 6.92815E-03
6.05022E+00 6.92811E-03
6.10497E+00 6.92806E-03
6.16090E+00 6.92801E-03
6.21781E+00 6.92797E-03
6.27552E+00 6.92792E-03
6.33387E+00 6.92788E-03
6.39268E+00 6.92782E-03
6.45176E+00 6.92777E-03
6.51097E+00 6.92772E-03
6.57012E+00 6.92766E-03
6.62907E+00 6.92761E-03
6.68766E+00 6.92756E-03
6.74575E+00 6.92751E-03
6.80317E+00 6.92745E-03
6.85981E+00 6.92741E-03
6.91552E+00 6.92735E-03
6.97018E+00 6.92731E-03
7.02366E+00 6.92725E-03
7.07584E+00 6.92720E-03
7.12661E+00 6.92715E-03
7.17587E+00 6.92711E-03
7.22350E+00 6.92706E-03
7.26942E+00 6.92702E-03
7.31353E+00 6.92697E-03
7.35574E+00 6.92693E-03
7.39597E+00 6.92689E-03
7.43415E+00 6.92685E-03
7.47020E+00 6.92682E-03
7.50405E+00 6.92678E-03
7.53564E+00 6.92676E-03
7.56492E+00 6.92673E-03
7.59183E+00 6.92670E-03
7.61631E+00 6.92667E-03
7.63834E+00 6.92666E-03
7.65787E+00 6.92663E-03
7.67486E+00 6.92661E-03
7.68929E+00 6.92660E-03
7.70113E+00 6.92658E-03
7.71036E+00 6.92657E-03
7.71696E+00 6.92657E-03
7.72093E+00 6.92657E-03
7.72225E+00 6.92657E-03
7.72093E+00 6.92657E-03
7.71696E+00 6.92657E-03
7.71036E+00 6.92657E-03
7.70113E+00 6.92658E-03
7.68929E+00 6.92660E-03
7.67486E+00 6.92661E-03
7.65787E+00 6.92663E-03
7.63834E+00 6.92666E-03
7.61631E+00 6.92667E-03
7.59183E+00 6.92670E-03
7.56492E+00 6.92673E-03
7.53564E+00 6.92676E-03
7.50405E+00 6.92678E-03
7.47020E+00 6.92682E-03
7.43415E+00 6.92685E-03
7.39598E+00 6.92689E-03
7.35574E+00 6.92693E-03
7.31353E+00 6.92697E-03
7.26942E+00 6.92702E-03
7.22351E+00 6.92706E-03
7.17587E+00 6.92711E-03
7.12661E+00 6.92715E-03
7.07584E+00 6.92720E-03
7.02366E+00 6.92725E-03
6.97018E+00 6.92731E-03
6.91553E+00 6.92735E-03
6.85982E+00 6.92741E-03
6.80318E+00 6.92745E-03
6.74575E+00 6.92751E-03
6.68767E+00 6.92756E-03
6.62908E+00 6.92761E-03
6.57013E+00 6.92766E-03
6.51097E+00 6.92772E-03
6.45177E+00 6.92777E-03
6.39268E+00 6.92782E-03
6.33388E+00 6.92788E-03
6.27553E+00 6.92792E-03
6.21781E+00 6.92797E-03
6.16090E+00 6.92801E-03
6.10498E+00 6.92806E-03
6.05023E+00 6.92811E-03
5.99683E+00 6.92815E-03
5.94498E+00 6.92819E-03
5.89485E+00 6.92823E-03
5.84663E+00 6.92827E-03
5.80051E+00 6.92830E-03
5.75665E+00 6.92833E-03
5.71523E+00 6.92837E-03
5.67642E+00 6.92840E-03
5.64038E+00 6.92842E-03
5.60727E+00 6.92845E-03
5.57723E+00 6.92847E-03
5.55039E+00 6.92849E-03
5.52687E+00 6.92851E-03
5.50677E+00 6.92852E-03
5.49021E+00 6.92853E-03
5.47724E+00 6.92854E-03
5.46793E+00 6.92855E-03
5.46233E+00 6.92856E-03
5.46046E+00 6.92856E-03
