Will plot unflagged data


File # 1  = raise.vis
raise.vis 15.1356 GHz
Read 121 visibilities from all files

Baseline 1-2, plot 121 points
5.46046E+00 -3.95625E-01
5.46233E+00 -4.02955E-01
5.46793E+00 -4.09997E-01
5.47724E+00 -4.16744E-01
5.49021E+00 -4.23185E-01
5.50677E+00 -4.29312E-01
5.52686E+00 -4.35116E-01
5.55038E+00 -4.40588E-01
5.57723E+00 -4.45721E-01
5.60727E+00 -4.50507E-01
5.64038E+00 -4.54936E-01
5.67642E+00 -4.59002E-01
5.71522E+00 -4.62698E-01
5.75664E+00 -4.66015E-01
5.80050E+00 -4.69980E-01
5.84663E+00 -4.72520E-01
5.89485E+00 -4.75695E-01
5.94498E+00 -4.77433E-01
5.99683E+00 -4.79793E-01
6.05022E+00 -4.81737E-01
6.10497E+00 -4.82226E-01
6.16090E+00 -4.83321E-01
6.21781E+00 -4.83985E-01
6.27552E+00 -4.84212E-01
6.33387E+00 -4.85031E-01
6.39268E+00 -4.84372E-01
6.45176E+00 -4.83265E-01
6.51097E+00 -4.82738E-01
6.57012E+00 -4.80724E-01
6.62907E+00 -4.79284E-01
6.68766E+00 -4.77384E-01
6.74575E+00 -4.75021E-01
6.80317E+00 -4.72194E-01
6.85981E+00 -4.69933E-01
6.91552E+00 -4.66172E-01
6.97018E+00 -4.62976E-01
7.02366E+00 -4.58277E-01
7.07584E+00 -4.54142E-01
7.12661E+00 -4.49538E-01
7.17587E+00 -4.45497E-01
7.22350E+00 -4.39956E-01
7.26942E+00 -4.34979E-01
7.31353E+00 -4.28504E-01
7.35574E+00 -4.22597E-01
7.39597E+00 -4.16227E-01
7.43415E+00 -4.09396E-01
7.47020E+00 -4.03140E-01
7.50405E+00 -3.95397E-01
7.53564E+00 -3.88235E-01
7.56492E+00 -3.80623E-01
7.59183E+00 -3.72568E-01
7.61631E+00 -3.64072E-01
7.63834E+00 -3.56171E-01
7.65787E+00 -3.46808E-01
7.67486E+00 -3.38049E-01
7.68929E+00 -3.28870E-01
7.70113E+00 -3.19275E-01
7.71036E+00 -3.09270E-01
7.71696E+00 -2.99893E-01
7.72093E+00 -2.90119E-01
7.72225E+00 -2.79954E-01
7.72093E+00 -2.69406E-01
7.71696E+00 -2.58482E-01
7.71036E+00 -2.47189E-01
7.70113E+00 -2.36567E-01
7.68929E+00 -2.25591E-01
7.67486E+00 -2.14271E-01
7.65787E+00 -2.02614E-01
7.63834E+00 -1.91661E-01
7.61631E+00 -1.79358E-01
7.59183E+00 -1.67777E-01
7.56492E+00 -1.55897E-01
7.53564E+00 -1.43725E-01
7.50405E+00 -1.31273E-01
7.47020E+00 -1.19582E-01
7.43415E+00 -1.06599E-01
7.39598E+00 -9.43967E-02
7.35574E+00 -8.19550E-02
7.31353E+00 -6.92842E-02
7.26942E+00 -5.74274E-02
7.22351E+00 -4.43310E-02
7.17587E+00 -3.20707E-02
7.12661E+00 -1.85929E-02
7.07584E+00 -5.97400E-03
7.02366E+00 6.80712E-03
6.97018E+00 1.87061E-02
6.91553E+00 3.17767E-02
6.85982E+00 4.39417E-02
6.80318E+00 5.72547E-02
6.74575E+00 6.96383E-02
6.68767E+00 8.21132E-02
6.62908E+00 9.46673E-02
6.57013E+00 1.07289E-01
6.51097E+00 1.18932E-01
6.45177E+00 1.31651E-01
6.39268E+00 1.43368E-01
6.33388E+00 1.55103E-01
6.27553E+00 1.67877E-01
6.21781E+00 1.79612E-01
6.16090E+00 1.91329E-01
6.10498E+00 2.03015E-01
6.05023E+00 2.13626E-01
5.99683E+00 2.25215E-01
5.94498E+00 2.36736E-01
5.89485E+00 2.47146E-01
5.84663E+00 2.58498E-01
5.80051E+00 2.68715E-01
5.75665E+00 2.79849E-01
5.71523E+00 2.89824E-01
5.67642E+00 2.99663E-01
5.64038E+00 3.09352E-01
5.60727E+00 3.18880E-01
5.57723E+00 3.28237E-01
5.55039E+00 3.37411E-01
5.52687E+00 3.46392E-01
5.50677E+00 3.55168E-01
5.49021E+00 3.63730E-01
5.47724E+00 3.72066E-01
5.46793E+00 3.80167E-01
5.46233E+00 3.88023E-01
5.46046E+00 3.95624E-01
