Will plot unflagged data


File # 1  = raise.vis
raise.vis 15.1356 GHz
Read 121 visibilities from all files

Baseline 1-2, plot 121 points
5.46046E+00 -6.68503E-01
5.46233E+00 -6.80708E-01
5.46793E+00 -6.92422E-01
5.47724E+00 -7.03630E-01
5.49021E+00 -7.14320E-01
5.50677E+00 -7.24477E-01
5.52686E+00 -7.34087E-01
5.55038E+00 -7.43137E-01
5.57723E+00 -7.52645E-01
5.60727E+00 -7.60536E-01
5.64038E+00 -7.67826E-01
5.67642E+00 -7.75536E-01
5.71522E+00 -7.81589E-01
5.75664E+00 -7.88038E-01
5.80050E+00 -7.93838E-01
5.84663E+00 -7.98978E-01
5.89485E+00 -8.03447E-01
5.94498E+00 -8.07234E-01
5.99683E+00 -8.10330E-01
6.05022E+00 -8.12724E-01
6.10497E+00 -8.15442E-01
6.16090E+00 -8.16408E-01
6.21781E+00 -8.17679E-01
6.27552E+00 -8.18217E-01
6.33387E+00 -8.18013E-01
6.39268E+00 -8.18094E-01
6.45176E+00 -8.16390E-01
6.51097E+00 -8.14958E-01
6.57012E+00 -8.12763E-01
6.62907E+00 -8.09800E-01
6.68766E+00 -8.07094E-01
6.74575E+00 -8.02586E-01
6.80317E+00 -7.98328E-01
6.85981E+00 -7.93282E-01
6.91552E+00 -7.88465E-01
6.97018E+00 -7.81823E-01
7.02366E+00 -7.75410E-01
7.07584E+00 -7.68200E-01
7.12661E+00 -7.60193E-01
7.17587E+00 -7.52419E-01
7.22350E+00 -7.43851E-01
7.26942E+00 -7.34491E-01
7.31353E+00 -7.24341E-01
7.35574E+00 -7.14435E-01
7.39597E+00 -7.03746E-01
7.43415E+00 -6.92278E-01
7.47020E+00 -6.81067E-01
7.50405E+00 -6.69087E-01
7.53564E+00 -6.56342E-01
7.56492E+00 -6.42839E-01
7.59183E+00 -6.29617E-01
7.61631E+00 -6.15650E-01
7.63834E+00 -6.01978E-01
7.65787E+00 -5.86544E-01
7.67486E+00 -5.71423E-01
7.68929E+00 -5.55589E-01
7.70113E+00 -5.40086E-01
7.71036E+00 -5.23891E-01
7.71696E+00 -5.07014E-01
7.72093E+00 -4.90498E-01
7.72225E+00 -4.72290E-01
7.72093E+00 -4.55499E-01
7.71696E+00 -4.37041E-01
7.71036E+00 -4.18991E-01
7.70113E+00 -4.00332E-01
7.68929E+00 -3.81076E-01
7.67486E+00 -3.62269E-01
7.65787E+00 -3.42895E-01
7.63834E+00 -3.23999E-01
7.61631E+00 -3.03532E-01
7.59183E+00 -2.83575E-01
7.56492E+00 -2.63110E-01
7.53564E+00 -2.43185E-01
7.50405E+00 -2.22786E-01
7.47020E+00 -2.01928E-01
7.43415E+00 -1.80629E-01
7.39598E+00 -1.59938E-01
7.35574E+00 -1.38840E-01
7.31353E+00 -1.17354E-01
7.26942E+00 -9.65279E-02
7.22351E+00 -7.53493E-02
7.17587E+00 -5.38364E-02
7.12661E+00 -3.20084E-02
7.07584E+00 -1.09131E-02
7.02366E+00 1.04605E-02
6.97018E+00 3.20932E-02
6.91553E+00 5.29386E-02
6.85982E+00 7.50325E-02
6.80318E+00 9.63018E-02
6.74575E+00 1.17746E-01
6.68767E+00 1.38310E-01
6.62908E+00 1.60028E-01
6.57013E+00 1.80824E-01
6.51097E+00 2.01707E-01
6.45177E+00 2.22657E-01
6.39268E+00 2.42622E-01
6.33388E+00 2.63645E-01
6.27553E+00 2.83643E-01
6.21781E+00 3.03626E-01
6.16090E+00 3.23575E-01
6.10498E+00 3.42437E-01
6.05023E+00 3.62257E-01
5.99683E+00 3.80949E-01
5.94498E+00 3.99525E-01
5.89485E+00 4.17966E-01
5.84663E+00 4.36252E-01
5.80051E+00 4.54362E-01
5.75665E+00 4.72277E-01
5.71523E+00 4.89977E-01
5.67642E+00 5.06409E-01
5.64038E+00 5.23620E-01
5.60727E+00 5.39526E-01
5.57723E+00 5.55141E-01
5.55039E+00 5.71478E-01
5.52687E+00 5.86456E-01
5.50677E+00 6.01089E-01
5.49021E+00 6.15359E-01
5.47724E+00 6.29252E-01
5.46793E+00 6.42749E-01
5.46233E+00 6.55837E-01
5.46046E+00 6.68500E-01
