Will plot unflagged data


File # 1  = raise.vis
raise.vis 15.1356 GHz
Read 121 visibilities from all files

Baseline 1-2, plot 121 points
5.46046E+00 3.38280E-02
5.46233E+00 3.38280E-02
5.46793E+00 3.38279E-02
5.47724E+00 3.38278E-02
5.49021E+00 3.38276E-02
5.50677E+00 3.38274E-02
5.52686E+00 3.38271E-02
5.55038E+00 3.38268E-02
5.57723E+00 3.38264E-02
5.60727E+00 3.38260E-02
5.64038E+00 3.38255E-02
5.67642E+00 3.38250E-02
5.71522E+00 3.38244E-02
5.75664E+00 3.38238E-02
5.80050E+00 3.38232E-02
5.84663E+00 3.38225E-02
5.89485E+00 3.38218E-02
5.94498E+00 3.38210E-02
5.99683E+00 3.38202E-02
6.05022E+00 3.38194E-02
6.10497E+00 3.38185E-02
6.16090E+00 3.38176E-02
6.21781E+00 3.38167E-02
6.27552E+00 3.38158E-02
6.33387E+00 3.38148E-02
6.39268E+00 3.38139E-02
6.45176E+00 3.38129E-02
6.51097E+00 3.38120E-02
6.57012E+00 3.38110E-02
6.62907E+00 3.38100E-02
6.68766E+00 3.38091E-02
6.74575E+00 3.38080E-02
6.80317E+00 3.38070E-02
6.85981E+00 3.38060E-02
6.91552E+00 3.38052E-02
6.97018E+00 3.38041E-02
7.02366E+00 3.38032E-02
7.07584E+00 3.38023E-02
7.12661E+00 3.38013E-02
7.17587E+00 3.38005E-02
7.22350E+00 3.37996E-02
7.26942E+00 3.37988E-02
7.31353E+00 3.37979E-02
7.35574E+00 3.37972E-02
7.39597E+00 3.37964E-02
7.43415E+00 3.37957E-02
7.47020E+00 3.37951E-02
7.50405E+00 3.37944E-02
7.53564E+00 3.37938E-02
7.56492E+00 3.37932E-02
7.59183E+00 3.37927E-02
7.61631E+00 3.37922E-02
7.63834E+00 3.37919E-02
7.65787E+00 3.37914E-02
7.67486E+00 3.37911E-02
7.68929E+00 3.37908E-02
7.70113E+00 3.37906E-02
7.71036E+00 3.37905E-02
7.71696E+00 3.37903E-02
7.72093E+00 3.37903E-02
7.72225E+00 3.37901E-02
7.72093E+00 3.37903E-02
7.71696E+00 3.37903E-02
7.71036E+00 3.37905E-02
7.70113E+00 3.37906E-02
7.68929E+00 3.37908E-02
7.67486E+00 3.37911E-02
7.65787E+00 3.37914E-02
7.63834E+00 3.37919E-02
7.61631E+00 3.37922E-02
7.59183E+00 3.37927E-02
7.56492E+00 3.37932E-02
7.53564E+00 3.37938E-02
7.50405E+00 3.37944E-02
7.47020E+00 3.37951E-02
7.43415E+00 3.37957E-02
7.39598E+00 3.37964E-02
7.35574E+00 3.37972E-02
7.31353E+00 3.37979E-02
7.26942E+00 3.37988E-02
7.22351E+00 3.37996E-02
7.17587E+00 3.38005E-02
7.12661E+00 3.38013E-02
7.07584E+00 3.38023E-02
7.02366E+00 3.38032E-02
6.97018E+00 3.38041E-02
6.91553E+00 3.38052E-02
6.85982E+00 3.38060E-02
6.80318E+00 3.38070E-02
6.74575E+00 3.38080E-02
6.68767E+00 3.38091E-02
6.62908E+00 3.38100E-02
6.57013E+00 3.38110E-02
6.51097E+00 3.38120E-02
6.45177E+00 3.38129E-02
6.39268E+00 3.38139E-02
6.33388E+00 3.38148E-02
6.27553E+00 3.38158E-02
6.21781E+00 3.38167E-02
6.16090E+00 3.38176E-02
6.10498E+00 3.38185E-02
6.05023E+00 3.38194E-02
5.99683E+00 3.38202E-02
5.94498E+00 3.38210E-02
5.89485E+00 3.38218E-02
5.84663E+00 3.38225E-02
5.80051E+00 3.38232E-02
5.75665E+00 3.38238E-02
5.71523E+00 3.38244E-02
5.67642E+00 3.38250E-02
5.64038E+00 3.38255E-02
5.60727E+00 3.38260E-02
5.57723E+00 3.38264E-02
5.55039E+00 3.38268E-02
5.52687E+00 3.38271E-02
5.50677E+00 3.38274E-02
5.49021E+00 3.38276E-02
5.47724E+00 3.38278E-02
5.46793E+00 3.38279E-02
5.46233E+00 3.38280E-02
5.46046E+00 3.38280E-02
