Will plot unflagged data


File # 1  = raise.vis
raise.vis 4.7863 GHz
Read 121 visibilities from all files

Baseline 3-4, plot 121 points
4.66222E+00 1.26040E+00
4.66382E+00 1.26038E+00
4.66860E+00 1.26032E+00
4.67655E+00 1.26023E+00
4.68762E+00 1.26010E+00
4.70177E+00 1.25993E+00
4.71892E+00 1.25972E+00
4.73900E+00 1.25948E+00
4.76192E+00 1.25921E+00
4.78757E+00 1.25891E+00
4.81584E+00 1.25857E+00
4.84661E+00 1.25820E+00
4.87974E+00 1.25780E+00
4.91511E+00 1.25738E+00
4.95256E+00 1.25693E+00
4.99194E+00 1.25646E+00
5.03311E+00 1.25596E+00
5.07591E+00 1.25545E+00
5.12018E+00 1.25492E+00
5.16577E+00 1.25437E+00
5.21252E+00 1.25382E+00
5.26026E+00 1.25324E+00
5.30886E+00 1.25266E+00
5.35814E+00 1.25206E+00
5.40795E+00 1.25146E+00
5.45816E+00 1.25085E+00
5.50861E+00 1.25024E+00
5.55916E+00 1.24963E+00
5.60967E+00 1.24902E+00
5.66000E+00 1.24841E+00
5.71003E+00 1.24782E+00
5.75962E+00 1.24723E+00
5.80865E+00 1.24664E+00
5.85701E+00 1.24605E+00
5.90458E+00 1.24549E+00
5.95124E+00 1.24491E+00
5.99690E+00 1.24438E+00
6.04146E+00 1.24384E+00
6.08481E+00 1.24332E+00
6.12686E+00 1.24281E+00
6.16753E+00 1.24233E+00
6.20674E+00 1.24187E+00
6.24440E+00 1.24141E+00
6.28044E+00 1.24099E+00
6.31479E+00 1.24059E+00
6.34739E+00 1.24020E+00
6.37817E+00 1.23982E+00
6.40707E+00 1.23949E+00
6.43404E+00 1.23917E+00
6.45904E+00 1.23886E+00
6.48201E+00 1.23861E+00
6.50292E+00 1.23835E+00
6.52173E+00 1.23812E+00
6.53840E+00 1.23794E+00
6.55291E+00 1.23776E+00
6.56523E+00 1.23761E+00
6.57534E+00 1.23751E+00
6.58322E+00 1.23740E+00
6.58886E+00 1.23735E+00
6.59224E+00 1.23730E+00
6.59337E+00 1.23727E+00
6.59224E+00 1.23730E+00
6.58886E+00 1.23735E+00
6.58322E+00 1.23740E+00
6.57534E+00 1.23751E+00
6.56523E+00 1.23761E+00
6.55291E+00 1.23776E+00
6.53840E+00 1.23794E+00
6.52173E+00 1.23812E+00
6.50292E+00 1.23835E+00
6.48201E+00 1.23861E+00
6.45904E+00 1.23886E+00
6.43405E+00 1.23917E+00
6.40707E+00 1.23949E+00
6.37817E+00 1.23982E+00
6.34739E+00 1.24020E+00
6.31480E+00 1.24059E+00
6.28044E+00 1.24099E+00
6.24440E+00 1.24141E+00
6.20674E+00 1.24187E+00
6.16754E+00 1.24233E+00
6.12686E+00 1.24281E+00
6.08481E+00 1.24332E+00
6.04146E+00 1.24384E+00
5.99691E+00 1.24438E+00
5.95125E+00 1.24491E+00
5.90458E+00 1.24549E+00
5.85701E+00 1.24605E+00
5.80865E+00 1.24664E+00
5.75962E+00 1.24723E+00
5.71003E+00 1.24782E+00
5.66000E+00 1.24841E+00
5.60967E+00 1.24902E+00
5.55916E+00 1.24963E+00
5.50861E+00 1.25024E+00
5.45817E+00 1.25085E+00
5.40796E+00 1.25146E+00
5.35814E+00 1.25206E+00
5.30886E+00 1.25266E+00
5.26027E+00 1.25324E+00
5.21252E+00 1.25382E+00
5.16577E+00 1.25437E+00
5.12019E+00 1.25492E+00
5.07591E+00 1.25545E+00
5.03311E+00 1.25596E+00
4.99194E+00 1.25646E+00
4.95256E+00 1.25693E+00
4.91511E+00 1.25738E+00
4.87975E+00 1.25780E+00
4.84661E+00 1.25820E+00
4.81584E+00 1.25857E+00
4.78757E+00 1.25891E+00
4.76192E+00 1.25921E+00
4.73900E+00 1.25948E+00
4.71892E+00 1.25972E+00
4.70177E+00 1.25993E+00
4.68762E+00 1.26010E+00
4.67655E+00 1.26023E+00
4.66860E+00 1.26032E+00
4.66382E+00 1.26038E+00
4.66222E+00 1.26040E+00
