Will plot unflagged data


File # 1  = raise.vis
raise.vis 4.7863 GHz
Read 121 visibilities from all files

Baseline 3-4, plot 121 points
4.66222E+00 -2.19363E+00
4.66382E+00 -2.23401E+00
4.66860E+00 -2.27168E+00
4.67655E+00 -2.30871E+00
4.68762E+00 -2.34405E+00
4.70177E+00 -2.37767E+00
4.71892E+00 -2.40953E+00
4.73900E+00 -2.43960E+00
4.76192E+00 -2.46788E+00
4.78757E+00 -2.49540E+00
4.81584E+00 -2.52090E+00
4.84661E+00 -2.54430E+00
4.87974E+00 -2.56560E+00
4.91511E+00 -2.58583E+00
4.95256E+00 -2.60393E+00
4.99194E+00 -2.61987E+00
5.03311E+00 -2.63468E+00
5.07591E+00 -2.64730E+00
5.12018E+00 -2.65878E+00
5.16577E+00 -2.66796E+00
5.21252E+00 -2.67572E+00
5.26026E+00 -2.68107E+00
5.30886E+00 -2.68504E+00
5.35814E+00 -2.68657E+00
5.40795E+00 -2.68670E+00
5.45816E+00 -2.68437E+00
5.50861E+00 -2.68060E+00
5.55916E+00 -2.67540E+00
5.60967E+00 -2.66773E+00
5.66000E+00 -2.65863E+00
5.71003E+00 -2.64794E+00
5.75962E+00 -2.63565E+00
5.80865E+00 -2.62075E+00
5.85701E+00 -2.60428E+00
5.90458E+00 -2.58624E+00
5.95124E+00 -2.56559E+00
5.99690E+00 -2.54441E+00
6.04146E+00 -2.52063E+00
6.08481E+00 -2.49529E+00
6.12686E+00 -2.46839E+00
6.16753E+00 -2.43994E+00
6.20674E+00 -2.40994E+00
6.24440E+00 -2.37738E+00
6.28044E+00 -2.34434E+00
6.31479E+00 -2.30977E+00
6.34739E+00 -2.27263E+00
6.37817E+00 -2.23395E+00
6.40707E+00 -2.19479E+00
6.43404E+00 -2.15312E+00
6.45904E+00 -2.10998E+00
6.48201E+00 -2.06644E+00
6.50292E+00 -2.02044E+00
6.52173E+00 -1.97307E+00
6.53840E+00 -1.92536E+00
6.55291E+00 -1.87529E+00
6.56523E+00 -1.82391E+00
6.57534E+00 -1.77230E+00
6.58322E+00 -1.71841E+00
6.58886E+00 -1.66435E+00
6.59224E+00 -1.60809E+00
6.59337E+00 -1.55070E+00
6.59224E+00 -1.49325E+00
6.58886E+00 -1.43474E+00
6.58322E+00 -1.37419E+00
6.57534E+00 -1.31370E+00
6.56523E+00 -1.25126E+00
6.55291E+00 -1.18897E+00
6.53840E+00 -1.12585E+00
6.52173E+00 -1.06091E+00
6.50292E+00 -9.96264E-01
6.48201E+00 -9.30933E-01
6.45904E+00 -8.63935E-01
6.43405E+00 -7.97385E-01
6.40707E+00 -7.30300E-01
6.37817E+00 -6.61702E-01
6.34739E+00 -5.93702E-01
6.31480E+00 -5.25319E-01
6.28044E+00 -4.55580E-01
6.24440E+00 -3.85617E-01
6.20674E+00 -3.16528E-01
6.16754E+00 -2.46314E-01
6.12686E+00 -1.76060E-01
6.08481E+00 -1.05827E-01
6.04146E+00 -3.56722E-02
5.99691E+00 3.43428E-02
5.95125E+00 1.05191E-01
5.90458E+00 1.74744E-01
5.85701E+00 2.45008E-01
5.80865E+00 3.14889E-01
5.75962E+00 3.84331E-01
5.71003E+00 4.54316E-01
5.66000E+00 5.23769E-01
5.60967E+00 5.92625E-01
5.55916E+00 6.60688E-01
5.50861E+00 7.28928E-01
5.45817E+00 7.96269E-01
5.40796E+00 8.62658E-01
5.35814E+00 9.29071E-01
5.30886E+00 9.94415E-01
5.26027E+00 1.05967E+00
5.21252E+00 1.12374E+00
5.16577E+00 1.18763E+00
5.12019E+00 1.25028E+00
5.07591E+00 1.31256E+00
5.03311E+00 1.37327E+00
4.99194E+00 1.43341E+00
4.95256E+00 1.49192E+00
4.91511E+00 1.54977E+00
4.87975E+00 1.60692E+00
4.84661E+00 1.66228E+00
4.81584E+00 1.71685E+00
4.78757E+00 1.77062E+00
4.76192E+00 1.82349E+00
4.73900E+00 1.87418E+00
4.71892E+00 1.92371E+00
4.70177E+00 1.97205E+00
4.68762E+00 2.01916E+00
4.67655E+00 2.06501E+00
4.66860E+00 2.10955E+00
4.66382E+00 2.15174E+00
4.66222E+00 2.19362E+00
