Will plot unflagged data


File # 1  = raise.vis
raise.vis 0.4786 GHz
Read 121 visibilities from all files

Baseline 1-4, plot 121 points
2.41745E+00 7.50683E-01
2.41827E+00 7.54838E-01
2.42076E+00 7.58993E-01
2.42488E+00 7.63148E-01
2.43062E+00 7.67304E-01
2.43795E+00 7.71459E-01
2.44685E+00 7.75614E-01
2.45726E+00 7.79770E-01
2.46914E+00 7.83925E-01
2.48244E+00 7.88080E-01
2.49710E+00 7.92235E-01
2.51306E+00 7.96391E-01
2.53024E+00 8.00546E-01
2.54857E+00 8.04701E-01
2.56799E+00 8.08857E-01
2.58841E+00 8.13012E-01
2.60976E+00 8.17167E-01
2.63195E+00 8.21322E-01
2.65491E+00 8.25478E-01
2.67855E+00 8.29633E-01
2.70279E+00 8.33788E-01
2.72754E+00 8.37944E-01
2.75274E+00 8.42099E-01
2.77829E+00 8.46254E-01
2.80412E+00 8.50409E-01
2.83016E+00 8.54565E-01
2.85632E+00 8.58720E-01
2.88253E+00 8.62875E-01
2.90872E+00 8.67031E-01
2.93482E+00 8.71186E-01
2.96075E+00 8.75341E-01
2.98647E+00 8.79496E-01
3.01189E+00 8.83652E-01
3.03697E+00 8.87807E-01
3.06163E+00 8.91962E-01
3.08583E+00 8.96118E-01
3.10951E+00 9.00273E-01
3.13261E+00 9.04428E-01
3.15509E+00 9.08583E-01
3.17689E+00 9.12739E-01
3.19798E+00 9.16894E-01
3.21831E+00 9.21049E-01
3.23784E+00 9.25205E-01
3.25653E+00 9.29360E-01
3.27434E+00 9.33515E-01
3.29124E+00 9.37670E-01
3.30720E+00 9.41826E-01
3.32218E+00 9.45981E-01
3.33617E+00 9.50136E-01
3.34913E+00 9.54292E-01
3.36104E+00 9.58447E-01
3.37189E+00 9.62602E-01
3.38164E+00 9.66758E-01
3.39028E+00 9.70913E-01
3.39781E+00 9.75068E-01
3.40419E+00 9.79223E-01
3.40943E+00 9.83379E-01
3.41352E+00 9.87534E-01
3.41644E+00 9.91689E-01
3.41820E+00 9.95845E-01
3.41879E+00 1.00000E+00
3.41820E+00 1.00416E+00
3.41644E+00 1.00831E+00
3.41352E+00 1.01247E+00
3.40943E+00 1.01662E+00
3.40419E+00 1.02078E+00
3.39781E+00 1.02493E+00
3.39028E+00 1.02909E+00
3.38164E+00 1.03324E+00
3.37189E+00 1.03740E+00
3.36104E+00 1.04155E+00
3.34913E+00 1.04571E+00
3.33617E+00 1.04986E+00
3.32219E+00 1.05402E+00
3.30720E+00 1.05817E+00
3.29124E+00 1.06233E+00
3.27434E+00 1.06648E+00
3.25653E+00 1.07064E+00
3.23784E+00 1.07480E+00
3.21831E+00 1.07895E+00
3.19798E+00 1.08311E+00
3.17689E+00 1.08726E+00
3.15509E+00 1.09142E+00
3.13261E+00 1.09557E+00
3.10951E+00 1.09973E+00
3.08583E+00 1.10388E+00
3.06163E+00 1.10804E+00
3.03697E+00 1.11219E+00
3.01189E+00 1.11635E+00
2.98647E+00 1.12050E+00
2.96076E+00 1.12466E+00
2.93482E+00 1.12881E+00
2.90872E+00 1.13297E+00
2.88253E+00 1.13712E+00
2.85632E+00 1.14128E+00
2.83016E+00 1.14543E+00
2.80413E+00 1.14959E+00
2.77829E+00 1.15375E+00
2.75274E+00 1.15790E+00
2.72755E+00 1.16206E+00
2.70279E+00 1.16621E+00
2.67855E+00 1.17037E+00
2.65491E+00 1.17452E+00
2.63196E+00 1.17868E+00
2.60976E+00 1.18283E+00
2.58842E+00 1.18699E+00
2.56799E+00 1.19114E+00
2.54858E+00 1.19530E+00
2.53024E+00 1.19945E+00
2.51306E+00 1.20361E+00
2.49710E+00 1.20776E+00
2.48245E+00 1.21192E+00
2.46914E+00 1.21607E+00
2.45726E+00 1.22023E+00
2.44685E+00 1.22439E+00
2.43795E+00 1.22854E+00
2.43062E+00 1.23270E+00
2.42488E+00 1.23685E+00
2.42076E+00 1.24101E+00
2.41827E+00 1.24516E+00
2.41745E+00 1.24932E+00
