Will plot unflagged data


File # 1  = raise.vis
raise.vis 1.5136 GHz
Read 121 visibilities from all files

Baseline 2-4, plot 121 points
7.09859E+00 -8.94956E-01
7.10102E+00 -9.11359E-01
7.10831E+00 -9.27098E-01
7.12041E+00 -9.42157E-01
7.13727E+00 -9.56520E-01
7.15881E+00 -9.70169E-01
7.18492E+00 -9.83088E-01
7.21550E+00 -9.95258E-01
7.25039E+00 -1.00666E+00
7.28945E+00 -1.01832E+00
7.33250E+00 -1.02814E+00
7.37934E+00 -1.03817E+00
7.42979E+00 -1.04634E+00
7.48364E+00 -1.05469E+00
7.54065E+00 -1.06218E+00
7.60062E+00 -1.06878E+00
7.66331E+00 -1.07449E+00
7.72847E+00 -1.08033E+00
7.79588E+00 -1.08422E+00
7.86529E+00 -1.08820E+00
7.93647E+00 -1.09125E+00
8.00916E+00 -1.09335E+00
8.08315E+00 -1.09552E+00
8.15818E+00 -1.09569E+00
8.23403E+00 -1.09588E+00
8.31048E+00 -1.09504E+00
8.38729E+00 -1.09420E+00
8.46426E+00 -1.09130E+00
8.54116E+00 -1.08839E+00
8.61779E+00 -1.08444E+00
8.69396E+00 -1.08048E+00
8.76947E+00 -1.07546E+00
8.84413E+00 -1.06939E+00
8.91776E+00 -1.06226E+00
8.99018E+00 -1.05511E+00
9.06123E+00 -1.04689E+00
9.13075E+00 -1.03762E+00
9.19859E+00 -1.02831E+00
9.26459E+00 -1.01794E+00
9.32863E+00 -1.00754E+00
9.39055E+00 -9.95052E-01
9.45025E+00 -9.83570E-01
9.50759E+00 -9.70000E-01
9.56246E+00 -9.56412E-01
9.61477E+00 -9.41778E-01
9.66439E+00 -9.27135E-01
9.71126E+00 -9.11457E-01
9.75526E+00 -8.94750E-01
9.79633E+00 -8.78054E-01
9.83439E+00 -8.60344E-01
9.86937E+00 -8.42660E-01
9.90121E+00 -8.23980E-01
9.92984E+00 -8.05346E-01
9.95523E+00 -7.84705E-01
9.97732E+00 -7.65162E-01
9.99607E+00 -7.43636E-01
1.00115E+01 -7.23232E-01
1.00235E+01 -7.00871E-01
1.00320E+01 -6.78628E-01
1.00372E+01 -6.55486E-01
1.00389E+01 -6.32493E-01
1.00372E+01 -6.08632E-01
1.00320E+01 -5.84951E-01
1.00235E+01 -5.60436E-01
1.00115E+01 -5.36136E-01
9.99608E+00 -5.10006E-01
9.97732E+00 -4.85159E-01
9.95523E+00 -4.58520E-01
9.92984E+00 -4.33203E-01
9.90121E+00 -4.06135E-01
9.86937E+00 -3.79398E-01
9.83440E+00 -3.51982E-01
9.79634E+00 -3.24942E-01
9.75527E+00 -2.97267E-01
9.71126E+00 -2.70012E-01
9.66440E+00 -2.42167E-01
9.61477E+00 -2.13757E-01
9.56247E+00 -1.85837E-01
9.50759E+00 -1.57398E-01
9.45025E+00 -1.29499E-01
9.39056E+00 -1.00097E-01
9.32863E+00 -7.23176E-02
9.26460E+00 -4.30860E-02
9.19859E+00 -1.44940E-02
9.13076E+00 1.44654E-02
9.06124E+00 4.27336E-02
8.99018E+00 7.13169E-02
8.91776E+00 1.00190E-01
8.84413E+00 1.28292E-01
8.76947E+00 1.56631E-01
8.69397E+00 1.85179E-01
8.61780E+00 2.13911E-01
8.54116E+00 2.41768E-01
8.46426E+00 2.69756E-01
8.38730E+00 2.96819E-01
8.31048E+00 3.24992E-01
8.23404E+00 3.52190E-01
8.15819E+00 3.79420E-01
8.08315E+00 4.05624E-01
8.00917E+00 4.32797E-01
7.93647E+00 4.58854E-01
7.86530E+00 4.84798E-01
7.79588E+00 5.10603E-01
7.72848E+00 5.35215E-01
7.66331E+00 5.60670E-01
7.60063E+00 5.84878E-01
7.54066E+00 6.08847E-01
7.48364E+00 6.32551E-01
7.42980E+00 6.55965E-01
7.37935E+00 6.78029E-01
7.33250E+00 7.00783E-01
7.28945E+00 7.22138E-01
7.25040E+00 7.44133E-01
7.21550E+00 7.64679E-01
7.18493E+00 7.84785E-01
7.15881E+00 8.04427E-01
7.13727E+00 8.23584E-01
7.12041E+00 8.42235E-01
7.10831E+00 8.60359E-01
7.10102E+00 8.77938E-01
7.09859E+00 8.94953E-01
