Will plot unflagged data


File # 1  = raise.vis
raise.vis 0.4786 GHz
Read 121 visibilities from all files

Baseline 1-5, plot 121 points
3.14268E+00 -2.27696E-01
3.14376E+00 -2.31945E-01
3.14698E+00 -2.36029E-01
3.15234E+00 -2.39945E-01
3.15980E+00 -2.43685E-01
3.16934E+00 -2.47246E-01
3.18090E+00 -2.50622E-01
3.19444E+00 -2.53807E-01
3.20989E+00 -2.56798E-01
3.22718E+00 -2.59588E-01
3.24623E+00 -2.62174E-01
3.26697E+00 -2.64551E-01
3.28931E+00 -2.66715E-01
3.31315E+00 -2.68661E-01
3.33839E+00 -2.70385E-01
3.36494E+00 -2.71883E-01
3.39269E+00 -2.73152E-01
3.42154E+00 -2.75219E-01
3.45138E+00 -2.76019E-01
3.48211E+00 -2.76578E-01
3.51362E+00 -2.77926E-01
3.54581E+00 -2.77997E-01
3.57856E+00 -2.78850E-01
3.61178E+00 -2.79452E-01
3.64536E+00 -2.78768E-01
3.67921E+00 -2.78860E-01
3.71321E+00 -2.78694E-01
3.74729E+00 -2.78267E-01
3.78133E+00 -2.77577E-01
3.81526E+00 -2.76624E-01
3.84898E+00 -2.75406E-01
3.88241E+00 -2.73921E-01
3.91546E+00 -2.72168E-01
3.94806E+00 -2.70147E-01
3.98012E+00 -2.68890E-01
4.01158E+00 -2.66329E-01
4.04236E+00 -2.64532E-01
4.07239E+00 -2.61431E-01
4.10161E+00 -2.59092E-01
4.12996E+00 -2.56484E-01
4.15738E+00 -2.53606E-01
4.18380E+00 -2.50458E-01
4.20919E+00 -2.47042E-01
4.23348E+00 -2.43359E-01
4.25664E+00 -2.39409E-01
4.27861E+00 -2.36227E-01
4.29936E+00 -2.31749E-01
4.31884E+00 -2.28041E-01
4.33702E+00 -2.23040E-01
4.35387E+00 -2.18814E-01
4.36936E+00 -2.14333E-01
4.38345E+00 -2.09597E-01
4.39613E+00 -2.04611E-01
4.40737E+00 -1.99376E-01
4.41715E+00 -1.94929E-01
4.42545E+00 -1.89207E-01
4.43226E+00 -1.84278E-01
4.43758E+00 -1.78080E-01
4.44138E+00 -1.72684E-01
4.44366E+00 -1.67058E-01
4.44442E+00 -1.61208E-01
4.44366E+00 -1.55138E-01
4.44138E+00 -1.48850E-01
4.43758E+00 -1.42351E-01
4.43227E+00 -1.36677E-01
4.42545E+00 -1.29766E-01
4.41715E+00 -1.23690E-01
4.40737E+00 -1.16388E-01
4.39613E+00 -1.09930E-01
4.38345E+00 -1.03289E-01
4.36936E+00 -9.64690E-02
4.35387E+00 -8.94766E-02
4.33702E+00 -8.23169E-02
4.31884E+00 -7.60285E-02
4.29936E+00 -6.85512E-02
4.27861E+00 -6.19566E-02
4.25664E+00 -5.41850E-02
4.23348E+00 -4.73082E-02
4.20919E+00 -4.02992E-02
4.18380E+00 -3.31645E-02
4.15738E+00 -2.59103E-02
4.12996E+00 -1.85429E-02
4.10161E+00 -1.10688E-02
4.07239E+00 -3.49461E-03
4.04236E+00 3.14037E-03
4.01158E+00 1.08950E-02
3.98012E+00 1.76971E-02
3.94806E+00 2.56053E-02
3.91546E+00 3.25474E-02
3.88241E+00 3.95492E-02
3.84898E+00 4.66039E-02
3.81526E+00 5.37044E-02
3.78133E+00 6.08439E-02
3.74729E+00 6.80152E-02
3.71321E+00 7.52115E-02
3.67921E+00 8.24256E-02
3.64536E+00 8.96504E-02
3.61178E+00 9.58471E-02
3.57856E+00 1.03072E-01
3.54581E+00 1.10287E-01
3.51363E+00 1.16453E-01
3.48212E+00 1.23627E-01
3.45139E+00 1.29737E-01
3.42154E+00 1.35809E-01
3.39269E+00 1.42868E-01
3.36494E+00 1.48843E-01
3.33839E+00 1.54759E-01
3.31315E+00 1.60609E-01
3.28931E+00 1.66387E-01
3.26698E+00 1.72086E-01
3.24624E+00 1.77699E-01
3.22718E+00 1.83220E-01
3.20989E+00 1.88641E-01
3.19444E+00 1.93958E-01
3.18090E+00 1.99162E-01
3.16934E+00 2.04248E-01
3.15980E+00 2.09210E-01
3.15234E+00 2.14042E-01
3.14698E+00 2.18737E-01
3.14376E+00 2.23290E-01
3.14268E+00 2.27694E-01
