Will plot unflagged data


File # 1  = raise.vis
raise.vis 0.4786 GHz
Read 121 visibilities from all files

Baseline 1-5, plot 121 points
3.14268E+00 8.63256E-02
3.14376E+00 8.63256E-02
3.14698E+00 8.63255E-02
3.15234E+00 8.63255E-02
3.15980E+00 8.63254E-02
3.16934E+00 8.63252E-02
3.18090E+00 8.63250E-02
3.19444E+00 8.63248E-02
3.20989E+00 8.63246E-02
3.22718E+00 8.63243E-02
3.24623E+00 8.63240E-02
3.26697E+00 8.63236E-02
3.28931E+00 8.63233E-02
3.31315E+00 8.63229E-02
3.33839E+00 8.63225E-02
3.36494E+00 8.63220E-02
3.39269E+00 8.63215E-02
3.42154E+00 8.63211E-02
3.45138E+00 8.63206E-02
3.48211E+00 8.63200E-02
3.51362E+00 8.63195E-02
3.54581E+00 8.63189E-02
3.57856E+00 8.63184E-02
3.61178E+00 8.63179E-02
3.64536E+00 8.63172E-02
3.67921E+00 8.63167E-02
3.71321E+00 8.63161E-02
3.74729E+00 8.63155E-02
3.78133E+00 8.63149E-02
3.81526E+00 8.63143E-02
3.84898E+00 8.63136E-02
3.88241E+00 8.63130E-02
3.91546E+00 8.63123E-02
3.94806E+00 8.63116E-02
3.98012E+00 8.63111E-02
4.01158E+00 8.63104E-02
4.04236E+00 8.63099E-02
4.07239E+00 8.63091E-02
4.10161E+00 8.63086E-02
4.12996E+00 8.63081E-02
4.15738E+00 8.63076E-02
4.18380E+00 8.63070E-02
4.20919E+00 8.63065E-02
4.23348E+00 8.63059E-02
4.25664E+00 8.63053E-02
4.27861E+00 8.63051E-02
4.29936E+00 8.63045E-02
4.31884E+00 8.63042E-02
4.33702E+00 8.63036E-02
4.35387E+00 8.63033E-02
4.36936E+00 8.63030E-02
4.38345E+00 8.63027E-02
4.39613E+00 8.63024E-02
4.40737E+00 8.63021E-02
4.41715E+00 8.63021E-02
4.42545E+00 8.63018E-02
4.43226E+00 8.63018E-02
4.43758E+00 8.63015E-02
4.44138E+00 8.63015E-02
4.44366E+00 8.63015E-02
4.44442E+00 8.63015E-02
4.44366E+00 8.63015E-02
4.44138E+00 8.63015E-02
4.43758E+00 8.63015E-02
4.43227E+00 8.63018E-02
4.42545E+00 8.63018E-02
4.41715E+00 8.63021E-02
4.40737E+00 8.63021E-02
4.39613E+00 8.63024E-02
4.38345E+00 8.63027E-02
4.36936E+00 8.63030E-02
4.35387E+00 8.63033E-02
4.33702E+00 8.63036E-02
4.31884E+00 8.63042E-02
4.29936E+00 8.63045E-02
4.27861E+00 8.63051E-02
4.25664E+00 8.63054E-02
4.23348E+00 8.63059E-02
4.20919E+00 8.63065E-02
4.18380E+00 8.63070E-02
4.15738E+00 8.63075E-02
4.12996E+00 8.63081E-02
4.10161E+00 8.63086E-02
4.07239E+00 8.63091E-02
4.04236E+00 8.63099E-02
4.01158E+00 8.63104E-02
3.98012E+00 8.63111E-02
3.94806E+00 8.63116E-02
3.91546E+00 8.63123E-02
3.88241E+00 8.63130E-02
3.84898E+00 8.63136E-02
3.81526E+00 8.63143E-02
3.78133E+00 8.63149E-02
3.74729E+00 8.63155E-02
3.71321E+00 8.63161E-02
3.67921E+00 8.63167E-02
3.64536E+00 8.63172E-02
3.61178E+00 8.63179E-02
3.57856E+00 8.63184E-02
3.54581E+00 8.63189E-02
3.51363E+00 8.63196E-02
3.48212E+00 8.63200E-02
3.45139E+00 8.63206E-02
3.42154E+00 8.63211E-02
3.39269E+00 8.63215E-02
3.36494E+00 8.63220E-02
3.33839E+00 8.63225E-02
3.31315E+00 8.63229E-02
3.28931E+00 8.63233E-02
3.26698E+00 8.63236E-02
3.24624E+00 8.63240E-02
3.22718E+00 8.63243E-02
3.20989E+00 8.63246E-02
3.19444E+00 8.63248E-02
3.18090E+00 8.63250E-02
3.16934E+00 8.63252E-02
3.15980E+00 8.63254E-02
3.15234E+00 8.63255E-02
3.14698E+00 8.63255E-02
3.14376E+00 8.63256E-02
3.14268E+00 8.63256E-02
