Will plot unflagged data


File # 1  = raise.vis
raise.vis 0.1514 GHz
Read 121 visibilities from all files

Baseline 1-5, plot 121 points
9.93803E-01 -2.68971E-01
9.94143E-01 -2.73708E-01
9.95163E-01 -2.78250E-01
9.96857E-01 -2.83618E-01
9.99217E-01 -2.87753E-01
1.00223E+00 -2.91675E-01
1.00589E+00 -2.95378E-01
1.01017E+00 -2.98856E-01
1.01506E+00 -3.03132E-01
1.02052E+00 -3.06143E-01
1.02655E+00 -3.08912E-01
1.03311E+00 -3.12464E-01
1.04017E+00 -3.14734E-01
1.04771E+00 -3.16747E-01
1.05569E+00 -3.19529E-01
1.06409E+00 -3.21013E-01
1.07286E+00 -3.23257E-01
1.08199E+00 -3.25227E-01
1.09142E+00 -3.25885E-01
1.10114E+00 -3.27292E-01
1.11111E+00 -3.28412E-01
1.12128E+00 -3.29241E-01
1.13164E+00 -3.29777E-01
1.14215E+00 -3.30015E-01
1.15276E+00 -3.29954E-01
1.16347E+00 -3.29590E-01
1.17422E+00 -3.28921E-01
1.18500E+00 -3.27944E-01
1.19576E+00 -3.27691E-01
1.20649E+00 -3.26092E-01
1.21715E+00 -3.25214E-01
1.22773E+00 -3.22988E-01
1.23818E+00 -3.21478E-01
1.24849E+00 -3.19651E-01
1.25863E+00 -3.17506E-01
1.26857E+00 -3.15043E-01
1.27831E+00 -3.12261E-01
1.28780E+00 -3.09159E-01
1.29704E+00 -3.05738E-01
1.30601E+00 -3.03030E-01
1.31468E+00 -2.98972E-01
1.32303E+00 -2.95628E-01
1.33106E+00 -2.91967E-01
1.33874E+00 -2.86957E-01
1.34607E+00 -2.82666E-01
1.35302E+00 -2.79094E-01
1.35958E+00 -2.74178E-01
1.36574E+00 -2.68952E-01
1.37149E+00 -2.64453E-01
1.37682E+00 -2.58615E-01
1.38171E+00 -2.53508E-01
1.38617E+00 -2.48101E-01
1.39018E+00 -2.42398E-01
1.39373E+00 -2.36402E-01
1.39682E+00 -2.30116E-01
1.39945E+00 -2.23543E-01
1.40161E+00 -2.17721E-01
1.40328E+00 -2.10587E-01
1.40449E+00 -2.04212E-01
1.40521E+00 -1.97567E-01
1.40545E+00 -1.90657E-01
1.40521E+00 -1.83486E-01
1.40449E+00 -1.76059E-01
1.40329E+00 -1.68381E-01
1.40161E+00 -1.61491E-01
1.39945E+00 -1.53328E-01
1.39682E+00 -1.45963E-01
1.39373E+00 -1.38370E-01
1.39018E+00 -1.30554E-01
1.38617E+00 -1.22522E-01
1.38171E+00 -1.14279E-01
1.37682E+00 -1.05832E-01
1.37149E+00 -9.82198E-02
1.36574E+00 -8.93841E-02
1.35958E+00 -8.13972E-02
1.35302E+00 -7.32329E-02
1.34607E+00 -6.38653E-02
1.33875E+00 -5.53676E-02
1.33106E+00 -4.77469E-02
1.32304E+00 -3.89446E-02
1.31468E+00 -3.00012E-02
1.30601E+00 -2.19571E-02
1.29704E+00 -1.27540E-02
1.28780E+00 -4.46572E-03
1.27831E+00 3.93307E-03
1.26857E+00 1.24345E-02
1.25863E+00 2.10306E-02
1.24849E+00 2.97133E-02
1.23818E+00 3.84746E-02
1.22773E+00 4.73064E-02
1.21716E+00 5.51677E-02
1.20649E+00 6.41159E-02
1.19576E+00 7.20772E-02
1.18500E+00 8.11089E-02
1.17422E+00 8.91372E-02
1.16347E+00 9.71867E-02
1.15277E+00 1.05249E-01
1.14215E+00 1.13315E-01
1.13164E+00 1.21378E-01
1.12128E+00 1.29429E-01
1.11111E+00 1.37459E-01
1.10114E+00 1.45460E-01
1.09142E+00 1.53424E-01
1.08199E+00 1.60311E-01
1.07286E+00 1.68176E-01
1.06409E+00 1.75980E-01
1.05569E+00 1.82682E-01
1.04771E+00 1.90338E-01
1.04017E+00 1.96878E-01
1.03311E+00 2.03324E-01
1.02655E+00 2.10699E-01
1.02052E+00 2.16934E-01
1.01506E+00 2.23053E-01
1.01017E+00 2.30077E-01
1.00589E+00 2.35940E-01
1.00223E+00 2.41663E-01
9.99218E-01 2.47240E-01
9.96857E-01 2.52664E-01
9.95163E-01 2.58954E-01
9.94143E-01 2.64049E-01
9.93803E-01 2.68969E-01
