Will plot unflagged data


File # 1  = raise.vis
raise.vis 15.1356 GHz
Read 121 visibilities from all files

Baseline 1-2, plot 121 points
5.46046E+00 -6.88428E-01
5.46233E+00 -7.01364E-01
5.46793E+00 -7.12767E-01
5.47724E+00 -7.24676E-01
5.49021E+00 -7.36052E-01
5.50677E+00 -7.45848E-01
5.52686E+00 -7.56112E-01
5.55038E+00 -7.65800E-01
5.57723E+00 -7.74898E-01
5.60727E+00 -7.83392E-01
5.64038E+00 -7.91268E-01
5.67642E+00 -7.98513E-01
5.71522E+00 -8.05115E-01
5.75664E+00 -8.11062E-01
5.80050E+00 -8.17374E-01
5.84663E+00 -8.21972E-01
5.89485E+00 -8.26913E-01
5.94498E+00 -8.31153E-01
5.99683E+00 -8.34680E-01
6.05022E+00 -8.37485E-01
6.10497E+00 -8.39560E-01
6.16090E+00 -8.40895E-01
6.21781E+00 -8.42514E-01
6.27552E+00 -8.43377E-01
6.33387E+00 -8.42447E-01
6.39268E+00 -8.42810E-01
6.45176E+00 -8.41368E-01
6.51097E+00 -8.39146E-01
6.57012E+00 -8.37168E-01
6.62907E+00 -8.34401E-01
6.68766E+00 -8.30840E-01
6.74575E+00 -8.27509E-01
6.80317E+00 -8.22341E-01
6.85981E+00 -8.17380E-01
6.91552E+00 -8.11598E-01
6.97018E+00 -8.04995E-01
7.02366E+00 -7.98599E-01
7.07584E+00 -7.91383E-01
7.12661E+00 -7.83346E-01
7.17587E+00 -7.74490E-01
7.22350E+00 -7.65847E-01
7.26942E+00 -7.56389E-01
7.31353E+00 -7.46117E-01
7.35574E+00 -7.36068E-01
7.39597E+00 -7.25212E-01
7.43415E+00 -7.13554E-01
7.47020E+00 -7.01098E-01
7.50405E+00 -6.88882E-01
7.53564E+00 -6.75879E-01
7.56492E+00 -6.62095E-01
7.59183E+00 -6.48571E-01
7.61631E+00 -6.34279E-01
7.63834E+00 -6.19228E-01
7.65787E+00 -6.04459E-01
7.67486E+00 -5.88947E-01
7.68929E+00 -5.72703E-01
7.70113E+00 -5.55736E-01
7.71036E+00 -5.39089E-01
7.71696E+00 -5.21739E-01
7.72093E+00 -5.04731E-01
7.72225E+00 -4.87044E-01
7.72093E+00 -4.68689E-01
7.71696E+00 -4.49680E-01
7.71036E+00 -4.31062E-01
7.70113E+00 -4.11816E-01
7.68929E+00 -3.92988E-01
7.67486E+00 -3.73560E-01
7.65787E+00 -3.53547E-01
7.63834E+00 -3.32964E-01
7.61631E+00 -3.12859E-01
7.59183E+00 -2.92215E-01
7.56492E+00 -2.71048E-01
7.53564E+00 -2.50408E-01
7.50405E+00 -2.29279E-01
7.47020E+00 -2.07678E-01
7.43415E+00 -1.86655E-01
7.39598E+00 -1.65195E-01
7.35574E+00 -1.43317E-01
7.31353E+00 -1.21039E-01
7.26942E+00 -9.94111E-02
7.22351E+00 -7.74205E-02
7.17587E+00 -5.50861E-02
7.12661E+00 -3.34581E-02
7.07584E+00 -1.15245E-02
7.02366E+00 1.06948E-02
6.97018E+00 3.31804E-02
6.91553E+00 5.48838E-02
6.85982E+00 7.68147E-02
6.80318E+00 9.89534E-02
6.74575E+00 1.20254E-01
6.68767E+00 1.42742E-01
6.62908E+00 1.64333E-01
6.57013E+00 1.86033E-01
6.51097E+00 2.07822E-01
6.45177E+00 2.28648E-01
6.39268E+00 2.49521E-01
6.33388E+00 2.71450E-01
6.27553E+00 2.91323E-01
6.21781E+00 3.12212E-01
6.16090E+00 3.33066E-01
6.10498E+00 3.52830E-01
6.05023E+00 3.72517E-01
5.99683E+00 3.92105E-01
5.94498E+00 4.11575E-01
5.89485E+00 4.30905E-01
5.84663E+00 4.50074E-01
5.80051E+00 4.68030E-01
5.75665E+00 4.86817E-01
5.71523E+00 5.04350E-01
5.67642E+00 5.21641E-01
5.64038E+00 5.38671E-01
5.60727E+00 5.55420E-01
5.57723E+00 5.71868E-01
5.55039E+00 5.87998E-01
5.52687E+00 6.03790E-01
5.50677E+00 6.19226E-01
5.49021E+00 6.33259E-01
5.47724E+00 6.47933E-01
5.46793E+00 6.62200E-01
5.46233E+00 6.75018E-01
5.46046E+00 6.88425E-01
