Will plot unflagged data


File # 1  = raise.vis
raise.vis 15.1356 GHz
Read 121 visibilities from all files

Baseline 1-2, plot 121 points
5.46046E+00 1.21553E-02
5.46233E+00 1.21553E-02
5.46793E+00 1.21553E-02
5.47724E+00 1.21552E-02
5.49021E+00 1.21552E-02
5.50677E+00 1.21551E-02
5.52686E+00 1.21550E-02
5.55038E+00 1.21549E-02
5.57723E+00 1.21548E-02
5.60727E+00 1.21547E-02
5.64038E+00 1.21546E-02
5.67642E+00 1.21544E-02
5.71522E+00 1.21543E-02
5.75664E+00 1.21541E-02
5.80050E+00 1.21539E-02
5.84663E+00 1.21537E-02
5.89485E+00 1.21535E-02
5.94498E+00 1.21533E-02
5.99683E+00 1.21531E-02
6.05022E+00 1.21529E-02
6.10497E+00 1.21526E-02
6.16090E+00 1.21524E-02
6.21781E+00 1.21522E-02
6.27552E+00 1.21519E-02
6.33387E+00 1.21516E-02
6.39268E+00 1.21514E-02
6.45176E+00 1.21511E-02
6.51097E+00 1.21508E-02
6.57012E+00 1.21505E-02
6.62907E+00 1.21503E-02
6.68766E+00 1.21500E-02
6.74575E+00 1.21497E-02
6.80317E+00 1.21495E-02
6.85981E+00 1.21492E-02
6.91552E+00 1.21489E-02
6.97018E+00 1.21486E-02
7.02366E+00 1.21484E-02
7.07584E+00 1.21481E-02
7.12661E+00 1.21479E-02
7.17587E+00 1.21476E-02
7.22350E+00 1.21474E-02
7.26942E+00 1.21471E-02
7.31353E+00 1.21469E-02
7.35574E+00 1.21467E-02
7.39597E+00 1.21465E-02
7.43415E+00 1.21463E-02
7.47020E+00 1.21461E-02
7.50405E+00 1.21459E-02
7.53564E+00 1.21458E-02
7.56492E+00 1.21456E-02
7.59183E+00 1.21455E-02
7.61631E+00 1.21453E-02
7.63834E+00 1.21452E-02
7.65787E+00 1.21451E-02
7.67486E+00 1.21450E-02
7.68929E+00 1.21449E-02
7.70113E+00 1.21449E-02
7.71036E+00 1.21448E-02
7.71696E+00 1.21448E-02
7.72093E+00 1.21448E-02
7.72225E+00 1.21448E-02
7.72093E+00 1.21448E-02
7.71696E+00 1.21448E-02
7.71036E+00 1.21448E-02
7.70113E+00 1.21449E-02
7.68929E+00 1.21449E-02
7.67486E+00 1.21450E-02
7.65787E+00 1.21451E-02
7.63834E+00 1.21452E-02
7.61631E+00 1.21453E-02
7.59183E+00 1.21455E-02
7.56492E+00 1.21456E-02
7.53564E+00 1.21458E-02
7.50405E+00 1.21459E-02
7.47020E+00 1.21461E-02
7.43415E+00 1.21463E-02
7.39598E+00 1.21465E-02
7.35574E+00 1.21467E-02
7.31353E+00 1.21469E-02
7.26942E+00 1.21471E-02
7.22351E+00 1.21474E-02
7.17587E+00 1.21476E-02
7.12661E+00 1.21479E-02
7.07584E+00 1.21481E-02
7.02366E+00 1.21484E-02
6.97018E+00 1.21486E-02
6.91553E+00 1.21489E-02
6.85982E+00 1.21492E-02
6.80318E+00 1.21495E-02
6.74575E+00 1.21497E-02
6.68767E+00 1.21500E-02
6.62908E+00 1.21503E-02
6.57013E+00 1.21505E-02
6.51097E+00 1.21508E-02
6.45177E+00 1.21511E-02
6.39268E+00 1.21514E-02
6.33388E+00 1.21516E-02
6.27553E+00 1.21519E-02
6.21781E+00 1.21522E-02
6.16090E+00 1.21524E-02
6.10498E+00 1.21526E-02
6.05023E+00 1.21529E-02
5.99683E+00 1.21531E-02
5.94498E+00 1.21533E-02
5.89485E+00 1.21535E-02
5.84663E+00 1.21537E-02
5.80051E+00 1.21539E-02
5.75665E+00 1.21541E-02
5.71523E+00 1.21543E-02
5.67642E+00 1.21544E-02
5.64038E+00 1.21546E-02
5.60727E+00 1.21547E-02
5.57723E+00 1.21548E-02
5.55039E+00 1.21549E-02
5.52687E+00 1.21550E-02
5.50677E+00 1.21551E-02
5.49021E+00 1.21552E-02
5.47724E+00 1.21552E-02
5.46793E+00 1.21553E-02
5.46233E+00 1.21553E-02
5.46046E+00 1.21553E-02
