Will plot unflagged data


File # 1  = raise.vis
raise.vis 1.5136 GHz
Read 121 visibilities from all files

Baseline 4-5, plot 121 points
2.29339E+00 3.80306E-02
2.29418E+00 3.80306E-02
2.29653E+00 3.80306E-02
2.30044E+00 3.80306E-02
2.30589E+00 3.80306E-02
2.31285E+00 3.80305E-02
2.32128E+00 3.80305E-02
2.33116E+00 3.80305E-02
2.34244E+00 3.80304E-02
2.35505E+00 3.80304E-02
2.36896E+00 3.80303E-02
2.38410E+00 3.80303E-02
2.40039E+00 3.80302E-02
2.41779E+00 3.80302E-02
2.43621E+00 3.80301E-02
2.45559E+00 3.80300E-02
2.47584E+00 3.80299E-02
2.49689E+00 3.80299E-02
2.51867E+00 3.80298E-02
2.54109E+00 3.80297E-02
2.56409E+00 3.80296E-02
2.58758E+00 3.80295E-02
2.61148E+00 3.80294E-02
2.63572E+00 3.80293E-02
2.66023E+00 3.80292E-02
2.68492E+00 3.80291E-02
2.70974E+00 3.80290E-02
2.73461E+00 3.80289E-02
2.75945E+00 3.80288E-02
2.78421E+00 3.80287E-02
2.80882E+00 3.80286E-02
2.83321E+00 3.80285E-02
2.85733E+00 3.80284E-02
2.88112E+00 3.80283E-02
2.90452E+00 3.80281E-02
2.92748E+00 3.80281E-02
2.94994E+00 3.80280E-02
2.97185E+00 3.80279E-02
2.99318E+00 3.80277E-02
3.01386E+00 3.80277E-02
3.03387E+00 3.80276E-02
3.05316E+00 3.80275E-02
3.07168E+00 3.80274E-02
3.08941E+00 3.80273E-02
3.10631E+00 3.80272E-02
3.12234E+00 3.80272E-02
3.13748E+00 3.80271E-02
3.15170E+00 3.80270E-02
3.16497E+00 3.80270E-02
3.17727E+00 3.80269E-02
3.18857E+00 3.80268E-02
3.19885E+00 3.80268E-02
3.20810E+00 3.80268E-02
3.21630E+00 3.80267E-02
3.22344E+00 3.80266E-02
3.22950E+00 3.80266E-02
3.23447E+00 3.80266E-02
3.23835E+00 3.80266E-02
3.24112E+00 3.80266E-02
3.24279E+00 3.80266E-02
3.24335E+00 3.80266E-02
3.24279E+00 3.80266E-02
3.24112E+00 3.80266E-02
3.23835E+00 3.80266E-02
3.23447E+00 3.80266E-02
3.22950E+00 3.80266E-02
3.22344E+00 3.80266E-02
3.21631E+00 3.80267E-02
3.20810E+00 3.80268E-02
3.19885E+00 3.80268E-02
3.18857E+00 3.80269E-02
3.17727E+00 3.80269E-02
3.16497E+00 3.80270E-02
3.15170E+00 3.80270E-02
3.13748E+00 3.80271E-02
3.12234E+00 3.80272E-02
3.10631E+00 3.80272E-02
3.08941E+00 3.80273E-02
3.07168E+00 3.80274E-02
3.05316E+00 3.80275E-02
3.03387E+00 3.80276E-02
3.01387E+00 3.80277E-02
2.99318E+00 3.80277E-02
2.97185E+00 3.80279E-02
2.94994E+00 3.80280E-02
2.92748E+00 3.80281E-02
2.90452E+00 3.80281E-02
2.88112E+00 3.80283E-02
2.85733E+00 3.80284E-02
2.83321E+00 3.80285E-02
2.80882E+00 3.80286E-02
2.78421E+00 3.80287E-02
2.75945E+00 3.80288E-02
2.73461E+00 3.80289E-02
2.70974E+00 3.80290E-02
2.68493E+00 3.80291E-02
2.66023E+00 3.80292E-02
2.63572E+00 3.80293E-02
2.61148E+00 3.80294E-02
2.58758E+00 3.80295E-02
2.56409E+00 3.80296E-02
2.54110E+00 3.80297E-02
2.51867E+00 3.80298E-02
2.49689E+00 3.80299E-02
2.47584E+00 3.80299E-02
2.45559E+00 3.80300E-02
2.43621E+00 3.80301E-02
2.41779E+00 3.80302E-02
2.40040E+00 3.80302E-02
2.38410E+00 3.80303E-02
2.36896E+00 3.80303E-02
2.35505E+00 3.80304E-02
2.34244E+00 3.80304E-02
2.33116E+00 3.80305E-02
2.32128E+00 3.80305E-02
2.31285E+00 3.80305E-02
2.30589E+00 3.80306E-02
2.30044E+00 3.80306E-02
2.29653E+00 3.80306E-02
2.29418E+00 3.80306E-02
2.29339E+00 3.80306E-02
