Will plot unflagged data


File # 1  = raise.vis
raise.vis 1.5136 GHz
Read 121 visibilities from all files

Baseline 4-5, plot 121 points
2.29339E+00 -1.66163E-01
2.29418E+00 -1.69181E-01
2.29653E+00 -1.72079E-01
2.30044E+00 -1.74854E-01
2.30589E+00 -1.77502E-01
2.31285E+00 -1.80019E-01
2.32128E+00 -1.82400E-01
2.33116E+00 -1.84644E-01
2.34244E+00 -1.86745E-01
2.35505E+00 -1.88700E-01
2.36896E+00 -1.91535E-01
2.38410E+00 -1.93189E-01
2.40039E+00 -1.94687E-01
2.41779E+00 -1.96027E-01
2.43621E+00 -1.97204E-01
2.45559E+00 -1.98217E-01
2.47584E+00 -2.00093E-01
2.49689E+00 -2.00769E-01
2.51867E+00 -2.01271E-01
2.54109E+00 -2.02630E-01
2.56409E+00 -2.02780E-01
2.58758E+00 -2.02751E-01
2.61148E+00 -2.03571E-01
2.63572E+00 -2.03176E-01
2.66023E+00 -2.03628E-01
2.68492E+00 -2.03892E-01
2.70974E+00 -2.02936E-01
2.73461E+00 -2.02822E-01
2.75945E+00 -2.02516E-01
2.78421E+00 -2.02018E-01
2.80882E+00 -2.00294E-01
2.83321E+00 -1.99407E-01
2.85733E+00 -1.98325E-01
2.88112E+00 -1.97047E-01
2.90452E+00 -1.95573E-01
2.92748E+00 -1.94933E-01
2.94994E+00 -1.93064E-01
2.97185E+00 -1.90998E-01
2.99318E+00 -1.88735E-01
3.01386E+00 -1.87307E-01
3.03387E+00 -1.84649E-01
3.05316E+00 -1.82828E-01
3.07168E+00 -1.79778E-01
3.08941E+00 -1.77565E-01
3.10631E+00 -1.75158E-01
3.12234E+00 -1.72557E-01
3.13748E+00 -1.69764E-01
3.15170E+00 -1.66780E-01
3.16497E+00 -1.63606E-01
3.17727E+00 -1.60243E-01
3.18857E+00 -1.56694E-01
3.19885E+00 -1.52960E-01
3.20810E+00 -1.50075E-01
3.21630E+00 -1.45976E-01
3.22344E+00 -1.41698E-01
3.22950E+00 -1.38276E-01
3.23447E+00 -1.34679E-01
3.23835E+00 -1.29878E-01
3.24112E+00 -1.25939E-01
3.24279E+00 -1.21834E-01
3.24335E+00 -1.17565E-01
3.24279E+00 -1.13135E-01
3.24112E+00 -1.08547E-01
3.23835E+00 -1.03804E-01
3.23447E+00 -9.99416E-02
3.22950E+00 -9.48987E-02
3.22344E+00 -8.97110E-02
3.21631E+00 -8.54145E-02
3.20810E+00 -8.09804E-02
3.19885E+00 -7.53800E-02
3.18857E+00 -7.06820E-02
3.17727E+00 -6.58580E-02
3.16497E+00 -6.09118E-02
3.15170E+00 -5.58477E-02
3.13748E+00 -5.06696E-02
3.12234E+00 -4.53821E-02
3.10631E+00 -3.99893E-02
3.08941E+00 -3.44957E-02
3.07168E+00 -2.89057E-02
3.05316E+00 -2.42562E-02
3.03387E+00 -1.84872E-02
3.01387E+00 -1.36677E-02
2.99318E+00 -7.73826E-03
2.97185E+00 -2.76785E-03
2.94994E+00 2.27090E-03
2.92748E+00 7.37305E-03
2.90452E+00 1.35659E-02
2.88112E+00 1.87802E-02
2.85733E+00 2.40432E-02
2.83321E+00 2.93498E-02
2.80882E+00 3.46950E-02
2.78421E+00 3.90420E-02
2.75945E+00 4.44492E-02
2.73461E+00 4.98797E-02
2.70974E+00 5.53283E-02
2.68493E+00 5.97587E-02
2.66023E+00 6.52283E-02
2.63572E+00 7.07007E-02
2.61148E+00 7.51397E-02
2.58758E+00 8.06022E-02
2.56409E+00 8.50212E-02
2.54110E+00 8.94227E-02
2.51867E+00 9.48318E-02
2.49689E+00 9.91826E-02
2.47584E+00 1.03500E-01
2.45559E+00 1.08810E-01
2.43621E+00 1.13047E-01
2.41779E+00 1.17236E-01
2.40040E+00 1.21372E-01
2.38410E+00 1.25450E-01
2.36896E+00 1.29466E-01
2.35505E+00 1.34442E-01
2.34244E+00 1.38317E-01
2.33116E+00 1.42116E-01
2.32128E+00 1.45833E-01
2.31285E+00 1.49463E-01
2.30589E+00 1.53002E-01
2.30044E+00 1.56446E-01
2.29653E+00 1.59790E-01
2.29418E+00 1.63030E-01
2.29339E+00 1.66161E-01
