Will plot unflagged data


File # 1  = raise.vis
raise.vis 0.1514 GHz
Read 121 visibilities from all files

Baseline 1-3, plot 121 points
6.17032E-01 -7.77929E-02
6.17243E-01 -7.96206E-02
6.17876E-01 -8.03672E-02
6.18928E-01 -8.20820E-02
6.20393E-01 -8.27115E-02
6.22266E-01 -8.43060E-02
6.24536E-01 -8.58377E-02
6.27194E-01 -8.62782E-02
6.30227E-01 -8.76788E-02
6.33622E-01 -8.90116E-02
6.37363E-01 -8.92478E-02
6.41435E-01 -9.04398E-02
6.45820E-01 -9.15591E-02
6.50501E-01 -9.15769E-02
6.55457E-01 -9.25466E-02
6.60669E-01 -9.34393E-02
6.66118E-01 -9.32259E-02
6.71783E-01 -9.39608E-02
6.77642E-01 -9.46151E-02
6.83675E-01 -9.51875E-02
6.89862E-01 -9.46487E-02
6.96181E-01 -9.50541E-02
7.02612E-01 -9.53747E-02
7.09134E-01 -9.56093E-02
7.15727E-01 -9.57572E-02
7.22372E-01 -9.58176E-02
7.29049E-01 -9.47607E-02
7.35739E-01 -9.46438E-02
7.42424E-01 -9.44372E-02
7.49085E-01 -9.41405E-02
7.55706E-01 -9.37532E-02
7.62269E-01 -9.32748E-02
7.68759E-01 -9.27049E-02
7.75159E-01 -9.20432E-02
7.81454E-01 -9.23191E-02
7.87630E-01 -9.14733E-02
7.93673E-01 -9.05350E-02
7.99570E-01 -8.95044E-02
8.05307E-01 -8.83814E-02
8.10873E-01 -8.81959E-02
8.16256E-01 -8.68885E-02
8.21445E-01 -8.54890E-02
8.26429E-01 -8.39976E-02
8.31199E-01 -8.34450E-02
8.35745E-01 -8.17712E-02
8.40059E-01 -8.10370E-02
8.44132E-01 -7.91825E-02
8.47958E-01 -7.82687E-02
8.51528E-01 -7.62359E-02
8.54836E-01 -7.51450E-02
8.57876E-01 -7.29364E-02
8.60643E-01 -7.16715E-02
8.63133E-01 -7.03208E-02
8.65339E-01 -6.88853E-02
8.67259E-01 -6.63357E-02
8.68890E-01 -6.47334E-02
8.70227E-01 -6.30496E-02
8.71270E-01 -6.12851E-02
8.72017E-01 -5.94413E-02
8.72465E-01 -5.75194E-02
8.72614E-01 -5.55208E-02
8.72465E-01 -5.34467E-02
8.72017E-01 -5.12987E-02
8.71270E-01 -4.90781E-02
8.70227E-01 -4.67866E-02
8.68890E-01 -4.44257E-02
8.67259E-01 -4.19969E-02
8.65339E-01 -4.05324E-02
8.63133E-01 -3.79731E-02
8.60644E-01 -3.53511E-02
8.57876E-01 -3.26683E-02
8.54836E-01 -3.09567E-02
8.51528E-01 -2.81577E-02
8.47958E-01 -2.63337E-02
8.44133E-01 -2.34261E-02
8.40059E-01 -2.14975E-02
8.35745E-01 -1.84894E-02
8.31199E-01 -1.64642E-02
8.26429E-01 -1.33639E-02
8.21445E-01 -1.12506E-02
8.16256E-01 -9.09635E-03
8.10873E-01 -6.90341E-03
8.05307E-01 -3.64420E-03
7.99570E-01 -1.38055E-03
7.93674E-01 9.15054E-04
7.87631E-01 3.24042E-03
7.81454E-01 5.59322E-03
7.75159E-01 9.00064E-03
7.68759E-01 1.14013E-02
7.62270E-01 1.38223E-02
7.55706E-01 1.62614E-02
7.49086E-01 1.87162E-02
7.42424E-01 2.11843E-02
7.35740E-01 2.36634E-02
7.29050E-01 2.61509E-02
7.22373E-01 2.76156E-02
7.15728E-01 3.01131E-02
7.09135E-01 3.26118E-02
7.02612E-01 3.51092E-02
6.96182E-01 3.76032E-02
6.89863E-01 4.00912E-02
6.83676E-01 4.15426E-02
6.77642E-01 4.40114E-02
6.71783E-01 4.64672E-02
6.66118E-01 4.89074E-02
6.60670E-01 5.03018E-02
6.55457E-01 5.27038E-02
6.50501E-01 5.50832E-02
6.45821E-01 5.64102E-02
6.41435E-01 5.87374E-02
6.37363E-01 6.10350E-02
6.33622E-01 6.22738E-02
6.30227E-01 6.45055E-02
6.27194E-01 6.67008E-02
6.24536E-01 6.78311E-02
6.22266E-01 6.99472E-02
6.20393E-01 7.20205E-02
6.18928E-01 7.30226E-02
6.17876E-01 7.50039E-02
6.17243E-01 7.59103E-02
6.17032E-01 7.77913E-02
