Will plot unflagged data


File # 1  = raise.vis
raise.vis 0.1514 GHz
Read 121 visibilities from all files

Baseline 1-3, plot 121 points
6.17032E-01 4.37196E-01
6.17243E-01 4.37196E-01
6.17876E-01 4.37196E-01
6.18928E-01 4.37195E-01
6.20393E-01 4.37195E-01
6.22266E-01 4.37195E-01
6.24536E-01 4.37195E-01
6.27194E-01 4.37195E-01
6.30227E-01 4.37195E-01
6.33622E-01 4.37194E-01
6.37363E-01 4.37194E-01
6.41435E-01 4.37194E-01
6.45820E-01 4.37194E-01
6.50501E-01 4.37193E-01
6.55457E-01 4.37193E-01
6.60669E-01 4.37193E-01
6.66118E-01 4.37192E-01
6.71783E-01 4.37192E-01
6.77642E-01 4.37192E-01
6.83675E-01 4.37191E-01
6.89862E-01 4.37191E-01
6.96181E-01 4.37190E-01
7.02612E-01 4.37190E-01
7.09134E-01 4.37189E-01
7.15727E-01 4.37189E-01
7.22372E-01 4.37189E-01
7.29049E-01 4.37188E-01
7.35739E-01 4.37187E-01
7.42424E-01 4.37187E-01
7.49085E-01 4.37186E-01
7.55706E-01 4.37186E-01
7.62269E-01 4.37185E-01
7.68759E-01 4.37185E-01
7.75159E-01 4.37184E-01
7.81454E-01 4.37184E-01
7.87630E-01 4.37184E-01
7.93673E-01 4.37183E-01
7.99570E-01 4.37183E-01
8.05307E-01 4.37182E-01
8.10873E-01 4.37182E-01
8.16256E-01 4.37181E-01
8.21445E-01 4.37181E-01
8.26429E-01 4.37180E-01
8.31199E-01 4.37180E-01
8.35745E-01 4.37180E-01
8.40059E-01 4.37180E-01
8.44132E-01 4.37179E-01
8.47958E-01 4.37179E-01
8.51528E-01 4.37178E-01
8.54836E-01 4.37178E-01
8.57876E-01 4.37178E-01
8.60643E-01 4.37177E-01
8.63133E-01 4.37178E-01
8.65339E-01 4.37178E-01
8.67259E-01 4.37177E-01
8.68890E-01 4.37177E-01
8.70227E-01 4.37177E-01
8.71270E-01 4.37177E-01
8.72017E-01 4.37177E-01
8.72465E-01 4.37177E-01
8.72614E-01 4.37177E-01
8.72465E-01 4.37177E-01
8.72017E-01 4.37177E-01
8.71270E-01 4.37177E-01
8.70227E-01 4.37177E-01
8.68890E-01 4.37177E-01
8.67259E-01 4.37177E-01
8.65339E-01 4.37178E-01
8.63133E-01 4.37178E-01
8.60644E-01 4.37178E-01
8.57876E-01 4.37178E-01
8.54836E-01 4.37178E-01
8.51528E-01 4.37178E-01
8.47958E-01 4.37179E-01
8.44133E-01 4.37179E-01
8.40059E-01 4.37180E-01
8.35745E-01 4.37180E-01
8.31199E-01 4.37180E-01
8.26429E-01 4.37180E-01
8.21445E-01 4.37181E-01
8.16256E-01 4.37181E-01
8.10873E-01 4.37182E-01
8.05307E-01 4.37182E-01
7.99570E-01 4.37183E-01
7.93674E-01 4.37183E-01
7.87631E-01 4.37184E-01
7.81454E-01 4.37184E-01
7.75159E-01 4.37184E-01
7.68759E-01 4.37185E-01
7.62270E-01 4.37185E-01
7.55706E-01 4.37186E-01
7.49086E-01 4.37186E-01
7.42424E-01 4.37187E-01
7.35740E-01 4.37187E-01
7.29050E-01 4.37188E-01
7.22373E-01 4.37189E-01
7.15728E-01 4.37189E-01
7.09135E-01 4.37189E-01
7.02612E-01 4.37190E-01
6.96182E-01 4.37190E-01
6.89863E-01 4.37191E-01
6.83676E-01 4.37191E-01
6.77642E-01 4.37191E-01
6.71783E-01 4.37192E-01
6.66118E-01 4.37192E-01
6.60670E-01 4.37193E-01
6.55457E-01 4.37193E-01
6.50501E-01 4.37193E-01
6.45821E-01 4.37194E-01
6.41435E-01 4.37194E-01
6.37363E-01 4.37194E-01
6.33622E-01 4.37195E-01
6.30227E-01 4.37195E-01
6.27194E-01 4.37195E-01
6.24536E-01 4.37195E-01
6.22266E-01 4.37195E-01
6.20393E-01 4.37195E-01
6.18928E-01 4.37196E-01
6.17876E-01 4.37196E-01
6.17243E-01 4.37196E-01
6.17032E-01 4.37196E-01
