Will plot unflagged data


File # 1  = raise.vis
raise.vis 0.1514 GHz
Read 121 visibilities from all files

Baseline 1-2, plot 121 points
5.46046E-02 -1.16260E-02
5.46233E-02 -1.20524E-02
5.46793E-02 -1.24705E-02
5.47724E-02 -1.18546E-02
5.49021E-02 -1.22553E-02
5.50677E-02 -1.26470E-02
5.52686E-02 -1.30293E-02
5.55039E-02 -1.34019E-02
5.57723E-02 -1.27390E-02
5.60727E-02 -1.30917E-02
5.64038E-02 -1.34339E-02
5.67642E-02 -1.37655E-02
5.71522E-02 -1.40863E-02
5.75664E-02 -1.33703E-02
5.80050E-02 -1.36688E-02
5.84663E-02 -1.39558E-02
5.89485E-02 -1.42311E-02
5.94498E-02 -1.44945E-02
5.99683E-02 -1.37201E-02
6.05022E-02 -1.39592E-02
6.10497E-02 -1.41861E-02
6.16090E-02 -1.44004E-02
6.21781E-02 -1.46020E-02
6.27552E-02 -1.37647E-02
6.33387E-02 -1.39405E-02
6.39268E-02 -1.41033E-02
6.45176E-02 -1.42529E-02
6.51097E-02 -1.43892E-02
6.57012E-02 -1.45121E-02
6.62907E-02 -1.46216E-02
6.68766E-02 -1.36914E-02
6.74575E-02 -1.37737E-02
6.80317E-02 -1.38424E-02
6.85981E-02 -1.38974E-02
6.91552E-02 -1.39386E-02
6.97018E-02 -1.39660E-02
7.02366E-02 -1.39797E-02
7.07584E-02 -1.29533E-02
7.12661E-02 -1.29394E-02
7.17587E-02 -1.29117E-02
7.22350E-02 -1.28702E-02
7.26942E-02 -1.28149E-02
7.31353E-02 -1.27460E-02
7.35574E-02 -1.26634E-02
7.39597E-02 -1.25672E-02
7.43415E-02 -1.24575E-02
7.47020E-02 -1.23343E-02
7.50405E-02 -1.11714E-02
7.53564E-02 -1.10215E-02
7.56492E-02 -1.08585E-02
7.59182E-02 -1.06824E-02
7.61631E-02 -1.04934E-02
7.63834E-02 -1.02915E-02
7.65787E-02 -1.00770E-02
7.67486E-02 -9.84994E-03
7.68929E-02 -9.61051E-03
7.70113E-02 -9.35886E-03
7.71036E-02 -9.09519E-03
7.71696E-02 -8.81965E-03
7.72093E-02 -8.53244E-03
7.72225E-02 -8.23376E-03
7.72093E-02 -7.92381E-03
7.71696E-02 -7.60280E-03
7.71036E-02 -7.27096E-03
7.70113E-02 -6.92852E-03
7.68929E-02 -6.57570E-03
7.67486E-02 -6.21275E-03
7.65787E-02 -5.83991E-03
7.63834E-02 -5.45744E-03
7.61632E-02 -5.06562E-03
7.59183E-02 -4.66469E-03
7.56492E-02 -4.25496E-03
7.53564E-02 -3.83668E-03
7.50405E-02 -3.41014E-03
7.47020E-02 -4.00204E-03
7.43415E-02 -3.55987E-03
7.39598E-02 -3.11034E-03
7.35574E-02 -2.65376E-03
7.31353E-02 -2.19043E-03
7.26942E-02 -1.72069E-03
7.22350E-02 -1.24485E-03
7.17587E-02 -7.63226E-04
7.12661E-02 -2.76166E-04
7.07584E-02 2.16007E-04
7.02366E-02 -3.13309E-04
6.97018E-02 1.88069E-04
6.91553E-02 6.93513E-04
6.85982E-02 1.20272E-03
6.80318E-02 1.71533E-03
6.74575E-02 2.23097E-03
6.68767E-02 2.74931E-03
6.62908E-02 2.24381E-03
6.57013E-02 2.76646E-03
6.51097E-02 3.29072E-03
6.45177E-02 3.81624E-03
6.39268E-02 4.34267E-03
6.33388E-02 4.86964E-03
6.27553E-02 5.39678E-03
6.21781E-02 4.89769E-03
6.16090E-02 5.42410E-03
6.10498E-02 5.94960E-03
6.05023E-02 6.47384E-03
5.99683E-02 6.99645E-03
5.94498E-02 6.49115E-03
5.89485E-02 7.00943E-03
5.84663E-02 7.52502E-03
5.80051E-02 8.03757E-03
5.75665E-02 8.54671E-03
5.71523E-02 8.02638E-03
5.67642E-02 8.52767E-03
5.64038E-02 9.02453E-03
5.60727E-02 9.51661E-03
5.57723E-02 1.00035E-02
5.55039E-02 9.45938E-03
5.52687E-02 9.93511E-03
5.50678E-02 1.04047E-02
5.49021E-02 1.08679E-02
5.47724E-02 1.13244E-02
5.46793E-02 1.07482E-02
5.46233E-02 1.11903E-02
5.46046E-02 1.16246E-02
