Will plot unflagged data


File # 1  = raise.vis
raise.vis 4.7863 GHz
Read 121 visibilities from all files

Baseline 4-5, plot 121 points
7.25234E+00 -8.87877E-01
7.25483E+00 -9.04020E-01
7.26227E+00 -9.19504E-01
7.27463E+00 -9.34314E-01
7.29185E+00 -9.48432E-01
7.31386E+00 -9.62875E-01
7.34054E+00 -9.75562E-01
7.37178E+00 -9.87505E-01
7.40743E+00 -9.98689E-01
7.44733E+00 -1.01013E+00
7.49131E+00 -1.01974E+00
7.53917E+00 -1.02957E+00
7.59071E+00 -1.03858E+00
7.64572E+00 -1.04674E+00
7.70398E+00 -1.05405E+00
7.76524E+00 -1.06048E+00
7.82929E+00 -1.06602E+00
7.89586E+00 -1.07169E+00
7.96473E+00 -1.07646E+00
8.03565E+00 -1.07927E+00
8.10836E+00 -1.08320E+00
8.18263E+00 -1.08517E+00
8.25822E+00 -1.08618E+00
8.33488E+00 -1.08726E+00
8.41237E+00 -1.08735E+00
8.49048E+00 -1.08641E+00
8.56895E+00 -1.08549E+00
8.64758E+00 -1.08354E+00
8.72615E+00 -1.08056E+00
8.80445E+00 -1.07654E+00
8.88227E+00 -1.07149E+00
8.95941E+00 -1.06642E+00
9.03568E+00 -1.06031E+00
9.11091E+00 -1.05418E+00
9.18490E+00 -1.04701E+00
9.25749E+00 -1.03877E+00
9.32852E+00 -1.02949E+00
9.39782E+00 -1.02018E+00
9.46526E+00 -1.00982E+00
9.53067E+00 -9.99440E-01
9.59394E+00 -9.88007E-01
9.65493E+00 -9.75526E-01
9.71351E+00 -9.61998E-01
9.76958E+00 -9.48460E-01
9.82301E+00 -9.34917E-01
9.87372E+00 -9.19308E-01
9.92159E+00 -9.03704E-01
9.96655E+00 -8.88112E-01
1.00085E+01 -8.71507E-01
1.00474E+01 -8.53895E-01
1.00831E+01 -8.36318E-01
1.01157E+01 -8.17753E-01
1.01449E+01 -7.98209E-01
1.01708E+01 -7.78730E-01
1.01934E+01 -7.59325E-01
1.02126E+01 -7.37944E-01
1.02283E+01 -7.16662E-01
1.02406E+01 -6.95492E-01
1.02493E+01 -6.73416E-01
1.02546E+01 -6.50449E-01
1.02564E+01 -6.27638E-01
1.02546E+01 -6.03966E-01
1.02493E+01 -5.80481E-01
1.02406E+01 -5.56168E-01
1.02283E+01 -5.31046E-01
1.02126E+01 -5.06162E-01
1.01934E+01 -4.81537E-01
1.01709E+01 -4.55125E-01
1.01449E+01 -4.29010E-01
1.01157E+01 -4.03212E-01
1.00831E+01 -3.76720E-01
1.00474E+01 -3.49555E-01
1.00085E+01 -3.22770E-01
9.96656E+00 -2.95355E-01
9.92160E+00 -2.67333E-01
9.87372E+00 -2.39758E-01
9.82302E+00 -2.12654E-01
9.76958E+00 -1.83980E-01
9.71352E+00 -1.55824E-01
9.65493E+00 -1.28211E-01
9.59395E+00 -1.00132E-01
9.53068E+00 -7.16131E-02
9.46526E+00 -4.26783E-02
9.39783E+00 -1.43859E-02
9.32852E+00 1.42711E-02
9.25749E+00 4.22342E-02
9.18490E+00 7.05101E-02
9.11091E+00 9.90731E-02
9.03569E+00 1.27897E-01
8.95941E+00 1.55922E-01
8.88227E+00 1.84156E-01
8.80445E+00 2.11540E-01
8.72616E+00 2.39080E-01
8.64759E+00 2.66752E-01
8.56896E+00 2.94528E-01
8.49048E+00 3.22383E-01
8.41238E+00 3.49264E-01
8.33488E+00 3.76177E-01
8.25823E+00 4.03086E-01
8.18264E+00 4.28907E-01
8.10837E+00 4.54641E-01
8.03565E+00 4.81293E-01
7.96474E+00 5.05748E-01
7.89587E+00 5.31072E-01
7.82929E+00 5.56210E-01
7.76525E+00 5.80104E-01
7.70398E+00 6.03760E-01
7.64573E+00 6.27154E-01
7.59072E+00 6.50259E-01
7.53918E+00 6.73051E-01
7.49131E+00 6.95503E-01
7.44734E+00 7.16558E-01
7.40743E+00 7.38257E-01
7.37178E+00 7.58510E-01
7.34054E+00 7.78326E-01
7.31386E+00 7.97683E-01
7.29185E+00 8.17590E-01
7.27463E+00 8.35962E-01
7.26227E+00 8.53813E-01
7.25483E+00 8.71122E-01
7.25234E+00 8.87873E-01
