Will plot unflagged data


File # 1  = raise.vis
raise.vis 4.7863 GHz
Read 121 visibilities from all files

Baseline 4-5, plot 121 points
7.25234E+00 7.82874E-02
7.25483E+00 7.82872E-02
7.26227E+00 7.82867E-02
7.27463E+00 7.82860E-02
7.29185E+00 7.82849E-02
7.31386E+00 7.82835E-02
7.34054E+00 7.82818E-02
7.37178E+00 7.82798E-02
7.40743E+00 7.82775E-02
7.44733E+00 7.82750E-02
7.49131E+00 7.82720E-02
7.53917E+00 7.82689E-02
7.59071E+00 7.82655E-02
7.64572E+00 7.82619E-02
7.70398E+00 7.82580E-02
7.76524E+00 7.82538E-02
7.82929E+00 7.82493E-02
7.89586E+00 7.82449E-02
7.96473E+00 7.82402E-02
8.03565E+00 7.82350E-02
8.10836E+00 7.82302E-02
8.18263E+00 7.82249E-02
8.25822E+00 7.82193E-02
8.33488E+00 7.82139E-02
8.41237E+00 7.82084E-02
8.49048E+00 7.82026E-02
8.56895E+00 7.81971E-02
8.64758E+00 7.81914E-02
8.72615E+00 7.81855E-02
8.80445E+00 7.81795E-02
8.88227E+00 7.81733E-02
8.95941E+00 7.81675E-02
9.03568E+00 7.81615E-02
9.11091E+00 7.81560E-02
9.18490E+00 7.81503E-02
9.25749E+00 7.81446E-02
9.32852E+00 7.81387E-02
9.39782E+00 7.81333E-02
9.46526E+00 7.81278E-02
9.53067E+00 7.81228E-02
9.59394E+00 7.81178E-02
9.65493E+00 7.81127E-02
9.71351E+00 7.81075E-02
9.76958E+00 7.81029E-02
9.82301E+00 7.80989E-02
9.87372E+00 7.80942E-02
9.92159E+00 7.80902E-02
9.96655E+00 7.80868E-02
1.00085E+01 7.80833E-02
1.00474E+01 7.80798E-02
1.00831E+01 7.80770E-02
1.01157E+01 7.80742E-02
1.01449E+01 7.80714E-02
1.01708E+01 7.80693E-02
1.01934E+01 7.80678E-02
1.02126E+01 7.80657E-02
1.02283E+01 7.80643E-02
1.02406E+01 7.80635E-02
1.02493E+01 7.80628E-02
1.02546E+01 7.80621E-02
1.02564E+01 7.80621E-02
1.02546E+01 7.80621E-02
1.02493E+01 7.80628E-02
1.02406E+01 7.80635E-02
1.02283E+01 7.80643E-02
1.02126E+01 7.80657E-02
1.01934E+01 7.80678E-02
1.01709E+01 7.80693E-02
1.01449E+01 7.80714E-02
1.01157E+01 7.80742E-02
1.00831E+01 7.80771E-02
1.00474E+01 7.80798E-02
1.00085E+01 7.80833E-02
9.96656E+00 7.80868E-02
9.92160E+00 7.80902E-02
9.87372E+00 7.80942E-02
9.82302E+00 7.80989E-02
9.76958E+00 7.81029E-02
9.71352E+00 7.81075E-02
9.65493E+00 7.81127E-02
9.59395E+00 7.81178E-02
9.53068E+00 7.81228E-02
9.46526E+00 7.81278E-02
9.39783E+00 7.81333E-02
9.32852E+00 7.81387E-02
9.25749E+00 7.81446E-02
9.18490E+00 7.81503E-02
9.11091E+00 7.81560E-02
9.03569E+00 7.81615E-02
8.95941E+00 7.81675E-02
8.88227E+00 7.81733E-02
8.80445E+00 7.81795E-02
8.72616E+00 7.81855E-02
8.64759E+00 7.81914E-02
8.56896E+00 7.81971E-02
8.49048E+00 7.82026E-02
8.41238E+00 7.82084E-02
8.33488E+00 7.82139E-02
8.25823E+00 7.82193E-02
8.18264E+00 7.82249E-02
8.10837E+00 7.82302E-02
8.03565E+00 7.82350E-02
7.96474E+00 7.82402E-02
7.89587E+00 7.82449E-02
7.82929E+00 7.82493E-02
7.76525E+00 7.82538E-02
7.70398E+00 7.82580E-02
7.64573E+00 7.82619E-02
7.59072E+00 7.82655E-02
7.53918E+00 7.82689E-02
7.49131E+00 7.82720E-02
7.44734E+00 7.82750E-02
7.40743E+00 7.82775E-02
7.37178E+00 7.82798E-02
7.34054E+00 7.82818E-02
7.31386E+00 7.82835E-02
7.29185E+00 7.82849E-02
7.27463E+00 7.82860E-02
7.26227E+00 7.82868E-02
7.25483E+00 7.82872E-02
7.25234E+00 7.82874E-02
