Will plot unflagged data


File # 1  = raise.vis
raise.vis 0.4786 GHz
Read 121 visibilities from all files

Baseline 1-4, plot 121 points
2.41745E+00 8.63257E-02
2.41827E+00 8.63257E-02
2.42076E+00 8.63257E-02
2.42488E+00 8.63256E-02
2.43062E+00 8.63255E-02
2.43795E+00 8.63254E-02
2.44685E+00 8.63253E-02
2.45726E+00 8.63252E-02
2.46914E+00 8.63251E-02
2.48244E+00 8.63249E-02
2.49710E+00 8.63247E-02
2.51306E+00 8.63245E-02
2.53024E+00 8.63243E-02
2.54857E+00 8.63241E-02
2.56799E+00 8.63238E-02
2.58841E+00 8.63236E-02
2.60976E+00 8.63233E-02
2.63195E+00 8.63230E-02
2.65491E+00 8.63227E-02
2.67855E+00 8.63224E-02
2.70279E+00 8.63221E-02
2.72754E+00 8.63218E-02
2.75274E+00 8.63215E-02
2.77829E+00 8.63211E-02
2.80412E+00 8.63207E-02
2.83016E+00 8.63204E-02
2.85632E+00 8.63200E-02
2.88253E+00 8.63197E-02
2.90872E+00 8.63193E-02
2.93482E+00 8.63189E-02
2.96075E+00 8.63186E-02
2.98647E+00 8.63182E-02
3.01189E+00 8.63178E-02
3.03697E+00 8.63175E-02
3.06163E+00 8.63171E-02
3.08583E+00 8.63167E-02
3.10951E+00 8.63164E-02
3.13261E+00 8.63160E-02
3.15509E+00 8.63156E-02
3.17689E+00 8.63154E-02
3.19798E+00 8.63150E-02
3.21831E+00 8.63146E-02
3.23784E+00 8.63144E-02
3.25653E+00 8.63141E-02
3.27434E+00 8.63137E-02
3.29124E+00 8.63135E-02
3.30720E+00 8.63133E-02
3.32218E+00 8.63131E-02
3.33617E+00 8.63128E-02
3.34913E+00 8.63126E-02
3.36104E+00 8.63124E-02
3.37189E+00 8.63121E-02
3.38164E+00 8.63119E-02
3.39028E+00 8.63119E-02
3.39781E+00 8.63117E-02
3.40419E+00 8.63117E-02
3.40943E+00 8.63117E-02
3.41352E+00 8.63114E-02
3.41644E+00 8.63114E-02
3.41820E+00 8.63114E-02
3.41879E+00 8.63114E-02
3.41820E+00 8.63114E-02
3.41644E+00 8.63114E-02
3.41352E+00 8.63114E-02
3.40943E+00 8.63117E-02
3.40419E+00 8.63117E-02
3.39781E+00 8.63117E-02
3.39028E+00 8.63119E-02
3.38164E+00 8.63119E-02
3.37189E+00 8.63121E-02
3.36104E+00 8.63124E-02
3.34913E+00 8.63126E-02
3.33617E+00 8.63128E-02
3.32219E+00 8.63131E-02
3.30720E+00 8.63133E-02
3.29124E+00 8.63135E-02
3.27434E+00 8.63137E-02
3.25653E+00 8.63141E-02
3.23784E+00 8.63144E-02
3.21831E+00 8.63146E-02
3.19798E+00 8.63150E-02
3.17689E+00 8.63154E-02
3.15509E+00 8.63156E-02
3.13261E+00 8.63160E-02
3.10951E+00 8.63164E-02
3.08583E+00 8.63167E-02
3.06163E+00 8.63171E-02
3.03697E+00 8.63175E-02
3.01189E+00 8.63178E-02
2.98647E+00 8.63182E-02
2.96076E+00 8.63185E-02
2.93482E+00 8.63189E-02
2.90872E+00 8.63194E-02
2.88253E+00 8.63197E-02
2.85632E+00 8.63200E-02
2.83016E+00 8.63204E-02
2.80413E+00 8.63207E-02
2.77829E+00 8.63211E-02
2.75274E+00 8.63215E-02
2.72755E+00 8.63217E-02
2.70279E+00 8.63221E-02
2.67855E+00 8.63225E-02
2.65491E+00 8.63227E-02
2.63196E+00 8.63230E-02
2.60976E+00 8.63233E-02
2.58842E+00 8.63236E-02
2.56799E+00 8.63238E-02
2.54858E+00 8.63241E-02
2.53024E+00 8.63243E-02
2.51306E+00 8.63245E-02
2.49710E+00 8.63247E-02
2.48245E+00 8.63249E-02
2.46914E+00 8.63250E-02
2.45726E+00 8.63252E-02
2.44685E+00 8.63253E-02
2.43795E+00 8.63254E-02
2.43062E+00 8.63255E-02
2.42488E+00 8.63256E-02
2.42076E+00 8.63257E-02
2.41827E+00 8.63257E-02
2.41745E+00 8.63257E-02
