Will plot unflagged data


File # 1  = raise.vis
raise.vis 0.4786 GHz
Read 121 visibilities from all files

Baseline 1-4, plot 121 points
2.41745E+00 -1.75151E-01
2.41827E+00 -1.78498E-01
2.42076E+00 -1.81720E-01
2.42488E+00 -1.84811E-01
2.43062E+00 -1.86742E-01
2.43795E+00 -1.89561E-01
2.44685E+00 -1.92239E-01
2.45726E+00 -1.94770E-01
2.46914E+00 -1.97151E-01
2.48244E+00 -1.99378E-01
2.49710E+00 -2.01449E-01
2.51306E+00 -2.03359E-01
2.53024E+00 -2.05105E-01
2.54857E+00 -2.06683E-01
2.56799E+00 -2.08091E-01
2.58841E+00 -2.09326E-01
2.60976E+00 -2.10384E-01
2.63195E+00 -2.11262E-01
2.65491E+00 -2.11959E-01
2.67855E+00 -2.13502E-01
2.70279E+00 -2.13827E-01
2.72754E+00 -2.13963E-01
2.75274E+00 -2.14939E-01
2.77829E+00 -2.14690E-01
2.80412E+00 -2.14245E-01
2.83016E+00 -2.14635E-01
2.85632E+00 -2.13794E-01
2.88253E+00 -2.13785E-01
2.90872E+00 -2.13574E-01
2.93482E+00 -2.12128E-01
2.96075E+00 -2.11510E-01
2.98647E+00 -2.10687E-01
3.01189E+00 -2.09657E-01
3.03697E+00 -2.08422E-01
3.06163E+00 -2.06979E-01
3.08583E+00 -2.05328E-01
3.10951E+00 -2.03470E-01
3.13261E+00 -2.01404E-01
3.15509E+00 -1.99129E-01
3.17689E+00 -1.97679E-01
3.19798E+00 -1.94990E-01
3.21831E+00 -1.92093E-01
3.23784E+00 -1.90022E-01
3.25653E+00 -1.87745E-01
3.27434E+00 -1.84231E-01
3.29124E+00 -1.81545E-01
3.30720E+00 -1.78657E-01
3.32218E+00 -1.75567E-01
3.33617E+00 -1.72277E-01
3.34913E+00 -1.68788E-01
3.36104E+00 -1.65102E-01
3.37189E+00 -1.61222E-01
3.38164E+00 -1.57148E-01
3.39028E+00 -1.53916E-01
3.39781E+00 -1.49463E-01
3.40419E+00 -1.45855E-01
3.40943E+00 -1.42064E-01
3.41352E+00 -1.37059E-01
3.41644E+00 -1.32907E-01
3.41820E+00 -1.28580E-01
3.41879E+00 -1.24080E-01
3.41820E+00 -1.19410E-01
3.41644E+00 -1.14574E-01
3.41352E+00 -1.09574E-01
3.40943E+00 -1.05448E-01
3.40419E+00 -1.00132E-01
3.39781E+00 -9.46635E-02
3.39028E+00 -9.00789E-02
3.38164E+00 -8.43167E-02
3.37189E+00 -7.94459E-02
3.36104E+00 -7.44380E-02
3.34913E+00 -6.92972E-02
3.33617E+00 -6.40278E-02
3.32219E+00 -5.86340E-02
3.30720E+00 -5.31201E-02
3.29124E+00 -4.74909E-02
3.27434E+00 -4.17507E-02
3.25653E+00 -3.69366E-02
3.23784E+00 -3.09886E-02
3.21831E+00 -2.49437E-02
3.19798E+00 -1.98392E-02
3.17689E+00 -1.46477E-02
3.15509E+00 -8.34185E-03
3.13261E+00 -2.99110E-03
3.10951E+00 2.43158E-03
3.08583E+00 7.92114E-03
3.06163E+00 1.34725E-02
3.03697E+00 1.90802E-02
3.01189E+00 2.47393E-02
2.98647E+00 3.04443E-02
2.96076E+00 3.61900E-02
2.93482E+00 4.19709E-02
2.90872E+00 4.67501E-02
2.88253E+00 5.25856E-02
2.85632E+00 5.84402E-02
2.83016E+00 6.32771E-02
2.80413E+00 6.91537E-02
2.77829E+00 7.40021E-02
2.75274E+00 7.88481E-02
2.72755E+00 8.47172E-02
2.70279E+00 8.95421E-02
2.67855E+00 9.43484E-02
2.65491E+00 1.00161E-01
2.63196E+00 1.04914E-01
2.60976E+00 1.09632E-01
2.58842E+00 1.14310E-01
2.56799E+00 1.18943E-01
2.54858E+00 1.23525E-01
2.53024E+00 1.28051E-01
2.51306E+00 1.32516E-01
2.49710E+00 1.36915E-01
2.48245E+00 1.41243E-01
2.46914E+00 1.45495E-01
2.45726E+00 1.49665E-01
2.44685E+00 1.53749E-01
2.43795E+00 1.57742E-01
2.43062E+00 1.61639E-01
2.42488E+00 1.64409E-01
2.42076E+00 1.68101E-01
2.41827E+00 1.71682E-01
2.41745E+00 1.75149E-01
