Will plot unflagged data


File # 1  = raise.vis
raise.vis 0.4786 GHz
Read 121 visibilities from all files

Baseline 3-4, plot 121 points
4.66222E-01 -3.37796E-02
4.66382E-01 -3.39931E-02
4.66860E-01 -3.52080E-02
4.67655E-01 -3.53724E-02
4.68762E-01 -3.65368E-02
4.70177E-01 -3.66491E-02
4.71892E-01 -3.67340E-02
4.73900E-01 -3.78168E-02
4.76192E-01 -3.78448E-02
4.78757E-01 -3.88694E-02
4.81584E-01 -3.88377E-02
4.84661E-01 -3.87751E-02
4.87974E-01 -3.97072E-02
4.91511E-01 -3.95808E-02
4.95256E-01 -4.04480E-02
4.99194E-01 -4.02554E-02
5.03311E-01 -4.10553E-02
5.07591E-01 -4.07943E-02
5.12018E-01 -4.04980E-02
5.16577E-01 -4.11931E-02
5.21252E-01 -4.08253E-02
5.26026E-01 -4.14479E-02
5.30886E-01 -4.10068E-02
5.35814E-01 -4.15553E-02
5.40795E-01 -4.10392E-02
5.45816E-01 -4.15121E-02
5.50861E-01 -4.09196E-02
5.55916E-01 -4.13157E-02
5.60967E-01 -4.06456E-02
5.66000E-01 -4.09636E-02
5.71003E-01 -4.12424E-02
5.75962E-01 -4.04542E-02
5.80865E-01 -4.06537E-02
5.85701E-01 -3.97860E-02
5.90458E-01 -3.99058E-02
5.95124E-01 -3.99856E-02
5.99690E-01 -3.89977E-02
6.04146E-01 -3.89973E-02
6.08481E-01 -3.89569E-02
6.12686E-01 -3.78486E-02
6.16753E-01 -3.77281E-02
6.20674E-01 -3.75676E-02
6.24440E-01 -3.63395E-02
6.28044E-01 -3.60995E-02
6.31479E-01 -3.58200E-02
6.34739E-01 -3.55012E-02
6.37817E-01 -3.41154E-02
6.40707E-01 -3.37186E-02
6.43404E-01 -3.32832E-02
6.45904E-01 -3.28095E-02
6.48201E-01 -3.22979E-02
6.50292E-01 -3.07207E-02
6.52173E-01 -3.01341E-02
6.53840E-01 -2.95108E-02
6.55291E-01 -2.88511E-02
6.56523E-01 -2.81554E-02
6.57534E-01 -2.74242E-02
6.58322E-01 -2.66580E-02
6.58886E-01 -2.58574E-02
6.59224E-01 -2.50229E-02
6.59337E-01 -2.41550E-02
6.59224E-01 -2.32544E-02
6.58886E-01 -2.23217E-02
6.58322E-01 -2.13575E-02
6.57534E-01 -2.03625E-02
6.56523E-01 -1.93373E-02
6.55291E-01 -1.82827E-02
6.53840E-01 -1.71994E-02
6.52173E-01 -1.60881E-02
6.50292E-01 -1.49496E-02
6.48201E-01 -1.48126E-02
6.45904E-01 -1.36220E-02
6.43405E-01 -1.24066E-02
6.40707E-01 -1.11673E-02
6.37817E-01 -9.90478E-03
6.34739E-01 -9.64790E-03
6.31480E-01 -8.34171E-03
6.28044E-01 -7.01506E-03
6.24440E-01 -5.66882E-03
6.20674E-01 -5.33173E-03
6.16754E-01 -3.94910E-03
6.12686E-01 -2.54968E-03
6.08481E-01 -2.16215E-03
6.04146E-01 -7.32078E-04
5.99691E-01 7.11840E-04
5.95124E-01 1.14109E-03
5.90458E-01 2.60979E-03
5.85701E-01 4.08937E-03
5.80866E-01 4.55135E-03
5.75962E-01 6.04963E-03
5.71003E-01 6.52832E-03
5.66000E-01 8.04119E-03
5.60967E-01 9.55980E-03
5.55916E-01 1.00558E-02
5.50861E-01 1.15828E-02
5.45816E-01 1.20852E-02
5.40796E-01 1.36164E-02
5.35814E-01 1.41210E-02
5.30886E-01 1.56521E-02
5.26027E-01 1.61547E-02
5.21252E-01 1.76816E-02
5.16577E-01 1.81780E-02
5.12019E-01 1.96965E-02
5.07591E-01 2.01825E-02
5.03311E-01 2.06619E-02
4.99194E-01 2.21600E-02
4.95256E-01 2.26228E-02
4.91511E-01 2.41022E-02
4.87975E-01 2.45442E-02
4.84661E-01 2.60008E-02
4.81584E-01 2.64183E-02
4.78757E-01 2.68219E-02
4.76192E-01 2.82369E-02
4.73900E-01 2.86099E-02
4.71892E-01 2.99922E-02
4.70177E-01 3.03309E-02
4.68762E-01 3.06510E-02
4.67655E-01 3.19773E-02
4.66860E-01 3.22574E-02
4.66382E-01 3.35418E-02
4.66222E-01 3.37783E-02
