Will plot unflagged data


File # 1  = raise.vis
raise.vis 0.4786 GHz
Read 121 visibilities from all files

Baseline 3-4, plot 121 points
4.66222E-01 8.63259E-02
4.66382E-01 8.63259E-02
4.66860E-01 8.63259E-02
4.67655E-01 8.63258E-02
4.68762E-01 8.63258E-02
4.70177E-01 8.63258E-02
4.71892E-01 8.63258E-02
4.73900E-01 8.63258E-02
4.76192E-01 8.63258E-02
4.78757E-01 8.63258E-02
4.81584E-01 8.63258E-02
4.84661E-01 8.63258E-02
4.87974E-01 8.63258E-02
4.91511E-01 8.63258E-02
4.95256E-01 8.63258E-02
4.99194E-01 8.63258E-02
5.03311E-01 8.63258E-02
5.07591E-01 8.63257E-02
5.12018E-01 8.63257E-02
5.16577E-01 8.63257E-02
5.21252E-01 8.63257E-02
5.26026E-01 8.63257E-02
5.30886E-01 8.63256E-02
5.35814E-01 8.63256E-02
5.40795E-01 8.63256E-02
5.45816E-01 8.63256E-02
5.50861E-01 8.63256E-02
5.55916E-01 8.63256E-02
5.60967E-01 8.63256E-02
5.66000E-01 8.63256E-02
5.71003E-01 8.63256E-02
5.75962E-01 8.63255E-02
5.80865E-01 8.63255E-02
5.85701E-01 8.63255E-02
5.90458E-01 8.63255E-02
5.95124E-01 8.63255E-02
5.99690E-01 8.63255E-02
6.04146E-01 8.63254E-02
6.08481E-01 8.63254E-02
6.12686E-01 8.63254E-02
6.16753E-01 8.63254E-02
6.20674E-01 8.63254E-02
6.24440E-01 8.63254E-02
6.28044E-01 8.63254E-02
6.31479E-01 8.63254E-02
6.34739E-01 8.63254E-02
6.37817E-01 8.63253E-02
6.40707E-01 8.63253E-02
6.43404E-01 8.63253E-02
6.45904E-01 8.63253E-02
6.48201E-01 8.63253E-02
6.50292E-01 8.63253E-02
6.52173E-01 8.63253E-02
6.53840E-01 8.63253E-02
6.55291E-01 8.63253E-02
6.56523E-01 8.63253E-02
6.57534E-01 8.63253E-02
6.58322E-01 8.63253E-02
6.58886E-01 8.63253E-02
6.59224E-01 8.63253E-02
6.59337E-01 8.63253E-02
6.59224E-01 8.63253E-02
6.58886E-01 8.63253E-02
6.58322E-01 8.63253E-02
6.57534E-01 8.63253E-02
6.56523E-01 8.63253E-02
6.55291E-01 8.63253E-02
6.53840E-01 8.63253E-02
6.52173E-01 8.63253E-02
6.50292E-01 8.63253E-02
6.48201E-01 8.63253E-02
6.45904E-01 8.63253E-02
6.43405E-01 8.63253E-02
6.40707E-01 8.63253E-02
6.37817E-01 8.63253E-02
6.34739E-01 8.63254E-02
6.31480E-01 8.63254E-02
6.28044E-01 8.63254E-02
6.24440E-01 8.63254E-02
6.20674E-01 8.63254E-02
6.16754E-01 8.63254E-02
6.12686E-01 8.63254E-02
6.08481E-01 8.63254E-02
6.04146E-01 8.63254E-02
5.99691E-01 8.63254E-02
5.95124E-01 8.63255E-02
5.90458E-01 8.63255E-02
5.85701E-01 8.63255E-02
5.80866E-01 8.63255E-02
5.75962E-01 8.63255E-02
5.71003E-01 8.63256E-02
5.66000E-01 8.63256E-02
5.60967E-01 8.63256E-02
5.55916E-01 8.63256E-02
5.50861E-01 8.63256E-02
5.45816E-01 8.63256E-02
5.40796E-01 8.63256E-02
5.35814E-01 8.63256E-02
5.30886E-01 8.63257E-02
5.26027E-01 8.63257E-02
5.21252E-01 8.63257E-02
5.16577E-01 8.63257E-02
5.12019E-01 8.63257E-02
5.07591E-01 8.63257E-02
5.03311E-01 8.63257E-02
4.99194E-01 8.63257E-02
4.95256E-01 8.63258E-02
4.91511E-01 8.63258E-02
4.87975E-01 8.63258E-02
4.84661E-01 8.63258E-02
4.81584E-01 8.63258E-02
4.78757E-01 8.63258E-02
4.76192E-01 8.63258E-02
4.73900E-01 8.63258E-02
4.71892E-01 8.63258E-02
4.70177E-01 8.63258E-02
4.68762E-01 8.63258E-02
4.67655E-01 8.63258E-02
4.66860E-01 8.63259E-02
4.66382E-01 8.63258E-02
4.66222E-01 8.63258E-02
