Will plot unflagged data


File # 1  = raise.vis
raise.vis 1.5136 GHz
Read 121 visibilities from all files

Baseline 2-5, plot 121 points
9.39198E+00 -1.18410E+00
9.39520E+00 -1.20597E+00
9.40484E+00 -1.22592E+00
9.42085E+00 -1.24600E+00
9.44315E+00 -1.26516E+00
9.47165E+00 -1.28338E+00
9.50621E+00 -1.30063E+00
9.54666E+00 -1.31689E+00
9.59283E+00 -1.33215E+00
9.64450E+00 -1.34637E+00
9.70146E+00 -1.36058E+00
9.76344E+00 -1.37267E+00
9.83019E+00 -1.38470E+00
9.90143E+00 -1.39562E+00
9.97686E+00 -1.40540E+00
1.00562E+01 -1.41404E+00
1.01391E+01 -1.42256E+00
1.02254E+01 -1.42887E+00
1.03145E+01 -1.43495E+00
1.04064E+01 -1.43976E+00
1.05006E+01 -1.44432E+00
1.05967E+01 -1.44758E+00
1.06946E+01 -1.44953E+00
1.07939E+01 -1.45018E+00
1.08943E+01 -1.45053E+00
1.09954E+01 -1.44955E+00
1.10970E+01 -1.44723E+00
1.11989E+01 -1.44458E+00
1.13006E+01 -1.44058E+00
1.14020E+01 -1.43520E+00
1.15028E+01 -1.42948E+00
1.16027E+01 -1.42239E+00
1.17015E+01 -1.41390E+00
1.17989E+01 -1.40507E+00
1.18947E+01 -1.39587E+00
1.19887E+01 -1.38528E+00
1.20807E+01 -1.37329E+00
1.21704E+01 -1.36095E+00
1.22578E+01 -1.34722E+00
1.23425E+01 -1.33311E+00
1.24244E+01 -1.31758E+00
1.25034E+01 -1.30064E+00
1.25793E+01 -1.28333E+00
1.26519E+01 -1.26565E+00
1.27211E+01 -1.24658E+00
1.27867E+01 -1.22715E+00
1.28487E+01 -1.20635E+00
1.29070E+01 -1.18419E+00
1.29613E+01 -1.16274E+00
1.30117E+01 -1.13891E+00
1.30579E+01 -1.11581E+00
1.31001E+01 -1.09037E+00
1.31379E+01 -1.06568E+00
1.31715E+01 -1.03866E+00
1.32008E+01 -1.01244E+00
1.32256E+01 -9.84953E-01
1.32459E+01 -9.56223E-01
1.32618E+01 -9.27301E-01
1.32732E+01 -8.98203E-01
1.32800E+01 -8.67917E-01
1.32823E+01 -8.37494E-01
1.32800E+01 -8.05925E-01
1.32732E+01 -7.74262E-01
1.32618E+01 -7.41495E-01
1.32459E+01 -7.08681E-01
1.32256E+01 -6.75843E-01
1.32008E+01 -6.41972E-01
1.31715E+01 -6.07095E-01
1.31379E+01 -5.73303E-01
1.31001E+01 -5.37523E-01
1.30579E+01 -5.02882E-01
1.30117E+01 -4.66308E-01
1.29613E+01 -4.30929E-01
1.29070E+01 -3.93675E-01
1.28487E+01 -3.57672E-01
1.27867E+01 -3.20886E-01
1.27211E+01 -2.83348E-01
1.26519E+01 -2.46117E-01
1.25793E+01 -2.08195E-01
1.25034E+01 -1.70642E-01
1.24244E+01 -1.33487E-01
1.23425E+01 -9.57320E-02
1.22578E+01 -5.74082E-02
1.21704E+01 -1.95940E-02
1.20807E+01 1.86905E-02
1.19887E+01 5.63839E-02
1.18947E+01 9.44808E-02
1.17989E+01 1.32948E-01
1.17015E+01 1.70722E-01
1.16027E+01 2.07766E-01
1.15028E+01 2.45077E-01
1.14020E+01 2.82621E-01
1.13006E+01 3.19330E-01
1.11989E+01 3.56202E-01
1.10970E+01 3.93201E-01
1.09954E+01 4.29259E-01
1.08943E+01 4.65373E-01
1.07939E+01 5.01507E-01
1.06946E+01 5.36595E-01
1.05967E+01 5.71636E-01
1.05006E+01 6.06595E-01
1.04064E+01 6.41442E-01
1.03146E+01 6.75116E-01
1.02254E+01 7.08621E-01
1.01391E+01 7.40889E-01
1.00562E+01 7.73877E-01
9.97687E+00 8.05493E-01
9.90143E+00 8.36737E-01
9.83019E+00 8.67581E-01
9.76344E+00 8.97995E-01
9.70146E+00 9.26917E-01
9.64451E+00 9.56380E-01
9.59283E+00 9.84287E-01
9.54667E+00 1.01164E+00
9.50621E+00 1.03840E+00
9.47165E+00 1.06455E+00
9.44316E+00 1.09006E+00
9.42085E+00 1.11489E+00
9.40484E+00 1.13902E+00
9.39520E+00 1.16141E+00
9.39198E+00 1.18409E+00
