Will plot unflagged data


File # 1  = raise.vis
raise.vis 1.5136 GHz
Read 121 visibilities from all files

Baseline 2-5, plot 121 points
9.39198E+00 8.18783E-02
9.39520E+00 8.18780E-02
9.40484E+00 8.18771E-02
9.42085E+00 8.18755E-02
9.44315E+00 8.18735E-02
9.47165E+00 8.18708E-02
9.50621E+00 8.18675E-02
9.54666E+00 8.18636E-02
9.59283E+00 8.18591E-02
9.64450E+00 8.18541E-02
9.70146E+00 8.18487E-02
9.76344E+00 8.18424E-02
9.83019E+00 8.18360E-02
9.90143E+00 8.18290E-02
9.97686E+00 8.18214E-02
1.00562E+01 8.18134E-02
1.01391E+01 8.18053E-02
1.02254E+01 8.17963E-02
1.03145E+01 8.17873E-02
1.04064E+01 8.17778E-02
1.05006E+01 8.17684E-02
1.05967E+01 8.17586E-02
1.06946E+01 8.17483E-02
1.07939E+01 8.17377E-02
1.08943E+01 8.17273E-02
1.09954E+01 8.17165E-02
1.10970E+01 8.17053E-02
1.11989E+01 8.16945E-02
1.13006E+01 8.16834E-02
1.14020E+01 8.16719E-02
1.15028E+01 8.16609E-02
1.16027E+01 8.16497E-02
1.17015E+01 8.16381E-02
1.17989E+01 8.16271E-02
1.18947E+01 8.16168E-02
1.19887E+01 8.16062E-02
1.20807E+01 8.15954E-02
1.21704E+01 8.15853E-02
1.22578E+01 8.15752E-02
1.23425E+01 8.15656E-02
1.24244E+01 8.15559E-02
1.25034E+01 8.15461E-02
1.25793E+01 8.15371E-02
1.26519E+01 8.15289E-02
1.27211E+01 8.15206E-02
1.27867E+01 8.15131E-02
1.28487E+01 8.15056E-02
1.29070E+01 8.14980E-02
1.29613E+01 8.14922E-02
1.30117E+01 8.14855E-02
1.30579E+01 8.14807E-02
1.31001E+01 8.14748E-02
1.31379E+01 8.14708E-02
1.31715E+01 8.14659E-02
1.32008E+01 8.14629E-02
1.32256E+01 8.14600E-02
1.32459E+01 8.14570E-02
1.32618E+01 8.14550E-02
1.32732E+01 8.14540E-02
1.32800E+01 8.14530E-02
1.32823E+01 8.14530E-02
1.32800E+01 8.14530E-02
1.32732E+01 8.14540E-02
1.32618E+01 8.14550E-02
1.32459E+01 8.14570E-02
1.32256E+01 8.14600E-02
1.32008E+01 8.14629E-02
1.31715E+01 8.14659E-02
1.31379E+01 8.14708E-02
1.31001E+01 8.14748E-02
1.30579E+01 8.14806E-02
1.30117E+01 8.14855E-02
1.29613E+01 8.14922E-02
1.29070E+01 8.14980E-02
1.28487E+01 8.15056E-02
1.27867E+01 8.15131E-02
1.27211E+01 8.15206E-02
1.26519E+01 8.15289E-02
1.25793E+01 8.15371E-02
1.25034E+01 8.15461E-02
1.24244E+01 8.15559E-02
1.23425E+01 8.15656E-02
1.22578E+01 8.15751E-02
1.21704E+01 8.15854E-02
1.20807E+01 8.15954E-02
1.19887E+01 8.16062E-02
1.18947E+01 8.16168E-02
1.17989E+01 8.16271E-02
1.17015E+01 8.16381E-02
1.16027E+01 8.16497E-02
1.15028E+01 8.16609E-02
1.14020E+01 8.16719E-02
1.13006E+01 8.16834E-02
1.11989E+01 8.16945E-02
1.10970E+01 8.17053E-02
1.09954E+01 8.17165E-02
1.08943E+01 8.17273E-02
1.07939E+01 8.17377E-02
1.06946E+01 8.17483E-02
1.05967E+01 8.17586E-02
1.05006E+01 8.17684E-02
1.04064E+01 8.17778E-02
1.03146E+01 8.17873E-02
1.02254E+01 8.17964E-02
1.01391E+01 8.18053E-02
1.00562E+01 8.18134E-02
9.97687E+00 8.18215E-02
9.90143E+00 8.18290E-02
9.83019E+00 8.18359E-02
9.76344E+00 8.18425E-02
9.70146E+00 8.18487E-02
9.64451E+00 8.18541E-02
9.59283E+00 8.18591E-02
9.54667E+00 8.18636E-02
9.50621E+00 8.18675E-02
9.47165E+00 8.18708E-02
9.44316E+00 8.18735E-02
9.42085E+00 8.18755E-02
9.40484E+00 8.18771E-02
9.39520E+00 8.18780E-02
9.39198E+00 8.18783E-02
