Will plot unflagged data


File # 1  = raise.vis
raise.vis 0.1514 GHz
Read 121 visibilities from all files

Baseline 1-4, plot 121 points
7.64464E-01 -9.63804E-02
7.64726E-01 -9.78642E-02
7.65510E-01 -1.00305E-01
7.66813E-01 -1.01649E-01
7.68629E-01 -1.02919E-01
7.70948E-01 -1.04113E-01
7.73761E-01 -1.06255E-01
7.77054E-01 -1.07291E-01
7.80812E-01 -1.08245E-01
7.85018E-01 -1.10141E-01
7.89653E-01 -1.10924E-01
7.94698E-01 -1.11618E-01
8.00131E-01 -1.13250E-01
8.05930E-01 -1.13762E-01
8.12070E-01 -1.14180E-01
8.18529E-01 -1.15531E-01
8.25279E-01 -1.15757E-01
8.32297E-01 -1.16913E-01
8.39556E-01 -1.16940E-01
8.47031E-01 -1.16866E-01
8.54696E-01 -1.17717E-01
8.62525E-01 -1.17436E-01
8.70493E-01 -1.18078E-01
8.78573E-01 -1.18614E-01
8.86742E-01 -1.18013E-01
8.94975E-01 -1.18333E-01
9.03247E-01 -1.17514E-01
9.11535E-01 -1.17615E-01
9.19817E-01 -1.17604E-01
9.28070E-01 -1.16452E-01
9.36273E-01 -1.16217E-01
9.44404E-01 -1.15870E-01
9.52444E-01 -1.15409E-01
9.60374E-01 -1.14835E-01
9.68173E-01 -1.14146E-01
9.75825E-01 -1.13344E-01
9.83312E-01 -1.12427E-01
9.90617E-01 -1.11395E-01
9.97726E-01 -1.10249E-01
1.00462E+00 -1.08989E-01
1.01129E+00 -1.07615E-01
1.01772E+00 -1.06126E-01
1.02389E+00 -1.04524E-01
1.02980E+00 -1.02808E-01
1.03544E+00 -1.02011E-01
1.04078E+00 -1.00070E-01
1.04583E+00 -9.80183E-02
1.05057E+00 -9.68862E-02
1.05499E+00 -9.46131E-02
1.05909E+00 -9.32616E-02
1.06286E+00 -9.07708E-02
1.06628E+00 -8.92037E-02
1.06937E+00 -8.64992E-02
1.07210E+00 -8.47207E-02
1.07448E+00 -8.28384E-02
1.07650E+00 -7.98223E-02
1.07816E+00 -7.77361E-02
1.07945E+00 -7.55500E-02
1.08037E+00 -7.32657E-02
1.08093E+00 -7.08846E-02
1.08112E+00 -6.84083E-02
1.08093E+00 -6.58387E-02
1.08037E+00 -6.31775E-02
1.07945E+00 -6.04263E-02
1.07816E+00 -5.75873E-02
1.07650E+00 -5.46622E-02
1.07448E+00 -5.26842E-02
1.07210E+00 -4.95932E-02
1.06937E+00 -4.64224E-02
1.06628E+00 -4.42050E-02
1.06286E+00 -4.08811E-02
1.05909E+00 -3.85150E-02
1.05499E+00 -3.50472E-02
1.05057E+00 -3.25419E-02
1.04583E+00 -2.89396E-02
1.04078E+00 -2.63047E-02
1.03544E+00 -2.36086E-02
1.02980E+00 -1.98234E-02
1.02389E+00 -1.70130E-02
1.01772E+00 -1.41492E-02
1.01129E+00 -1.12349E-02
1.00462E+00 -8.27259E-03
9.97726E-01 -5.26512E-03
9.90618E-01 -2.21520E-03
9.83312E-01 8.74300E-04
9.75825E-01 4.00067E-03
9.68174E-01 7.16095E-03
9.60374E-01 1.03524E-02
9.52445E-01 1.35719E-02
9.44405E-01 1.68168E-02
9.36273E-01 2.00840E-02
9.28071E-01 2.33707E-02
9.19818E-01 2.56440E-02
9.11536E-01 2.89607E-02
9.03247E-01 3.22879E-02
8.94975E-01 3.45930E-02
8.86743E-01 3.79323E-02
8.78574E-01 4.02439E-02
8.70493E-01 4.35834E-02
8.62526E-01 4.69184E-02
8.54697E-01 4.92171E-02
8.47032E-01 5.25343E-02
8.39557E-01 5.48095E-02
8.32297E-01 5.70686E-02
8.25279E-01 6.03370E-02
8.18529E-01 6.25548E-02
8.12071E-01 6.57758E-02
8.05930E-01 6.79408E-02
8.00132E-01 7.00751E-02
7.94699E-01 7.32033E-02
7.89654E-01 7.52675E-02
7.85018E-01 7.72923E-02
7.80812E-01 8.03023E-02
7.77054E-01 8.22402E-02
7.73761E-01 8.41307E-02
7.70949E-01 8.69974E-02
7.68629E-01 8.87847E-02
7.66813E-01 9.05164E-02
7.65510E-01 9.21901E-02
7.64726E-01 9.48290E-02
7.64464E-01 9.63788E-02
