Will plot unflagged data


File # 1  = raise.vis
raise.vis 4.7863 GHz
Read 121 visibilities from all files

Baseline 2-4, plot 121 points
2.24477E+01 -6.07545E+00
2.24554E+01 -6.18602E+00
2.24784E+01 -6.29195E+00
2.25167E+01 -6.39365E+00
2.25700E+01 -6.49090E+00
2.26381E+01 -6.58404E+00
2.27207E+01 -6.67243E+00
2.28174E+01 -6.75712E+00
2.29278E+01 -6.83621E+00
2.30513E+01 -6.91006E+00
2.31874E+01 -6.98096E+00
2.33355E+01 -7.04589E+00
2.34951E+01 -7.10512E+00
2.36653E+01 -7.16106E+00
2.38456E+01 -7.21185E+00
2.40353E+01 -7.25647E+00
2.42335E+01 -7.29732E+00
2.44396E+01 -7.33313E+00
2.46527E+01 -7.36330E+00
2.48722E+01 -7.38922E+00
2.50973E+01 -7.41009E+00
2.53272E+01 -7.42511E+00
2.55612E+01 -7.43545E+00
2.57984E+01 -7.44028E+00
2.60383E+01 -7.44068E+00
2.62800E+01 -7.43490E+00
2.65229E+01 -7.42528E+00
2.67663E+01 -7.40994E+00
2.70095E+01 -7.38989E+00
2.72519E+01 -7.36453E+00
2.74927E+01 -7.33410E+00
2.77315E+01 -7.29769E+00
2.79676E+01 -7.25754E+00
2.82004E+01 -7.21205E+00
2.84294E+01 -7.16234E+00
2.86541E+01 -7.10646E+00
2.88740E+01 -7.04658E+00
2.90885E+01 -6.98179E+00
2.92972E+01 -6.91166E+00
2.94997E+01 -6.83729E+00
2.96955E+01 -6.75776E+00
2.98843E+01 -6.67417E+00
3.00656E+01 -6.58557E+00
3.02392E+01 -6.49310E+00
3.04046E+01 -6.39551E+00
3.05615E+01 -6.29381E+00
3.07097E+01 -6.18813E+00
3.08489E+01 -6.07751E+00
3.09787E+01 -5.96305E+00
3.10991E+01 -5.84481E+00
3.12097E+01 -5.72184E+00
3.13104E+01 -5.59523E+00
3.14009E+01 -5.46506E+00
3.14812E+01 -5.33140E+00
3.15510E+01 -5.19323E+00
3.16104E+01 -5.05266E+00
3.16590E+01 -4.90777E+00
3.16970E+01 -4.75966E+00
3.17241E+01 -4.60845E+00
3.17404E+01 -4.45422E+00
3.17459E+01 -4.29607E+00
3.17404E+01 -4.13615E+00
3.17241E+01 -3.97252E+00
3.16970E+01 -3.80631E+00
3.16590E+01 -3.63766E+00
3.16104E+01 -3.46666E+00
3.15511E+01 -3.29241E+00
3.14812E+01 -3.11708E+00
3.14009E+01 -2.93875E+00
3.13104E+01 -2.75867E+00
3.12097E+01 -2.57696E+00
3.10991E+01 -2.39378E+00
3.09787E+01 -2.20822E+00
3.08489E+01 -2.02146E+00
3.07097E+01 -1.83364E+00
3.05615E+01 -1.64387E+00
3.04046E+01 -1.45330E+00
3.02392E+01 -1.26201E+00
3.00656E+01 -1.06919E+00
2.98843E+01 -8.76270E-01
2.96955E+01 -6.82315E-01
2.94997E+01 -4.88466E-01
2.92972E+01 -2.93815E-01
2.90885E+01 -9.94517E-02
2.88740E+01 9.55340E-02
2.86541E+01 2.90534E-01
2.84295E+01 4.84463E-01
2.82004E+01 6.79314E-01
2.79676E+01 8.72985E-01
2.77315E+01 1.06642E+00
2.74927E+01 1.25787E+00
2.72519E+01 1.44941E+00
2.70095E+01 1.63997E+00
2.67663E+01 1.82966E+00
2.65230E+01 2.01772E+00
2.62801E+01 2.20504E+00
2.60383E+01 2.38959E+00
2.57984E+01 2.57358E+00
2.55612E+01 2.75514E+00
2.53272E+01 2.93522E+00
2.50973E+01 3.11288E+00
2.48722E+01 3.28918E+00
2.46528E+01 3.46321E+00
2.44396E+01 3.63408E+00
2.42335E+01 3.80306E+00
2.40353E+01 3.96948E+00
2.38457E+01 4.13198E+00
2.36653E+01 4.29287E+00
2.34951E+01 4.45105E+00
2.33355E+01 4.60461E+00
2.31874E+01 4.75589E+00
2.30513E+01 4.90509E+00
2.29278E+01 5.04915E+00
2.28174E+01 5.19030E+00
2.27207E+01 5.32886E+00
2.26381E+01 5.46289E+00
2.25700E+01 5.59342E+00
2.25167E+01 5.71978E+00
2.24784E+01 5.84228E+00
2.24554E+01 5.96070E+00
2.24477E+01 6.07543E+00
