Will plot unflagged data


File # 1  = raise.vis
raise.vis 4.7863 GHz
Read 121 visibilities from all files

Baseline 2-4, plot 121 points
2.24477E+01 5.76068E-01
2.24554E+01 5.76007E-01
2.24784E+01 5.75823E-01
2.25167E+01 5.75518E-01
2.25700E+01 5.75098E-01
2.26381E+01 5.74570E-01
2.27207E+01 5.73936E-01
2.28174E+01 5.73213E-01
2.29278E+01 5.72397E-01
2.30513E+01 5.71496E-01
2.31874E+01 5.70543E-01
2.33355E+01 5.69521E-01
2.34951E+01 5.68438E-01
2.36653E+01 5.67330E-01
2.38456E+01 5.66187E-01
2.40353E+01 5.65005E-01
2.42335E+01 5.63817E-01
2.44396E+01 5.62616E-01
2.46527E+01 5.61402E-01
2.48722E+01 5.60194E-01
2.50973E+01 5.58989E-01
2.53272E+01 5.57780E-01
2.55612E+01 5.56585E-01
2.57984E+01 5.55395E-01
2.60383E+01 5.54227E-01
2.62800E+01 5.53061E-01
2.65229E+01 5.51928E-01
2.67663E+01 5.50805E-01
2.70095E+01 5.49707E-01
2.72519E+01 5.48627E-01
2.74927E+01 5.47570E-01
2.77315E+01 5.46525E-01
2.79676E+01 5.45521E-01
2.82004E+01 5.44539E-01
2.84294E+01 5.43593E-01
2.86541E+01 5.42660E-01
2.88740E+01 5.41768E-01
2.90885E+01 5.40906E-01
2.92972E+01 5.40067E-01
2.94997E+01 5.39268E-01
2.96955E+01 5.38496E-01
2.98843E+01 5.37765E-01
3.00656E+01 5.37063E-01
3.02392E+01 5.36405E-01
3.04046E+01 5.35773E-01
3.05615E+01 5.35182E-01
3.07097E+01 5.34631E-01
3.08489E+01 5.34109E-01
3.09787E+01 5.33628E-01
3.10991E+01 5.33188E-01
3.12097E+01 5.32777E-01
3.13104E+01 5.32408E-01
3.14009E+01 5.32080E-01
3.14812E+01 5.31794E-01
3.15510E+01 5.31536E-01
3.16104E+01 5.31331E-01
3.16590E+01 5.31154E-01
3.16970E+01 5.31018E-01
3.17241E+01 5.30922E-01
3.17404E+01 5.30868E-01
3.17459E+01 5.30840E-01
3.17404E+01 5.30868E-01
3.17241E+01 5.30922E-01
3.16970E+01 5.31018E-01
3.16590E+01 5.31154E-01
3.16104E+01 5.31331E-01
3.15511E+01 5.31536E-01
3.14812E+01 5.31794E-01
3.14009E+01 5.32080E-01
3.13104E+01 5.32407E-01
3.12097E+01 5.32777E-01
3.10991E+01 5.33188E-01
3.09787E+01 5.33627E-01
3.08489E+01 5.34108E-01
3.07097E+01 5.34631E-01
3.05615E+01 5.35182E-01
3.04046E+01 5.35773E-01
3.02392E+01 5.36405E-01
3.00656E+01 5.37063E-01
2.98843E+01 5.37765E-01
2.96955E+01 5.38496E-01
2.94997E+01 5.39268E-01
2.92972E+01 5.40067E-01
2.90885E+01 5.40906E-01
2.88740E+01 5.41768E-01
2.86541E+01 5.42660E-01
2.84295E+01 5.43593E-01
2.82004E+01 5.44539E-01
2.79676E+01 5.45521E-01
2.77315E+01 5.46525E-01
2.74927E+01 5.47570E-01
2.72519E+01 5.48628E-01
2.70095E+01 5.49707E-01
2.67663E+01 5.50805E-01
2.65230E+01 5.51928E-01
2.62801E+01 5.53061E-01
2.60383E+01 5.54227E-01
2.57984E+01 5.55395E-01
2.55612E+01 5.56585E-01
2.53272E+01 5.57780E-01
2.50973E+01 5.58989E-01
2.48722E+01 5.60194E-01
2.46528E+01 5.61402E-01
2.44396E+01 5.62616E-01
2.42335E+01 5.63817E-01
2.40353E+01 5.65005E-01
2.38457E+01 5.66187E-01
2.36653E+01 5.67330E-01
2.34951E+01 5.68438E-01
2.33355E+01 5.69521E-01
2.31874E+01 5.70543E-01
2.30513E+01 5.71497E-01
2.29278E+01 5.72397E-01
2.28174E+01 5.73213E-01
2.27207E+01 5.73936E-01
2.26381E+01 5.74570E-01
2.25700E+01 5.75098E-01
2.25167E+01 5.75518E-01
2.24784E+01 5.75823E-01
2.24554E+01 5.76007E-01
2.24477E+01 5.76068E-01
