Will plot unflagged data


File # 1  = raise.vis
raise.vis 0.4786 GHz
Read 121 visibilities from all files

Baseline 4-5, plot 121 points
7.25234E-01 2.94909E+00
7.25482E-01 2.94909E+00
7.26227E-01 2.94908E+00
7.27463E-01 2.94908E+00
7.29185E-01 2.94908E+00
7.31386E-01 2.94907E+00
7.34054E-01 2.94906E+00
7.37178E-01 2.94906E+00
7.40743E-01 2.94905E+00
7.44733E-01 2.94904E+00
7.49131E-01 2.94903E+00
7.53917E-01 2.94902E+00
7.59071E-01 2.94900E+00
7.64572E-01 2.94899E+00
7.70398E-01 2.94898E+00
7.76524E-01 2.94896E+00
7.82929E-01 2.94895E+00
7.89586E-01 2.94893E+00
7.96473E-01 2.94891E+00
8.03565E-01 2.94890E+00
8.10836E-01 2.94888E+00
8.18263E-01 2.94886E+00
8.25822E-01 2.94884E+00
8.33488E-01 2.94882E+00
8.41237E-01 2.94880E+00
8.49047E-01 2.94878E+00
8.56895E-01 2.94875E+00
8.64758E-01 2.94874E+00
8.72615E-01 2.94871E+00
8.80445E-01 2.94869E+00
8.88226E-01 2.94867E+00
8.95941E-01 2.94864E+00
9.03568E-01 2.94863E+00
9.11090E-01 2.94861E+00
9.18490E-01 2.94858E+00
9.25749E-01 2.94856E+00
9.32852E-01 2.94854E+00
9.39782E-01 2.94852E+00
9.46526E-01 2.94850E+00
9.53067E-01 2.94848E+00
9.59394E-01 2.94846E+00
9.65493E-01 2.94845E+00
9.71351E-01 2.94842E+00
9.76958E-01 2.94840E+00
9.82301E-01 2.94839E+00
9.87372E-01 2.94838E+00
9.92159E-01 2.94835E+00
9.96655E-01 2.94834E+00
1.00085E+00 2.94833E+00
1.00474E+00 2.94832E+00
1.00831E+00 2.94831E+00
1.01157E+00 2.94830E+00
1.01449E+00 2.94828E+00
1.01708E+00 2.94828E+00
1.01934E+00 2.94827E+00
1.02126E+00 2.94827E+00
1.02283E+00 2.94826E+00
1.02406E+00 2.94826E+00
1.02493E+00 2.94826E+00
1.02546E+00 2.94825E+00
1.02564E+00 2.94825E+00
1.02546E+00 2.94825E+00
1.02493E+00 2.94826E+00
1.02406E+00 2.94826E+00
1.02283E+00 2.94826E+00
1.02126E+00 2.94827E+00
1.01934E+00 2.94827E+00
1.01708E+00 2.94828E+00
1.01449E+00 2.94828E+00
1.01157E+00 2.94830E+00
1.00831E+00 2.94831E+00
1.00474E+00 2.94832E+00
1.00085E+00 2.94833E+00
9.96656E-01 2.94834E+00
9.92160E-01 2.94835E+00
9.87372E-01 2.94838E+00
9.82302E-01 2.94839E+00
9.76958E-01 2.94840E+00
9.71352E-01 2.94842E+00
9.65493E-01 2.94845E+00
9.59395E-01 2.94846E+00
9.53068E-01 2.94848E+00
9.46526E-01 2.94850E+00
9.39783E-01 2.94852E+00
9.32852E-01 2.94854E+00
9.25749E-01 2.94856E+00
9.18490E-01 2.94858E+00
9.11091E-01 2.94861E+00
9.03569E-01 2.94863E+00
8.95941E-01 2.94864E+00
8.88227E-01 2.94867E+00
8.80445E-01 2.94869E+00
8.72616E-01 2.94871E+00
8.64759E-01 2.94874E+00
8.56896E-01 2.94875E+00
8.49048E-01 2.94878E+00
8.41238E-01 2.94880E+00
8.33488E-01 2.94882E+00
8.25822E-01 2.94884E+00
8.18264E-01 2.94886E+00
8.10837E-01 2.94888E+00
8.03565E-01 2.94890E+00
7.96474E-01 2.94891E+00
7.89587E-01 2.94893E+00
7.82929E-01 2.94895E+00
7.76525E-01 2.94896E+00
7.70398E-01 2.94898E+00
7.64573E-01 2.94899E+00
7.59072E-01 2.94900E+00
7.53917E-01 2.94902E+00
7.49131E-01 2.94903E+00
7.44734E-01 2.94904E+00
7.40743E-01 2.94905E+00
7.37178E-01 2.94906E+00
7.34054E-01 2.94907E+00
7.31386E-01 2.94907E+00
7.29185E-01 2.94908E+00
7.27463E-01 2.94908E+00
7.26227E-01 2.94908E+00
7.25482E-01 2.94909E+00
7.25234E-01 2.94909E+00
