Will plot unflagged data


File # 1  = raise.vis
raise.vis 0.4786 GHz
Read 121 visibilities from all files

Baseline 4-5, plot 121 points
7.25234E-01 -1.96284E-01
7.25482E-01 -1.99380E-01
7.26227E-01 -2.03361E-01
7.27463E-01 -2.06170E-01
7.29185E-01 -2.09856E-01
7.31386E-01 -2.12359E-01
7.34054E-01 -2.15731E-01
7.37178E-01 -2.17910E-01
7.40743E-01 -2.20950E-01
7.44733E-01 -2.23818E-01
7.49131E-01 -2.25481E-01
7.53917E-01 -2.27992E-01
7.59071E-01 -2.29291E-01
7.64572E-01 -2.31431E-01
7.70398E-01 -2.33381E-01
7.76524E-01 -2.34106E-01
7.82929E-01 -2.35663E-01
7.89586E-01 -2.37020E-01
7.96473E-01 -2.38172E-01
8.03565E-01 -2.39118E-01
8.10836E-01 -2.39855E-01
8.18263E-01 -2.40379E-01
8.25822E-01 -2.40689E-01
8.33488E-01 -2.40783E-01
8.41237E-01 -2.40657E-01
8.49047E-01 -2.40310E-01
8.56895E-01 -2.39741E-01
8.64758E-01 -2.39978E-01
8.72615E-01 -2.38958E-01
8.80445E-01 -2.37710E-01
8.88226E-01 -2.37266E-01
8.95941E-01 -2.35560E-01
9.03568E-01 -2.34655E-01
9.11090E-01 -2.33518E-01
9.18490E-01 -2.31117E-01
9.25749E-01 -2.29516E-01
9.32852E-01 -2.27682E-01
9.39782E-01 -2.25615E-01
9.46526E-01 -2.23315E-01
9.53067E-01 -2.20782E-01
9.59394E-01 -2.18016E-01
9.65493E-01 -2.16051E-01
9.71351E-01 -2.12822E-01
9.76958E-01 -2.09362E-01
9.82301E-01 -2.06705E-01
9.87372E-01 -2.03820E-01
9.92159E-01 -1.99675E-01
9.96655E-01 -1.96336E-01
1.00085E+00 -1.92774E-01
1.00474E+00 -1.88989E-01
1.00831E+00 -1.84983E-01
1.01157E+00 -1.80758E-01
1.01449E+00 -1.76318E-01
1.01708E+00 -1.72696E-01
1.01934E+00 -1.67829E-01
1.02126E+00 -1.63786E-01
1.02283E+00 -1.58505E-01
1.02406E+00 -1.54053E-01
1.02493E+00 -1.49401E-01
1.02546E+00 -1.43519E-01
1.02564E+00 -1.38476E-01
1.02546E+00 -1.33242E-01
1.02493E+00 -1.28855E-01
1.02406E+00 -1.23253E-01
1.02283E+00 -1.17471E-01
1.02126E+00 -1.12546E-01
1.01934E+00 -1.06418E-01
1.01708E+00 -1.01156E-01
1.01449E+00 -9.46986E-02
1.01157E+00 -8.91157E-02
1.00831E+00 -8.33793E-02
1.00474E+00 -7.74939E-02
1.00085E+00 -7.14642E-02
9.96656E-01 -6.52952E-02
9.92160E-01 -5.89918E-02
9.87372E-01 -5.35916E-02
9.82302E-01 -4.70345E-02
9.76958E-01 -4.03582E-02
9.71352E-01 -3.46008E-02
9.65493E-01 -2.87349E-02
9.59395E-01 -2.17333E-02
9.53068E-01 -1.56667E-02
9.46526E-01 -9.50823E-03
9.39783E-01 -3.26334E-03
9.32852E-01 3.06214E-03
9.25749E-01 9.46262E-03
9.18490E-01 1.59322E-02
9.11091E-01 2.14327E-02
9.03569E-01 2.80230E-02
8.95941E-01 3.46648E-02
8.88227E-01 4.03198E-02
8.80445E-01 4.70467E-02
8.72616E-01 5.27749E-02
8.64759E-01 5.85309E-02
8.56896E-01 6.53402E-02
8.49048E-01 7.11331E-02
8.41238E-01 7.69353E-02
8.33488E-01 8.27409E-02
8.25822E-01 8.85437E-02
8.18264E-01 9.43377E-02
8.10837E-01 1.00117E-01
8.03565E-01 1.05875E-01
7.96474E-01 1.11606E-01
7.89587E-01 1.17304E-01
7.82929E-01 1.22964E-01
7.76525E-01 1.28578E-01
7.70398E-01 1.33111E-01
7.64573E-01 1.38617E-01
7.59072E-01 1.44061E-01
7.53917E-01 1.48407E-01
7.49131E-01 1.53709E-01
7.44734E-01 1.57901E-01
7.40743E-01 1.63037E-01
7.37178E-01 1.68082E-01
7.34054E-01 1.72002E-01
7.31386E-01 1.76848E-01
7.29185E-01 1.80559E-01
7.27463E-01 1.85185E-01
7.26227E-01 1.88666E-01
7.25482E-01 1.93051E-01
7.25234E-01 1.96282E-01
