Will plot unflagged data


File # 1  = raise.vis
raise.vis 0.1514 GHz
Read 121 visibilities from all files

Baseline 4-5, plot 121 points
2.29339E-01 -6.20709E-02
2.29418E-01 -6.33219E-02
2.29653E-01 -6.45287E-02
2.30044E-01 -6.56898E-02
2.30589E-01 -6.68036E-02
2.31285E-01 -6.68425E-02
2.32128E-01 -6.78573E-02
2.33116E-01 -6.88205E-02
2.34244E-01 -6.97308E-02
2.35505E-01 -7.05870E-02
2.36896E-01 -7.13876E-02
2.38410E-01 -7.21314E-02
2.40039E-01 -7.28172E-02
2.41779E-01 -7.34439E-02
2.43621E-01 -7.40103E-02
2.45559E-01 -7.45152E-02
2.47584E-01 -7.49578E-02
2.49689E-01 -7.53370E-02
2.51867E-01 -7.56517E-02
2.54109E-01 -7.59012E-02
2.56409E-01 -7.60844E-02
2.58758E-01 -7.62006E-02
2.61148E-01 -7.62490E-02
2.63572E-01 -7.62289E-02
2.66023E-01 -7.61395E-02
2.68492E-01 -7.59803E-02
2.70974E-01 -7.57506E-02
2.73461E-01 -7.54499E-02
2.75945E-01 -7.61062E-02
2.78421E-01 -7.56622E-02
2.80882E-01 -7.51457E-02
2.83321E-01 -7.45566E-02
2.85733E-01 -7.38945E-02
2.88112E-01 -7.41880E-02
2.90452E-01 -7.33792E-02
2.92747E-01 -7.24968E-02
2.94994E-01 -7.25698E-02
2.97185E-01 -7.15400E-02
2.99318E-01 -7.04365E-02
3.01386E-01 -7.02885E-02
3.03387E-01 -6.90378E-02
3.05316E-01 -6.87429E-02
3.07168E-01 -6.73455E-02
3.08941E-01 -6.69046E-02
3.10631E-01 -6.53616E-02
3.12234E-01 -6.47757E-02
3.13748E-01 -6.30886E-02
3.15170E-01 -6.23595E-02
3.16497E-01 -6.15594E-02
3.17727E-01 -5.96595E-02
3.18857E-01 -5.87193E-02
3.19885E-01 -5.77101E-02
3.20810E-01 -5.56028E-02
3.21630E-01 -5.44574E-02
3.22344E-01 -5.32451E-02
3.22950E-01 -5.19667E-02
3.23447E-01 -5.06231E-02
3.23835E-01 -4.92153E-02
3.24112E-01 -4.67144E-02
3.24279E-01 -4.51810E-02
3.24335E-01 -4.35863E-02
3.24279E-01 -4.19314E-02
3.24112E-01 -4.02174E-02
3.23835E-01 -3.94754E-02
3.23447E-01 -3.76469E-02
3.22950E-01 -3.57631E-02
3.22344E-01 -3.38253E-02
3.21631E-01 -3.18347E-02
3.20810E-01 -2.97926E-02
3.19885E-01 -2.87301E-02
3.18857E-01 -2.65895E-02
3.17727E-01 -2.44018E-02
3.16497E-01 -2.31980E-02
3.15170E-01 -2.09206E-02
3.13748E-01 -1.86007E-02
3.12234E-01 -1.72694E-02
3.10631E-01 -1.48692E-02
3.08941E-01 -1.34608E-02
3.07168E-01 -1.09871E-02
3.05316E-01 -9.50831E-03
3.03387E-01 -6.96768E-03
3.01387E-01 -5.42548E-03
2.99318E-01 -2.82495E-03
2.97185E-01 -1.22628E-03
2.94994E-01 3.97916E-04
2.92748E-01 3.07488E-03
2.90452E-01 4.74471E-03
2.88112E-01 6.43457E-03
2.85733E-01 9.17147E-03
2.83321E-01 1.08958E-02
2.80882E-01 1.26346E-02
2.78421E-01 1.43859E-02
2.75945E-01 1.61479E-02
2.73461E-01 1.89470E-02
2.70974E-01 2.07244E-02
2.68493E-01 2.25067E-02
2.66023E-01 2.42919E-02
2.63572E-01 2.60782E-02
2.61148E-01 2.78636E-02
2.58758E-01 2.96463E-02
2.56409E-01 3.14241E-02
2.54110E-01 3.31953E-02
2.51867E-01 3.49579E-02
2.49689E-01 3.67101E-02
2.47584E-01 3.84498E-02
2.45559E-01 4.01753E-02
2.43621E-01 4.18845E-02
2.41779E-01 4.35757E-02
2.40040E-01 4.52471E-02
2.38410E-01 4.68966E-02
2.36896E-01 4.85226E-02
2.35505E-01 5.01231E-02
2.34244E-01 5.16965E-02
2.33116E-01 5.32409E-02
2.32128E-01 5.47545E-02
2.31285E-01 5.62356E-02
2.30589E-01 5.66565E-02
2.30044E-01 5.80677E-02
2.29653E-01 5.94413E-02
2.29418E-01 6.07757E-02
2.29339E-01 6.20693E-02
