Will plot unflagged data


File # 1  = raise.vis
raise.vis 15.1356 GHz
Read 121 visibilities from all files

Baseline 3-4, plot 121 points
1.47432E+01 -6.93686E+00
1.47483E+01 -7.06250E+00
1.47634E+01 -7.18393E+00
1.47885E+01 -7.30074E+00
1.48236E+01 -7.41194E+00
1.48683E+01 -7.51762E+00
1.49225E+01 -7.61922E+00
1.49860E+01 -7.71458E+00
1.50585E+01 -7.80517E+00
1.51396E+01 -7.89007E+00
1.52290E+01 -7.97035E+00
1.53263E+01 -8.04453E+00
1.54311E+01 -8.11344E+00
1.55429E+01 -8.17639E+00
1.56614E+01 -8.23396E+00
1.57859E+01 -8.28572E+00
1.59161E+01 -8.33225E+00
1.60514E+01 -8.37308E+00
1.61914E+01 -8.40772E+00
1.63356E+01 -8.43683E+00
1.64834E+01 -8.45986E+00
1.66344E+01 -8.47758E+00
1.67881E+01 -8.48943E+00
1.69439E+01 -8.49480E+00
1.71015E+01 -8.49484E+00
1.72602E+01 -8.48975E+00
1.74198E+01 -8.47782E+00
1.75796E+01 -8.46042E+00
1.77393E+01 -8.43688E+00
1.78985E+01 -8.40820E+00
1.80567E+01 -8.37362E+00
1.82135E+01 -8.33333E+00
1.83686E+01 -8.28662E+00
1.85215E+01 -8.23472E+00
1.86719E+01 -8.17780E+00
1.88195E+01 -8.11402E+00
1.89639E+01 -8.04591E+00
1.91048E+01 -7.97147E+00
1.92418E+01 -7.89190E+00
1.93748E+01 -7.80628E+00
1.95035E+01 -7.71681E+00
1.96274E+01 -7.62099E+00
1.97465E+01 -7.51997E+00
1.98605E+01 -7.41387E+00
1.99691E+01 -7.30278E+00
2.00722E+01 -7.18577E+00
2.01695E+01 -7.06502E+00
2.02609E+01 -6.93930E+00
2.03462E+01 -6.80864E+00
2.04253E+01 -6.67316E+00
2.04979E+01 -6.53297E+00
2.05640E+01 -6.38919E+00
2.06235E+01 -6.23983E+00
2.06762E+01 -6.08704E+00
2.07221E+01 -5.92989E+00
2.07611E+01 -5.76846E+00
2.07930E+01 -5.60285E+00
2.08180E+01 -5.43419E+00
2.08358E+01 -5.26155E+00
2.08465E+01 -5.08503E+00
2.08501E+01 -4.90476E+00
2.08465E+01 -4.72186E+00
2.08358E+01 -4.53546E+00
2.08180E+01 -4.34568E+00
2.07930E+01 -4.15266E+00
2.07611E+01 -3.95758E+00
2.07221E+01 -3.75956E+00
2.06762E+01 -3.55876E+00
2.06235E+01 -3.35532E+00
2.05641E+01 -3.15044E+00
2.04979E+01 -2.94220E+00
2.04253E+01 -2.73282E+00
2.03462E+01 -2.52143E+00
2.02609E+01 -2.30817E+00
2.01695E+01 -2.09313E+00
2.00722E+01 -1.87654E+00
1.99691E+01 -1.65984E+00
1.98605E+01 -1.44109E+00
1.97465E+01 -1.22144E+00
1.96274E+01 -1.00103E+00
1.95035E+01 -7.79958E-01
1.93748E+01 -5.57292E-01
1.92419E+01 -3.35738E-01
1.91048E+01 -1.13320E-01
1.89639E+01 1.08846E-01
1.88195E+01 3.31753E-01
1.86719E+01 5.53199E-01
1.85215E+01 7.75524E-01
1.83686E+01 9.96693E-01
1.82135E+01 1.21669E+00
1.80567E+01 1.43657E+00
1.78985E+01 1.65542E+00
1.77393E+01 1.87329E+00
1.75796E+01 2.08922E+00
1.74198E+01 2.30407E+00
1.72602E+01 2.51700E+00
1.71015E+01 2.72921E+00
1.69439E+01 2.93887E+00
1.67881E+01 3.14603E+00
1.66344E+01 3.35169E+00
1.64834E+01 3.55511E+00
1.63356E+01 3.75561E+00
1.61915E+01 3.95383E+00
1.60514E+01 4.14912E+00
1.59161E+01 4.34200E+00
1.57859E+01 4.53191E+00
1.56614E+01 4.71825E+00
1.55429E+01 4.90153E+00
1.54311E+01 5.08122E+00
1.53263E+01 5.25784E+00
1.52290E+01 5.43061E+00
1.51396E+01 5.60030E+00
1.50585E+01 5.76535E+00
1.49860E+01 5.92680E+00
1.49225E+01 6.08368E+00
1.48683E+01 6.23739E+00
1.48236E+01 6.38576E+00
1.47885E+01 6.53019E+00
1.47634E+01 6.67075E+00
1.47483E+01 6.80645E+00
1.47432E+01 6.93684E+00
