Will plot unflagged data


File # 1  = raise.vis
raise.vis 15.1356 GHz
Read 121 visibilities from all files

Baseline 3-4, plot 121 points
1.47432E+01 5.14239E-01
1.47483E+01 5.14190E-01
1.47634E+01 5.14043E-01
1.47885E+01 5.13801E-01
1.48236E+01 5.13465E-01
1.48683E+01 5.13036E-01
1.49225E+01 5.12526E-01
1.49860E+01 5.11932E-01
1.50585E+01 5.11265E-01
1.51396E+01 5.10527E-01
1.52290E+01 5.09733E-01
1.53263E+01 5.08880E-01
1.54311E+01 5.07981E-01
1.55429E+01 5.07038E-01
1.56614E+01 5.06063E-01
1.57859E+01 5.05058E-01
1.59161E+01 5.04036E-01
1.60514E+01 5.02998E-01
1.61914E+01 5.01946E-01
1.63356E+01 5.00890E-01
1.64834E+01 4.99831E-01
1.66344E+01 4.98780E-01
1.67881E+01 4.97735E-01
1.69439E+01 4.96692E-01
1.71015E+01 4.95667E-01
1.72602E+01 4.94663E-01
1.74198E+01 4.93665E-01
1.75796E+01 4.92689E-01
1.77393E+01 4.91729E-01
1.78985E+01 4.90796E-01
1.80567E+01 4.89884E-01
1.82135E+01 4.88995E-01
1.83686E+01 4.88122E-01
1.85215E+01 4.87278E-01
1.86719E+01 4.86466E-01
1.88195E+01 4.85667E-01
1.89639E+01 4.84906E-01
1.91048E+01 4.84163E-01
1.92418E+01 4.83452E-01
1.93748E+01 4.82761E-01
1.95035E+01 4.82114E-01
1.96274E+01 4.81485E-01
1.97465E+01 4.80886E-01
1.98605E+01 4.80317E-01
1.99691E+01 4.79779E-01
2.00722E+01 4.79263E-01
2.01695E+01 4.78789E-01
2.02609E+01 4.78346E-01
2.03462E+01 4.77932E-01
2.04253E+01 4.77549E-01
2.04979E+01 4.77196E-01
2.05640E+01 4.76885E-01
2.06235E+01 4.76595E-01
2.06762E+01 4.76346E-01
2.07221E+01 4.76129E-01
2.07611E+01 4.75943E-01
2.07930E+01 4.75788E-01
2.08180E+01 4.75674E-01
2.08358E+01 4.75591E-01
2.08465E+01 4.75540E-01
2.08501E+01 4.75519E-01
2.08465E+01 4.75540E-01
2.08358E+01 4.75591E-01
2.08180E+01 4.75674E-01
2.07930E+01 4.75788E-01
2.07611E+01 4.75943E-01
2.07221E+01 4.76129E-01
2.06762E+01 4.76347E-01
2.06235E+01 4.76595E-01
2.05641E+01 4.76885E-01
2.04979E+01 4.77196E-01
2.04253E+01 4.77549E-01
2.03462E+01 4.77932E-01
2.02609E+01 4.78346E-01
2.01695E+01 4.78789E-01
2.00722E+01 4.79263E-01
1.99691E+01 4.79779E-01
1.98605E+01 4.80317E-01
1.97465E+01 4.80886E-01
1.96274E+01 4.81485E-01
1.95035E+01 4.82114E-01
1.93748E+01 4.82761E-01
1.92419E+01 4.83452E-01
1.91048E+01 4.84163E-01
1.89639E+01 4.84906E-01
1.88195E+01 4.85666E-01
1.86719E+01 4.86466E-01
1.85215E+01 4.87278E-01
1.83686E+01 4.88122E-01
1.82135E+01 4.88995E-01
1.80567E+01 4.89884E-01
1.78985E+01 4.90796E-01
1.77393E+01 4.91729E-01
1.75796E+01 4.92689E-01
1.74198E+01 4.93665E-01
1.72602E+01 4.94663E-01
1.71015E+01 4.95667E-01
1.69439E+01 4.96692E-01
1.67881E+01 4.97735E-01
1.66344E+01 4.98780E-01
1.64834E+01 4.99831E-01
1.63356E+01 5.00890E-01
1.61915E+01 5.01946E-01
1.60514E+01 5.02998E-01
1.59161E+01 5.04036E-01
1.57859E+01 5.05058E-01
1.56614E+01 5.06063E-01
1.55429E+01 5.07038E-01
1.54311E+01 5.07981E-01
1.53263E+01 5.08880E-01
1.52290E+01 5.09733E-01
1.51396E+01 5.10527E-01
1.50585E+01 5.11265E-01
1.49860E+01 5.11932E-01
1.49225E+01 5.12526E-01
1.48683E+01 5.13036E-01
1.48236E+01 5.13465E-01
1.47885E+01 5.13801E-01
1.47634E+01 5.14043E-01
1.47483E+01 5.14190E-01
1.47432E+01 5.14239E-01
