Will plot unflagged data


File # 1  = raise.vis
raise.vis 15.1356 GHz
Read 121 visibilities from all files

Baseline 2-5, plot 121 points
9.39198E+01 3.37258E-02
9.39520E+01 3.37191E-02
9.40484E+01 3.36987E-02
9.42085E+01 3.36652E-02
9.44315E+01 3.36193E-02
9.47165E+01 3.35615E-02
9.50621E+01 3.34925E-02
9.54666E+01 3.34142E-02
9.59283E+01 3.33266E-02
9.64451E+01 3.32322E-02
9.70146E+01 3.31312E-02
9.76344E+01 3.30250E-02
9.83019E+01 3.29152E-02
9.90143E+01 3.28024E-02
9.97687E+01 3.26875E-02
1.00562E+02 3.25712E-02
1.01391E+02 3.24547E-02
1.02254E+02 3.23387E-02
1.03145E+02 3.22232E-02
1.04064E+02 3.21086E-02
1.05006E+02 3.19955E-02
1.05967E+02 3.18838E-02
1.06946E+02 3.17744E-02
1.07939E+02 3.16665E-02
1.08943E+02 3.15610E-02
1.09954E+02 3.14571E-02
1.10970E+02 3.13557E-02
1.11989E+02 3.12563E-02
1.13006E+02 3.11595E-02
1.14020E+02 3.10646E-02
1.15028E+02 3.09732E-02
1.16027E+02 3.08834E-02
1.17015E+02 3.07960E-02
1.17989E+02 3.07116E-02
1.18947E+02 3.06299E-02
1.19887E+02 3.05510E-02
1.20807E+02 3.04751E-02
1.21704E+02 3.04022E-02
1.22578E+02 3.03318E-02
1.23425E+02 3.02647E-02
1.24244E+02 3.02004E-02
1.25034E+02 3.01394E-02
1.25793E+02 3.00815E-02
1.26519E+02 3.00268E-02
1.27211E+02 2.99756E-02
1.27867E+02 2.99268E-02
1.28487E+02 2.98817E-02
1.29070E+02 2.98391E-02
1.29613E+02 2.98004E-02
1.30117E+02 2.97647E-02
1.30579E+02 2.97314E-02
1.31001E+02 2.97022E-02
1.31379E+02 2.96754E-02
1.31715E+02 2.96522E-02
1.32008E+02 2.96320E-02
1.32256E+02 2.96147E-02
1.32459E+02 2.96009E-02
1.32618E+02 2.95901E-02
1.32732E+02 2.95826E-02
1.32800E+02 2.95775E-02
1.32823E+02 2.95763E-02
1.32800E+02 2.95775E-02
1.32732E+02 2.95826E-02
1.32618E+02 2.95901E-02
1.32459E+02 2.96009E-02
1.32256E+02 2.96147E-02
1.32008E+02 2.96320E-02
1.31715E+02 2.96522E-02
1.31379E+02 2.96755E-02
1.31001E+02 2.97022E-02
1.30579E+02 2.97314E-02
1.30117E+02 2.97647E-02
1.29613E+02 2.98004E-02
1.29070E+02 2.98391E-02
1.28487E+02 2.98817E-02
1.27867E+02 2.99268E-02
1.27211E+02 2.99756E-02
1.26519E+02 3.00268E-02
1.25793E+02 3.00814E-02
1.25034E+02 3.01394E-02
1.24244E+02 3.02004E-02
1.23425E+02 3.02647E-02
1.22578E+02 3.03318E-02
1.21704E+02 3.04022E-02
1.20807E+02 3.04751E-02
1.19887E+02 3.05510E-02
1.18947E+02 3.06299E-02
1.17989E+02 3.07116E-02
1.17015E+02 3.07960E-02
1.16027E+02 3.08834E-02
1.15028E+02 3.09732E-02
1.14020E+02 3.10646E-02
1.13006E+02 3.11595E-02
1.11989E+02 3.12563E-02
1.10970E+02 3.13557E-02
1.09954E+02 3.14571E-02
1.08943E+02 3.15610E-02
1.07939E+02 3.16665E-02
1.06946E+02 3.17744E-02
1.05967E+02 3.18838E-02
1.05006E+02 3.19955E-02
1.04064E+02 3.21086E-02
1.03146E+02 3.22232E-02
1.02254E+02 3.23387E-02
1.01391E+02 3.24547E-02
1.00562E+02 3.25712E-02
9.97687E+01 3.26875E-02
9.90143E+01 3.28024E-02
9.83019E+01 3.29152E-02
9.76344E+01 3.30250E-02
9.70146E+01 3.31312E-02
9.64451E+01 3.32322E-02
9.59283E+01 3.33266E-02
9.54667E+01 3.34142E-02
9.50621E+01 3.34925E-02
9.47165E+01 3.35615E-02
9.44315E+01 3.36193E-02
9.42085E+01 3.36652E-02
9.40484E+01 3.36987E-02
9.39520E+01 3.37191E-02
9.39198E+01 3.37258E-02
