Will plot unflagged data


File # 1  = raise.vis
raise.vis 15.1356 GHz
Read 121 visibilities from all files

Baseline 2-5, plot 121 points
9.39198E+01 -1.14983E+01
9.39520E+01 -1.17075E+01
9.40484E+01 -1.19079E+01
9.42085E+01 -1.21003E+01
9.44315E+01 -1.22855E+01
9.47165E+01 -1.24615E+01
9.50621E+01 -1.26282E+01
9.54666E+01 -1.27877E+01
9.59283E+01 -1.29369E+01
9.64451E+01 -1.30787E+01
9.70146E+01 -1.32109E+01
9.76344E+01 -1.33337E+01
9.83019E+01 -1.34481E+01
9.90143E+01 -1.35531E+01
9.97687E+01 -1.36486E+01
1.00562E+02 -1.37342E+01
1.01391E+02 -1.38108E+01
1.02254E+02 -1.38785E+01
1.03145E+02 -1.39365E+01
1.04064E+02 -1.39844E+01
1.05006E+02 -1.40231E+01
1.05967E+02 -1.40517E+01
1.06946E+02 -1.40715E+01
1.07939E+02 -1.40811E+01
1.08943E+02 -1.40816E+01
1.09954E+02 -1.40716E+01
1.10970E+02 -1.40524E+01
1.11989E+02 -1.40234E+01
1.13006E+02 -1.39852E+01
1.14020E+02 -1.39366E+01
1.15028E+02 -1.38801E+01
1.16027E+02 -1.38129E+01
1.17015E+02 -1.37357E+01
1.17989E+02 -1.36497E+01
1.18947E+02 -1.35544E+01
1.19887E+02 -1.34497E+01
1.20807E+02 -1.33362E+01
1.21704E+02 -1.32136E+01
1.22578E+02 -1.30812E+01
1.23425E+02 -1.29402E+01
1.24244E+02 -1.27901E+01
1.25034E+02 -1.26314E+01
1.25793E+02 -1.24640E+01
1.26519E+02 -1.22885E+01
1.27211E+02 -1.21049E+01
1.27867E+02 -1.19118E+01
1.28487E+02 -1.17115E+01
1.29070E+02 -1.15021E+01
1.29613E+02 -1.12860E+01
1.30117E+02 -1.10620E+01
1.30579E+02 -1.08290E+01
1.31001E+02 -1.05904E+01
1.31379E+02 -1.03433E+01
1.31715E+02 -1.00898E+01
1.32008E+02 -9.82912E+00
1.32256E+02 -9.56142E+00
1.32459E+02 -9.28788E+00
1.32618E+02 -9.00758E+00
1.32732E+02 -8.72169E+00
1.32800E+02 -8.42836E+00
1.32823E+02 -8.13088E+00
1.32800E+02 -7.82638E+00
1.32732E+02 -7.51815E+00
1.32618E+02 -7.20330E+00
1.32459E+02 -6.88410E+00
1.32256E+02 -6.55978E+00
1.32008E+02 -6.23167E+00
1.31715E+02 -5.89901E+00
1.31379E+02 -5.56203E+00
1.31001E+02 -5.22200E+00
1.30579E+02 -4.87710E+00
1.30117E+02 -4.53065E+00
1.29613E+02 -4.17966E+00
1.29070E+02 -3.82569E+00
1.28487E+02 -3.47026E+00
1.27867E+02 -3.11143E+00
1.27211E+02 -2.75141E+00
1.26519E+02 -2.38821E+00
1.25793E+02 -2.02384E+00
1.25034E+02 -1.65839E+00
1.24244E+02 -1.29182E+00
1.23425E+02 -9.24565E-01
1.22578E+02 -5.56437E-01
1.21704E+02 -1.88229E-01
1.20807E+02 1.80813E-01
1.19887E+02 5.49673E-01
1.18947E+02 9.17791E-01
1.17989E+02 1.28536E+00
1.17015E+02 1.65193E+00
1.16027E+02 2.01687E+00
1.15028E+02 2.38083E+00
1.14020E+02 2.74446E+00
1.13006E+02 3.10456E+00
1.11989E+02 3.46327E+00
1.10970E+02 3.81919E+00
1.09954E+02 4.17269E+00
1.08943E+02 4.52292E+00
1.07939E+02 4.87090E+00
1.06946E+02 5.21496E+00
1.05967E+02 5.55604E+00
1.05006E+02 5.89244E+00
1.04064E+02 6.22527E+00
1.03146E+02 6.55355E+00
1.02254E+02 6.87782E+00
1.01391E+02 7.19752E+00
1.00562E+02 7.51179E+00
9.97687E+01 7.82051E+00
9.90143E+01 8.12433E+00
9.83019E+01 8.42288E+00
9.76344E+01 8.71579E+00
9.70146E+01 9.00203E+00
9.64451E+01 9.28244E+00
9.59283E+01 9.55707E+00
9.54667E+01 9.82372E+00
9.50621E+01 1.00852E+01
9.47165E+01 1.03382E+01
9.44315E+01 1.05850E+01
9.42085E+01 1.08253E+01
9.40484E+01 1.10571E+01
9.39520E+01 1.12811E+01
9.39198E+01 1.14982E+01
