Will plot unflagged data


File # 1  = raise.vis
raise.vis 1.5136 GHz
Read 121 visibilities from all files

Baseline 1-4, plot 121 points
7.64464E+00 -9.63799E-01
7.64726E+00 -9.81699E-01
7.65510E+00 -9.97855E-01
7.66813E+00 -1.01431E+00
7.68629E+00 -1.03001E+00
7.70948E+00 -1.04494E+00
7.73761E+00 -1.05909E+00
7.77054E+00 -1.07243E+00
7.80812E+00 -1.08495E+00
7.85018E+00 -1.09662E+00
7.89653E+00 -1.10744E+00
7.94698E+00 -1.11737E+00
8.00131E+00 -1.12744E+00
8.05930E+00 -1.13556E+00
8.12070E+00 -1.14378E+00
8.18528E+00 -1.15106E+00
8.25279E+00 -1.15738E+00
8.32297E+00 -1.16273E+00
8.39556E+00 -1.16812E+00
8.47031E+00 -1.17252E+00
8.54696E+00 -1.17488E+00
8.62525E+00 -1.17828E+00
8.70493E+00 -1.17960E+00
8.78573E+00 -1.18085E+00
8.86742E+00 -1.17999E+00
8.94975E+00 -1.18009E+00
9.03247E+00 -1.17805E+00
9.11535E+00 -1.17594E+00
9.19817E+00 -1.17271E+00
9.28070E+00 -1.16837E+00
9.36273E+00 -1.16393E+00
9.44404E+00 -1.15836E+00
9.52444E+00 -1.15166E+00
9.60374E+00 -1.14382E+00
9.68173E+00 -1.13588E+00
9.75825E+00 -1.12782E+00
9.83312E+00 -1.11759E+00
9.90617E+00 -1.10725E+00
9.97725E+00 -1.09680E+00
1.00462E+01 -1.08418E+00
1.01129E+01 -1.07248E+00
1.01772E+01 -1.05861E+00
1.02389E+01 -1.04464E+00
1.02980E+01 -1.02953E+00
1.03544E+01 -1.01434E+00
1.04078E+01 -9.98020E-01
1.04583E+01 -9.81621E-01
1.05057E+01 -9.64115E-01
1.05499E+01 -9.45509E-01
1.05909E+01 -9.26843E-01
1.06286E+01 -9.07095E-01
1.06628E+01 -8.87305E-01
1.06937E+01 -8.66454E-01
1.07210E+01 -8.45582E-01
1.07448E+01 -8.23672E-01
1.07650E+01 -8.01765E-01
1.07816E+01 -7.78846E-01
1.07945E+01 -7.54929E-01
1.08037E+01 -7.31058E-01
1.08093E+01 -7.06218E-01
1.08112E+01 -6.81456E-01
1.08093E+01 -6.55760E-01
1.08037E+01 -6.30175E-01
1.07945E+01 -6.03692E-01
1.07816E+01 -5.77357E-01
1.07650E+01 -5.50164E-01
1.07448E+01 -5.22130E-01
1.07210E+01 -4.94306E-01
1.06937E+01 -4.65685E-01
1.06628E+01 -4.37318E-01
1.06286E+01 -4.08197E-01
1.05909E+01 -3.79377E-01
1.05499E+01 -3.49849E-01
1.05057E+01 -3.20670E-01
1.04583E+01 -2.90833E-01
1.04078E+01 -2.60362E-01
1.03544E+01 -2.30314E-01
1.02980E+01 -1.99683E-01
1.02389E+01 -1.69527E-01
1.01772E+01 -1.38840E-01
1.01129E+01 -1.08682E-01
1.00462E+01 -7.70134E-02
9.97726E+00 -4.69606E-02
9.90618E+00 -1.54522E-02
9.83312E+00 1.54182E-02
9.75826E+00 4.56224E-02
9.68174E+00 7.71982E-02
9.60374E+00 1.08051E-01
9.52445E+00 1.38153E-01
9.44405E+00 1.68507E-01
9.36273E+00 1.99086E-01
9.28071E+00 2.29860E-01
9.19818E+00 2.59768E-01
9.11536E+00 2.89815E-01
9.03247E+00 3.19971E-01
8.94975E+00 3.49178E-01
8.86743E+00 3.79470E-01
8.78574E+00 4.07730E-01
8.70493E+00 4.37020E-01
8.62526E+00 4.65260E-01
8.54697E+00 4.94464E-01
8.47032E+00 5.21485E-01
8.39557E+00 5.49378E-01
8.32297E+00 5.77089E-01
8.25280E+00 6.03563E-01
8.18529E+00 6.29802E-01
8.12071E+00 6.55780E-01
8.05930E+00 6.81470E-01
8.00132E+00 7.05813E-01
7.94699E+00 7.30846E-01
7.89654E+00 7.54478E-01
7.85018E+00 7.77713E-01
7.80812E+00 8.00525E-01
7.77054E+00 8.22887E-01
7.73761E+00 8.44775E-01
7.70949E+00 8.66163E-01
7.68629E+00 8.87028E-01
7.66813E+00 9.07347E-01
7.65510E+00 9.27099E-01
7.64726E+00 9.45235E-01
7.64464E+00 9.63795E-01
