Will plot unflagged data


File # 1  = raise.vis
raise.vis 1.5136 GHz
Read 121 visibilities from all files

Baseline 1-4, plot 121 points
7.64464E+00 8.18797E-02
7.64726E+00 8.18795E-02
7.65510E+00 8.18789E-02
7.66813E+00 8.18779E-02
7.68629E+00 8.18765E-02
7.70948E+00 8.18748E-02
7.73761E+00 8.18726E-02
7.77054E+00 8.18701E-02
7.80812E+00 8.18672E-02
7.85018E+00 8.18638E-02
7.89653E+00 8.18601E-02
7.94698E+00 8.18560E-02
8.00131E+00 8.18518E-02
8.05930E+00 8.18469E-02
8.12070E+00 8.18420E-02
8.18528E+00 8.18367E-02
8.25279E+00 8.18311E-02
8.32297E+00 8.18251E-02
8.39556E+00 8.18193E-02
8.47031E+00 8.18131E-02
8.54696E+00 8.18063E-02
8.62525E+00 8.18000E-02
8.70493E+00 8.17930E-02
8.78573E+00 8.17862E-02
8.86742E+00 8.17787E-02
8.94975E+00 8.17719E-02
9.03247E+00 8.17643E-02
9.11535E+00 8.17571E-02
9.19817E+00 8.17497E-02
9.28070E+00 8.17420E-02
9.36273E+00 8.17347E-02
9.44404E+00 8.17273E-02
9.52444E+00 8.17197E-02
9.60374E+00 8.17119E-02
9.68173E+00 8.17046E-02
9.75825E+00 8.16978E-02
9.83312E+00 8.16903E-02
9.90617E+00 8.16832E-02
9.97725E+00 8.16768E-02
1.00462E+01 8.16695E-02
1.01129E+01 8.16637E-02
1.01772E+01 8.16569E-02
1.02389E+01 8.16509E-02
1.02980E+01 8.16448E-02
1.03544E+01 8.16394E-02
1.04078E+01 8.16339E-02
1.04583E+01 8.16292E-02
1.05057E+01 8.16244E-02
1.05499E+01 8.16196E-02
1.05909E+01 8.16155E-02
1.06286E+01 8.16115E-02
1.06628E+01 8.16082E-02
1.06937E+01 8.16049E-02
1.07210E+01 8.16024E-02
1.07448E+01 8.16000E-02
1.07650E+01 8.15983E-02
1.07816E+01 8.15966E-02
1.07945E+01 8.15949E-02
1.08037E+01 8.15941E-02
1.08093E+01 8.15933E-02
1.08112E+01 8.15933E-02
1.08093E+01 8.15933E-02
1.08037E+01 8.15941E-02
1.07945E+01 8.15950E-02
1.07816E+01 8.15966E-02
1.07650E+01 8.15983E-02
1.07448E+01 8.16000E-02
1.07210E+01 8.16024E-02
1.06937E+01 8.16049E-02
1.06628E+01 8.16082E-02
1.06286E+01 8.16115E-02
1.05909E+01 8.16155E-02
1.05499E+01 8.16196E-02
1.05057E+01 8.16244E-02
1.04583E+01 8.16292E-02
1.04078E+01 8.16339E-02
1.03544E+01 8.16394E-02
1.02980E+01 8.16448E-02
1.02389E+01 8.16509E-02
1.01772E+01 8.16569E-02
1.01129E+01 8.16637E-02
1.00462E+01 8.16695E-02
9.97726E+00 8.16768E-02
9.90618E+00 8.16832E-02
9.83312E+00 8.16903E-02
9.75826E+00 8.16979E-02
9.68174E+00 8.17046E-02
9.60374E+00 8.17119E-02
9.52445E+00 8.17197E-02
9.44405E+00 8.17273E-02
9.36273E+00 8.17348E-02
9.28071E+00 8.17420E-02
9.19818E+00 8.17497E-02
9.11536E+00 8.17571E-02
9.03247E+00 8.17643E-02
8.94975E+00 8.17719E-02
8.86743E+00 8.17787E-02
8.78574E+00 8.17862E-02
8.70493E+00 8.17930E-02
8.62526E+00 8.18000E-02
8.54697E+00 8.18063E-02
8.47032E+00 8.18131E-02
8.39557E+00 8.18193E-02
8.32297E+00 8.18251E-02
8.25280E+00 8.18311E-02
8.18529E+00 8.18367E-02
8.12071E+00 8.18420E-02
8.05930E+00 8.18469E-02
8.00132E+00 8.18518E-02
7.94699E+00 8.18560E-02
7.89654E+00 8.18601E-02
7.85018E+00 8.18638E-02
7.80812E+00 8.18672E-02
7.77054E+00 8.18701E-02
7.73761E+00 8.18726E-02
7.70949E+00 8.18748E-02
7.68629E+00 8.18765E-02
7.66813E+00 8.18779E-02
7.65510E+00 8.18789E-02
7.64726E+00 8.18795E-02
7.64464E+00 8.18798E-02
