Will plot unflagged data


File # 1  = raise.vis
raise.vis 0.1514 GHz
Read 121 visibilities from all files

Baseline 2-5, plot 121 points
9.39198E-01 2.04499E+00
9.39520E-01 2.04499E+00
9.40484E-01 2.04499E+00
9.42085E-01 2.04498E+00
9.44315E-01 2.04498E+00
9.47165E-01 2.04498E+00
9.50621E-01 2.04497E+00
9.54666E-01 2.04497E+00
9.59283E-01 2.04496E+00
9.64450E-01 2.04495E+00
9.70146E-01 2.04495E+00
9.76344E-01 2.04494E+00
9.83019E-01 2.04493E+00
9.90143E-01 2.04492E+00
9.97687E-01 2.04491E+00
1.00562E+00 2.04490E+00
1.01391E+00 2.04488E+00
1.02254E+00 2.04487E+00
1.03145E+00 2.04486E+00
1.04064E+00 2.04485E+00
1.05006E+00 2.04483E+00
1.05967E+00 2.04482E+00
1.06946E+00 2.04480E+00
1.07939E+00 2.04479E+00
1.08943E+00 2.04477E+00
1.09954E+00 2.04476E+00
1.10970E+00 2.04475E+00
1.11989E+00 2.04473E+00
1.13006E+00 2.04471E+00
1.14020E+00 2.04470E+00
1.15028E+00 2.04468E+00
1.16027E+00 2.04467E+00
1.17015E+00 2.04465E+00
1.17989E+00 2.04464E+00
1.18947E+00 2.04462E+00
1.19887E+00 2.04460E+00
1.20807E+00 2.04459E+00
1.21704E+00 2.04457E+00
1.22578E+00 2.04456E+00
1.23425E+00 2.04455E+00
1.24244E+00 2.04453E+00
1.25034E+00 2.04451E+00
1.25793E+00 2.04451E+00
1.26519E+00 2.04449E+00
1.27211E+00 2.04448E+00
1.27867E+00 2.04447E+00
1.28487E+00 2.04446E+00
1.29070E+00 2.04445E+00
1.29613E+00 2.04444E+00
1.30117E+00 2.04443E+00
1.30579E+00 2.04442E+00
1.31001E+00 2.04442E+00
1.31379E+00 2.04441E+00
1.31715E+00 2.04440E+00
1.32008E+00 2.04440E+00
1.32256E+00 2.04439E+00
1.32459E+00 2.04439E+00
1.32618E+00 2.04438E+00
1.32732E+00 2.04438E+00
1.32800E+00 2.04438E+00
1.32823E+00 2.04438E+00
1.32800E+00 2.04438E+00
1.32732E+00 2.04438E+00
1.32618E+00 2.04438E+00
1.32459E+00 2.04439E+00
1.32256E+00 2.04439E+00
1.32008E+00 2.04440E+00
1.31715E+00 2.04440E+00
1.31379E+00 2.04441E+00
1.31001E+00 2.04442E+00
1.30579E+00 2.04442E+00
1.30117E+00 2.04443E+00
1.29613E+00 2.04444E+00
1.29070E+00 2.04445E+00
1.28487E+00 2.04446E+00
1.27867E+00 2.04447E+00
1.27211E+00 2.04448E+00
1.26519E+00 2.04449E+00
1.25793E+00 2.04451E+00
1.25034E+00 2.04451E+00
1.24244E+00 2.04453E+00
1.23425E+00 2.04454E+00
1.22578E+00 2.04456E+00
1.21704E+00 2.04457E+00
1.20807E+00 2.04459E+00
1.19887E+00 2.04460E+00
1.18947E+00 2.04462E+00
1.17989E+00 2.04464E+00
1.17015E+00 2.04465E+00
1.16027E+00 2.04467E+00
1.15028E+00 2.04468E+00
1.14020E+00 2.04470E+00
1.13006E+00 2.04471E+00
1.11989E+00 2.04473E+00
1.10970E+00 2.04475E+00
1.09954E+00 2.04476E+00
1.08943E+00 2.04477E+00
1.07939E+00 2.04479E+00
1.06946E+00 2.04480E+00
1.05967E+00 2.04482E+00
1.05006E+00 2.04483E+00
1.04064E+00 2.04485E+00
1.03146E+00 2.04486E+00
1.02254E+00 2.04487E+00
1.01391E+00 2.04488E+00
1.00562E+00 2.04490E+00
9.97687E-01 2.04491E+00
9.90143E-01 2.04492E+00
9.83019E-01 2.04493E+00
9.76344E-01 2.04494E+00
9.70146E-01 2.04495E+00
9.64451E-01 2.04495E+00
9.59283E-01 2.04496E+00
9.54666E-01 2.04497E+00
9.50621E-01 2.04497E+00
9.47165E-01 2.04498E+00
9.44315E-01 2.04498E+00
9.42085E-01 2.04498E+00
9.40484E-01 2.04499E+00
9.39520E-01 2.04499E+00
9.39198E-01 2.04499E+00
