Will plot unflagged data


File # 1  = raise.vis
raise.vis 0.1514 GHz
Read 121 visibilities from all files

Baseline 2-5, plot 121 points
9.39198E-01 -1.99957E-01
9.39520E-01 -2.03188E-01
9.40484E-01 -2.07301E-01
9.42085E-01 -2.10239E-01
9.44315E-01 -2.14051E-01
9.47165E-01 -2.16678E-01
9.50621E-01 -2.20171E-01
9.54666E-01 -2.22468E-01
9.59283E-01 -2.24594E-01
9.64450E-01 -2.27573E-01
9.70146E-01 -2.30373E-01
9.76344E-01 -2.31960E-01
9.83019E-01 -2.34389E-01
9.90143E-01 -2.35597E-01
9.97687E-01 -2.37641E-01
1.00562E+00 -2.39486E-01
1.01391E+00 -2.40100E-01
1.02254E+00 -2.41540E-01
1.03145E+00 -2.42772E-01
1.04064E+00 -2.43793E-01
1.05006E+00 -2.43570E-01
1.05967E+00 -2.44162E-01
1.06946E+00 -2.44536E-01
1.07939E+00 -2.44688E-01
1.08943E+00 -2.44618E-01
1.09954E+00 -2.45354E-01
1.10970E+00 -2.44832E-01
1.11989E+00 -2.44080E-01
1.13006E+00 -2.43099E-01
1.14020E+00 -2.42917E-01
1.15028E+00 -2.41471E-01
1.16027E+00 -2.40823E-01
1.17015E+00 -2.38907E-01
1.17989E+00 -2.37788E-01
1.18947E+00 -2.35400E-01
1.19887E+00 -2.33808E-01
1.20807E+00 -2.31978E-01
1.21704E+00 -2.29911E-01
1.22578E+00 -2.27606E-01
1.23425E+00 -2.25064E-01
1.24244E+00 -2.22285E-01
1.25034E+00 -2.19270E-01
1.25793E+00 -2.17052E-01
1.26519E+00 -2.13566E-01
1.27211E+00 -2.10878E-01
1.27867E+00 -2.06926E-01
1.28487E+00 -2.03774E-01
1.29070E+00 -2.00393E-01
1.29613E+00 -1.96783E-01
1.30117E+00 -1.92946E-01
1.30579E+00 -1.88885E-01
1.31001E+00 -1.84600E-01
1.31379E+00 -1.80096E-01
1.31715E+00 -1.75373E-01
1.32008E+00 -1.71468E-01
1.32256E+00 -1.66317E-01
1.32459E+00 -1.61988E-01
1.32618E+00 -1.56420E-01
1.32732E+00 -1.51681E-01
1.32800E+00 -1.46741E-01
1.32823E+00 -1.41604E-01
1.32800E+00 -1.36273E-01
1.32732E+00 -1.30751E-01
1.32618E+00 -1.25044E-01
1.32459E+00 -1.20186E-01
1.32256E+00 -1.14118E-01
1.32008E+00 -1.08908E-01
1.31715E+00 -1.02495E-01
1.31379E+00 -9.69495E-02
1.31001E+00 -9.12429E-02
1.30579E+00 -8.53799E-02
1.30117E+00 -7.93650E-02
1.29613E+00 -7.32032E-02
1.29070E+00 -6.68996E-02
1.28487E+00 -6.04589E-02
1.27867E+00 -5.38863E-02
1.27211E+00 -4.82199E-02
1.26519E+00 -4.13995E-02
1.25793E+00 -3.54957E-02
1.25034E+00 -2.84488E-02
1.24244E+00 -2.23295E-02
1.23425E+00 -1.61110E-02
1.22578E+00 -9.79860E-03
1.21704E+00 -3.39833E-03
1.20807E+00 3.08412E-03
1.19887E+00 9.64284E-03
1.18947E+00 1.62720E-02
1.17989E+00 2.19333E-02
1.17015E+00 2.86855E-02
1.16027E+00 3.44578E-02
1.15028E+00 4.13087E-02
1.14020E+00 4.71678E-02
1.13006E+00 5.40932E-02
1.11989E+00 6.00145E-02
1.10970E+00 6.59578E-02
1.09954E+00 7.19169E-02
1.08943E+00 7.89171E-02
1.07939E+00 8.48890E-02
1.06946E+00 9.08581E-02
1.05967E+00 9.68181E-02
1.05006E+00 1.02763E-01
1.04064E+00 1.07656E-01
1.03146E+00 1.13552E-01
1.02254E+00 1.19414E-01
1.01391E+00 1.25237E-01
1.00562E+00 1.29983E-01
9.97687E-01 1.35708E-01
9.90143E-01 1.41376E-01
9.83019E-01 1.45949E-01
9.76344E-01 1.51483E-01
9.70146E-01 1.55912E-01
9.64451E-01 1.61289E-01
9.59283E-01 1.66578E-01
9.54666E-01 1.70747E-01
9.50621E-01 1.74817E-01
9.47165E-01 1.79811E-01
9.44315E-01 1.83669E-01
9.42085E-01 1.88439E-01
9.40484E-01 1.92062E-01
9.39520E-01 1.96587E-01
9.39198E-01 1.99955E-01
