Will plot unflagged data


File # 1  = raise.vis
raise.vis 1.5136 GHz
Read 121 visibilities from all files

Baseline 1-2, plot 121 points
5.46046E-01 -1.16254E-01
5.46233E-01 -1.18467E-01
5.46793E-01 -1.20597E-01
5.47724E-01 -1.22640E-01
5.49021E-01 -1.24595E-01
5.50677E-01 -1.26459E-01
5.52687E-01 -1.28228E-01
5.55039E-01 -1.28873E-01
5.57723E-01 -1.30446E-01
5.60727E-01 -1.31917E-01
5.64038E-01 -1.33284E-01
5.67642E-01 -1.34545E-01
5.71522E-01 -1.35696E-01
5.75664E-01 -1.36737E-01
5.80050E-01 -1.37665E-01
5.84663E-01 -1.38477E-01
5.89485E-01 -1.40202E-01
5.94498E-01 -1.40778E-01
5.99683E-01 -1.41234E-01
6.05022E-01 -1.41568E-01
6.10497E-01 -1.41777E-01
6.16090E-01 -1.41861E-01
6.21781E-01 -1.42847E-01
6.27552E-01 -1.42676E-01
6.33387E-01 -1.42374E-01
6.39268E-01 -1.41942E-01
6.45176E-01 -1.42408E-01
6.51097E-01 -1.41710E-01
6.57012E-01 -1.41909E-01
6.62907E-01 -1.40943E-01
6.68766E-01 -1.40872E-01
6.74574E-01 -1.39634E-01
6.80317E-01 -1.39290E-01
6.85981E-01 -1.37778E-01
6.91552E-01 -1.37160E-01
6.97018E-01 -1.36404E-01
7.02366E-01 -1.34478E-01
7.07584E-01 -1.33446E-01
7.12661E-01 -1.32276E-01
7.17587E-01 -1.30967E-01
7.22350E-01 -1.29521E-01
7.26942E-01 -1.27938E-01
7.31353E-01 -1.26217E-01
7.35574E-01 -1.24360E-01
7.39597E-01 -1.22367E-01
7.43415E-01 -1.20238E-01
7.47020E-01 -1.19006E-01
7.50405E-01 -1.16609E-01
7.53564E-01 -1.14079E-01
7.56492E-01 -1.12449E-01
7.59183E-01 -1.09657E-01
7.61631E-01 -1.06735E-01
7.63834E-01 -1.04716E-01
7.65787E-01 -1.02571E-01
7.67486E-01 -9.92691E-02
7.68929E-01 -9.68747E-02
7.70113E-01 -9.43583E-02
7.71036E-01 -9.17215E-02
7.71696E-01 -8.79344E-02
7.72093E-01 -8.50623E-02
7.72225E-01 -8.20755E-02
7.72093E-01 -7.89760E-02
7.71696E-01 -7.57659E-02
7.71036E-01 -7.34792E-02
7.70113E-01 -7.00547E-02
7.68929E-01 -6.65265E-02
7.67486E-01 -6.28970E-02
7.65787E-01 -6.02002E-02
7.63834E-01 -5.63756E-02
7.61632E-01 -5.24573E-02
7.59183E-01 -4.94796E-02
7.56492E-01 -4.64137E-02
7.53564E-01 -4.22308E-02
7.50405E-01 -3.89968E-02
7.47020E-01 -3.56833E-02
7.43415E-01 -3.12616E-02
7.39598E-01 -2.77977E-02
7.35574E-01 -2.42633E-02
7.31353E-01 -2.06614E-02
7.26942E-01 -1.69952E-02
7.22350E-01 -1.32680E-02
7.17587E-01 -9.48293E-03
7.12661E-01 -5.64342E-03
7.07584E-01 -1.75282E-03
7.02366E-01 2.18563E-03
6.97018E-01 5.13750E-03
6.91553E-01 9.16133E-03
6.85982E-01 1.32226E-02
6.80318E-01 1.62871E-02
6.74575E-01 2.04129E-02
6.68767E-01 2.35351E-02
6.62908E-01 2.77113E-02
6.57013E-01 3.08769E-02
6.51097E-01 3.50892E-02
6.45177E-01 3.82840E-02
6.39268E-01 4.25181E-02
6.33388E-01 4.57276E-02
6.27553E-01 4.89392E-02
6.21781E-01 5.21492E-02
6.16090E-01 5.63836E-02
6.10498E-01 5.95795E-02
6.05023E-01 6.27631E-02
5.99683E-01 6.59307E-02
5.94498E-01 6.90788E-02
5.89485E-01 7.22038E-02
5.84663E-01 7.63310E-02
5.80051E-01 7.93990E-02
5.75665E-01 8.24334E-02
5.71523E-01 8.54307E-02
5.67642E-01 8.83874E-02
5.64038E-01 9.13001E-02
5.60727E-01 9.41654E-02
5.57723E-01 9.69800E-02
5.55039E-01 9.97404E-02
5.52687E-01 1.01417E-01
5.50677E-01 1.04059E-01
5.49021E-01 1.06638E-01
5.47724E-01 1.09150E-01
5.46793E-01 1.11592E-01
5.46233E-01 1.13960E-01
5.46046E-01 1.16253E-01
