Will plot unflagged data


File # 1  = raise.vis
raise.vis 1.5136 GHz
Read 121 visibilities from all files

Baseline 1-4, plot 121 points
7.64464E+00 -9.35904E-01
7.64726E+00 -9.52781E-01
7.65510E+00 -9.68962E-01
7.66813E+00 -9.85461E-01
7.68629E+00 -1.00020E+00
7.70948E+00 -1.01420E+00
7.73761E+00 -1.02846E+00
7.77054E+00 -1.04091E+00
7.80812E+00 -1.05359E+00
7.85018E+00 -1.06442E+00
7.89653E+00 -1.07545E+00
7.94698E+00 -1.08562E+00
8.00131E+00 -1.09492E+00
8.05930E+00 -1.10333E+00
8.12070E+00 -1.11083E+00
8.18528E+00 -1.11742E+00
8.25279E+00 -1.12411E+00
8.32297E+00 -1.12985E+00
8.39556E+00 -1.13463E+00
8.47031E+00 -1.13844E+00
8.54696E+00 -1.14127E+00
8.62525E+00 -1.14415E+00
8.70493E+00 -1.14499E+00
8.78573E+00 -1.14580E+00
8.86742E+00 -1.14659E+00
8.94975E+00 -1.14527E+00
9.03247E+00 -1.14392E+00
9.11535E+00 -1.14149E+00
9.19817E+00 -1.13797E+00
9.28070E+00 -1.13440E+00
9.36273E+00 -1.12973E+00
9.44404E+00 -1.12397E+00
9.52444E+00 -1.11814E+00
9.60374E+00 -1.11120E+00
9.68173E+00 -1.10316E+00
9.75825E+00 -1.09504E+00
9.83312E+00 -1.08581E+00
9.90617E+00 -1.07547E+00
9.97725E+00 -1.06505E+00
1.00462E+01 -1.05352E+00
1.01129E+01 -1.04089E+00
1.01772E+01 -1.02818E+00
1.02389E+01 -1.01437E+00
1.02980E+01 -1.00050E+00
1.03544E+01 -9.85526E-01
1.04078E+01 -9.69468E-01
1.04583E+01 -9.53360E-01
1.05057E+01 -9.36177E-01
1.05499E+01 -9.18957E-01
1.05909E+01 -9.00677E-01
1.06286E+01 -8.81346E-01
1.06628E+01 -8.62005E-01
1.06937E+01 -8.41633E-01
1.07210E+01 -8.21272E-01
1.07448E+01 -7.99902E-01
1.07650E+01 -7.78567E-01
1.07816E+01 -7.56248E-01
1.07945E+01 -7.32961E-01
1.08037E+01 -7.09750E-01
1.08093E+01 -6.85598E-01
1.08112E+01 -6.61552E-01
1.08093E+01 -6.36600E-01
1.08037E+01 -6.11787E-01
1.07945E+01 -5.86101E-01
1.07816E+01 -5.60592E-01
1.07650E+01 -5.34248E-01
1.07448E+01 -5.07088E-01
1.07210E+01 -4.80163E-01
1.06937E+01 -4.52464E-01
1.06628E+01 -4.25042E-01
1.06286E+01 -3.96888E-01
1.05909E+01 -3.69056E-01
1.05499E+01 -3.40538E-01
1.05057E+01 -3.11356E-01
1.04583E+01 -2.82566E-01
1.04078E+01 -2.53160E-01
1.03544E+01 -2.24195E-01
1.02980E+01 -1.94663E-01
1.02389E+01 -1.64590E-01
1.01772E+01 -1.35033E-01
1.01129E+01 -1.04987E-01
1.00462E+01 -7.55088E-02
9.97726E+00 -4.55935E-02
9.90618E+00 -1.52673E-02
9.83312E+00 1.44098E-02
9.75826E+00 4.44435E-02
9.68174E+00 7.48065E-02
9.60374E+00 1.04438E-01
9.52445E+00 1.34344E-01
9.44405E+00 1.64495E-01
9.36273E+00 1.93832E-01
9.28071E+00 2.23360E-01
9.19818E+00 2.53050E-01
9.11536E+00 2.81843E-01
9.03247E+00 3.10745E-01
8.94975E+00 3.39727E-01
8.86743E+00 3.67735E-01
8.78574E+00 3.96800E-01
8.70493E+00 4.24840E-01
8.62526E+00 4.51830E-01
8.54697E+00 4.79758E-01
8.47032E+00 5.06535E-01
8.39557E+00 5.33163E-01
8.32297E+00 5.59617E-01
8.25280E+00 5.85872E-01
8.18529E+00 6.11902E-01
8.12071E+00 6.36648E-01
8.05930E+00 6.61114E-01
8.00132E+00 6.85276E-01
7.94699E+00 7.09106E-01
7.89654E+00 7.32578E-01
7.85018E+00 7.55666E-01
7.80812E+00 7.77310E-01
7.77054E+00 7.99551E-01
7.73761E+00 8.20298E-01
7.70949E+00 8.41593E-01
7.68629E+00 8.61348E-01
7.66813E+00 8.80573E-01
7.65510E+00 9.00278E-01
7.64726E+00 9.18382E-01
7.64464E+00 9.35900E-01
