Will plot unflagged data


File # 1  = raise.vis
raise.vis 1.5136 GHz
Read 121 visibilities from all files

Baseline 1-4, plot 121 points
7.64464E+00 1.78173E-01
7.64726E+00 1.78173E-01
7.65510E+00 1.78171E-01
7.66813E+00 1.78168E-01
7.68629E+00 1.78164E-01
7.70948E+00 1.78159E-01
7.73761E+00 1.78153E-01
7.77054E+00 1.78146E-01
7.80812E+00 1.78138E-01
7.85018E+00 1.78128E-01
7.89653E+00 1.78118E-01
7.94698E+00 1.78106E-01
8.00131E+00 1.78094E-01
8.05930E+00 1.78081E-01
8.12070E+00 1.78066E-01
8.18528E+00 1.78051E-01
8.25279E+00 1.78036E-01
8.32297E+00 1.78020E-01
8.39556E+00 1.78003E-01
8.47031E+00 1.77985E-01
8.54696E+00 1.77966E-01
8.62525E+00 1.77948E-01
8.70493E+00 1.77928E-01
8.78573E+00 1.77908E-01
8.86742E+00 1.77889E-01
8.94975E+00 1.77868E-01
9.03247E+00 1.77848E-01
9.11535E+00 1.77827E-01
9.19817E+00 1.77805E-01
9.28070E+00 1.77785E-01
9.36273E+00 1.77764E-01
9.44404E+00 1.77743E-01
9.52444E+00 1.77722E-01
9.60374E+00 1.77702E-01
9.68173E+00 1.77681E-01
9.75825E+00 1.77662E-01
9.83312E+00 1.77642E-01
9.90617E+00 1.77622E-01
9.97725E+00 1.77603E-01
1.00462E+01 1.77585E-01
1.01129E+01 1.77566E-01
1.01772E+01 1.77549E-01
1.02389E+01 1.77532E-01
1.02980E+01 1.77516E-01
1.03544E+01 1.77501E-01
1.04078E+01 1.77485E-01
1.04583E+01 1.77472E-01
1.05057E+01 1.77458E-01
1.05499E+01 1.77447E-01
1.05909E+01 1.77435E-01
1.06286E+01 1.77424E-01
1.06628E+01 1.77415E-01
1.06937E+01 1.77405E-01
1.07210E+01 1.77398E-01
1.07448E+01 1.77391E-01
1.07650E+01 1.77386E-01
1.07816E+01 1.77382E-01
1.07945E+01 1.77377E-01
1.08037E+01 1.77375E-01
1.08093E+01 1.77372E-01
1.08112E+01 1.77372E-01
1.08093E+01 1.77372E-01
1.08037E+01 1.77375E-01
1.07945E+01 1.77377E-01
1.07816E+01 1.77382E-01
1.07650E+01 1.77386E-01
1.07448E+01 1.77391E-01
1.07210E+01 1.77398E-01
1.06937E+01 1.77405E-01
1.06628E+01 1.77415E-01
1.06286E+01 1.77424E-01
1.05909E+01 1.77436E-01
1.05499E+01 1.77447E-01
1.05057E+01 1.77458E-01
1.04583E+01 1.77472E-01
1.04078E+01 1.77485E-01
1.03544E+01 1.77501E-01
1.02980E+01 1.77516E-01
1.02389E+01 1.77532E-01
1.01772E+01 1.77549E-01
1.01129E+01 1.77566E-01
1.00462E+01 1.77585E-01
9.97726E+00 1.77603E-01
9.90618E+00 1.77622E-01
9.83312E+00 1.77642E-01
9.75826E+00 1.77662E-01
9.68174E+00 1.77681E-01
9.60374E+00 1.77702E-01
9.52445E+00 1.77722E-01
9.44405E+00 1.77743E-01
9.36273E+00 1.77764E-01
9.28071E+00 1.77785E-01
9.19818E+00 1.77805E-01
9.11536E+00 1.77827E-01
9.03247E+00 1.77848E-01
8.94975E+00 1.77868E-01
8.86743E+00 1.77889E-01
8.78574E+00 1.77908E-01
8.70493E+00 1.77928E-01
8.62526E+00 1.77948E-01
8.54697E+00 1.77966E-01
8.47032E+00 1.77985E-01
8.39557E+00 1.78003E-01
8.32297E+00 1.78020E-01
8.25280E+00 1.78036E-01
8.18529E+00 1.78051E-01
8.12071E+00 1.78066E-01
8.05930E+00 1.78081E-01
8.00132E+00 1.78094E-01
7.94699E+00 1.78106E-01
7.89654E+00 1.78118E-01
7.85018E+00 1.78128E-01
7.80812E+00 1.78138E-01
7.77054E+00 1.78146E-01
7.73761E+00 1.78153E-01
7.70949E+00 1.78159E-01
7.68629E+00 1.78164E-01
7.66813E+00 1.78168E-01
7.65510E+00 1.78171E-01
7.64726E+00 1.78173E-01
7.64464E+00 1.78173E-01
