Will plot unflagged data


File # 1  = raise.vis
raise.vis 0.4786 GHz
Read 121 visibilities from all files

Baseline 2-4, plot 121 points
2.24477E+00 -2.83010E-01
2.24554E+00 -2.88262E-01
2.24784E+00 -2.93309E-01
2.25167E+00 -2.98145E-01
2.25700E+00 -3.02763E-01
2.26381E+00 -3.07158E-01
2.27207E+00 -3.11322E-01
2.28174E+00 -3.15249E-01
2.29278E+00 -3.18934E-01
2.30513E+00 -3.22370E-01
2.31874E+00 -3.25552E-01
2.33355E+00 -3.28474E-01
2.34951E+00 -3.31130E-01
2.36653E+00 -3.33516E-01
2.38456E+00 -3.35627E-01
2.40353E+00 -3.38488E-01
2.42335E+00 -3.40033E-01
2.44396E+00 -3.41288E-01
2.46527E+00 -3.43281E-01
2.48722E+00 -3.43944E-01
2.50973E+00 -3.45337E-01
2.53272E+00 -3.46425E-01
2.55612E+00 -3.46171E-01
2.57984E+00 -3.46638E-01
2.60383E+00 -3.46788E-01
2.62800E+00 -3.46620E-01
2.65229E+00 -3.46131E-01
2.67663E+00 -3.45319E-01
2.70095E+00 -3.44181E-01
2.72519E+00 -3.42714E-01
2.74927E+00 -3.41951E-01
2.77315E+00 -3.39824E-01
2.79676E+00 -3.38397E-01
2.82004E+00 -3.35604E-01
2.84294E+00 -3.33509E-01
2.86541E+00 -3.31079E-01
2.88740E+00 -3.28312E-01
2.90885E+00 -3.25210E-01
2.92972E+00 -3.21772E-01
2.94997E+00 -3.17999E-01
2.96955E+00 -3.14923E-01
2.98843E+00 -3.10479E-01
3.00656E+00 -3.06735E-01
3.02392E+00 -3.02658E-01
3.04046E+00 -2.98251E-01
3.05615E+00 -2.93514E-01
3.07097E+00 -2.88449E-01
3.08489E+00 -2.83058E-01
3.09787E+00 -2.77345E-01
3.10991E+00 -2.72343E-01
3.12097E+00 -2.67024E-01
3.13104E+00 -2.60356E-01
3.14009E+00 -2.54409E-01
3.14812E+00 -2.48154E-01
3.15510E+00 -2.41593E-01
3.16104E+00 -2.35764E-01
3.16590E+00 -2.28606E-01
3.16970E+00 -2.21154E-01
3.17241E+00 -2.14446E-01
3.17404E+00 -2.07454E-01
3.17459E+00 -2.00183E-01
3.17404E+00 -1.92637E-01
3.17241E+00 -1.84823E-01
3.16970E+00 -1.76744E-01
3.16590E+00 -1.69441E-01
3.16104E+00 -1.61884E-01
3.15511E+00 -1.53049E-01
3.14812E+00 -1.45005E-01
3.14009E+00 -1.36727E-01
3.13104E+00 -1.28222E-01
3.12097E+00 -1.20527E-01
3.10991E+00 -1.11585E-01
3.09787E+00 -1.02435E-01
3.08489E+00 -9.41175E-02
3.07097E+00 -8.56059E-02
3.05615E+00 -7.69076E-02
3.04046E+00 -6.80302E-02
3.02392E+00 -5.89811E-02
3.00656E+00 -4.97679E-02
2.98843E+00 -4.03984E-02
2.96955E+00 -3.19133E-02
2.94997E+00 -2.22546E-02
2.92972E+00 -1.34965E-02
2.90885E+00 -4.61386E-03
2.88740E+00 4.38492E-03
2.86541E+00 1.34917E-02
2.84295E+00 2.26981E-02
2.82004E+00 3.19955E-02
2.79676E+00 4.03428E-02
2.77315E+00 4.97971E-02
2.74927E+00 5.82841E-02
2.72519E+00 6.78608E-02
2.70095E+00 7.64530E-02
2.67663E+00 8.50849E-02
2.65230E+00 9.37475E-02
2.62801E+00 1.02432E-01
2.60383E+00 1.11130E-01
2.57984E+00 1.19833E-01
2.55612E+00 1.28532E-01
2.53272E+00 1.36185E-01
2.50973E+00 1.44849E-01
2.48722E+00 1.53483E-01
2.46528E+00 1.61045E-01
2.44396E+00 1.69592E-01
2.42335E+00 1.77051E-01
2.40353E+00 1.84445E-01
2.38457E+00 1.92797E-01
2.36653E+00 2.00036E-01
2.34951E+00 2.07185E-01
2.33355E+00 2.14236E-01
2.31874E+00 2.21180E-01
2.30513E+00 2.28009E-01
2.29278E+00 2.34715E-01
2.28174E+00 2.41291E-01
2.27207E+00 2.47728E-01
2.26381E+00 2.54018E-01
2.25700E+00 2.60154E-01
2.25167E+00 2.66129E-01
2.24784E+00 2.71934E-01
2.24554E+00 2.77563E-01
2.24477E+00 2.83008E-01
