Will plot unflagged data


File # 1  = raise.vis
raise.vis 0.4786 GHz
Read 121 visibilities from all files

Baseline 2-4, plot 121 points
2.24477E+00 1.91414E-01
2.24554E+00 1.91414E-01
2.24784E+00 1.91413E-01
2.25167E+00 1.91413E-01
2.25700E+00 1.91413E-01
2.26381E+00 1.91412E-01
2.27207E+00 1.91412E-01
2.28174E+00 1.91411E-01
2.29278E+00 1.91410E-01
2.30513E+00 1.91409E-01
2.31874E+00 1.91408E-01
2.33355E+00 1.91407E-01
2.34951E+00 1.91406E-01
2.36653E+00 1.91404E-01
2.38456E+00 1.91403E-01
2.40353E+00 1.91402E-01
2.42335E+00 1.91400E-01
2.44396E+00 1.91398E-01
2.46527E+00 1.91397E-01
2.48722E+00 1.91395E-01
2.50973E+00 1.91393E-01
2.53272E+00 1.91391E-01
2.55612E+00 1.91389E-01
2.57984E+00 1.91387E-01
2.60383E+00 1.91385E-01
2.62800E+00 1.91383E-01
2.65229E+00 1.91381E-01
2.67663E+00 1.91379E-01
2.70095E+00 1.91376E-01
2.72519E+00 1.91374E-01
2.74927E+00 1.91372E-01
2.77315E+00 1.91370E-01
2.79676E+00 1.91368E-01
2.82004E+00 1.91366E-01
2.84294E+00 1.91364E-01
2.86541E+00 1.91362E-01
2.88740E+00 1.91359E-01
2.90885E+00 1.91357E-01
2.92972E+00 1.91355E-01
2.94997E+00 1.91353E-01
2.96955E+00 1.91352E-01
2.98843E+00 1.91349E-01
3.00656E+00 1.91348E-01
3.02392E+00 1.91346E-01
3.04046E+00 1.91345E-01
3.05615E+00 1.91343E-01
3.07097E+00 1.91342E-01
3.08489E+00 1.91340E-01
3.09787E+00 1.91338E-01
3.10991E+00 1.91338E-01
3.12097E+00 1.91337E-01
3.13104E+00 1.91335E-01
3.14009E+00 1.91334E-01
3.14812E+00 1.91333E-01
3.15510E+00 1.91333E-01
3.16104E+00 1.91333E-01
3.16590E+00 1.91332E-01
3.16970E+00 1.91331E-01
3.17241E+00 1.91331E-01
3.17404E+00 1.91331E-01
3.17459E+00 1.91331E-01
3.17404E+00 1.91331E-01
3.17241E+00 1.91331E-01
3.16970E+00 1.91331E-01
3.16590E+00 1.91332E-01
3.16104E+00 1.91333E-01
3.15511E+00 1.91333E-01
3.14812E+00 1.91333E-01
3.14009E+00 1.91334E-01
3.13104E+00 1.91335E-01
3.12097E+00 1.91337E-01
3.10991E+00 1.91338E-01
3.09787E+00 1.91338E-01
3.08489E+00 1.91340E-01
3.07097E+00 1.91342E-01
3.05615E+00 1.91343E-01
3.04046E+00 1.91345E-01
3.02392E+00 1.91346E-01
3.00656E+00 1.91348E-01
2.98843E+00 1.91349E-01
2.96955E+00 1.91352E-01
2.94997E+00 1.91353E-01
2.92972E+00 1.91355E-01
2.90885E+00 1.91357E-01
2.88740E+00 1.91359E-01
2.86541E+00 1.91362E-01
2.84295E+00 1.91364E-01
2.82004E+00 1.91366E-01
2.79676E+00 1.91368E-01
2.77315E+00 1.91370E-01
2.74927E+00 1.91372E-01
2.72519E+00 1.91374E-01
2.70095E+00 1.91376E-01
2.67663E+00 1.91379E-01
2.65230E+00 1.91381E-01
2.62801E+00 1.91383E-01
2.60383E+00 1.91385E-01
2.57984E+00 1.91387E-01
2.55612E+00 1.91389E-01
2.53272E+00 1.91391E-01
2.50973E+00 1.91393E-01
2.48722E+00 1.91395E-01
2.46528E+00 1.91397E-01
2.44396E+00 1.91398E-01
2.42335E+00 1.91400E-01
2.40353E+00 1.91402E-01
2.38457E+00 1.91403E-01
2.36653E+00 1.91404E-01
2.34951E+00 1.91406E-01
2.33355E+00 1.91407E-01
2.31874E+00 1.91408E-01
2.30513E+00 1.91409E-01
2.29278E+00 1.91410E-01
2.28174E+00 1.91411E-01
2.27207E+00 1.91412E-01
2.26381E+00 1.91412E-01
2.25700E+00 1.91413E-01
2.25167E+00 1.91413E-01
2.24784E+00 1.91413E-01
2.24554E+00 1.91414E-01
2.24477E+00 1.91414E-01
