Will plot unflagged data


File # 1  = raise.vis
raise.vis 0.1514 GHz
Read 121 visibilities from all files

Baseline 1-4, plot 121 points
7.64464E-01 -9.35908E-02
7.64726E-01 -9.49723E-02
7.65510E-01 -9.73127E-02
7.66813E-01 -9.85581E-02
7.68629E-01 -9.97319E-02
7.70948E-01 -1.01859E-01
7.73761E-01 -1.02883E-01
7.77054E-01 -1.03829E-01
7.80812E-01 -1.05723E-01
7.85018E-01 -1.06508E-01
7.89653E-01 -1.07208E-01
7.94698E-01 -1.08850E-01
8.00131E-01 -1.09378E-01
8.05930E-01 -1.10844E-01
8.12070E-01 -1.11191E-01
8.18529E-01 -1.11445E-01
8.25279E-01 -1.12633E-01
8.32297E-01 -1.12697E-01
8.39556E-01 -1.13692E-01
8.47031E-01 -1.13561E-01
8.54696E-01 -1.14358E-01
8.62525E-01 -1.14025E-01
8.70493E-01 -1.14619E-01
8.78573E-01 -1.15110E-01
8.86742E-01 -1.14467E-01
8.94975E-01 -1.14748E-01
9.03247E-01 -1.14923E-01
9.11535E-01 -1.13961E-01
9.19817E-01 -1.13921E-01
9.28070E-01 -1.13773E-01
9.36273E-01 -1.13515E-01
9.44404E-01 -1.12118E-01
9.52444E-01 -1.11641E-01
9.60374E-01 -1.11054E-01
9.68173E-01 -1.10355E-01
9.75825E-01 -1.09546E-01
9.83312E-01 -1.08626E-01
9.90617E-01 -1.07595E-01
9.97726E-01 -1.06452E-01
1.00462E+00 -1.05199E-01
1.01129E+00 -1.03834E-01
1.01772E+00 -1.03389E-01
1.02389E+00 -1.01804E-01
1.02980E+00 -1.00108E-01
1.03544E+00 -9.83034E-02
1.04078E+00 -9.74200E-02
1.04583E+00 -9.53976E-02
1.05057E+00 -9.32675E-02
1.05499E+00 -9.20612E-02
1.05909E+00 -8.97179E-02
1.06286E+00 -8.83004E-02
1.06628E+00 -8.67786E-02
1.06937E+00 -8.41227E-02
1.07210E+00 -8.23957E-02
1.07448E+00 -8.05678E-02
1.07650E+00 -7.76092E-02
1.07816E+00 -7.55834E-02
1.07945E+00 -7.34606E-02
1.08037E+00 -7.12424E-02
1.08093E+00 -6.89302E-02
1.08112E+00 -6.65257E-02
1.08093E+00 -6.40304E-02
1.08037E+00 -6.14461E-02
1.07945E+00 -5.87747E-02
1.07816E+00 -5.60178E-02
1.07650E+00 -5.31774E-02
1.07448E+00 -5.12864E-02
1.07210E+00 -4.82848E-02
1.06937E+00 -4.52058E-02
1.06628E+00 -4.30823E-02
1.06286E+00 -3.98546E-02
1.05909E+00 -3.65559E-02
1.05499E+00 -3.42194E-02
1.05057E+00 -3.07855E-02
1.04583E+00 -2.83182E-02
1.04078E+00 -2.57893E-02
1.03544E+00 -2.21704E-02
1.02980E+00 -1.95253E-02
1.02389E+00 -1.68260E-02
1.01772E+00 -1.40748E-02
1.01129E+00 -1.02441E-02
1.00462E+00 -7.39725E-03
9.97726E-01 -4.50658E-03
9.90618E-01 -1.57475E-03
9.83312E-01 1.39567E-03
9.75825E-01 4.40172E-03
9.68174E-01 7.44082E-03
9.60374E-01 1.05101E-02
9.52445E-01 1.36068E-02
9.44405E-01 1.67279E-02
9.36273E-01 1.88410E-02
9.28071E-01 2.20029E-02
9.19818E-01 2.51807E-02
9.11536E-01 2.83717E-02
9.03247E-01 3.05433E-02
8.94975E-01 3.37519E-02
8.86743E-01 3.69648E-02
8.78574E-01 3.91501E-02
8.70493E-01 4.23632E-02
8.62526E-01 4.55719E-02
8.54697E-01 4.77447E-02
8.47032E-01 5.09363E-02
8.39557E-01 5.30862E-02
8.32297E-01 5.62490E-02
8.25279E-01 5.83647E-02
8.18529E-01 6.14872E-02
8.12071E-01 6.35571E-02
8.05930E-01 6.56001E-02
8.00132E-01 6.86410E-02
7.94699E-01 7.06214E-02
7.89654E-01 7.35939E-02
7.85018E-01 7.55007E-02
7.80812E-01 7.73668E-02
7.77054E-01 8.02162E-02
7.73761E-01 8.19925E-02
7.70949E-01 8.37201E-02
7.68629E-01 8.64227E-02
7.66813E-01 8.80449E-02
7.65510E-01 8.96108E-02
7.64726E-01 9.21436E-02
7.64464E-01 9.35892E-02
