Will plot unflagged data


File # 1  = raise.vis
raise.vis 15.1356 GHz
Read 121 visibilities from all files

Baseline 3-5, plot 121 points
3.76771E+01 6.92768E-03
3.76900E+01 6.92762E-03
3.77287E+01 6.92743E-03
3.77929E+01 6.92711E-03
3.78824E+01 6.92665E-03
3.79967E+01 6.92608E-03
3.81354E+01 6.92537E-03
3.82977E+01 6.92456E-03
3.84829E+01 6.92362E-03
3.86902E+01 6.92256E-03
3.89186E+01 6.92138E-03
3.91673E+01 6.92010E-03
3.94351E+01 6.91871E-03
3.97208E+01 6.91723E-03
4.00235E+01 6.91566E-03
4.03418E+01 6.91401E-03
4.06745E+01 6.91223E-03
4.10204E+01 6.91041E-03
4.13781E+01 6.90850E-03
4.17465E+01 6.90654E-03
4.21243E+01 6.90449E-03
4.25102E+01 6.90240E-03
4.29029E+01 6.90024E-03
4.33011E+01 6.89810E-03
4.37037E+01 6.89588E-03
4.41095E+01 6.89359E-03
4.45172E+01 6.89134E-03
4.49257E+01 6.88902E-03
4.53338E+01 6.88670E-03
4.57406E+01 6.88439E-03
4.61449E+01 6.88209E-03
4.65456E+01 6.87982E-03
4.69419E+01 6.87756E-03
4.73327E+01 6.87526E-03
4.77171E+01 6.87305E-03
4.80942E+01 6.87088E-03
4.84632E+01 6.86866E-03
4.88233E+01 6.86656E-03
4.91736E+01 6.86450E-03
4.95135E+01 6.86250E-03
4.98422E+01 6.86054E-03
5.01590E+01 6.85865E-03
5.04634E+01 6.85682E-03
5.07546E+01 6.85505E-03
5.10322E+01 6.85342E-03
5.12956E+01 6.85179E-03
5.15444E+01 6.85030E-03
5.17779E+01 6.84888E-03
5.19959E+01 6.84754E-03
5.21979E+01 6.84635E-03
5.23836E+01 6.84524E-03
5.25526E+01 6.84413E-03
5.27046E+01 6.84327E-03
5.28393E+01 6.84241E-03
5.29565E+01 6.84171E-03
5.30561E+01 6.84111E-03
5.31378E+01 6.84058E-03
5.32015E+01 6.84015E-03
5.32470E+01 6.83988E-03
5.32744E+01 6.83971E-03
5.32835E+01 6.83971E-03
5.32744E+01 6.83971E-03
5.32470E+01 6.83988E-03
5.32015E+01 6.84015E-03
5.31378E+01 6.84058E-03
5.30561E+01 6.84111E-03
5.29565E+01 6.84171E-03
5.28393E+01 6.84241E-03
5.27046E+01 6.84327E-03
5.25526E+01 6.84413E-03
5.23836E+01 6.84524E-03
5.21980E+01 6.84635E-03
5.19959E+01 6.84754E-03
5.17780E+01 6.84888E-03
5.15444E+01 6.85030E-03
5.12957E+01 6.85179E-03
5.10322E+01 6.85342E-03
5.07546E+01 6.85505E-03
5.04634E+01 6.85681E-03
5.01590E+01 6.85865E-03
4.98422E+01 6.86055E-03
4.95135E+01 6.86250E-03
4.91736E+01 6.86450E-03
4.88233E+01 6.86656E-03
4.84633E+01 6.86866E-03
4.80943E+01 6.87087E-03
4.77171E+01 6.87305E-03
4.73327E+01 6.87526E-03
4.69419E+01 6.87756E-03
4.65457E+01 6.87982E-03
4.61449E+01 6.88209E-03
4.57406E+01 6.88439E-03
4.53339E+01 6.88670E-03
4.49257E+01 6.88902E-03
4.45172E+01 6.89134E-03
4.41095E+01 6.89359E-03
4.37037E+01 6.89588E-03
4.33011E+01 6.89810E-03
4.29029E+01 6.90024E-03
4.25102E+01 6.90240E-03
4.21243E+01 6.90449E-03
4.17466E+01 6.90654E-03
4.13782E+01 6.90850E-03
4.10204E+01 6.91041E-03
4.06745E+01 6.91223E-03
4.03418E+01 6.91401E-03
4.00235E+01 6.91566E-03
3.97209E+01 6.91723E-03
3.94351E+01 6.91871E-03
3.91673E+01 6.92010E-03
3.89186E+01 6.92138E-03
3.86902E+01 6.92256E-03
3.84829E+01 6.92362E-03
3.82977E+01 6.92456E-03
3.81354E+01 6.92537E-03
3.79967E+01 6.92608E-03
3.78824E+01 6.92665E-03
3.77929E+01 6.92711E-03
3.77287E+01 6.92743E-03
3.76901E+01 6.92762E-03
3.76771E+01 6.92768E-03
