Will plot unflagged data


File # 1  = raise.vis
raise.vis 15.1356 GHz
Read 121 visibilities from all files

Baseline 3-5, plot 121 points
3.76771E+01 -2.72982E+00
3.76900E+01 -2.77957E+00
3.77287E+01 -2.82721E+00
3.77929E+01 -2.87279E+00
3.78824E+01 -2.91628E+00
3.79967E+01 -2.95868E+00
3.81354E+01 -2.99791E+00
3.82977E+01 -3.03607E+00
3.84829E+01 -3.07191E+00
3.86902E+01 -3.10521E+00
3.89186E+01 -3.13601E+00
3.91673E+01 -3.16533E+00
3.94351E+01 -3.19213E+00
3.97208E+01 -3.21740E+00
4.00235E+01 -3.24016E+00
4.03418E+01 -3.26133E+00
4.06745E+01 -3.27858E+00
4.10204E+01 -3.29502E+00
4.13781E+01 -3.30861E+00
4.17465E+01 -3.32036E+00
4.21243E+01 -3.32923E+00
4.25102E+01 -3.33625E+00
4.29029E+01 -3.34041E+00
4.33011E+01 -3.34365E+00
4.37037E+01 -3.34371E+00
4.41095E+01 -3.34065E+00
4.45172E+01 -3.33653E+00
4.49257E+01 -3.32928E+00
4.53338E+01 -3.31993E+00
4.57406E+01 -3.30849E+00
4.61449E+01 -3.29494E+00
4.65456E+01 -3.27932E+00
4.69419E+01 -3.26157E+00
4.73327E+01 -3.24050E+00
4.77171E+01 -3.21820E+00
4.80942E+01 -3.19368E+00
4.84632E+01 -3.16590E+00
4.88233E+01 -3.13695E+00
4.91736E+01 -3.10579E+00
4.95135E+01 -3.07243E+00
4.98422E+01 -3.03688E+00
5.01590E+01 -2.99916E+00
5.04634E+01 -2.95928E+00
5.07546E+01 -2.91727E+00
5.10322E+01 -2.87416E+00
5.12956E+01 -2.82785E+00
5.15444E+01 -2.78040E+00
5.17779E+01 -2.73082E+00
5.19959E+01 -2.67914E+00
5.21979E+01 -2.62641E+00
5.23836E+01 -2.57165E+00
5.25526E+01 -2.51384E+00
5.27046E+01 -2.45611E+00
5.28393E+01 -2.39541E+00
5.29565E+01 -2.33383E+00
5.30561E+01 -2.27038E+00
5.31378E+01 -2.20509E+00
5.32015E+01 -2.13801E+00
5.32470E+01 -2.07021E+00
5.32744E+01 -2.00070E+00
5.32835E+01 -1.93057E+00
5.32744E+01 -1.85778E+00
5.32470E+01 -1.78447E+00
5.32015E+01 -1.70965E+00
5.31378E+01 -1.63440E+00
5.30561E+01 -1.55775E+00
5.29565E+01 -1.47976E+00
5.28393E+01 -1.40047E+00
5.27046E+01 -1.32099E+00
5.25526E+01 -1.23931E+00
5.23836E+01 -1.15859E+00
5.21980E+01 -1.07580E+00
5.19959E+01 -9.92021E-01
5.17780E+01 -9.08362E-01
5.15444E+01 -8.23848E-01
5.12957E+01 -7.38542E-01
5.10322E+01 -6.53529E-01
5.07546E+01 -5.66841E-01
5.04634E+01 -4.80668E-01
5.01590E+01 -3.94055E-01
4.98422E+01 -3.07071E-01
4.95135E+01 -2.19783E-01
4.91736E+01 -1.32263E-01
4.88233E+01 -4.45821E-02
4.84633E+01 4.31840E-02
4.80943E+01 1.29930E-01
4.77171E+01 2.17650E-01
4.73327E+01 3.05244E-01
4.69419E+01 3.91633E-01
4.65457E+01 4.78831E-01
4.61449E+01 5.65593E-01
4.57406E+01 6.51784E-01
4.53339E+01 7.37357E-01
4.49257E+01 8.22250E-01
4.45172E+01 9.06397E-01
4.41095E+01 9.90761E-01
4.37037E+01 1.07321E+00
4.33011E+01 1.15577E+00
4.29029E+01 1.23842E+00
4.25102E+01 1.31885E+00
4.21243E+01 1.39894E+00
4.17466E+01 1.47765E+00
4.13782E+01 1.55595E+00
4.10204E+01 1.63275E+00
4.06745E+01 1.70903E+00
4.03418E+01 1.78270E+00
4.00235E+01 1.85684E+00
3.97209E+01 1.92906E+00
3.94351E+01 2.00028E+00
3.91673E+01 2.06946E+00
3.89186E+01 2.13758E+00
3.86902E+01 2.20356E+00
3.84829E+01 2.26841E+00
3.82977E+01 2.33213E+00
3.81354E+01 2.39450E+00
3.79967E+01 2.45424E+00
3.78824E+01 2.51344E+00
3.77929E+01 2.57000E+00
3.77287E+01 2.62493E+00
3.76901E+01 2.67819E+00
3.76771E+01 2.72981E+00
