Will plot unflagged data


File # 1  = raise.vis
raise.vis 0.4786 GHz
Read 121 visibilities from all files

Baseline 3-4, plot 121 points
4.66222E-01 -2.19363E-01
4.66382E-01 -2.23306E-01
4.66860E-01 -2.27090E-01
4.67655E-01 -2.30712E-01
4.68762E-01 -2.34165E-01
4.70177E-01 -2.37446E-01
4.71892E-01 -2.40547E-01
4.73900E-01 -2.44494E-01
4.76192E-01 -2.47225E-01
4.78757E-01 -2.49763E-01
4.81584E-01 -2.52104E-01
4.84661E-01 -2.54243E-01
4.87974E-01 -2.57207E-01
4.91511E-01 -2.58931E-01
4.95256E-01 -2.60442E-01
4.99194E-01 -2.61735E-01
5.03311E-01 -2.63838E-01
5.07591E-01 -2.64686E-01
5.12018E-01 -2.66336E-01
5.16577E-01 -2.66725E-01
5.21252E-01 -2.67911E-01
5.26026E-01 -2.67828E-01
5.30886E-01 -2.68537E-01
5.35814E-01 -2.69004E-01
5.40795E-01 -2.69227E-01
5.45816E-01 -2.68170E-01
5.50861E-01 -2.67897E-01
5.55916E-01 -2.67372E-01
5.60967E-01 -2.66595E-01
5.66000E-01 -2.65564E-01
5.71003E-01 -2.65309E-01
5.75962E-01 -2.63766E-01
5.80865E-01 -2.61964E-01
5.85701E-01 -2.60936E-01
5.90458E-01 -2.58617E-01
5.95124E-01 -2.57069E-01
5.99690E-01 -2.54229E-01
6.04146E-01 -2.52162E-01
6.08481E-01 -2.49833E-01
6.12686E-01 -2.47245E-01
6.16753E-01 -2.44396E-01
6.20674E-01 -2.41289E-01
6.24440E-01 -2.37922E-01
6.28044E-01 -2.34298E-01
6.31479E-01 -2.31450E-01
6.34739E-01 -2.27314E-01
6.37817E-01 -2.23957E-01
6.40707E-01 -2.19315E-01
6.43404E-01 -2.15454E-01
6.45904E-01 -2.11345E-01
6.48201E-01 -2.06990E-01
6.50292E-01 -2.02390E-01
6.52173E-01 -1.97548E-01
6.53840E-01 -1.92468E-01
6.55291E-01 -1.87150E-01
6.56523E-01 -1.82632E-01
6.57534E-01 -1.76851E-01
6.58322E-01 -1.71876E-01
6.58886E-01 -1.66676E-01
6.59224E-01 -1.61257E-01
6.59337E-01 -1.55621E-01
6.59224E-01 -1.49772E-01
6.58886E-01 -1.43715E-01
6.58322E-01 -1.37454E-01
6.57534E-01 -1.30992E-01
6.56523E-01 -1.25367E-01
6.55291E-01 -1.18519E-01
6.53840E-01 -1.12517E-01
6.52173E-01 -1.06333E-01
6.50292E-01 -9.99721E-02
6.48201E-01 -9.34398E-02
6.45904E-01 -8.67411E-02
6.43405E-01 -7.98813E-02
6.40707E-01 -7.28656E-02
6.37817E-01 -6.67326E-02
6.34739E-01 -5.94221E-02
6.31480E-01 -5.30055E-02
6.28044E-01 -4.54230E-02
6.24440E-01 -3.87461E-02
6.20674E-01 -3.19480E-02
6.16754E-01 -2.50347E-02
6.12686E-01 -1.80125E-02
6.08481E-01 -1.08874E-02
6.04146E-01 -3.66591E-03
5.99691E-01 3.64574E-03
5.95124E-01 1.00084E-02
5.90458E-01 1.74810E-02
5.85701E-01 2.39918E-02
5.80866E-01 3.15992E-02
5.75962E-01 3.82316E-02
5.71003E-01 4.49150E-02
5.66000E-01 5.26749E-02
5.60967E-01 5.94399E-02
5.55916E-01 6.62357E-02
5.50861E-01 7.30554E-02
5.45816E-01 7.98925E-02
5.40796E-01 8.57079E-02
5.35814E-01 9.25590E-02
5.30886E-01 9.94069E-02
5.26027E-01 1.06245E-01
5.21252E-01 1.12035E-01
5.16577E-01 1.18833E-01
5.12019E-01 1.24569E-01
5.07591E-01 1.31300E-01
5.03311E-01 1.36956E-01
4.99194E-01 1.43592E-01
4.95256E-01 1.49141E-01
4.91511E-01 1.54627E-01
4.87975E-01 1.60044E-01
4.84661E-01 1.66413E-01
4.81584E-01 1.71671E-01
4.78757E-01 1.76839E-01
4.76192E-01 1.81912E-01
4.73900E-01 1.86883E-01
4.71892E-01 1.92775E-01
4.70177E-01 1.97524E-01
4.68762E-01 2.02154E-01
4.67655E-01 2.06659E-01
4.66860E-01 2.11032E-01
4.66382E-01 2.15268E-01
4.66222E-01 2.19361E-01
