Will plot unflagged data


File # 1  = raise.vis
raise.vis 0.4786 GHz
Read 121 visibilities from all files

Baseline 3-4, plot 121 points
4.66222E-01 6.64242E+00
4.66382E-01 6.64242E+00
4.66860E-01 6.64241E+00
4.67655E-01 6.64240E+00
4.68762E-01 6.64239E+00
4.70177E-01 6.64237E+00
4.71892E-01 6.64235E+00
4.73900E-01 6.64234E+00
4.76192E-01 6.64231E+00
4.78757E-01 6.64229E+00
4.81584E-01 6.64226E+00
4.84661E-01 6.64222E+00
4.87974E-01 6.64219E+00
4.91511E-01 6.64216E+00
4.95256E-01 6.64211E+00
4.99194E-01 6.64206E+00
5.03311E-01 6.64203E+00
5.07591E-01 6.64198E+00
5.12018E-01 6.64193E+00
5.16577E-01 6.64188E+00
5.21252E-01 6.64183E+00
5.26026E-01 6.64177E+00
5.30886E-01 6.64172E+00
5.35814E-01 6.64167E+00
5.40795E-01 6.64161E+00
5.45816E-01 6.64154E+00
5.50861E-01 6.64148E+00
5.55916E-01 6.64142E+00
5.60967E-01 6.64136E+00
5.66000E-01 6.64129E+00
5.71003E-01 6.64125E+00
5.75962E-01 6.64118E+00
5.80865E-01 6.64112E+00
5.85701E-01 6.64107E+00
5.90458E-01 6.64100E+00
5.95124E-01 6.64095E+00
5.99690E-01 6.64087E+00
6.04146E-01 6.64082E+00
6.08481E-01 6.64077E+00
6.12686E-01 6.64072E+00
6.16753E-01 6.64066E+00
6.20674E-01 6.64061E+00
6.24440E-01 6.64055E+00
6.28044E-01 6.64050E+00
6.31479E-01 6.64047E+00
6.34739E-01 6.64041E+00
6.37817E-01 6.64038E+00
6.40707E-01 6.64032E+00
6.43404E-01 6.64030E+00
6.45904E-01 6.64027E+00
6.48201E-01 6.64024E+00
6.50292E-01 6.64021E+00
6.52173E-01 6.64018E+00
6.53840E-01 6.64015E+00
6.55291E-01 6.64011E+00
6.56523E-01 6.64011E+00
6.57534E-01 6.64008E+00
6.58322E-01 6.64008E+00
6.58886E-01 6.64008E+00
6.59224E-01 6.64008E+00
6.59337E-01 6.64008E+00
6.59224E-01 6.64008E+00
6.58886E-01 6.64008E+00
6.58322E-01 6.64008E+00
6.57534E-01 6.64008E+00
6.56523E-01 6.64011E+00
6.55291E-01 6.64011E+00
6.53840E-01 6.64015E+00
6.52173E-01 6.64018E+00
6.50292E-01 6.64020E+00
6.48201E-01 6.64024E+00
6.45904E-01 6.64027E+00
6.43405E-01 6.64030E+00
6.40707E-01 6.64032E+00
6.37817E-01 6.64038E+00
6.34739E-01 6.64041E+00
6.31480E-01 6.64047E+00
6.28044E-01 6.64050E+00
6.24440E-01 6.64055E+00
6.20674E-01 6.64061E+00
6.16754E-01 6.64066E+00
6.12686E-01 6.64072E+00
6.08481E-01 6.64077E+00
6.04146E-01 6.64082E+00
5.99691E-01 6.64087E+00
5.95124E-01 6.64095E+00
5.90458E-01 6.64100E+00
5.85701E-01 6.64107E+00
5.80866E-01 6.64111E+00
5.75962E-01 6.64118E+00
5.71003E-01 6.64125E+00
5.66000E-01 6.64129E+00
5.60967E-01 6.64136E+00
5.55916E-01 6.64142E+00
5.50861E-01 6.64148E+00
5.45816E-01 6.64154E+00
5.40796E-01 6.64161E+00
5.35814E-01 6.64167E+00
5.30886E-01 6.64172E+00
5.26027E-01 6.64177E+00
5.21252E-01 6.64183E+00
5.16577E-01 6.64188E+00
5.12019E-01 6.64193E+00
5.07591E-01 6.64198E+00
5.03311E-01 6.64203E+00
4.99194E-01 6.64207E+00
4.95256E-01 6.64211E+00
4.91511E-01 6.64216E+00
4.87975E-01 6.64219E+00
4.84661E-01 6.64222E+00
4.81584E-01 6.64226E+00
4.78757E-01 6.64229E+00
4.76192E-01 6.64231E+00
4.73900E-01 6.64234E+00
4.71892E-01 6.64236E+00
4.70177E-01 6.64237E+00
4.68762E-01 6.64239E+00
4.67655E-01 6.64240E+00
4.66860E-01 6.64241E+00
4.66382E-01 6.64242E+00
4.66222E-01 6.64242E+00
