Will plot unflagged data


File # 1  = raise.vis
raise.vis 0.1514 GHz
Read 121 visibilities from all files

Baseline 1-3, plot 121 points
6.17032E-01 2.04499E+00
6.17243E-01 2.04499E+00
6.17876E-01 2.04499E+00
6.18928E-01 2.04499E+00
6.20393E-01 2.04499E+00
6.22266E-01 2.04499E+00
6.24536E-01 2.04498E+00
6.27194E-01 2.04498E+00
6.30227E-01 2.04498E+00
6.33622E-01 2.04498E+00
6.37363E-01 2.04497E+00
6.41435E-01 2.04497E+00
6.45820E-01 2.04496E+00
6.50501E-01 2.04496E+00
6.55457E-01 2.04496E+00
6.60669E-01 2.04495E+00
6.66118E-01 2.04494E+00
6.71783E-01 2.04494E+00
6.77642E-01 2.04493E+00
6.83675E-01 2.04493E+00
6.89862E-01 2.04492E+00
6.96181E-01 2.04492E+00
7.02612E-01 2.04491E+00
7.09134E-01 2.04491E+00
7.15727E-01 2.04490E+00
7.22372E-01 2.04489E+00
7.29049E-01 2.04488E+00
7.35739E-01 2.04488E+00
7.42424E-01 2.04487E+00
7.49085E-01 2.04487E+00
7.55706E-01 2.04486E+00
7.62269E-01 2.04485E+00
7.68759E-01 2.04484E+00
7.75159E-01 2.04484E+00
7.81454E-01 2.04483E+00
7.87630E-01 2.04483E+00
7.93673E-01 2.04482E+00
7.99570E-01 2.04481E+00
8.05307E-01 2.04480E+00
8.10873E-01 2.04480E+00
8.16256E-01 2.04479E+00
8.21445E-01 2.04479E+00
8.26429E-01 2.04478E+00
8.31199E-01 2.04478E+00
8.35745E-01 2.04477E+00
8.40059E-01 2.04477E+00
8.44132E-01 2.04476E+00
8.47958E-01 2.04476E+00
8.51528E-01 2.04475E+00
8.54836E-01 2.04475E+00
8.57876E-01 2.04475E+00
8.60643E-01 2.04474E+00
8.63133E-01 2.04474E+00
8.65339E-01 2.04473E+00
8.67259E-01 2.04473E+00
8.68890E-01 2.04473E+00
8.70227E-01 2.04473E+00
8.71270E-01 2.04473E+00
8.72017E-01 2.04473E+00
8.72465E-01 2.04473E+00
8.72614E-01 2.04473E+00
8.72465E-01 2.04473E+00
8.72017E-01 2.04473E+00
8.71270E-01 2.04473E+00
8.70227E-01 2.04473E+00
8.68890E-01 2.04473E+00
8.67259E-01 2.04473E+00
8.65339E-01 2.04473E+00
8.63133E-01 2.04474E+00
8.60644E-01 2.04474E+00
8.57876E-01 2.04474E+00
8.54836E-01 2.04475E+00
8.51528E-01 2.04475E+00
8.47958E-01 2.04476E+00
8.44133E-01 2.04476E+00
8.40059E-01 2.04477E+00
8.35745E-01 2.04477E+00
8.31199E-01 2.04478E+00
8.26429E-01 2.04478E+00
8.21445E-01 2.04479E+00
8.16256E-01 2.04479E+00
8.10873E-01 2.04480E+00
8.05307E-01 2.04480E+00
7.99570E-01 2.04481E+00
7.93674E-01 2.04482E+00
7.87631E-01 2.04483E+00
7.81454E-01 2.04483E+00
7.75159E-01 2.04484E+00
7.68759E-01 2.04484E+00
7.62270E-01 2.04485E+00
7.55706E-01 2.04486E+00
7.49086E-01 2.04487E+00
7.42424E-01 2.04487E+00
7.35740E-01 2.04488E+00
7.29050E-01 2.04488E+00
7.22373E-01 2.04489E+00
7.15728E-01 2.04490E+00
7.09135E-01 2.04491E+00
7.02612E-01 2.04491E+00
6.96182E-01 2.04492E+00
6.89863E-01 2.04492E+00
6.83676E-01 2.04493E+00
6.77642E-01 2.04493E+00
6.71783E-01 2.04494E+00
6.66118E-01 2.04495E+00
6.60670E-01 2.04495E+00
6.55457E-01 2.04496E+00
6.50501E-01 2.04496E+00
6.45821E-01 2.04496E+00
6.41435E-01 2.04497E+00
6.37363E-01 2.04497E+00
6.33622E-01 2.04498E+00
6.30227E-01 2.04498E+00
6.27194E-01 2.04498E+00
6.24536E-01 2.04498E+00
6.22266E-01 2.04499E+00
6.20393E-01 2.04499E+00
6.18928E-01 2.04499E+00
6.17876E-01 2.04499E+00
6.17243E-01 2.04499E+00
6.17032E-01 2.04499E+00
