Will plot unflagged data


File # 1  = raise.vis
raise.vis 0.1514 GHz
Read 121 visibilities from all files

Baseline 1-3, plot 121 points
6.17032E-01 -1.31367E-01
6.17243E-01 -1.34134E-01
6.17876E-01 -1.35781E-01
6.18928E-01 -1.38357E-01
6.20393E-01 -1.40833E-01
6.22266E-01 -1.42178E-01
6.24536E-01 -1.44444E-01
6.27194E-01 -1.46600E-01
6.30227E-01 -1.47617E-01
6.33622E-01 -1.49546E-01
6.37363E-01 -1.51358E-01
6.41435E-01 -1.52020E-01
6.45820E-01 -1.53589E-01
6.50501E-01 -1.55032E-01
6.55457E-01 -1.56347E-01
6.60669E-01 -1.57532E-01
6.66118E-01 -1.57555E-01
6.71783E-01 -1.58474E-01
6.77642E-01 -1.59256E-01
6.83675E-01 -1.59899E-01
6.89862E-01 -1.60403E-01
6.96181E-01 -1.60765E-01
7.02612E-01 -1.60983E-01
7.09134E-01 -1.61056E-01
7.15727E-01 -1.60982E-01
7.22372E-01 -1.60760E-01
7.29049E-01 -1.60390E-01
7.35739E-01 -1.59869E-01
7.42424E-01 -1.60227E-01
7.49085E-01 -1.59403E-01
7.55706E-01 -1.58425E-01
7.62269E-01 -1.58324E-01
7.68759E-01 -1.57038E-01
7.75159E-01 -1.55597E-01
7.81454E-01 -1.55032E-01
7.87630E-01 -1.54311E-01
7.93673E-01 -1.52403E-01
7.99570E-01 -1.51370E-01
8.05307E-01 -1.49149E-01
8.10873E-01 -1.47805E-01
8.16256E-01 -1.46304E-01
8.21445E-01 -1.44649E-01
8.26429E-01 -1.42838E-01
8.31199E-01 -1.40873E-01
8.35745E-01 -1.38754E-01
8.40059E-01 -1.36483E-01
8.44132E-01 -1.34059E-01
8.47958E-01 -1.31484E-01
8.51528E-01 -1.28759E-01
8.54836E-01 -1.26917E-01
8.57876E-01 -1.23895E-01
8.60643E-01 -1.20727E-01
8.63133E-01 -1.18446E-01
8.65339E-01 -1.14990E-01
8.67259E-01 -1.12425E-01
8.68890E-01 -1.09719E-01
8.70227E-01 -1.05844E-01
8.71270E-01 -1.02864E-01
8.72017E-01 -9.97505E-02
8.72465E-01 -9.65049E-02
8.72614E-01 -9.31299E-02
8.72465E-01 -8.96275E-02
8.72017E-01 -8.60001E-02
8.71270E-01 -8.22503E-02
8.70227E-01 -7.83807E-02
8.68890E-01 -7.54257E-02
8.67259E-01 -7.13243E-02
8.65339E-01 -6.71113E-02
8.63133E-01 -6.38214E-02
8.60644E-01 -5.93937E-02
8.57876E-01 -5.58952E-02
8.54836E-01 -5.22970E-02
8.51528E-01 -4.75703E-02
8.47958E-01 -4.37823E-02
8.44133E-01 -3.99041E-02
8.40059E-01 -3.59395E-02
8.35745E-01 -3.18915E-02
8.31199E-01 -2.77639E-02
8.26429E-01 -2.35600E-02
8.21445E-01 -1.92835E-02
8.16256E-01 -1.49381E-02
8.10873E-01 -1.05273E-02
8.05307E-01 -6.05511E-03
7.99570E-01 -2.55645E-03
7.93674E-01 2.02764E-03
7.87631E-01 5.63052E-03
7.81454E-01 1.03110E-02
7.75159E-01 1.50339E-02
7.68759E-01 1.87640E-02
7.62270E-01 2.25287E-02
7.55706E-01 2.73549E-02
7.49086E-01 3.11767E-02
7.42424E-01 3.50210E-02
7.35740E-01 3.99144E-02
7.29050E-01 4.37915E-02
7.22373E-01 4.76790E-02
7.15728E-01 5.15728E-02
7.09135E-01 5.54689E-02
7.02612E-01 5.93631E-02
6.96182E-01 6.32515E-02
6.89863E-01 6.71298E-02
6.83676E-01 7.09942E-02
6.77642E-01 7.48404E-02
6.71783E-01 7.86645E-02
6.66118E-01 8.24625E-02
6.60670E-01 8.52012E-02
6.55457E-01 8.89351E-02
6.50501E-01 9.26309E-02
6.45821E-01 9.62846E-02
6.41435E-01 9.98924E-02
6.37363E-01 1.02422E-01
6.33622E-01 1.05927E-01
6.30227E-01 1.09374E-01
6.27194E-01 1.11733E-01
6.24536E-01 1.15054E-01
6.22266E-01 1.18307E-01
6.20393E-01 1.20461E-01
6.18928E-01 1.23565E-01
6.17876E-01 1.26591E-01
6.17243E-01 1.28508E-01
6.17032E-01 1.31365E-01
