Will plot unflagged data


File # 1  = raise.vis
raise.vis 15.1356 GHz
Read 121 visibilities from all files

Baseline 4-5, plot 121 points
2.29339E+01 -1.66163E+00
2.29418E+01 -1.69176E+00
2.29653E+01 -1.72063E+00
2.30044E+01 -1.74926E+00
2.30589E+01 -1.77557E+00
2.31285E+01 -1.80056E+00
2.32128E+01 -1.82525E+00
2.33116E+01 -1.84752E+00
2.34244E+01 -1.86942E+00
2.35505E+01 -1.88990E+00
2.36896E+01 -1.90893E+00
2.38410E+01 -1.92649E+00
2.40039E+01 -1.94361E+00
2.41779E+01 -1.95909E+00
2.43621E+01 -1.97290E+00
2.45559E+01 -1.98504E+00
2.47584E+01 -1.99548E+00
2.49689E+01 -2.00525E+00
2.51867E+01 -2.01433E+00
2.54109E+01 -2.02062E+00
2.56409E+01 -2.02619E+00
2.58758E+01 -2.03102E+00
2.61148E+01 -2.03302E+00
2.63572E+01 -2.03425E+00
2.66023E+01 -2.03471E+00
2.68492E+01 -2.03334E+00
2.70974E+01 -2.03108E+00
2.73461E+01 -2.02688E+00
2.75945E+01 -2.02073E+00
2.78421E+01 -2.01470E+00
2.80882E+01 -2.00570E+00
2.83321E+01 -1.99578E+00
2.85733E+01 -1.98493E+00
2.88112E+01 -1.97213E+00
2.90452E+01 -1.95840E+00
2.92747E+01 -1.94373E+00
2.94994E+01 -1.92710E+00
2.97185E+01 -1.90954E+00
2.99318E+01 -1.89001E+00
3.01386E+01 -1.86956E+00
3.03387E+01 -1.84818E+00
3.05316E+01 -1.82486E+00
3.07168E+01 -1.80166E+00
3.08941E+01 -1.77549E+00
3.10631E+01 -1.74942E+00
3.12234E+01 -1.72140E+00
3.13748E+01 -1.69247E+00
3.15170E+01 -1.66265E+00
3.16497E+01 -1.63093E+00
3.17727E+01 -1.59835E+00
3.18857E+01 -1.56493E+00
3.19885E+01 -1.53069E+00
3.20810E+01 -1.49462E+00
3.21630E+01 -1.45776E+00
3.22344E+01 -1.42015E+00
3.22950E+01 -1.38179E+00
3.23447E+01 -1.34273E+00
3.23835E+01 -1.30194E+00
3.24112E+01 -1.26050E+00
3.24279E+01 -1.21841E+00
3.24335E+01 -1.17469E+00
3.24279E+01 -1.13142E+00
3.24112E+01 -1.08657E+00
3.23835E+01 -1.04121E+00
3.23447E+01 -9.95356E-01
3.22950E+01 -9.48024E-01
3.22344E+01 -9.00277E-01
3.21631E+01 -8.52148E-01
3.20810E+01 -8.03676E-01
3.19885E+01 -7.54895E-01
3.18857E+01 -7.04812E-01
3.17727E+01 -6.54498E-01
3.16497E+01 -6.03992E-01
3.15170E+01 -5.53331E-01
3.13748E+01 -5.01526E-01
3.12234E+01 -4.49647E-01
3.10631E+01 -3.97732E-01
3.08941E+01 -3.44795E-01
3.07168E+01 -2.92934E-01
3.05316E+01 -2.39146E-01
3.03387E+01 -1.86561E-01
3.01387E+01 -1.33169E-01
2.99318E+01 -8.00432E-02
2.97185E+01 -2.72313E-02
2.94994E+01 2.62531E-02
2.92748E+01 7.93315E-02
2.90452E+01 1.32989E-01
2.88112E+01 1.86145E-01
2.85733E+01 2.38752E-01
2.83321E+01 2.91795E-01
2.80882E+01 3.44191E-01
2.78421E+01 3.95895E-01
2.75945E+01 4.48925E-01
2.73461E+01 5.00141E-01
2.70974E+01 5.51566E-01
2.68493E+01 6.03164E-01
2.66023E+01 6.53855E-01
2.63572E+01 7.04526E-01
2.61148E+01 7.54093E-01
2.58758E+01 8.02518E-01
2.56409E+01 8.51823E-01
2.54110E+01 8.99902E-01
2.51867E+01 9.46710E-01
2.49689E+01 9.94266E-01
2.47584E+01 1.04046E+00
2.45559E+01 1.08524E+00
2.43621E+01 1.12962E+00
2.41779E+01 1.17354E+00
2.40040E+01 1.21699E+00
2.38410E+01 1.25990E+00
2.36896E+01 1.30108E+00
2.35505E+01 1.34153E+00
2.34244E+01 1.38120E+00
2.33116E+01 1.42008E+00
2.32128E+01 1.45709E+00
2.31285E+01 1.49426E+00
2.30589E+01 1.52948E+00
2.30044E+01 1.56375E+00
2.29653E+01 1.59807E+00
2.29418E+01 1.63035E+00
2.29339E+01 1.66162E+00
