Will plot unflagged data


File # 1  = raise.vis
raise.vis 15.1356 GHz
Read 121 visibilities from all files

Baseline 4-5, plot 121 points
2.29339E+01 6.92825E-03
2.29418E+01 6.92822E-03
2.29653E+01 6.92815E-03
2.30044E+01 6.92803E-03
2.30589E+01 6.92787E-03
2.31285E+01 6.92765E-03
2.32128E+01 6.92739E-03
2.33116E+01 6.92708E-03
2.34244E+01 6.92673E-03
2.35505E+01 6.92633E-03
2.36896E+01 6.92589E-03
2.38410E+01 6.92541E-03
2.40039E+01 6.92490E-03
2.41779E+01 6.92435E-03
2.43621E+01 6.92376E-03
2.45559E+01 6.92313E-03
2.47584E+01 6.92246E-03
2.49689E+01 6.92176E-03
2.51867E+01 6.92106E-03
2.54109E+01 6.92030E-03
2.56409E+01 6.91952E-03
2.58758E+01 6.91874E-03
2.61148E+01 6.91790E-03
2.63572E+01 6.91706E-03
2.66023E+01 6.91622E-03
2.68492E+01 6.91536E-03
2.70974E+01 6.91450E-03
2.73461E+01 6.91361E-03
2.75945E+01 6.91270E-03
2.78421E+01 6.91185E-03
2.80882E+01 6.91093E-03
2.83321E+01 6.91002E-03
2.85733E+01 6.90914E-03
2.88112E+01 6.90824E-03
2.90452E+01 6.90737E-03
2.92747E+01 6.90652E-03
2.94994E+01 6.90566E-03
2.97185E+01 6.90484E-03
2.99318E+01 6.90400E-03
3.01386E+01 6.90319E-03
3.03387E+01 6.90243E-03
3.05316E+01 6.90166E-03
3.07168E+01 6.90099E-03
3.08941E+01 6.90025E-03
3.10631E+01 6.89961E-03
3.12234E+01 6.89896E-03
3.13748E+01 6.89836E-03
3.15170E+01 6.89781E-03
3.16497E+01 6.89725E-03
3.17727E+01 6.89675E-03
3.18857E+01 6.89630E-03
3.19885E+01 6.89590E-03
3.20810E+01 6.89550E-03
3.21630E+01 6.89516E-03
3.22344E+01 6.89487E-03
3.22950E+01 6.89464E-03
3.23447E+01 6.89446E-03
3.23835E+01 6.89429E-03
3.24112E+01 6.89417E-03
3.24279E+01 6.89411E-03
3.24335E+01 6.89405E-03
3.24279E+01 6.89411E-03
3.24112E+01 6.89417E-03
3.23835E+01 6.89429E-03
3.23447E+01 6.89446E-03
3.22950E+01 6.89464E-03
3.22344E+01 6.89487E-03
3.21631E+01 6.89516E-03
3.20810E+01 6.89550E-03
3.19885E+01 6.89590E-03
3.18857E+01 6.89630E-03
3.17727E+01 6.89675E-03
3.16497E+01 6.89725E-03
3.15170E+01 6.89781E-03
3.13748E+01 6.89836E-03
3.12234E+01 6.89896E-03
3.10631E+01 6.89961E-03
3.08941E+01 6.90025E-03
3.07168E+01 6.90098E-03
3.05316E+01 6.90166E-03
3.03387E+01 6.90243E-03
3.01387E+01 6.90320E-03
2.99318E+01 6.90400E-03
2.97185E+01 6.90484E-03
2.94994E+01 6.90566E-03
2.92748E+01 6.90652E-03
2.90452E+01 6.90737E-03
2.88112E+01 6.90824E-03
2.85733E+01 6.90914E-03
2.83321E+01 6.91002E-03
2.80882E+01 6.91093E-03
2.78421E+01 6.91185E-03
2.75945E+01 6.91270E-03
2.73461E+01 6.91362E-03
2.70974E+01 6.91450E-03
2.68493E+01 6.91536E-03
2.66023E+01 6.91622E-03
2.63572E+01 6.91706E-03
2.61148E+01 6.91790E-03
2.58758E+01 6.91874E-03
2.56409E+01 6.91952E-03
2.54110E+01 6.92030E-03
2.51867E+01 6.92106E-03
2.49689E+01 6.92176E-03
2.47584E+01 6.92246E-03
2.45559E+01 6.92313E-03
2.43621E+01 6.92376E-03
2.41779E+01 6.92435E-03
2.40040E+01 6.92491E-03
2.38410E+01 6.92541E-03
2.36896E+01 6.92589E-03
2.35505E+01 6.92633E-03
2.34244E+01 6.92673E-03
2.33116E+01 6.92708E-03
2.32128E+01 6.92739E-03
2.31285E+01 6.92765E-03
2.30589E+01 6.92787E-03
2.30044E+01 6.92803E-03
2.29653E+01 6.92815E-03
2.29418E+01 6.92822E-03
2.29339E+01 6.92825E-03
