Will plot unflagged data


File # 1  = raise.vis
raise.vis 15.1356 GHz
Read 121 visibilities from all files

Baseline 3-5, plot 121 points
3.76771E+01 0.00000E+00
3.76900E+01 0.00000E+00
3.77287E+01 0.00000E+00
3.77929E+01 0.00000E+00
3.78824E+01 0.00000E+00
3.79967E+01 0.00000E+00
3.81354E+01 0.00000E+00
3.82977E+01 0.00000E+00
3.84829E+01 0.00000E+00
3.86902E+01 0.00000E+00
3.89186E+01 0.00000E+00
3.91673E+01 0.00000E+00
3.94351E+01 0.00000E+00
3.97208E+01 0.00000E+00
4.00235E+01 0.00000E+00
4.03418E+01 0.00000E+00
4.06745E+01 0.00000E+00
4.10204E+01 0.00000E+00
4.13781E+01 0.00000E+00
4.17465E+01 0.00000E+00
4.21243E+01 0.00000E+00
4.25102E+01 0.00000E+00
4.29029E+01 0.00000E+00
4.33011E+01 0.00000E+00
4.37037E+01 0.00000E+00
4.41095E+01 0.00000E+00
4.45172E+01 0.00000E+00
4.49257E+01 0.00000E+00
4.53338E+01 0.00000E+00
4.57406E+01 0.00000E+00
4.61449E+01 0.00000E+00
4.65456E+01 0.00000E+00
4.69419E+01 0.00000E+00
4.73327E+01 0.00000E+00
4.77171E+01 0.00000E+00
4.80942E+01 0.00000E+00
4.84632E+01 0.00000E+00
4.88233E+01 0.00000E+00
4.91736E+01 0.00000E+00
4.95135E+01 0.00000E+00
4.98422E+01 0.00000E+00
5.01590E+01 0.00000E+00
5.04634E+01 0.00000E+00
5.07546E+01 0.00000E+00
5.10322E+01 0.00000E+00
5.12956E+01 0.00000E+00
5.15444E+01 0.00000E+00
5.17779E+01 0.00000E+00
5.19959E+01 0.00000E+00
5.21979E+01 0.00000E+00
5.23836E+01 0.00000E+00
5.25526E+01 0.00000E+00
5.27046E+01 0.00000E+00
5.28393E+01 0.00000E+00
5.29565E+01 0.00000E+00
5.30561E+01 0.00000E+00
5.31378E+01 0.00000E+00
5.32015E+01 0.00000E+00
5.32470E+01 0.00000E+00
5.32744E+01 0.00000E+00
5.32835E+01 0.00000E+00
5.32744E+01 0.00000E+00
5.32470E+01 0.00000E+00
5.32015E+01 0.00000E+00
5.31378E+01 0.00000E+00
5.30561E+01 0.00000E+00
5.29565E+01 0.00000E+00
5.28393E+01 0.00000E+00
5.27046E+01 0.00000E+00
5.25526E+01 0.00000E+00
5.23836E+01 0.00000E+00
5.21980E+01 0.00000E+00
5.19959E+01 0.00000E+00
5.17780E+01 0.00000E+00
5.15444E+01 0.00000E+00
5.12957E+01 0.00000E+00
5.10322E+01 0.00000E+00
5.07546E+01 0.00000E+00
5.04634E+01 0.00000E+00
5.01590E+01 0.00000E+00
4.98422E+01 0.00000E+00
4.95135E+01 0.00000E+00
4.91736E+01 0.00000E+00
4.88233E+01 0.00000E+00
4.84633E+01 0.00000E+00
4.80943E+01 0.00000E+00
4.77171E+01 0.00000E+00
4.73327E+01 0.00000E+00
4.69419E+01 0.00000E+00
4.65457E+01 0.00000E+00
4.61449E+01 0.00000E+00
4.57406E+01 0.00000E+00
4.53339E+01 0.00000E+00
4.49257E+01 0.00000E+00
4.45172E+01 0.00000E+00
4.41095E+01 0.00000E+00
4.37037E+01 0.00000E+00
4.33011E+01 0.00000E+00
4.29029E+01 0.00000E+00
4.25102E+01 0.00000E+00
4.21243E+01 0.00000E+00
4.17466E+01 0.00000E+00
4.13782E+01 0.00000E+00
4.10204E+01 0.00000E+00
4.06745E+01 0.00000E+00
4.03418E+01 0.00000E+00
4.00235E+01 0.00000E+00
3.97209E+01 0.00000E+00
3.94351E+01 0.00000E+00
3.91673E+01 0.00000E+00
3.89186E+01 0.00000E+00
3.86902E+01 0.00000E+00
3.84829E+01 0.00000E+00
3.82977E+01 0.00000E+00
3.81354E+01 0.00000E+00
3.79967E+01 0.00000E+00
3.78824E+01 0.00000E+00
3.77929E+01 0.00000E+00
3.77287E+01 0.00000E+00
3.76901E+01 0.00000E+00
3.76771E+01 0.00000E+00
