Will plot unflagged data


File # 1  = raise.vis
raise.vis 0.4786 GHz
Read 121 visibilities from all files

Baseline 2-4, plot 121 points
2.24477E+00 6.64192E+00
2.24554E+00 6.64187E+00
2.24784E+00 6.64176E+00
2.25167E+00 6.64157E+00
2.25700E+00 6.64131E+00
2.26381E+00 6.64098E+00
2.27207E+00 6.64060E+00
2.28174E+00 6.64012E+00
2.29278E+00 6.63956E+00
2.30513E+00 6.63897E+00
2.31874E+00 6.63830E+00
2.33355E+00 6.63753E+00
2.34951E+00 6.63674E+00
2.36653E+00 6.63588E+00
2.38456E+00 6.63495E+00
2.40353E+00 6.63403E+00
2.42335E+00 6.63298E+00
2.44396E+00 6.63194E+00
2.46527E+00 6.63085E+00
2.48722E+00 6.62971E+00
2.50973E+00 6.62858E+00
2.53272E+00 6.62741E+00
2.55612E+00 6.62611E+00
2.57984E+00 6.62493E+00
2.60383E+00 6.62362E+00
2.62800E+00 6.62236E+00
2.65229E+00 6.62105E+00
2.67663E+00 6.61980E+00
2.70095E+00 6.61842E+00
2.72519E+00 6.61710E+00
2.74927E+00 6.61585E+00
2.77315E+00 6.61457E+00
2.79676E+00 6.61326E+00
2.82004E+00 6.61193E+00
2.84294E+00 6.61068E+00
2.86541E+00 6.60941E+00
2.88740E+00 6.60822E+00
2.90885E+00 6.60702E+00
2.92972E+00 6.60580E+00
2.94997E+00 6.60467E+00
2.96955E+00 6.60365E+00
2.98843E+00 6.60250E+00
3.00656E+00 6.60158E+00
3.02392E+00 6.60052E+00
3.04046E+00 6.59958E+00
3.05615E+00 6.59875E+00
3.07097E+00 6.59791E+00
3.08489E+00 6.59707E+00
3.09787E+00 6.59634E+00
3.10991E+00 6.59561E+00
3.12097E+00 6.59499E+00
3.13104E+00 6.59450E+00
3.14009E+00 6.59388E+00
3.14812E+00 6.59351E+00
3.15510E+00 6.59313E+00
3.16104E+00 6.59276E+00
3.16590E+00 6.59251E+00
3.16970E+00 6.59225E+00
3.17241E+00 6.59213E+00
3.17404E+00 6.59200E+00
3.17459E+00 6.59200E+00
3.17404E+00 6.59200E+00
3.17241E+00 6.59213E+00
3.16970E+00 6.59226E+00
3.16590E+00 6.59251E+00
3.16104E+00 6.59276E+00
3.15511E+00 6.59313E+00
3.14812E+00 6.59351E+00
3.14009E+00 6.59388E+00
3.13104E+00 6.59450E+00
3.12097E+00 6.59499E+00
3.10991E+00 6.59561E+00
3.09787E+00 6.59635E+00
3.08489E+00 6.59707E+00
3.07097E+00 6.59791E+00
3.05615E+00 6.59875E+00
3.04046E+00 6.59958E+00
3.02392E+00 6.60053E+00
3.00656E+00 6.60158E+00
2.98843E+00 6.60251E+00
2.96955E+00 6.60365E+00
2.94997E+00 6.60467E+00
2.92972E+00 6.60580E+00
2.90885E+00 6.60702E+00
2.88740E+00 6.60822E+00
2.86541E+00 6.60940E+00
2.84295E+00 6.61068E+00
2.82004E+00 6.61193E+00
2.79676E+00 6.61326E+00
2.77315E+00 6.61457E+00
2.74927E+00 6.61585E+00
2.72519E+00 6.61710E+00
2.70095E+00 6.61842E+00
2.67663E+00 6.61980E+00
2.65230E+00 6.62105E+00
2.62801E+00 6.62235E+00
2.60383E+00 6.62362E+00
2.57984E+00 6.62493E+00
2.55612E+00 6.62611E+00
2.53272E+00 6.62741E+00
2.50973E+00 6.62858E+00
2.48722E+00 6.62971E+00
2.46528E+00 6.63085E+00
2.44396E+00 6.63194E+00
2.42335E+00 6.63298E+00
2.40353E+00 6.63402E+00
2.38457E+00 6.63495E+00
2.36653E+00 6.63588E+00
2.34951E+00 6.63674E+00
2.33355E+00 6.63753E+00
2.31874E+00 6.63830E+00
2.30513E+00 6.63897E+00
2.29278E+00 6.63956E+00
2.28174E+00 6.64011E+00
2.27207E+00 6.64059E+00
2.26381E+00 6.64098E+00
2.25700E+00 6.64131E+00
2.25167E+00 6.64157E+00
2.24784E+00 6.64176E+00
2.24554E+00 6.64187E+00
2.24477E+00 6.64192E+00
