Will plot unflagged data


File # 1  = raise.vis
raise.vis 0.4786 GHz
Read 121 visibilities from all files

Baseline 2-4, plot 121 points
2.24477E+00 -1.05619E+00
2.24554E+00 -1.07542E+00
2.24784E+00 -1.09387E+00
2.25167E+00 -1.11151E+00
2.25700E+00 -1.12833E+00
2.26381E+00 -1.14431E+00
2.27207E+00 -1.16046E+00
2.28174E+00 -1.17469E+00
2.29278E+00 -1.18802E+00
2.30513E+00 -1.20147E+00
2.31874E+00 -1.21397E+00
2.33355E+00 -1.22447E+00
2.34951E+00 -1.23503E+00
2.36653E+00 -1.24459E+00
2.38456E+00 -1.25313E+00
2.40353E+00 -1.26167E+00
2.42335E+00 -1.26813E+00
2.44396E+00 -1.27457E+00
2.46527E+00 -1.27994E+00
2.48722E+00 -1.28423E+00
2.50973E+00 -1.28841E+00
2.53272E+00 -1.29142E+00
2.55612E+00 -1.29223E+00
2.57984E+00 -1.29391E+00
2.60383E+00 -1.29339E+00
2.62800E+00 -1.29269E+00
2.65229E+00 -1.29080E+00
2.67663E+00 -1.28872E+00
2.70095E+00 -1.28440E+00
2.72519E+00 -1.27988E+00
2.74927E+00 -1.27517E+00
2.77315E+00 -1.26922E+00
2.79676E+00 -1.26203E+00
2.82004E+00 -1.25360E+00
2.84294E+00 -1.24495E+00
2.86541E+00 -1.23506E+00
2.88740E+00 -1.22495E+00
2.90885E+00 -1.21358E+00
2.92972E+00 -1.20097E+00
2.94997E+00 -1.18814E+00
2.96955E+00 -1.17509E+00
2.98843E+00 -1.15977E+00
3.00656E+00 -1.14528E+00
3.02392E+00 -1.12851E+00
3.04046E+00 -1.11155E+00
3.05615E+00 -1.09439E+00
3.07097E+00 -1.07601E+00
3.08489E+00 -1.05642E+00
3.09787E+00 -1.03665E+00
3.10991E+00 -1.01568E+00
3.12097E+00 -9.94547E-01
3.13104E+00 -9.73262E-01
3.14009E+00 -9.49783E-01
3.14812E+00 -9.27208E-01
3.15510E+00 -9.03492E-01
3.16104E+00 -8.78652E-01
3.16590E+00 -8.53731E-01
3.16970E+00 -8.27716E-01
3.17241E+00 -8.01654E-01
3.17404E+00 -7.74530E-01
3.17459E+00 -7.47394E-01
3.17404E+00 -7.19235E-01
3.17241E+00 -6.91100E-01
3.16970E+00 -6.61981E-01
3.16590E+00 -6.32928E-01
3.16104E+00 -6.02932E-01
3.15511E+00 -5.73044E-01
3.14812E+00 -5.42257E-01
3.14009E+00 -5.10595E-01
3.13104E+00 -4.80138E-01
3.12097E+00 -4.47824E-01
3.10991E+00 -4.15734E-01
3.09787E+00 -3.83891E-01
3.08489E+00 -3.51295E-01
3.07097E+00 -3.19000E-01
3.05615E+00 -2.86014E-01
3.04046E+00 -2.52366E-01
3.02392E+00 -2.19109E-01
3.00656E+00 -1.86276E-01
2.98843E+00 -1.51835E-01
2.96955E+00 -1.18905E-01
2.94997E+00 -8.44252E-02
2.92972E+00 -5.04861E-02
2.90885E+00 -1.71188E-02
2.88740E+00 1.66782E-02
2.86541E+00 5.08746E-02
2.84295E+00 8.44074E-02
2.82004E+00 1.18278E-01
2.79676E+00 1.51422E-01
2.77315E+00 1.84842E-01
2.74927E+00 2.18505E-01
2.72519E+00 2.52380E-01
2.70095E+00 2.85402E-01
2.67663E+00 3.17540E-01
2.65230E+00 3.50827E-01
2.62801E+00 3.83168E-01
2.60383E+00 4.15562E-01
2.57984E+00 4.46949E-01
2.55612E+00 4.79361E-01
2.53272E+00 5.09679E-01
2.50973E+00 5.40965E-01
2.48722E+00 5.72161E-01
2.46528E+00 6.02198E-01
2.44396E+00 6.32026E-01
2.42335E+00 6.61615E-01
2.40353E+00 6.89910E-01
2.38457E+00 7.18943E-01
2.36653E+00 7.46624E-01
2.34951E+00 7.73957E-01
2.33355E+00 8.00912E-01
2.31874E+00 8.26428E-01
2.30513E+00 8.52541E-01
2.29278E+00 8.78189E-01
2.28174E+00 9.02311E-01
2.27207E+00 9.25912E-01
2.26381E+00 9.49996E-01
2.25700E+00 9.72473E-01
2.25167E+00 9.94353E-01
2.24784E+00 1.01561E+00
2.24554E+00 1.03623E+00
2.24477E+00 1.05618E+00
