Will plot unflagged data


File # 1  = raise.vis
raise.vis 1.5136 GHz
Read 121 visibilities from all files

Baseline 1-5, plot 121 points
9.93803E+00 -2.68972E+00
9.94143E+00 -2.73903E+00
9.95163E+00 -2.78523E+00
9.96857E+00 -2.83043E+00
9.99217E+00 -2.87357E+00
1.00223E+01 -2.91462E+00
1.00589E+01 -2.95356E+00
1.01017E+01 -2.99144E+00
1.01506E+01 -3.02605E+00
1.02052E+01 -3.05918E+00
1.02655E+01 -3.09086E+00
1.03311E+01 -3.11904E+00
1.04017E+01 -3.14576E+00
1.04771E+01 -3.16996E+00
1.05569E+01 -3.19268E+00
1.06409E+01 -3.21287E+00
1.07286E+01 -3.23126E+00
1.08199E+01 -3.24681E+00
1.09142E+01 -3.25953E+00
1.10114E+01 -3.27149E+00
1.11111E+01 -3.28060E+00
1.12128E+01 -3.28685E+00
1.13164E+01 -3.29129E+00
1.14215E+01 -3.29391E+00
1.15276E+01 -3.29444E+00
1.16347E+01 -3.29186E+00
1.17422E+01 -3.28723E+00
1.18500E+01 -3.28055E+00
1.19576E+01 -3.27181E+00
1.20649E+01 -3.25997E+00
1.21715E+01 -3.24709E+00
1.22773E+01 -3.23113E+00
1.23818E+01 -3.21314E+00
1.24849E+01 -3.19297E+00
1.25863E+01 -3.17056E+00
1.26857E+01 -3.14596E+00
1.27831E+01 -3.12021E+00
1.28780E+01 -3.09125E+00
1.29704E+01 -3.06014E+00
1.30601E+01 -3.02687E+00
1.31468E+01 -2.99146E+00
1.32303E+01 -2.95494E+00
1.33106E+01 -2.91527E+00
1.33874E+01 -2.87453E+00
1.34607E+01 -2.83170E+00
1.35302E+01 -2.78681E+00
1.35958E+01 -2.73983E+00
1.36574E+01 -2.69076E+00
1.37149E+01 -2.64065E+00
1.37682E+01 -2.58747E+00
1.38171E+01 -2.53332E+00
1.38617E+01 -2.47721E+00
1.39018E+01 -2.42018E+00
1.39373E+01 -2.36023E+00
1.39682E+01 -2.29943E+00
1.39945E+01 -2.23681E+00
1.40161E+01 -2.17239E+00
1.40328E+01 -2.10725E+00
1.40449E+01 -2.04040E+00
1.40521E+01 -1.97188E+00
1.40545E+01 -1.90175E+00
1.40521E+01 -1.83107E+00
1.40449E+01 -1.75886E+00
1.40328E+01 -1.68519E+00
1.40161E+01 -1.61009E+00
1.39945E+01 -1.53465E+00
1.39682E+01 -1.45791E+00
1.39373E+01 -1.37990E+00
1.39018E+01 -1.30174E+00
1.38617E+01 -1.22141E+00
1.38171E+01 -1.14103E+00
1.37682E+01 -1.05963E+00
1.37149E+01 -9.78314E-01
1.36574E+01 -8.95071E-01
1.35958E+01 -8.12021E-01
1.35302E+01 -7.28193E-01
1.34607E+01 -6.43696E-01
1.33875E+01 -5.58631E-01
1.33106E+01 -4.73068E-01
1.32303E+01 -3.88104E-01
1.31468E+01 -3.01748E-01
1.30601E+01 -2.16133E-01
1.29704E+01 -1.30299E-01
1.28780E+01 -4.43175E-02
1.27831E+01 4.17366E-02
1.26857E+01 1.28826E-01
1.25863E+01 2.14818E-01
1.24849E+01 3.00690E-01
1.23818E+01 3.86395E-01
1.22773E+01 4.71816E-01
1.21716E+01 5.56733E-01
1.20649E+01 6.42128E-01
1.19576E+01 7.25882E-01
1.18500E+01 8.09995E-01
1.17422E+01 8.93362E-01
1.16347E+01 9.75918E-01
1.15277E+01 1.05760E+00
1.14215E+01 1.13942E+00
1.13164E+01 1.22027E+00
1.12128E+01 1.29986E+00
1.11111E+01 1.37812E+00
1.10114E+01 1.45604E+00
1.09142E+01 1.53357E+00
1.08199E+01 1.60858E+00
1.07286E+01 1.68309E+00
1.06409E+01 1.75707E+00
1.05569E+01 1.82945E+00
1.04771E+01 1.90091E+00
1.04017E+01 1.97038E+00
1.03311E+01 2.03885E+00
1.02655E+01 2.10526E+00
1.02052E+01 2.17161E+00
1.01506E+01 2.23582E+00
1.01017E+01 2.29791E+00
1.00589E+01 2.35964E+00
1.00223E+01 2.41879E+00
9.99218E+00 2.47639E+00
9.96857E+00 2.53241E+00
9.95163E+00 2.58682E+00
9.94143E+00 2.63856E+00
9.93803E+00 2.68971E+00
