Will plot unflagged data


File # 1  = raise.vis
raise.vis 1.5136 GHz
Read 121 visibilities from all files

Baseline 4-5, plot 121 points
2.29339E+00 3.94139E-01
2.29418E+00 3.94138E-01
2.29653E+00 3.94137E-01
2.30044E+00 3.94136E-01
2.30589E+00 3.94133E-01
2.31285E+00 3.94130E-01
2.32128E+00 3.94126E-01
2.33116E+00 3.94122E-01
2.34244E+00 3.94117E-01
2.35505E+00 3.94111E-01
2.36896E+00 3.94105E-01
2.38410E+00 3.94098E-01
2.40039E+00 3.94091E-01
2.41779E+00 3.94083E-01
2.43621E+00 3.94074E-01
2.45559E+00 3.94066E-01
2.47584E+00 3.94056E-01
2.49689E+00 3.94046E-01
2.51867E+00 3.94035E-01
2.54109E+00 3.94024E-01
2.56409E+00 3.94014E-01
2.58758E+00 3.94002E-01
2.61148E+00 3.93991E-01
2.63572E+00 3.93977E-01
2.66023E+00 3.93965E-01
2.68492E+00 3.93952E-01
2.70974E+00 3.93939E-01
2.73461E+00 3.93928E-01
2.75945E+00 3.93914E-01
2.78421E+00 3.93900E-01
2.80882E+00 3.93887E-01
2.83321E+00 3.93874E-01
2.85733E+00 3.93861E-01
2.88112E+00 3.93848E-01
2.90452E+00 3.93836E-01
2.92748E+00 3.93822E-01
2.94994E+00 3.93810E-01
2.97185E+00 3.93798E-01
2.99318E+00 3.93786E-01
3.01386E+00 3.93773E-01
3.03387E+00 3.93763E-01
3.05316E+00 3.93753E-01
3.07168E+00 3.93742E-01
3.08941E+00 3.93731E-01
3.10631E+00 3.93721E-01
3.12234E+00 3.93712E-01
3.13748E+00 3.93702E-01
3.15170E+00 3.93693E-01
3.16497E+00 3.93688E-01
3.17727E+00 3.93679E-01
3.18857E+00 3.93674E-01
3.19885E+00 3.93665E-01
3.20810E+00 3.93659E-01
3.21630E+00 3.93657E-01
3.22344E+00 3.93651E-01
3.22950E+00 3.93648E-01
3.23447E+00 3.93645E-01
3.23835E+00 3.93642E-01
3.24112E+00 3.93642E-01
3.24279E+00 3.93639E-01
3.24335E+00 3.93639E-01
3.24279E+00 3.93639E-01
3.24112E+00 3.93642E-01
3.23835E+00 3.93642E-01
3.23447E+00 3.93645E-01
3.22950E+00 3.93648E-01
3.22344E+00 3.93651E-01
3.21631E+00 3.93657E-01
3.20810E+00 3.93659E-01
3.19885E+00 3.93665E-01
3.18857E+00 3.93674E-01
3.17727E+00 3.93679E-01
3.16497E+00 3.93688E-01
3.15170E+00 3.93693E-01
3.13748E+00 3.93702E-01
3.12234E+00 3.93713E-01
3.10631E+00 3.93721E-01
3.08941E+00 3.93731E-01
3.07168E+00 3.93742E-01
3.05316E+00 3.93753E-01
3.03387E+00 3.93763E-01
3.01387E+00 3.93773E-01
2.99318E+00 3.93786E-01
2.97185E+00 3.93798E-01
2.94994E+00 3.93810E-01
2.92748E+00 3.93822E-01
2.90452E+00 3.93836E-01
2.88112E+00 3.93848E-01
2.85733E+00 3.93861E-01
2.83321E+00 3.93874E-01
2.80882E+00 3.93887E-01
2.78421E+00 3.93900E-01
2.75945E+00 3.93914E-01
2.73461E+00 3.93928E-01
2.70974E+00 3.93939E-01
2.68493E+00 3.93952E-01
2.66023E+00 3.93965E-01
2.63572E+00 3.93977E-01
2.61148E+00 3.93990E-01
2.58758E+00 3.94002E-01
2.56409E+00 3.94014E-01
2.54110E+00 3.94024E-01
2.51867E+00 3.94035E-01
2.49689E+00 3.94046E-01
2.47584E+00 3.94056E-01
2.45559E+00 3.94066E-01
2.43621E+00 3.94074E-01
2.41779E+00 3.94083E-01
2.40040E+00 3.94091E-01
2.38410E+00 3.94098E-01
2.36896E+00 3.94105E-01
2.35505E+00 3.94111E-01
2.34244E+00 3.94117E-01
2.33116E+00 3.94122E-01
2.32128E+00 3.94127E-01
2.31285E+00 3.94130E-01
2.30589E+00 3.94133E-01
2.30044E+00 3.94136E-01
2.29653E+00 3.94137E-01
2.29418E+00 3.94138E-01
2.29339E+00 3.94139E-01
