Will plot unflagged data


File # 1  = raise.vis
raise.vis 1.5136 GHz
Read 121 visibilities from all files

Baseline 4-5, plot 121 points
2.29339E+00 -4.88266E-01
2.29418E+00 -4.96940E-01
2.29653E+00 -5.05258E-01
2.30044E+00 -5.14237E-01
2.30589E+00 -5.21810E-01
2.31285E+00 -5.28995E-01
2.32128E+00 -5.36810E-01
2.33116E+00 -5.43186E-01
2.34244E+00 -5.49143E-01
2.35505E+00 -5.55702E-01
2.36896E+00 -5.60791E-01
2.38410E+00 -5.66464E-01
2.40039E+00 -5.71679E-01
2.41779E+00 -5.75397E-01
2.43621E+00 -5.79672E-01
2.45559E+00 -5.83464E-01
2.47584E+00 -5.86765E-01
2.49689E+00 -5.89567E-01
2.51867E+00 -5.91863E-01
2.54109E+00 -5.93645E-01
2.56409E+00 -5.95941E-01
2.58758E+00 -5.96677E-01
2.61148E+00 -5.97914E-01
2.63572E+00 -5.97579E-01
2.66023E+00 -5.97734E-01
2.68492E+00 -5.97340E-01
2.70974E+00 -5.96393E-01
2.73461E+00 -5.95922E-01
2.75945E+00 -5.93856E-01
2.78421E+00 -5.91227E-01
2.80882E+00 -5.89061E-01
2.83321E+00 -5.86326E-01
2.85733E+00 -5.83017E-01
2.88112E+00 -5.79135E-01
2.90452E+00 -5.75707E-01
2.92748E+00 -5.70671E-01
2.94994E+00 -5.66089E-01
2.97185E+00 -5.60928E-01
2.99318E+00 -5.55188E-01
3.01386E+00 -5.48871E-01
3.03387E+00 -5.43007E-01
3.05316E+00 -5.36567E-01
3.07168E+00 -5.29552E-01
3.08941E+00 -5.21965E-01
3.10631E+00 -5.13808E-01
3.12234E+00 -5.06113E-01
3.13748E+00 -4.96824E-01
3.15170E+00 -4.88004E-01
3.16497E+00 -4.79654E-01
3.17727E+00 -4.69724E-01
3.18857E+00 -4.60273E-01
3.19885E+00 -4.49251E-01
3.20810E+00 -4.38719E-01
3.21630E+00 -4.28682E-01
3.22344E+00 -4.17092E-01
3.22950E+00 -4.06010E-01
3.23447E+00 -3.94414E-01
3.23835E+00 -3.82313E-01
3.24112E+00 -3.70740E-01
3.24279E+00 -3.57651E-01
3.24335E+00 -3.45107E-01
3.24279E+00 -3.32089E-01
3.24112E+00 -3.19633E-01
3.23835E+00 -3.05695E-01
3.23447E+00 -2.92339E-01
3.22950E+00 -2.78547E-01
3.22344E+00 -2.64330E-01
3.21631E+00 -2.50724E-01
3.20810E+00 -2.35688E-01
3.19885E+00 -2.21285E-01
3.18857E+00 -2.07529E-01
3.17727E+00 -1.92375E-01
3.16497E+00 -1.77890E-01
3.15170E+00 -1.62032E-01
3.13748E+00 -1.46868E-01
3.12234E+00 -1.32412E-01
3.10631E+00 -1.16618E-01
3.08941E+00 -1.01559E-01
3.07168E+00 -8.62176E-02
3.05316E+00 -7.06077E-02
3.03387E+00 -5.47426E-02
3.01387E+00 -3.86360E-02
2.99318E+00 -2.33326E-02
2.97185E+00 -7.81555E-03
2.94994E+00 7.90054E-03
2.92748E+00 2.38017E-02
2.90452E+00 3.88421E-02
2.88112E+00 5.50701E-02
2.85733E+00 7.04078E-02
2.83321E+00 8.58722E-02
2.80882E+00 1.01449E-01
2.78421E+00 1.17122E-01
2.75945E+00 1.31846E-01
2.73461E+00 1.46636E-01
2.70974E+00 1.62512E-01
2.68493E+00 1.77392E-01
2.66023E+00 1.92294E-01
2.63572E+00 2.07204E-01
2.61148E+00 2.21072E-01
2.58758E+00 2.35951E-01
2.56409E+00 2.49758E-01
2.54110E+00 2.64545E-01
2.51867E+00 2.78231E-01
2.49689E+00 2.91834E-01
2.47584E+00 3.05339E-01
2.45559E+00 3.18731E-01
2.43621E+00 3.31997E-01
2.41779E+00 3.45120E-01
2.40040E+00 3.57055E-01
2.38410E+00 3.69851E-01
2.36896E+00 3.82463E-01
2.35505E+00 3.93845E-01
2.34244E+00 4.06046E-01
2.33116E+00 4.16991E-01
2.32128E+00 4.27696E-01
2.31285E+00 4.39180E-01
2.30589E+00 4.49370E-01
2.30044E+00 4.59282E-01
2.29653E+00 4.69933E-01
2.29418E+00 4.79254E-01
2.29339E+00 4.88263E-01
