Will plot unflagged data


File # 1  = raise.vis
raise.vis 1.5136 GHz
Read 121 visibilities from all files

Baseline 1-4, plot 121 points
7.64464E+00 1.30779E+00
7.64726E+00 1.30776E+00
7.65510E+00 1.30769E+00
7.66813E+00 1.30757E+00
7.68629E+00 1.30740E+00
7.70948E+00 1.30718E+00
7.73761E+00 1.30692E+00
7.77054E+00 1.30660E+00
7.80812E+00 1.30626E+00
7.85018E+00 1.30586E+00
7.89653E+00 1.30543E+00
7.94698E+00 1.30496E+00
8.00131E+00 1.30445E+00
8.05930E+00 1.30391E+00
8.12070E+00 1.30334E+00
8.18528E+00 1.30275E+00
8.25279E+00 1.30213E+00
8.32297E+00 1.30147E+00
8.39556E+00 1.30081E+00
8.47031E+00 1.30012E+00
8.54696E+00 1.29941E+00
8.62525E+00 1.29872E+00
8.70493E+00 1.29798E+00
8.78573E+00 1.29724E+00
8.86742E+00 1.29651E+00
8.94975E+00 1.29576E+00
9.03247E+00 1.29502E+00
9.11535E+00 1.29427E+00
9.19817E+00 1.29352E+00
9.28070E+00 1.29280E+00
9.36273E+00 1.29209E+00
9.44404E+00 1.29137E+00
9.52444E+00 1.29064E+00
9.60374E+00 1.28995E+00
9.68173E+00 1.28926E+00
9.75825E+00 1.28859E+00
9.83312E+00 1.28795E+00
9.90617E+00 1.28733E+00
9.97725E+00 1.28670E+00
1.00462E+01 1.28609E+00
1.01129E+01 1.28552E+00
1.01772E+01 1.28497E+00
1.02389E+01 1.28445E+00
1.02980E+01 1.28392E+00
1.03544E+01 1.28346E+00
1.04078E+01 1.28299E+00
1.04583E+01 1.28255E+00
1.05057E+01 1.28215E+00
1.05499E+01 1.28177E+00
1.05909E+01 1.28143E+00
1.06286E+01 1.28111E+00
1.06628E+01 1.28083E+00
1.06937E+01 1.28057E+00
1.07210E+01 1.28035E+00
1.07448E+01 1.28013E+00
1.07650E+01 1.27997E+00
1.07816E+01 1.27984E+00
1.07945E+01 1.27971E+00
1.08037E+01 1.27965E+00
1.08093E+01 1.27959E+00
1.08112E+01 1.27959E+00
1.08093E+01 1.27959E+00
1.08037E+01 1.27965E+00
1.07945E+01 1.27971E+00
1.07816E+01 1.27984E+00
1.07650E+01 1.27997E+00
1.07448E+01 1.28013E+00
1.07210E+01 1.28035E+00
1.06937E+01 1.28057E+00
1.06628E+01 1.28083E+00
1.06286E+01 1.28111E+00
1.05909E+01 1.28143E+00
1.05499E+01 1.28177E+00
1.05057E+01 1.28215E+00
1.04583E+01 1.28255E+00
1.04078E+01 1.28299E+00
1.03544E+01 1.28346E+00
1.02980E+01 1.28392E+00
1.02389E+01 1.28445E+00
1.01772E+01 1.28497E+00
1.01129E+01 1.28552E+00
1.00462E+01 1.28609E+00
9.97726E+00 1.28670E+00
9.90618E+00 1.28733E+00
9.83312E+00 1.28795E+00
9.75826E+00 1.28859E+00
9.68174E+00 1.28926E+00
9.60374E+00 1.28995E+00
9.52445E+00 1.29064E+00
9.44405E+00 1.29137E+00
9.36273E+00 1.29209E+00
9.28071E+00 1.29280E+00
9.19818E+00 1.29352E+00
9.11536E+00 1.29427E+00
9.03247E+00 1.29502E+00
8.94975E+00 1.29576E+00
8.86743E+00 1.29651E+00
8.78574E+00 1.29724E+00
8.70493E+00 1.29798E+00
8.62526E+00 1.29872E+00
8.54697E+00 1.29941E+00
8.47032E+00 1.30012E+00
8.39557E+00 1.30081E+00
8.32297E+00 1.30147E+00
8.25280E+00 1.30213E+00
8.18529E+00 1.30275E+00
8.12071E+00 1.30334E+00
8.05930E+00 1.30391E+00
8.00132E+00 1.30445E+00
7.94699E+00 1.30496E+00
7.89654E+00 1.30543E+00
7.85018E+00 1.30587E+00
7.80812E+00 1.30626E+00
7.77054E+00 1.30660E+00
7.73761E+00 1.30692E+00
7.70949E+00 1.30718E+00
7.68629E+00 1.30740E+00
7.66813E+00 1.30757E+00
7.65510E+00 1.30769E+00
7.64726E+00 1.30776E+00
7.64464E+00 1.30779E+00
