Will plot unflagged data


File # 1  = raise.vis
raise.vis 0.4786 GHz
Read 121 visibilities from all files

Baseline 3-4, plot 121 points
4.66222E-01 -9.92598E-02
4.66382E-01 -1.00849E-01
4.66860E-01 -1.02368E-01
4.67655E-01 -1.04839E-01
4.68762E-01 -1.06208E-01
4.70177E-01 -1.07499E-01
4.71892E-01 -1.08709E-01
4.73900E-01 -1.10864E-01
4.76192E-01 -1.11908E-01
4.78757E-01 -1.12864E-01
4.81584E-01 -1.13731E-01
4.84661E-01 -1.15535E-01
4.87974E-01 -1.16219E-01
4.91511E-01 -1.16807E-01
4.95256E-01 -1.18328E-01
4.99194E-01 -1.18722E-01
5.03311E-01 -1.19015E-01
5.07591E-01 -1.20236E-01
5.12018E-01 -1.20325E-01
5.16577E-01 -1.21339E-01
5.21252E-01 -1.21218E-01
5.26026E-01 -1.20989E-01
5.30886E-01 -1.21681E-01
5.35814E-01 -1.21234E-01
5.40795E-01 -1.21706E-01
5.45816E-01 -1.22067E-01
5.50861E-01 -1.21285E-01
5.55916E-01 -1.21419E-01
5.60967E-01 -1.20409E-01
5.66000E-01 -1.20313E-01
5.71003E-01 -1.20102E-01
5.75962E-01 -1.19775E-01
5.80865E-01 -1.18301E-01
5.85701E-01 -1.17740E-01
5.90458E-01 -1.17062E-01
5.95124E-01 -1.16266E-01
5.99690E-01 -1.15352E-01
6.04146E-01 -1.14321E-01
6.08481E-01 -1.13171E-01
6.12686E-01 -1.11904E-01
6.16753E-01 -1.10519E-01
6.20674E-01 -1.09017E-01
6.24440E-01 -1.07397E-01
6.28044E-01 -1.06692E-01
6.31479E-01 -1.04840E-01
6.34739E-01 -1.02872E-01
6.37817E-01 -1.00790E-01
6.40707E-01 -9.96238E-02
6.43404E-01 -9.73134E-02
6.45904E-01 -9.59215E-02
6.48201E-01 -9.33871E-02
6.50292E-01 -9.17731E-02
6.52173E-01 -8.90185E-02
6.53840E-01 -8.71869E-02
6.55291E-01 -8.52483E-02
6.56523E-01 -8.32039E-02
6.57534E-01 -8.00242E-02
6.58322E-01 -7.77729E-02
6.58886E-01 -7.54203E-02
6.59224E-01 -7.29681E-02
6.59337E-01 -7.04179E-02
6.59224E-01 -6.77715E-02
6.58886E-01 -6.50307E-02
6.58322E-01 -6.21974E-02
6.57534E-01 -5.92735E-02
6.56523E-01 -5.72922E-02
6.55291E-01 -5.41932E-02
6.53840E-01 -5.10099E-02
6.52173E-01 -4.77444E-02
6.50292E-01 -4.54300E-02
6.48201E-01 -4.20069E-02
6.45904E-01 -3.95394E-02
6.43405E-01 -3.59680E-02
6.40707E-01 -3.33571E-02
6.37817E-01 -2.96473E-02
6.34739E-01 -2.69029E-02
6.31480E-01 -2.40956E-02
6.28044E-01 -2.12281E-02
6.24440E-01 -1.72722E-02
6.20674E-01 -1.42922E-02
6.16754E-01 -1.12601E-02
6.12686E-01 -8.17870E-03
6.08481E-01 -5.05068E-03
6.04146E-01 -1.87902E-03
5.99691E-01 1.33350E-03
5.95124E-01 4.58386E-03
5.90458E-01 7.86922E-03
5.85701E-01 1.11867E-02
5.80866E-01 1.45330E-02
5.75962E-01 1.68754E-02
5.71003E-01 2.02709E-02
5.66000E-01 2.36864E-02
5.60967E-01 2.71189E-02
5.55916E-01 2.95355E-02
5.50861E-01 3.29928E-02
5.45816E-01 3.54282E-02
5.40796E-01 3.88979E-02
5.35814E-01 4.23693E-02
5.30886E-01 4.48098E-02
5.26027E-01 4.82751E-02
5.21252E-01 5.07037E-02
5.16577E-01 5.31219E-02
5.12019E-01 5.65552E-02
5.07591E-01 5.89431E-02
5.03311E-01 6.23398E-02
4.99194E-01 6.46851E-02
4.95256E-01 6.70048E-02
4.91511E-01 7.03238E-02
4.87975E-01 7.25830E-02
4.84661E-01 7.48077E-02
4.81584E-01 7.80223E-02
4.78757E-01 8.01689E-02
4.76192E-01 8.22722E-02
4.73900E-01 8.43294E-02
4.71892E-01 8.73644E-02
4.70177E-01 8.93207E-02
4.68762E-01 9.12226E-02
4.67655E-01 9.30674E-02
4.66860E-01 9.58784E-02
4.66382E-01 9.76007E-02
4.66222E-01 9.92582E-02
