Will plot unflagged data


File # 1  = raise.vis
raise.vis 0.4786 GHz
Read 121 visibilities from all files

Baseline 3-4, plot 121 points
4.66222E-01 9.02832E-01
4.66382E-01 9.02832E-01
4.66860E-01 9.02832E-01
4.67655E-01 9.02832E-01
4.68762E-01 9.02831E-01
4.70177E-01 9.02831E-01
4.71892E-01 9.02830E-01
4.73900E-01 9.02830E-01
4.76192E-01 9.02829E-01
4.78757E-01 9.02828E-01
4.81584E-01 9.02827E-01
4.84661E-01 9.02827E-01
4.87974E-01 9.02825E-01
4.91511E-01 9.02824E-01
4.95256E-01 9.02824E-01
4.99194E-01 9.02822E-01
5.03311E-01 9.02821E-01
5.07591E-01 9.02820E-01
5.12018E-01 9.02818E-01
5.16577E-01 9.02818E-01
5.21252E-01 9.02816E-01
5.26026E-01 9.02814E-01
5.30886E-01 9.02813E-01
5.35814E-01 9.02811E-01
5.40795E-01 9.02810E-01
5.45816E-01 9.02809E-01
5.50861E-01 9.02806E-01
5.55916E-01 9.02805E-01
5.60967E-01 9.02803E-01
5.66000E-01 9.02801E-01
5.71003E-01 9.02800E-01
5.75962E-01 9.02799E-01
5.80865E-01 9.02796E-01
5.85701E-01 9.02795E-01
5.90458E-01 9.02793E-01
5.95124E-01 9.02792E-01
5.99690E-01 9.02790E-01
6.04146E-01 9.02789E-01
6.08481E-01 9.02787E-01
6.12686E-01 9.02786E-01
6.16753E-01 9.02784E-01
6.20674E-01 9.02783E-01
6.24440E-01 9.02781E-01
6.28044E-01 9.02781E-01
6.31479E-01 9.02779E-01
6.34739E-01 9.02777E-01
6.37817E-01 9.02776E-01
6.40707E-01 9.02776E-01
6.43404E-01 9.02774E-01
6.45904E-01 9.02774E-01
6.48201E-01 9.02772E-01
6.50292E-01 9.02772E-01
6.52173E-01 9.02770E-01
6.53840E-01 9.02770E-01
6.55291E-01 9.02770E-01
6.56523E-01 9.02771E-01
6.57534E-01 9.02768E-01
6.58322E-01 9.02769E-01
6.58886E-01 9.02769E-01
6.59224E-01 9.02769E-01
6.59337E-01 9.02768E-01
6.59224E-01 9.02769E-01
6.58886E-01 9.02769E-01
6.58322E-01 9.02769E-01
6.57534E-01 9.02769E-01
6.56523E-01 9.02770E-01
6.55291E-01 9.02770E-01
6.53840E-01 9.02770E-01
6.52173E-01 9.02770E-01
6.50292E-01 9.02772E-01
6.48201E-01 9.02772E-01
6.45904E-01 9.02774E-01
6.43405E-01 9.02774E-01
6.40707E-01 9.02776E-01
6.37817E-01 9.02776E-01
6.34739E-01 9.02777E-01
6.31480E-01 9.02779E-01
6.28044E-01 9.02781E-01
6.24440E-01 9.02781E-01
6.20674E-01 9.02782E-01
6.16754E-01 9.02784E-01
6.12686E-01 9.02786E-01
6.08481E-01 9.02787E-01
6.04146E-01 9.02789E-01
5.99691E-01 9.02790E-01
5.95124E-01 9.02792E-01
5.90458E-01 9.02793E-01
5.85701E-01 9.02795E-01
5.80866E-01 9.02796E-01
5.75962E-01 9.02799E-01
5.71003E-01 9.02800E-01
5.66000E-01 9.02801E-01
5.60967E-01 9.02803E-01
5.55916E-01 9.02805E-01
5.50861E-01 9.02806E-01
5.45816E-01 9.02809E-01
5.40796E-01 9.02810E-01
5.35814E-01 9.02811E-01
5.30886E-01 9.02813E-01
5.26027E-01 9.02814E-01
5.21252E-01 9.02816E-01
5.16577E-01 9.02818E-01
5.12019E-01 9.02818E-01
5.07591E-01 9.02820E-01
5.03311E-01 9.02821E-01
4.99194E-01 9.02822E-01
4.95256E-01 9.02824E-01
4.91511E-01 9.02824E-01
4.87975E-01 9.02826E-01
4.84661E-01 9.02827E-01
4.81584E-01 9.02827E-01
4.78757E-01 9.02828E-01
4.76192E-01 9.02829E-01
4.73900E-01 9.02830E-01
4.71892E-01 9.02830E-01
4.70177E-01 9.02831E-01
4.68762E-01 9.02831E-01
4.67655E-01 9.02832E-01
4.66860E-01 9.02832E-01
4.66382E-01 9.02832E-01
4.66222E-01 9.02832E-01
