Will plot unflagged data


File # 1  = raise.vis
raise.vis 1.5136 GHz
Read 121 visibilities from all files

Baseline 3-5, plot 121 points
3.76771E+00 -4.75015E-01
3.76900E+00 -4.83204E-01
3.77287E+00 -4.92073E-01
3.77929E+00 -4.99557E-01
3.78824E+00 -5.07703E-01
3.79967E+00 -5.14442E-01
3.81354E+00 -5.21822E-01
3.82977E+00 -5.28805E-01
3.84829E+00 -5.34349E-01
3.86902E+00 -5.40507E-01
3.89186E+00 -5.46238E-01
3.91673E+00 -5.50501E-01
3.94351E+00 -5.55352E-01
3.97208E+00 -5.59749E-01
4.00235E+00 -5.63684E-01
4.03418E+00 -5.67149E-01
4.06745E+00 -5.70136E-01
4.10204E+00 -5.73671E-01
4.13781E+00 -5.75681E-01
4.17465E+00 -5.78224E-01
4.21243E+00 -5.79228E-01
4.25102E+00 -5.80753E-01
4.29029E+00 -5.81759E-01
4.33011E+00 -5.81209E-01
4.37037E+00 -5.82196E-01
4.41095E+00 -5.81617E-01
4.45172E+00 -5.80499E-01
4.49257E+00 -5.78839E-01
4.53338E+00 -5.77666E-01
4.57406E+00 -5.75943E-01
4.61449E+00 -5.73667E-01
4.65456E+00 -5.70837E-01
4.69419E+00 -5.67449E-01
4.73327E+00 -5.63503E-01
4.77171E+00 -5.60027E-01
4.80942E+00 -5.55990E-01
4.84632E+00 -5.50359E-01
4.88233E+00 -5.46227E-01
4.91736E+00 -5.40502E-01
4.95135E+00 -5.34214E-01
4.98422E+00 -5.28396E-01
5.01590E+00 -5.22017E-01
5.04634E+00 -5.15079E-01
5.07546E+00 -5.07584E-01
5.10322E+00 -4.99534E-01
5.12956E+00 -4.91962E-01
5.15444E+00 -4.83840E-01
5.17779E+00 -4.75173E-01
5.19959E+00 -4.65964E-01
5.21979E+00 -4.57245E-01
5.23836E+00 -4.46965E-01
5.25526E+00 -4.37185E-01
5.27046E+00 -4.26881E-01
5.28393E+00 -4.17088E-01
5.29565E+00 -4.05755E-01
5.30561E+00 -3.94944E-01
5.31378E+00 -3.83634E-01
5.32015E+00 -3.71833E-01
5.32470E+00 -3.60574E-01
5.32744E+00 -3.47811E-01
5.32835E+00 -3.35607E-01
5.32744E+00 -3.22942E-01
5.32470E+00 -3.10853E-01
5.32015E+00 -2.97294E-01
5.31378E+00 -2.84329E-01
5.30561E+00 -2.70940E-01
5.29565E+00 -2.57138E-01
5.28393E+00 -2.43959E-01
5.27046E+00 -2.29359E-01
5.25526E+00 -2.15405E-01
5.23836E+00 -2.01080E-01
5.21979E+00 -1.87423E-01
5.19959E+00 -1.72389E-01
5.17780E+00 -1.58047E-01
5.15444E+00 -1.43380E-01
5.12957E+00 -1.28402E-01
5.10322E+00 -1.13122E-01
5.07546E+00 -9.85857E-02
5.04634E+00 -8.37748E-02
5.01590E+00 -6.87024E-02
4.98422E+00 -5.33816E-02
4.95135E+00 -3.78257E-02
4.91736E+00 -2.30793E-02
4.88233E+00 -8.12531E-03
4.84633E+00 8.05414E-03
4.80943E+00 2.23508E-02
4.77171E+00 3.78451E-02
4.73327E+00 5.34916E-02
4.69419E+00 6.82439E-02
4.65457E+00 8.31195E-02
4.61449E+00 9.81041E-02
4.57406E+00 1.13184E-01
4.53339E+00 1.28343E-01
4.49257E+00 1.43568E-01
4.45172E+00 1.57812E-01
4.41095E+00 1.72091E-01
4.37037E+00 1.86393E-01
4.33011E+00 2.01734E-01
4.29029E+00 2.15001E-01
4.25102E+00 2.29280E-01
4.21243E+00 2.43521E-01
4.17466E+00 2.56678E-01
4.13782E+00 2.70801E-01
4.10204E+00 2.83811E-01
4.06745E+00 2.97758E-01
4.03418E+00 3.10563E-01
4.00235E+00 3.23244E-01
3.97209E+00 3.35788E-01
3.94351E+00 3.48179E-01
3.91673E+00 3.60405E-01
3.89186E+00 3.71419E-01
3.86902E+00 3.83272E-01
3.84829E+00 3.94919E-01
3.82977E+00 4.05315E-01
3.81354E+00 4.16510E-01
3.79967E+00 4.27459E-01
3.78824E+00 4.37121E-01
3.77929E+00 4.47543E-01
3.77287E+00 4.56654E-01
3.76900E+00 4.66499E-01
3.76771E+00 4.75013E-01
