Will plot unflagged data


File # 1  = raise.vis
raise.vis 1.5136 GHz
Read 121 visibilities from all files

Baseline 3-5, plot 121 points
3.76771E+00 8.18819E-02
3.76900E+00 8.18818E-02
3.77287E+00 8.18817E-02
3.77929E+00 8.18814E-02
3.78824E+00 8.18811E-02
3.79967E+00 8.18806E-02
3.81354E+00 8.18801E-02
3.82977E+00 8.18795E-02
3.84829E+00 8.18788E-02
3.86902E+00 8.18780E-02
3.89186E+00 8.18771E-02
3.91673E+00 8.18761E-02
3.94351E+00 8.18750E-02
3.97208E+00 8.18739E-02
4.00235E+00 8.18727E-02
4.03418E+00 8.18714E-02
4.06745E+00 8.18700E-02
4.10204E+00 8.18687E-02
4.13781E+00 8.18672E-02
4.17465E+00 8.18658E-02
4.21243E+00 8.18640E-02
4.25102E+00 8.18625E-02
4.29029E+00 8.18608E-02
4.33011E+00 8.18589E-02
4.37037E+00 8.18573E-02
4.41095E+00 8.18555E-02
4.45172E+00 8.18536E-02
4.49257E+00 8.18516E-02
4.53338E+00 8.18499E-02
4.57406E+00 8.18481E-02
4.61449E+00 8.18463E-02
4.65456E+00 8.18444E-02
4.69419E+00 8.18424E-02
4.73327E+00 8.18405E-02
4.77171E+00 8.18388E-02
4.80942E+00 8.18371E-02
4.84632E+00 8.18349E-02
4.88233E+00 8.18335E-02
4.91736E+00 8.18317E-02
4.95135E+00 8.18298E-02
4.98422E+00 8.18283E-02
5.01590E+00 8.18268E-02
5.04634E+00 8.18253E-02
5.07546E+00 8.18237E-02
5.10322E+00 8.18221E-02
5.12956E+00 8.18209E-02
5.15444E+00 8.18197E-02
5.17779E+00 8.18185E-02
5.19959E+00 8.18173E-02
5.21979E+00 8.18164E-02
5.23836E+00 8.18152E-02
5.25526E+00 8.18144E-02
5.27046E+00 8.18135E-02
5.28393E+00 8.18131E-02
5.29565E+00 8.18122E-02
5.30561E+00 8.18118E-02
5.31378E+00 8.18114E-02
5.32015E+00 8.18109E-02
5.32470E+00 8.18109E-02
5.32744E+00 8.18105E-02
5.32835E+00 8.18105E-02
5.32744E+00 8.18105E-02
5.32470E+00 8.18109E-02
5.32015E+00 8.18109E-02
5.31378E+00 8.18114E-02
5.30561E+00 8.18118E-02
5.29565E+00 8.18122E-02
5.28393E+00 8.18131E-02
5.27046E+00 8.18135E-02
5.25526E+00 8.18144E-02
5.23836E+00 8.18152E-02
5.21979E+00 8.18164E-02
5.19959E+00 8.18172E-02
5.17780E+00 8.18185E-02
5.15444E+00 8.18197E-02
5.12957E+00 8.18209E-02
5.10322E+00 8.18221E-02
5.07546E+00 8.18237E-02
5.04634E+00 8.18253E-02
5.01590E+00 8.18268E-02
4.98422E+00 8.18283E-02
4.95135E+00 8.18298E-02
4.91736E+00 8.18317E-02
4.88233E+00 8.18335E-02
4.84633E+00 8.18349E-02
4.80943E+00 8.18370E-02
4.77171E+00 8.18388E-02
4.73327E+00 8.18405E-02
4.69419E+00 8.18424E-02
4.65457E+00 8.18444E-02
4.61449E+00 8.18463E-02
4.57406E+00 8.18481E-02
4.53339E+00 8.18499E-02
4.49257E+00 8.18516E-02
4.45172E+00 8.18536E-02
4.41095E+00 8.18555E-02
4.37037E+00 8.18573E-02
4.33011E+00 8.18589E-02
4.29029E+00 8.18608E-02
4.25102E+00 8.18625E-02
4.21243E+00 8.18640E-02
4.17466E+00 8.18658E-02
4.13782E+00 8.18672E-02
4.10204E+00 8.18687E-02
4.06745E+00 8.18700E-02
4.03418E+00 8.18714E-02
4.00235E+00 8.18727E-02
3.97209E+00 8.18739E-02
3.94351E+00 8.18750E-02
3.91673E+00 8.18761E-02
3.89186E+00 8.18771E-02
3.86902E+00 8.18780E-02
3.84829E+00 8.18788E-02
3.82977E+00 8.18795E-02
3.81354E+00 8.18801E-02
3.79967E+00 8.18806E-02
3.78824E+00 8.18811E-02
3.77929E+00 8.18814E-02
3.77287E+00 8.18817E-02
3.76900E+00 8.18818E-02
3.76771E+00 8.18819E-02
