Will plot unflagged data


File # 1  = raise.vis
raise.vis 1.5136 GHz
Read 121 visibilities from all files

Baseline 2-3, plot 121 points
5.62427E+00 0.00000E+00
5.62620E+00 0.00000E+00
5.63197E+00 0.00000E+00
5.64155E+00 0.00000E+00
5.65491E+00 0.00000E+00
5.67198E+00 0.00000E+00
5.69267E+00 0.00000E+00
5.71690E+00 0.00000E+00
5.74454E+00 0.00000E+00
5.77549E+00 0.00000E+00
5.80959E+00 0.00000E+00
5.84671E+00 0.00000E+00
5.88668E+00 0.00000E+00
5.92934E+00 0.00000E+00
5.97452E+00 0.00000E+00
6.02203E+00 0.00000E+00
6.07170E+00 0.00000E+00
6.12333E+00 0.00000E+00
6.17674E+00 0.00000E+00
6.23173E+00 0.00000E+00
6.28812E+00 0.00000E+00
6.34572E+00 0.00000E+00
6.40434E+00 0.00000E+00
6.46379E+00 0.00000E+00
6.52389E+00 0.00000E+00
6.58446E+00 0.00000E+00
6.64532E+00 0.00000E+00
6.70629E+00 0.00000E+00
6.76723E+00 0.00000E+00
6.82794E+00 0.00000E+00
6.88829E+00 0.00000E+00
6.94812E+00 0.00000E+00
7.00727E+00 0.00000E+00
7.06561E+00 0.00000E+00
7.12299E+00 0.00000E+00
7.17928E+00 0.00000E+00
7.23437E+00 0.00000E+00
7.28811E+00 0.00000E+00
7.34041E+00 0.00000E+00
7.39114E+00 0.00000E+00
7.44021E+00 0.00000E+00
7.48750E+00 0.00000E+00
7.53293E+00 0.00000E+00
7.57641E+00 0.00000E+00
7.61785E+00 0.00000E+00
7.65717E+00 0.00000E+00
7.69430E+00 0.00000E+00
7.72917E+00 0.00000E+00
7.76171E+00 0.00000E+00
7.79187E+00 0.00000E+00
7.81958E+00 0.00000E+00
7.84480E+00 0.00000E+00
7.86749E+00 0.00000E+00
7.88760E+00 0.00000E+00
7.90511E+00 0.00000E+00
7.91997E+00 0.00000E+00
7.93216E+00 0.00000E+00
7.94167E+00 0.00000E+00
7.94847E+00 0.00000E+00
7.95255E+00 0.00000E+00
7.95392E+00 0.00000E+00
7.95255E+00 0.00000E+00
7.94847E+00 0.00000E+00
7.94167E+00 0.00000E+00
7.93216E+00 0.00000E+00
7.91997E+00 0.00000E+00
7.90511E+00 0.00000E+00
7.88760E+00 0.00000E+00
7.86749E+00 0.00000E+00
7.84480E+00 0.00000E+00
7.81958E+00 0.00000E+00
7.79187E+00 0.00000E+00
7.76171E+00 0.00000E+00
7.72917E+00 0.00000E+00
7.69431E+00 0.00000E+00
7.65718E+00 0.00000E+00
7.61786E+00 0.00000E+00
7.57642E+00 0.00000E+00
7.53294E+00 0.00000E+00
7.48751E+00 0.00000E+00
7.44021E+00 0.00000E+00
7.39115E+00 0.00000E+00
7.34041E+00 0.00000E+00
7.28812E+00 0.00000E+00
7.23437E+00 0.00000E+00
7.17929E+00 0.00000E+00
7.12299E+00 0.00000E+00
7.06561E+00 0.00000E+00
7.00727E+00 0.00000E+00
6.94812E+00 0.00000E+00
6.88830E+00 0.00000E+00
6.82795E+00 0.00000E+00
6.76723E+00 0.00000E+00
6.70630E+00 0.00000E+00
6.64532E+00 0.00000E+00
6.58446E+00 0.00000E+00
6.52389E+00 0.00000E+00
6.46379E+00 0.00000E+00
6.40434E+00 0.00000E+00
6.34573E+00 0.00000E+00
6.28813E+00 0.00000E+00
6.23173E+00 0.00000E+00
6.17674E+00 0.00000E+00
6.12333E+00 0.00000E+00
6.07170E+00 0.00000E+00
6.02203E+00 0.00000E+00
5.97452E+00 0.00000E+00
5.92935E+00 0.00000E+00
5.88668E+00 0.00000E+00
5.84671E+00 0.00000E+00
5.80959E+00 0.00000E+00
5.77549E+00 0.00000E+00
5.74455E+00 0.00000E+00
5.71690E+00 0.00000E+00
5.69267E+00 0.00000E+00
5.67198E+00 0.00000E+00
5.65491E+00 0.00000E+00
5.64155E+00 0.00000E+00
5.63197E+00 0.00000E+00
5.62620E+00 0.00000E+00
5.62427E+00 0.00000E+00
