Will plot unflagged data


File # 1  = raise.vis
raise.vis 15.1356 GHz
Read 121 visibilities from all files

Baseline 3-5, plot 121 points
3.76771E+01 -4.61267E+00
3.76900E+01 -4.69643E+00
3.77287E+01 -4.77663E+00
3.77929E+01 -4.85445E+00
3.78824E+01 -4.92798E+00
3.79967E+01 -4.99903E+00
3.81354E+01 -5.06606E+00
3.82977E+01 -5.12922E+00
3.84829E+01 -5.18967E+00
3.86902E+01 -5.24632E+00
3.89186E+01 -5.29956E+00
3.91673E+01 -5.34851E+00
3.94351E+01 -5.39429E+00
3.97208E+01 -5.43704E+00
4.00235E+01 -5.47503E+00
4.03418E+01 -5.50937E+00
4.06745E+01 -5.54014E+00
4.10204E+01 -5.56749E+00
4.13781E+01 -5.59111E+00
4.17465E+01 -5.60962E+00
4.21243E+01 -5.62525E+00
4.25102E+01 -5.63702E+00
4.29029E+01 -5.64507E+00
4.33011E+01 -5.64890E+00
4.37037E+01 -5.64845E+00
4.41095E+01 -5.64486E+00
4.45172E+01 -5.63715E+00
4.49257E+01 -5.62544E+00
4.53338E+01 -5.61041E+00
4.57406E+01 -5.59087E+00
4.61449E+01 -5.56799E+00
4.65456E+01 -5.54077E+00
4.69419E+01 -5.51029E+00
4.73327E+01 -5.47561E+00
4.77171E+01 -5.43740E+00
4.80942E+01 -5.39565E+00
4.84632E+01 -5.35046E+00
4.88233E+01 -5.30083E+00
4.91736E+01 -5.24782E+00
4.95135E+01 -5.19149E+00
4.98422E+01 -5.13088E+00
5.01590E+01 -5.06781E+00
5.04634E+01 -5.00024E+00
5.07546E+01 -4.93030E+00
5.10322E+01 -4.85598E+00
5.12956E+01 -4.77836E+00
5.15444E+01 -4.69746E+00
5.17779E+01 -4.61438E+00
5.19959E+01 -4.52708E+00
5.21979E+01 -4.43767E+00
5.23836E+01 -4.34416E+00
5.25526E+01 -4.24864E+00
5.27046E+01 -4.14903E+00
5.28393E+01 -4.04745E+00
5.29565E+01 -3.94293E+00
5.30561E+01 -3.83556E+00
5.31378E+01 -3.72643E+00
5.32015E+01 -3.61356E+00
5.32470E+01 -3.49907E+00
5.32744E+01 -3.38098E+00
5.32835E+01 -3.26144E+00
5.32744E+01 -3.13949E+00
5.32470E+01 -3.01625E+00
5.32015E+01 -2.88975E+00
5.31378E+01 -2.76212E+00
5.30561E+01 -2.63142E+00
5.29565E+01 -2.49977E+00
5.28393E+01 -2.36626E+00
5.27046E+01 -2.23097E+00
5.25526E+01 -2.09503E+00
5.23836E+01 -1.95647E+00
5.21980E+01 -1.81754E+00
5.19959E+01 -1.67629E+00
5.17780E+01 -1.53490E+00
5.15444E+01 -1.39140E+00
5.12957E+01 -1.24797E+00
5.10322E+01 -1.10370E+00
5.07546E+01 -9.58692E-01
5.04634E+01 -8.12026E-01
5.01590E+01 -6.65863E-01
4.98422E+01 -5.18209E-01
4.95135E+01 -3.71270E-01
4.91736E+01 -2.23346E-01
4.88233E+01 -7.55415E-02
4.84633E+01 7.20557E-02
4.80943E+01 2.20378E-01
4.77171E+01 3.68295E-01
4.73327E+01 5.15762E-01
4.69419E+01 6.62659E-01
4.65457E+01 8.09530E-01
4.61449E+01 9.55303E-01
4.57406E+01 1.10095E+00
4.53339E+01 1.24535E+00
4.49257E+01 1.38955E+00
4.45172E+01 1.53228E+00
4.41095E+01 1.67409E+00
4.37037E+01 1.81500E+00
4.33011E+01 1.95394E+00
4.29029E+01 2.09194E+00
4.25102E+01 2.22887E+00
4.21243E+01 2.36412E+00
4.17466E+01 2.49776E+00
4.13782E+01 2.62872E+00
4.10204E+01 2.75916E+00
4.06745E+01 2.88762E+00
4.03418E+01 3.01373E+00
4.00235E+01 3.13756E+00
3.97209E+01 3.25915E+00
3.94351E+01 3.37952E+00
3.91673E+01 3.49693E+00
3.89186E+01 3.61143E+00
3.86902E+01 3.72412E+00
3.84829E+01 3.83407E+00
3.82977E+01 3.94163E+00
3.81354E+01 4.04570E+00
3.79967E+01 4.14738E+00
3.78824E+01 4.24682E+00
3.77929E+01 4.34244E+00
3.77287E+01 4.43607E+00
3.76901E+01 4.52575E+00
3.76771E+01 4.61266E+00
