Will plot unflagged data


File # 1  = raise.vis
raise.vis 15.1356 GHz
Read 121 visibilities from all files

Baseline 3-5, plot 121 points
3.76771E+01 3.38113E-02
3.76900E+01 3.38101E-02
3.77287E+01 3.38064E-02
3.77929E+01 3.38004E-02
3.78824E+01 3.37919E-02
3.79967E+01 3.37812E-02
3.81354E+01 3.37681E-02
3.82977E+01 3.37528E-02
3.84829E+01 3.37354E-02
3.86902E+01 3.37161E-02
3.89186E+01 3.36948E-02
3.91673E+01 3.36715E-02
3.94351E+01 3.36467E-02
3.97208E+01 3.36205E-02
4.00235E+01 3.35925E-02
4.03418E+01 3.35631E-02
4.06745E+01 3.35327E-02
4.10204E+01 3.35013E-02
4.13781E+01 3.34691E-02
4.17465E+01 3.34355E-02
4.21243E+01 3.34017E-02
4.25102E+01 3.33673E-02
4.29029E+01 3.33325E-02
4.33011E+01 3.32973E-02
4.37037E+01 3.32617E-02
4.41095E+01 3.32265E-02
4.45172E+01 3.31911E-02
4.49257E+01 3.31558E-02
4.53338E+01 3.31211E-02
4.57406E+01 3.30863E-02
4.61449E+01 3.30523E-02
4.65456E+01 3.30184E-02
4.69419E+01 3.29855E-02
4.73327E+01 3.29529E-02
4.77171E+01 3.29213E-02
4.80942E+01 3.28905E-02
4.84632E+01 3.28608E-02
4.88233E+01 3.28315E-02
4.91736E+01 3.28033E-02
4.95135E+01 3.27762E-02
4.98422E+01 3.27498E-02
5.01590E+01 3.27251E-02
5.04634E+01 3.27008E-02
5.07546E+01 3.26784E-02
5.10322E+01 3.26565E-02
5.12956E+01 3.26358E-02
5.15444E+01 3.26164E-02
5.17779E+01 3.25988E-02
5.19959E+01 3.25819E-02
5.21979E+01 3.25668E-02
5.23836E+01 3.25523E-02
5.25526E+01 3.25398E-02
5.27046E+01 3.25279E-02
5.28393E+01 3.25178E-02
5.29565E+01 3.25090E-02
5.30561E+01 3.25014E-02
5.31378E+01 3.24957E-02
5.32015E+01 3.24907E-02
5.32470E+01 3.24875E-02
5.32744E+01 3.24850E-02
5.32835E+01 3.24844E-02
5.32744E+01 3.24850E-02
5.32470E+01 3.24875E-02
5.32015E+01 3.24907E-02
5.31378E+01 3.24957E-02
5.30561E+01 3.25014E-02
5.29565E+01 3.25090E-02
5.28393E+01 3.25178E-02
5.27046E+01 3.25279E-02
5.25526E+01 3.25398E-02
5.23836E+01 3.25523E-02
5.21980E+01 3.25668E-02
5.19959E+01 3.25819E-02
5.17780E+01 3.25988E-02
5.15444E+01 3.26164E-02
5.12957E+01 3.26358E-02
5.10322E+01 3.26565E-02
5.07546E+01 3.26784E-02
5.04634E+01 3.27008E-02
5.01590E+01 3.27251E-02
4.98422E+01 3.27498E-02
4.95135E+01 3.27762E-02
4.91736E+01 3.28033E-02
4.88233E+01 3.28315E-02
4.84633E+01 3.28608E-02
4.80943E+01 3.28905E-02
4.77171E+01 3.29213E-02
4.73327E+01 3.29529E-02
4.69419E+01 3.29855E-02
4.65457E+01 3.30184E-02
4.61449E+01 3.30523E-02
4.57406E+01 3.30863E-02
4.53339E+01 3.31211E-02
4.49257E+01 3.31558E-02
4.45172E+01 3.31911E-02
4.41095E+01 3.32265E-02
4.37037E+01 3.32617E-02
4.33011E+01 3.32973E-02
4.29029E+01 3.33325E-02
4.25102E+01 3.33673E-02
4.21243E+01 3.34017E-02
4.17466E+01 3.34355E-02
4.13782E+01 3.34691E-02
4.10204E+01 3.35013E-02
4.06745E+01 3.35327E-02
4.03418E+01 3.35632E-02
4.00235E+01 3.35925E-02
3.97209E+01 3.36205E-02
3.94351E+01 3.36467E-02
3.91673E+01 3.36715E-02
3.89186E+01 3.36948E-02
3.86902E+01 3.37161E-02
3.84829E+01 3.37354E-02
3.82977E+01 3.37528E-02
3.81354E+01 3.37681E-02
3.79967E+01 3.37812E-02
3.78824E+01 3.37919E-02
3.77929E+01 3.38004E-02
3.77287E+01 3.38064E-02
3.76901E+01 3.38101E-02
3.76771E+01 3.38113E-02
