Will plot unflagged data


File # 1  = raise.vis
raise.vis 4.7863 GHz
Read 121 visibilities from all files

Baseline 1-4, plot 121 points
2.41745E+01 -1.13744E+01
2.41827E+01 -1.15812E+01
2.42076E+01 -1.17802E+01
2.42488E+01 -1.19703E+01
2.43062E+01 -1.21533E+01
2.43795E+01 -1.23271E+01
2.44685E+01 -1.24929E+01
2.45726E+01 -1.26494E+01
2.46914E+01 -1.27978E+01
2.48244E+01 -1.29379E+01
2.49710E+01 -1.30685E+01
2.51306E+01 -1.31899E+01
2.53024E+01 -1.33029E+01
2.54857E+01 -1.34067E+01
2.56799E+01 -1.35011E+01
2.58841E+01 -1.35867E+01
2.60976E+01 -1.36625E+01
2.63195E+01 -1.37283E+01
2.65491E+01 -1.37858E+01
2.67855E+01 -1.38341E+01
2.70279E+01 -1.38716E+01
2.72754E+01 -1.39007E+01
2.75274E+01 -1.39197E+01
2.77829E+01 -1.39291E+01
2.80412E+01 -1.39301E+01
2.83016E+01 -1.39201E+01
2.85632E+01 -1.39017E+01
2.88253E+01 -1.38719E+01
2.90872E+01 -1.38347E+01
2.93482E+01 -1.37869E+01
2.96075E+01 -1.37306E+01
2.98647E+01 -1.36635E+01
3.01189E+01 -1.35884E+01
3.03697E+01 -1.35031E+01
3.06163E+01 -1.34082E+01
3.08583E+01 -1.33054E+01
3.10951E+01 -1.31929E+01
3.13261E+01 -1.30709E+01
3.15509E+01 -1.29401E+01
3.17689E+01 -1.28004E+01
3.19798E+01 -1.26525E+01
3.21831E+01 -1.24956E+01
3.23784E+01 -1.23302E+01
3.25653E+01 -1.21564E+01
3.27434E+01 -1.19736E+01
3.29124E+01 -1.17840E+01
3.30720E+01 -1.15851E+01
3.32218E+01 -1.13781E+01
3.33617E+01 -1.11644E+01
3.34913E+01 -1.09421E+01
3.36104E+01 -1.07133E+01
3.37189E+01 -1.04758E+01
3.38164E+01 -1.02318E+01
3.39028E+01 -9.98063E+00
3.39781E+01 -9.72336E+00
3.40419E+01 -9.45811E+00
3.40943E+01 -9.18713E+00
3.41352E+01 -8.91058E+00
3.41644E+01 -8.62656E+00
3.41820E+01 -8.33731E+00
3.41879E+01 -8.04302E+00
3.41820E+01 -7.74182E+00
3.41644E+01 -7.43599E+00
3.41352E+01 -7.12574E+00
3.40943E+01 -6.80925E+00
3.40419E+01 -6.48882E+00
3.39781E+01 -6.16468E+00
3.39028E+01 -5.83501E+00
3.38164E+01 -5.50213E+00
3.37189E+01 -5.16522E+00
3.36105E+01 -4.82551E+00
3.34913E+01 -4.48110E+00
3.33617E+01 -4.13468E+00
3.32219E+01 -3.78446E+00
3.30720E+01 -3.43268E+00
3.29124E+01 -3.07847E+00
3.27434E+01 -2.72085E+00
3.25653E+01 -2.36282E+00
3.23784E+01 -2.00247E+00
3.21831E+01 -1.64086E+00
3.19798E+01 -1.27811E+00
3.17689E+01 -9.14257E-01
3.15509E+01 -5.50251E-01
3.13261E+01 -1.85938E-01
3.10951E+01 1.78482E-01
3.08583E+01 5.43102E-01
3.06163E+01 9.08048E-01
3.03697E+01 1.27099E+00
3.01190E+01 1.63341E+00
2.98647E+01 1.99571E+00
2.96076E+01 2.35521E+00
2.93482E+01 2.71441E+00
2.90872E+01 3.07086E+00
2.88253E+01 3.42632E+00
2.85632E+01 3.77739E+00
2.83016E+01 4.12766E+00
2.80413E+01 4.47403E+00
2.77829E+01 4.81874E+00
2.75274E+01 5.15896E+00
2.72755E+01 5.49574E+00
2.70279E+01 5.82937E+00
2.67855E+01 6.15789E+00
2.65491E+01 6.48345E+00
2.63196E+01 6.80439E+00
2.60976E+01 7.11946E+00
2.58842E+01 7.43036E+00
2.56799E+01 7.73668E+00
2.54858E+01 8.03713E+00
2.53024E+01 8.33244E+00
2.51306E+01 8.62197E+00
2.49710E+01 8.90510E+00
2.48245E+01 9.18221E+00
2.46914E+01 9.45374E+00
2.45726E+01 9.71837E+00
2.44685E+01 9.97577E+00
2.43795E+01 1.02270E+01
2.43062E+01 1.04708E+01
2.42488E+01 1.07083E+01
2.42076E+01 1.09374E+01
2.41828E+01 1.11597E+01
2.41745E+01 1.13743E+01
