Will plot unflagged data


File # 1  = raise.vis
raise.vis 4.7863 GHz
Read 121 visibilities from all files

Baseline 2-3, plot 121 points
1.77855E+01 -3.78656E+00
1.77916E+01 -3.85548E+00
1.78098E+01 -3.92148E+00
1.78402E+01 -3.98465E+00
1.78824E+01 -4.04602E+00
1.79364E+01 -4.10362E+00
1.80018E+01 -4.15922E+00
1.80784E+01 -4.21145E+00
1.81658E+01 -4.26040E+00
1.82637E+01 -4.30712E+00
1.83715E+01 -4.35065E+00
1.84889E+01 -4.39082E+00
1.86153E+01 -4.42824E+00
1.87502E+01 -4.46302E+00
1.88931E+01 -4.49414E+00
1.90433E+01 -4.52269E+00
1.92004E+01 -4.54868E+00
1.93637E+01 -4.57058E+00
1.95326E+01 -4.58948E+00
1.97065E+01 -4.60541E+00
1.98848E+01 -4.61737E+00
2.00669E+01 -4.62748E+00
2.02523E+01 -4.63456E+00
2.04403E+01 -4.63726E+00
2.06303E+01 -4.63669E+00
2.08219E+01 -4.63393E+00
2.10143E+01 -4.62795E+00
2.12072E+01 -4.61778E+00
2.13998E+01 -4.60544E+00
2.15919E+01 -4.58957E+00
2.17827E+01 -4.57126E+00
2.19719E+01 -4.54849E+00
2.21589E+01 -4.52335E+00
2.23434E+01 -4.49482E+00
2.25249E+01 -4.46396E+00
2.27029E+01 -4.42977E+00
2.28771E+01 -4.39204E+00
2.30470E+01 -4.35177E+00
2.32124E+01 -4.30800E+00
2.33728E+01 -4.26178E+00
2.35280E+01 -4.21211E+00
2.36776E+01 -4.16005E+00
2.38212E+01 -4.10457E+00
2.39587E+01 -4.04675E+00
2.40898E+01 -3.98560E+00
2.42141E+01 -3.92318E+00
2.43315E+01 -3.85632E+00
2.44418E+01 -3.78815E+00
2.45447E+01 -3.71665E+00
2.46400E+01 -3.64291E+00
2.47277E+01 -3.56594E+00
2.48074E+01 -3.48785E+00
2.48792E+01 -3.40661E+00
2.49428E+01 -3.32227E+00
2.49981E+01 -3.23695E+00
2.50451E+01 -3.14863E+00
2.50837E+01 -3.05841E+00
2.51138E+01 -2.96632E+00
2.51353E+01 -2.87245E+00
2.51482E+01 -2.77580E+00
2.51525E+01 -2.67748E+00
2.51482E+01 -2.57756E+00
2.51353E+01 -2.47610E+00
2.51138E+01 -2.37215E+00
2.50837E+01 -2.26680E+00
2.50451E+01 -2.16015E+00
2.49981E+01 -2.05226E+00
2.49428E+01 -1.94218E+00
2.48792E+01 -1.83207E+00
2.48075E+01 -1.71994E+00
2.47277E+01 -1.60588E+00
2.46400E+01 -1.49204E+00
2.45447E+01 -1.37644E+00
2.44418E+01 -1.26020E+00
2.43315E+01 -1.14237E+00
2.42141E+01 -1.02508E+00
2.40898E+01 -9.05341E-01
2.39587E+01 -7.86452E-01
2.38212E+01 -6.66459E-01
2.36776E+01 -5.46477E-01
2.35280E+01 -4.25564E-01
2.33729E+01 -3.04847E-01
2.32124E+01 -1.83390E-01
2.30470E+01 -6.23197E-02
2.28771E+01 5.93184E-02
2.27029E+01 1.80438E-01
2.25249E+01 3.01952E-01
2.23434E+01 4.23518E-01
2.21589E+01 5.44040E-01
2.19719E+01 6.64483E-01
2.17827E+01 7.83730E-01
2.15919E+01 9.03764E-01
2.13999E+01 1.02247E+00
2.12072E+01 1.14085E+00
2.10143E+01 1.25745E+00
2.08219E+01 1.37421E+00
2.06304E+01 1.49007E+00
2.04403E+01 1.60393E+00
2.02523E+01 1.71677E+00
2.00669E+01 1.82965E+00
1.98848E+01 1.94113E+00
1.97065E+01 2.04996E+00
1.95326E+01 2.15821E+00
1.93637E+01 2.26479E+00
1.92004E+01 2.36969E+00
1.90433E+01 2.47394E+00
1.88931E+01 2.57596E+00
1.87502E+01 2.67570E+00
1.86153E+01 2.77421E+00
1.84889E+01 2.87042E+00
1.83716E+01 2.96441E+00
1.82637E+01 3.05674E+00
1.81658E+01 3.14721E+00
1.80784E+01 3.23484E+00
1.80018E+01 3.32064E+00
1.79364E+01 3.40469E+00
1.78824E+01 3.48560E+00
1.78402E+01 3.56511E+00
1.78098E+01 3.64124E+00
1.77916E+01 3.71503E+00
1.77855E+01 3.78655E+00
