Will plot unflagged data


File # 1  = raise.vis
raise.vis 4.7863 GHz
Read 121 visibilities from all files

Baseline 2-3, plot 121 points
1.77855E+01 1.67184E-01
1.77916E+01 1.67178E-01
1.78098E+01 1.67160E-01
1.78402E+01 1.67130E-01
1.78824E+01 1.67089E-01
1.79364E+01 1.67036E-01
1.80018E+01 1.66972E-01
1.80784E+01 1.66898E-01
1.81658E+01 1.66812E-01
1.82637E+01 1.66718E-01
1.83715E+01 1.66614E-01
1.84889E+01 1.66501E-01
1.86153E+01 1.66380E-01
1.87502E+01 1.66253E-01
1.88931E+01 1.66118E-01
1.90433E+01 1.65977E-01
1.92004E+01 1.65833E-01
1.93637E+01 1.65681E-01
1.95326E+01 1.65526E-01
1.97065E+01 1.65368E-01
1.98848E+01 1.65205E-01
2.00669E+01 1.65043E-01
2.02523E+01 1.64880E-01
2.04403E+01 1.64713E-01
2.06303E+01 1.64545E-01
2.08219E+01 1.64380E-01
2.10143E+01 1.64216E-01
2.12072E+01 1.64049E-01
2.13998E+01 1.63887E-01
2.15919E+01 1.63726E-01
2.17827E+01 1.63570E-01
2.19719E+01 1.63412E-01
2.21589E+01 1.63259E-01
2.23434E+01 1.63109E-01
2.25249E+01 1.62964E-01
2.27029E+01 1.62823E-01
2.28771E+01 1.62684E-01
2.30470E+01 1.62551E-01
2.32124E+01 1.62421E-01
2.33728E+01 1.62297E-01
2.35280E+01 1.62176E-01
2.36776E+01 1.62062E-01
2.38212E+01 1.61951E-01
2.39587E+01 1.61846E-01
2.40898E+01 1.61746E-01
2.42141E+01 1.61656E-01
2.43315E+01 1.61565E-01
2.44418E+01 1.61485E-01
2.45447E+01 1.61408E-01
2.46400E+01 1.61337E-01
2.47277E+01 1.61271E-01
2.48074E+01 1.61215E-01
2.48792E+01 1.61162E-01
2.49428E+01 1.61112E-01
2.49981E+01 1.61074E-01
2.50451E+01 1.61038E-01
2.50837E+01 1.61010E-01
2.51138E+01 1.60989E-01
2.51353E+01 1.60975E-01
2.51482E+01 1.60964E-01
2.51525E+01 1.60961E-01
2.51482E+01 1.60964E-01
2.51353E+01 1.60975E-01
2.51138E+01 1.60989E-01
2.50837E+01 1.61010E-01
2.50451E+01 1.61038E-01
2.49981E+01 1.61074E-01
2.49428E+01 1.61112E-01
2.48792E+01 1.61162E-01
2.48075E+01 1.61214E-01
2.47277E+01 1.61271E-01
2.46400E+01 1.61337E-01
2.45447E+01 1.61408E-01
2.44418E+01 1.61485E-01
2.43315E+01 1.61565E-01
2.42141E+01 1.61655E-01
2.40898E+01 1.61746E-01
2.39587E+01 1.61846E-01
2.38212E+01 1.61951E-01
2.36776E+01 1.62062E-01
2.35280E+01 1.62176E-01
2.33729E+01 1.62297E-01
2.32124E+01 1.62421E-01
2.30470E+01 1.62551E-01
2.28771E+01 1.62684E-01
2.27029E+01 1.62823E-01
2.25249E+01 1.62964E-01
2.23434E+01 1.63109E-01
2.21589E+01 1.63259E-01
2.19719E+01 1.63412E-01
2.17827E+01 1.63570E-01
2.15919E+01 1.63726E-01
2.13999E+01 1.63887E-01
2.12072E+01 1.64049E-01
2.10143E+01 1.64216E-01
2.08219E+01 1.64380E-01
2.06304E+01 1.64545E-01
2.04403E+01 1.64713E-01
2.02523E+01 1.64880E-01
2.00669E+01 1.65043E-01
1.98848E+01 1.65205E-01
1.97065E+01 1.65368E-01
1.95326E+01 1.65526E-01
1.93637E+01 1.65681E-01
1.92004E+01 1.65833E-01
1.90433E+01 1.65977E-01
1.88931E+01 1.66118E-01
1.87502E+01 1.66253E-01
1.86153E+01 1.66380E-01
1.84889E+01 1.66501E-01
1.83716E+01 1.66614E-01
1.82637E+01 1.66718E-01
1.81658E+01 1.66812E-01
1.80784E+01 1.66898E-01
1.80018E+01 1.66972E-01
1.79364E+01 1.67036E-01
1.78824E+01 1.67089E-01
1.78402E+01 1.67130E-01
1.78098E+01 1.67160E-01
1.77916E+01 1.67178E-01
1.77855E+01 1.67184E-01
