Will plot unflagged data


File # 1  = raise.vis
raise.vis 0.1514 GHz
Read 121 visibilities from all files

Baseline 2-4, plot 121 points
7.09859E-01 -1.51130E-01
7.10102E-01 -1.53596E-01
7.10831E-01 -1.56980E-01
7.12041E-01 -1.59226E-01
7.13727E-01 -1.61355E-01
7.15881E-01 -1.63366E-01
7.18492E-01 -1.66281E-01
7.21550E-01 -1.68043E-01
7.25039E-01 -1.69676E-01
7.28945E-01 -1.72204E-01
7.33250E-01 -1.73568E-01
7.37934E-01 -1.75822E-01
7.42979E-01 -1.76907E-01
7.48364E-01 -1.77846E-01
7.54065E-01 -1.79668E-01
7.60062E-01 -1.80311E-01
7.66331E-01 -1.81831E-01
7.72847E-01 -1.82166E-01
7.79588E-01 -1.83375E-01
7.86529E-01 -1.84424E-01
7.93647E-01 -1.84283E-01
8.00916E-01 -1.85008E-01
8.08315E-01 -1.85567E-01
8.15818E-01 -1.84930E-01
8.23403E-01 -1.85154E-01
8.31048E-01 -1.85209E-01
8.38729E-01 -1.85091E-01
8.46425E-01 -1.84801E-01
8.54116E-01 -1.84337E-01
8.61779E-01 -1.83698E-01
8.69396E-01 -1.82882E-01
8.76947E-01 -1.81890E-01
8.84413E-01 -1.80719E-01
8.91775E-01 -1.79371E-01
8.99018E-01 -1.77844E-01
9.06123E-01 -1.77169E-01
9.13075E-01 -1.75283E-01
9.19859E-01 -1.74250E-01
9.26459E-01 -1.72005E-01
9.32863E-01 -1.70613E-01
9.39055E-01 -1.68009E-01
9.45025E-01 -1.66259E-01
9.50759E-01 -1.64331E-01
9.56246E-01 -1.61193E-01
9.61477E-01 -1.58911E-01
9.66439E-01 -1.56452E-01
9.71126E-01 -1.53819E-01
9.75527E-01 -1.51011E-01
9.79634E-01 -1.48031E-01
9.83439E-01 -1.45912E-01
9.86937E-01 -1.42590E-01
9.90121E-01 -1.39101E-01
9.92984E-01 -1.36477E-01
9.95523E-01 -1.32656E-01
9.97732E-01 -1.29704E-01
9.99608E-01 -1.25559E-01
1.00115E+00 -1.22288E-01
1.00235E+00 -1.18860E-01
1.00320E+00 -1.14245E-01
1.00372E+00 -1.10512E-01
1.00389E+00 -1.06629E-01
1.00372E+00 -1.02600E-01
1.00320E+00 -9.84265E-02
1.00235E+00 -9.51449E-02
1.00115E+00 -9.06930E-02
9.99608E-01 -8.61064E-02
9.97732E-01 -8.24203E-02
9.95523E-01 -7.75734E-02
9.92984E-01 -7.36338E-02
9.90121E-01 -6.85400E-02
9.86937E-01 -6.43602E-02
9.83440E-01 -6.00658E-02
9.79634E-01 -5.46281E-02
9.75527E-01 -5.01152E-02
9.71126E-01 -4.54989E-02
9.66440E-01 -4.07829E-02
9.61477E-01 -3.59712E-02
9.56247E-01 -3.10678E-02
9.50759E-01 -2.71087E-02
9.45025E-01 -2.20341E-02
9.39056E-01 -1.68802E-02
9.32863E-01 -1.26830E-02
9.26460E-01 -7.38307E-03
9.19859E-01 -3.04857E-03
9.13076E-01 2.37996E-03
9.06124E-01 6.83434E-03
8.99018E-01 1.23737E-02
8.91776E-01 1.69301E-02
8.84413E-01 2.15308E-02
8.76947E-01 2.61713E-02
8.69397E-01 3.08468E-02
8.61780E-01 3.55528E-02
8.54116E-01 4.02847E-02
8.46426E-01 4.50379E-02
8.38730E-01 4.98076E-02
8.31048E-01 5.45891E-02
8.23404E-01 5.93779E-02
8.15818E-01 6.41692E-02
8.08315E-01 6.79277E-02
8.00917E-01 7.27101E-02
7.93647E-01 7.74809E-02
7.86530E-01 8.12054E-02
7.79588E-01 8.59392E-02
7.72848E-01 9.06476E-02
7.66331E-01 9.42961E-02
7.60063E-01 9.89397E-02
7.54066E-01 1.02515E-01
7.48364E-01 1.07075E-01
7.42980E-01 1.10558E-01
7.37935E-01 1.13989E-01
7.33250E-01 1.18391E-01
7.28945E-01 1.21703E-01
7.25040E-01 1.25978E-01
7.21550E-01 1.29154E-01
7.18493E-01 1.32256E-01
7.15881E-01 1.36306E-01
7.13727E-01 1.39247E-01
7.12041E-01 1.42101E-01
7.10831E-01 1.44864E-01
7.10102E-01 1.48559E-01
7.09859E-01 1.51128E-01
