Will plot unflagged data


File # 1  = raise.vis
raise.vis 0.1514 GHz
Read 121 visibilities from all files

Baseline 2-4, plot 121 points
7.09859E-01 2.04499E+00
7.10102E-01 2.04499E+00
7.10831E-01 2.04499E+00
7.12041E-01 2.04499E+00
7.13727E-01 2.04499E+00
7.15881E-01 2.04498E+00
7.18492E-01 2.04498E+00
7.21550E-01 2.04498E+00
7.25039E-01 2.04497E+00
7.28945E-01 2.04497E+00
7.33250E-01 2.04497E+00
7.37934E-01 2.04496E+00
7.42979E-01 2.04496E+00
7.48364E-01 2.04495E+00
7.54065E-01 2.04494E+00
7.60062E-01 2.04494E+00
7.66331E-01 2.04493E+00
7.72847E-01 2.04492E+00
7.79588E-01 2.04492E+00
7.86529E-01 2.04491E+00
7.93647E-01 2.04490E+00
8.00916E-01 2.04489E+00
8.08315E-01 2.04489E+00
8.15818E-01 2.04488E+00
8.23403E-01 2.04487E+00
8.31048E-01 2.04486E+00
8.38729E-01 2.04485E+00
8.46425E-01 2.04484E+00
8.54116E-01 2.04483E+00
8.61779E-01 2.04483E+00
8.69396E-01 2.04482E+00
8.76947E-01 2.04481E+00
8.84413E-01 2.04480E+00
8.91775E-01 2.04479E+00
8.99018E-01 2.04478E+00
9.06123E-01 2.04477E+00
9.13075E-01 2.04476E+00
9.19859E-01 2.04476E+00
9.26459E-01 2.04474E+00
9.32863E-01 2.04474E+00
9.39055E-01 2.04473E+00
9.45025E-01 2.04472E+00
9.50759E-01 2.04472E+00
9.56246E-01 2.04470E+00
9.61477E-01 2.04470E+00
9.66439E-01 2.04469E+00
9.71126E-01 2.04469E+00
9.75527E-01 2.04468E+00
9.79634E-01 2.04467E+00
9.83439E-01 2.04467E+00
9.86937E-01 2.04467E+00
9.90121E-01 2.04466E+00
9.92984E-01 2.04466E+00
9.95523E-01 2.04465E+00
9.97732E-01 2.04465E+00
9.99608E-01 2.04465E+00
1.00115E+00 2.04465E+00
1.00235E+00 2.04465E+00
1.00320E+00 2.04464E+00
1.00372E+00 2.04464E+00
1.00389E+00 2.04464E+00
1.00372E+00 2.04464E+00
1.00320E+00 2.04464E+00
1.00235E+00 2.04465E+00
1.00115E+00 2.04465E+00
9.99608E-01 2.04465E+00
9.97732E-01 2.04465E+00
9.95523E-01 2.04465E+00
9.92984E-01 2.04466E+00
9.90121E-01 2.04466E+00
9.86937E-01 2.04467E+00
9.83440E-01 2.04467E+00
9.79634E-01 2.04467E+00
9.75527E-01 2.04468E+00
9.71126E-01 2.04469E+00
9.66440E-01 2.04469E+00
9.61477E-01 2.04470E+00
9.56247E-01 2.04470E+00
9.50759E-01 2.04472E+00
9.45025E-01 2.04472E+00
9.39056E-01 2.04473E+00
9.32863E-01 2.04474E+00
9.26460E-01 2.04474E+00
9.19859E-01 2.04476E+00
9.13076E-01 2.04476E+00
9.06124E-01 2.04477E+00
8.99018E-01 2.04478E+00
8.91776E-01 2.04479E+00
8.84413E-01 2.04480E+00
8.76947E-01 2.04481E+00
8.69397E-01 2.04482E+00
8.61780E-01 2.04483E+00
8.54116E-01 2.04483E+00
8.46426E-01 2.04484E+00
8.38730E-01 2.04485E+00
8.31048E-01 2.04486E+00
8.23404E-01 2.04487E+00
8.15818E-01 2.04488E+00
8.08315E-01 2.04489E+00
8.00917E-01 2.04489E+00
7.93647E-01 2.04490E+00
7.86530E-01 2.04491E+00
7.79588E-01 2.04492E+00
7.72848E-01 2.04492E+00
7.66331E-01 2.04493E+00
7.60063E-01 2.04494E+00
7.54066E-01 2.04494E+00
7.48364E-01 2.04495E+00
7.42980E-01 2.04496E+00
7.37935E-01 2.04496E+00
7.33250E-01 2.04496E+00
7.28945E-01 2.04497E+00
7.25040E-01 2.04497E+00
7.21550E-01 2.04498E+00
7.18493E-01 2.04498E+00
7.15881E-01 2.04498E+00
7.13727E-01 2.04499E+00
7.12041E-01 2.04499E+00
7.10831E-01 2.04499E+00
7.10102E-01 2.04499E+00
7.09859E-01 2.04499E+00
