Will plot unflagged data


File # 1  = raise.vis
raise.vis 4.7863 GHz
Read 121 visibilities from all files

Baseline 3-5, plot 121 points
1.19146E+01 1.67230E-01
1.19186E+01 1.67228E-01
1.19309E+01 1.67220E-01
1.19512E+01 1.67206E-01
1.19795E+01 1.67187E-01
1.20156E+01 1.67163E-01
1.20595E+01 1.67133E-01
1.21108E+01 1.67099E-01
1.21694E+01 1.67060E-01
1.22349E+01 1.67016E-01
1.23072E+01 1.66968E-01
1.23858E+01 1.66915E-01
1.24705E+01 1.66857E-01
1.25608E+01 1.66796E-01
1.26565E+01 1.66732E-01
1.27572E+01 1.66663E-01
1.28624E+01 1.66592E-01
1.29718E+01 1.66518E-01
1.30849E+01 1.66441E-01
1.32014E+01 1.66363E-01
1.33209E+01 1.66281E-01
1.34429E+01 1.66198E-01
1.35671E+01 1.66113E-01
1.36930E+01 1.66029E-01
1.38203E+01 1.65941E-01
1.39486E+01 1.65855E-01
1.40776E+01 1.65766E-01
1.42067E+01 1.65679E-01
1.43358E+01 1.65591E-01
1.44644E+01 1.65502E-01
1.45923E+01 1.65417E-01
1.47190E+01 1.65330E-01
1.48443E+01 1.65244E-01
1.49679E+01 1.65160E-01
1.50895E+01 1.65078E-01
1.52087E+01 1.64998E-01
1.53254E+01 1.64917E-01
1.54393E+01 1.64841E-01
1.55501E+01 1.64767E-01
1.56575E+01 1.64695E-01
1.57615E+01 1.64623E-01
1.58617E+01 1.64556E-01
1.59579E+01 1.64491E-01
1.60500E+01 1.64430E-01
1.61378E+01 1.64371E-01
1.62211E+01 1.64315E-01
1.62998E+01 1.64261E-01
1.63736E+01 1.64211E-01
1.64426E+01 1.64164E-01
1.65064E+01 1.64123E-01
1.65651E+01 1.64085E-01
1.66186E+01 1.64047E-01
1.66666E+01 1.64015E-01
1.67093E+01 1.63986E-01
1.67463E+01 1.63964E-01
1.67778E+01 1.63941E-01
1.68036E+01 1.63925E-01
1.68238E+01 1.63912E-01
1.68382E+01 1.63903E-01
1.68468E+01 1.63896E-01
1.68497E+01 1.63893E-01
1.68468E+01 1.63896E-01
1.68382E+01 1.63903E-01
1.68238E+01 1.63912E-01
1.68036E+01 1.63925E-01
1.67778E+01 1.63941E-01
1.67463E+01 1.63964E-01
1.67093E+01 1.63986E-01
1.66666E+01 1.64015E-01
1.66186E+01 1.64047E-01
1.65652E+01 1.64085E-01
1.65064E+01 1.64123E-01
1.64426E+01 1.64164E-01
1.63736E+01 1.64211E-01
1.62998E+01 1.64261E-01
1.62211E+01 1.64315E-01
1.61378E+01 1.64371E-01
1.60500E+01 1.64430E-01
1.59579E+01 1.64491E-01
1.58617E+01 1.64556E-01
1.57615E+01 1.64623E-01
1.56575E+01 1.64695E-01
1.55501E+01 1.64767E-01
1.54393E+01 1.64841E-01
1.53254E+01 1.64917E-01
1.52087E+01 1.64998E-01
1.50895E+01 1.65078E-01
1.49679E+01 1.65160E-01
1.48443E+01 1.65244E-01
1.47190E+01 1.65330E-01
1.45923E+01 1.65417E-01
1.44645E+01 1.65502E-01
1.43358E+01 1.65591E-01
1.42068E+01 1.65679E-01
1.40776E+01 1.65766E-01
1.39486E+01 1.65855E-01
1.38203E+01 1.65941E-01
1.36930E+01 1.66029E-01
1.35671E+01 1.66113E-01
1.34429E+01 1.66198E-01
1.33209E+01 1.66281E-01
1.32014E+01 1.66363E-01
1.30849E+01 1.66442E-01
1.29718E+01 1.66518E-01
1.28624E+01 1.66592E-01
1.27572E+01 1.66663E-01
1.26565E+01 1.66732E-01
1.25608E+01 1.66796E-01
1.24705E+01 1.66857E-01
1.23858E+01 1.66915E-01
1.23072E+01 1.66968E-01
1.22349E+01 1.67016E-01
1.21694E+01 1.67060E-01
1.21108E+01 1.67099E-01
1.20595E+01 1.67133E-01
1.20156E+01 1.67163E-01
1.19795E+01 1.67187E-01
1.19512E+01 1.67206E-01
1.19309E+01 1.67220E-01
1.19186E+01 1.67228E-01
1.19146E+01 1.67230E-01
