Will plot unflagged data


File # 1  = raise.vis
raise.vis 4.7863 GHz
Read 121 visibilities from all files

Baseline 3-5, plot 121 points
1.19146E+01 -2.53663E+00
1.19186E+01 -2.58238E+00
1.19309E+01 -2.62721E+00
1.19512E+01 -2.66909E+00
1.19795E+01 -2.71005E+00
1.20156E+01 -2.74903E+00
1.20595E+01 -2.78600E+00
1.21108E+01 -2.82097E+00
1.21694E+01 -2.85392E+00
1.22349E+01 -2.88556E+00
1.23072E+01 -2.91484E+00
1.23858E+01 -2.94176E+00
1.24705E+01 -2.96630E+00
1.25608E+01 -2.98948E+00
1.26565E+01 -3.01128E+00
1.27572E+01 -3.02965E+00
1.28624E+01 -3.04660E+00
1.29718E+01 -3.06186E+00
1.30849E+01 -3.07441E+00
1.32014E+01 -3.08529E+00
1.33209E+01 -3.09346E+00
1.34429E+01 -3.09994E+00
1.35671E+01 -3.10368E+00
1.36930E+01 -3.10675E+00
1.38203E+01 -3.10607E+00
1.39486E+01 -3.10460E+00
1.40776E+01 -3.10014E+00
1.42067E+01 -3.09376E+00
1.43358E+01 -3.08548E+00
1.44644E+01 -3.07424E+00
1.45923E+01 -3.06212E+00
1.47190E+01 -3.04704E+00
1.48443E+01 -3.03004E+00
1.49679E+01 -3.01112E+00
1.50895E+01 -2.99029E+00
1.52087E+01 -2.96755E+00
1.53254E+01 -2.94173E+00
1.54393E+01 -2.91491E+00
1.55501E+01 -2.88607E+00
1.56575E+01 -2.85525E+00
1.57615E+01 -2.82140E+00
1.58617E+01 -2.78663E+00
1.59579E+01 -2.74989E+00
1.60500E+01 -2.71121E+00
1.61378E+01 -2.67060E+00
1.62211E+01 -2.62808E+00
1.62998E+01 -2.58366E+00
1.63736E+01 -2.53736E+00
1.64426E+01 -2.48921E+00
1.65064E+01 -2.44025E+00
1.65651E+01 -2.38948E+00
1.66186E+01 -2.33590E+00
1.66666E+01 -2.28160E+00
1.67093E+01 -2.22556E+00
1.67463E+01 -2.16883E+00
1.67778E+01 -2.10939E+00
1.68036E+01 -2.04935E+00
1.68238E+01 -1.98770E+00
1.68382E+01 -1.92449E+00
1.68468E+01 -1.85976E+00
1.68497E+01 -1.79356E+00
1.68468E+01 -1.72696E+00
1.68382E+01 -1.65898E+00
1.68238E+01 -1.58966E+00
1.68036E+01 -1.51905E+00
1.67778E+01 -1.44720E+00
1.67463E+01 -1.37520E+00
1.67093E+01 -1.30103E+00
1.66666E+01 -1.22681E+00
1.66186E+01 -1.15158E+00
1.65652E+01 -1.07643E+00
1.65064E+01 -9.99372E-01
1.64426E+01 -9.21489E-01
1.63736E+01 -8.43877E-01
1.62998E+01 -7.65572E-01
1.62211E+01 -6.86634E-01
1.61378E+01 -6.07132E-01
1.60500E+01 -5.27129E-01
1.59579E+01 -4.46691E-01
1.58617E+01 -3.65887E-01
1.57615E+01 -2.84786E-01
1.56575E+01 -2.04485E-01
1.55501E+01 -1.22988E-01
1.54393E+01 -4.13915E-02
1.53254E+01 4.02457E-02
1.52087E+01 1.20844E-01
1.50895E+01 2.02399E-01
1.49679E+01 2.83687E-01
1.48443E+01 3.64621E-01
1.47190E+01 4.45147E-01
1.45923E+01 5.25203E-01
1.44645E+01 6.05758E-01
1.43358E+01 6.84677E-01
1.42068E+01 7.63957E-01
1.40776E+01 8.42506E-01
1.39486E+01 9.20277E-01
1.38203E+01 9.98271E-01
1.36930E+01 1.07424E+00
1.35671E+01 1.15110E+00
1.34429E+01 1.22571E+00
1.33209E+01 1.30009E+00
1.32014E+01 1.37316E+00
1.30849E+01 1.44588E+00
1.29718E+01 1.51717E+00
1.28624E+01 1.58804E+00
1.27572E+01 1.65742E+00
1.26565E+01 1.72500E+00
1.25608E+01 1.79276E+00
1.24705E+01 1.85864E+00
1.23858E+01 1.92257E+00
1.23072E+01 1.98554E+00
1.22349E+01 2.04751E+00
1.21694E+01 2.10846E+00
1.21108E+01 2.16732E+00
1.20595E+01 2.22478E+00
1.20156E+01 2.28081E+00
1.19795E+01 2.33540E+00
1.19512E+01 2.38852E+00
1.19309E+01 2.43908E+00
1.19186E+01 2.48913E+00
1.19146E+01 2.53662E+00
