Will plot unflagged data


File # 1  = raise.vis
raise.vis 1.5136 GHz
Read 121 visibilities from all files

Baseline 3-4, plot 121 points
1.47432E+00 -3.99024E-01
1.47483E+00 -4.06478E-01
1.47634E+00 -4.13642E-01
1.47885E+00 -4.20508E-01
1.48236E+00 -4.26037E-01
1.48683E+00 -4.32278E-01
1.49225E+00 -4.38193E-01
1.49860E+00 -4.43774E-01
1.50585E+00 -4.49013E-01
1.51396E+00 -4.53901E-01
1.52290E+00 -4.58430E-01
1.53263E+00 -4.62593E-01
1.54311E+00 -4.66382E-01
1.55429E+00 -4.70822E-01
1.56614E+00 -4.73842E-01
1.57859E+00 -4.76466E-01
1.59161E+00 -4.79722E-01
1.60514E+00 -4.81536E-01
1.61914E+00 -4.83970E-01
1.63356E+00 -4.84951E-01
1.64834E+00 -4.86539E-01
1.66344E+00 -4.87697E-01
1.67881E+00 -4.88420E-01
1.69439E+00 -4.88702E-01
1.71015E+00 -4.88539E-01
1.72602E+00 -4.87928E-01
1.74198E+00 -4.87898E-01
1.75796E+00 -4.86379E-01
1.77393E+00 -4.85433E-01
1.78985E+00 -4.84026E-01
1.80567E+00 -4.81121E-01
1.82135E+00 -4.78783E-01
1.83686E+00 -4.77008E-01
1.85215E+00 -4.73731E-01
1.86719E+00 -4.69982E-01
1.88195E+00 -4.66794E-01
1.89639E+00 -4.63132E-01
1.91048E+00 -4.57965E-01
1.92418E+00 -4.53357E-01
1.93748E+00 -4.49308E-01
1.95035E+00 -4.43755E-01
1.96274E+00 -4.37730E-01
1.97465E+00 -4.32267E-01
1.98605E+00 -4.26336E-01
1.99691E+00 -4.19938E-01
2.00722E+00 -4.13076E-01
2.01695E+00 -4.06784E-01
2.02609E+00 -3.99002E-01
2.03462E+00 -3.91795E-01
2.04253E+00 -3.84136E-01
2.04979E+00 -3.76030E-01
2.05640E+00 -3.67478E-01
2.06235E+00 -3.58487E-01
2.06762E+00 -3.50093E-01
2.07221E+00 -3.41268E-01
2.07611E+00 -3.32019E-01
2.07930E+00 -3.22350E-01
2.08180E+00 -3.12269E-01
2.08358E+00 -3.02811E-01
2.08465E+00 -2.91922E-01
2.08501E+00 -2.81670E-01
2.08465E+00 -2.71032E-01
2.08358E+00 -2.61045E-01
2.08180E+00 -2.49655E-01
2.07930E+00 -2.38932E-01
2.07611E+00 -2.27853E-01
2.07221E+00 -2.16426E-01
2.06762E+00 -2.04661E-01
2.06235E+00 -1.92565E-01
2.05641E+00 -1.81179E-01
2.04979E+00 -1.69480E-01
2.04253E+00 -1.57480E-01
2.03462E+00 -1.45186E-01
2.02609E+00 -1.32609E-01
2.01695E+00 -1.20791E-01
2.00722E+00 -1.07678E-01
1.99691E+00 -9.53440E-02
1.98605E+00 -8.27687E-02
1.97465E+00 -6.99623E-02
1.96274E+00 -5.69356E-02
1.95035E+00 -4.47321E-02
1.93748E+00 -3.23307E-02
1.92419E+00 -1.87105E-02
1.91048E+00 -5.94739E-03
1.89639E+00 5.94660E-03
1.88195E+00 1.90250E-02
1.86719E+00 3.22436E-02
1.85215E+00 4.45576E-02
1.83686E+00 5.69879E-02
1.82135E+00 7.05552E-02
1.80567E+00 8.31818E-02
1.78985E+00 9.48554E-02
1.77393E+00 1.07630E-01
1.75796E+00 1.20459E-01
1.74198E+00 1.32299E-01
1.72602E+00 1.45203E-01
1.71015E+00 1.57092E-01
1.69439E+00 1.68988E-01
1.67881E+00 1.80877E-01
1.66344E+00 1.92748E-01
1.64834E+00 2.04588E-01
1.63356E+00 2.16385E-01
1.61915E+00 2.27093E-01
1.60514E+00 2.38767E-01
1.59161E+00 2.49329E-01
1.57859E+00 2.60831E-01
1.56614E+00 2.71197E-01
1.55429E+00 2.81448E-01
1.54311E+00 2.92604E-01
1.53263E+00 3.02588E-01
1.52290E+00 3.12422E-01
1.51396E+00 3.22094E-01
1.50585E+00 3.31593E-01
1.49860E+00 3.40907E-01
1.49225E+00 3.50027E-01
1.48683E+00 3.58940E-01
1.48236E+00 3.67636E-01
1.47885E+00 3.75077E-01
1.47634E+00 3.83309E-01
1.47483E+00 3.91294E-01
1.47432E+00 3.99021E-01
