Will plot unflagged data


File # 1  = raise.vis
raise.vis 1.5136 GHz
Read 121 visibilities from all files

Baseline 3-4, plot 121 points
1.47432E+00 1.30812E+00
1.47483E+00 1.30812E+00
1.47634E+00 1.30812E+00
1.47885E+00 1.30812E+00
1.48236E+00 1.30811E+00
1.48683E+00 1.30810E+00
1.49225E+00 1.30809E+00
1.49860E+00 1.30808E+00
1.50585E+00 1.30807E+00
1.51396E+00 1.30805E+00
1.52290E+00 1.30803E+00
1.53263E+00 1.30801E+00
1.54311E+00 1.30799E+00
1.55429E+00 1.30798E+00
1.56614E+00 1.30795E+00
1.57859E+00 1.30793E+00
1.59161E+00 1.30790E+00
1.60514E+00 1.30787E+00
1.61914E+00 1.30785E+00
1.63356E+00 1.30782E+00
1.64834E+00 1.30779E+00
1.66344E+00 1.30776E+00
1.67881E+00 1.30773E+00
1.69439E+00 1.30769E+00
1.71015E+00 1.30766E+00
1.72602E+00 1.30762E+00
1.74198E+00 1.30759E+00
1.75796E+00 1.30755E+00
1.77393E+00 1.30752E+00
1.78985E+00 1.30749E+00
1.80567E+00 1.30745E+00
1.82135E+00 1.30741E+00
1.83686E+00 1.30738E+00
1.85215E+00 1.30735E+00
1.86719E+00 1.30731E+00
1.88195E+00 1.30728E+00
1.89639E+00 1.30725E+00
1.91048E+00 1.30721E+00
1.92418E+00 1.30717E+00
1.93748E+00 1.30715E+00
1.95035E+00 1.30711E+00
1.96274E+00 1.30708E+00
1.97465E+00 1.30705E+00
1.98605E+00 1.30703E+00
1.99691E+00 1.30700E+00
2.00722E+00 1.30697E+00
2.01695E+00 1.30696E+00
2.02609E+00 1.30693E+00
2.03462E+00 1.30691E+00
2.04253E+00 1.30689E+00
2.04979E+00 1.30687E+00
2.05640E+00 1.30685E+00
2.06235E+00 1.30683E+00
2.06762E+00 1.30683E+00
2.07221E+00 1.30682E+00
2.07611E+00 1.30681E+00
2.07930E+00 1.30680E+00
2.08180E+00 1.30679E+00
2.08358E+00 1.30679E+00
2.08465E+00 1.30678E+00
2.08501E+00 1.30678E+00
2.08465E+00 1.30678E+00
2.08358E+00 1.30679E+00
2.08180E+00 1.30679E+00
2.07930E+00 1.30680E+00
2.07611E+00 1.30681E+00
2.07221E+00 1.30682E+00
2.06762E+00 1.30683E+00
2.06235E+00 1.30683E+00
2.05641E+00 1.30685E+00
2.04979E+00 1.30687E+00
2.04253E+00 1.30689E+00
2.03462E+00 1.30691E+00
2.02609E+00 1.30693E+00
2.01695E+00 1.30696E+00
2.00722E+00 1.30697E+00
1.99691E+00 1.30700E+00
1.98605E+00 1.30703E+00
1.97465E+00 1.30705E+00
1.96274E+00 1.30708E+00
1.95035E+00 1.30711E+00
1.93748E+00 1.30715E+00
1.92419E+00 1.30717E+00
1.91048E+00 1.30721E+00
1.89639E+00 1.30725E+00
1.88195E+00 1.30728E+00
1.86719E+00 1.30731E+00
1.85215E+00 1.30735E+00
1.83686E+00 1.30738E+00
1.82135E+00 1.30741E+00
1.80567E+00 1.30745E+00
1.78985E+00 1.30749E+00
1.77393E+00 1.30752E+00
1.75796E+00 1.30755E+00
1.74198E+00 1.30759E+00
1.72602E+00 1.30762E+00
1.71015E+00 1.30766E+00
1.69439E+00 1.30769E+00
1.67881E+00 1.30773E+00
1.66344E+00 1.30776E+00
1.64834E+00 1.30779E+00
1.63356E+00 1.30782E+00
1.61915E+00 1.30785E+00
1.60514E+00 1.30787E+00
1.59161E+00 1.30790E+00
1.57859E+00 1.30793E+00
1.56614E+00 1.30795E+00
1.55429E+00 1.30798E+00
1.54311E+00 1.30799E+00
1.53263E+00 1.30801E+00
1.52290E+00 1.30803E+00
1.51396E+00 1.30805E+00
1.50585E+00 1.30807E+00
1.49860E+00 1.30808E+00
1.49225E+00 1.30809E+00
1.48683E+00 1.30810E+00
1.48236E+00 1.30811E+00
1.47885E+00 1.30812E+00
1.47634E+00 1.30812E+00
1.47483E+00 1.30812E+00
1.47432E+00 1.30812E+00
