Will plot unflagged data


File # 1  = raise.vis
raise.vis 15.1356 GHz
Read 121 visibilities from all files

Baseline 1-5, plot 121 points
9.93803E+01 -1.21668E+01
9.94143E+01 -1.23882E+01
9.95163E+01 -1.26002E+01
9.96857E+01 -1.28039E+01
9.99217E+01 -1.29996E+01
1.00223E+02 -1.31860E+01
1.00589E+02 -1.33631E+01
1.01017E+02 -1.35306E+01
1.01506E+02 -1.36897E+01
1.02052E+02 -1.38389E+01
1.02655E+02 -1.39787E+01
1.03311E+02 -1.41091E+01
1.04017E+02 -1.42294E+01
1.04771E+02 -1.43404E+01
1.05569E+02 -1.44421E+01
1.06409E+02 -1.45334E+01
1.07286E+02 -1.46142E+01
1.08199E+02 -1.46858E+01
1.09142E+02 -1.47470E+01
1.10114E+02 -1.47971E+01
1.11111E+02 -1.48388E+01
1.12128E+02 -1.48690E+01
1.13164E+02 -1.48895E+01
1.14215E+02 -1.49002E+01
1.15276E+02 -1.48999E+01
1.16347E+02 -1.48897E+01
1.17422E+02 -1.48691E+01
1.18500E+02 -1.48394E+01
1.19576E+02 -1.47981E+01
1.20649E+02 -1.47475E+01
1.21715E+02 -1.46863E+01
1.22773E+02 -1.46155E+01
1.23818E+02 -1.45351E+01
1.24849E+02 -1.44439E+01
1.25863E+02 -1.43428E+01
1.26857E+02 -1.42324E+01
1.27831E+02 -1.41115E+01
1.28780E+02 -1.39817E+01
1.29704E+02 -1.38422E+01
1.30601E+02 -1.36925E+01
1.31468E+02 -1.35339E+01
1.32303E+02 -1.33666E+01
1.33106E+02 -1.31892E+01
1.33874E+02 -1.30030E+01
1.34607E+02 -1.28085E+01
1.35302E+02 -1.26038E+01
1.35958E+02 -1.23923E+01
1.36574E+02 -1.21713E+01
1.37149E+02 -1.19423E+01
1.37682E+02 -1.17046E+01
1.38171E+02 -1.14594E+01
1.38617E+02 -1.12058E+01
1.39018E+02 -1.09451E+01
1.39373E+02 -1.06764E+01
1.39682E+02 -1.04007E+01
1.39945E+02 -1.01182E+01
1.40161E+02 -9.82797E+00
1.40328E+02 -9.53135E+00
1.40449E+02 -9.22852E+00
1.40521E+02 -8.91864E+00
1.40545E+02 -8.60295E+00
1.40521E+02 -8.28166E+00
1.40449E+02 -7.95500E+00
1.40329E+02 -7.62217E+00
1.40161E+02 -7.28443E+00
1.39945E+02 -6.94202E+00
1.39682E+02 -6.59413E+00
1.39373E+02 -6.24202E+00
1.39018E+02 -5.88590E+00
1.38617E+02 -5.52525E+00
1.38171E+02 -5.16138E+00
1.37682E+02 -4.79350E+00
1.37149E+02 -4.42286E+00
1.36574E+02 -4.04859E+00
1.35958E+02 -3.67196E+00
1.35302E+02 -3.29175E+00
1.34607E+02 -2.91115E+00
1.33875E+02 -2.52715E+00
1.33106E+02 -2.14199E+00
1.32303E+02 -1.75568E+00
1.31468E+02 -1.36711E+00
1.30601E+02 -9.78243E-01
1.29704E+02 -5.89249E-01
1.28780E+02 -1.99073E-01
1.27831E+02 1.91412E-01
1.26857E+02 5.80873E-01
1.25863E+02 9.70723E-01
1.24849E+02 1.35942E+00
1.23818E+02 1.74720E+00
1.22773E+02 2.13457E+00
1.21716E+02 2.52007E+00
1.20649E+02 2.90339E+00
1.19576E+02 3.28519E+00
1.18500E+02 3.66397E+00
1.17422E+02 4.04160E+00
1.16347E+02 4.41540E+00
1.15277E+02 4.78628E+00
1.14215E+02 5.15467E+00
1.13164E+02 5.51827E+00
1.12128E+02 5.87872E+00
1.11111E+02 6.23458E+00
1.10114E+02 6.58761E+00
1.09142E+02 6.93430E+00
1.08199E+02 7.27829E+00
1.07286E+02 7.61559E+00
1.06409E+02 7.94780E+00
1.05569E+02 8.27516E+00
1.04771E+02 8.59739E+00
1.04017E+02 8.91311E+00
1.03311E+02 9.22231E+00
1.02655E+02 9.52562E+00
1.02052E+02 9.82228E+00
1.01506E+02 1.01121E+01
1.01017E+02 1.03955E+01
1.00589E+02 1.06708E+01
1.00223E+02 1.09393E+01
9.99218E+01 1.12006E+01
9.96857E+01 1.14546E+01
9.95163E+01 1.16999E+01
9.94143E+01 1.19370E+01
9.93803E+01 1.21667E+01
