Will plot unflagged data


File # 1  = raise.vis
raise.vis 15.1356 GHz
Read 121 visibilities from all files

Baseline 1-5, plot 121 points
9.93803E+01 3.37141E-02
9.94143E+01 3.37067E-02
9.95163E+01 3.36842E-02
9.96857E+01 3.36473E-02
9.99217E+01 3.35968E-02
1.00223E+02 3.35332E-02
1.00589E+02 3.34578E-02
1.01017E+02 3.33717E-02
1.01506E+02 3.32767E-02
1.02052E+02 3.31737E-02
1.02655E+02 3.30642E-02
1.03311E+02 3.29496E-02
1.04017E+02 3.28310E-02
1.04771E+02 3.27097E-02
1.05569E+02 3.25871E-02
1.06409E+02 3.24634E-02
1.07286E+02 3.23391E-02
1.08199E+02 3.22158E-02
1.09142E+02 3.20933E-02
1.10114E+02 3.19715E-02
1.11111E+02 3.18523E-02
1.12128E+02 3.17341E-02
1.13164E+02 3.16182E-02
1.14215E+02 3.15046E-02
1.15276E+02 3.13926E-02
1.16347E+02 3.12831E-02
1.17422E+02 3.11758E-02
1.18500E+02 3.10715E-02
1.19576E+02 3.09689E-02
1.20649E+02 3.08693E-02
1.21715E+02 3.07720E-02
1.22773E+02 3.06778E-02
1.23818E+02 3.05866E-02
1.24849E+02 3.04978E-02
1.25863E+02 3.04120E-02
1.26857E+02 3.03295E-02
1.27831E+02 3.02496E-02
1.28780E+02 3.01735E-02
1.29704E+02 3.01005E-02
1.30601E+02 3.00302E-02
1.31468E+02 2.99636E-02
1.32303E+02 2.99005E-02
1.33106E+02 2.98402E-02
1.33874E+02 2.97834E-02
1.34607E+02 2.97302E-02
1.35302E+02 2.96795E-02
1.35958E+02 2.96332E-02
1.36574E+02 2.95895E-02
1.37149E+02 2.95494E-02
1.37682E+02 2.95122E-02
1.38171E+02 2.94785E-02
1.38617E+02 2.94478E-02
1.39018E+02 2.94207E-02
1.39373E+02 2.93966E-02
1.39682E+02 2.93758E-02
1.39945E+02 2.93583E-02
1.40161E+02 2.93437E-02
1.40328E+02 2.93325E-02
1.40449E+02 2.93246E-02
1.40521E+02 2.93196E-02
1.40545E+02 2.93179E-02
1.40521E+02 2.93196E-02
1.40449E+02 2.93246E-02
1.40329E+02 2.93325E-02
1.40161E+02 2.93437E-02
1.39945E+02 2.93583E-02
1.39682E+02 2.93758E-02
1.39373E+02 2.93966E-02
1.39018E+02 2.94207E-02
1.38617E+02 2.94479E-02
1.38171E+02 2.94785E-02
1.37682E+02 2.95122E-02
1.37149E+02 2.95494E-02
1.36574E+02 2.95895E-02
1.35958E+02 2.96332E-02
1.35302E+02 2.96795E-02
1.34607E+02 2.97302E-02
1.33875E+02 2.97834E-02
1.33106E+02 2.98402E-02
1.32303E+02 2.99005E-02
1.31468E+02 2.99636E-02
1.30601E+02 3.00302E-02
1.29704E+02 3.01005E-02
1.28780E+02 3.01735E-02
1.27831E+02 3.02496E-02
1.26857E+02 3.03295E-02
1.25863E+02 3.04120E-02
1.24849E+02 3.04978E-02
1.23818E+02 3.05866E-02
1.22773E+02 3.06778E-02
1.21716E+02 3.07720E-02
1.20649E+02 3.08693E-02
1.19576E+02 3.09689E-02
1.18500E+02 3.10715E-02
1.17422E+02 3.11758E-02
1.16347E+02 3.12831E-02
1.15277E+02 3.13926E-02
1.14215E+02 3.15039E-02
1.13164E+02 3.16182E-02
1.12128E+02 3.17341E-02
1.11111E+02 3.18523E-02
1.10114E+02 3.19715E-02
1.09142E+02 3.20933E-02
1.08199E+02 3.22152E-02
1.07286E+02 3.23391E-02
1.06409E+02 3.24634E-02
1.05569E+02 3.25871E-02
1.04771E+02 3.27097E-02
1.04017E+02 3.28310E-02
1.03311E+02 3.29496E-02
1.02655E+02 3.30642E-02
1.02052E+02 3.31737E-02
1.01506E+02 3.32767E-02
1.01017E+02 3.33717E-02
1.00589E+02 3.34578E-02
1.00223E+02 3.35332E-02
9.99218E+01 3.35967E-02
9.96857E+01 3.36473E-02
9.95163E+01 3.36842E-02
9.94143E+01 3.37066E-02
9.93803E+01 3.37141E-02
