Will plot unflagged data


File # 1  = point_source.vis
point_source.vis 4.7863 GHz
Read 1815 visibilities from all files

Plot 1815 points
-2.91204E-08 -1.72675E+00
-3.29061E-07 -1.95122E+01
-2.99941E-07 -1.77855E+01
-4.07686E-07 -2.41745E+01
-3.78566E-07 -2.24477E+01
-7.86252E-08 -4.66222E+00
-5.29992E-07 -3.14268E+01
-5.00872E-07 -2.97001E+01
-2.00931E-07 -1.19146E+01
-1.22306E-07 -7.25234E+00
-1.14152E-06 -6.76885E+01
-1.11240E-06 -6.59618E+01
-8.12460E-07 -4.81763E+01
-7.33835E-07 -4.35140E+01
-6.11529E-07 -3.62617E+01
-6.39247E-02 -1.72616E+00
-7.22349E-01 -1.95056E+01
-6.58424E-01 -1.77794E+01
-8.94946E-01 -2.41662E+01
-8.31021E-01 -2.24400E+01
-1.72597E-01 -4.66062E+00
-1.16343E+00 -3.14160E+01
-1.09950E+00 -2.96899E+01
-4.41080E-01 -1.19105E+01
-2.68484E-01 -7.24986E+00
-2.50585E+00 -6.76653E+01
-2.44192E+00 -6.59392E+01
-1.78350E+00 -4.81598E+01
-1.61090E+00 -4.34991E+01
-1.34242E+00 -3.62493E+01
-1.27804E-01 -1.72438E+00
-1.44419E+00 -1.94855E+01
-1.31638E+00 -1.77611E+01
-1.78926E+00 -2.41413E+01
-1.66146E+00 -2.24170E+01
-3.45072E-01 -4.65583E+00
-2.32604E+00 -3.13837E+01
-2.19823E+00 -2.96594E+01
-8.81850E-01 -1.18982E+01
-5.36778E-01 -7.24240E+00
-5.00993E+00 -6.75957E+01
-4.88213E+00 -6.58714E+01
-3.56574E+00 -4.81102E+01
-3.22067E+00 -4.34544E+01
-2.68389E+00 -3.62120E+01
-1.91596E-01 -1.72142E+00
-2.16504E+00 -1.94521E+01
-1.97344E+00 -1.77307E+01
-2.68235E+00 -2.40999E+01
-2.49075E+00 -2.23785E+01
-5.17310E-01 -4.64785E+00
-3.48705E+00 -3.13299E+01
-3.29546E+00 -2.96085E+01
-1.32202E+00 -1.18778E+01
-8.04705E-01 -7.22998E+00
-7.51058E+00 -6.74799E+01
-7.31898E+00 -6.57584E+01
-5.34554E+00 -4.80278E+01
-4.82823E+00 -4.33799E+01
-4.02353E+00 -3.61499E+01
-2.55257E-01 -1.71729E+00
-2.88441E+00 -1.94054E+01
-2.62915E+00 -1.76881E+01
-3.57360E+00 -2.40420E+01
-3.31834E+00 -2.23247E+01
-6.89194E-01 -4.63668E+00
-4.64568E+00 -3.12546E+01
-4.39042E+00 -2.95374E+01
-1.76127E+00 -1.18493E+01
-1.07208E+00 -7.21261E+00
-1.00061E+01 -6.73177E+01
-9.75083E+00 -6.56004E+01
-7.12168E+00 -4.79123E+01
-6.43248E+00 -4.32757E+01
-5.36040E+00 -3.60631E+01
-3.18744E-01 -1.71198E+00
-3.60181E+00 -1.93453E+01
-3.28306E+00 -1.76333E+01
-4.46242E+00 -2.39676E+01
-4.14367E+00 -2.22557E+01
-8.60609E-01 -4.62233E+00
-5.80114E+00 -3.11579E+01
-5.48240E+00 -2.94460E+01
-2.19933E+00 -1.18126E+01
-1.33873E+00 -7.19030E+00
-1.24948E+01 -6.71094E+01
-1.21760E+01 -6.53975E+01
-8.89296E+00 -4.77641E+01
-8.03235E+00 -4.31418E+01
-6.69363E+00 -3.59515E+01
-3.82012E-01 -1.70549E+00
-4.31673E+00 -1.92720E+01
-3.93472E+00 -1.75665E+01
-5.34816E+00 -2.38768E+01
-4.96615E+00 -2.21714E+01
-1.03143E+00 -4.60482E+00
-6.95261E+00 -3.10399E+01
-6.57060E+00 -2.93344E+01
-2.63588E+00 -1.17679E+01
-1.60445E+00 -7.16305E+00
-1.49749E+01 -6.68551E+01
-1.45928E+01 -6.51497E+01
-1.06581E+01 -4.75831E+01
-9.62669E+00 -4.29783E+01
-8.02224E+00 -3.58153E+01
-4.45017E-01 -1.69783E+00
-5.02869E+00 -1.91855E+01
-4.58368E+00 -1.74877E+01
-6.23024E+00 -2.37697E+01
-5.78522E+00 -2.20718E+01
-1.20155E+00 -4.58415E+00
-8.09931E+00 -3.09006E+01
-7.65429E+00 -2.92027E+01
-3.07062E+00 -1.17150E+01
-1.86907E+00 -7.13090E+00
-1.74447E+01 -6.65551E+01
-1.69997E+01 -6.48572E+01
-1.24160E+01 -4.73696E+01
-1.12144E+01 -4.27854E+01
-9.34536E+00 -3.56545E+01
-5.07718E-01 -1.68901E+00
-5.73721E+00 -1.90859E+01
-5.22949E+00 -1.73968E+01
-7.10805E+00 -2.36462E+01
-6.60033E+00 -2.19572E+01
-1.37084E+00 -4.56034E+00
-9.24046E+00 -3.07401E+01
-8.73275E+00 -2.90510E+01
-3.50325E+00 -1.16542E+01
-2.13241E+00 -7.09386E+00
-1.99025E+01 -6.62094E+01
-1.93948E+01 -6.45203E+01
-1.41653E+01 -4.71235E+01
-1.27945E+01 -4.25632E+01
-1.06621E+01 -3.54693E+01
-5.70071E-01 -1.67904E+00
-6.44181E+00 -1.89731E+01
-5.87174E+00 -1.72941E+01
-7.98100E+00 -2.35065E+01
-7.41093E+00 -2.18275E+01
-1.53919E+00 -4.53340E+00
-1.03753E+01 -3.05585E+01
-9.80523E+00 -2.88794E+01
-3.93349E+00 -1.15854E+01
-2.39430E+00 -7.05196E+00
-2.23468E+01 -6.58183E+01
-2.17767E+01 -6.41392E+01
-1.59050E+01 -4.68452E+01
-1.43658E+01 -4.23117E+01
-1.19715E+01 -3.52598E+01
-6.32033E-01 -1.66791E+00
-7.14198E+00 -1.88474E+01
-6.50994E+00 -1.71795E+01
-8.84847E+00 -2.33507E+01
-8.21643E+00 -2.16828E+01
-1.70649E+00 -4.50336E+00
-1.15030E+01 -3.03560E+01
-1.08710E+01 -2.86881E+01
-4.36103E+00 -1.15086E+01
-2.65454E+00 -7.00522E+00
-2.47757E+01 -6.53821E+01
-2.41437E+01 -6.37142E+01
-1.76337E+01 -4.65347E+01
-1.59272E+01 -4.20313E+01
-1.32727E+01 -3.50261E+01
-6.93562E-01 -1.65564E+00
-7.83725E+00 -1.87087E+01
-7.14369E+00 -1.70531E+01
-9.70987E+00 -2.31790E+01
-9.01631E+00 -2.15233E+01
-1.87262E+00 -4.47023E+00
-1.26228E+01 -3.01326E+01
-1.19293E+01 -2.84770E+01
-4.78558E+00 -1.14239E+01
-2.91296E+00 -6.95369E+00
-2.71876E+01 -6.49011E+01
-2.64941E+01 -6.32454E+01
-1.93504E+01 -4.61924E+01
-1.74778E+01 -4.17221E+01
-1.45648E+01 -3.47684E+01
-7.54616E-01 -1.64223E+00
-8.52716E+00 -1.85573E+01
-7.77254E+00 -1.69150E+01
-1.05646E+01 -2.29913E+01
-9.81000E+00 -2.13491E+01
-2.03746E+00 -4.43403E+00
-1.37340E+01 -2.98887E+01
-1.29794E+01 -2.82464E+01
-5.20685E+00 -1.13314E+01
-3.16939E+00 -6.89739E+00
-2.95809E+01 -6.43756E+01
-2.88263E+01 -6.27334E+01
-2.10538E+01 -4.58184E+01
-1.90163E+01 -4.13843E+01
-1.58469E+01 -3.44869E+01
-8.15153E-01 -1.62770E+00
-9.21123E+00 -1.83931E+01
-8.39608E+00 -1.67654E+01
-1.14121E+01 -2.27879E+01
-1.05970E+01 -2.11602E+01
-2.20091E+00 -4.39480E+00
-1.48358E+01 -2.96242E+01
-1.40206E+01 -2.79965E+01
-5.62456E+00 -1.12312E+01
-3.42364E+00 -6.83636E+00
-3.19540E+01 -6.38060E+01
-3.11388E+01 -6.21783E+01
-2.27428E+01 -4.54129E+01
-2.05419E+01 -4.10181E+01
-1.71182E+01 -3.41818E+01
-8.75131E-01 -1.61206E+00
-9.88898E+00 -1.82163E+01
-9.01384E+00 -1.66042E+01
-1.22518E+01 -2.25688E+01
-1.13767E+01 -2.09568E+01
-2.36285E+00 -4.35256E+00
-1.59274E+01 -2.93395E+01
-1.50522E+01 -2.77274E+01
-6.03840E+00 -1.11232E+01
-3.67555E+00 -6.77064E+00
-3.43051E+01 -6.31927E+01
-3.34300E+01 -6.15806E+01
-2.44161E+01 -4.49764E+01
-2.20533E+01 -4.06239E+01
-1.83777E+01 -3.38532E+01
-9.34509E-01 -1.59531E+00
-1.05599E+01 -1.80270E+01
-9.62544E+00 -1.64317E+01
-1.30831E+01 -2.23343E+01
-1.21486E+01 -2.07390E+01
-2.52317E+00 -4.30733E+00
-1.70081E+01 -2.90346E+01
-1.60735E+01 -2.74393E+01
-6.44811E+00 -1.10076E+01
-3.92494E+00 -6.70029E+00
-3.66327E+01 -6.25360E+01
-3.56982E+01 -6.09407E+01
-2.60728E+01 -4.45091E+01
-2.35496E+01 -4.02017E+01
-1.96247E+01 -3.35014E+01
-9.93246E-01 -1.57746E+00
-1.12237E+01 -1.78253E+01
-1.02304E+01 -1.62479E+01
-1.39054E+01 -2.20845E+01
-1.29122E+01 -2.05070E+01
-2.68176E+00 -4.25915E+00
-1.80771E+01 -2.87098E+01
-1.70838E+01 -2.71324E+01
-6.85340E+00 -1.08845E+01
-4.17163E+00 -6.62534E+00
-3.89352E+01 -6.18365E+01
-3.79420E+01 -6.02591E+01
-2.77116E+01 -4.40112E+01
-2.50298E+01 -3.97521E+01
-2.08582E+01 -3.31267E+01
-1.05130E+00 -1.55854E+00
-1.18797E+01 -1.76115E+01
-1.08284E+01 -1.60529E+01
-1.47183E+01 -2.18195E+01
-1.36669E+01 -2.02610E+01
-2.83852E+00 -4.20805E+00
-1.91337E+01 -2.83654E+01
-1.80824E+01 -2.68068E+01
-7.25399E+00 -1.07539E+01
-4.41547E+00 -6.54586E+00
-4.12111E+01 -6.10947E+01
-4.01598E+01 -5.95361E+01
-2.93314E+01 -4.34832E+01
-2.64929E+01 -3.92751E+01
-2.20774E+01 -3.27293E+01
-1.10864E+00 -1.53854E+00
-1.25276E+01 -1.73855E+01
-1.14190E+01 -1.58470E+01
-1.55210E+01 -2.15396E+01
-1.44123E+01 -2.00011E+01
-2.99333E+00 -4.15407E+00
-2.01772E+01 -2.80015E+01
-1.90686E+01 -2.64630E+01
-7.64961E+00 -1.06160E+01
-4.65629E+00 -6.46188E+00
-4.34587E+01 -6.03109E+01
-4.23500E+01 -5.87724E+01
-3.09311E+01 -4.29254E+01
-2.79377E+01 -3.87713E+01
-2.32814E+01 -3.23094E+01
-1.16522E+00 -1.51750E+00
-1.31669E+01 -1.71477E+01
-1.20017E+01 -1.56302E+01
-1.63130E+01 -2.12449E+01
-1.51478E+01 -1.97274E+01
-3.14608E+00 -4.09724E+00
-2.12069E+01 -2.76184E+01
-2.00417E+01 -2.61009E+01
-8.03999E+00 -1.04707E+01
-4.89391E+00 -6.37348E+00
-4.56765E+01 -5.94858E+01
-4.45113E+01 -5.79683E+01
-3.25095E+01 -4.23381E+01
-2.93634E+01 -3.82409E+01
-2.44695E+01 -3.18674E+01
-1.22099E+00 -1.49541E+00
-1.37972E+01 -1.68981E+01
-1.25762E+01 -1.54027E+01
-1.70939E+01 -2.09357E+01
-1.58729E+01 -1.94403E+01
-3.29669E+00 -4.03760E+00
-2.22221E+01 -2.72164E+01
-2.10011E+01 -2.57210E+01
-8.42486E+00 -1.03183E+01
-5.12818E+00 -6.28071E+00
-4.78630E+01 -5.86200E+01
-4.66420E+01 -5.71246E+01
-3.40658E+01 -4.17219E+01
-3.07691E+01 -3.76843E+01
-2.56409E+01 -3.14036E+01
-1.27594E+00 -1.47229E+00
-1.44181E+01 -1.66369E+01
-1.31421E+01 -1.51646E+01
-1.78631E+01 -2.06121E+01
-1.65872E+01 -1.91398E+01
-3.44503E+00 -3.97520E+00
-2.32220E+01 -2.67958E+01
-2.19461E+01 -2.53235E+01
-8.80396E+00 -1.01588E+01
-5.35893E+00 -6.18364E+00
-5.00167E+01 -5.77140E+01
-4.87408E+01 -5.62417E+01
-3.55986E+01 -4.10770E+01
-3.21536E+01 -3.71018E+01
-2.67947E+01 -3.09182E+01
-1.33000E+00 -1.44817E+00
-1.50290E+01 -1.63644E+01
-1.36990E+01 -1.49162E+01
-1.86200E+01 -2.02744E+01
-1.72900E+01 -1.88262E+01
-3.59101E+00 -3.91007E+00
-2.42060E+01 -2.63567E+01
-2.28760E+01 -2.49086E+01
-9.17702E+00 -9.99239E+00
-5.58601E+00 -6.08233E+00
-5.21361E+01 -5.67684E+01
-5.08061E+01 -5.53202E+01
-3.71071E+01 -4.04040E+01
-3.35161E+01 -3.64940E+01
-2.79300E+01 -3.04116E+01
-1.38316E+00 -1.42306E+00
-1.56297E+01 -1.60806E+01
-1.42465E+01 -1.46575E+01
-1.93642E+01 -1.99228E+01
-1.79810E+01 -1.84998E+01
-3.73452E+00 -3.84226E+00
-2.51735E+01 -2.58997E+01
-2.37903E+01 -2.44766E+01
-9.54379E+00 -9.81910E+00
-5.80926E+00 -5.97685E+00
-5.42198E+01 -5.57839E+01
-5.28366E+01 -5.43608E+01
-3.85901E+01 -3.97033E+01
-3.48556E+01 -3.58611E+01
-2.90463E+01 -2.98842E+01
-1.43536E+00 -1.39697E+00
-1.62196E+01 -1.57857E+01
-1.47843E+01 -1.43888E+01
-2.00951E+01 -1.95576E+01
-1.86597E+01 -1.81606E+01
-3.87548E+00 -3.77182E+00
-2.61236E+01 -2.54248E+01
-2.46883E+01 -2.40279E+01
-9.90401E+00 -9.63909E+00
-6.02853E+00 -5.86727E+00
-5.62663E+01 -5.47612E+01
-5.48309E+01 -5.33642E+01
-4.00467E+01 -3.89754E+01
-3.61712E+01 -3.52036E+01
-3.01427E+01 -2.93364E+01
-1.48659E+00 -1.36992E+00
-1.67985E+01 -1.54801E+01
-1.53119E+01 -1.41102E+01
-2.08122E+01 -1.91789E+01
-1.93257E+01 -1.78090E+01
-4.01379E+00 -3.69879E+00
-2.70559E+01 -2.49326E+01
-2.55693E+01 -2.35626E+01
-1.02575E+01 -9.45246E+00
-6.24367E+00 -5.75367E+00
-5.82743E+01 -5.37009E+01
-5.67877E+01 -5.23310E+01
-4.14758E+01 -3.82208E+01
-3.74620E+01 -3.45220E+01
-3.12184E+01 -2.87684E+01
-1.53679E+00 -1.34194E+00
-1.73658E+01 -1.51639E+01
-1.58290E+01 -1.38219E+01
-2.15151E+01 -1.87871E+01
-1.99783E+01 -1.74452E+01
-4.14934E+00 -3.62323E+00
-2.79696E+01 -2.44232E+01
-2.64328E+01 -2.30813E+01
-1.06039E+01 -9.25936E+00
-6.45453E+00 -5.63613E+00
-6.02423E+01 -5.26039E+01
-5.87055E+01 -5.12619E+01
-4.28765E+01 -3.74400E+01
-3.87272E+01 -3.38168E+01
-3.22727E+01 -2.81806E+01
-1.58594E+00 -1.31303E+00
-1.79212E+01 -1.48372E+01
-1.63352E+01 -1.35242E+01
-2.22032E+01 -1.83824E+01
-2.06173E+01 -1.70694E+01
-4.28205E+00 -3.54518E+00
-2.88642E+01 -2.38971E+01
-2.72782E+01 -2.25841E+01
-1.09430E+01 -9.05991E+00
-6.66097E+00 -5.51473E+00
-6.21690E+01 -5.14708E+01
-6.05831E+01 -5.01577E+01
-4.42479E+01 -3.66335E+01
-3.99658E+01 -3.30884E+01
-3.33048E+01 -2.75736E+01
-1.63401E+00 -1.28322E+00
-1.84643E+01 -1.45004E+01
-1.68303E+01 -1.32172E+01
-2.28761E+01 -1.79651E+01
-2.12421E+01 -1.66819E+01
-4.41183E+00 -3.46470E+00
-2.97390E+01 -2.33547E+01
-2.81050E+01 -2.20715E+01
-1.12747E+01 -8.85425E+00
-6.86284E+00 -5.38954E+00
-6.40532E+01 -5.03024E+01
-6.24192E+01 -4.90192E+01
-4.55889E+01 -3.58020E+01
-4.11771E+01 -3.23372E+01
-3.43142E+01 -2.69477E+01
-1.68095E+00 -1.25254E+00
-1.89948E+01 -1.41537E+01
-1.73138E+01 -1.29012E+01
-2.35334E+01 -1.75355E+01
-2.18524E+01 -1.62830E+01
-4.53858E+00 -3.38186E+00
-3.05934E+01 -2.27962E+01
-2.89124E+01 -2.15437E+01
-1.15986E+01 -8.64252E+00
-7.06001E+00 -5.26066E+00
-6.58934E+01 -4.90995E+01
-6.42125E+01 -4.78470E+01
-4.68986E+01 -3.49458E+01
-4.23601E+01 -3.15640E+01
-3.53000E+01 -2.63033E+01
-1.72675E+00 -1.22100E+00
-1.95122E+01 -1.37973E+01
-1.77855E+01 -1.25763E+01
-2.41745E+01 -1.70939E+01
-2.24477E+01 -1.58729E+01
-4.66222E+00 -3.29669E+00
-3.14268E+01 -2.22221E+01
-2.97000E+01 -2.10011E+01
-1.19146E+01 -8.42487E+00
-7.25234E+00 -5.12818E+00
-6.76885E+01 -4.78630E+01
-6.59617E+01 -4.66420E+01
-4.81762E+01 -3.40658E+01
-4.35140E+01 -3.07691E+01
-3.62617E+01 -2.56409E+01
-1.77136E+00 -1.18862E+00
-2.00163E+01 -1.34314E+01
-1.82450E+01 -1.22427E+01
-2.47990E+01 -1.66406E+01
-2.30276E+01 -1.54520E+01
-4.78266E+00 -3.20926E+00
-3.22387E+01 -2.16328E+01
-3.04673E+01 -2.04442E+01
-1.22224E+01 -8.20145E+00
-7.43969E+00 -4.99219E+00
-6.94371E+01 -4.65937E+01
-6.76658E+01 -4.54051E+01
-4.94208E+01 -3.31624E+01
-4.46382E+01 -2.99531E+01
-3.71985E+01 -2.49609E+01
-1.81475E+00 -1.15542E+00
-2.05067E+01 -1.30563E+01
-1.86919E+01 -1.19008E+01
-2.54065E+01 -1.61759E+01
-2.35918E+01 -1.50205E+01
-4.89983E+00 -3.11964E+00
-3.30285E+01 -2.10287E+01
-3.12137E+01 -1.98732E+01
-1.25218E+01 -7.97240E+00
-7.62195E+00 -4.85277E+00
-7.11382E+01 -4.52925E+01
-6.93235E+01 -4.41371E+01
-5.06315E+01 -3.22362E+01
-4.57317E+01 -2.91166E+01
-3.81098E+01 -2.42638E+01
-1.85690E+00 -1.12143E+00
-2.09830E+01 -1.26722E+01
-1.91261E+01 -1.15508E+01
-2.59966E+01 -1.57001E+01
-2.41397E+01 -1.45786E+01
-5.01364E+00 -3.02787E+00
-3.37956E+01 -2.04101E+01
-3.19387E+01 -1.92887E+01
-1.28126E+01 -7.73789E+00
-7.79899E+00 -4.71002E+00
-7.27906E+01 -4.39602E+01
-7.09337E+01 -4.28388E+01
-5.18076E+01 -3.12880E+01
-4.67940E+01 -2.82601E+01
-3.89950E+01 -2.35501E+01
-1.89778E+00 -1.08668E+00
-2.14449E+01 -1.22795E+01
-1.95471E+01 -1.11928E+01
-2.65689E+01 -1.52135E+01
-2.46712E+01 -1.41268E+01
-5.12401E+00 -2.93403E+00
-3.45396E+01 -1.97775E+01
-3.26418E+01 -1.86909E+01
-1.30947E+01 -7.49808E+00
-7.97068E+00 -4.56405E+00
-7.43930E+01 -4.25978E+01
-7.24953E+01 -4.15111E+01
-5.29481E+01 -3.03183E+01
-4.78241E+01 -2.73843E+01
-3.98534E+01 -2.28203E+01
-1.93736E+00 -1.05118E+00
-2.18922E+01 -1.18783E+01
-1.99548E+01 -1.08271E+01
-2.71230E+01 -1.47165E+01
-2.51857E+01 -1.36653E+01
-5.23087E+00 -2.83818E+00
-3.52599E+01 -1.91315E+01
-3.33226E+01 -1.80803E+01
-1.33678E+01 -7.25313E+00
-8.13691E+00 -4.41495E+00
-7.59445E+01 -4.12062E+01
-7.40071E+01 -4.01550E+01
-5.40523E+01 -2.93279E+01
-4.88215E+01 -2.64897E+01
-4.06846E+01 -2.20748E+01
-1.97561E+00 -1.01496E+00
-2.23244E+01 -1.14690E+01
-2.03488E+01 -1.04541E+01
-2.76585E+01 -1.42094E+01
-2.56829E+01 -1.31944E+01
-5.33415E+00 -2.74039E+00
-3.59561E+01 -1.84722E+01
-3.39805E+01 -1.74573E+01
-1.36317E+01 -7.00321E+00
-8.29756E+00 -4.26282E+00
-7.74439E+01 -3.97863E+01
-7.54683E+01 -3.87714E+01
-5.51195E+01 -2.83173E+01
-4.97854E+01 -2.55769E+01
-4.14878E+01 -2.13141E+01
-2.01251E+00 -9.78042E-01
-2.27413E+01 -1.10519E+01
-2.07288E+01 -1.00738E+01
-2.81751E+01 -1.36926E+01
-2.61626E+01 -1.27145E+01
-5.43377E+00 -2.64071E+00
-3.66276E+01 -1.78004E+01
-3.46151E+01 -1.68223E+01
-1.38863E+01 -6.74849E+00
-8.45253E+00 -4.10778E+00
-7.88903E+01 -3.83392E+01
-7.68778E+01 -3.73612E+01
-5.61489E+01 -2.72874E+01
-5.07152E+01 -2.46467E+01
-4.22626E+01 -2.05389E+01
-2.04802E+00 -9.40455E-01
-2.31427E+01 -1.06271E+01
-2.10946E+01 -9.68669E+00
-2.86723E+01 -1.31664E+01
-2.66243E+01 -1.22259E+01
-5.52966E+00 -2.53923E+00
-3.72740E+01 -1.71163E+01
-3.52260E+01 -1.61758E+01
-1.41314E+01 -6.48914E+00
-8.60170E+00 -3.94991E+00
-8.02825E+01 -3.68659E+01
-7.82345E+01 -3.59254E+01
-5.71399E+01 -2.62387E+01
-5.16102E+01 -2.36995E+01
-4.30085E+01 -1.97496E+01
-2.08214E+00 -9.02225E-01
-2.35282E+01 -1.01951E+01
-2.14460E+01 -9.29291E+00
-2.91499E+01 -1.26311E+01
-2.70678E+01 -1.17289E+01
-5.62177E+00 -2.43601E+00
-3.78949E+01 -1.64205E+01
-3.58128E+01 -1.55183E+01
-1.43667E+01 -6.22535E+00
-8.74498E+00 -3.78934E+00
-8.16198E+01 -3.53672E+01
-7.95377E+01 -3.44650E+01
-5.80916E+01 -2.51721E+01
-5.24699E+01 -2.27361E+01
-4.37249E+01 -1.89467E+01
-2.11482E+00 -8.63375E-01
-2.38975E+01 -9.75614E+00
-2.17827E+01 -8.89276E+00
-2.96075E+01 -1.20872E+01
-2.74927E+01 -1.12239E+01
-5.71003E+00 -2.33111E+00
-3.84898E+01 -1.57134E+01
-3.63750E+01 -1.48500E+01
-1.45923E+01 -5.95729E+00
-8.88226E+00 -3.62617E+00
-8.29011E+01 -3.38443E+01
-8.07863E+01 -3.29809E+01
-5.90036E+01 -2.40882E+01
-5.32936E+01 -2.17570E+01
-4.44113E+01 -1.81309E+01
-2.14606E+00 -8.23934E-01
-2.42505E+01 -9.31045E+00
-2.21044E+01 -8.48652E+00
-3.00449E+01 -1.15351E+01
-2.78988E+01 -1.07111E+01
-5.79437E+00 -2.22462E+00
-3.90583E+01 -1.49956E+01
-3.69123E+01 -1.41717E+01
-1.48078E+01 -5.68514E+00
-9.01346E+00 -3.46052E+00
-8.41256E+01 -3.22982E+01
-8.19796E+01 -3.14743E+01
-5.98751E+01 -2.29878E+01
-5.40808E+01 -2.07631E+01
-4.50673E+01 -1.73026E+01
-2.17583E+00 -7.83929E-01
-2.45869E+01 -8.85839E+00
-2.24110E+01 -8.07446E+00
-3.04616E+01 -1.09750E+01
-2.82858E+01 -1.01911E+01
-5.87474E+00 -2.11661E+00
-3.96001E+01 -1.42675E+01
-3.74242E+01 -1.34836E+01
-1.50132E+01 -5.40911E+00
-9.13848E+00 -3.29250E+00
-8.52925E+01 -3.07300E+01
-8.31166E+01 -2.99461E+01
-6.07056E+01 -2.18716E+01
-5.48309E+01 -1.97550E+01
-4.56924E+01 -1.64625E+01
-2.20410E+00 -7.43385E-01
-2.49064E+01 -8.40025E+00
-2.27023E+01 -7.65687E+00
-3.08575E+01 -1.04074E+01
-2.86533E+01 -9.66401E+00
-5.95108E+00 -2.00714E+00
-4.01147E+01 -1.35296E+01
-3.79106E+01 -1.27862E+01
-1.52083E+01 -5.12936E+00
-9.25724E+00 -3.12222E+00
-8.64009E+01 -2.91407E+01
-8.41968E+01 -2.83973E+01
-6.14945E+01 -2.07404E+01
-5.55434E+01 -1.87333E+01
-4.62862E+01 -1.56111E+01
-2.23087E+00 -7.02333E-01
-2.52088E+01 -7.93636E+00
-2.29779E+01 -7.23403E+00
-3.12322E+01 -9.83266E+00
-2.90013E+01 -9.13033E+00
-6.02334E+00 -1.89630E+00
-4.06018E+01 -1.27825E+01
-3.83709E+01 -1.20801E+01
-1.53930E+01 -4.84610E+00
-9.36965E+00 -2.94980E+00
-8.74500E+01 -2.75314E+01
-8.52192E+01 -2.68291E+01
-6.22412E+01 -1.95951E+01
-5.62179E+01 -1.76988E+01
-4.68482E+01 -1.47490E+01
-2.25610E+00 -6.60799E-01
-2.54940E+01 -7.46703E+00
-2.32379E+01 -6.80623E+00
-3.15855E+01 -9.25119E+00
-2.93293E+01 -8.59039E+00
-6.09148E+00 -1.78416E+00
-4.10611E+01 -1.20265E+01
-3.88050E+01 -1.13657E+01
-1.55671E+01 -4.55951E+00
-9.47564E+00 -2.77536E+00
-8.84393E+01 -2.59033E+01
-8.61832E+01 -2.52425E+01
-6.29453E+01 -1.84363E+01
-5.68538E+01 -1.66521E+01
-4.73782E+01 -1.38768E+01
-2.27979E+00 -6.18812E-01
-2.57617E+01 -6.99258E+00
-2.34819E+01 -6.37376E+00
-3.19171E+01 -8.66337E+00
-2.96373E+01 -8.04456E+00
-6.15544E+00 -1.67079E+00
-4.14922E+01 -1.12624E+01
-3.92124E+01 -1.06436E+01
-1.57306E+01 -4.26980E+00
-9.57513E+00 -2.59901E+00
-8.93679E+01 -2.42574E+01
-8.70881E+01 -2.36386E+01
-6.36062E+01 -1.72649E+01
-5.74508E+01 -1.55941E+01
-4.78757E+01 -1.29951E+01
-2.30192E+00 -5.76401E-01
-2.60117E+01 -6.51334E+00
-2.37098E+01 -5.93693E+00
-3.22269E+01 -8.06962E+00
-2.99250E+01 -7.49322E+00
-6.21519E+00 -1.55628E+00
-4.18950E+01 -1.04905E+01
-3.95930E+01 -9.91411E+00
-1.58833E+01 -3.97717E+00
-9.66807E+00 -2.42089E+00
-9.02353E+01 -2.25949E+01
-8.79334E+01 -2.20185E+01
-6.42236E+01 -1.60816E+01
-5.80084E+01 -1.45253E+01
-4.83403E+01 -1.21044E+01
-2.32247E+00 -5.33596E-01
-2.62439E+01 -6.02963E+00
-2.39214E+01 -5.49604E+00
-3.25146E+01 -7.47034E+00
-3.01921E+01 -6.93675E+00
-6.27067E+00 -1.44071E+00
-4.22689E+01 -9.71144E+00
-3.99465E+01 -9.17785E+00
-1.60250E+01 -3.68181E+00
-9.75437E+00 -2.24110E+00
-9.10408E+01 -2.09170E+01
-8.87184E+01 -2.03834E+01
-6.47969E+01 -1.48873E+01
-5.85262E+01 -1.34466E+01
-4.87719E+01 -1.12055E+01
-2.34143E+00 -4.90424E-01
-2.64581E+01 -5.54179E+00
-2.41167E+01 -5.05136E+00
-3.27800E+01 -6.86593E+00
-3.04386E+01 -6.37551E+00
-6.32186E+00 -1.32414E+00
-4.26140E+01 -8.92571E+00
-4.02726E+01 -8.43529E+00
-1.61559E+01 -3.38392E+00
-9.83400E+00 -2.05978E+00
-9.17840E+01 -1.92246E+01
-8.94426E+01 -1.87342E+01
-6.53258E+01 -1.36828E+01
-5.90040E+01 -1.23587E+01
-4.91700E+01 -1.02989E+01
-2.35878E+00 -4.46916E-01
-2.66542E+01 -5.05016E+00
-2.42954E+01 -4.60324E+00
-3.30229E+01 -6.25683E+00
-3.06641E+01 -5.80991E+00
-6.36871E+00 -1.20667E+00
-4.29298E+01 -8.13388E+00
-4.05710E+01 -7.68696E+00
-1.62756E+01 -3.08372E+00
-9.90688E+00 -1.87705E+00
-9.24642E+01 -1.75191E+01
-9.01054E+01 -1.70722E+01
-6.58100E+01 -1.24690E+01
-5.94413E+01 -1.12623E+01
-4.95344E+01 -9.38525E+00
-2.37452E+00 -4.03103E-01
-2.68320E+01 -4.55506E+00
-2.44575E+01 -4.15196E+00
-3.32432E+01 -5.64344E+00
-3.08687E+01 -5.24033E+00
-6.41120E+00 -1.08838E+00
-4.32162E+01 -7.33647E+00
-4.08417E+01 -6.93337E+00
-1.63842E+01 -2.78141E+00
-9.97297E+00 -1.69303E+00
-9.30811E+01 -1.58016E+01
-9.07066E+01 -1.53985E+01
-6.62490E+01 -1.12466E+01
-5.98378E+01 -1.01582E+01
-4.98649E+01 -8.46516E+00
-2.38863E+00 -3.59012E-01
-2.69915E+01 -4.05684E+00
-2.46029E+01 -3.69782E+00
-3.34408E+01 -5.02617E+00
-3.10521E+01 -4.66716E+00
-6.44929E+00 -9.69332E-01
-4.34730E+01 -6.53402E+00
-4.10844E+01 -6.17501E+00
-1.64815E+01 -2.47718E+00
-1.00322E+01 -1.50785E+00
-9.36342E+01 -1.40733E+01
-9.12455E+01 -1.37143E+01
-6.66427E+01 -1.00164E+01
-6.01934E+01 -9.04710E+00
-5.01612E+01 -7.53925E+00
-2.40110E+00 -3.14676E-01
-2.71324E+01 -3.55584E+00
-2.47313E+01 -3.24116E+00
-3.36154E+01 -4.40546E+00
-3.12143E+01 -4.09079E+00
-6.48297E+00 -8.49625E-01
-4.37000E+01 -5.72710E+00
-4.12989E+01 -5.41243E+00
-1.65676E+01 -2.17126E+00
-1.00846E+01 -1.32164E+00
-9.41231E+01 -1.23353E+01
-9.17220E+01 -1.20206E+01
-6.69906E+01 -8.77946E+00
-6.05077E+01 -7.92983E+00
-5.04231E+01 -6.60820E+00
-2.41192E+00 -2.70124E-01
-2.72547E+01 -3.05240E+00
-2.48428E+01 -2.78228E+00
-3.37669E+01 -3.78174E+00
-3.13550E+01 -3.51162E+00
-6.51220E+00 -7.29336E-01
-4.38970E+01 -4.91626E+00
-4.14851E+01 -4.64614E+00
-1.66423E+01 -1.86386E+00
-1.01301E+01 -1.13452E+00
-9.45475E+01 -1.05889E+01
-9.21355E+01 -1.03187E+01
-6.72927E+01 -7.53647E+00
-6.07805E+01 -6.80713E+00
-5.06504E+01 -5.67261E+00
-2.42110E+00 -2.25387E-01
-2.73584E+01 -2.54687E+00
-2.49373E+01 -2.32148E+00
-3.38954E+01 -3.15541E+00
-3.14743E+01 -2.93003E+00
-6.53696E+00 -6.08544E-01
-4.40640E+01 -4.10204E+00
-4.16429E+01 -3.87665E+00
-1.67056E+01 -1.55517E+00
-1.01686E+01 -9.46624E-01
-9.49071E+01 -8.83516E+00
-9.24860E+01 -8.60977E+00
-6.75486E+01 -6.28829E+00
-6.10117E+01 -5.67975E+00
-5.08431E+01 -4.73312E+00
-2.42861E+00 -1.80495E-01
-2.74433E+01 -2.03960E+00
-2.50147E+01 -1.85910E+00
-3.40006E+01 -2.52694E+00
-3.15720E+01 -2.34644E+00
-6.55725E+00 -4.87338E-01
-4.42007E+01 -3.28502E+00
-4.17721E+01 -3.10452E+00
-1.67574E+01 -1.24542E+00
-1.02002E+01 -7.58081E-01
-9.52016E+01 -7.07542E+00
-9.27730E+01 -6.89493E+00
-6.77583E+01 -5.03582E+00
-6.12010E+01 -4.54848E+00
-5.10009E+01 -3.79040E+00
-2.43446E+00 -1.35480E-01
-2.75094E+01 -1.53093E+00
-2.50750E+01 -1.39545E+00
-3.40825E+01 -1.89673E+00
-3.16480E+01 -1.76125E+00
-6.57305E+00 -3.65797E-01
-4.43072E+01 -2.46574E+00
-4.18727E+01 -2.33026E+00
-1.67978E+01 -9.34815E-01
-1.02247E+01 -5.69018E-01
-9.54309E+01 -5.31083E+00
-9.29965E+01 -5.17535E+00
-6.79215E+01 -3.77991E+00
-6.13484E+01 -3.41411E+00
-5.11237E+01 -2.84509E+00
-2.43864E+00 -9.03726E-02
-2.75567E+01 -1.02121E+00
-2.51180E+01 -9.30838E-01
-3.41410E+01 -1.26522E+00
-3.17024E+01 -1.17484E+00
-6.58434E+00 -2.44006E-01
-4.43833E+01 -1.64478E+00
-4.19447E+01 -1.55441E+00
-1.68266E+01 -6.23571E-01
-1.02423E+01 -3.79565E-01
-9.55948E+01 -3.54261E+00
-9.31562E+01 -3.45224E+00
-6.80382E+01 -2.52140E+00
-6.14538E+01 -2.27739E+00
-5.12115E+01 -1.89783E+00
-2.44115E+00 -4.52021E-02
-2.75850E+01 -5.10783E-01
-2.51439E+01 -4.65581E-01
-3.41761E+01 -6.32829E-01
-3.17350E+01 -5.87627E-01
-6.59111E+00 -1.22046E-01
-4.44290E+01 -8.22678E-01
-4.19878E+01 -7.77476E-01
-1.68440E+01 -3.11894E-01
-1.02528E+01 -1.89849E-01
-9.56932E+01 -1.77192E+00
-9.32521E+01 -1.72672E+00
-6.81082E+01 -1.26114E+00
-6.15171E+01 -1.13909E+00
-5.12642E+01 -9.49244E-01
-2.44199E+00 -1.34484E-06
-2.75945E+01 -1.51967E-05
-2.51525E+01 -1.38519E-05
-3.41879E+01 -1.88278E-05
-3.17459E+01 -1.74829E-05
-6.59337E+00 -3.63107E-06
-4.44442E+01 -2.44761E-05
-4.20022E+01 -2.31313E-05
-1.68497E+01 -9.27940E-06
-1.02564E+01 -5.64833E-06
-9.57260E+01 -5.27178E-05
-9.32840E+01 -5.13729E-05
-6.81315E+01 -3.75211E-05
-6.15382E+01 -3.38900E-05
-5.12818E+01 -2.82417E-05
-2.44115E+00 4.51994E-02
-2.75850E+01 5.10753E-01
-2.51439E+01 4.65554E-01
-3.41761E+01 6.32792E-01
-3.17350E+01 5.87592E-01
-6.59111E+00 1.22038E-01
-4.44290E+01 8.22629E-01
-4.19878E+01 7.77430E-01
-1.68440E+01 3.11876E-01
-1.02528E+01 1.89838E-01
-9.56932E+01 1.77182E+00
-9.32521E+01 1.72662E+00
-6.81082E+01 1.26106E+00
-6.15171E+01 1.13903E+00
-5.12642E+01 9.49188E-01
-2.43864E+00 9.03694E-02
-2.75567E+01 1.02117E+00
-2.51180E+01 9.30805E-01
-3.41410E+01 1.26517E+00
-3.17024E+01 1.17480E+00
-6.58434E+00 2.43997E-01
-4.43833E+01 1.64472E+00
-4.19447E+01 1.55435E+00
-1.68266E+01 6.23549E-01
-1.02423E+01 3.79552E-01
-9.55948E+01 3.54248E+00
-9.31562E+01 3.45211E+00
-6.80382E+01 2.52131E+00
-6.14538E+01 2.27731E+00
-5.12115E+01 1.89776E+00
-2.43446E+00 1.35477E-01
-2.75094E+01 1.53090E+00
-2.50750E+01 1.39542E+00
-3.40825E+01 1.89668E+00
-3.16480E+01 1.76121E+00
-6.57305E+00 3.65789E-01
-4.43072E+01 2.46569E+00
-4.18728E+01 2.33021E+00
-1.67978E+01 9.34795E-01
-1.02247E+01 5.69005E-01
-9.54309E+01 5.31072E+00
-9.29965E+01 5.17524E+00
-6.79215E+01 3.77982E+00
-6.13485E+01 3.41403E+00
-5.11237E+01 2.84503E+00
-2.42861E+00 1.80493E-01
-2.74433E+01 2.03957E+00
-2.50147E+01 1.85907E+00
-3.40006E+01 2.52690E+00
-3.15720E+01 2.34641E+00
-6.55725E+00 4.87330E-01
-4.42007E+01 3.28497E+00
-4.17721E+01 3.10447E+00
-1.67574E+01 1.24540E+00
-1.02002E+01 7.58069E-01
-9.52016E+01 7.07531E+00
-9.27730E+01 6.89482E+00
-6.77583E+01 5.03575E+00
-6.12010E+01 4.54842E+00
-5.10009E+01 3.79035E+00
-2.42110E+00 2.25384E-01
-2.73584E+01 2.54684E+00
-2.49373E+01 2.32146E+00
-3.38954E+01 3.15538E+00
-3.14743E+01 2.93000E+00
-6.53697E+00 6.08537E-01
-4.40640E+01 4.10199E+00
-4.16429E+01 3.87661E+00
-1.67056E+01 1.55515E+00
-1.01686E+01 9.46614E-01
-9.49071E+01 8.83506E+00
-9.24860E+01 8.60968E+00
-6.75487E+01 6.28822E+00
-6.10117E+01 5.67968E+00
-5.08431E+01 4.73307E+00
-2.41193E+00 2.70121E-01
-2.72548E+01 3.05237E+00
-2.48428E+01 2.78225E+00
-3.37670E+01 3.78170E+00
-3.13550E+01 3.51158E+00
-6.51220E+00 7.29327E-01
-4.38970E+01 4.91621E+00
-4.14851E+01 4.64609E+00
-1.66423E+01 1.86384E+00
-1.01301E+01 1.13451E+00
-9.45475E+01 1.05888E+01
-9.21356E+01 1.03186E+01
-6.72927E+01 7.53639E+00
-6.07805E+01 6.80706E+00
-5.06504E+01 5.67255E+00
-2.40110E+00 3.14673E-01
-2.71324E+01 3.55581E+00
-2.47313E+01 3.24113E+00
-3.36154E+01 4.40542E+00
-3.12143E+01 4.09075E+00
-6.48297E+00 8.49618E-01
-4.37000E+01 5.72705E+00
-4.12989E+01 5.41238E+00
-1.65676E+01 2.17125E+00
-1.00846E+01 1.32163E+00
-9.41231E+01 1.23352E+01
-9.17220E+01 1.20205E+01
-6.69907E+01 8.77938E+00
-6.05077E+01 7.92977E+00
-5.04231E+01 6.60814E+00
-2.38863E+00 3.59010E-01
-2.69915E+01 4.05681E+00
-2.46029E+01 3.69780E+00
-3.34408E+01 5.02613E+00
-3.10522E+01 4.66712E+00
-6.44929E+00 9.69326E-01
-4.34730E+01 6.53397E+00
-4.10844E+01 6.17496E+00
-1.64815E+01 2.47717E+00
-1.00322E+01 1.50784E+00
-9.36342E+01 1.40732E+01
-9.12456E+01 1.37142E+01
-6.66427E+01 1.00164E+01
-6.01934E+01 9.04704E+00
-5.01612E+01 7.53920E+00
-2.37452E+00 4.03100E-01
-2.68321E+01 4.55503E+00
-2.44575E+01 4.15193E+00
-3.32433E+01 5.64340E+00
-3.08687E+01 5.24030E+00
-6.41120E+00 1.08837E+00
-4.32162E+01 7.33641E+00
-4.08417E+01 6.93331E+00
-1.63842E+01 2.78139E+00
-9.97298E+00 1.69302E+00
-9.30811E+01 1.58015E+01
-9.07066E+01 1.53984E+01
-6.62491E+01 1.12465E+01
-5.98379E+01 1.01581E+01
-4.98649E+01 8.46509E+00
-2.35878E+00 4.46914E-01
-2.66542E+01 5.05012E+00
-2.42955E+01 4.60321E+00
-3.30229E+01 6.25679E+00
-3.06642E+01 5.80988E+00
-6.36871E+00 1.20667E+00
-4.29298E+01 8.13383E+00
-4.05710E+01 7.68692E+00
-1.62756E+01 3.08370E+00
-9.90688E+00 1.87704E+00
-9.24642E+01 1.75190E+01
-9.01055E+01 1.70721E+01
-6.58100E+01 1.24689E+01
-5.94413E+01 1.12622E+01
-4.95344E+01 9.38519E+00
-2.34143E+00 4.90421E-01
-2.64581E+01 5.54176E+00
-2.41167E+01 5.05134E+00
-3.27800E+01 6.86590E+00
-3.04386E+01 6.37548E+00
-6.32186E+00 1.32414E+00
-4.26140E+01 8.92567E+00
-4.02726E+01 8.43525E+00
-1.61559E+01 3.38391E+00
-9.83400E+00 2.05977E+00
-9.17840E+01 1.92245E+01
-8.94426E+01 1.87341E+01
-6.53259E+01 1.36828E+01
-5.90040E+01 1.23586E+01
-4.91700E+01 1.02989E+01
-2.32247E+00 5.33593E-01
-2.62439E+01 6.02960E+00
-2.39215E+01 5.49601E+00
-3.25146E+01 7.47030E+00
-3.01921E+01 6.93671E+00
-6.27067E+00 1.44070E+00
-4.22690E+01 9.71139E+00
-3.99465E+01 9.17780E+00
-1.60251E+01 3.68179E+00
-9.75438E+00 2.24109E+00
-9.10409E+01 2.09168E+01
-8.87184E+01 2.03832E+01
-6.47970E+01 1.48872E+01
-5.85263E+01 1.34465E+01
-4.87719E+01 1.12055E+01
-2.30192E+00 5.76399E-01
-2.60117E+01 6.51331E+00
-2.37098E+01 5.93691E+00
-3.22269E+01 8.06958E+00
-2.99250E+01 7.49318E+00
-6.21519E+00 1.55628E+00
-4.18950E+01 1.04905E+01
-3.95931E+01 9.91406E+00
-1.58833E+01 3.97715E+00
-9.66807E+00 2.42088E+00
-9.02353E+01 2.25948E+01
-8.79334E+01 2.20184E+01
-6.42236E+01 1.60815E+01
-5.80084E+01 1.45253E+01
-4.83404E+01 1.21044E+01
-2.27979E+00 6.18810E-01
-2.57617E+01 6.99255E+00
-2.34819E+01 6.37374E+00
-3.19171E+01 8.66333E+00
-2.96373E+01 8.04452E+00
-6.15545E+00 1.67079E+00
-4.14923E+01 1.12623E+01
-3.92125E+01 1.06435E+01
-1.57306E+01 4.26979E+00
-9.57514E+00 2.59900E+00
-8.93680E+01 2.42573E+01
-8.70882E+01 2.36385E+01
-6.36063E+01 1.72648E+01
-5.74508E+01 1.55940E+01
-4.78757E+01 1.29950E+01
-2.25611E+00 6.60796E-01
-2.54940E+01 7.46700E+00
-2.32379E+01 6.80620E+00
-3.15855E+01 9.25115E+00
-2.93294E+01 8.59035E+00
-6.09148E+00 1.78415E+00
-4.10611E+01 1.20265E+01
-3.88050E+01 1.13657E+01
-1.55671E+01 4.55949E+00
-9.47564E+00 2.77534E+00
-8.84393E+01 2.59032E+01
-8.61832E+01 2.52424E+01
-6.29453E+01 1.84362E+01
-5.68539E+01 1.66521E+01
-4.73782E+01 1.38767E+01
-2.23087E+00 7.02330E-01
-2.52088E+01 7.93633E+00
-2.29780E+01 7.23400E+00
-3.12322E+01 9.83262E+00
-2.90013E+01 9.13029E+00
-6.02335E+00 1.89629E+00
-4.06018E+01 1.27824E+01
-3.83710E+01 1.20801E+01
-1.53930E+01 4.84608E+00
-9.36965E+00 2.94979E+00
-8.74501E+01 2.75313E+01
-8.52192E+01 2.68290E+01
-6.22413E+01 1.95950E+01
-5.62179E+01 1.76987E+01
-4.68483E+01 1.47489E+01
-2.20410E+00 7.43383E-01
-2.49064E+01 8.40022E+00
-2.27023E+01 7.65684E+00
-3.08575E+01 1.04074E+01
-2.86534E+01 9.66398E+00
-5.95108E+00 2.00713E+00
-4.01147E+01 1.35296E+01
-3.79106E+01 1.27862E+01
-1.52083E+01 5.12934E+00
-9.25724E+00 3.12221E+00
-8.64009E+01 2.91406E+01
-8.41968E+01 2.83972E+01
-6.14945E+01 2.07404E+01
-5.55435E+01 1.87332E+01
-4.62862E+01 1.56110E+01
-2.17583E+00 7.83926E-01
-2.45869E+01 8.85836E+00
-2.24110E+01 8.07443E+00
-3.04616E+01 1.09750E+01
-2.82858E+01 1.01910E+01
-5.87474E+00 2.11660E+00
-3.96001E+01 1.42674E+01
-3.74243E+01 1.34835E+01
-1.50132E+01 5.40909E+00
-9.13849E+00 3.29249E+00
-8.52925E+01 3.07299E+01
-8.31167E+01 2.99460E+01
-6.07057E+01 2.18715E+01
-5.48309E+01 1.97549E+01
-4.56924E+01 1.64624E+01
-2.14606E+00 8.23932E-01
-2.42505E+01 9.31043E+00
-2.21045E+01 8.48649E+00
-3.00449E+01 1.15350E+01
-2.78988E+01 1.07111E+01
-5.79437E+00 2.22462E+00
-3.90584E+01 1.49956E+01
-3.69123E+01 1.41716E+01
-1.48078E+01 5.68513E+00
-9.01347E+00 3.46051E+00
-8.41257E+01 3.22981E+01
-8.19796E+01 3.14742E+01
-5.98752E+01 2.29877E+01
-5.40808E+01 2.07631E+01
-4.50673E+01 1.73026E+01
-2.11483E+00 8.63373E-01
-2.38975E+01 9.75611E+00
-2.17827E+01 8.89274E+00
-2.96076E+01 1.20872E+01
-2.74927E+01 1.12238E+01
-5.71003E+00 2.33111E+00
-3.84898E+01 1.57134E+01
-3.63750E+01 1.48500E+01
-1.45923E+01 5.95727E+00
-8.88227E+00 3.62617E+00
-8.29012E+01 3.38442E+01
-8.07864E+01 3.29808E+01
-5.90037E+01 2.40881E+01
-5.32936E+01 2.17570E+01
-4.44114E+01 1.81308E+01
-2.08214E+00 9.02222E-01
-2.35282E+01 1.01951E+01
-2.14460E+01 9.29289E+00
-2.91500E+01 1.26311E+01
-2.70678E+01 1.17289E+01
-5.62178E+00 2.43600E+00
-3.78949E+01 1.64204E+01
-3.58128E+01 1.55182E+01
-1.43668E+01 6.22533E+00
-8.74499E+00 3.78933E+00
-8.16199E+01 3.53671E+01
-7.95378E+01 3.44649E+01
-5.80917E+01 2.51720E+01
-5.24699E+01 2.27360E+01
-4.37249E+01 1.89467E+01
-2.04803E+00 9.40453E-01
-2.31427E+01 1.06271E+01
-2.10947E+01 9.68666E+00
-2.86724E+01 1.31663E+01
-2.66243E+01 1.22259E+01
-5.52967E+00 2.53922E+00
-3.72741E+01 1.71162E+01
-3.52261E+01 1.61758E+01
-1.41314E+01 6.48913E+00
-8.60171E+00 3.94990E+00
-8.02826E+01 3.68658E+01
-7.82346E+01 3.59253E+01
-5.71399E+01 2.62386E+01
-5.16103E+01 2.36994E+01
-4.30086E+01 1.97495E+01
-2.01251E+00 9.78039E-01
-2.27414E+01 1.10518E+01
-2.07288E+01 1.00738E+01
-2.81751E+01 1.36926E+01
-2.61626E+01 1.27145E+01
-5.43377E+00 2.64071E+00
-3.66277E+01 1.78003E+01
-3.46152E+01 1.68223E+01
-1.38863E+01 6.74847E+00
-8.45254E+00 4.10777E+00
-7.88904E+01 3.83391E+01
-7.68779E+01 3.73611E+01
-5.61490E+01 2.72873E+01
-5.07152E+01 2.46466E+01
-4.22627E+01 2.05388E+01
-1.97561E+00 1.01496E+00
-2.23244E+01 1.14690E+01
-2.03488E+01 1.04540E+01
-2.76586E+01 1.42094E+01
-2.56830E+01 1.31944E+01
-5.33415E+00 2.74038E+00
-3.59562E+01 1.84722E+01
-3.39805E+01 1.74572E+01
-1.36317E+01 7.00319E+00
-8.29757E+00 4.26281E+00
-7.74440E+01 3.97863E+01
-7.54684E+01 3.87713E+01
-5.51196E+01 2.83173E+01
-4.97854E+01 2.55769E+01
-4.14879E+01 2.13141E+01
-1.93736E+00 1.05118E+00
-2.18922E+01 1.18783E+01
-1.99548E+01 1.08271E+01
-2.71231E+01 1.47165E+01
-2.51857E+01 1.36653E+01
-5.23088E+00 2.83818E+00
-3.52600E+01 1.91314E+01
-3.33226E+01 1.80802E+01
-1.33678E+01 7.25312E+00
-8.13692E+00 4.41494E+00
-7.59446E+01 4.12061E+01
-7.40072E+01 4.01549E+01
-5.40524E+01 2.93278E+01
-4.88215E+01 2.64896E+01
-4.06846E+01 2.20747E+01
-1.89778E+00 1.08668E+00
-2.14450E+01 1.22794E+01
-1.95472E+01 1.11928E+01
-2.65690E+01 1.52135E+01
-2.46712E+01 1.41268E+01
-5.12402E+00 2.93403E+00
-3.45397E+01 1.97775E+01
-3.26419E+01 1.86908E+01
-1.30947E+01 7.49807E+00
-7.97069E+00 4.56404E+00
-7.43931E+01 4.25977E+01
-7.24954E+01 4.15110E+01
-5.29482E+01 3.03183E+01
-4.78242E+01 2.73842E+01
-3.98535E+01 2.28202E+01
-1.85691E+00 1.12143E+00
-2.09830E+01 1.26722E+01
-1.91261E+01 1.15507E+01
-2.59967E+01 1.57000E+01
-2.41398E+01 1.45786E+01
-5.01364E+00 3.02787E+00
-3.37957E+01 2.04101E+01
-3.19388E+01 1.92886E+01
-1.28126E+01 7.73788E+00
-7.79900E+00 4.71001E+00
-7.27907E+01 4.39601E+01
-7.09338E+01 4.28387E+01
-5.18077E+01 3.12879E+01
-4.67940E+01 2.82601E+01
-3.89950E+01 2.35501E+01
-1.81475E+00 1.15542E+00
-2.05067E+01 1.30562E+01
-1.86920E+01 1.19008E+01
-2.54066E+01 1.61759E+01
-2.35918E+01 1.50204E+01
-4.89984E+00 3.11963E+00
-3.30285E+01 2.10286E+01
-3.12138E+01 1.98732E+01
-1.25218E+01 7.97239E+00
-7.62197E+00 4.85276E+00
-7.11384E+01 4.52924E+01
-6.93236E+01 4.41370E+01
-5.06316E+01 3.22362E+01
-4.57318E+01 2.91165E+01
-3.81098E+01 2.42638E+01
-1.77136E+00 1.18861E+00
-2.00164E+01 1.34313E+01
-1.82450E+01 1.22427E+01
-2.47990E+01 1.66406E+01
-2.30277E+01 1.54520E+01
-4.78267E+00 3.20926E+00
-3.22387E+01 2.16328E+01
-3.04674E+01 2.04442E+01
-1.22224E+01 8.20143E+00
-7.43971E+00 4.99218E+00
-6.94373E+01 4.65936E+01
-6.76659E+01 4.54050E+01
-4.94209E+01 3.31623E+01
-4.46382E+01 2.99531E+01
-3.71985E+01 2.49609E+01
-1.72675E+00 1.22099E+00
-1.95123E+01 1.37972E+01
-1.77855E+01 1.25762E+01
-2.41745E+01 1.70939E+01
-2.24477E+01 1.58729E+01
-4.66222E+00 3.29668E+00
-3.14268E+01 2.22221E+01
-2.97001E+01 2.10011E+01
-1.19146E+01 8.42486E+00
-7.25235E+00 5.12817E+00
-6.76886E+01 4.78630E+01
-6.59618E+01 4.66420E+01
-4.81763E+01 3.40657E+01
-4.35141E+01 3.07690E+01
-3.62617E+01 2.56409E+01
-1.68096E+00 1.25254E+00
-1.89948E+01 1.41537E+01
-1.73139E+01 1.29011E+01
-2.35334E+01 1.75355E+01
-2.18524E+01 1.62830E+01
-4.53858E+00 3.38185E+00
-3.05934E+01 2.27962E+01
-2.89125E+01 2.15436E+01
-1.15986E+01 8.64251E+00
-7.06002E+00 5.26066E+00
-6.58935E+01 4.90995E+01
-6.42126E+01 4.78469E+01
-4.68987E+01 3.49458E+01
-4.23601E+01 3.15639E+01
-3.53001E+01 2.63033E+01
-1.63401E+00 1.28322E+00
-1.84643E+01 1.45004E+01
-1.68303E+01 1.32172E+01
-2.28762E+01 1.79651E+01
-2.12422E+01 1.66819E+01
-4.41183E+00 3.46470E+00
-2.97390E+01 2.33546E+01
-2.81050E+01 2.20714E+01
-1.12747E+01 8.85423E+00
-6.86285E+00 5.38953E+00
-6.40533E+01 5.03023E+01
-6.24193E+01 4.90191E+01
-4.55890E+01 3.58019E+01
-4.11771E+01 3.23372E+01
-3.43143E+01 2.69477E+01
-1.58595E+00 1.31303E+00
-1.79212E+01 1.48372E+01
-1.63353E+01 1.35242E+01
-2.22033E+01 1.83824E+01
-2.06173E+01 1.70694E+01
-4.28206E+00 3.54518E+00
-2.88642E+01 2.38971E+01
-2.72783E+01 2.25841E+01
-1.09430E+01 9.05989E+00
-6.66098E+00 5.51472E+00
-6.21692E+01 5.14707E+01
-6.05832E+01 5.01577E+01
-4.42479E+01 3.66335E+01
-3.99659E+01 3.30883E+01
-3.33049E+01 2.75736E+01
-1.53680E+00 1.34193E+00
-1.73658E+01 1.51639E+01
-1.58290E+01 1.38219E+01
-2.15151E+01 1.87871E+01
-1.99784E+01 1.74451E+01
-4.14935E+00 3.62322E+00
-2.79697E+01 2.44232E+01
-2.64329E+01 2.30813E+01
-1.06039E+01 9.25934E+00
-6.45454E+00 5.63612E+00
-6.02424E+01 5.26038E+01
-5.87056E+01 5.12619E+01
-4.28766E+01 3.74400E+01
-3.87273E+01 3.38167E+01
-3.22727E+01 2.81806E+01
-1.48659E+00 1.36992E+00
-1.67985E+01 1.54801E+01
-1.53119E+01 1.41102E+01
-2.08123E+01 1.91789E+01
-1.93257E+01 1.78090E+01
-4.01380E+00 3.69878E+00
-2.70560E+01 2.49325E+01
-2.55694E+01 2.35626E+01
-1.02575E+01 9.45245E+00
-6.24368E+00 5.75366E+00
-5.82744E+01 5.37009E+01
-5.67878E+01 5.23309E+01
-4.14759E+01 3.82208E+01
-3.74621E+01 3.45220E+01
-3.12184E+01 2.87683E+01
-1.43537E+00 1.39697E+00
-1.62197E+01 1.57857E+01
-1.47843E+01 1.43888E+01
-2.00952E+01 1.95575E+01
-1.86598E+01 1.81606E+01
-3.87549E+00 3.77181E+00
-2.61237E+01 2.54248E+01
-2.46883E+01 2.40278E+01
-9.90404E+00 9.63907E+00
-6.02855E+00 5.86726E+00
-5.62664E+01 5.47611E+01
-5.48311E+01 5.33641E+01
-4.00468E+01 3.89754E+01
-3.61713E+01 3.52036E+01
-3.01427E+01 2.93363E+01
-1.38316E+00 1.42306E+00
-1.56297E+01 1.60805E+01
-1.42466E+01 1.46575E+01
-1.93643E+01 1.99228E+01
-1.79811E+01 1.84997E+01
-3.73453E+00 3.84225E+00
-2.51735E+01 2.58996E+01
-2.37904E+01 2.44766E+01
-9.54381E+00 9.81909E+00
-5.80928E+00 5.97684E+00
-5.42199E+01 5.57838E+01
-5.28367E+01 5.43608E+01
-3.85902E+01 3.97033E+01
-3.48557E+01 3.58610E+01
-2.90464E+01 2.98842E+01
-1.33001E+00 1.44817E+00
-1.50291E+01 1.63643E+01
-1.36991E+01 1.49162E+01
-1.86201E+01 2.02744E+01
-1.72901E+01 1.88262E+01
-3.59102E+00 3.91006E+00
-2.42061E+01 2.63567E+01
-2.28761E+01 2.49085E+01
-9.17704E+00 9.99238E+00
-5.58602E+00 6.08232E+00
-5.21362E+01 5.67683E+01
-5.08062E+01 5.53201E+01
-3.71072E+01 4.04040E+01
-3.35161E+01 3.64939E+01
-2.79301E+01 3.04116E+01
-1.27594E+00 1.47229E+00
-1.44181E+01 1.66369E+01
-1.31422E+01 1.51646E+01
-1.78631E+01 2.06121E+01
-1.65872E+01 1.91398E+01
-3.44503E+00 3.97519E+00
-2.32221E+01 2.67957E+01
-2.19461E+01 2.53234E+01
-8.80398E+00 1.01588E+01
-5.35894E+00 6.18363E+00
-5.00168E+01 5.77139E+01
-4.87409E+01 5.62416E+01
-3.55987E+01 4.10770E+01
-3.21537E+01 3.71018E+01
-2.67947E+01 3.09182E+01
-1.22100E+00 1.49541E+00
-1.37973E+01 1.68981E+01
-1.25763E+01 1.54027E+01
-1.70940E+01 2.09357E+01
-1.58730E+01 1.94403E+01
-3.29669E+00 4.03760E+00
-2.22222E+01 2.72164E+01
-2.10012E+01 2.57210E+01
-8.42488E+00 1.03183E+01
-5.12819E+00 6.28071E+00
-4.78631E+01 5.86199E+01
-4.66421E+01 5.71245E+01
-3.40658E+01 4.17218E+01
-3.07691E+01 3.76842E+01
-2.56410E+01 3.14035E+01
-1.16522E+00 1.51749E+00
-1.31670E+01 1.71477E+01
-1.20018E+01 1.56302E+01
-1.63131E+01 2.12449E+01
-1.51479E+01 1.97274E+01
-3.14609E+00 4.09723E+00
-2.12070E+01 2.76184E+01
-2.00418E+01 2.61009E+01
-8.04001E+00 1.04707E+01
-4.89392E+00 6.37348E+00
-4.56766E+01 5.94858E+01
-4.45114E+01 5.79683E+01
-3.25096E+01 4.23381E+01
-2.93635E+01 3.82409E+01
-2.44696E+01 3.18674E+01
-1.10864E+00 1.53854E+00
-1.25277E+01 1.73855E+01
-1.14190E+01 1.58470E+01
-1.55210E+01 2.15396E+01
-1.44124E+01 2.00011E+01
-2.99334E+00 4.15406E+00
-2.01773E+01 2.80015E+01
-1.90687E+01 2.64629E+01
-7.64964E+00 1.06159E+01
-4.65630E+00 6.46188E+00
-4.34588E+01 6.03109E+01
-4.23502E+01 5.87723E+01
-3.09311E+01 4.29253E+01
-2.79378E+01 3.87713E+01
-2.32815E+01 3.23094E+01
-1.05131E+00 1.55854E+00
-1.18798E+01 1.76115E+01
-1.08285E+01 1.60529E+01
-1.47183E+01 2.18195E+01
-1.36670E+01 2.02610E+01
-2.83853E+00 4.20805E+00
-1.91338E+01 2.83654E+01
-1.80825E+01 2.68068E+01
-7.25401E+00 1.07539E+01
-4.41549E+00 6.54585E+00
-4.12112E+01 6.10946E+01
-4.01599E+01 5.95361E+01
-2.93315E+01 4.34832E+01
-2.64929E+01 3.92751E+01
-2.20774E+01 3.27293E+01
-9.93250E-01 1.57746E+00
-1.12237E+01 1.78253E+01
-1.02305E+01 1.62479E+01
-1.39055E+01 2.20845E+01
-1.29122E+01 2.05070E+01
-2.68177E+00 4.25915E+00
-1.80771E+01 2.87098E+01
-1.70839E+01 2.71323E+01
-6.85342E+00 1.08845E+01
-4.17165E+00 6.62534E+00
-3.89354E+01 6.18365E+01
-3.79421E+01 6.02590E+01
-2.77117E+01 4.40112E+01
-2.50299E+01 3.97520E+01
-2.08582E+01 3.31267E+01
-9.34512E-01 1.59531E+00
-1.05600E+01 1.80270E+01
-9.62547E+00 1.64317E+01
-1.30832E+01 2.23343E+01
-1.21487E+01 2.07390E+01
-2.52318E+00 4.30733E+00
-1.70081E+01 2.90346E+01
-1.60736E+01 2.74393E+01
-6.44813E+00 1.10076E+01
-3.92495E+00 6.70028E+00
-3.66329E+01 6.25360E+01
-3.56984E+01 6.09407E+01
-2.60729E+01 4.45090E+01
-2.35497E+01 4.02017E+01
-1.96248E+01 3.35014E+01
-8.75134E-01 1.61206E+00
-9.88901E+00 1.82162E+01
-9.01388E+00 1.66042E+01
-1.22519E+01 2.25688E+01
-1.13767E+01 2.09567E+01
-2.36286E+00 4.35255E+00
-1.59274E+01 2.93394E+01
-1.50523E+01 2.77274E+01
-6.03842E+00 1.11232E+01
-3.67556E+00 6.77064E+00
-3.43053E+01 6.31926E+01
-3.34301E+01 6.15806E+01
-2.44162E+01 4.49764E+01
-2.20534E+01 4.06238E+01
-1.83778E+01 3.38532E+01
-8.15156E-01 1.62770E+00
-9.21126E+00 1.83930E+01
-8.39611E+00 1.67653E+01
-1.14122E+01 2.27878E+01
-1.05970E+01 2.11601E+01
-2.20092E+00 4.39480E+00
-1.48358E+01 2.96242E+01
-1.40207E+01 2.79965E+01
-5.62458E+00 1.12312E+01
-3.42366E+00 6.83635E+00
-3.19541E+01 6.38060E+01
-3.11390E+01 6.21783E+01
-2.27429E+01 4.54129E+01
-2.05419E+01 4.10181E+01
-1.71183E+01 3.41818E+01
-7.54620E-01 1.64223E+00
-8.52720E+00 1.85572E+01
-7.77258E+00 1.69150E+01
-1.05647E+01 2.29913E+01
-9.81005E+00 2.13490E+01
-2.03747E+00 4.43403E+00
-1.37341E+01 2.98887E+01
-1.29795E+01 2.82464E+01
-5.20688E+00 1.13314E+01
-3.16940E+00 6.89738E+00
-2.95811E+01 6.43756E+01
-2.88265E+01 6.27333E+01
-2.10539E+01 4.58183E+01
-1.90164E+01 4.13843E+01
-1.58470E+01 3.44869E+01
-6.93566E-01 1.65564E+00
-7.83730E+00 1.87087E+01
-7.14373E+00 1.70531E+01
-9.70992E+00 2.31789E+01
-9.01636E+00 2.15233E+01
-1.87263E+00 4.47023E+00
-1.26229E+01 3.01326E+01
-1.19293E+01 2.84770E+01
-4.78560E+00 1.14239E+01
-2.91298E+00 6.95368E+00
-2.71878E+01 6.49011E+01
-2.64942E+01 6.32454E+01
-1.93505E+01 4.61923E+01
-1.74779E+01 4.17221E+01
-1.45649E+01 3.47684E+01
-6.32037E-01 1.66791E+00
-7.14202E+00 1.88474E+01
-6.50998E+00 1.71795E+01
-8.84852E+00 2.33507E+01
-8.21648E+00 2.16828E+01
-1.70650E+00 4.50336E+00
-1.15031E+01 3.03560E+01
-1.08710E+01 2.86880E+01
-4.36106E+00 1.15086E+01
-2.65456E+00 7.00522E+00
-2.47759E+01 6.53821E+01
-2.41438E+01 6.37141E+01
-1.76338E+01 4.65347E+01
-1.59273E+01 4.20313E+01
-1.32728E+01 3.50261E+01
-5.70075E-01 1.67904E+00
-6.44184E+00 1.89731E+01
-5.87177E+00 1.72941E+01
-7.98105E+00 2.35065E+01
-7.41097E+00 2.18275E+01
-1.53920E+00 4.53340E+00
-1.03754E+01 3.05585E+01
-9.80529E+00 2.88794E+01
-3.93352E+00 1.15854E+01
-2.39431E+00 7.05196E+00
-2.23469E+01 6.58183E+01
-2.17769E+01 6.41392E+01
-1.59051E+01 4.68451E+01
-1.43659E+01 4.23117E+01
-1.19716E+01 3.52598E+01
-5.07722E-01 1.68901E+00
-5.73726E+00 1.90859E+01
-5.22954E+00 1.73968E+01
-7.10811E+00 2.36462E+01
-6.60038E+00 2.19572E+01
-1.37085E+00 4.56034E+00
-9.24054E+00 3.07400E+01
-8.73282E+00 2.90510E+01
-3.50328E+00 1.16542E+01
-2.13243E+00 7.09386E+00
-1.99027E+01 6.62093E+01
-1.93950E+01 6.45203E+01
-1.41654E+01 4.71235E+01
-1.27946E+01 4.25631E+01
-1.06622E+01 3.54693E+01
-4.45021E-01 1.69783E+00
-5.02874E+00 1.91855E+01
-4.58372E+00 1.74877E+01
-6.23029E+00 2.37697E+01
-5.78527E+00 2.20718E+01
-1.20156E+00 4.58415E+00
-8.09938E+00 3.09006E+01
-7.65436E+00 2.92027E+01
-3.07065E+00 1.17150E+01
-1.86909E+00 7.13090E+00
-1.74448E+01 6.65550E+01
-1.69998E+01 6.48572E+01
-1.24161E+01 4.73695E+01
-1.12145E+01 4.27854E+01
-9.34544E+00 3.56545E+01
-3.82015E-01 1.70549E+00
-4.31677E+00 1.92720E+01
-3.93475E+00 1.75665E+01
-5.34821E+00 2.38768E+01
-4.96619E+00 2.21713E+01
-1.03144E+00 4.60482E+00
-6.95267E+00 3.10399E+01
-6.57066E+00 2.93344E+01
-2.63590E+00 1.17679E+01
-1.60446E+00 7.16305E+00
-1.49750E+01 6.68551E+01
-1.45930E+01 6.51497E+01
-1.06582E+01 4.75831E+01
-9.62678E+00 4.29783E+01
-8.02231E+00 3.58153E+01
-3.18748E-01 1.71197E+00
-3.60185E+00 1.93453E+01
-3.28310E+00 1.76333E+01
-4.46247E+00 2.39676E+01
-4.14372E+00 2.22557E+01
-8.60618E-01 4.62233E+00
-5.80121E+00 3.11579E+01
-5.48246E+00 2.94460E+01
-2.19936E+00 1.18126E+01
-1.33874E+00 7.19029E+00
-1.24949E+01 6.71094E+01
-1.21762E+01 6.53974E+01
-8.89306E+00 4.77641E+01
-8.03244E+00 4.31418E+01
-6.69370E+00 3.59515E+01
-2.55261E-01 1.71729E+00
-2.88445E+00 1.94054E+01
-2.62919E+00 1.76881E+01
-3.57366E+00 2.40420E+01
-3.31840E+00 2.23247E+01
-6.89206E-01 4.63668E+00
-4.64576E+00 3.12546E+01
-4.39050E+00 2.95374E+01
-1.76130E+00 1.18493E+01
-1.07210E+00 7.21261E+00
-1.00062E+01 6.73177E+01
-9.75099E+00 6.56004E+01
-7.12179E+00 4.79123E+01
-6.43259E+00 4.32757E+01
-5.36049E+00 3.60631E+01
-1.91600E-01 1.72142E+00
-2.16508E+00 1.94521E+01
-1.97348E+00 1.77307E+01
-2.68240E+00 2.40999E+01
-2.49080E+00 2.23785E+01
-5.17321E-01 4.64785E+00
-3.48713E+00 3.13299E+01
-3.29553E+00 2.96085E+01
-1.32204E+00 1.18778E+01
-8.04722E-01 7.22998E+00
-7.51073E+00 6.74798E+01
-7.31913E+00 6.57584E+01
-5.34565E+00 4.80277E+01
-4.82833E+00 4.33799E+01
-4.02361E+00 3.61499E+01
-1.27808E-01 1.72438E+00
-1.44423E+00 1.94855E+01
-1.31642E+00 1.77611E+01
-1.78931E+00 2.41413E+01
-1.66150E+00 2.24170E+01
-3.45081E-01 4.65583E+00
-2.32610E+00 3.13837E+01
-2.19829E+00 2.96594E+01
-8.81873E-01 1.18982E+01
-5.36792E-01 7.24240E+00
-5.01006E+00 6.75957E+01
-4.88226E+00 6.58714E+01
-3.56584E+00 4.81102E+01
-3.22075E+00 4.34544E+01
-2.68396E+00 3.62120E+01
-6.39280E-02 1.72616E+00
-7.22387E-01 1.95056E+01
-6.58459E-01 1.77794E+01
-8.94992E-01 2.41662E+01
-8.31064E-01 2.24400E+01
-1.72606E-01 4.66062E+00
-1.16349E+00 3.14160E+01
-1.09956E+00 2.96899E+01
-4.41103E-01 1.19105E+01
-2.68498E-01 7.24986E+00
-2.50598E+00 6.76653E+01
-2.44205E+00 6.59392E+01
-1.78359E+00 4.81598E+01
-1.61099E+00 4.34991E+01
-1.34249E+00 3.62493E+01
-4.25988E-06 1.72675E+00
-4.81366E-05 1.95122E+01
-4.38767E-05 1.77855E+01
-5.96383E-05 2.41745E+01
-5.53784E-05 2.24477E+01
-1.15017E-05 4.66222E+00
-7.75297E-05 3.14268E+01
-7.32699E-05 2.97001E+01
-2.93931E-05 1.19146E+01
-1.78915E-05 7.25234E+00
-1.66987E-04 6.76885E+01
-1.62727E-04 6.59618E+01
-1.18851E-04 4.81763E+01
-1.07349E-04 4.35140E+01
-8.94574E-05 3.62617E+01
