Will plot unflagged data


File # 1  = raise.vis
raise.vis 15.1356 GHz
Read 121 visibilities from all files

Baseline 2-3, plot 121 points
5.62427E+01 3.37906E-02
5.62620E+01 3.37879E-02
5.63197E+01 3.37800E-02
5.64155E+01 3.37668E-02
5.65491E+01 3.37487E-02
5.67198E+01 3.37256E-02
5.69267E+01 3.36977E-02
5.71690E+01 3.36652E-02
5.74454E+01 3.36286E-02
5.77549E+01 3.35883E-02
5.80959E+01 3.35440E-02
5.84671E+01 3.34964E-02
5.88668E+01 3.34461E-02
5.92934E+01 3.33929E-02
5.97452E+01 3.33374E-02
6.02203E+01 3.32800E-02
6.07170E+01 3.32206E-02
6.12333E+01 3.31604E-02
6.17674E+01 3.30992E-02
6.23173E+01 3.30373E-02
6.28812E+01 3.29747E-02
6.34572E+01 3.29118E-02
6.40434E+01 3.28495E-02
6.46379E+01 3.27871E-02
6.52389E+01 3.27255E-02
6.58446E+01 3.26644E-02
6.64532E+01 3.26040E-02
6.70629E+01 3.25448E-02
6.76723E+01 3.24866E-02
6.82794E+01 3.24293E-02
6.88829E+01 3.23738E-02
6.94812E+01 3.23191E-02
7.00727E+01 3.22660E-02
7.06561E+01 3.22148E-02
7.12299E+01 3.21648E-02
7.17928E+01 3.21162E-02
7.23437E+01 3.20696E-02
7.28811E+01 3.20248E-02
7.34041E+01 3.19812E-02
7.39114E+01 3.19395E-02
7.44021E+01 3.18999E-02
7.48750E+01 3.18623E-02
7.53294E+01 3.18258E-02
7.57641E+01 3.17911E-02
7.61785E+01 3.17590E-02
7.65717E+01 3.17282E-02
7.69430E+01 3.16994E-02
7.72917E+01 3.16725E-02
7.76171E+01 3.16481E-02
7.79187E+01 3.16249E-02
7.81958E+01 3.16036E-02
7.84480E+01 3.15847E-02
7.86749E+01 3.15678E-02
7.88760E+01 3.15528E-02
7.90510E+01 3.15396E-02
7.91997E+01 3.15283E-02
7.93216E+01 3.15189E-02
7.94167E+01 3.15120E-02
7.94847E+01 3.15070E-02
7.95256E+01 3.15039E-02
7.95392E+01 3.15026E-02
7.95255E+01 3.15039E-02
7.94847E+01 3.15070E-02
7.94167E+01 3.15120E-02
7.93216E+01 3.15189E-02
7.91997E+01 3.15283E-02
7.90511E+01 3.15396E-02
7.88760E+01 3.15527E-02
7.86749E+01 3.15678E-02
7.84480E+01 3.15848E-02
7.81958E+01 3.16036E-02
7.79187E+01 3.16249E-02
7.76171E+01 3.16481E-02
7.72917E+01 3.16725E-02
7.69431E+01 3.16994E-02
7.65718E+01 3.17282E-02
7.61786E+01 3.17590E-02
7.57642E+01 3.17911E-02
7.53294E+01 3.18258E-02
7.48751E+01 3.18623E-02
7.44021E+01 3.18999E-02
7.39115E+01 3.19395E-02
7.34041E+01 3.19812E-02
7.28812E+01 3.20248E-02
7.23437E+01 3.20696E-02
7.17929E+01 3.21162E-02
7.12299E+01 3.21648E-02
7.06561E+01 3.22148E-02
7.00727E+01 3.22660E-02
6.94812E+01 3.23191E-02
6.88830E+01 3.23738E-02
6.82795E+01 3.24293E-02
6.76723E+01 3.24866E-02
6.70630E+01 3.25448E-02
6.64532E+01 3.26040E-02
6.58446E+01 3.26644E-02
6.52389E+01 3.27255E-02
6.46379E+01 3.27871E-02
6.40434E+01 3.28495E-02
6.34573E+01 3.29118E-02
6.28813E+01 3.29747E-02
6.23173E+01 3.30373E-02
6.17674E+01 3.30992E-02
6.12333E+01 3.31604E-02
6.07170E+01 3.32206E-02
6.02203E+01 3.32800E-02
5.97452E+01 3.33374E-02
5.92934E+01 3.33929E-02
5.88668E+01 3.34461E-02
5.84671E+01 3.34965E-02
5.80959E+01 3.35440E-02
5.77549E+01 3.35883E-02
5.74455E+01 3.36286E-02
5.71690E+01 3.36652E-02
5.69267E+01 3.36977E-02
5.67198E+01 3.37256E-02
5.65491E+01 3.37487E-02
5.64155E+01 3.37668E-02
5.63197E+01 3.37800E-02
5.62620E+01 3.37879E-02
5.62427E+01 3.37906E-02
