Will plot unflagged data


File # 1  = raise.vis
raise.vis 15.1356 GHz
Read 121 visibilities from all files

Baseline 2-3, plot 121 points
5.62427E+01 -6.88559E+00
5.62620E+01 -7.01038E+00
5.63197E+01 -7.13100E+00
5.64155E+01 -7.24599E+00
5.65491E+01 -7.35646E+00
5.67198E+01 -7.46247E+00
5.69267E+01 -7.56238E+00
5.71690E+01 -7.65715E+00
5.74454E+01 -7.74715E+00
5.77549E+01 -7.83257E+00
5.80959E+01 -7.91135E+00
5.84671E+01 -7.98505E+00
5.88668E+01 -8.05363E+00
5.92934E+01 -8.11625E+00
5.97452E+01 -8.17345E+00
6.02203E+01 -8.22505E+00
6.07170E+01 -8.27037E+00
6.12333E+01 -8.31098E+00
6.17674E+01 -8.34564E+00
6.23173E+01 -8.37473E+00
6.28812E+01 -8.39770E+00
6.34572E+01 -8.41455E+00
6.40434E+01 -8.42657E+00
6.46379E+01 -8.43207E+00
6.52389E+01 -8.43238E+00
6.58446E+01 -8.42663E+00
6.64532E+01 -8.41504E+00
6.70629E+01 -8.39795E+00
6.76723E+01 -8.37503E+00
6.82794E+01 -8.34589E+00
6.88829E+01 -8.31186E+00
6.94812E+01 -8.27115E+00
7.00727E+01 -8.22527E+00
7.06561E+01 -8.17417E+00
7.12299E+01 -8.11702E+00
7.17928E+01 -8.05402E+00
7.23437E+01 -7.98600E+00
7.28811E+01 -7.91263E+00
7.34041E+01 -7.83310E+00
7.39114E+01 -7.74857E+00
7.44021E+01 -7.65918E+00
7.48750E+01 -7.56477E+00
7.53294E+01 -7.46410E+00
7.57641E+01 -7.35837E+00
7.61785E+01 -7.24872E+00
7.65717E+01 -7.13316E+00
7.69430E+01 -7.01282E+00
7.72917E+01 -6.88779E+00
7.76171E+01 -6.75890E+00
7.79187E+01 -6.62418E+00
7.81958E+01 -6.48478E+00
7.84480E+01 -6.34183E+00
7.86749E+01 -6.19439E+00
7.88760E+01 -6.04254E+00
7.90510E+01 -5.88637E+00
7.91997E+01 -5.72597E+00
7.93216E+01 -5.56145E+00
7.94167E+01 -5.39393E+00
7.94847E+01 -5.22249E+00
7.95256E+01 -5.04722E+00
7.95392E+01 -4.86825E+00
7.95255E+01 -4.68673E+00
7.94847E+01 -4.50176E+00
7.94167E+01 -4.31346E+00
7.93216E+01 -4.12198E+00
7.91997E+01 -3.92848E+00
7.90511E+01 -3.73209E+00
7.88760E+01 -3.53294E+00
7.86749E+01 -3.33120E+00
7.84480E+01 -3.12702E+00
7.81958E+01 -2.92055E+00
7.79187E+01 -2.71296E+00
7.76171E+01 -2.50338E+00
7.72917E+01 -2.29089E+00
7.69431E+01 -2.07768E+00
7.65718E+01 -1.86317E+00
7.61786E+01 -1.64749E+00
7.57642E+01 -1.42973E+00
7.53294E+01 -1.21212E+00
7.48751E+01 -9.93746E-01
7.44021E+01 -7.73605E-01
7.39115E+01 -5.53157E-01
7.34041E+01 -3.32794E-01
7.28812E+01 -1.12560E-01
7.23437E+01 1.08481E-01
7.17929E+01 3.29323E-01
7.12299E+01 5.49444E-01
7.06561E+01 7.69473E-01
7.00727E+01 9.89424E-01
6.94812E+01 1.20829E+00
6.88830E+01 1.42582E+00
6.82795E+01 1.64335E+00
6.76723E+01 1.85893E+00
6.70630E+01 2.07371E+00
6.64532E+01 2.28715E+00
6.58446E+01 2.49876E+00
6.52389E+01 2.70871E+00
6.46379E+01 2.91709E+00
6.40434E+01 3.12289E+00
6.34573E+01 3.32728E+00
6.28813E+01 3.52847E+00
6.23173E+01 3.72759E+00
6.17674E+01 3.92455E+00
6.12333E+01 4.11866E+00
6.07170E+01 4.31020E+00
6.02203E+01 4.49783E+00
5.97452E+01 4.68303E+00
5.92934E+01 4.86501E+00
5.88668E+01 5.04351E+00
5.84671E+01 5.21900E+00
5.80959E+01 5.39056E+00
5.77549E+01 5.55809E+00
5.74455E+01 5.72307E+00
5.71690E+01 5.88340E+00
5.69267E+01 6.03922E+00
5.67198E+01 6.19087E+00
5.65491E+01 6.33925E+00
5.64155E+01 6.48271E+00
5.63197E+01 6.62128E+00
5.62620E+01 6.75606E+00
5.62427E+01 6.88557E+00
