Will plot unflagged data


File # 1  = raise.vis
raise.vis 15.1356 GHz
Read 121 visibilities from all files

Baseline 3-4, plot 121 points
1.47432E+01 1.21547E-02
1.47483E+01 1.21546E-02
1.47634E+01 1.21544E-02
1.47885E+01 1.21542E-02
1.48236E+01 1.21538E-02
1.48683E+01 1.21534E-02
1.49225E+01 1.21528E-02
1.49860E+01 1.21521E-02
1.50585E+01 1.21513E-02
1.51396E+01 1.21505E-02
1.52290E+01 1.21495E-02
1.53263E+01 1.21485E-02
1.54311E+01 1.21473E-02
1.55429E+01 1.21461E-02
1.56614E+01 1.21448E-02
1.57859E+01 1.21434E-02
1.59161E+01 1.21420E-02
1.60514E+01 1.21405E-02
1.61914E+01 1.21389E-02
1.63356E+01 1.21373E-02
1.64834E+01 1.21356E-02
1.66344E+01 1.21338E-02
1.67881E+01 1.21321E-02
1.69439E+01 1.21302E-02
1.71015E+01 1.21284E-02
1.72602E+01 1.21265E-02
1.74198E+01 1.21246E-02
1.75796E+01 1.21226E-02
1.77393E+01 1.21207E-02
1.78985E+01 1.21187E-02
1.80567E+01 1.21168E-02
1.82135E+01 1.21148E-02
1.83686E+01 1.21129E-02
1.85215E+01 1.21110E-02
1.86719E+01 1.21090E-02
1.88195E+01 1.21072E-02
1.89639E+01 1.21054E-02
1.91048E+01 1.21035E-02
1.92418E+01 1.21018E-02
1.93748E+01 1.21000E-02
1.95035E+01 1.20983E-02
1.96274E+01 1.20967E-02
1.97465E+01 1.20951E-02
1.98605E+01 1.20936E-02
1.99691E+01 1.20921E-02
2.00722E+01 1.20907E-02
2.01695E+01 1.20895E-02
2.02609E+01 1.20882E-02
2.03462E+01 1.20871E-02
2.04253E+01 1.20860E-02
2.04979E+01 1.20850E-02
2.05640E+01 1.20840E-02
2.06235E+01 1.20833E-02
2.06762E+01 1.20825E-02
2.07221E+01 1.20819E-02
2.07611E+01 1.20814E-02
2.07930E+01 1.20809E-02
2.08180E+01 1.20806E-02
2.08358E+01 1.20804E-02
2.08465E+01 1.20802E-02
2.08501E+01 1.20801E-02
2.08465E+01 1.20802E-02
2.08358E+01 1.20804E-02
2.08180E+01 1.20806E-02
2.07930E+01 1.20809E-02
2.07611E+01 1.20814E-02
2.07221E+01 1.20819E-02
2.06762E+01 1.20825E-02
2.06235E+01 1.20833E-02
2.05641E+01 1.20840E-02
2.04979E+01 1.20850E-02
2.04253E+01 1.20860E-02
2.03462E+01 1.20871E-02
2.02609E+01 1.20882E-02
2.01695E+01 1.20895E-02
2.00722E+01 1.20907E-02
1.99691E+01 1.20921E-02
1.98605E+01 1.20936E-02
1.97465E+01 1.20951E-02
1.96274E+01 1.20967E-02
1.95035E+01 1.20983E-02
1.93748E+01 1.21000E-02
1.92419E+01 1.21018E-02
1.91048E+01 1.21035E-02
1.89639E+01 1.21054E-02
1.88195E+01 1.21072E-02
1.86719E+01 1.21090E-02
1.85215E+01 1.21110E-02
1.83686E+01 1.21129E-02
1.82135E+01 1.21148E-02
1.80567E+01 1.21168E-02
1.78985E+01 1.21187E-02
1.77393E+01 1.21207E-02
1.75796E+01 1.21226E-02
1.74198E+01 1.21246E-02
1.72602E+01 1.21265E-02
1.71015E+01 1.21284E-02
1.69439E+01 1.21302E-02
1.67881E+01 1.21321E-02
1.66344E+01 1.21338E-02
1.64834E+01 1.21356E-02
1.63356E+01 1.21373E-02
1.61915E+01 1.21389E-02
1.60514E+01 1.21405E-02
1.59161E+01 1.21420E-02
1.57859E+01 1.21434E-02
1.56614E+01 1.21448E-02
1.55429E+01 1.21461E-02
1.54311E+01 1.21473E-02
1.53263E+01 1.21485E-02
1.52290E+01 1.21495E-02
1.51396E+01 1.21505E-02
1.50585E+01 1.21513E-02
1.49860E+01 1.21521E-02
1.49225E+01 1.21528E-02
1.48683E+01 1.21534E-02
1.48236E+01 1.21538E-02
1.47885E+01 1.21542E-02
1.47634E+01 1.21544E-02
1.47483E+01 1.21546E-02
1.47432E+01 1.21547E-02
