Will plot unflagged data


File # 1  = raise.vis
raise.vis 15.1356 GHz
Read 121 visibilities from all files

Baseline 3-4, plot 121 points
1.47432E+01 -1.85876E+00
1.47483E+01 -1.89303E+00
1.47634E+01 -1.92486E+00
1.47885E+01 -1.95630E+00
1.48236E+01 -1.98630E+00
1.48683E+01 -2.01483E+00
1.49225E+01 -2.04187E+00
1.49860E+01 -2.06737E+00
1.50585E+01 -2.09132E+00
1.51396E+01 -2.11368E+00
1.52290E+01 -2.13550E+00
1.53263E+01 -2.15568E+00
1.54311E+01 -2.17403E+00
1.55429E+01 -2.19056E+00
1.56614E+01 -2.20628E+00
1.57859E+01 -2.22015E+00
1.59161E+01 -2.23215E+00
1.60514E+01 -2.24328E+00
1.61914E+01 -2.25250E+00
1.63356E+01 -2.26082E+00
1.64834E+01 -2.26720E+00
1.66344E+01 -2.27163E+00
1.67881E+01 -2.27513E+00
1.69439E+01 -2.27652E+00
1.71015E+01 -2.27682E+00
1.72602E+01 -2.27499E+00
1.74198E+01 -2.27206E+00
1.75796E+01 -2.26700E+00
1.77393E+01 -2.26083E+00
1.78985E+01 -2.25251E+00
1.80567E+01 -2.24409E+00
1.82135E+01 -2.23248E+00
1.83686E+01 -2.22076E+00
1.85215E+01 -2.20687E+00
1.86719E+01 -2.19080E+00
1.88195E+01 -2.17464E+00
1.89639E+01 -2.15630E+00
1.91048E+01 -2.13573E+00
1.92418E+01 -2.11498E+00
1.93748E+01 -2.09200E+00
1.95035E+01 -2.06783E+00
1.96274E+01 -2.04249E+00
1.97465E+01 -2.01495E+00
1.98605E+01 -1.98625E+00
1.99691E+01 -1.95641E+00
2.00722E+01 -1.92544E+00
2.01695E+01 -1.89335E+00
2.02609E+01 -1.85912E+00
2.03462E+01 -1.82483E+00
2.04253E+01 -1.78843E+00
2.04979E+01 -1.75098E+00
2.05640E+01 -1.71147E+00
2.06235E+01 -1.67196E+00
2.06762E+01 -1.63044E+00
2.07221E+01 -1.58897E+00
2.07611E+01 -1.54553E+00
2.07930E+01 -1.50116E+00
2.08180E+01 -1.45591E+00
2.08358E+01 -1.40979E+00
2.08465E+01 -1.36283E+00
2.08501E+01 -1.31405E+00
2.08465E+01 -1.26552E+00
2.08358E+01 -1.21523E+00
2.08180E+01 -1.16424E+00
2.07930E+01 -1.11258E+00
2.07611E+01 -1.06030E+00
2.07221E+01 -1.00743E+00
2.06762E+01 -9.52976E-01
2.06235E+01 -8.99052E-01
2.05641E+01 -8.43632E-01
2.04979E+01 -7.88824E-01
2.04253E+01 -7.32607E-01
2.03462E+01 -6.76057E-01
2.02609E+01 -6.18188E-01
2.01695E+01 -5.61112E-01
2.00722E+01 -5.02811E-01
1.99691E+01 -4.44366E-01
1.98605E+01 -3.85824E-01
1.97465E+01 -3.27235E-01
1.96274E+01 -2.68647E-01
1.95035E+01 -2.09076E-01
1.93748E+01 -1.49604E-01
1.92419E+01 -9.02772E-02
1.91048E+01 -3.01109E-02
1.89639E+01 2.87948E-02
1.88195E+01 8.84379E-02
1.86719E+01 1.48698E-01
1.85215E+01 2.07462E-01
1.83686E+01 2.66739E-01
1.82135E+01 3.26484E-01
1.80567E+01 3.84580E-01
1.78985E+01 4.44074E-01
1.77393E+01 5.01814E-01
1.75796E+01 5.59813E-01
1.74198E+01 6.16984E-01
1.72602E+01 6.74310E-01
1.71015E+01 7.30709E-01
1.69439E+01 7.87173E-01
1.67881E+01 8.42635E-01
1.66344E+01 8.98065E-01
1.64834E+01 9.52256E-01
1.63356E+01 1.00619E+00
1.61915E+01 1.05982E+00
1.60514E+01 1.11208E+00
1.59161E+01 1.16396E+00
1.57859E+01 1.21438E+00
1.56614E+01 1.26431E+00
1.55429E+01 1.31372E+00
1.54311E+01 1.36152E+00
1.53263E+01 1.40874E+00
1.52290E+01 1.45534E+00
1.51396E+01 1.50111E+00
1.50585E+01 1.54495E+00
1.49860E+01 1.58789E+00
1.49225E+01 1.62987E+00
1.48683E+01 1.67087E+00
1.48236E+01 1.71084E+00
1.47885E+01 1.74975E+00
1.47634E+01 1.78755E+00
1.47483E+01 1.82320E+00
1.47432E+01 1.85875E+00
