Will plot unflagged data


File # 1  = raise.vis
raise.vis 1.5136 GHz
Read 121 visibilities from all files

Baseline 3-4, plot 121 points
1.47432E+00 3.94142E-01
1.47483E+00 3.94141E-01
1.47634E+00 3.94141E-01
1.47885E+00 3.94140E-01
1.48236E+00 3.94139E-01
1.48683E+00 3.94138E-01
1.49225E+00 3.94136E-01
1.49860E+00 3.94135E-01
1.50585E+00 3.94132E-01
1.51396E+00 3.94130E-01
1.52290E+00 3.94128E-01
1.53263E+00 3.94125E-01
1.54311E+00 3.94121E-01
1.55429E+00 3.94118E-01
1.56614E+00 3.94115E-01
1.57859E+00 3.94112E-01
1.59161E+00 3.94107E-01
1.60514E+00 3.94103E-01
1.61914E+00 3.94099E-01
1.63356E+00 3.94094E-01
1.64834E+00 3.94089E-01
1.66344E+00 3.94085E-01
1.67881E+00 3.94080E-01
1.69439E+00 3.94075E-01
1.71015E+00 3.94070E-01
1.72602E+00 3.94065E-01
1.74198E+00 3.94060E-01
1.75796E+00 3.94054E-01
1.77393E+00 3.94049E-01
1.78985E+00 3.94044E-01
1.80567E+00 3.94038E-01
1.82135E+00 3.94033E-01
1.83686E+00 3.94027E-01
1.85215E+00 3.94021E-01
1.86719E+00 3.94017E-01
1.88195E+00 3.94011E-01
1.89639E+00 3.94006E-01
1.91048E+00 3.94001E-01
1.92418E+00 3.93995E-01
1.93748E+00 3.93990E-01
1.95035E+00 3.93987E-01
1.96274E+00 3.93982E-01
1.97465E+00 3.93977E-01
1.98605E+00 3.93973E-01
1.99691E+00 3.93968E-01
2.00722E+00 3.93964E-01
2.01695E+00 3.93961E-01
2.02609E+00 3.93957E-01
2.03462E+00 3.93953E-01
2.04253E+00 3.93951E-01
2.04979E+00 3.93948E-01
2.05640E+00 3.93946E-01
2.06235E+00 3.93942E-01
2.06762E+00 3.93940E-01
2.07221E+00 3.93938E-01
2.07611E+00 3.93938E-01
2.07930E+00 3.93936E-01
2.08180E+00 3.93934E-01
2.08358E+00 3.93934E-01
2.08465E+00 3.93935E-01
2.08501E+00 3.93934E-01
2.08465E+00 3.93935E-01
2.08358E+00 3.93935E-01
2.08180E+00 3.93935E-01
2.07930E+00 3.93936E-01
2.07611E+00 3.93938E-01
2.07221E+00 3.93938E-01
2.06762E+00 3.93940E-01
2.06235E+00 3.93942E-01
2.05641E+00 3.93946E-01
2.04979E+00 3.93948E-01
2.04253E+00 3.93951E-01
2.03462E+00 3.93953E-01
2.02609E+00 3.93957E-01
2.01695E+00 3.93961E-01
2.00722E+00 3.93964E-01
1.99691E+00 3.93968E-01
1.98605E+00 3.93973E-01
1.97465E+00 3.93977E-01
1.96274E+00 3.93982E-01
1.95035E+00 3.93987E-01
1.93748E+00 3.93990E-01
1.92419E+00 3.93995E-01
1.91048E+00 3.94001E-01
1.89639E+00 3.94006E-01
1.88195E+00 3.94011E-01
1.86719E+00 3.94017E-01
1.85215E+00 3.94021E-01
1.83686E+00 3.94027E-01
1.82135E+00 3.94033E-01
1.80567E+00 3.94038E-01
1.78985E+00 3.94044E-01
1.77393E+00 3.94049E-01
1.75796E+00 3.94054E-01
1.74198E+00 3.94060E-01
1.72602E+00 3.94065E-01
1.71015E+00 3.94070E-01
1.69439E+00 3.94075E-01
1.67881E+00 3.94080E-01
1.66344E+00 3.94086E-01
1.64834E+00 3.94089E-01
1.63356E+00 3.94094E-01
1.61915E+00 3.94099E-01
1.60514E+00 3.94103E-01
1.59161E+00 3.94107E-01
1.57859E+00 3.94112E-01
1.56614E+00 3.94115E-01
1.55429E+00 3.94118E-01
1.54311E+00 3.94121E-01
1.53263E+00 3.94125E-01
1.52290E+00 3.94128E-01
1.51396E+00 3.94130E-01
1.50585E+00 3.94132E-01
1.49860E+00 3.94135E-01
1.49225E+00 3.94136E-01
1.48683E+00 3.94138E-01
1.48236E+00 3.94139E-01
1.47885E+00 3.94140E-01
1.47634E+00 3.94141E-01
1.47483E+00 3.94142E-01
1.47432E+00 3.94142E-01
