Will plot unflagged data


File # 1  = raise.vis
raise.vis 1.5136 GHz
Read 121 visibilities from all files

Baseline 3-4, plot 121 points
1.47432E+00 -3.13885E-01
1.47483E+00 -3.19243E-01
1.47634E+00 -3.25400E-01
1.47885E+00 -3.30296E-01
1.48236E+00 -3.34950E-01
1.48683E+00 -3.40383E-01
1.49225E+00 -3.44532E-01
1.49860E+00 -3.49447E-01
1.50585E+00 -3.53064E-01
1.51396E+00 -3.57435E-01
1.52290E+00 -3.60494E-01
1.53263E+00 -3.64295E-01
1.54311E+00 -3.66770E-01
1.55429E+00 -3.69977E-01
1.56614E+00 -3.72879E-01
1.57859E+00 -3.75469E-01
1.59161E+00 -3.76712E-01
1.60514E+00 -3.78665E-01
1.61914E+00 -3.80293E-01
1.63356E+00 -3.81590E-01
1.64834E+00 -3.82552E-01
1.66344E+00 -3.84208E-01
1.67881E+00 -3.84489E-01
1.69439E+00 -3.84423E-01
1.71015E+00 -3.84007E-01
1.72602E+00 -3.84271E-01
1.74198E+00 -3.84178E-01
1.75796E+00 -3.82694E-01
1.77393E+00 -3.81882E-01
1.78985E+00 -3.80706E-01
1.80567E+00 -3.79164E-01
1.82135E+00 -3.77256E-01
1.83686E+00 -3.74978E-01
1.85215E+00 -3.72330E-01
1.86719E+00 -3.70345E-01
1.88195E+00 -3.66954E-01
1.89639E+00 -3.64224E-01
1.91048E+00 -3.61121E-01
1.92418E+00 -3.56613E-01
1.93748E+00 -3.52766E-01
1.95035E+00 -3.49580E-01
1.96274E+00 -3.44990E-01
1.97465E+00 -3.40030E-01
1.98605E+00 -3.35734E-01
1.99691E+00 -3.30038E-01
2.00722E+00 -3.25010E-01
2.01695E+00 -3.19618E-01
2.02609E+00 -3.13865E-01
2.03462E+00 -3.07754E-01
2.04253E+00 -3.02319E-01
2.04979E+00 -2.95500E-01
2.05640E+00 -2.89363E-01
2.06235E+00 -2.81847E-01
2.06762E+00 -2.75022E-01
2.07221E+00 -2.67859E-01
2.07611E+00 -2.61395E-01
2.07930E+00 -2.53567E-01
2.08180E+00 -2.45415E-01
2.08358E+00 -2.37976E-01
2.08465E+00 -2.30221E-01
2.08501E+00 -2.22157E-01
2.08465E+00 -2.13788E-01
2.08358E+00 -2.05121E-01
2.08180E+00 -1.96161E-01
2.07930E+00 -1.87948E-01
2.07611E+00 -1.79454E-01
2.07221E+00 -1.69655E-01
2.06762E+00 -1.60621E-01
2.06235E+00 -1.51327E-01
2.05641E+00 -1.42813E-01
2.04979E+00 -1.33021E-01
2.04253E+00 -1.24024E-01
2.03462E+00 -1.13763E-01
2.02609E+00 -1.04312E-01
2.01695E+00 -9.46460E-02
2.00722E+00 -8.47732E-02
1.99691E+00 -7.47018E-02
1.98605E+00 -6.54727E-02
1.97465E+00 -5.50290E-02
1.96274E+00 -4.54447E-02
1.95035E+00 -3.56958E-02
1.93748E+00 -2.47580E-02
1.92419E+00 -1.47063E-02
1.91048E+00 -5.54949E-03
1.89639E+00 4.76905E-03
1.88195E+00 1.52073E-02
1.86719E+00 2.47230E-02
1.85215E+00 3.53727E-02
1.83686E+00 4.50811E-02
1.82135E+00 5.48717E-02
1.80567E+00 6.47348E-02
1.78985E+00 7.46612E-02
1.77393E+00 8.46409E-02
1.75796E+00 9.46645E-02
1.74198E+00 1.03689E-01
1.72602E+00 1.13772E-01
1.71015E+00 1.23868E-01
1.69439E+00 1.32938E-01
1.67881E+00 1.42002E-01
1.66344E+00 1.51053E-01
1.64834E+00 1.61111E-01
1.63356E+00 1.70104E-01
1.61915E+00 1.79053E-01
1.60514E+00 1.87949E-01
1.59161E+00 1.96783E-01
1.57859E+00 2.04513E-01
1.56614E+00 2.13194E-01
1.55429E+00 2.21783E-01
1.54311E+00 2.30273E-01
1.53263E+00 2.37622E-01
1.52290E+00 2.45884E-01
1.51396E+00 2.52988E-01
1.50585E+00 2.60986E-01
1.49860E+00 2.67809E-01
1.49225E+00 2.75508E-01
1.48683E+00 2.82015E-01
1.48236E+00 2.89380E-01
1.47885E+00 2.95538E-01
1.47634E+00 3.01508E-01
1.47483E+00 3.08311E-01
1.47432E+00 3.13883E-01
