Will plot unflagged data


File # 1  = raise.vis
raise.vis 4.7863 GHz
Read 121 visibilities from all files

Baseline 2-5, plot 121 points
2.97001E+01 7.82529E-02
2.97102E+01 7.82503E-02
2.97407E+01 7.82425E-02
2.97913E+01 7.82296E-02
2.98619E+01 7.82116E-02
2.99520E+01 7.81886E-02
3.00613E+01 7.81613E-02
3.01892E+01 7.81292E-02
3.03352E+01 7.80924E-02
3.04986E+01 7.80511E-02
3.06787E+01 7.80062E-02
3.08747E+01 7.79574E-02
3.10858E+01 7.79045E-02
3.13111E+01 7.78496E-02
3.15496E+01 7.77901E-02
3.18005E+01 7.77293E-02
3.20628E+01 7.76656E-02
3.23354E+01 7.75990E-02
3.26175E+01 7.75319E-02
3.29079E+01 7.74622E-02
3.32057E+01 7.73914E-02
3.35098E+01 7.73198E-02
3.38194E+01 7.72478E-02
3.41333E+01 7.71742E-02
3.44507E+01 7.71014E-02
3.47705E+01 7.70286E-02
3.50919E+01 7.69559E-02
3.54139E+01 7.68820E-02
3.57357E+01 7.68101E-02
3.60563E+01 7.67391E-02
3.63750E+01 7.66701E-02
3.66909E+01 7.66003E-02
3.70033E+01 7.65328E-02
3.73113E+01 7.64663E-02
3.76143E+01 7.64009E-02
3.79116E+01 7.63383E-02
3.82025E+01 7.62754E-02
3.84863E+01 7.62171E-02
3.87625E+01 7.61584E-02
3.90304E+01 7.61042E-02
3.92895E+01 7.60497E-02
3.95392E+01 7.59982E-02
3.97791E+01 7.59498E-02
4.00087E+01 7.59029E-02
4.02276E+01 7.58591E-02
4.04352E+01 7.58169E-02
4.06313E+01 7.57779E-02
4.08154E+01 7.57405E-02
4.09872E+01 7.57063E-02
4.11465E+01 7.56755E-02
4.12928E+01 7.56462E-02
4.14260E+01 7.56201E-02
4.15458E+01 7.55972E-02
4.16520E+01 7.55759E-02
4.17445E+01 7.55579E-02
4.18229E+01 7.55415E-02
4.18873E+01 7.55300E-02
4.19375E+01 7.55202E-02
4.19735E+01 7.55136E-02
4.19950E+01 7.55087E-02
4.20022E+01 7.55070E-02
4.19950E+01 7.55087E-02
4.19735E+01 7.55136E-02
4.19375E+01 7.55202E-02
4.18873E+01 7.55300E-02
4.18229E+01 7.55415E-02
4.17445E+01 7.55579E-02
4.16521E+01 7.55759E-02
4.15458E+01 7.55972E-02
4.14260E+01 7.56201E-02
4.12928E+01 7.56462E-02
4.11465E+01 7.56755E-02
4.09873E+01 7.57063E-02
4.08154E+01 7.57405E-02
4.06313E+01 7.57779E-02
4.04352E+01 7.58169E-02
4.02276E+01 7.58591E-02
4.00088E+01 7.59029E-02
3.97792E+01 7.59498E-02
3.95392E+01 7.59982E-02
3.92895E+01 7.60497E-02
3.90304E+01 7.61042E-02
3.87625E+01 7.61584E-02
3.84863E+01 7.62171E-02
3.82025E+01 7.62754E-02
3.79116E+01 7.63383E-02
3.76144E+01 7.64009E-02
3.73113E+01 7.64663E-02
3.70033E+01 7.65328E-02
3.66909E+01 7.66003E-02
3.63750E+01 7.66701E-02
3.60563E+01 7.67391E-02
3.57357E+01 7.68101E-02
3.54139E+01 7.68820E-02
3.50919E+01 7.69558E-02
3.47705E+01 7.70286E-02
3.44507E+01 7.71014E-02
3.41333E+01 7.71742E-02
3.38194E+01 7.72478E-02
3.35099E+01 7.73198E-02
3.32057E+01 7.73914E-02
3.29079E+01 7.74622E-02
3.26175E+01 7.75319E-02
3.23355E+01 7.75990E-02
3.20628E+01 7.76656E-02
3.18005E+01 7.77293E-02
3.15496E+01 7.77901E-02
3.13111E+01 7.78496E-02
3.10858E+01 7.79045E-02
3.08747E+01 7.79574E-02
3.06787E+01 7.80062E-02
3.04986E+01 7.80511E-02
3.03352E+01 7.80918E-02
3.01892E+01 7.81292E-02
3.00613E+01 7.81613E-02
2.99520E+01 7.81886E-02
2.98619E+01 7.82116E-02
2.97913E+01 7.82296E-02
2.97407E+01 7.82425E-02
2.97102E+01 7.82503E-02
2.97001E+01 7.82529E-02
