Will plot unflagged data


File # 1  = raise.vis
raise.vis 4.7863 GHz
Read 121 visibilities from all files

Baseline 2-5, plot 121 points
2.97001E+01 -3.63607E+00
2.97102E+01 -3.70257E+00
2.97407E+01 -3.76523E+00
2.97913E+01 -3.82619E+00
2.98619E+01 -3.88442E+00
2.99520E+01 -3.93999E+00
3.00613E+01 -3.99378E+00
3.01892E+01 -4.04432E+00
3.03352E+01 -4.09167E+00
3.04986E+01 -4.13587E+00
3.06787E+01 -4.17796E+00
3.08747E+01 -4.21697E+00
3.10858E+01 -4.25239E+00
3.13111E+01 -4.28628E+00
3.15496E+01 -4.31558E+00
3.18005E+01 -4.34342E+00
3.20628E+01 -4.36778E+00
3.23354E+01 -4.38851E+00
3.26175E+01 -4.40731E+00
3.29079E+01 -4.42222E+00
3.32057E+01 -4.43429E+00
3.35098E+01 -4.44353E+00
3.38194E+01 -4.45000E+00
3.41333E+01 -4.45252E+00
3.44507E+01 -4.45285E+00
3.47705E+01 -4.45006E+00
3.50919E+01 -4.44416E+00
3.54139E+01 -4.43414E+00
3.57357E+01 -4.42209E+00
3.60563E+01 -4.40703E+00
3.63750E+01 -4.38970E+00
3.66909E+01 -4.36800E+00
3.70033E+01 -4.34403E+00
3.73113E+01 -4.31681E+00
3.76143E+01 -4.28633E+00
3.79116E+01 -4.25364E+00
3.82025E+01 -4.21672E+00
3.84863E+01 -4.17869E+00
3.87625E+01 -4.13628E+00
3.90304E+01 -4.09256E+00
3.92895E+01 -4.04449E+00
3.95392E+01 -3.99417E+00
3.97791E+01 -3.94162E+00
4.00087E+01 -3.88583E+00
4.02276E+01 -3.82786E+00
4.04352E+01 -3.76671E+00
4.06313E+01 -3.70343E+00
4.08154E+01 -3.63703E+00
4.09872E+01 -3.56857E+00
4.11465E+01 -3.49808E+00
4.12928E+01 -3.42453E+00
4.14260E+01 -3.34894E+00
4.15458E+01 -3.27139E+00
4.16520E+01 -3.19090E+00
4.17445E+01 -3.10854E+00
4.18229E+01 -3.02333E+00
4.18873E+01 -2.93740E+00
4.19375E+01 -2.84874E+00
4.19735E+01 -2.75843E+00
4.19950E+01 -2.66550E+00
4.20022E+01 -2.57105E+00
4.19950E+01 -2.47514E+00
4.19735E+01 -2.37783E+00
4.19375E+01 -2.27817E+00
4.18873E+01 -2.17726E+00
4.18229E+01 -2.07413E+00
4.17445E+01 -1.97093E+00
4.16521E+01 -1.86566E+00
4.15458E+01 -1.75944E+00
4.14260E+01 -1.65130E+00
4.12928E+01 -1.54236E+00
4.11465E+01 -1.43269E+00
4.09873E+01 -1.32136E+00
4.08154E+01 -1.20954E+00
4.06313E+01 -1.09733E+00
4.04352E+01 -9.83786E-01
4.02276E+01 -8.70022E-01
4.00088E+01 -7.55099E-01
3.97792E+01 -6.40141E-01
3.95392E+01 -5.24209E-01
3.92895E+01 -4.08429E-01
3.90304E+01 -2.92888E-01
3.87625E+01 -1.75599E-01
3.84863E+01 -5.97109E-02
3.82025E+01 5.77277E-02
3.79116E+01 1.73347E-01
3.76144E+01 2.90168E-01
3.73113E+01 4.06059E-01
3.70033E+01 5.21968E-01
3.66909E+01 6.37806E-01
3.63750E+01 7.52469E-01
3.60563E+01 8.67986E-01
3.57357E+01 9.82152E-01
3.54139E+01 1.09562E+00
3.50919E+01 1.20734E+00
3.47705E+01 1.31931E+00
3.44507E+01 1.43042E+00
3.41333E+01 1.54063E+00
3.38194E+01 1.64892E+00
3.35099E+01 1.75698E+00
3.32057E+01 1.86355E+00
3.29079E+01 1.96865E+00
3.26175E+01 2.07220E+00
3.23355E+01 2.17520E+00
3.20628E+01 2.27564E+00
3.18005E+01 2.37515E+00
3.15496E+01 2.47353E+00
3.13111E+01 2.56873E+00
3.10858E+01 2.66382E+00
3.08747E+01 2.75569E+00
3.06787E+01 2.84637E+00
3.04986E+01 2.93533E+00
3.03352E+01 3.02257E+00
3.01892E+01 3.10604E+00
3.00613E+01 3.18881E+00
2.99520E+01 3.26993E+00
2.98619E+01 3.34786E+00
2.97913E+01 3.42352E+00
2.97407E+01 3.49694E+00
2.97102E+01 3.56707E+00
2.97001E+01 3.63606E+00
