Will plot unflagged data


File # 1  = raise.vis
raise.vis 0.4786 GHz
Read 121 visibilities from all files

Baseline 4-5, plot 121 points
7.25234E-01 -8.87883E-02
7.25482E-01 -8.99936E-02
7.26227E-01 -9.21613E-02
7.27463E-01 -9.32374E-02
7.29185E-01 -9.52719E-02
7.31386E-01 -9.62105E-02
7.34054E-01 -9.70770E-02
7.37178E-01 -9.88963E-02
7.40743E-01 -9.96130E-02
7.44733E-01 -1.01279E-01
7.49131E-01 -1.01839E-01
7.53917E-01 -1.03344E-01
7.59071E-01 -1.03739E-01
7.64572E-01 -1.05077E-01
7.70398E-01 -1.05301E-01
7.76524E-01 -1.06464E-01
7.82929E-01 -1.06511E-01
7.89586E-01 -1.07495E-01
7.96473E-01 -1.07358E-01
8.03565E-01 -1.08156E-01
8.10836E-01 -1.08860E-01
8.18263E-01 -1.08439E-01
8.25822E-01 -1.08950E-01
8.33488E-01 -1.09363E-01
8.41237E-01 -1.08647E-01
8.49047E-01 -1.08861E-01
8.56895E-01 -1.08975E-01
8.64758E-01 -1.07957E-01
8.72615E-01 -1.07866E-01
8.80445E-01 -1.07673E-01
8.88226E-01 -1.07376E-01
8.95941E-01 -1.06975E-01
9.03568E-01 -1.06469E-01
9.11090E-01 -1.05859E-01
9.18490E-01 -1.05144E-01
9.25749E-01 -1.04324E-01
9.32852E-01 -1.03398E-01
9.39782E-01 -1.02367E-01
9.46526E-01 -1.01231E-01
9.53067E-01 -9.99885E-02
9.59394E-01 -9.86414E-02
9.65493E-01 -9.71892E-02
9.71351E-01 -9.66627E-02
9.76958E-01 -9.50015E-02
9.82301E-01 -9.32363E-02
9.87372E-01 -9.23983E-02
9.92159E-01 -9.04269E-02
9.96655E-01 -8.93839E-02
1.00085E+00 -8.72089E-02
1.00474E+00 -8.59638E-02
1.00831E+00 -8.35883E-02
1.01157E+00 -8.21446E-02
1.01449E+00 -7.95723E-02
1.01708E+00 -7.79339E-02
1.01934E+00 -7.61997E-02
1.02126E+00 -7.43711E-02
1.02283E+00 -7.14184E-02
1.02406E+00 -6.94046E-02
1.02493E+00 -6.73002E-02
1.02546E+00 -6.51066E-02
1.02564E+00 -6.28255E-02
1.02546E+00 -6.04583E-02
1.02493E+00 -5.80066E-02
1.02406E+00 -5.54722E-02
1.02283E+00 -5.28568E-02
1.02126E+00 -5.11929E-02
1.01934E+00 -4.84209E-02
1.01708E+00 -4.55734E-02
1.01449E+00 -4.26524E-02
1.01157E+00 -4.06906E-02
1.00831E+00 -3.76286E-02
1.00474E+00 -3.55299E-02
1.00085E+00 -3.23352E-02
9.96656E-01 -3.01082E-02
9.92160E-01 -2.67897E-02
9.87372E-01 -2.44433E-02
9.82302E-01 -2.10101E-02
9.76958E-01 -1.85534E-02
9.71352E-01 -1.60453E-02
9.65493E-01 -1.24577E-02
9.59395E-01 -9.85392E-03
9.53068E-01 -7.20589E-03
9.46526E-01 -4.51629E-03
9.39783E-01 -1.78756E-03
9.32852E-01 9.77646E-04
9.25749E-01 3.77683E-03
9.18490E-01 6.60723E-03
9.11091E-01 9.46632E-03
9.03569E-01 1.23514E-02
8.95941E-01 1.52598E-02
8.88227E-01 1.81888E-02
8.80445E-01 2.11357E-02
8.72616E-01 2.40977E-02
8.64759E-01 2.70723E-02
8.56896E-01 2.90271E-02
8.49048E-01 3.20183E-02
8.41238E-01 3.50136E-02
8.33488E-01 3.69814E-02
8.25822E-01 3.99770E-02
8.18264E-01 4.29684E-02
8.10837E-01 4.49244E-02
8.03565E-01 4.78996E-02
7.96474E-01 5.08624E-02
7.89587E-01 5.27818E-02
7.82929E-01 5.57119E-02
7.76525E-01 5.75934E-02
7.70398E-01 6.04799E-02
7.64573E-01 6.23127E-02
7.59072E-01 6.51448E-02
7.53917E-01 6.69184E-02
7.49131E-01 6.96857E-02
7.44734E-01 7.13894E-02
7.40743E-01 7.40815E-02
7.37178E-01 7.57051E-02
7.34054E-01 7.83117E-02
7.31386E-01 7.98453E-02
7.29185E-01 8.13302E-02
7.27463E-01 8.37901E-02
7.26227E-01 8.51704E-02
7.25482E-01 8.75205E-02
7.25234E-01 8.87867E-02
