Will plot unflagged data


File # 1  = raise.vis
raise.vis 15.1356 GHz
Read 121 visibilities from all files

Baseline 4-5, plot 121 points
2.29339E+01 6.52445E-02
2.29418E+01 6.52419E-02
2.29653E+01 6.52341E-02
2.30044E+01 6.52209E-02
2.30589E+01 6.52028E-02
2.31285E+01 6.51797E-02
2.32128E+01 6.51515E-02
2.33116E+01 6.51188E-02
2.34244E+01 6.50816E-02
2.35505E+01 6.50397E-02
2.36896E+01 6.49939E-02
2.38410E+01 6.49444E-02
2.40039E+01 6.48911E-02
2.41779E+01 6.48346E-02
2.43621E+01 6.47751E-02
2.45559E+01 6.47121E-02
2.47584E+01 6.46478E-02
2.49689E+01 6.45806E-02
2.51867E+01 6.45121E-02
2.54109E+01 6.44411E-02
2.56409E+01 6.43696E-02
2.58758E+01 6.42963E-02
2.61148E+01 6.42228E-02
2.63572E+01 6.41484E-02
2.66023E+01 6.40744E-02
2.68492E+01 6.39993E-02
2.70974E+01 6.39261E-02
2.73461E+01 6.38516E-02
2.75945E+01 6.37782E-02
2.78421E+01 6.37061E-02
2.80882E+01 6.36346E-02
2.83321E+01 6.35649E-02
2.85733E+01 6.34954E-02
2.88112E+01 6.34289E-02
2.90452E+01 6.33618E-02
2.92747E+01 6.32980E-02
2.94994E+01 6.32364E-02
2.97185E+01 6.31759E-02
2.99318E+01 6.31173E-02
3.01386E+01 6.30620E-02
3.03387E+01 6.30077E-02
3.05316E+01 6.29558E-02
3.07168E+01 6.29061E-02
3.08941E+01 6.28589E-02
3.10631E+01 6.28153E-02
3.12234E+01 6.27730E-02
3.13748E+01 6.27341E-02
3.15170E+01 6.26964E-02
3.16497E+01 6.26622E-02
3.17727E+01 6.26305E-02
3.18857E+01 6.26011E-02
3.19885E+01 6.25755E-02
3.20810E+01 6.25510E-02
3.21630E+01 6.25302E-02
3.22344E+01 6.25119E-02
3.22950E+01 6.24972E-02
3.23447E+01 6.24850E-02
3.23835E+01 6.24740E-02
3.24112E+01 6.24679E-02
3.24279E+01 6.24630E-02
3.24335E+01 6.24618E-02
3.24279E+01 6.24630E-02
3.24112E+01 6.24679E-02
3.23835E+01 6.24740E-02
3.23447E+01 6.24850E-02
3.22950E+01 6.24972E-02
3.22344E+01 6.25119E-02
3.21631E+01 6.25302E-02
3.20810E+01 6.25510E-02
3.19885E+01 6.25755E-02
3.18857E+01 6.26011E-02
3.17727E+01 6.26305E-02
3.16497E+01 6.26622E-02
3.15170E+01 6.26964E-02
3.13748E+01 6.27341E-02
3.12234E+01 6.27730E-02
3.10631E+01 6.28153E-02
3.08941E+01 6.28589E-02
3.07168E+01 6.29061E-02
3.05316E+01 6.29558E-02
3.03387E+01 6.30077E-02
3.01387E+01 6.30620E-02
2.99318E+01 6.31173E-02
2.97185E+01 6.31758E-02
2.94994E+01 6.32364E-02
2.92748E+01 6.32980E-02
2.90452E+01 6.33618E-02
2.88112E+01 6.34289E-02
2.85733E+01 6.34954E-02
2.83321E+01 6.35649E-02
2.80882E+01 6.36346E-02
2.78421E+01 6.37061E-02
2.75945E+01 6.37782E-02
2.73461E+01 6.38516E-02
2.70974E+01 6.39261E-02
2.68493E+01 6.39993E-02
2.66023E+01 6.40744E-02
2.63572E+01 6.41484E-02
2.61148E+01 6.42228E-02
2.58758E+01 6.42963E-02
2.56409E+01 6.43696E-02
2.54110E+01 6.44411E-02
2.51867E+01 6.45121E-02
2.49689E+01 6.45806E-02
2.47584E+01 6.46478E-02
2.45559E+01 6.47121E-02
2.43621E+01 6.47751E-02
2.41779E+01 6.48346E-02
2.40040E+01 6.48911E-02
2.38410E+01 6.49444E-02
2.36896E+01 6.49939E-02
2.35505E+01 6.50397E-02
2.34244E+01 6.50816E-02
2.33116E+01 6.51188E-02
2.32128E+01 6.51515E-02
2.31285E+01 6.51797E-02
2.30589E+01 6.52028E-02
2.30044E+01 6.52209E-02
2.29653E+01 6.52341E-02
2.29418E+01 6.52419E-02
2.29339E+01 6.52445E-02
