Will plot unflagged data


File # 1  = raise.vis
raise.vis 15.1356 GHz
Read 121 visibilities from all files

Baseline 4-5, plot 121 points
2.29339E+01 -4.88266E+00
2.29418E+01 -4.97116E+00
2.29653E+01 -5.05693E+00
2.30044E+01 -5.13808E+00
2.30589E+01 -5.21690E+00
2.31285E+01 -5.29178E+00
2.32128E+01 -5.36249E+00
2.33116E+01 -5.43021E+00
2.34244E+01 -5.49413E+00
2.35505E+01 -5.55363E+00
2.36896E+01 -5.60958E+00
2.38410E+01 -5.66215E+00
2.40039E+01 -5.71049E+00
2.41779E+01 -5.75508E+00
2.43621E+01 -5.79575E+00
2.45559E+01 -5.83161E+00
2.47584E+01 -5.86490E+00
2.49689E+01 -5.89323E+00
2.51867E+01 -5.91829E+00
2.54109E+01 -5.93819E+00
2.56409E+01 -5.95510E+00
2.58758E+01 -5.96700E+00
2.61148E+01 -5.97534E+00
2.63572E+01 -5.97923E+00
2.66023E+01 -5.97978E+00
2.68492E+01 -5.97505E+00
2.70974E+01 -5.96796E+00
2.73461E+01 -5.95503E+00
2.75945E+01 -5.93849E+00
2.78421E+01 -5.91839E+00
2.80882E+01 -5.89379E+00
2.83321E+01 -5.86570E+00
2.85733E+01 -5.83267E+00
2.88112E+01 -5.79689E+00
2.90452E+01 -5.75533E+00
2.92747E+01 -5.71113E+00
2.94994E+01 -5.66332E+00
2.97185E+01 -5.61089E+00
2.99318E+01 -5.55455E+00
3.01386E+01 -5.49542E+00
3.03387E+01 -5.43151E+00
3.05316E+01 -5.36390E+00
3.07168E+01 -5.29262E+00
3.08941E+01 -5.21773E+00
3.10631E+01 -5.14030E+00
3.12234E+01 -5.05829E+00
3.13748E+01 -4.97361E+00
3.15170E+01 -4.88428E+00
3.16497E+01 -4.79244E+00
3.17727E+01 -4.69712E+00
3.18857E+01 -4.59837E+00
3.19885E+01 -4.49729E+00
3.20810E+01 -4.39185E+00
3.21630E+01 -4.28419E+00
3.22344E+01 -4.17334E+00
3.22950E+01 -4.06039E+00
3.23447E+01 -3.94439E+00
3.23835E+01 -3.82436E+00
3.24112E+01 -3.70348E+00
3.24279E+01 -3.57872E+00
3.24335E+01 -3.45224E+00
3.24279E+01 -3.32310E+00
3.24112E+01 -3.19240E+00
3.23835E+01 -3.05818E+00
3.23447E+01 -2.92364E+00
3.22950E+01 -2.78577E+00
3.22344E+01 -2.64571E+00
3.21631E+01 -2.50461E+00
3.20810E+01 -2.36153E+00
3.19885E+01 -2.21762E+00
3.18857E+01 -2.07092E+00
3.17727E+01 -1.92362E+00
3.16497E+01 -1.77479E+00
3.15170E+01 -1.62455E+00
3.13748E+01 -1.47403E+00
3.12234E+01 -1.32127E+00
3.10631E+01 -1.16840E+00
3.08941E+01 -1.01365E+00
3.07168E+01 -8.59265E-01
3.05316E+01 -7.04298E-01
3.03387E+01 -5.48859E-01
3.01387E+01 -3.93061E-01
2.99318E+01 -2.35983E-01
2.97185E+01 -7.97632E-02
2.94994E+01 7.65790E-02
2.92748E+01 2.33614E-01
2.90452E+01 3.90176E-01
2.88112E+01 5.45168E-01
2.85733E+01 7.01594E-01
2.83321E+01 8.56292E-01
2.80882E+01 1.01132E+00
2.78421E+01 1.16512E+00
2.75945E+01 1.31855E+00
2.73461E+01 1.47057E+00
2.70974E+01 1.62111E+00
2.68493E+01 1.77229E+00
2.66023E+01 1.92052E+00
2.63572E+01 2.06862E+00
2.61148E+01 2.21453E+00
2.58758E+01 2.35929E+00
2.56409E+01 2.50190E+00
2.54110E+01 2.64373E+00
2.51867E+01 2.78266E+00
2.49689E+01 2.92079E+00
2.47584E+01 3.05615E+00
2.45559E+01 3.19035E+00
2.43621E+01 3.32095E+00
2.41779E+01 3.45010E+00
2.40040E+01 3.57687E+00
2.38410E+01 3.70102E+00
2.36896E+01 3.82298E+00
2.35505E+01 3.94186E+00
2.34244E+01 4.05779E+00
2.33116E+01 4.17157E+00
2.32128E+01 4.28259E+00
2.31285E+01 4.38998E+00
2.30589E+01 4.49491E+00
2.30044E+01 4.59712E+00
2.29653E+01 4.69500E+00
2.29418E+01 4.79081E+00
2.29339E+01 4.88265E+00
