Will plot unflagged data


File # 1  = raise.vis
raise.vis 4.7863 GHz
Read 121 visibilities from all files

Baseline 1-3, plot 121 points
1.95122E+01 -9.18074E+00
1.95189E+01 -9.34737E+00
1.95390E+01 -9.50739E+00
1.95722E+01 -9.66185E+00
1.96186E+01 -9.80911E+00
1.96778E+01 -9.94949E+00
1.97496E+01 -1.00831E+01
1.98336E+01 -1.02106E+01
1.99295E+01 -1.03298E+01
2.00369E+01 -1.04426E+01
2.01552E+01 -1.05477E+01
2.02840E+01 -1.06470E+01
2.04226E+01 -1.07371E+01
2.05706E+01 -1.08212E+01
2.07274E+01 -1.08968E+01
2.08922E+01 -1.09659E+01
2.10645E+01 -1.10276E+01
2.12436E+01 -1.10809E+01
2.14289E+01 -1.11270E+01
2.16197E+01 -1.11652E+01
2.18154E+01 -1.11972E+01
2.20152E+01 -1.12197E+01
2.22185E+01 -1.12358E+01
2.24248E+01 -1.12436E+01
2.26333E+01 -1.12431E+01
2.28434E+01 -1.12359E+01
2.30546E+01 -1.12197E+01
2.32661E+01 -1.11975E+01
2.34775E+01 -1.11669E+01
2.36882E+01 -1.11284E+01
2.38975E+01 -1.10827E+01
2.41051E+01 -1.10291E+01
2.43103E+01 -1.09677E+01
2.45127E+01 -1.08989E+01
2.47117E+01 -1.08233E+01
2.49071E+01 -1.07386E+01
2.50982E+01 -1.06483E+01
2.52846E+01 -1.05505E+01
2.54660E+01 -1.04445E+01
2.56421E+01 -1.03318E+01
2.58123E+01 -1.02125E+01
2.59764E+01 -1.00855E+01
2.61340E+01 -9.95264E+00
2.62848E+01 -9.81201E+00
2.64286E+01 -9.66488E+00
2.65650E+01 -9.51144E+00
2.66938E+01 -9.35133E+00
2.68148E+01 -9.18360E+00
2.69277E+01 -9.01052E+00
2.70323E+01 -8.83221E+00
2.71284E+01 -8.64674E+00
2.72159E+01 -8.45527E+00
2.72946E+01 -8.25891E+00
2.73644E+01 -8.05656E+00
2.74251E+01 -7.84838E+00
2.74767E+01 -7.63452E+00
2.75190E+01 -7.41618E+00
2.75520E+01 -7.19245E+00
2.75756E+01 -6.96349E+00
2.75898E+01 -6.72945E+00
2.75945E+01 -6.49151E+00
2.75898E+01 -6.24880E+00
2.75756E+01 -6.00253E+00
2.75520E+01 -5.75183E+00
2.75190E+01 -5.49689E+00
2.74767E+01 -5.23788E+00
2.74251E+01 -4.97602E+00
2.73644E+01 -4.71045E+00
2.72947E+01 -4.44135E+00
2.72159E+01 -4.16887E+00
2.71284E+01 -3.89445E+00
2.70323E+01 -3.61728E+00
2.69277E+01 -3.33652E+00
2.68148E+01 -3.05442E+00
2.66938E+01 -2.77117E+00
2.65650E+01 -2.48482E+00
2.64286E+01 -2.19660E+00
2.62848E+01 -1.90720E+00
2.61340E+01 -1.61671E+00
2.59764E+01 -1.32422E+00
2.58123E+01 -1.03178E+00
2.56421E+01 -7.37918E-01
2.54661E+01 -4.44154E-01
2.52846E+01 -1.50472E-01
2.50982E+01 1.44270E-01
2.49071E+01 4.39192E-01
2.47118E+01 7.31978E-01
2.45127E+01 1.02589E+00
2.43103E+01 1.31852E+00
2.41051E+01 1.61006E+00
2.38975E+01 1.90082E+00
2.36882E+01 2.19056E+00
2.34775E+01 2.47833E+00
2.32661E+01 2.76462E+00
2.30546E+01 3.04979E+00
2.28434E+01 3.33126E+00
2.26333E+01 3.61161E+00
2.24248E+01 3.88958E+00
2.22186E+01 4.16338E+00
2.20152E+01 4.43598E+00
2.18154E+01 4.70433E+00
2.16197E+01 4.97120E+00
2.14289E+01 5.23316E+00
2.12436E+01 5.49187E+00
2.10645E+01 5.74646E+00
2.08922E+01 5.99784E+00
2.07274E+01 6.24505E+00
2.05706E+01 6.48709E+00
2.04226E+01 6.72565E+00
2.02840E+01 6.95837E+00
2.01552E+01 7.18814E+00
2.00369E+01 7.41152E+00
1.99295E+01 7.63036E+00
1.98336E+01 7.84336E+00
1.97496E+01 8.05225E+00
1.96778E+01 8.25488E+00
1.96186E+01 8.45175E+00
1.95722E+01 8.64300E+00
1.95390E+01 8.82890E+00
1.95189E+01 9.00780E+00
1.95122E+01 9.18071E+00
