Will plot unflagged data


File # 1  = raise.vis
raise.vis 4.7863 GHz
Read 121 visibilities from all files

Baseline 1-3, plot 121 points
1.95122E+01 1.25627E+00
1.95189E+01 1.25599E+00
1.95390E+01 1.25517E+00
1.95722E+01 1.25382E+00
1.96186E+01 1.25197E+00
1.96778E+01 1.24966E+00
1.97496E+01 1.24694E+00
1.98336E+01 1.24387E+00
1.99295E+01 1.24046E+00
2.00369E+01 1.23680E+00
2.01552E+01 1.23292E+00
2.02840E+01 1.22892E+00
2.04226E+01 1.22474E+00
2.05706E+01 1.22051E+00
2.07274E+01 1.21620E+00
2.08922E+01 1.21187E+00
2.10645E+01 1.20754E+00
2.12436E+01 1.20319E+00
2.14289E+01 1.19887E+00
2.16197E+01 1.19457E+00
2.18154E+01 1.19035E+00
2.20152E+01 1.18613E+00
2.22185E+01 1.18199E+00
2.24248E+01 1.17790E+00
2.26333E+01 1.17387E+00
2.28434E+01 1.16994E+00
2.30546E+01 1.16606E+00
2.32661E+01 1.16231E+00
2.34775E+01 1.15864E+00
2.36882E+01 1.15506E+00
2.38975E+01 1.15159E+00
2.41051E+01 1.14822E+00
2.43103E+01 1.14495E+00
2.45127E+01 1.14179E+00
2.47117E+01 1.13875E+00
2.49071E+01 1.13579E+00
2.50982E+01 1.13298E+00
2.52846E+01 1.13028E+00
2.54660E+01 1.12767E+00
2.56421E+01 1.12518E+00
2.58123E+01 1.12282E+00
2.59764E+01 1.12055E+00
2.61340E+01 1.11843E+00
2.62848E+01 1.11640E+00
2.64286E+01 1.11449E+00
2.65650E+01 1.11270E+00
2.66938E+01 1.11103E+00
2.68148E+01 1.10944E+00
2.69277E+01 1.10799E+00
2.70323E+01 1.10669E+00
2.71284E+01 1.10547E+00
2.72159E+01 1.10436E+00
2.72946E+01 1.10339E+00
2.73644E+01 1.10253E+00
2.74251E+01 1.10178E+00
2.74767E+01 1.10114E+00
2.75190E+01 1.10063E+00
2.75520E+01 1.10023E+00
2.75756E+01 1.09994E+00
2.75898E+01 1.09975E+00
2.75945E+01 1.09969E+00
2.75898E+01 1.09975E+00
2.75756E+01 1.09994E+00
2.75520E+01 1.10023E+00
2.75190E+01 1.10063E+00
2.74767E+01 1.10114E+00
2.74251E+01 1.10178E+00
2.73644E+01 1.10253E+00
2.72947E+01 1.10339E+00
2.72159E+01 1.10436E+00
2.71284E+01 1.10547E+00
2.70323E+01 1.10669E+00
2.69277E+01 1.10799E+00
2.68148E+01 1.10944E+00
2.66938E+01 1.11103E+00
2.65650E+01 1.11270E+00
2.64286E+01 1.11449E+00
2.62848E+01 1.11640E+00
2.61340E+01 1.11843E+00
2.59764E+01 1.12055E+00
2.58123E+01 1.12282E+00
2.56421E+01 1.12518E+00
2.54661E+01 1.12767E+00
2.52846E+01 1.13028E+00
2.50982E+01 1.13298E+00
2.49071E+01 1.13579E+00
2.47118E+01 1.13875E+00
2.45127E+01 1.14179E+00
2.43103E+01 1.14495E+00
2.41051E+01 1.14822E+00
2.38975E+01 1.15159E+00
2.36882E+01 1.15506E+00
2.34775E+01 1.15864E+00
2.32661E+01 1.16231E+00
2.30546E+01 1.16606E+00
2.28434E+01 1.16994E+00
2.26333E+01 1.17387E+00
2.24248E+01 1.17787E+00
2.22186E+01 1.18199E+00
2.20152E+01 1.18613E+00
2.18154E+01 1.19035E+00
2.16197E+01 1.19457E+00
2.14289E+01 1.19887E+00
2.12436E+01 1.20319E+00
2.10645E+01 1.20754E+00
2.08922E+01 1.21187E+00
2.07274E+01 1.21620E+00
2.05706E+01 1.22051E+00
2.04226E+01 1.22474E+00
2.02840E+01 1.22892E+00
2.01552E+01 1.23292E+00
2.00369E+01 1.23680E+00
1.99295E+01 1.24046E+00
1.98336E+01 1.24387E+00
1.97496E+01 1.24694E+00
1.96778E+01 1.24966E+00
1.96186E+01 1.25197E+00
1.95722E+01 1.25382E+00
1.95390E+01 1.25517E+00
1.95189E+01 1.25599E+00
1.95122E+01 1.25627E+00
