Will plot unflagged data


File # 1  = raise.vis
raise.vis 0.4786 GHz
Read 121 visibilities from all files

Baseline 4-5, plot 121 points
7.25234E-01 -9.14345E-02
7.25482E-01 -9.27370E-02
7.26227E-01 -9.49998E-02
7.27463E-01 -9.61692E-02
7.29185E-01 -9.72688E-02
7.31386E-01 -9.93228E-02
7.34054E-01 -1.00276E-01
7.37178E-01 -1.02181E-01
7.40743E-01 -1.02980E-01
7.44733E-01 -1.03699E-01
7.49131E-01 -1.05364E-01
7.53917E-01 -1.05917E-01
7.59071E-01 -1.07413E-01
7.64572E-01 -1.07793E-01
7.70398E-01 -1.09113E-01
7.76524E-01 -1.09314E-01
7.82929E-01 -1.09423E-01
7.89586E-01 -1.10467E-01
7.96473E-01 -1.11415E-01
8.03565E-01 -1.11240E-01
8.10836E-01 -1.11995E-01
8.18263E-01 -1.11623E-01
8.25822E-01 -1.12179E-01
8.33488E-01 -1.11606E-01
8.41237E-01 -1.11960E-01
8.49047E-01 -1.12210E-01
8.56895E-01 -1.12358E-01
8.64758E-01 -1.11371E-01
8.72615E-01 -1.11308E-01
8.80445E-01 -1.11139E-01
8.88226E-01 -1.10864E-01
8.95941E-01 -1.10482E-01
9.03568E-01 -1.08962E-01
9.11090E-01 -1.08365E-01
9.18490E-01 -1.07659E-01
9.25749E-01 -1.06845E-01
9.32852E-01 -1.05922E-01
9.39782E-01 -1.04891E-01
9.46526E-01 -1.03751E-01
9.53067E-01 -1.03533E-01
9.59394E-01 -1.02176E-01
9.65493E-01 -1.00711E-01
9.71351E-01 -9.91386E-02
9.76958E-01 -9.74584E-02
9.82301E-01 -9.67019E-02
9.87372E-01 -9.48083E-02
9.92159E-01 -9.28088E-02
9.96655E-01 -9.17347E-02
1.00085E+00 -8.95255E-02
1.00474E+00 -8.82433E-02
1.00831E+00 -8.58276E-02
1.01157E+00 -8.43409E-02
1.01449E+00 -8.27534E-02
1.01708E+00 -8.00353E-02
1.01934E+00 -7.82495E-02
1.02126E+00 -7.63663E-02
1.02283E+00 -7.43871E-02
1.02406E+00 -7.12824E-02
1.02493E+00 -6.91153E-02
1.02546E+00 -6.68564E-02
1.02564E+00 -6.45072E-02
1.02546E+00 -6.20695E-02
1.02493E+00 -5.95448E-02
1.02406E+00 -5.69348E-02
1.02283E+00 -5.52723E-02
1.02126E+00 -5.24973E-02
1.01934E+00 -4.96427E-02
1.01708E+00 -4.67103E-02
1.01449E+00 -4.47331E-02
1.01157E+00 -4.16513E-02
1.00831E+00 -3.84981E-02
1.00474E+00 -3.63062E-02
1.00085E+00 -3.30163E-02
9.96656E-01 -3.06923E-02
9.92160E-01 -2.72749E-02
9.87372E-01 -2.48279E-02
9.82302E-01 -2.23230E-02
9.76958E-01 -1.87319E-02
9.71352E-01 -1.61185E-02
9.65493E-01 -1.34544E-02
9.59395E-01 -1.07423E-02
9.53068E-01 -7.98475E-03
9.46526E-01 -4.15402E-03
9.39783E-01 -1.31333E-03
9.32852E-01 1.56488E-03
9.25749E-01 4.47805E-03
9.18490E-01 7.42343E-03
9.11091E-01 1.03983E-02
9.03569E-01 1.33999E-02
8.95941E-01 1.53957E-02
8.88227E-01 1.84427E-02
8.80445E-01 2.15080E-02
8.72616E-01 2.45890E-02
8.64759E-01 2.76828E-02
8.56896E-01 2.97571E-02
8.49048E-01 3.28681E-02
8.41238E-01 3.59833E-02
8.33488E-01 3.91001E-02
8.25822E-01 4.11864E-02
8.18264E-01 4.42977E-02
8.10837E-01 4.63731E-02
8.03565E-01 4.94675E-02
7.96474E-01 5.15207E-02
7.89587E-01 5.45870E-02
7.82929E-01 5.76350E-02
7.76525E-01 5.96337E-02
7.70398E-01 6.16088E-02
7.64573E-01 6.45853E-02
7.59072E-01 6.65048E-02
7.53917E-01 6.94199E-02
7.49131E-01 7.12729E-02
7.44734E-01 7.41158E-02
7.40743E-01 7.58916E-02
7.37178E-01 7.76249E-02
7.34054E-01 8.03398E-02
7.31386E-01 8.19803E-02
7.29185E-01 8.45970E-02
7.27463E-01 8.61346E-02
7.26227E-01 8.76171E-02
7.25482E-01 9.00679E-02
7.25234E-01 9.14330E-02
