Will plot unflagged data


File # 1  = raise.vis
raise.vis 0.4786 GHz
Read 121 visibilities from all files

Baseline 4-5, plot 121 points
7.25234E-01 1.91414E-01
7.25482E-01 1.91414E-01
7.26227E-01 1.91414E-01
7.27463E-01 1.91414E-01
7.29185E-01 1.91414E-01
7.31386E-01 1.91414E-01
7.34054E-01 1.91414E-01
7.37178E-01 1.91414E-01
7.40743E-01 1.91414E-01
7.44733E-01 1.91414E-01
7.49131E-01 1.91414E-01
7.53917E-01 1.91414E-01
7.59071E-01 1.91414E-01
7.64572E-01 1.91413E-01
7.70398E-01 1.91413E-01
7.76524E-01 1.91413E-01
7.82929E-01 1.91413E-01
7.89586E-01 1.91413E-01
7.96473E-01 1.91413E-01
8.03565E-01 1.91412E-01
8.10836E-01 1.91412E-01
8.18263E-01 1.91412E-01
8.25822E-01 1.91412E-01
8.33488E-01 1.91411E-01
8.41237E-01 1.91411E-01
8.49047E-01 1.91411E-01
8.56895E-01 1.91411E-01
8.64758E-01 1.91411E-01
8.72615E-01 1.91410E-01
8.80445E-01 1.91410E-01
8.88226E-01 1.91410E-01
8.95941E-01 1.91410E-01
9.03568E-01 1.91409E-01
9.11090E-01 1.91409E-01
9.18490E-01 1.91409E-01
9.25749E-01 1.91409E-01
9.32852E-01 1.91409E-01
9.39782E-01 1.91408E-01
9.46526E-01 1.91408E-01
9.53067E-01 1.91408E-01
9.59394E-01 1.91408E-01
9.65493E-01 1.91408E-01
9.71351E-01 1.91407E-01
9.76958E-01 1.91407E-01
9.82301E-01 1.91407E-01
9.87372E-01 1.91407E-01
9.92159E-01 1.91407E-01
9.96655E-01 1.91407E-01
1.00085E+00 1.91406E-01
1.00474E+00 1.91406E-01
1.00831E+00 1.91406E-01
1.01157E+00 1.91406E-01
1.01449E+00 1.91406E-01
1.01708E+00 1.91406E-01
1.01934E+00 1.91406E-01
1.02126E+00 1.91406E-01
1.02283E+00 1.91406E-01
1.02406E+00 1.91406E-01
1.02493E+00 1.91406E-01
1.02546E+00 1.91406E-01
1.02564E+00 1.91406E-01
1.02546E+00 1.91406E-01
1.02493E+00 1.91406E-01
1.02406E+00 1.91406E-01
1.02283E+00 1.91406E-01
1.02126E+00 1.91406E-01
1.01934E+00 1.91406E-01
1.01708E+00 1.91406E-01
1.01449E+00 1.91406E-01
1.01157E+00 1.91406E-01
1.00831E+00 1.91406E-01
1.00474E+00 1.91406E-01
1.00085E+00 1.91406E-01
9.96656E-01 1.91407E-01
9.92160E-01 1.91407E-01
9.87372E-01 1.91407E-01
9.82302E-01 1.91407E-01
9.76958E-01 1.91407E-01
9.71352E-01 1.91407E-01
9.65493E-01 1.91408E-01
9.59395E-01 1.91408E-01
9.53068E-01 1.91408E-01
9.46526E-01 1.91408E-01
9.39783E-01 1.91408E-01
9.32852E-01 1.91409E-01
9.25749E-01 1.91409E-01
9.18490E-01 1.91409E-01
9.11091E-01 1.91409E-01
9.03569E-01 1.91409E-01
8.95941E-01 1.91410E-01
8.88227E-01 1.91410E-01
8.80445E-01 1.91410E-01
8.72616E-01 1.91410E-01
8.64759E-01 1.91411E-01
8.56896E-01 1.91411E-01
8.49048E-01 1.91411E-01
8.41238E-01 1.91411E-01
8.33488E-01 1.91411E-01
8.25822E-01 1.91412E-01
8.18264E-01 1.91412E-01
8.10837E-01 1.91412E-01
8.03565E-01 1.91412E-01
7.96474E-01 1.91413E-01
7.89587E-01 1.91413E-01
7.82929E-01 1.91413E-01
7.76525E-01 1.91413E-01
7.70398E-01 1.91413E-01
7.64573E-01 1.91413E-01
7.59072E-01 1.91413E-01
7.53917E-01 1.91414E-01
7.49131E-01 1.91414E-01
7.44734E-01 1.91414E-01
7.40743E-01 1.91414E-01
7.37178E-01 1.91414E-01
7.34054E-01 1.91414E-01
7.31386E-01 1.91414E-01
7.29185E-01 1.91414E-01
7.27463E-01 1.91414E-01
7.26227E-01 1.91414E-01
7.25482E-01 1.91414E-01
7.25234E-01 1.91414E-01
