Will plot unflagged data


File # 1  = raise.vis
raise.vis 15.1356 GHz
Read 121 visibilities from all files

Baseline 3-5, plot 121 points
3.76771E+01 -1.01973E+01
3.76900E+01 -1.03826E+01
3.77287E+01 -1.05608E+01
3.77929E+01 -1.07312E+01
3.78824E+01 -1.08953E+01
3.79967E+01 -1.10510E+01
3.81354E+01 -1.12000E+01
3.82977E+01 -1.13399E+01
3.84829E+01 -1.14739E+01
3.86902E+01 -1.15983E+01
3.89186E+01 -1.17163E+01
3.91673E+01 -1.18255E+01
3.94351E+01 -1.19267E+01
3.97208E+01 -1.20188E+01
4.00235E+01 -1.21045E+01
4.03418E+01 -1.21807E+01
4.06745E+01 -1.22483E+01
4.10204E+01 -1.23080E+01
4.13781E+01 -1.23597E+01
4.17465E+01 -1.24022E+01
4.21243E+01 -1.24365E+01
4.25102E+01 -1.24623E+01
4.29029E+01 -1.24796E+01
4.33011E+01 -1.24883E+01
4.37037E+01 -1.24880E+01
4.41095E+01 -1.24792E+01
4.45172E+01 -1.24628E+01
4.49257E+01 -1.24373E+01
4.53338E+01 -1.24026E+01
4.57406E+01 -1.23607E+01
4.61449E+01 -1.23097E+01
4.65456E+01 -1.22498E+01
4.69419E+01 -1.21825E+01
4.73327E+01 -1.21057E+01
4.77171E+01 -1.20212E+01
4.80942E+01 -1.19280E+01
4.84632E+01 -1.18274E+01
4.88233E+01 -1.17180E+01
4.91736E+01 -1.16009E+01
4.95135E+01 -1.14764E+01
4.98422E+01 -1.13429E+01
5.01590E+01 -1.12029E+01
5.04634E+01 -1.10539E+01
5.07546E+01 -1.08978E+01
5.10322E+01 -1.07349E+01
5.12956E+01 -1.05635E+01
5.15444E+01 -1.03866E+01
5.17779E+01 -1.02008E+01
5.19959E+01 -1.00084E+01
5.21979E+01 -9.80963E+00
5.23836E+01 -9.60358E+00
5.25526E+01 -9.39145E+00
5.27046E+01 -9.17333E+00
5.28393E+01 -8.94810E+00
5.29565E+01 -8.71696E+00
5.30561E+01 -8.48010E+00
5.31378E+01 -8.23665E+00
5.32015E+01 -7.98883E+00
5.32470E+01 -7.73475E+00
5.32744E+01 -7.47455E+00
5.32835E+01 -7.21049E+00
5.32744E+01 -6.94068E+00
5.32470E+01 -6.66738E+00
5.32015E+01 -6.38870E+00
5.31378E+01 -6.10484E+00
5.30561E+01 -5.81808E+00
5.29565E+01 -5.52656E+00
5.28393E+01 -5.23149E+00
5.27046E+01 -4.93307E+00
5.25526E+01 -4.63044E+00
5.23836E+01 -4.32509E+00
5.21980E+01 -4.01727E+00
5.19959E+01 -3.70614E+00
5.17780E+01 -3.39294E+00
5.15444E+01 -3.07784E+00
5.12957E+01 -2.75884E+00
5.10322E+01 -2.43973E+00
5.07546E+01 -2.11772E+00
5.04634E+01 -1.79497E+00
5.01590E+01 -1.47150E+00
4.98422E+01 -1.14568E+00
4.95135E+01 -8.20292E-01
4.91736E+01 -4.93212E-01
4.88233E+01 -1.66386E-01
4.84633E+01 1.60173E-01
4.80943E+01 4.87384E-01
4.77171E+01 8.13452E-01
4.73327E+01 1.13946E+00
4.69419E+01 1.46517E+00
4.65457E+01 1.78888E+00
4.61449E+01 2.11144E+00
4.57406E+01 2.43295E+00
4.53339E+01 2.75351E+00
4.49257E+01 3.07085E+00
4.45172E+01 3.38668E+00
4.41095E+01 3.70088E+00
4.37037E+01 4.01147E+00
4.33011E+01 4.31938E+00
4.29029E+01 4.62465E+00
4.25102E+01 4.92688E+00
4.21243E+01 5.22569E+00
4.17466E+01 5.52086E+00
4.13782E+01 5.81199E+00
4.10204E+01 6.09985E+00
4.06745E+01 6.38307E+00
4.03418E+01 6.66134E+00
4.00235E+01 6.93541E+00
3.97209E+01 7.20595E+00
3.94351E+01 7.46962E+00
3.91673E+01 7.72917E+00
3.89186E+01 7.98327E+00
3.86902E+01 8.23268E+00
3.84829E+01 8.47499E+00
3.82977E+01 8.71309E+00
3.81354E+01 8.94348E+00
3.79967E+01 9.16907E+00
3.78824E+01 9.38747E+00
3.77929E+01 9.60042E+00
3.77287E+01 9.80577E+00
3.76901E+01 1.00049E+01
3.76771E+01 1.01973E+01
