Will plot unflagged data


File # 1  = raise.vis
raise.vis 15.1356 GHz
Read 121 visibilities from all files

Baseline 3-5, plot 121 points
3.76771E+01 2.50804E-01
3.76900E+01 2.50756E-01
3.77287E+01 2.50612E-01
3.77929E+01 2.50374E-01
3.78824E+01 2.50049E-01
3.79967E+01 2.49639E-01
3.81354E+01 2.49154E-01
3.82977E+01 2.48597E-01
3.84829E+01 2.47986E-01
3.86902E+01 2.47316E-01
3.89186E+01 2.46609E-01
3.91673E+01 2.45864E-01
3.94351E+01 2.45093E-01
3.97208E+01 2.44297E-01
4.00235E+01 2.43496E-01
4.03418E+01 2.42682E-01
4.06745E+01 2.41863E-01
4.10204E+01 2.41047E-01
4.13781E+01 2.40237E-01
4.17465E+01 2.39430E-01
4.21243E+01 2.38633E-01
4.25102E+01 2.37845E-01
4.29029E+01 2.37069E-01
4.33011E+01 2.36304E-01
4.37037E+01 2.35551E-01
4.41095E+01 2.34810E-01
4.45172E+01 2.34089E-01
4.49257E+01 2.33380E-01
4.53338E+01 2.32684E-01
4.57406E+01 2.32011E-01
4.61449E+01 2.31351E-01
4.65456E+01 2.30707E-01
4.69419E+01 2.30086E-01
4.73327E+01 2.29479E-01
4.77171E+01 2.28895E-01
4.80942E+01 2.28329E-01
4.84632E+01 2.27787E-01
4.88233E+01 2.27262E-01
4.91736E+01 2.26762E-01
4.95135E+01 2.26285E-01
4.98422E+01 2.25826E-01
5.01590E+01 2.25394E-01
5.04634E+01 2.24978E-01
5.07546E+01 2.24587E-01
5.10322E+01 2.24222E-01
5.12956E+01 2.23874E-01
5.15444E+01 2.23556E-01
5.17779E+01 2.23252E-01
5.19959E+01 2.22973E-01
5.21979E+01 2.22718E-01
5.23836E+01 2.22484E-01
5.25526E+01 2.22273E-01
5.27046E+01 2.22087E-01
5.28393E+01 2.21920E-01
5.29565E+01 2.21776E-01
5.30561E+01 2.21655E-01
5.31378E+01 2.21552E-01
5.32015E+01 2.21478E-01
5.32470E+01 2.21423E-01
5.32744E+01 2.21386E-01
5.32835E+01 2.21376E-01
5.32744E+01 2.21386E-01
5.32470E+01 2.21423E-01
5.32015E+01 2.21478E-01
5.31378E+01 2.21552E-01
5.30561E+01 2.21655E-01
5.29565E+01 2.21776E-01
5.28393E+01 2.21920E-01
5.27046E+01 2.22087E-01
5.25526E+01 2.22273E-01
5.23836E+01 2.22484E-01
5.21980E+01 2.22718E-01
5.19959E+01 2.22973E-01
5.17780E+01 2.23252E-01
5.15444E+01 2.23556E-01
5.12957E+01 2.23874E-01
5.10322E+01 2.24222E-01
5.07546E+01 2.24587E-01
5.04634E+01 2.24978E-01
5.01590E+01 2.25394E-01
4.98422E+01 2.25826E-01
4.95135E+01 2.26285E-01
4.91736E+01 2.26762E-01
4.88233E+01 2.27262E-01
4.84633E+01 2.27787E-01
4.80943E+01 2.28329E-01
4.77171E+01 2.28895E-01
4.73327E+01 2.29479E-01
4.69419E+01 2.30081E-01
4.65457E+01 2.30707E-01
4.61449E+01 2.31351E-01
4.57406E+01 2.32011E-01
4.53339E+01 2.32684E-01
4.49257E+01 2.33380E-01
4.45172E+01 2.34089E-01
4.41095E+01 2.34810E-01
4.37037E+01 2.35551E-01
4.33011E+01 2.36304E-01
4.29029E+01 2.37069E-01
4.25102E+01 2.37845E-01
4.21243E+01 2.38633E-01
4.17466E+01 2.39430E-01
4.13782E+01 2.40237E-01
4.10204E+01 2.41047E-01
4.06745E+01 2.41863E-01
4.03418E+01 2.42682E-01
4.00235E+01 2.43496E-01
3.97209E+01 2.44297E-01
3.94351E+01 2.45093E-01
3.91673E+01 2.45864E-01
3.89186E+01 2.46609E-01
3.86902E+01 2.47316E-01
3.84829E+01 2.47985E-01
3.82977E+01 2.48597E-01
3.81354E+01 2.49154E-01
3.79967E+01 2.49639E-01
3.78824E+01 2.50049E-01
3.77929E+01 2.50375E-01
3.77287E+01 2.50612E-01
3.76901E+01 2.50756E-01
3.76771E+01 2.50804E-01
