Will plot unflagged data


File # 1  = raise.vis
raise.vis 0.1514 GHz
Read 121 visibilities from all files

Baseline 1-4, plot 121 points
7.64464E-01 -5.53881E-02
7.64726E-01 -5.63941E-02
7.65510E-01 -5.73605E-02
7.66813E-01 -5.82862E-02
7.68629E-01 -5.91696E-02
7.70948E-01 -6.00096E-02
7.73761E-01 -6.08047E-02
7.77054E-01 -6.15539E-02
7.80812E-01 -6.22558E-02
7.85018E-01 -6.29094E-02
7.89653E-01 -6.35134E-02
7.94698E-01 -6.40666E-02
8.00131E-01 -6.45681E-02
8.05930E-01 -6.50169E-02
8.12070E-01 -6.54119E-02
8.18529E-01 -6.57520E-02
8.25279E-01 -6.70637E-02
8.32297E-01 -6.72916E-02
8.39556E-01 -6.74620E-02
8.47031E-01 -6.75742E-02
8.54696E-01 -6.76273E-02
8.62525E-01 -6.76205E-02
8.70493E-01 -6.75532E-02
8.78573E-01 -6.74248E-02
8.86742E-01 -6.82625E-02
8.94975E-01 -6.80100E-02
9.03247E-01 -6.76946E-02
9.11535E-01 -6.73159E-02
9.19817E-01 -6.79016E-02
9.28070E-01 -6.73949E-02
9.36273E-01 -6.68235E-02
9.44404E-01 -6.61873E-02
9.52444E-01 -6.65145E-02
9.60374E-01 -6.57479E-02
9.68173E-01 -6.49157E-02
9.75825E-01 -6.50465E-02
9.83312E-01 -6.40829E-02
9.90617E-01 -6.40823E-02
9.97726E-01 -6.29871E-02
1.00462E+00 -6.28550E-02
1.01129E+00 -6.16285E-02
1.01772E+00 -6.13653E-02
1.02389E+00 -6.00079E-02
1.02980E+00 -5.96144E-02
1.03544E+00 -5.81271E-02
1.04078E+00 -5.76043E-02
1.04583E+00 -5.70174E-02
1.05057E+00 -5.53376E-02
1.05499E+00 -5.46238E-02
1.05909E+00 -5.38471E-02
1.06286E+00 -5.19789E-02
1.06628E+00 -5.10783E-02
1.06937E+00 -5.01166E-02
1.07210E+00 -4.90945E-02
1.07448E+00 -4.69835E-02
1.07650E+00 -4.58427E-02
1.07816E+00 -4.46438E-02
1.07945E+00 -4.33875E-02
1.08037E+00 -4.20748E-02
1.08093E+00 -4.07064E-02
1.08112E+00 -3.92834E-02
1.08093E+00 -3.78067E-02
1.08037E+00 -3.62773E-02
1.07945E+00 -3.46963E-02
1.07816E+00 -3.30647E-02
1.07650E+00 -3.13837E-02
1.07448E+00 -2.96545E-02
1.07210E+00 -2.89075E-02
1.06937E+00 -2.70853E-02
1.06628E+00 -2.52185E-02
1.06286E+00 -2.33083E-02
1.05909E+00 -2.23854E-02
1.05499E+00 -2.03925E-02
1.05057E+00 -1.83603E-02
1.04583E+00 -1.73193E-02
1.04078E+00 -1.52127E-02
1.03544E+00 -1.30710E-02
1.02980E+00 -1.19247E-02
1.02389E+00 -9.71729E-03
1.01772E+00 -8.50821E-03
1.01129E+00 -6.24112E-03
1.00462E+00 -4.97542E-03
9.97726E-01 -2.65489E-03
9.90618E-01 -1.33877E-03
9.83312E-01 1.02885E-03
9.75825E-01 2.38887E-03
9.68174E-01 4.79709E-03
9.60374E-01 6.19451E-03
9.52445E-01 7.60822E-03
9.44405E-01 1.00649E-02
9.36273E-01 1.15060E-02
9.28071E-01 1.29583E-02
9.19818E-01 1.44201E-02
9.11536E-01 1.69179E-02
9.03247E-01 1.83934E-02
8.94975E-01 1.98734E-02
8.86743E-01 2.13561E-02
8.78574E-01 2.38675E-02
8.70493E-01 2.53502E-02
8.62526E-01 2.68304E-02
8.54697E-01 2.83064E-02
8.47032E-01 2.97765E-02
8.39557E-01 3.12389E-02
8.32297E-01 3.26920E-02
8.25279E-01 3.41340E-02
8.18529E-01 3.65904E-02
8.12071E-01 3.80052E-02
8.05930E-01 3.94039E-02
8.00132E-01 4.07848E-02
7.94699E-01 4.21463E-02
7.89654E-01 4.34868E-02
7.85018E-01 4.48046E-02
7.80812E-01 4.60982E-02
7.77054E-01 4.73659E-02
7.73761E-01 4.86062E-02
7.70949E-01 4.98175E-02
7.68629E-01 5.09983E-02
7.66813E-01 5.21470E-02
7.65510E-01 5.32624E-02
7.64726E-01 5.43427E-02
7.64464E-01 5.53866E-02
