Will plot unflagged data


File # 1  = raise.vis
raise.vis 0.1514 GHz
Read 121 visibilities from all files

Baseline 1-4, plot 121 points
7.64464E-01 1.94730E-01
7.64726E-01 1.94730E-01
7.65510E-01 1.94730E-01
7.66813E-01 1.94730E-01
7.68629E-01 1.94730E-01
7.70948E-01 1.94730E-01
7.73761E-01 1.94730E-01
7.77054E-01 1.94730E-01
7.80812E-01 1.94730E-01
7.85018E-01 1.94730E-01
7.89653E-01 1.94730E-01
7.94698E-01 1.94730E-01
8.00131E-01 1.94730E-01
8.05930E-01 1.94730E-01
8.12070E-01 1.94730E-01
8.18529E-01 1.94730E-01
8.25279E-01 1.94730E-01
8.32297E-01 1.94729E-01
8.39556E-01 1.94729E-01
8.47031E-01 1.94729E-01
8.54696E-01 1.94729E-01
8.62525E-01 1.94729E-01
8.70493E-01 1.94729E-01
8.78573E-01 1.94729E-01
8.86742E-01 1.94729E-01
8.94975E-01 1.94729E-01
9.03247E-01 1.94728E-01
9.11535E-01 1.94728E-01
9.19817E-01 1.94728E-01
9.28070E-01 1.94728E-01
9.36273E-01 1.94728E-01
9.44404E-01 1.94728E-01
9.52444E-01 1.94728E-01
9.60374E-01 1.94728E-01
9.68173E-01 1.94727E-01
9.75825E-01 1.94727E-01
9.83312E-01 1.94727E-01
9.90617E-01 1.94727E-01
9.97726E-01 1.94727E-01
1.00462E+00 1.94727E-01
1.01129E+00 1.94727E-01
1.01772E+00 1.94727E-01
1.02389E+00 1.94727E-01
1.02980E+00 1.94727E-01
1.03544E+00 1.94727E-01
1.04078E+00 1.94727E-01
1.04583E+00 1.94727E-01
1.05057E+00 1.94726E-01
1.05499E+00 1.94726E-01
1.05909E+00 1.94726E-01
1.06286E+00 1.94726E-01
1.06628E+00 1.94726E-01
1.06937E+00 1.94726E-01
1.07210E+00 1.94726E-01
1.07448E+00 1.94726E-01
1.07650E+00 1.94726E-01
1.07816E+00 1.94726E-01
1.07945E+00 1.94726E-01
1.08037E+00 1.94726E-01
1.08093E+00 1.94726E-01
1.08112E+00 1.94726E-01
1.08093E+00 1.94726E-01
1.08037E+00 1.94726E-01
1.07945E+00 1.94726E-01
1.07816E+00 1.94726E-01
1.07650E+00 1.94726E-01
1.07448E+00 1.94726E-01
1.07210E+00 1.94726E-01
1.06937E+00 1.94726E-01
1.06628E+00 1.94726E-01
1.06286E+00 1.94726E-01
1.05909E+00 1.94726E-01
1.05499E+00 1.94726E-01
1.05057E+00 1.94726E-01
1.04583E+00 1.94727E-01
1.04078E+00 1.94726E-01
1.03544E+00 1.94727E-01
1.02980E+00 1.94727E-01
1.02389E+00 1.94727E-01
1.01772E+00 1.94727E-01
1.01129E+00 1.94727E-01
1.00462E+00 1.94727E-01
9.97726E-01 1.94727E-01
9.90618E-01 1.94727E-01
9.83312E-01 1.94727E-01
9.75825E-01 1.94727E-01
9.68174E-01 1.94727E-01
9.60374E-01 1.94728E-01
9.52445E-01 1.94728E-01
9.44405E-01 1.94728E-01
9.36273E-01 1.94728E-01
9.28071E-01 1.94728E-01
9.19818E-01 1.94728E-01
9.11536E-01 1.94728E-01
9.03247E-01 1.94728E-01
8.94975E-01 1.94729E-01
8.86743E-01 1.94729E-01
8.78574E-01 1.94729E-01
8.70493E-01 1.94729E-01
8.62526E-01 1.94729E-01
8.54697E-01 1.94729E-01
8.47032E-01 1.94729E-01
8.39557E-01 1.94729E-01
8.32297E-01 1.94729E-01
8.25279E-01 1.94729E-01
8.18529E-01 1.94729E-01
8.12071E-01 1.94730E-01
8.05930E-01 1.94730E-01
8.00132E-01 1.94730E-01
7.94699E-01 1.94730E-01
7.89654E-01 1.94730E-01
7.85018E-01 1.94730E-01
7.80812E-01 1.94730E-01
7.77054E-01 1.94730E-01
7.73761E-01 1.94730E-01
7.70949E-01 1.94730E-01
7.68629E-01 1.94730E-01
7.66813E-01 1.94730E-01
7.65510E-01 1.94730E-01
7.64726E-01 1.94730E-01
7.64464E-01 1.94730E-01
