Will plot unflagged data


File # 1  = raise.vis
raise.vis 1.5136 GHz
Read 121 visibilities from all files

Baseline 1-5, plot 121 points
9.93803E+00 1.78168E-01
9.94143E+00 1.78167E-01
9.95163E+00 1.78164E-01
9.96857E+00 1.78159E-01
9.99217E+00 1.78153E-01
1.00223E+01 1.78144E-01
1.00589E+01 1.78133E-01
1.01017E+01 1.78121E-01
1.01506E+01 1.78107E-01
1.02052E+01 1.78091E-01
1.02655E+01 1.78074E-01
1.03311E+01 1.78054E-01
1.04017E+01 1.78034E-01
1.04771E+01 1.78011E-01
1.05569E+01 1.77988E-01
1.06409E+01 1.77963E-01
1.07286E+01 1.77937E-01
1.08199E+01 1.77910E-01
1.09142E+01 1.77881E-01
1.10114E+01 1.77852E-01
1.11111E+01 1.77822E-01
1.12128E+01 1.77790E-01
1.13164E+01 1.77759E-01
1.14215E+01 1.77725E-01
1.15276E+01 1.77694E-01
1.16347E+01 1.77659E-01
1.17422E+01 1.77625E-01
1.18500E+01 1.77591E-01
1.19576E+01 1.77557E-01
1.20649E+01 1.77523E-01
1.21715E+01 1.77488E-01
1.22773E+01 1.77454E-01
1.23818E+01 1.77420E-01
1.24849E+01 1.77385E-01
1.25863E+01 1.77351E-01
1.26857E+01 1.77320E-01
1.27831E+01 1.77288E-01
1.28780E+01 1.77256E-01
1.29704E+01 1.77225E-01
1.30601E+01 1.77195E-01
1.31468E+01 1.77166E-01
1.32303E+01 1.77140E-01
1.33106E+01 1.77111E-01
1.33874E+01 1.77086E-01
1.34607E+01 1.77062E-01
1.35302E+01 1.77037E-01
1.35958E+01 1.77015E-01
1.36574E+01 1.76993E-01
1.37149E+01 1.76973E-01
1.37682E+01 1.76956E-01
1.38171E+01 1.76939E-01
1.38617E+01 1.76925E-01
1.39018E+01 1.76911E-01
1.39373E+01 1.76899E-01
1.39682E+01 1.76888E-01
1.39945E+01 1.76879E-01
1.40161E+01 1.76870E-01
1.40328E+01 1.76865E-01
1.40449E+01 1.76862E-01
1.40521E+01 1.76859E-01
1.40545E+01 1.76859E-01
1.40521E+01 1.76859E-01
1.40449E+01 1.76862E-01
1.40328E+01 1.76865E-01
1.40161E+01 1.76870E-01
1.39945E+01 1.76879E-01
1.39682E+01 1.76888E-01
1.39373E+01 1.76899E-01
1.39018E+01 1.76911E-01
1.38617E+01 1.76925E-01
1.38171E+01 1.76939E-01
1.37682E+01 1.76956E-01
1.37149E+01 1.76973E-01
1.36574E+01 1.76993E-01
1.35958E+01 1.77015E-01
1.35302E+01 1.77037E-01
1.34607E+01 1.77062E-01
1.33875E+01 1.77086E-01
1.33106E+01 1.77111E-01
1.32303E+01 1.77140E-01
1.31468E+01 1.77166E-01
1.30601E+01 1.77195E-01
1.29704E+01 1.77225E-01
1.28780E+01 1.77256E-01
1.27831E+01 1.77288E-01
1.26857E+01 1.77320E-01
1.25863E+01 1.77351E-01
1.24849E+01 1.77385E-01
1.23818E+01 1.77420E-01
1.22773E+01 1.77454E-01
1.21716E+01 1.77488E-01
1.20649E+01 1.77523E-01
1.19576E+01 1.77557E-01
1.18500E+01 1.77591E-01
1.17422E+01 1.77625E-01
1.16347E+01 1.77659E-01
1.15277E+01 1.77694E-01
1.14215E+01 1.77725E-01
1.13164E+01 1.77759E-01
1.12128E+01 1.77790E-01
1.11111E+01 1.77822E-01
1.10114E+01 1.77852E-01
1.09142E+01 1.77881E-01
1.08199E+01 1.77910E-01
1.07286E+01 1.77937E-01
1.06409E+01 1.77963E-01
1.05569E+01 1.77988E-01
1.04771E+01 1.78011E-01
1.04017E+01 1.78034E-01
1.03311E+01 1.78054E-01
1.02655E+01 1.78074E-01
1.02052E+01 1.78091E-01
1.01506E+01 1.78107E-01
1.01017E+01 1.78121E-01
1.00589E+01 1.78133E-01
1.00223E+01 1.78144E-01
9.99218E+00 1.78152E-01
9.96857E+00 1.78159E-01
9.95163E+00 1.78164E-01
9.94143E+00 1.78167E-01
9.93803E+00 1.78168E-01
