Will plot unflagged data


File # 1  = raise.vis
raise.vis 1.5136 GHz
Read 121 visibilities from all files

Baseline 1-5, plot 121 points
9.93803E+00 -1.21668E+00
9.94143E+00 -1.23871E+00
9.95163E+00 -1.25984E+00
9.96857E+00 -1.28106E+00
9.99217E+00 -1.30031E+00
1.00223E+01 -1.31859E+00
1.00589E+01 -1.33588E+00
1.01017E+01 -1.35319E+00
1.01506E+01 -1.36947E+00
1.02052E+01 -1.38365E+00
1.02655E+01 -1.39777E+00
1.03311E+01 -1.41080E+00
1.04017E+01 -1.42270E+00
1.04771E+01 -1.43346E+00
1.05569E+01 -1.44409E+00
1.06409E+01 -1.45355E+00
1.07286E+01 -1.46182E+00
1.08199E+01 -1.46887E+00
1.09142E+01 -1.47461E+00
1.10114E+01 -1.48008E+00
1.11111E+01 -1.48422E+00
1.12128E+01 -1.48704E+00
1.13164E+01 -1.48956E+00
1.14215E+01 -1.48970E+00
1.15276E+01 -1.49054E+00
1.16347E+01 -1.48898E+00
1.17422E+01 -1.48708E+00
1.18500E+01 -1.48378E+00
1.19576E+01 -1.48013E+00
1.20649E+01 -1.47506E+00
1.21715E+01 -1.46859E+00
1.22773E+01 -1.46173E+00
1.23818E+01 -1.45345E+00
1.24849E+01 -1.44374E+00
1.25863E+01 -1.43364E+00
1.26857E+01 -1.42315E+00
1.27831E+01 -1.41123E+00
1.28780E+01 -1.39788E+00
1.29704E+01 -1.38410E+00
1.30601E+01 -1.36886E+00
1.31468E+01 -1.35320E+00
1.32303E+01 -1.33712E+00
1.33106E+01 -1.31857E+00
1.33874E+01 -1.30064E+00
1.34607E+01 -1.28129E+00
1.35302E+01 -1.26052E+00
1.35958E+01 -1.23937E+00
1.36574E+01 -1.21682E+00
1.37149E+01 -1.19392E+00
1.37682E+01 -1.17066E+00
1.38171E+01 -1.14603E+00
1.38617E+01 -1.12109E+00
1.39018E+01 -1.09480E+00
1.39373E+01 -1.06821E+00
1.39682E+01 -1.04032E+00
1.39945E+01 -1.01216E+00
1.40161E+01 -9.82728E-01
1.40328E+01 -9.53066E-01
1.40449E+01 -9.23196E-01
1.40521E+01 -8.92104E-01
1.40545E+01 -8.60845E-01
1.40521E+01 -8.28407E-01
1.40449E+01 -7.95844E-01
1.40328E+01 -7.62148E-01
1.40161E+01 -7.28374E-01
1.39945E+01 -6.94548E-01
1.39682E+01 -6.59661E-01
1.39373E+01 -6.24773E-01
1.39018E+01 -5.88877E-01
1.38617E+01 -5.53034E-01
1.38171E+01 -5.16238E-01
1.37682E+01 -4.79551E-01
1.37149E+01 -4.41970E-01
1.36574E+01 -4.04557E-01
1.35958E+01 -3.67342E-01
1.35302E+01 -3.29323E-01
1.34607E+01 -2.91563E-01
1.33875E+01 -2.53062E-01
1.33106E+01 -2.13852E-01
1.32303E+01 -1.76026E-01
1.31468E+01 -1.36525E-01
1.30601E+01 -9.74406E-02
1.29704E+01 -5.88036E-02
1.28780E+01 -1.96166E-02
1.27831E+01 1.90560E-02
1.26857E+01 5.81770E-02
1.25863E+01 9.77089E-02
1.24849E+01 1.36589E-01
1.23818E+01 1.74780E-01
1.22773E+01 2.13278E-01
1.21716E+01 2.52049E-01
1.20649E+01 2.90025E-01
1.19576E+01 3.28202E-01
1.18500E+01 3.66546E-01
1.17422E+01 4.03986E-01
1.16347E+01 4.41519E-01
1.15277E+01 4.78076E-01
1.14215E+01 5.15685E-01
1.13164E+01 5.51214E-01
1.12128E+01 5.87724E-01
1.11111E+01 6.23116E-01
1.10114E+01 6.58391E-01
1.09142E+01 6.93516E-01
1.08199E+01 7.27434E-01
1.07286E+01 7.61147E-01
1.06409E+01 7.94570E-01
1.05569E+01 8.27635E-01
1.04771E+01 8.60315E-01
1.04017E+01 8.91550E-01
1.03311E+01 9.22341E-01
1.02655E+01 9.52657E-01
1.02052E+01 9.82467E-01
1.01506E+01 1.01071E+00
1.01017E+01 1.03941E+00
1.00589E+01 1.06751E+00
1.00223E+01 1.09394E+00
9.99218E+00 1.11971E+00
9.96857E+00 1.14478E+00
9.95163E+00 1.17018E+00
9.94143E+00 1.19380E+00
9.93803E+00 1.21667E+00
