Will plot unflagged data


File # 1  = raise.vis
raise.vis 4.7863 GHz
Read 121 visibilities from all files

Baseline 1-5, plot 121 points
3.14268E+01 7.50683E-01
3.14376E+01 7.54838E-01
3.14698E+01 7.58993E-01
3.15234E+01 7.63148E-01
3.15980E+01 7.67304E-01
3.16934E+01 7.71459E-01
3.18090E+01 7.75614E-01
3.19444E+01 7.79770E-01
3.20989E+01 7.83925E-01
3.22718E+01 7.88080E-01
3.24623E+01 7.92235E-01
3.26697E+01 7.96391E-01
3.28931E+01 8.00546E-01
3.31315E+01 8.04701E-01
3.33839E+01 8.08857E-01
3.36494E+01 8.13012E-01
3.39269E+01 8.17167E-01
3.42154E+01 8.21322E-01
3.45138E+01 8.25478E-01
3.48211E+01 8.29633E-01
3.51362E+01 8.33788E-01
3.54581E+01 8.37944E-01
3.57856E+01 8.42099E-01
3.61178E+01 8.46254E-01
3.64536E+01 8.50409E-01
3.67921E+01 8.54565E-01
3.71321E+01 8.58720E-01
3.74729E+01 8.62875E-01
3.78133E+01 8.67031E-01
3.81526E+01 8.71186E-01
3.84898E+01 8.75341E-01
3.88241E+01 8.79496E-01
3.91546E+01 8.83652E-01
3.94806E+01 8.87807E-01
3.98012E+01 8.91962E-01
4.01158E+01 8.96118E-01
4.04236E+01 9.00273E-01
4.07239E+01 9.04428E-01
4.10161E+01 9.08583E-01
4.12996E+01 9.12739E-01
4.15738E+01 9.16894E-01
4.18380E+01 9.21049E-01
4.20919E+01 9.25205E-01
4.23348E+01 9.29360E-01
4.25664E+01 9.33515E-01
4.27861E+01 9.37670E-01
4.29936E+01 9.41826E-01
4.31884E+01 9.45981E-01
4.33702E+01 9.50136E-01
4.35387E+01 9.54292E-01
4.36936E+01 9.58447E-01
4.38345E+01 9.62602E-01
4.39613E+01 9.66758E-01
4.40737E+01 9.70913E-01
4.41715E+01 9.75068E-01
4.42545E+01 9.79223E-01
4.43226E+01 9.83379E-01
4.43758E+01 9.87534E-01
4.44138E+01 9.91689E-01
4.44366E+01 9.95845E-01
4.44442E+01 1.00000E+00
4.44366E+01 1.00416E+00
4.44138E+01 1.00831E+00
4.43758E+01 1.01247E+00
4.43226E+01 1.01662E+00
4.42545E+01 1.02078E+00
4.41715E+01 1.02493E+00
4.40737E+01 1.02909E+00
4.39613E+01 1.03324E+00
4.38345E+01 1.03740E+00
4.36936E+01 1.04155E+00
4.35387E+01 1.04571E+00
4.33702E+01 1.04986E+00
4.31884E+01 1.05402E+00
4.29936E+01 1.05817E+00
4.27861E+01 1.06233E+00
4.25664E+01 1.06648E+00
4.23348E+01 1.07064E+00
4.20919E+01 1.07480E+00
4.18380E+01 1.07895E+00
4.15738E+01 1.08311E+00
4.12996E+01 1.08726E+00
4.10161E+01 1.09142E+00
4.07239E+01 1.09557E+00
4.04236E+01 1.09973E+00
4.01158E+01 1.10388E+00
3.98012E+01 1.10804E+00
3.94806E+01 1.11219E+00
3.91546E+01 1.11635E+00
3.88241E+01 1.12050E+00
3.84898E+01 1.12466E+00
3.81526E+01 1.12881E+00
3.78133E+01 1.13297E+00
3.74729E+01 1.13712E+00
3.71321E+01 1.14128E+00
3.67921E+01 1.14543E+00
3.64536E+01 1.14959E+00
3.61178E+01 1.15375E+00
3.57856E+01 1.15790E+00
3.54581E+01 1.16206E+00
3.51363E+01 1.16621E+00
3.48211E+01 1.17037E+00
3.45139E+01 1.17452E+00
3.42154E+01 1.17868E+00
3.39269E+01 1.18283E+00
3.36494E+01 1.18699E+00
3.33839E+01 1.19114E+00
3.31315E+01 1.19530E+00
3.28931E+01 1.19945E+00
3.26698E+01 1.20361E+00
3.24624E+01 1.20776E+00
3.22718E+01 1.21192E+00
3.20989E+01 1.21607E+00
3.19444E+01 1.22023E+00
3.18090E+01 1.22439E+00
3.16934E+01 1.22854E+00
3.15980E+01 1.23270E+00
3.15234E+01 1.23685E+00
3.14698E+01 1.24101E+00
3.14376E+01 1.24516E+00
3.14268E+01 1.24932E+00
