Will plot unflagged data


File # 1  = raise.vis
raise.vis 15.1356 GHz
Read 121 visibilities from all files

Baseline 2-3, plot 121 points
5.62427E+01 1.21449E-02
5.62620E+01 1.21442E-02
5.63197E+01 1.21419E-02
5.64155E+01 1.21382E-02
5.65491E+01 1.21331E-02
5.67198E+01 1.21265E-02
5.69267E+01 1.21186E-02
5.71690E+01 1.21093E-02
5.74454E+01 1.20988E-02
5.77549E+01 1.20871E-02
5.80959E+01 1.20741E-02
5.84671E+01 1.20603E-02
5.88668E+01 1.20453E-02
5.92934E+01 1.20296E-02
5.97452E+01 1.20130E-02
6.02203E+01 1.19958E-02
6.07170E+01 1.19778E-02
6.12333E+01 1.19594E-02
6.17674E+01 1.19405E-02
6.23173E+01 1.19211E-02
6.28812E+01 1.19016E-02
6.34572E+01 1.18820E-02
6.40434E+01 1.18620E-02
6.46379E+01 1.18421E-02
6.52389E+01 1.18221E-02
6.58446E+01 1.18023E-02
6.64532E+01 1.17826E-02
6.70629E+01 1.17633E-02
6.76723E+01 1.17439E-02
6.82794E+01 1.17248E-02
6.88829E+01 1.17063E-02
6.94812E+01 1.16880E-02
7.00727E+01 1.16702E-02
7.06561E+01 1.16527E-02
7.12299E+01 1.16358E-02
7.17928E+01 1.16195E-02
7.23437E+01 1.16034E-02
7.28811E+01 1.15881E-02
7.34041E+01 1.15733E-02
7.39114E+01 1.15591E-02
7.44021E+01 1.15455E-02
7.48750E+01 1.15325E-02
7.53294E+01 1.15201E-02
7.57641E+01 1.15082E-02
7.61785E+01 1.14971E-02
7.65717E+01 1.14867E-02
7.69430E+01 1.14769E-02
7.72917E+01 1.14677E-02
7.76171E+01 1.14591E-02
7.79187E+01 1.14512E-02
7.81958E+01 1.14439E-02
7.84480E+01 1.14375E-02
7.86749E+01 1.14317E-02
7.88760E+01 1.14265E-02
7.90510E+01 1.14222E-02
7.91997E+01 1.14183E-02
7.93216E+01 1.14151E-02
7.94167E+01 1.14129E-02
7.94847E+01 1.14110E-02
7.95256E+01 1.14100E-02
7.95392E+01 1.14098E-02
7.95255E+01 1.14100E-02
7.94847E+01 1.14110E-02
7.94167E+01 1.14129E-02
7.93216E+01 1.14151E-02
7.91997E+01 1.14183E-02
7.90511E+01 1.14222E-02
7.88760E+01 1.14265E-02
7.86749E+01 1.14317E-02
7.84480E+01 1.14375E-02
7.81958E+01 1.14439E-02
7.79187E+01 1.14512E-02
7.76171E+01 1.14591E-02
7.72917E+01 1.14677E-02
7.69431E+01 1.14769E-02
7.65718E+01 1.14867E-02
7.61786E+01 1.14971E-02
7.57642E+01 1.15082E-02
7.53294E+01 1.15201E-02
7.48751E+01 1.15325E-02
7.44021E+01 1.15455E-02
7.39115E+01 1.15591E-02
7.34041E+01 1.15733E-02
7.28812E+01 1.15881E-02
7.23437E+01 1.16034E-02
7.17929E+01 1.16195E-02
7.12299E+01 1.16358E-02
7.06561E+01 1.16528E-02
7.00727E+01 1.16702E-02
6.94812E+01 1.16880E-02
6.88830E+01 1.17063E-02
6.82795E+01 1.17248E-02
6.76723E+01 1.17439E-02
6.70630E+01 1.17633E-02
6.64532E+01 1.17826E-02
6.58446E+01 1.18023E-02
6.52389E+01 1.18221E-02
6.46379E+01 1.18421E-02
6.40434E+01 1.18620E-02
6.34573E+01 1.18820E-02
6.28813E+01 1.19016E-02
6.23173E+01 1.19211E-02
6.17674E+01 1.19405E-02
6.12333E+01 1.19594E-02
6.07170E+01 1.19778E-02
6.02203E+01 1.19958E-02
5.97452E+01 1.20130E-02
5.92934E+01 1.20296E-02
5.88668E+01 1.20453E-02
5.84671E+01 1.20603E-02
5.80959E+01 1.20741E-02
5.77549E+01 1.20871E-02
5.74455E+01 1.20988E-02
5.71690E+01 1.21093E-02
5.69267E+01 1.21186E-02
5.67198E+01 1.21265E-02
5.65491E+01 1.21331E-02
5.64155E+01 1.21382E-02
5.63197E+01 1.21419E-02
5.62620E+01 1.21442E-02
5.62427E+01 1.21449E-02
