Will plot unflagged data


File # 1  = raise.vis
raise.vis 15.1356 GHz
Read 121 visibilities from all files

Baseline 2-3, plot 121 points
5.62427E+01 -7.09081E+00
5.62620E+01 -7.22004E+00
5.63197E+01 -7.34288E+00
5.64155E+01 -7.46204E+00
5.65491E+01 -7.57644E+00
5.67198E+01 -7.68425E+00
5.69267E+01 -7.78780E+00
5.71690E+01 -7.88601E+00
5.74454E+01 -7.97841E+00
5.77549E+01 -8.06582E+00
5.80959E+01 -8.14650E+00
5.84671E+01 -8.22319E+00
5.88668E+01 -8.29306E+00
5.92934E+01 -8.35807E+00
5.97452E+01 -8.41667E+00
6.02203E+01 -8.46996E+00
6.07170E+01 -8.51708E+00
6.12333E+01 -8.55847E+00
6.17674E+01 -8.59416E+00
6.23173E+01 -8.62339E+00
6.28812E+01 -8.64759E+00
6.34572E+01 -8.66581E+00
6.40434E+01 -8.67725E+00
6.46379E+01 -8.68337E+00
6.52389E+01 -8.68337E+00
6.58446E+01 -8.67730E+00
6.64532E+01 -8.66552E+00
6.70629E+01 -8.64883E+00
6.76723E+01 -8.62467E+00
6.82794E+01 -8.59441E+00
6.88829E+01 -8.55937E+00
6.94812E+01 -8.51781E+00
7.00727E+01 -8.47087E+00
7.06561E+01 -8.41772E+00
7.12299E+01 -8.35859E+00
7.17928E+01 -8.29492E+00
7.23437E+01 -8.22372E+00
7.28811E+01 -8.14826E+00
7.34041E+01 -8.06665E+00
7.39114E+01 -7.97985E+00
7.44021E+01 -7.88747E+00
7.48750E+01 -7.78974E+00
7.53294E+01 -7.68677E+00
7.57641E+01 -7.57761E+00
7.61785E+01 -7.46449E+00
7.65717E+01 -7.34611E+00
7.69430E+01 -7.22249E+00
7.72917E+01 -7.09375E+00
7.76171E+01 -6.96000E+00
7.79187E+01 -6.82133E+00
7.81958E+01 -6.67780E+00
7.84480E+01 -6.53055E+00
7.86749E+01 -6.37863E+00
7.88760E+01 -6.22213E+00
7.90510E+01 -6.06206E+00
7.91997E+01 -5.89646E+00
7.93216E+01 -5.72751E+00
7.94167E+01 -5.55534E+00
7.94847E+01 -5.37799E+00
7.95256E+01 -5.19765E+00
7.95392E+01 -5.01444E+00
7.95255E+01 -4.82642E+00
7.94847E+01 -4.63578E+00
7.94167E+01 -4.44266E+00
7.93216E+01 -4.24513E+00
7.91997E+01 -4.04539E+00
7.90511E+01 -3.84357E+00
7.88760E+01 -3.63774E+00
7.86749E+01 -3.43011E+00
7.84480E+01 -3.21992E+00
7.81958E+01 -3.00733E+00
7.79187E+01 -2.79353E+00
7.76171E+01 -2.57765E+00
7.72917E+01 -2.35983E+00
7.69431E+01 -2.14025E+00
7.65718E+01 -1.91905E+00
7.61786E+01 -1.69631E+00
7.57642E+01 -1.47228E+00
7.53294E+01 -1.24845E+00
7.48751E+01 -1.02287E+00
7.44021E+01 -7.96671E-01
7.39115E+01 -5.69978E-01
7.34041E+01 -3.42795E-01
7.28812E+01 -1.15714E-01
7.23437E+01 1.12017E-01
7.17929E+01 3.38298E-01
7.12299E+01 5.66189E-01
7.06561E+01 7.92499E-01
7.00727E+01 1.01848E+00
6.94812E+01 1.24416E+00
6.88830E+01 1.46854E+00
6.82795E+01 1.69256E+00
6.76723E+01 1.91432E+00
6.70630E+01 2.13494E+00
6.64532E+01 2.35566E+00
6.58446E+01 2.57372E+00
6.52389E+01 2.78979E+00
6.46379E+01 3.00406E+00
6.40434E+01 3.21644E+00
6.34573E+01 3.42600E+00
6.28813E+01 3.63404E+00
6.23173E+01 3.83965E+00
6.17674E+01 4.04174E+00
6.12333E+01 4.24163E+00
6.07170E+01 4.43846E+00
6.02203E+01 4.63214E+00
5.97452E+01 4.82300E+00
5.92934E+01 5.01011E+00
5.88668E+01 5.19444E+00
5.84671E+01 5.37441E+00
5.80959E+01 5.55188E+00
5.77549E+01 5.72395E+00
5.74455E+01 5.89329E+00
5.71690E+01 6.05812E+00
5.69267E+01 6.21921E+00
5.67198E+01 6.37604E+00
5.65491E+01 6.52747E+00
5.64155E+01 6.67585E+00
5.63197E+01 6.81929E+00
5.62620E+01 6.95671E+00
5.62427E+01 7.09079E+00
