Will plot unflagged data


File # 1  = raise.vis
raise.vis 0.4786 GHz
Read 121 visibilities from all files

Baseline 2-3, plot 121 points
1.77855E+00 6.64211E+00
1.77916E+00 6.64208E+00
1.78098E+00 6.64201E+00
1.78402E+00 6.64189E+00
1.78824E+00 6.64173E+00
1.79364E+00 6.64152E+00
1.80018E+00 6.64127E+00
1.80784E+00 6.64097E+00
1.81658E+00 6.64064E+00
1.82637E+00 6.64025E+00
1.83715E+00 6.63981E+00
1.84889E+00 6.63936E+00
1.86153E+00 6.63887E+00
1.87502E+00 6.63830E+00
1.88931E+00 6.63772E+00
1.90433E+00 6.63710E+00
1.92004E+00 6.63650E+00
1.93637E+00 6.63581E+00
1.95326E+00 6.63508E+00
1.97065E+00 6.63437E+00
1.98848E+00 6.63363E+00
2.00669E+00 6.63286E+00
2.02523E+00 6.63205E+00
2.04403E+00 6.63129E+00
2.06303E+00 6.63049E+00
2.08219E+00 6.62967E+00
2.10143E+00 6.62882E+00
2.12072E+00 6.62795E+00
2.13998E+00 6.62712E+00
2.15919E+00 6.62628E+00
2.17827E+00 6.62541E+00
2.19719E+00 6.62460E+00
2.21589E+00 6.62369E+00
2.23434E+00 6.62294E+00
2.25249E+00 6.62208E+00
2.27029E+00 6.62129E+00
2.28771E+00 6.62049E+00
2.30470E+00 6.61968E+00
2.32124E+00 6.61894E+00
2.33728E+00 6.61820E+00
2.35280E+00 6.61744E+00
2.36776E+00 6.61677E+00
2.38212E+00 6.61610E+00
2.39587E+00 6.61541E+00
2.40898E+00 6.61481E+00
2.42141E+00 6.61421E+00
2.43315E+00 6.61361E+00
2.44418E+00 6.61310E+00
2.45447E+00 6.61259E+00
2.46400E+00 6.61217E+00
2.47277E+00 6.61176E+00
2.48074E+00 6.61134E+00
2.48792E+00 6.61103E+00
2.49428E+00 6.61071E+00
2.49981E+00 6.61039E+00
2.50451E+00 6.61018E+00
2.50837E+00 6.60997E+00
2.51138E+00 6.60986E+00
2.51353E+00 6.60976E+00
2.51482E+00 6.60965E+00
2.51525E+00 6.60965E+00
2.51482E+00 6.60965E+00
2.51353E+00 6.60976E+00
2.51138E+00 6.60986E+00
2.50837E+00 6.60997E+00
2.50451E+00 6.61018E+00
2.49981E+00 6.61039E+00
2.49428E+00 6.61071E+00
2.48792E+00 6.61103E+00
2.48075E+00 6.61134E+00
2.47277E+00 6.61176E+00
2.46400E+00 6.61218E+00
2.45447E+00 6.61259E+00
2.44418E+00 6.61310E+00
2.43315E+00 6.61361E+00
2.42141E+00 6.61421E+00
2.40898E+00 6.61481E+00
2.39587E+00 6.61541E+00
2.38212E+00 6.61609E+00
2.36776E+00 6.61677E+00
2.35280E+00 6.61744E+00
2.33729E+00 6.61820E+00
2.32124E+00 6.61894E+00
2.30470E+00 6.61968E+00
2.28771E+00 6.62049E+00
2.27029E+00 6.62129E+00
2.25249E+00 6.62208E+00
2.23434E+00 6.62294E+00
2.21589E+00 6.62369E+00
2.19719E+00 6.62460E+00
2.17827E+00 6.62541E+00
2.15919E+00 6.62628E+00
2.13999E+00 6.62712E+00
2.12072E+00 6.62794E+00
2.10143E+00 6.62882E+00
2.08219E+00 6.62967E+00
2.06304E+00 6.63049E+00
2.04403E+00 6.63128E+00
2.02523E+00 6.63205E+00
2.00669E+00 6.63286E+00
1.98848E+00 6.63363E+00
1.97065E+00 6.63437E+00
1.95326E+00 6.63508E+00
1.93637E+00 6.63581E+00
1.92004E+00 6.63650E+00
1.90433E+00 6.63711E+00
1.88931E+00 6.63772E+00
1.87502E+00 6.63830E+00
1.86153E+00 6.63887E+00
1.84889E+00 6.63936E+00
1.83716E+00 6.63981E+00
1.82637E+00 6.64025E+00
1.81658E+00 6.64064E+00
1.80784E+00 6.64097E+00
1.80018E+00 6.64127E+00
1.79364E+00 6.64152E+00
1.78824E+00 6.64173E+00
1.78402E+00 6.64190E+00
1.78098E+00 6.64201E+00
1.77916E+00 6.64208E+00
1.77855E+00 6.64211E+00
