Will plot unflagged data


File # 1  = raise.vis
raise.vis 0.4786 GHz
Read 121 visibilities from all files

Baseline 2-3, plot 121 points
1.77855E+00 -8.36827E-01
1.77916E+00 -8.52124E-01
1.78098E+00 -8.66802E-01
1.78402E+00 -8.80845E-01
1.78824E+00 -8.94238E-01
1.79364E+00 -9.06964E-01
1.80018E+00 -9.19006E-01
1.80784E+00 -9.30347E-01
1.81658E+00 -9.42005E-01
1.82637E+00 -9.51898E-01
1.83715E+00 -9.61040E-01
1.84889E+00 -9.70451E-01
1.86153E+00 -9.79081E-01
1.87502E+00 -9.85883E-01
1.88931E+00 -9.92907E-01
1.90433E+00 -9.99108E-01
1.92004E+00 -1.00550E+00
1.93637E+00 -1.01002E+00
1.95326E+00 -1.01367E+00
1.97065E+00 -1.01748E+00
1.98848E+00 -1.02041E+00
2.00669E+00 -1.02244E+00
2.02523E+00 -1.02357E+00
2.04403E+00 -1.02483E+00
2.06303E+00 -1.02517E+00
2.08219E+00 -1.02457E+00
2.10143E+00 -1.02301E+00
2.12072E+00 -1.02049E+00
2.13998E+00 -1.01801E+00
2.15919E+00 -1.01456E+00
2.17827E+00 -1.01013E+00
2.19719E+00 -1.00574E+00
2.21589E+00 -9.99340E-01
2.23434E+00 -9.94009E-01
2.25249E+00 -9.86654E-01
2.27029E+00 -9.79338E-01
2.28771E+00 -9.71028E-01
2.30470E+00 -9.61724E-01
2.32124E+00 -9.52458E-01
2.33728E+00 -9.42200E-01
2.35280E+00 -9.30950E-01
2.36776E+00 -9.19743E-01
2.38212E+00 -9.07550E-01
2.39587E+00 -8.94374E-01
2.40898E+00 -8.81252E-01
2.42141E+00 -8.67156E-01
2.43315E+00 -8.52091E-01
2.44418E+00 -8.37097E-01
2.45447E+00 -8.21147E-01
2.46400E+00 -8.05281E-01
2.47277E+00 -7.88475E-01
2.48074E+00 -7.70737E-01
2.48792E+00 -7.53109E-01
2.49428E+00 -7.34569E-01
2.49981E+00 -7.15128E-01
2.50451E+00 -6.95827E-01
2.50837E+00 -6.75648E-01
2.51138E+00 -6.55635E-01
2.51353E+00 -6.34769E-01
2.51482E+00 -6.13062E-01
2.51525E+00 -5.91562E-01
2.51482E+00 -5.69251E-01
2.51353E+00 -5.47177E-01
2.51138E+00 -5.24322E-01
2.50837E+00 -5.00704E-01
2.50451E+00 -4.77372E-01
2.49981E+00 -4.53311E-01
2.49428E+00 -4.29571E-01
2.48792E+00 -4.05138E-01
2.48075E+00 -3.80031E-01
2.47277E+00 -3.55302E-01
2.46400E+00 -3.29938E-01
2.45447E+00 -3.03960E-01
2.44418E+00 -2.78421E-01
2.43315E+00 -2.52308E-01
2.42141E+00 -2.26677E-01
2.40898E+00 -2.00517E-01
2.39587E+00 -1.73848E-01
2.38212E+00 -1.47728E-01
2.36776E+00 -1.21146E-01
2.35280E+00 -9.41240E-02
2.33729E+00 -6.77193E-02
2.32124E+00 -4.09224E-02
2.30470E+00 -1.37572E-02
2.28771E+00 1.27195E-02
2.27029E+00 3.95165E-02
2.25249E+00 6.66092E-02
2.23434E+00 9.29409E-02
2.21589E+00 1.20552E-01
2.19719E+00 1.46321E-01
2.17827E+00 1.73319E-01
2.15919E+00 1.99461E-01
2.13999E+00 2.25751E-01
2.12072E+00 2.52167E-01
2.10143E+00 2.77656E-01
2.08219E+00 3.03224E-01
2.06304E+00 3.28846E-01
2.04403E+00 3.54470E-01
2.02523E+00 3.80066E-01
2.00669E+00 4.04581E-01
1.98848E+00 4.29018E-01
1.97065E+00 4.53355E-01
1.95326E+00 4.77566E-01
1.93637E+00 5.00596E-01
1.92004E+00 5.23452E-01
1.90433E+00 5.47143E-01
1.88931E+00 5.69579E-01
1.87502E+00 5.91768E-01
1.86153E+00 6.12654E-01
1.84889E+00 6.34277E-01
1.83716E+00 6.55581E-01
1.82637E+00 6.75509E-01
1.81658E+00 6.95071E-01
1.80784E+00 7.15277E-01
1.80018E+00 7.34038E-01
1.79364E+00 7.52367E-01
1.78824E+00 7.70243E-01
1.78402E+00 7.87644E-01
1.78098E+00 8.04554E-01
1.77916E+00 8.20952E-01
1.77855E+00 8.36823E-01
