Will plot unflagged data


File # 1  = raise.vis
raise.vis 4.7863 GHz
Read 121 visibilities from all files

Baseline 1-4, plot 121 points
2.41745E+01 3.25626E-02
2.41827E+01 3.25620E-02
2.42076E+01 3.25604E-02
2.42488E+01 3.25576E-02
2.43062E+01 3.25537E-02
2.43795E+01 3.25489E-02
2.44685E+01 3.25429E-02
2.45726E+01 3.25360E-02
2.46914E+01 3.25280E-02
2.48244E+01 3.25191E-02
2.49710E+01 3.25092E-02
2.51306E+01 3.24984E-02
2.53024E+01 3.24868E-02
2.54857E+01 3.24744E-02
2.56799E+01 3.24614E-02
2.58841E+01 3.24475E-02
2.60976E+01 3.24330E-02
2.63195E+01 3.24178E-02
2.65491E+01 3.24021E-02
2.67855E+01 3.23861E-02
2.70279E+01 3.23694E-02
2.72754E+01 3.23525E-02
2.75274E+01 3.23352E-02
2.77829E+01 3.23174E-02
2.80412E+01 3.22994E-02
2.83016E+01 3.22814E-02
2.85632E+01 3.22632E-02
2.88253E+01 3.22452E-02
2.90872E+01 3.22271E-02
2.93482E+01 3.22091E-02
2.96075E+01 3.21912E-02
2.98647E+01 3.21734E-02
3.01189E+01 3.21558E-02
3.03697E+01 3.21379E-02
3.06163E+01 3.21207E-02
3.08583E+01 3.21043E-02
3.10951E+01 3.20878E-02
3.13261E+01 3.20715E-02
3.15509E+01 3.20562E-02
3.17689E+01 3.20411E-02
3.19798E+01 3.20264E-02
3.21831E+01 3.20122E-02
3.23784E+01 3.19983E-02
3.25653E+01 3.19854E-02
3.27434E+01 3.19730E-02
3.29124E+01 3.19615E-02
3.30720E+01 3.19501E-02
3.32218E+01 3.19402E-02
3.33617E+01 3.19303E-02
3.34913E+01 3.19214E-02
3.36104E+01 3.19131E-02
3.37189E+01 3.19053E-02
3.38164E+01 3.18987E-02
3.39028E+01 3.18931E-02
3.39781E+01 3.18875E-02
3.40419E+01 3.18836E-02
3.40943E+01 3.18796E-02
3.41352E+01 3.18768E-02
3.41644E+01 3.18746E-02
3.41820E+01 3.18734E-02
3.41879E+01 3.18734E-02
3.41820E+01 3.18734E-02
3.41644E+01 3.18746E-02
3.41352E+01 3.18768E-02
3.40943E+01 3.18796E-02
3.40419E+01 3.18836E-02
3.39781E+01 3.18875E-02
3.39028E+01 3.18931E-02
3.38164E+01 3.18987E-02
3.37189E+01 3.19053E-02
3.36105E+01 3.19131E-02
3.34913E+01 3.19214E-02
3.33617E+01 3.19303E-02
3.32219E+01 3.19402E-02
3.30720E+01 3.19501E-02
3.29124E+01 3.19615E-02
3.27434E+01 3.19730E-02
3.25653E+01 3.19854E-02
3.23784E+01 3.19983E-02
3.21831E+01 3.20122E-02
3.19798E+01 3.20264E-02
3.17689E+01 3.20411E-02
3.15509E+01 3.20562E-02
3.13261E+01 3.20715E-02
3.10951E+01 3.20878E-02
3.08583E+01 3.21043E-02
3.06163E+01 3.21207E-02
3.03697E+01 3.21379E-02
3.01190E+01 3.21558E-02
2.98647E+01 3.21734E-02
2.96076E+01 3.21912E-02
2.93482E+01 3.22091E-02
2.90872E+01 3.22271E-02
2.88253E+01 3.22452E-02
2.85632E+01 3.22632E-02
2.83016E+01 3.22814E-02
2.80413E+01 3.22994E-02
2.77829E+01 3.23174E-02
2.75274E+01 3.23349E-02
2.72755E+01 3.23525E-02
2.70279E+01 3.23694E-02
2.67855E+01 3.23861E-02
2.65491E+01 3.24021E-02
2.63196E+01 3.24178E-02
2.60976E+01 3.24330E-02
2.58842E+01 3.24475E-02
2.56799E+01 3.24614E-02
2.54858E+01 3.24744E-02
2.53024E+01 3.24868E-02
2.51306E+01 3.24984E-02
2.49710E+01 3.25092E-02
2.48245E+01 3.25191E-02
2.46914E+01 3.25280E-02
2.45726E+01 3.25360E-02
2.44685E+01 3.25429E-02
2.43795E+01 3.25489E-02
2.43062E+01 3.25538E-02
2.42488E+01 3.25576E-02
2.42076E+01 3.25604E-02
2.41828E+01 3.25620E-02
2.41745E+01 3.25626E-02
