Will plot unflagged data


File # 1  = raise.vis
raise.vis 4.7863 GHz
Read 121 visibilities from all files

Baseline 1-4, plot 121 points
2.41745E+01 -3.04780E+00
2.41827E+01 -3.10303E+00
2.42076E+01 -3.15694E+00
2.42488E+01 -3.20752E+00
2.43062E+01 -3.25577E+00
2.43795E+01 -3.30272E+00
2.44685E+01 -3.34736E+00
2.45726E+01 -3.38958E+00
2.46914E+01 -3.42901E+00
2.48244E+01 -3.46673E+00
2.49710E+01 -3.50171E+00
2.51306E+01 -3.53393E+00
2.53024E+01 -3.56443E+00
2.54857E+01 -3.59223E+00
2.56799E+01 -3.61797E+00
2.58841E+01 -3.64058E+00
2.60976E+01 -3.66112E+00
2.63195E+01 -3.67854E+00
2.65491E+01 -3.69388E+00
2.67855E+01 -3.70715E+00
2.70279E+01 -3.71732E+00
2.72754E+01 -3.72510E+00
2.75274E+01 -3.73048E+00
2.77829E+01 -3.73247E+00
2.80412E+01 -3.73208E+00
2.83016E+01 -3.72933E+00
2.85632E+01 -3.72421E+00
2.88253E+01 -3.71675E+00
2.90872E+01 -3.70687E+00
2.93482E+01 -3.69435E+00
2.96075E+01 -3.67925E+00
2.98647E+01 -3.66159E+00
3.01189E+01 -3.64137E+00
3.03697E+01 -3.61757E+00
3.06163E+01 -3.59225E+00
3.08583E+01 -3.56543E+00
3.10951E+01 -3.53507E+00
3.13261E+01 -3.50219E+00
3.15509E+01 -3.46767E+00
3.17689E+01 -3.43051E+00
3.19798E+01 -3.39074E+00
3.21831E+01 -3.34838E+00
3.23784E+01 -3.30345E+00
3.25653E+01 -3.25700E+00
3.27434E+01 -3.20803E+00
3.29124E+01 -3.15757E+00
3.30720E+01 -3.10360E+00
3.32218E+01 -3.04922E+00
3.33617E+01 -2.99138E+00
3.34913E+01 -2.93216E+00
3.36104E+01 -2.87056E+00
3.37189E+01 -2.80661E+00
3.38164E+01 -2.74138E+00
3.39028E+01 -2.67488E+00
3.39781E+01 -2.60508E+00
3.40419E+01 -2.53511E+00
3.40943E+01 -2.46194E+00
3.41352E+01 -2.38767E+00
3.41644E+01 -2.31131E+00
3.41820E+01 -2.23395E+00
3.41879E+01 -2.15565E+00
3.41820E+01 -2.07439E+00
3.41644E+01 -1.99229E+00
3.41352E+01 -1.90941E+00
3.40943E+01 -1.82478E+00
3.40419E+01 -1.73948E+00
3.39781E+01 -1.65152E+00
3.39028E+01 -1.56405E+00
3.38164E+01 -1.47404E+00
3.37189E+01 -1.38363E+00
3.36105E+01 -1.29291E+00
3.34913E+01 -1.20092E+00
3.33617E+01 -1.10774E+00
3.32219E+01 -1.01447E+00
3.30720E+01 -9.19133E-01
3.29124E+01 -8.24889E-01
3.27434E+01 -7.28724E-01
3.25653E+01 -6.32780E-01
3.23784E+01 -5.36105E-01
3.21831E+01 -4.39809E-01
3.19798E+01 -3.42939E-01
3.17689E+01 -2.45571E-01
3.15509E+01 -1.47774E-01
3.13261E+01 -4.96078E-02
3.10951E+01 4.78304E-02
3.08583E+01 1.45330E-01
3.06163E+01 2.43830E-01
3.03697E+01 3.41203E-01
3.01190E+01 4.37378E-01
2.98647E+01 5.34343E-01
2.96076E+01 6.30987E-01
2.93482E+01 7.27238E-01
2.90872E+01 8.23042E-01
2.88253E+01 9.18375E-01
2.85632E+01 1.01296E+00
2.83016E+01 1.10663E+00
2.80413E+01 1.19936E+00
2.77829E+01 1.29107E+00
2.75274E+01 1.38274E+00
2.72755E+01 1.47225E+00
2.70279E+01 1.56162E+00
2.67855E+01 1.64977E+00
2.65491E+01 1.73734E+00
2.63196E+01 1.82325E+00
2.60976E+01 1.90749E+00
2.58842E+01 1.99101E+00
2.56799E+01 2.07275E+00
2.54858E+01 2.15373E+00
2.53024E+01 2.23282E+00
2.51306E+01 2.31065E+00
2.49710E+01 2.38618E+00
2.48245E+01 2.46044E+00
2.46914E+01 2.53338E+00
2.45726E+01 2.60394E+00
2.44685E+01 2.67319E+00
2.43795E+01 2.74073E+00
2.43062E+01 2.80643E+00
2.42488E+01 2.86929E+00
2.42076E+01 2.93030E+00
2.41828E+01 2.99047E+00
2.41745E+01 3.04779E+00
