Will plot unflagged data


File # 1  = raise.vis
raise.vis 4.7863 GHz
Read 121 visibilities from all files

Baseline 1-3, plot 121 points
1.95122E+01 -2.38881E+00
1.95189E+01 -2.43224E+00
1.95390E+01 -2.47382E+00
1.95722E+01 -2.51359E+00
1.96186E+01 -2.55256E+00
1.96778E+01 -2.58862E+00
1.97496E+01 -2.62381E+00
1.98336E+01 -2.65606E+00
1.99295E+01 -2.68744E+00
2.00369E+01 -2.71776E+00
2.01552E+01 -2.74479E+00
2.02840E+01 -2.77061E+00
2.04226E+01 -2.79418E+00
2.05706E+01 -2.81548E+00
2.07274E+01 -2.83551E+00
2.08922E+01 -2.85322E+00
2.10645E+01 -2.86966E+00
2.12436E+01 -2.88376E+00
2.14289E+01 -2.89527E+00
2.16197E+01 -2.90522E+00
2.18154E+01 -2.91362E+00
2.20152E+01 -2.91943E+00
2.22185E+01 -2.92367E+00
2.24248E+01 -2.92529E+00
2.26333E+01 -2.92532E+00
2.28434E+01 -2.92376E+00
2.30546E+01 -2.91959E+00
2.32661E+01 -2.91367E+00
2.34775E+01 -2.90596E+00
2.36882E+01 -2.89543E+00
2.38975E+01 -2.88313E+00
2.41051E+01 -2.87009E+00
2.43103E+01 -2.85321E+00
2.45127E+01 -2.83559E+00
2.47117E+01 -2.81619E+00
2.49071E+01 -2.79398E+00
2.50982E+01 -2.77103E+00
2.52846E+01 -2.74530E+00
2.54660E+01 -2.71781E+00
2.56421E+01 -2.68847E+00
2.58123E+01 -2.65729E+00
2.59764E+01 -2.62429E+00
2.61340E+01 -2.58949E+00
2.62848E+01 -2.55290E+00
2.64286E+01 -2.51454E+00
2.65650E+01 -2.47444E+00
2.66938E+01 -2.43260E+00
2.68148E+01 -2.39007E+00
2.69277E+01 -2.34482E+00
2.70323E+01 -2.29790E+00
2.71284E+01 -2.24932E+00
2.72159E+01 -2.20015E+00
2.72946E+01 -2.14835E+00
2.73644E+01 -2.09601E+00
2.74251E+01 -2.04214E+00
2.74767E+01 -1.98674E+00
2.75190E+01 -1.92988E+00
2.75520E+01 -1.87157E+00
2.75756E+01 -1.81186E+00
2.75898E+01 -1.75078E+00
2.75945E+01 -1.68941E+00
2.75898E+01 -1.62572E+00
2.75756E+01 -1.56182E+00
2.75520E+01 -1.49672E+00
2.75190E+01 -1.43048E+00
2.74767E+01 -1.36314E+00
2.74251E+01 -1.29475E+00
2.73644E+01 -1.22536E+00
2.72947E+01 -1.15503E+00
2.72159E+01 -1.08484E+00
2.71284E+01 -1.01279E+00
2.70323E+01 -9.40983E-01
2.69277E+01 -8.68460E-01
2.68148E+01 -7.95275E-01
2.66938E+01 -7.20454E-01
2.65650E+01 -6.46124E-01
2.64286E+01 -5.71314E-01
2.62848E+01 -4.96084E-01
2.61340E+01 -4.20495E-01
2.59764E+01 -3.44609E-01
2.58123E+01 -2.68483E-01
2.56421E+01 -1.92173E-01
2.54661E+01 -1.15730E-01
2.52846E+01 -3.92260E-02
2.50982E+01 3.71796E-02
2.49071E+01 1.14449E-01
2.47118E+01 1.90463E-01
2.45127E+01 2.67224E-01
2.43103E+01 3.43637E-01
2.41051E+01 4.18604E-01
2.38975E+01 4.95157E-01
2.36882E+01 5.70132E-01
2.34775E+01 6.44504E-01
2.32661E+01 7.19254E-01
2.30546E+01 7.93313E-01
2.28434E+01 8.66576E-01
2.26333E+01 9.39849E-01
2.24248E+01 1.01207E+00
2.22186E+01 1.08317E+00
2.20152E+01 1.15416E+00
2.18154E+01 1.22392E+00
2.16197E+01 1.29344E+00
2.14289E+01 1.36162E+00
2.12436E+01 1.42845E+00
2.10645E+01 1.49491E+00
2.08922E+01 1.56072E+00
2.07274E+01 1.62478E+00
2.05706E+01 1.68810E+00
2.04226E+01 1.74960E+00
2.02840E+01 1.81026E+00
2.01552E+01 1.87003E+00
2.00369E+01 1.92785E+00
1.99295E+01 1.98578E+00
1.98336E+01 2.04156E+00
1.97496E+01 2.09498E+00
1.96778E+01 2.14813E+00
1.96186E+01 2.19889E+00
1.95722E+01 2.24930E+00
1.95390E+01 2.29725E+00
1.95189E+01 2.34375E+00
1.95122E+01 2.38880E+00
