Will plot unflagged data


File # 1  = raise.vis
raise.vis 4.7863 GHz
Read 121 visibilities from all files

Baseline 1-3, plot 121 points
1.95122E+01 7.82737E-02
1.95189E+01 7.82725E-02
1.95390E+01 7.82691E-02
1.95722E+01 7.82635E-02
1.96186E+01 7.82558E-02
1.96778E+01 7.82456E-02
1.97496E+01 7.82334E-02
1.98336E+01 7.82188E-02
1.99295E+01 7.82025E-02
2.00369E+01 7.81846E-02
2.01552E+01 7.81642E-02
2.02840E+01 7.81423E-02
2.04226E+01 7.81185E-02
2.05706E+01 7.80927E-02
2.07274E+01 7.80658E-02
2.08922E+01 7.80372E-02
2.10645E+01 7.80078E-02
2.12436E+01 7.79768E-02
2.14289E+01 7.79443E-02
2.16197E+01 7.79111E-02
2.18154E+01 7.78774E-02
2.20152E+01 7.78424E-02
2.22185E+01 7.78071E-02
2.24248E+01 7.77706E-02
2.26333E+01 7.77341E-02
2.28434E+01 7.76977E-02
2.30546E+01 7.76605E-02
2.32661E+01 7.76234E-02
2.34775E+01 7.75865E-02
2.36882E+01 7.75488E-02
2.38975E+01 7.75116E-02
2.41051E+01 7.74762E-02
2.43103E+01 7.74389E-02
2.45127E+01 7.74035E-02
2.47117E+01 7.73689E-02
2.49071E+01 7.73338E-02
2.50982E+01 7.73010E-02
2.52846E+01 7.72679E-02
2.54660E+01 7.72359E-02
2.56421E+01 7.72048E-02
2.58123E+01 7.71748E-02
2.59764E+01 7.71458E-02
2.61340E+01 7.71180E-02
2.62848E+01 7.70914E-02
2.64286E+01 7.70660E-02
2.65650E+01 7.70419E-02
2.66938E+01 7.70191E-02
2.68148E+01 7.69990E-02
2.69277E+01 7.69789E-02
2.70323E+01 7.69600E-02
2.71284E+01 7.69426E-02
2.72159E+01 7.69281E-02
2.72946E+01 7.69134E-02
2.73644E+01 7.69017E-02
2.74251E+01 7.68915E-02
2.74767E+01 7.68827E-02
2.75190E+01 7.68753E-02
2.75520E+01 7.68694E-02
2.75756E+01 7.68650E-02
2.75898E+01 7.68620E-02
2.75945E+01 7.68620E-02
2.75898E+01 7.68620E-02
2.75756E+01 7.68650E-02
2.75520E+01 7.68694E-02
2.75190E+01 7.68753E-02
2.74767E+01 7.68827E-02
2.74251E+01 7.68915E-02
2.73644E+01 7.69017E-02
2.72947E+01 7.69135E-02
2.72159E+01 7.69281E-02
2.71284E+01 7.69426E-02
2.70323E+01 7.69600E-02
2.69277E+01 7.69789E-02
2.68148E+01 7.69990E-02
2.66938E+01 7.70191E-02
2.65650E+01 7.70419E-02
2.64286E+01 7.70660E-02
2.62848E+01 7.70914E-02
2.61340E+01 7.71180E-02
2.59764E+01 7.71458E-02
2.58123E+01 7.71748E-02
2.56421E+01 7.72048E-02
2.54661E+01 7.72359E-02
2.52846E+01 7.72679E-02
2.50982E+01 7.73011E-02
2.49071E+01 7.73339E-02
2.47118E+01 7.73689E-02
2.45127E+01 7.74035E-02
2.43103E+01 7.74389E-02
2.41051E+01 7.74762E-02
2.38975E+01 7.75116E-02
2.36882E+01 7.75489E-02
2.34775E+01 7.75865E-02
2.32661E+01 7.76234E-02
2.30546E+01 7.76604E-02
2.28434E+01 7.76977E-02
2.26333E+01 7.77341E-02
2.24248E+01 7.77706E-02
2.22186E+01 7.78071E-02
2.20152E+01 7.78424E-02
2.18154E+01 7.78774E-02
2.16197E+01 7.79111E-02
2.14289E+01 7.79443E-02
2.12436E+01 7.79768E-02
2.10645E+01 7.80078E-02
2.08922E+01 7.80372E-02
2.07274E+01 7.80658E-02
2.05706E+01 7.80927E-02
2.04226E+01 7.81185E-02
2.02840E+01 7.81423E-02
2.01552E+01 7.81642E-02
2.00369E+01 7.81846E-02
1.99295E+01 7.82025E-02
1.98336E+01 7.82188E-02
1.97496E+01 7.82334E-02
1.96778E+01 7.82456E-02
1.96186E+01 7.82558E-02
1.95722E+01 7.82635E-02
1.95390E+01 7.82691E-02
1.95189E+01 7.82725E-02
1.95122E+01 7.82737E-02
