Will plot unflagged data


File # 1  = raise.vis
raise.vis 4.7863 GHz
Read 121 visibilities from all files

Baseline 1-5, plot 121 points
3.14268E+01 1.25027E+00
3.14376E+01 1.24971E+00
3.14698E+01 1.24804E+00
3.15234E+01 1.24530E+00
3.15980E+01 1.24159E+00
3.16934E+01 1.23697E+00
3.18090E+01 1.23162E+00
3.19444E+01 1.22562E+00
3.20989E+01 1.21912E+00
3.22718E+01 1.21226E+00
3.24623E+01 1.20517E+00
3.26697E+01 1.19794E+00
3.28931E+01 1.19061E+00
3.31315E+01 1.18329E+00
3.33839E+01 1.17599E+00
3.36494E+01 1.16875E+00
3.39269E+01 1.16159E+00
3.42154E+01 1.15454E+00
3.45138E+01 1.14763E+00
3.48211E+01 1.14085E+00
3.51362E+01 1.13421E+00
3.54581E+01 1.12776E+00
3.57856E+01 1.12147E+00
3.61178E+01 1.11538E+00
3.64536E+01 1.10946E+00
3.67921E+01 1.10373E+00
3.71321E+01 1.09820E+00
3.74729E+01 1.09287E+00
3.78133E+01 1.08770E+00
3.81526E+01 1.08275E+00
3.84898E+01 1.07798E+00
3.88241E+01 1.07341E+00
3.91546E+01 1.06901E+00
3.94806E+01 1.06481E+00
3.98012E+01 1.06080E+00
4.01158E+01 1.05697E+00
4.04236E+01 1.05332E+00
4.07239E+01 1.04984E+00
4.10161E+01 1.04655E+00
4.12996E+01 1.04341E+00
4.15738E+01 1.04044E+00
4.18380E+01 1.03764E+00
4.20919E+01 1.03501E+00
4.23348E+01 1.03252E+00
4.25664E+01 1.03021E+00
4.27861E+01 1.02804E+00
4.29936E+01 1.02603E+00
4.31884E+01 1.02417E+00
4.33702E+01 1.02246E+00
4.35387E+01 1.02088E+00
4.36936E+01 1.01945E+00
4.38345E+01 1.01817E+00
4.39613E+01 1.01702E+00
4.40737E+01 1.01601E+00
4.41715E+01 1.01513E+00
4.42545E+01 1.01439E+00
4.43226E+01 1.01380E+00
4.43758E+01 1.01333E+00
4.44138E+01 1.01299E+00
4.44366E+01 1.01280E+00
4.44442E+01 1.01272E+00
4.44366E+01 1.01280E+00
4.44138E+01 1.01299E+00
4.43758E+01 1.01333E+00
4.43226E+01 1.01380E+00
4.42545E+01 1.01439E+00
4.41715E+01 1.01513E+00
4.40737E+01 1.01601E+00
4.39613E+01 1.01702E+00
4.38345E+01 1.01817E+00
4.36936E+01 1.01945E+00
4.35387E+01 1.02088E+00
4.33702E+01 1.02246E+00
4.31884E+01 1.02417E+00
4.29936E+01 1.02603E+00
4.27861E+01 1.02804E+00
4.25664E+01 1.03021E+00
4.23348E+01 1.03252E+00
4.20919E+01 1.03501E+00
4.18380E+01 1.03764E+00
4.15738E+01 1.04044E+00
4.12996E+01 1.04341E+00
4.10161E+01 1.04655E+00
4.07239E+01 1.04984E+00
4.04236E+01 1.05332E+00
4.01158E+01 1.05697E+00
3.98012E+01 1.06080E+00
3.94806E+01 1.06481E+00
3.91546E+01 1.06901E+00
3.88241E+01 1.07341E+00
3.84898E+01 1.07798E+00
3.81526E+01 1.08275E+00
3.78133E+01 1.08770E+00
3.74729E+01 1.09287E+00
3.71321E+01 1.09820E+00
3.67921E+01 1.10373E+00
3.64536E+01 1.10946E+00
3.61178E+01 1.11538E+00
3.57856E+01 1.12147E+00
3.54581E+01 1.12776E+00
3.51363E+01 1.13421E+00
3.48211E+01 1.14085E+00
3.45139E+01 1.14763E+00
3.42154E+01 1.15454E+00
3.39269E+01 1.16159E+00
3.36494E+01 1.16875E+00
3.33839E+01 1.17599E+00
3.31315E+01 1.18329E+00
3.28931E+01 1.19061E+00
3.26698E+01 1.19794E+00
3.24624E+01 1.20517E+00
3.22718E+01 1.21226E+00
3.20989E+01 1.21912E+00
3.19444E+01 1.22562E+00
3.18090E+01 1.23160E+00
3.16934E+01 1.23697E+00
3.15980E+01 1.24159E+00
3.15234E+01 1.24530E+00
3.14698E+01 1.24804E+00
3.14376E+01 1.24971E+00
3.14268E+01 1.25027E+00
