Will plot unflagged data


File # 1  = raise.vis
raise.vis 4.7863 GHz
Read 121 visibilities from all files

Baseline 1-5, plot 121 points
3.14268E+01 -1.47867E+01
3.14376E+01 -1.50557E+01
3.14698E+01 -1.53134E+01
3.15234E+01 -1.55612E+01
3.15980E+01 -1.57988E+01
3.16934E+01 -1.60245E+01
3.18090E+01 -1.62407E+01
3.19444E+01 -1.64447E+01
3.20989E+01 -1.66371E+01
3.22718E+01 -1.68184E+01
3.24623E+01 -1.69887E+01
3.26697E+01 -1.71478E+01
3.28931E+01 -1.72941E+01
3.31315E+01 -1.74290E+01
3.33839E+01 -1.75519E+01
3.36494E+01 -1.76625E+01
3.39269E+01 -1.77611E+01
3.42154E+01 -1.78475E+01
3.45138E+01 -1.79220E+01
3.48211E+01 -1.79842E+01
3.51362E+01 -1.80332E+01
3.54581E+01 -1.80708E+01
3.57856E+01 -1.80954E+01
3.61178E+01 -1.81084E+01
3.64536E+01 -1.81085E+01
3.67921E+01 -1.80961E+01
3.71321E+01 -1.80716E+01
3.74729E+01 -1.80349E+01
3.78133E+01 -1.79849E+01
3.81526E+01 -1.79232E+01
3.84898E+01 -1.78494E+01
3.88241E+01 -1.77632E+01
3.91546E+01 -1.76642E+01
3.94806E+01 -1.75535E+01
3.98012E+01 -1.74308E+01
4.01158E+01 -1.72965E+01
4.04236E+01 -1.71501E+01
4.07239E+01 -1.69921E+01
4.10161E+01 -1.68227E+01
4.12996E+01 -1.66413E+01
4.15738E+01 -1.64480E+01
4.18380E+01 -1.62441E+01
4.20919E+01 -1.60294E+01
4.23348E+01 -1.58026E+01
4.25664E+01 -1.55661E+01
4.27861E+01 -1.53181E+01
4.29936E+01 -1.50602E+01
4.31884E+01 -1.47919E+01
4.33702E+01 -1.45137E+01
4.35387E+01 -1.42248E+01
4.36936E+01 -1.39265E+01
4.38345E+01 -1.36191E+01
4.39613E+01 -1.33017E+01
4.40737E+01 -1.29753E+01
4.41715E+01 -1.26400E+01
4.42545E+01 -1.22962E+01
4.43226E+01 -1.19441E+01
4.43758E+01 -1.15840E+01
4.44138E+01 -1.12149E+01
4.44366E+01 -1.08393E+01
4.44442E+01 -1.04552E+01
4.44366E+01 -1.00651E+01
4.44138E+01 -9.66716E+00
4.43758E+01 -9.26366E+00
4.43226E+01 -8.85288E+00
4.42545E+01 -8.43614E+00
4.41715E+01 -8.01374E+00
4.40737E+01 -7.58597E+00
4.39613E+01 -7.15309E+00
4.38345E+01 -6.71531E+00
4.36936E+01 -6.27235E+00
4.35387E+01 -5.82554E+00
4.33702E+01 -5.37509E+00
4.31884E+01 -4.92013E+00
4.29936E+01 -4.46211E+00
4.27861E+01 -4.00090E+00
4.25664E+01 -3.53753E+00
4.23348E+01 -3.07093E+00
4.20919E+01 -2.60342E+00
4.18380E+01 -2.13289E+00
4.15738E+01 -1.66139E+00
4.12996E+01 -1.18925E+00
4.10161E+01 -7.15965E-01
4.07239E+01 -2.41587E-01
4.04236E+01 2.32653E-01
4.01158E+01 7.06603E-01
3.98012E+01 1.18024E+00
3.94806E+01 1.65287E+00
3.91546E+01 2.12424E+00
3.88241E+01 2.59367E+00
3.84898E+01 3.06213E+00
3.81526E+01 3.52853E+00
3.78133E+01 3.99239E+00
3.74729E+01 4.45279E+00
3.71321E+01 4.91114E+00
3.67921E+01 5.36601E+00
3.64536E+01 5.81679E+00
3.61178E+01 6.26371E+00
3.57856E+01 6.70684E+00
3.54581E+01 7.14461E+00
3.51363E+01 7.57805E+00
3.48211E+01 8.00537E+00
3.45139E+01 8.42797E+00
3.42154E+01 8.84495E+00
3.39269E+01 9.25543E+00
3.36494E+01 9.65971E+00
3.33839E+01 1.00572E+01
3.31315E+01 1.04480E+01
3.28931E+01 1.08318E+01
3.26698E+01 1.12077E+01
3.24624E+01 1.15769E+01
3.22718E+01 1.19378E+01
3.20989E+01 1.22899E+01
3.19444E+01 1.26334E+01
3.18090E+01 1.29696E+01
3.16934E+01 1.32958E+01
3.15980E+01 1.36125E+01
3.15234E+01 1.39209E+01
3.14698E+01 1.42194E+01
3.14376E+01 1.45075E+01
3.14268E+01 1.47866E+01
