Will plot unflagged data


File # 1  = raise.vis
raise.vis 1.5136 GHz
Read 121 visibilities from all files

Baseline 2-3, plot 121 points
5.62427E+00 2.91697E+00
5.62620E+00 2.91687E+00
5.63197E+00 2.91661E+00
5.64155E+00 2.91618E+00
5.65491E+00 2.91556E+00
5.67198E+00 2.91478E+00
5.69267E+00 2.91383E+00
5.71690E+00 2.91272E+00
5.74454E+00 2.91149E+00
5.77549E+00 2.91008E+00
5.80959E+00 2.90855E+00
5.84671E+00 2.90692E+00
5.88668E+00 2.90512E+00
5.92934E+00 2.90323E+00
5.97452E+00 2.90128E+00
6.02203E+00 2.89918E+00
6.07170E+00 2.89707E+00
6.12333E+00 2.89487E+00
6.17674E+00 2.89258E+00
6.23173E+00 2.89026E+00
6.28812E+00 2.88793E+00
6.34572E+00 2.88553E+00
6.40434E+00 2.88307E+00
6.46379E+00 2.88069E+00
6.52389E+00 2.87825E+00
6.58446E+00 2.87583E+00
6.64532E+00 2.87343E+00
6.70629E+00 2.87099E+00
6.76723E+00 2.86865E+00
6.82794E+00 2.86628E+00
6.88829E+00 2.86395E+00
6.94812E+00 2.86160E+00
7.00727E+00 2.85938E+00
7.06561E+00 2.85721E+00
7.12299E+00 2.85501E+00
7.17928E+00 2.85294E+00
7.23437E+00 2.85093E+00
7.28811E+00 2.84890E+00
7.34041E+00 2.84701E+00
7.39114E+00 2.84511E+00
7.44021E+00 2.84334E+00
7.48750E+00 2.84164E+00
7.53293E+00 2.84001E+00
7.57641E+00 2.83845E+00
7.61785E+00 2.83696E+00
7.65717E+00 2.83554E+00
7.69430E+00 2.83427E+00
7.72917E+00 2.83300E+00
7.76171E+00 2.83187E+00
7.79187E+00 2.83082E+00
7.81958E+00 2.82983E+00
7.84480E+00 2.82893E+00
7.86749E+00 2.82817E+00
7.88760E+00 2.82741E+00
7.90511E+00 2.82680E+00
7.91997E+00 2.82634E+00
7.93216E+00 2.82588E+00
7.94167E+00 2.82557E+00
7.94847E+00 2.82535E+00
7.95255E+00 2.82519E+00
7.95392E+00 2.82512E+00
7.95255E+00 2.82519E+00
7.94847E+00 2.82534E+00
7.94167E+00 2.82557E+00
7.93216E+00 2.82588E+00
7.91997E+00 2.82634E+00
7.90511E+00 2.82680E+00
7.88760E+00 2.82741E+00
7.86749E+00 2.82817E+00
7.84480E+00 2.82893E+00
7.81958E+00 2.82983E+00
7.79187E+00 2.83082E+00
7.76171E+00 2.83187E+00
7.72917E+00 2.83300E+00
7.69431E+00 2.83427E+00
7.65718E+00 2.83554E+00
7.61786E+00 2.83696E+00
7.57642E+00 2.83845E+00
7.53294E+00 2.84001E+00
7.48751E+00 2.84164E+00
7.44021E+00 2.84334E+00
7.39115E+00 2.84511E+00
7.34041E+00 2.84701E+00
7.28812E+00 2.84890E+00
7.23437E+00 2.85093E+00
7.17929E+00 2.85294E+00
7.12299E+00 2.85501E+00
7.06561E+00 2.85721E+00
7.00727E+00 2.85938E+00
6.94812E+00 2.86160E+00
6.88830E+00 2.86395E+00
6.82795E+00 2.86628E+00
6.76723E+00 2.86865E+00
6.70630E+00 2.87099E+00
6.64532E+00 2.87343E+00
6.58446E+00 2.87583E+00
6.52389E+00 2.87825E+00
6.46379E+00 2.88069E+00
6.40434E+00 2.88307E+00
6.34573E+00 2.88553E+00
6.28813E+00 2.88793E+00
6.23173E+00 2.89027E+00
6.17674E+00 2.89258E+00
6.12333E+00 2.89487E+00
6.07170E+00 2.89707E+00
6.02203E+00 2.89918E+00
5.97452E+00 2.90128E+00
5.92935E+00 2.90323E+00
5.88668E+00 2.90512E+00
5.84671E+00 2.90692E+00
5.80959E+00 2.90855E+00
5.77549E+00 2.91008E+00
5.74455E+00 2.91149E+00
5.71690E+00 2.91272E+00
5.69267E+00 2.91383E+00
5.67198E+00 2.91478E+00
5.65491E+00 2.91556E+00
5.64155E+00 2.91618E+00
5.63197E+00 2.91661E+00
5.62620E+00 2.91688E+00
5.62427E+00 2.91697E+00
