Will plot unflagged data


File # 1  = raise.vis
raise.vis 1.5136 GHz
Read 121 visibilities from all files

Baseline 2-3, plot 121 points
5.62427E+00 -2.64628E+00
5.62620E+00 -2.69400E+00
5.63197E+00 -2.74071E+00
5.64155E+00 -2.78541E+00
5.65491E+00 -2.82705E+00
5.67198E+00 -2.86767E+00
5.69267E+00 -2.90620E+00
5.71690E+00 -2.94267E+00
5.74454E+00 -2.97800E+00
5.77549E+00 -3.00982E+00
5.80959E+00 -3.04024E+00
5.84671E+00 -3.06925E+00
5.88668E+00 -3.09476E+00
5.92934E+00 -3.11882E+00
5.97452E+00 -3.14143E+00
6.02203E+00 -3.16054E+00
6.07170E+00 -3.17896E+00
6.12333E+00 -3.19458E+00
6.17674E+00 -3.20740E+00
6.23173E+00 -3.21847E+00
6.28812E+00 -3.22775E+00
6.34572E+00 -3.23422E+00
6.40434E+00 -3.23786E+00
6.46379E+00 -3.24078E+00
6.52389E+00 -3.24071E+00
6.58446E+00 -3.23859E+00
6.64532E+00 -3.23445E+00
6.70629E+00 -3.22726E+00
6.76723E+00 -3.21908E+00
6.82794E+00 -3.20786E+00
6.88829E+00 -3.19460E+00
6.94812E+00 -3.17829E+00
7.00727E+00 -3.16101E+00
7.06561E+00 -3.14170E+00
7.12299E+00 -3.11920E+00
7.17928E+00 -3.09555E+00
7.23437E+00 -3.06977E+00
7.28811E+00 -3.04082E+00
7.34041E+00 -3.01080E+00
7.39114E+00 -2.97763E+00
7.44021E+00 -2.94340E+00
7.48750E+00 -2.90707E+00
7.53293E+00 -2.86867E+00
7.57641E+00 -2.82821E+00
7.61785E+00 -2.78570E+00
7.65717E+00 -2.74117E+00
7.69430E+00 -2.69566E+00
7.72917E+00 -2.64713E+00
7.76171E+00 -2.59762E+00
7.79187E+00 -2.54611E+00
7.81958E+00 -2.49265E+00
7.84480E+00 -2.43725E+00
7.86749E+00 -2.38100E+00
7.88760E+00 -2.32185E+00
7.90511E+00 -2.26191E+00
7.91997E+00 -2.20121E+00
7.93216E+00 -2.13774E+00
7.94167E+00 -2.07359E+00
7.94847E+00 -2.00777E+00
7.95255E+00 -1.94033E+00
7.95392E+00 -1.87131E+00
7.95255E+00 -1.80178E+00
7.94847E+00 -1.73078E+00
7.94167E+00 -1.65834E+00
7.93216E+00 -1.58452E+00
7.91997E+00 -1.51040E+00
7.90511E+00 -1.43397E+00
7.88760E+00 -1.35736E+00
7.86749E+00 -1.28061E+00
7.84480E+00 -1.20173E+00
7.81958E+00 -1.12283E+00
7.79187E+00 -1.04295E+00
7.76171E+00 -9.62133E-01
7.72917E+00 -8.80444E-01
7.69431E+00 -7.98980E-01
7.65718E+00 -7.15800E-01
7.61786E+00 -6.33030E-01
7.57642E+00 -5.49709E-01
7.53294E+00 -4.65904E-01
7.48751E+00 -3.81684E-01
7.44021E+00 -2.97119E-01
7.39115E+00 -2.12277E-01
7.34041E+00 -1.28266E-01
7.28812E+00 -4.30884E-02
7.23437E+00 4.11169E-02
7.17929E+00 1.26350E-01
7.12299E+00 2.11515E-01
7.06561E+00 2.95537E-01
7.00727E+00 3.80403E-01
6.94812E+00 4.64862E-01
6.88830E+00 5.47800E-01
6.82795E+00 6.31227E-01
6.76723E+00 7.14050E-01
6.70630E+00 7.97234E-01
6.64532E+00 8.78643E-01
6.58446E+00 9.60278E-01
6.52389E+00 1.04106E+00
6.46379E+00 1.12095E+00
6.40434E+00 1.20085E+00
6.34573E+00 1.27843E+00
6.28813E+00 1.35573E+00
6.23173E+00 1.43272E+00
6.17674E+00 1.50830E+00
6.12333E+00 1.58240E+00
6.07170E+00 1.65603E+00
6.02203E+00 1.72914E+00
5.97452E+00 1.79960E+00
5.92935E+00 1.87016E+00
5.88668E+00 1.93876E+00
5.84671E+00 2.00536E+00
5.80959E+00 2.07198E+00
5.77549E+00 2.13650E+00
5.74455E+00 2.19891E+00
5.71690E+00 2.26126E+00
5.69267E+00 2.32120E+00
5.67198E+00 2.37961E+00
5.65491E+00 2.43651E+00
5.64155E+00 2.49083E+00
5.63197E+00 2.54460E+00
5.62620E+00 2.59675E+00
5.62427E+00 2.64627E+00
