Will plot unflagged data


File # 1  = raise.vis
raise.vis 15.1356 GHz
Read 121 visibilities from all files

Baseline 1-3, plot 121 points
6.17031E+01 -1.66999E+01
6.17243E+01 -1.70030E+01
6.17876E+01 -1.72953E+01
6.18928E+01 -1.75745E+01
6.20393E+01 -1.78430E+01
6.22265E+01 -1.80985E+01
6.24536E+01 -1.83415E+01
6.27193E+01 -1.85726E+01
6.30227E+01 -1.87905E+01
6.33622E+01 -1.89948E+01
6.37363E+01 -1.91875E+01
6.41435E+01 -1.93660E+01
6.45820E+01 -1.95321E+01
6.50501E+01 -1.96843E+01
6.55457E+01 -1.98222E+01
6.60669E+01 -1.99477E+01
6.66118E+01 -2.00587E+01
6.71783E+01 -2.01568E+01
6.77642E+01 -2.02408E+01
6.83675E+01 -2.03111E+01
6.89862E+01 -2.03666E+01
6.96181E+01 -2.04085E+01
7.02612E+01 -2.04375E+01
7.09134E+01 -2.04508E+01
7.15727E+01 -2.04517E+01
7.22372E+01 -2.04372E+01
7.29049E+01 -2.04099E+01
7.35739E+01 -2.03673E+01
7.42424E+01 -2.03121E+01
7.49085E+01 -2.02426E+01
7.55706E+01 -2.01585E+01
7.62269E+01 -2.00615E+01
7.68759E+01 -1.99497E+01
7.75159E+01 -1.98246E+01
7.81454E+01 -1.96870E+01
7.87630E+01 -1.95345E+01
7.93673E+01 -1.93698E+01
7.99570E+01 -1.91910E+01
8.05307E+01 -1.89991E+01
8.10873E+01 -1.87941E+01
8.16256E+01 -1.85769E+01
8.21444E+01 -1.83459E+01
8.26429E+01 -1.81035E+01
8.31199E+01 -1.78479E+01
8.35745E+01 -1.75796E+01
8.40059E+01 -1.73005E+01
8.44132E+01 -1.70091E+01
8.47958E+01 -1.67056E+01
8.51528E+01 -1.63914E+01
8.54836E+01 -1.60657E+01
8.57876E+01 -1.57281E+01
8.60643E+01 -1.53811E+01
8.63133E+01 -1.50220E+01
8.65339E+01 -1.46543E+01
8.67259E+01 -1.42756E+01
8.68890E+01 -1.38873E+01
8.70227E+01 -1.34897E+01
8.71270E+01 -1.30820E+01
8.72017E+01 -1.26665E+01
8.72465E+01 -1.22416E+01
8.72614E+01 -1.18084E+01
8.72465E+01 -1.13673E+01
8.72016E+01 -1.09185E+01
8.71270E+01 -1.04615E+01
8.70227E+01 -9.99847E+00
8.68890E+01 -9.52778E+00
8.67259E+01 -9.05075E+00
8.65339E+01 -8.56765E+00
8.63133E+01 -8.07784E+00
8.60644E+01 -7.58410E+00
8.57876E+01 -7.08357E+00
8.54836E+01 -6.57963E+00
8.51528E+01 -6.07028E+00
8.47958E+01 -5.55650E+00
8.44133E+01 -5.03976E+00
8.40059E+01 -4.51898E+00
8.35745E+01 -3.99472E+00
8.31199E+01 -3.46897E+00
8.26429E+01 -2.94032E+00
8.21445E+01 -2.40892E+00
8.16256E+01 -1.87705E+00
8.10873E+01 -1.34274E+00
8.05307E+01 -8.08276E-01
7.99570E+01 -2.73175E-01
7.93674E+01 2.62059E-01
7.87631E+01 7.97998E-01
7.81454E+01 1.33211E+00
7.75159E+01 1.86684E+00
7.68759E+01 2.39909E+00
7.62270E+01 2.92934E+00
7.55706E+01 3.45869E+00
7.49086E+01 3.98469E+00
7.42424E+01 4.50878E+00
7.35740E+01 5.03008E+00
7.29050E+01 5.54654E+00
7.22373E+01 6.06058E+00
7.15728E+01 6.56927E+00
7.09135E+01 7.07476E+00
7.02612E+01 7.57390E+00
6.96182E+01 8.06942E+00
6.89863E+01 8.55843E+00
6.83676E+01 9.04118E+00
6.77642E+01 9.51861E+00
6.71783E+01 9.98928E+00
6.66118E+01 1.04535E+01
6.60670E+01 1.09096E+01
6.55457E+01 1.13591E+01
6.50501E+01 1.17996E+01
6.45821E+01 1.22329E+01
6.41435E+01 1.26583E+01
6.37363E+01 1.30742E+01
6.33622E+01 1.34821E+01
6.30227E+01 1.38794E+01
6.27194E+01 1.42678E+01
6.24536E+01 1.46471E+01
6.22266E+01 1.50155E+01
6.20393E+01 1.53738E+01
6.18928E+01 1.57223E+01
6.17876E+01 1.60586E+01
6.17243E+01 1.63853E+01
6.17031E+01 1.66998E+01
