Will plot unflagged data


File # 1  = raise.vis
raise.vis 15.1356 GHz
Read 121 visibilities from all files

Baseline 1-3, plot 121 points
6.17031E+01 2.49704E-01
6.17243E+01 2.49598E-01
6.17876E+01 2.49283E-01
6.18928E+01 2.48766E-01
6.20393E+01 2.48067E-01
6.22265E+01 2.47201E-01
6.24536E+01 2.46190E-01
6.27193E+01 2.45063E-01
6.30227E+01 2.43838E-01
6.33622E+01 2.42538E-01
6.37363E+01 2.41193E-01
6.41435E+01 2.39810E-01
6.45820E+01 2.38414E-01
6.50501E+01 2.37010E-01
6.55457E+01 2.35605E-01
6.60669E+01 2.34216E-01
6.66118E+01 2.32839E-01
6.71783E+01 2.31485E-01
6.77642E+01 2.30152E-01
6.83675E+01 2.28844E-01
6.89862E+01 2.27559E-01
6.96181E+01 2.26305E-01
7.02612E+01 2.25087E-01
7.09134E+01 2.23894E-01
7.15727E+01 2.22742E-01
7.22372E+01 2.21618E-01
7.29049E+01 2.20536E-01
7.35739E+01 2.19482E-01
7.42424E+01 2.18471E-01
7.49085E+01 2.17493E-01
7.55706E+01 2.16548E-01
7.62269E+01 2.15641E-01
7.68759E+01 2.14765E-01
7.75159E+01 2.13925E-01
7.81454E+01 2.13124E-01
7.87630E+01 2.12351E-01
7.93673E+01 2.11618E-01
7.99570E+01 2.10915E-01
8.05307E+01 2.10246E-01
8.10873E+01 2.09610E-01
8.16256E+01 2.09010E-01
8.21444E+01 2.08438E-01
8.26429E+01 2.07902E-01
8.31199E+01 2.07396E-01
8.35745E+01 2.06919E-01
8.40059E+01 2.06477E-01
8.44132E+01 2.06064E-01
8.47958E+01 2.05679E-01
8.51528E+01 2.05326E-01
8.54836E+01 2.05002E-01
8.57876E+01 2.04704E-01
8.60643E+01 2.04440E-01
8.63133E+01 2.04198E-01
8.65339E+01 2.03991E-01
8.67259E+01 2.03809E-01
8.68890E+01 2.03655E-01
8.70227E+01 2.03531E-01
8.71270E+01 2.03431E-01
8.72017E+01 2.03363E-01
8.72465E+01 2.03321E-01
8.72614E+01 2.03307E-01
8.72465E+01 2.03321E-01
8.72016E+01 2.03363E-01
8.71270E+01 2.03431E-01
8.70227E+01 2.03531E-01
8.68890E+01 2.03655E-01
8.67259E+01 2.03809E-01
8.65339E+01 2.03991E-01
8.63133E+01 2.04198E-01
8.60644E+01 2.04440E-01
8.57876E+01 2.04704E-01
8.54836E+01 2.05002E-01
8.51528E+01 2.05327E-01
8.47958E+01 2.05679E-01
8.44133E+01 2.06064E-01
8.40059E+01 2.06477E-01
8.35745E+01 2.06919E-01
8.31199E+01 2.07396E-01
8.26429E+01 2.07902E-01
8.21445E+01 2.08438E-01
8.16256E+01 2.09010E-01
8.10873E+01 2.09610E-01
8.05307E+01 2.10246E-01
7.99570E+01 2.10915E-01
7.93674E+01 2.11618E-01
7.87631E+01 2.12351E-01
7.81454E+01 2.13124E-01
7.75159E+01 2.13925E-01
7.68759E+01 2.14765E-01
7.62270E+01 2.15641E-01
7.55706E+01 2.16548E-01
7.49086E+01 2.17493E-01
7.42424E+01 2.18471E-01
7.35740E+01 2.19482E-01
7.29050E+01 2.20535E-01
7.22373E+01 2.21618E-01
7.15728E+01 2.22742E-01
7.09135E+01 2.23894E-01
7.02612E+01 2.25087E-01
6.96182E+01 2.26305E-01
6.89863E+01 2.27559E-01
6.83676E+01 2.28844E-01
6.77642E+01 2.30152E-01
6.71783E+01 2.31485E-01
6.66118E+01 2.32839E-01
6.60670E+01 2.34216E-01
6.55457E+01 2.35605E-01
6.50501E+01 2.37010E-01
6.45821E+01 2.38414E-01
6.41435E+01 2.39810E-01
6.37363E+01 2.41193E-01
6.33622E+01 2.42538E-01
6.30227E+01 2.43838E-01
6.27194E+01 2.45063E-01
6.24536E+01 2.46190E-01
6.22266E+01 2.47201E-01
6.20393E+01 2.48067E-01
6.18928E+01 2.48766E-01
6.17876E+01 2.49283E-01
6.17243E+01 2.49598E-01
6.17031E+01 2.49704E-01
