Will plot unflagged data


File # 1  = raise.vis
raise.vis 15.1356 GHz
Read 121 visibilities from all files

Baseline 1-3, plot 121 points
6.17031E+01 7.50683E-01
6.17243E+01 7.54838E-01
6.17876E+01 7.58993E-01
6.18928E+01 7.63148E-01
6.20393E+01 7.67304E-01
6.22265E+01 7.71459E-01
6.24536E+01 7.75614E-01
6.27193E+01 7.79770E-01
6.30227E+01 7.83925E-01
6.33622E+01 7.88080E-01
6.37363E+01 7.92235E-01
6.41435E+01 7.96391E-01
6.45820E+01 8.00546E-01
6.50501E+01 8.04701E-01
6.55457E+01 8.08857E-01
6.60669E+01 8.13012E-01
6.66118E+01 8.17167E-01
6.71783E+01 8.21322E-01
6.77642E+01 8.25478E-01
6.83675E+01 8.29633E-01
6.89862E+01 8.33788E-01
6.96181E+01 8.37944E-01
7.02612E+01 8.42099E-01
7.09134E+01 8.46254E-01
7.15727E+01 8.50409E-01
7.22372E+01 8.54565E-01
7.29049E+01 8.58720E-01
7.35739E+01 8.62875E-01
7.42424E+01 8.67031E-01
7.49085E+01 8.71186E-01
7.55706E+01 8.75341E-01
7.62269E+01 8.79496E-01
7.68759E+01 8.83652E-01
7.75159E+01 8.87807E-01
7.81454E+01 8.91962E-01
7.87630E+01 8.96118E-01
7.93673E+01 9.00273E-01
7.99570E+01 9.04428E-01
8.05307E+01 9.08583E-01
8.10873E+01 9.12739E-01
8.16256E+01 9.16894E-01
8.21444E+01 9.21049E-01
8.26429E+01 9.25205E-01
8.31199E+01 9.29360E-01
8.35745E+01 9.33515E-01
8.40059E+01 9.37670E-01
8.44132E+01 9.41826E-01
8.47958E+01 9.45981E-01
8.51528E+01 9.50136E-01
8.54836E+01 9.54292E-01
8.57876E+01 9.58447E-01
8.60643E+01 9.62602E-01
8.63133E+01 9.66758E-01
8.65339E+01 9.70913E-01
8.67259E+01 9.75068E-01
8.68890E+01 9.79223E-01
8.70227E+01 9.83379E-01
8.71270E+01 9.87534E-01
8.72017E+01 9.91689E-01
8.72465E+01 9.95845E-01
8.72614E+01 1.00000E+00
8.72465E+01 1.00416E+00
8.72016E+01 1.00831E+00
8.71270E+01 1.01247E+00
8.70227E+01 1.01662E+00
8.68890E+01 1.02078E+00
8.67259E+01 1.02493E+00
8.65339E+01 1.02909E+00
8.63133E+01 1.03324E+00
8.60644E+01 1.03740E+00
8.57876E+01 1.04155E+00
8.54836E+01 1.04571E+00
8.51528E+01 1.04986E+00
8.47958E+01 1.05402E+00
8.44133E+01 1.05817E+00
8.40059E+01 1.06233E+00
8.35745E+01 1.06648E+00
8.31199E+01 1.07064E+00
8.26429E+01 1.07480E+00
8.21445E+01 1.07895E+00
8.16256E+01 1.08311E+00
8.10873E+01 1.08726E+00
8.05307E+01 1.09142E+00
7.99570E+01 1.09557E+00
7.93674E+01 1.09973E+00
7.87631E+01 1.10388E+00
7.81454E+01 1.10804E+00
7.75159E+01 1.11219E+00
7.68759E+01 1.11635E+00
7.62270E+01 1.12050E+00
7.55706E+01 1.12466E+00
7.49086E+01 1.12881E+00
7.42424E+01 1.13297E+00
7.35740E+01 1.13712E+00
7.29050E+01 1.14128E+00
7.22373E+01 1.14543E+00
7.15728E+01 1.14959E+00
7.09135E+01 1.15375E+00
7.02612E+01 1.15790E+00
6.96182E+01 1.16206E+00
6.89863E+01 1.16621E+00
6.83676E+01 1.17037E+00
6.77642E+01 1.17452E+00
6.71783E+01 1.17868E+00
6.66118E+01 1.18283E+00
6.60670E+01 1.18699E+00
6.55457E+01 1.19114E+00
6.50501E+01 1.19530E+00
6.45821E+01 1.19945E+00
6.41435E+01 1.20361E+00
6.37363E+01 1.20776E+00
6.33622E+01 1.21192E+00
6.30227E+01 1.21607E+00
6.27194E+01 1.22023E+00
6.24536E+01 1.22439E+00
6.22266E+01 1.22854E+00
6.20393E+01 1.23270E+00
6.18928E+01 1.23685E+00
6.17876E+01 1.24101E+00
6.17243E+01 1.24516E+00
6.17031E+01 1.24932E+00
