Will plot unflagged data


File # 1  = raise.vis
raise.vis 15.1356 GHz
Read 121 visibilities from all files

Baseline 2-5, plot 121 points
9.39198E+01 -1.18410E+01
9.39520E+01 -1.20556E+01
9.40484E+01 -1.22631E+01
9.42085E+01 -1.24614E+01
9.44315E+01 -1.26512E+01
9.47165E+01 -1.28327E+01
9.50621E+01 -1.30053E+01
9.54666E+01 -1.31686E+01
9.59283E+01 -1.33224E+01
9.64451E+01 -1.34682E+01
9.70146E+01 -1.36046E+01
9.76344E+01 -1.37308E+01
9.83019E+01 -1.38485E+01
9.90143E+01 -1.39566E+01
9.97687E+01 -1.40554E+01
1.00562E+02 -1.41438E+01
1.01391E+02 -1.42229E+01
1.02254E+02 -1.42925E+01
1.03145E+02 -1.43514E+01
1.04064E+02 -1.44014E+01
1.05006E+02 -1.44405E+01
1.05967E+02 -1.44713E+01
1.06946E+02 -1.44910E+01
1.07939E+02 -1.45008E+01
1.08943E+02 -1.45005E+01
1.09954E+02 -1.44910E+01
1.10970E+02 -1.44712E+01
1.11989E+02 -1.44420E+01
1.13006E+02 -1.44022E+01
1.14020E+02 -1.43530E+01
1.15028E+02 -1.42928E+01
1.16027E+02 -1.42243E+01
1.17015E+02 -1.41455E+01
1.17989E+02 -1.40575E+01
1.18947E+02 -1.39591E+01
1.19887E+02 -1.38509E+01
1.20807E+02 -1.37341E+01
1.21704E+02 -1.36069E+01
1.22578E+02 -1.34711E+01
1.23425E+02 -1.33255E+01
1.24244E+02 -1.31717E+01
1.25034E+02 -1.30082E+01
1.25793E+02 -1.28362E+01
1.26519E+02 -1.26550E+01
1.27211E+02 -1.24651E+01
1.27867E+02 -1.22669E+01
1.28487E+02 -1.20601E+01
1.29070E+02 -1.18457E+01
1.29613E+02 -1.16218E+01
1.30117E+02 -1.13907E+01
1.30579E+02 -1.11517E+01
1.31001E+02 -1.09057E+01
1.31379E+02 -1.06517E+01
1.31715E+02 -1.03908E+01
1.32008E+02 -1.01224E+01
1.32256E+02 -9.84647E+00
1.32459E+02 -9.56435E+00
1.32618E+02 -9.27617E+00
1.32732E+02 -8.98107E+00
1.32800E+02 -8.68028E+00
1.32823E+02 -8.37297E+00
1.32800E+02 -8.06037E+00
1.32732E+02 -7.74166E+00
1.32618E+02 -7.41811E+00
1.32459E+02 -7.08892E+00
1.32256E+02 -6.75537E+00
1.32008E+02 -6.41770E+00
1.31715E+02 -6.07514E+00
1.31379E+02 -5.72792E+00
1.31001E+02 -5.37731E+00
1.30579E+02 -5.02242E+00
1.30117E+02 -4.66472E+00
1.29613E+02 -4.30367E+00
1.29070E+02 -3.94049E+00
1.28487E+02 -3.57331E+00
1.27867E+02 -3.20425E+00
1.27211E+02 -2.83283E+00
1.26519E+02 -2.45969E+00
1.25793E+02 -2.08484E+00
1.25034E+02 -1.70820E+00
1.24244E+02 -1.33077E+00
1.23425E+02 -9.51771E-01
1.22578E+02 -5.73044E-01
1.21704E+02 -1.93359E-01
1.20807E+02 1.85768E-01
1.19887E+02 5.65774E-01
1.18947E+02 9.44406E-01
1.17989E+02 1.32271E+00
1.17015E+02 1.70074E+00
1.16027E+02 2.07723E+00
1.15028E+02 2.45287E+00
1.14020E+02 2.82524E+00
1.13006E+02 3.19691E+00
1.11989E+02 3.56582E+00
1.10970E+02 3.93308E+00
1.09954E+02 4.29708E+00
1.08943E+02 4.65854E+00
1.07939E+02 5.01606E+00
1.06946E+02 5.37036E+00
1.05967E+02 5.72087E+00
1.05006E+02 6.06863E+00
1.04064E+02 6.41062E+00
1.03146E+02 6.74934E+00
1.02254E+02 7.08241E+00
1.01391E+02 7.41159E+00
1.00562E+02 7.73545E+00
9.97687E+01 8.05352E+00
9.90143E+01 8.36699E+00
9.83019E+01 8.67437E+00
9.76344E+01 8.97591E+00
9.70146E+01 9.27033E+00
9.64451E+01 9.55935E+00
9.59283E+01 9.84196E+00
9.54667E+01 1.01167E+01
9.50621E+01 1.03850E+01
9.47165E+01 1.06466E+01
9.44315E+01 1.09010E+01
9.42085E+01 1.11475E+01
9.40484E+01 1.13863E+01
9.39520E+01 1.16182E+01
9.39198E+01 1.18409E+01
