Will plot unflagged data


File # 1  = raise.vis
raise.vis 15.1356 GHz
Read 121 visibilities from all files

Baseline 2-5, plot 121 points
9.39198E+01 1.21268E-02
9.39520E+01 1.21248E-02
9.40484E+01 1.21189E-02
9.42085E+01 1.21092E-02
9.44315E+01 1.20957E-02
9.47165E+01 1.20786E-02
9.50621E+01 1.20583E-02
9.54666E+01 1.20347E-02
9.59283E+01 1.20083E-02
9.64451E+01 1.19795E-02
9.70146E+01 1.19484E-02
9.76344E+01 1.19152E-02
9.83019E+01 1.18805E-02
9.90143E+01 1.18446E-02
9.97687E+01 1.18076E-02
1.00562E+02 1.17698E-02
1.01391E+02 1.17315E-02
1.02254E+02 1.16930E-02
1.03145E+02 1.16543E-02
1.04064E+02 1.16159E-02
1.05006E+02 1.15776E-02
1.05967E+02 1.15400E-02
1.06946E+02 1.15027E-02
1.07939E+02 1.14661E-02
1.08943E+02 1.14301E-02
1.09954E+02 1.13951E-02
1.10970E+02 1.13607E-02
1.11989E+02 1.13273E-02
1.13006E+02 1.12947E-02
1.14020E+02 1.12630E-02
1.15028E+02 1.12320E-02
1.16027E+02 1.12022E-02
1.17015E+02 1.11732E-02
1.17989E+02 1.11452E-02
1.18947E+02 1.11180E-02
1.19887E+02 1.10916E-02
1.20807E+02 1.10664E-02
1.21704E+02 1.10420E-02
1.22578E+02 1.10186E-02
1.23425E+02 1.09961E-02
1.24244E+02 1.09748E-02
1.25034E+02 1.09543E-02
1.25793E+02 1.09348E-02
1.26519E+02 1.09163E-02
1.27211E+02 1.08988E-02
1.27867E+02 1.08823E-02
1.28487E+02 1.08669E-02
1.29070E+02 1.08525E-02
1.29613E+02 1.08390E-02
1.30117E+02 1.08267E-02
1.30579E+02 1.08154E-02
1.31001E+02 1.08053E-02
1.31379E+02 1.07961E-02
1.31715E+02 1.07881E-02
1.32008E+02 1.07811E-02
1.32256E+02 1.07750E-02
1.32459E+02 1.07701E-02
1.32618E+02 1.07664E-02
1.32732E+02 1.07637E-02
1.32800E+02 1.07622E-02
1.32823E+02 1.07616E-02
1.32800E+02 1.07622E-02
1.32732E+02 1.07637E-02
1.32618E+02 1.07664E-02
1.32459E+02 1.07701E-02
1.32256E+02 1.07750E-02
1.32008E+02 1.07811E-02
1.31715E+02 1.07881E-02
1.31379E+02 1.07961E-02
1.31001E+02 1.08053E-02
1.30579E+02 1.08154E-02
1.30117E+02 1.08267E-02
1.29613E+02 1.08390E-02
1.29070E+02 1.08525E-02
1.28487E+02 1.08669E-02
1.27867E+02 1.08823E-02
1.27211E+02 1.08988E-02
1.26519E+02 1.09163E-02
1.25793E+02 1.09348E-02
1.25034E+02 1.09543E-02
1.24244E+02 1.09748E-02
1.23425E+02 1.09961E-02
1.22578E+02 1.10186E-02
1.21704E+02 1.10420E-02
1.20807E+02 1.10664E-02
1.19887E+02 1.10916E-02
1.18947E+02 1.11180E-02
1.17989E+02 1.11452E-02
1.17015E+02 1.11732E-02
1.16027E+02 1.12022E-02
1.15028E+02 1.12320E-02
1.14020E+02 1.12630E-02
1.13006E+02 1.12947E-02
1.11989E+02 1.13274E-02
1.10970E+02 1.13607E-02
1.09954E+02 1.13951E-02
1.08943E+02 1.14301E-02
1.07939E+02 1.14661E-02
1.06946E+02 1.15027E-02
1.05967E+02 1.15400E-02
1.05006E+02 1.15776E-02
1.04064E+02 1.16159E-02
1.03146E+02 1.16543E-02
1.02254E+02 1.16930E-02
1.01391E+02 1.17315E-02
1.00562E+02 1.17698E-02
9.97687E+01 1.18076E-02
9.90143E+01 1.18446E-02
9.83019E+01 1.18805E-02
9.76344E+01 1.19152E-02
9.70146E+01 1.19484E-02
9.64451E+01 1.19795E-02
9.59283E+01 1.20083E-02
9.54667E+01 1.20347E-02
9.50621E+01 1.20583E-02
9.47165E+01 1.20786E-02
9.44315E+01 1.20957E-02
9.42085E+01 1.21092E-02
9.40484E+01 1.21189E-02
9.39520E+01 1.21248E-02
9.39198E+01 1.21268E-02
