Will plot unflagged data


File # 1  = raise.vis
raise.vis 4.7863 GHz
Read 121 visibilities from all files

Baseline 1-5, plot 121 points
3.14268E+01 -3.84747E+00
3.14376E+01 -3.91760E+00
3.14698E+01 -3.98475E+00
3.15234E+01 -4.04903E+00
3.15980E+01 -4.11045E+00
3.16934E+01 -4.17013E+00
3.18090E+01 -4.22564E+00
3.19444E+01 -4.27877E+00
3.20989E+01 -4.32859E+00
3.22718E+01 -4.37614E+00
3.24623E+01 -4.42049E+00
3.26697E+01 -4.46235E+00
3.28931E+01 -4.50039E+00
3.31315E+01 -4.53473E+00
3.33839E+01 -4.56640E+00
3.36494E+01 -4.59549E+00
3.39269E+01 -4.62186E+00
3.42154E+01 -4.64406E+00
3.45138E+01 -4.66323E+00
3.48211E+01 -4.67939E+00
3.51362E+01 -4.69258E+00
3.54581E+01 -4.70185E+00
3.57856E+01 -4.70886E+00
3.61178E+01 -4.71146E+00
3.64536E+01 -4.71181E+00
3.67921E+01 -4.70889E+00
3.71321E+01 -4.70168E+00
3.74729E+01 -4.69233E+00
3.78133E+01 -4.67951E+00
3.81526E+01 -4.66415E+00
3.84898E+01 -4.64426E+00
3.88241E+01 -4.62192E+00
3.91546E+01 -4.59613E+00
3.94806E+01 -4.56691E+00
3.98012E+01 -4.53535E+00
4.01158E+01 -4.50022E+00
4.04236E+01 -4.46247E+00
4.07239E+01 -4.42113E+00
4.10161E+01 -4.37727E+00
4.12996E+01 -4.32987E+00
4.15738E+01 -4.28000E+00
4.18380E+01 -4.22664E+00
4.20919E+01 -4.17086E+00
4.23348E+01 -4.11167E+00
4.25664E+01 -4.05006E+00
4.27861E+01 -3.98596E+00
4.29936E+01 -3.91838E+00
4.31884E+01 -3.84945E+00
4.33702E+01 -3.77611E+00
4.35387E+01 -3.70150E+00
4.36936E+01 -3.62360E+00
4.38345E+01 -3.54348E+00
4.39613E+01 -3.46118E+00
4.40737E+01 -3.37572E+00
4.41715E+01 -3.28922E+00
4.42545E+01 -3.19965E+00
4.43226E+01 -3.10811E+00
4.43758E+01 -3.01361E+00
4.44138E+01 -2.91830E+00
4.44366E+01 -2.82015E+00
4.44442E+01 -2.72026E+00
4.44366E+01 -2.61872E+00
4.44138E+01 -2.51558E+00
4.43758E+01 -2.40988E+00
4.43226E+01 -2.30377E+00
4.42545E+01 -2.19526E+00
4.41715E+01 -2.08547E+00
4.40737E+01 -1.97344E+00
4.39613E+01 -1.86132E+00
4.38345E+01 -1.74714E+00
4.36936E+01 -1.63201E+00
4.35387E+01 -1.51603E+00
4.33702E+01 -1.39825E+00
4.31884E+01 -1.28083E+00
4.29936E+01 -1.16077E+00
4.27861E+01 -1.04124E+00
4.25664E+01 -9.20252E-01
4.23348E+01 -7.98917E-01
4.20919E+01 -6.77438E-01
4.18380E+01 -5.54941E-01
4.15738E+01 -4.32538E-01
4.12996E+01 -3.09285E-01
4.10161E+01 -1.86309E-01
4.07239E+01 -6.26743E-02
4.04236E+01 6.04935E-02
4.01158E+01 1.84150E-01
3.98012E+01 3.07224E-01
3.94806E+01 4.30544E-01
3.91546E+01 5.52779E-01
3.88241E+01 6.74913E-01
3.84898E+01 7.96876E-01
3.81526E+01 9.17551E-01
3.78133E+01 1.03893E+00
3.74729E+01 1.15894E+00
3.71321E+01 1.27840E+00
3.67921E+01 1.39591E+00
3.64536E+01 1.51351E+00
3.61178E+01 1.63012E+00
3.57856E+01 1.74465E+00
3.54581E+01 1.85915E+00
3.51363E+01 1.97142E+00
3.48211E+01 2.08304E+00
3.45139E+01 2.19300E+00
3.42154E+01 2.30126E+00
3.39269E+01 2.40780E+00
3.36494E+01 2.51370E+00
3.33839E+01 2.61743E+00
3.31315E+01 2.71883E+00
3.28931E+01 2.81791E+00
3.26698E+01 2.91570E+00
3.24624E+01 3.01224E+00
3.22718E+01 3.10617E+00
3.20989E+01 3.19818E+00
3.19444E+01 3.28730E+00
3.18090E+01 3.37455E+00
3.16934E+01 3.45897E+00
3.15980E+01 3.54233E+00
3.15234E+01 3.62217E+00
3.14698E+01 3.69963E+00
3.14376E+01 3.77469E+00
3.14268E+01 3.84746E+00
