Will plot unflagged data


File # 1  = raise.vis
raise.vis 4.7863 GHz
Read 121 visibilities from all files

Baseline 1-5, plot 121 points
3.14268E+01 7.82485E-02
3.14376E+01 7.82456E-02
3.14698E+01 7.82370E-02
3.15234E+01 7.82226E-02
3.15980E+01 7.82025E-02
3.16934E+01 7.81773E-02
3.18090E+01 7.81462E-02
3.19444E+01 7.81103E-02
3.20989E+01 7.80691E-02
3.22718E+01 7.80236E-02
3.24623E+01 7.79737E-02
3.26697E+01 7.79200E-02
3.28931E+01 7.78619E-02
3.31315E+01 7.77997E-02
3.33839E+01 7.77345E-02
3.36494E+01 7.76670E-02
3.39269E+01 7.75975E-02
3.42154E+01 7.75246E-02
3.45138E+01 7.74500E-02
3.48211E+01 7.73740E-02
3.51362E+01 7.72969E-02
3.54581E+01 7.72180E-02
3.57856E+01 7.71396E-02
3.61178E+01 7.70593E-02
3.64536E+01 7.69801E-02
3.67921E+01 7.69009E-02
3.71321E+01 7.68206E-02
3.74729E+01 7.67423E-02
3.78133E+01 7.66645E-02
3.81526E+01 7.65886E-02
3.84898E+01 7.65119E-02
3.88241E+01 7.64375E-02
3.91546E+01 7.63642E-02
3.94806E+01 7.62920E-02
3.98012E+01 7.62228E-02
4.01158E+01 7.61547E-02
4.04236E+01 7.60893E-02
4.07239E+01 7.60251E-02
4.10161E+01 7.59639E-02
4.12996E+01 7.59041E-02
4.15738E+01 7.58474E-02
4.18380E+01 7.57922E-02
4.20919E+01 7.57402E-02
4.23348E+01 7.56898E-02
4.25664E+01 7.56427E-02
4.27861E+01 7.55986E-02
4.29936E+01 7.55561E-02
4.31884E+01 7.55183E-02
4.33702E+01 7.54805E-02
4.35387E+01 7.54476E-02
4.36936E+01 7.54163E-02
4.38345E+01 7.53883E-02
4.39613E+01 7.53636E-02
4.40737E+01 7.53404E-02
4.41715E+01 7.53223E-02
4.42545E+01 7.53058E-02
4.43226E+01 7.52925E-02
4.43758E+01 7.52810E-02
4.44138E+01 7.52744E-02
4.44366E+01 7.52694E-02
4.44442E+01 7.52678E-02
4.44366E+01 7.52694E-02
4.44138E+01 7.52744E-02
4.43758E+01 7.52810E-02
4.43226E+01 7.52926E-02
4.42545E+01 7.53058E-02
4.41715E+01 7.53223E-02
4.40737E+01 7.53404E-02
4.39613E+01 7.53635E-02
4.38345E+01 7.53883E-02
4.36936E+01 7.54163E-02
4.35387E+01 7.54476E-02
4.33702E+01 7.54805E-02
4.31884E+01 7.55183E-02
4.29936E+01 7.55560E-02
4.27861E+01 7.55986E-02
4.25664E+01 7.56427E-02
4.23348E+01 7.56899E-02
4.20919E+01 7.57402E-02
4.18380E+01 7.57922E-02
4.15738E+01 7.58474E-02
4.12996E+01 7.59041E-02
4.10161E+01 7.59639E-02
4.07239E+01 7.60251E-02
4.04236E+01 7.60893E-02
4.01158E+01 7.61547E-02
3.98012E+01 7.62228E-02
3.94806E+01 7.62920E-02
3.91546E+01 7.63642E-02
3.88241E+01 7.64375E-02
3.84898E+01 7.65119E-02
3.81526E+01 7.65886E-02
3.78133E+01 7.66645E-02
3.74729E+01 7.67423E-02
3.71321E+01 7.68206E-02
3.67921E+01 7.69009E-02
3.64536E+01 7.69801E-02
3.61178E+01 7.70593E-02
3.57856E+01 7.71396E-02
3.54581E+01 7.72180E-02
3.51363E+01 7.72969E-02
3.48211E+01 7.73740E-02
3.45139E+01 7.74500E-02
3.42154E+01 7.75246E-02
3.39269E+01 7.75975E-02
3.36494E+01 7.76670E-02
3.33839E+01 7.77345E-02
3.31315E+01 7.77997E-02
3.28931E+01 7.78619E-02
3.26698E+01 7.79200E-02
3.24624E+01 7.79737E-02
3.22718E+01 7.80236E-02
3.20989E+01 7.80691E-02
3.19444E+01 7.81103E-02
3.18090E+01 7.81462E-02
3.16934E+01 7.81773E-02
3.15980E+01 7.82025E-02
3.15234E+01 7.82226E-02
3.14698E+01 7.82370E-02
3.14376E+01 7.82456E-02
3.14268E+01 7.82485E-02
