Will plot unflagged data


File # 1  = raise.vis
raise.vis 1.5136 GHz
Read 121 visibilities from all files

Baseline 2-4, plot 121 points
7.09859E+00 1.30784E+00
7.10102E+00 1.30782E+00
7.10831E+00 1.30775E+00
7.12041E+00 1.30765E+00
7.13727E+00 1.30750E+00
7.15881E+00 1.30731E+00
7.18492E+00 1.30708E+00
7.21550E+00 1.30682E+00
7.25039E+00 1.30651E+00
7.28945E+00 1.30616E+00
7.33250E+00 1.30579E+00
7.37934E+00 1.30539E+00
7.42979E+00 1.30495E+00
7.48364E+00 1.30447E+00
7.54065E+00 1.30398E+00
7.60062E+00 1.30346E+00
7.66331E+00 1.30291E+00
7.72847E+00 1.30235E+00
7.79588E+00 1.30176E+00
7.86529E+00 1.30115E+00
7.93647E+00 1.30053E+00
8.00916E+00 1.29992E+00
8.08315E+00 1.29926E+00
8.15818E+00 1.29863E+00
8.23403E+00 1.29796E+00
8.31048E+00 1.29732E+00
8.38729E+00 1.29666E+00
8.46426E+00 1.29599E+00
8.54116E+00 1.29533E+00
8.61779E+00 1.29468E+00
8.69396E+00 1.29402E+00
8.76947E+00 1.29338E+00
8.84413E+00 1.29276E+00
8.91776E+00 1.29213E+00
8.99018E+00 1.29152E+00
9.06123E+00 1.29094E+00
9.13075E+00 1.29034E+00
9.19859E+00 1.28977E+00
9.26459E+00 1.28922E+00
9.32863E+00 1.28867E+00
9.39055E+00 1.28817E+00
9.45025E+00 1.28767E+00
9.50759E+00 1.28719E+00
9.56246E+00 1.28674E+00
9.61477E+00 1.28629E+00
9.66439E+00 1.28590E+00
9.71126E+00 1.28550E+00
9.75526E+00 1.28513E+00
9.79633E+00 1.28480E+00
9.83439E+00 1.28449E+00
9.86937E+00 1.28418E+00
9.90121E+00 1.28393E+00
9.92984E+00 1.28369E+00
9.95523E+00 1.28347E+00
9.97732E+00 1.28331E+00
9.99607E+00 1.28316E+00
1.00115E+01 1.28303E+00
1.00235E+01 1.28291E+00
1.00320E+01 1.28285E+00
1.00372E+01 1.28282E+00
1.00389E+01 1.28278E+00
1.00372E+01 1.28282E+00
1.00320E+01 1.28285E+00
1.00235E+01 1.28291E+00
1.00115E+01 1.28303E+00
9.99608E+00 1.28316E+00
9.97732E+00 1.28331E+00
9.95523E+00 1.28347E+00
9.92984E+00 1.28369E+00
9.90121E+00 1.28393E+00
9.86937E+00 1.28418E+00
9.83440E+00 1.28449E+00
9.79634E+00 1.28480E+00
9.75527E+00 1.28513E+00
9.71126E+00 1.28550E+00
9.66440E+00 1.28590E+00
9.61477E+00 1.28629E+00
9.56247E+00 1.28674E+00
9.50759E+00 1.28719E+00
9.45025E+00 1.28767E+00
9.39056E+00 1.28817E+00
9.32863E+00 1.28867E+00
9.26460E+00 1.28922E+00
9.19859E+00 1.28977E+00
9.13076E+00 1.29034E+00
9.06124E+00 1.29094E+00
8.99018E+00 1.29152E+00
8.91776E+00 1.29213E+00
8.84413E+00 1.29276E+00
8.76947E+00 1.29338E+00
8.69397E+00 1.29402E+00
8.61780E+00 1.29468E+00
8.54116E+00 1.29533E+00
8.46426E+00 1.29599E+00
8.38730E+00 1.29666E+00
8.31048E+00 1.29732E+00
8.23404E+00 1.29796E+00
8.15819E+00 1.29863E+00
8.08315E+00 1.29926E+00
8.00917E+00 1.29992E+00
7.93647E+00 1.30053E+00
7.86530E+00 1.30115E+00
7.79588E+00 1.30176E+00
7.72848E+00 1.30235E+00
7.66331E+00 1.30291E+00
7.60063E+00 1.30346E+00
7.54066E+00 1.30398E+00
7.48364E+00 1.30447E+00
7.42980E+00 1.30495E+00
7.37935E+00 1.30539E+00
7.33250E+00 1.30579E+00
7.28945E+00 1.30616E+00
7.25040E+00 1.30651E+00
7.21550E+00 1.30682E+00
7.18493E+00 1.30708E+00
7.15881E+00 1.30731E+00
7.13727E+00 1.30750E+00
7.12041E+00 1.30765E+00
7.10831E+00 1.30775E+00
7.10102E+00 1.30782E+00
7.09859E+00 1.30784E+00
