Will plot unflagged data


File # 1  = raise.vis
raise.vis 15.1356 GHz
Read 121 visibilities from all files

Baseline 2-5, plot 121 points
9.39198E+01 -6.80476E+00
9.39520E+01 -6.92865E+00
9.40484E+01 -7.04740E+00
9.42085E+01 -7.16159E+00
9.44315E+01 -7.27033E+00
9.47165E+01 -7.37463E+00
9.50621E+01 -7.47394E+00
9.54666E+01 -7.56718E+00
9.59283E+01 -7.65668E+00
9.64451E+01 -7.73967E+00
9.70146E+01 -7.81816E+00
9.76344E+01 -7.89052E+00
9.83019E+01 -7.95898E+00
9.90143E+01 -8.02049E+00
9.97687E+01 -8.07656E+00
1.00562E+02 -8.12831E+00
1.01391E+02 -8.17380E+00
1.02254E+02 -8.21349E+00
1.03145E+02 -8.24752E+00
1.04064E+02 -8.27601E+00
1.05006E+02 -8.29834E+00
1.05967E+02 -8.31581E+00
1.06946E+02 -8.32751E+00
1.07939E+02 -8.33371E+00
1.08943E+02 -8.33375E+00
1.09954E+02 -8.32803E+00
1.10970E+02 -8.31643E+00
1.11989E+02 -8.29925E+00
1.13006E+02 -8.27664E+00
1.14020E+02 -8.24783E+00
1.15028E+02 -8.21412E+00
1.16027E+02 -8.17469E+00
1.17015E+02 -8.12957E+00
1.17989E+02 -8.07815E+00
1.18947E+02 -8.02171E+00
1.19887E+02 -7.95938E+00
1.20807E+02 -7.89236E+00
1.21704E+02 -7.82015E+00
1.22578E+02 -7.74176E+00
1.23425E+02 -7.65840E+00
1.24244E+02 -7.56913E+00
1.25034E+02 -7.47514E+00
1.25793E+02 -7.37715E+00
1.26519E+02 -7.27308E+00
1.27211E+02 -7.16306E+00
1.27867E+02 -7.04926E+00
1.28487E+02 -6.93070E+00
1.29070E+02 -6.80749E+00
1.29613E+02 -6.67870E+00
1.30117E+02 -6.54627E+00
1.30579E+02 -6.40919E+00
1.31001E+02 -6.26759E+00
1.31379E+02 -6.12155E+00
1.31715E+02 -5.97119E+00
1.32008E+02 -5.81659E+00
1.32256E+02 -5.65888E+00
1.32459E+02 -5.49609E+00
1.32618E+02 -5.33039E+00
1.32732E+02 -5.16085E+00
1.32800E+02 -4.98757E+00
1.32823E+02 -4.81171E+00
1.32800E+02 -4.63132E+00
1.32732E+02 -4.44858E+00
1.32618E+02 -4.26261E+00
1.32459E+02 -4.07352E+00
1.32256E+02 -3.88249E+00
1.32008E+02 -3.68760E+00
1.31715E+02 -3.49106E+00
1.31379E+02 -3.29198E+00
1.31001E+02 -3.09051E+00
1.30579E+02 -2.88680E+00
1.30117E+02 -2.68097E+00
1.29613E+02 -2.47314E+00
1.29070E+02 -2.26455E+00
1.28487E+02 -2.05350E+00
1.27867E+02 -1.84113E+00
1.27211E+02 -1.62758E+00
1.26519E+02 -1.41404E+00
1.25793E+02 -1.19857E+00
1.25034E+02 -9.81244E-01
1.24244E+02 -7.64380E-01
1.23425E+02 -5.47459E-01
1.22578E+02 -3.29501E-01
1.21704E+02 -1.11640E-01
1.20807E+02 1.07100E-01
1.19887E+02 3.25561E-01
1.18947E+02 5.43023E-01
1.17989E+02 7.60513E-01
1.17015E+02 9.76959E-01
1.16027E+02 1.19347E+00
1.15028E+02 1.40925E+00
1.14020E+02 1.62415E+00
1.13006E+02 1.83719E+00
1.11989E+02 2.04949E+00
1.10970E+02 2.26014E+00
1.09954E+02 2.46911E+00
1.08943E+02 2.67656E+00
1.07939E+02 2.88223E+00
1.06946E+02 3.08637E+00
1.05967E+02 3.28819E+00
1.05006E+02 3.48783E+00
1.04064E+02 3.68425E+00
1.03146E+02 3.87863E+00
1.02254E+02 4.07024E+00
1.01391E+02 4.25909E+00
1.00562E+02 4.44523E+00
9.97687E+01 4.62900E+00
9.90143E+01 4.80839E+00
9.83019E+01 4.98442E+00
9.76344E+01 5.15853E+00
9.70146E+01 5.32761E+00
9.64451E+01 5.49380E+00
9.59283E+01 5.65542E+00
9.54667E+01 5.81443E+00
9.50621E+01 5.96800E+00
9.47165E+01 6.11843E+00
9.44315E+01 6.26461E+00
9.42085E+01 6.40595E+00
9.40484E+01 6.54345E+00
9.39520E+01 6.67618E+00
9.39198E+01 6.80474E+00
