Will plot unflagged data


File # 1  = raise.vis
raise.vis 15.1356 GHz
Read 121 visibilities from all files

Baseline 2-5, plot 121 points
9.39198E+01 6.92309E-03
9.39520E+01 6.92270E-03
9.40484E+01 6.92152E-03
9.42085E+01 6.91957E-03
9.44315E+01 6.91685E-03
9.47165E+01 6.91338E-03
9.50621E+01 6.90920E-03
9.54666E+01 6.90429E-03
9.59283E+01 6.89876E-03
9.64451E+01 6.89253E-03
9.70146E+01 6.88575E-03
9.76344E+01 6.87836E-03
9.83019E+01 6.87054E-03
9.90143E+01 6.86215E-03
9.97687E+01 6.85332E-03
1.00562E+02 6.84420E-03
1.01391E+02 6.83468E-03
1.02254E+02 6.82485E-03
1.03145E+02 6.81476E-03
1.04064E+02 6.80447E-03
1.05006E+02 6.79397E-03
1.05967E+02 6.78342E-03
1.06946E+02 6.77279E-03
1.07939E+02 6.76213E-03
1.08943E+02 6.75142E-03
1.09954E+02 6.74073E-03
1.10970E+02 6.73008E-03
1.11989E+02 6.71954E-03
1.13006E+02 6.70914E-03
1.14020E+02 6.69883E-03
1.15028E+02 6.68877E-03
1.16027E+02 6.67890E-03
1.17015E+02 6.66923E-03
1.17989E+02 6.65971E-03
1.18947E+02 6.65049E-03
1.19887E+02 6.64149E-03
1.20807E+02 6.63286E-03
1.21704E+02 6.62454E-03
1.22578E+02 6.61644E-03
1.23425E+02 6.60867E-03
1.24244E+02 6.60115E-03
1.25034E+02 6.59401E-03
1.25793E+02 6.58734E-03
1.26519E+02 6.58089E-03
1.27211E+02 6.57467E-03
1.27867E+02 6.56893E-03
1.28487E+02 6.56356E-03
1.29070E+02 6.55855E-03
1.29613E+02 6.55380E-03
1.30117E+02 6.54953E-03
1.30579E+02 6.54560E-03
1.31001E+02 6.54203E-03
1.31379E+02 6.53881E-03
1.31715E+02 6.53595E-03
1.32008E+02 6.53345E-03
1.32256E+02 6.53143E-03
1.32459E+02 6.52965E-03
1.32618E+02 6.52834E-03
1.32732E+02 6.52739E-03
1.32800E+02 6.52680E-03
1.32823E+02 6.52668E-03
1.32800E+02 6.52680E-03
1.32732E+02 6.52739E-03
1.32618E+02 6.52834E-03
1.32459E+02 6.52965E-03
1.32256E+02 6.53143E-03
1.32008E+02 6.53345E-03
1.31715E+02 6.53595E-03
1.31379E+02 6.53881E-03
1.31001E+02 6.54203E-03
1.30579E+02 6.54560E-03
1.30117E+02 6.54953E-03
1.29613E+02 6.55380E-03
1.29070E+02 6.55855E-03
1.28487E+02 6.56356E-03
1.27867E+02 6.56893E-03
1.27211E+02 6.57467E-03
1.26519E+02 6.58089E-03
1.25793E+02 6.58734E-03
1.25034E+02 6.59401E-03
1.24244E+02 6.60115E-03
1.23425E+02 6.60867E-03
1.22578E+02 6.61644E-03
1.21704E+02 6.62454E-03
1.20807E+02 6.63286E-03
1.19887E+02 6.64149E-03
1.18947E+02 6.65049E-03
1.17989E+02 6.65971E-03
1.17015E+02 6.66923E-03
1.16027E+02 6.67890E-03
1.15028E+02 6.68877E-03
1.14020E+02 6.69883E-03
1.13006E+02 6.70914E-03
1.11989E+02 6.71954E-03
1.10970E+02 6.73008E-03
1.09954E+02 6.74073E-03
1.08943E+02 6.75142E-03
1.07939E+02 6.76213E-03
1.06946E+02 6.77279E-03
1.05967E+02 6.78342E-03
1.05006E+02 6.79397E-03
1.04064E+02 6.80447E-03
1.03146E+02 6.81476E-03
1.02254E+02 6.82485E-03
1.01391E+02 6.83468E-03
1.00562E+02 6.84420E-03
9.97687E+01 6.85332E-03
9.90143E+01 6.86215E-03
9.83019E+01 6.87054E-03
9.76344E+01 6.87836E-03
9.70146E+01 6.88575E-03
9.64451E+01 6.89253E-03
9.59283E+01 6.89876E-03
9.54667E+01 6.90429E-03
9.50621E+01 6.90920E-03
9.47165E+01 6.91338E-03
9.44315E+01 6.91685E-03
9.42085E+01 6.91957E-03
9.40484E+01 6.92152E-03
9.39520E+01 6.92270E-03
9.39198E+01 6.92309E-03
