Will plot unflagged data


File # 1  = raise.vis
raise.vis 0.4786 GHz
Read 121 visibilities from all files

Baseline 1-2, plot 121 points
1.72675E-01 0.00000E+00
1.72734E-01 0.00000E+00
1.72911E-01 0.00000E+00
1.73205E-01 0.00000E+00
1.73616E-01 0.00000E+00
1.74139E-01 0.00000E+00
1.74775E-01 0.00000E+00
1.75519E-01 0.00000E+00
1.76367E-01 0.00000E+00
1.77317E-01 0.00000E+00
1.78365E-01 0.00000E+00
1.79504E-01 0.00000E+00
1.80731E-01 0.00000E+00
1.82041E-01 0.00000E+00
1.83428E-01 0.00000E+00
1.84887E-01 0.00000E+00
1.86412E-01 0.00000E+00
1.87997E-01 0.00000E+00
1.89636E-01 0.00000E+00
1.91325E-01 0.00000E+00
1.93056E-01 0.00000E+00
1.94825E-01 0.00000E+00
1.96624E-01 0.00000E+00
1.98449E-01 0.00000E+00
2.00295E-01 0.00000E+00
2.02154E-01 0.00000E+00
2.04023E-01 0.00000E+00
2.05895E-01 0.00000E+00
2.07766E-01 0.00000E+00
2.09630E-01 0.00000E+00
2.11482E-01 0.00000E+00
2.13319E-01 0.00000E+00
2.15135E-01 0.00000E+00
2.16926E-01 0.00000E+00
2.18688E-01 0.00000E+00
2.20416E-01 0.00000E+00
2.22108E-01 0.00000E+00
2.23758E-01 0.00000E+00
2.25363E-01 0.00000E+00
2.26921E-01 0.00000E+00
2.28427E-01 0.00000E+00
2.29879E-01 0.00000E+00
2.31274E-01 0.00000E+00
2.32609E-01 0.00000E+00
2.33881E-01 0.00000E+00
2.35088E-01 0.00000E+00
2.36228E-01 0.00000E+00
2.37299E-01 0.00000E+00
2.38298E-01 0.00000E+00
2.39224E-01 0.00000E+00
2.40075E-01 0.00000E+00
2.40849E-01 0.00000E+00
2.41546E-01 0.00000E+00
2.42163E-01 0.00000E+00
2.42700E-01 0.00000E+00
2.43157E-01 0.00000E+00
2.43531E-01 0.00000E+00
2.43823E-01 0.00000E+00
2.44032E-01 0.00000E+00
2.44157E-01 0.00000E+00
2.44199E-01 0.00000E+00
2.44157E-01 0.00000E+00
2.44032E-01 0.00000E+00
2.43823E-01 0.00000E+00
2.43531E-01 0.00000E+00
2.43157E-01 0.00000E+00
2.42700E-01 0.00000E+00
2.42163E-01 0.00000E+00
2.41546E-01 0.00000E+00
2.40849E-01 0.00000E+00
2.40075E-01 0.00000E+00
2.39224E-01 0.00000E+00
2.38298E-01 0.00000E+00
2.37299E-01 0.00000E+00
2.36228E-01 0.00000E+00
2.35089E-01 0.00000E+00
2.33881E-01 0.00000E+00
2.32609E-01 0.00000E+00
2.31274E-01 0.00000E+00
2.29879E-01 0.00000E+00
2.28427E-01 0.00000E+00
2.26921E-01 0.00000E+00
2.25363E-01 0.00000E+00
2.23758E-01 0.00000E+00
2.22108E-01 0.00000E+00
2.20417E-01 0.00000E+00
2.18688E-01 0.00000E+00
2.16926E-01 0.00000E+00
2.15135E-01 0.00000E+00
2.13319E-01 0.00000E+00
2.11483E-01 0.00000E+00
2.09630E-01 0.00000E+00
2.07766E-01 0.00000E+00
2.05895E-01 0.00000E+00
2.04023E-01 0.00000E+00
2.02154E-01 0.00000E+00
2.00295E-01 0.00000E+00
1.98450E-01 0.00000E+00
1.96624E-01 0.00000E+00
1.94825E-01 0.00000E+00
1.93056E-01 0.00000E+00
1.91325E-01 0.00000E+00
1.89637E-01 0.00000E+00
1.87997E-01 0.00000E+00
1.86412E-01 0.00000E+00
1.84887E-01 0.00000E+00
1.83428E-01 0.00000E+00
1.82041E-01 0.00000E+00
1.80731E-01 0.00000E+00
1.79504E-01 0.00000E+00
1.78365E-01 0.00000E+00
1.77318E-01 0.00000E+00
1.76367E-01 0.00000E+00
1.75519E-01 0.00000E+00
1.74775E-01 0.00000E+00
1.74140E-01 0.00000E+00
1.73616E-01 0.00000E+00
1.73205E-01 0.00000E+00
1.72911E-01 0.00000E+00
1.72734E-01 0.00000E+00
1.72675E-01 0.00000E+00
