Will plot unflagged data


File # 1  = raise.vis
raise.vis 0.4786 GHz
Read 121 visibilities from all files

Baseline 2-5, plot 121 points
2.97001E+00 9.02808E-01
2.97102E+00 9.02806E-01
2.97407E+00 9.02800E-01
2.97913E+00 9.02792E-01
2.98619E+00 9.02780E-01
2.99520E+00 9.02763E-01
3.00613E+00 9.02744E-01
3.01892E+00 9.02723E-01
3.03352E+00 9.02697E-01
3.04986E+00 9.02669E-01
3.06787E+00 9.02637E-01
3.08747E+00 9.02602E-01
3.10858E+00 9.02564E-01
3.13111E+00 9.02522E-01
3.15496E+00 9.02481E-01
3.18005E+00 9.02433E-01
3.20628E+00 9.02387E-01
3.23354E+00 9.02332E-01
3.26175E+00 9.02280E-01
3.29079E+00 9.02225E-01
3.32057E+00 9.02167E-01
3.35098E+00 9.02107E-01
3.38194E+00 9.02051E-01
3.41333E+00 9.01986E-01
3.44507E+00 9.01925E-01
3.47705E+00 9.01862E-01
3.50919E+00 9.01797E-01
3.54139E+00 9.01730E-01
3.57357E+00 9.01669E-01
3.60563E+00 9.01598E-01
3.63750E+00 9.01534E-01
3.66909E+00 9.01468E-01
3.70033E+00 9.01409E-01
3.73113E+00 9.01340E-01
3.76143E+00 9.01279E-01
3.79116E+00 9.01216E-01
3.82025E+00 9.01152E-01
3.84863E+00 9.01096E-01
3.87625E+00 9.01030E-01
3.90304E+00 9.00972E-01
3.92895E+00 9.00913E-01
3.95392E+00 9.00864E-01
3.97791E+00 9.00814E-01
4.00087E+00 9.00764E-01
4.02276E+00 9.00712E-01
4.04352E+00 9.00661E-01
4.06313E+00 9.00619E-01
4.08154E+00 9.00576E-01
4.09872E+00 9.00544E-01
4.11465E+00 9.00501E-01
4.12928E+00 9.00469E-01
4.14260E+00 9.00437E-01
4.15458E+00 9.00415E-01
4.16520E+00 9.00393E-01
4.17445E+00 9.00371E-01
4.18229E+00 9.00348E-01
4.18873E+00 9.00337E-01
4.19375E+00 9.00326E-01
4.19735E+00 9.00315E-01
4.19950E+00 9.00304E-01
4.20022E+00 9.00304E-01
4.19950E+00 9.00304E-01
4.19735E+00 9.00315E-01
4.19375E+00 9.00326E-01
4.18873E+00 9.00337E-01
4.18229E+00 9.00349E-01
4.17445E+00 9.00371E-01
4.16520E+00 9.00393E-01
4.15458E+00 9.00415E-01
4.14260E+00 9.00437E-01
4.12928E+00 9.00469E-01
4.11465E+00 9.00501E-01
4.09873E+00 9.00544E-01
4.08154E+00 9.00576E-01
4.06313E+00 9.00618E-01
4.04352E+00 9.00660E-01
4.02276E+00 9.00712E-01
4.00088E+00 9.00764E-01
3.97792E+00 9.00814E-01
3.95392E+00 9.00864E-01
3.92895E+00 9.00913E-01
3.90304E+00 9.00972E-01
3.87625E+00 9.01030E-01
3.84863E+00 9.01096E-01
3.82025E+00 9.01152E-01
3.79116E+00 9.01216E-01
3.76144E+00 9.01279E-01
3.73113E+00 9.01340E-01
3.70033E+00 9.01409E-01
3.66909E+00 9.01467E-01
3.63750E+00 9.01534E-01
3.60563E+00 9.01598E-01
3.57357E+00 9.01669E-01
3.54139E+00 9.01730E-01
3.50919E+00 9.01797E-01
3.47705E+00 9.01862E-01
3.44507E+00 9.01925E-01
3.41333E+00 9.01986E-01
3.38194E+00 9.02051E-01
3.35099E+00 9.02107E-01
3.32057E+00 9.02167E-01
3.29079E+00 9.02225E-01
3.26175E+00 9.02280E-01
3.23355E+00 9.02332E-01
3.20628E+00 9.02386E-01
3.18005E+00 9.02433E-01
3.15496E+00 9.02481E-01
3.13111E+00 9.02522E-01
3.10858E+00 9.02564E-01
3.08747E+00 9.02602E-01
3.06787E+00 9.02637E-01
3.04986E+00 9.02669E-01
3.03352E+00 9.02697E-01
3.01892E+00 9.02722E-01
3.00613E+00 9.02744E-01
2.99520E+00 9.02763E-01
2.98619E+00 9.02780E-01
2.97913E+00 9.02791E-01
2.97407E+00 9.02800E-01
2.97102E+00 9.02806E-01
2.97001E+00 9.02808E-01
