Will plot unflagged data


File # 1  = raise.vis
raise.vis 0.4786 GHz
Read 121 visibilities from all files

Baseline 2-5, plot 121 points
2.97001E+00 -6.32318E-01
2.97102E+00 -6.44223E-01
2.97407E+00 -6.54635E-01
2.97913E+00 -6.65599E-01
2.98619E+00 -6.76072E-01
2.99520E+00 -6.85013E-01
3.00613E+00 -6.94466E-01
3.01892E+00 -7.03389E-01
3.03352E+00 -7.11770E-01
3.04986E+00 -7.19597E-01
3.06787E+00 -7.26856E-01
3.08747E+00 -7.33535E-01
3.10858E+00 -7.39623E-01
3.13111E+00 -7.45109E-01
3.15496E+00 -7.51014E-01
3.18005E+00 -7.55261E-01
3.20628E+00 -7.59906E-01
3.23354E+00 -7.62873E-01
3.26175E+00 -7.66218E-01
3.29079E+00 -7.68900E-01
3.32057E+00 -7.70910E-01
3.35098E+00 -7.72239E-01
3.38194E+00 -7.73913E-01
3.41333E+00 -7.73859E-01
3.44507E+00 -7.74135E-01
3.47705E+00 -7.73703E-01
3.50919E+00 -7.72557E-01
3.54139E+00 -7.70693E-01
3.57357E+00 -7.69136E-01
3.60563E+00 -7.65821E-01
3.63750E+00 -7.62804E-01
3.66909E+00 -7.59053E-01
3.70033E+00 -7.55592E-01
3.73113E+00 -7.50364E-01
3.76143E+00 -7.45421E-01
3.79116E+00 -7.39735E-01
3.82025E+00 -7.33295E-01
3.84863E+00 -7.27125E-01
3.87625E+00 -7.19174E-01
3.90304E+00 -7.11496E-01
3.92895E+00 -7.03067E-01
3.95392E+00 -6.94916E-01
3.97791E+00 -6.86018E-01
4.00087E+00 -6.76376E-01
4.02276E+00 -6.65992E-01
4.04352E+00 -6.54871E-01
4.06313E+00 -6.44048E-01
4.08154E+00 -6.32496E-01
4.09872E+00 -6.21252E-01
4.11465E+00 -6.08259E-01
4.12928E+00 -5.95587E-01
4.14260E+00 -5.82211E-01
4.15458E+00 -5.69169E-01
4.16520E+00 -5.55437E-01
4.17445E+00 -5.41023E-01
4.18229E+00 -5.25936E-01
4.18873E+00 -5.11217E-01
4.19375E+00 -4.95843E-01
4.19735E+00 -4.79824E-01
4.19950E+00 -4.63170E-01
4.20022E+00 -4.46925E-01
4.19950E+00 -4.30066E-01
4.19735E+00 -4.13639E-01
4.19375E+00 -3.96621E-01
4.18873E+00 -3.79027E-01
4.18229E+00 -3.60869E-01
4.17445E+00 -3.43191E-01
4.16520E+00 -3.24976E-01
4.15458E+00 -3.06237E-01
4.14260E+00 -2.86989E-01
4.12928E+00 -2.68277E-01
4.11465E+00 -2.49085E-01
4.09873E+00 -2.30459E-01
4.08154E+00 -2.10353E-01
4.06313E+00 -1.90844E-01
4.04352E+00 -1.70918E-01
4.02276E+00 -1.51620E-01
4.00088E+00 -1.31938E-01
3.97792E+00 -1.11888E-01
3.95392E+00 -9.14860E-02
3.92895E+00 -7.07509E-02
3.90304E+00 -5.07281E-02
3.87625E+00 -3.04062E-02
3.84863E+00 -1.08302E-02
3.82025E+00 1.00373E-02
3.79116E+00 3.01241E-02
3.76144E+00 5.04373E-02
3.73113E+00 7.09490E-02
3.70033E+00 9.06122E-02
3.66909E+00 1.11463E-01
3.63750E+00 1.31426E-01
3.60563E+00 1.51511E-01
3.57357E+00 1.70669E-01
3.54139E+00 1.90941E-01
3.50919E+00 2.10246E-01
3.47705E+00 2.29597E-01
3.44507E+00 2.48974E-01
3.41333E+00 2.68358E-01
3.38194E+00 2.86697E-01
3.35099E+00 3.06037E-01
3.32057E+00 3.24294E-01
3.29079E+00 3.42480E-01
3.26175E+00 3.60577E-01
3.23355E+00 3.78566E-01
3.20628E+00 3.95393E-01
3.18005E+00 4.13107E-01
3.15496E+00 4.29622E-01
3.13111E+00 4.46986E-01
3.10858E+00 4.63114E-01
3.08747E+00 4.79019E-01
3.06787E+00 4.94686E-01
3.04986E+00 5.10094E-01
3.03352E+00 5.25227E-01
3.01892E+00 5.40067E-01
3.00613E+00 5.54598E-01
2.99520E+00 5.68802E-01
2.98619E+00 5.81633E-01
2.97913E+00 5.95136E-01
2.97407E+00 6.08265E-01
2.97102E+00 6.19977E-01
2.97001E+00 6.32315E-01
