Will plot unflagged data


File # 1  = raise.vis
raise.vis 0.4786 GHz
Read 121 visibilities from all files

Baseline 2-5, plot 121 points
2.97001E+00 7.50683E-01
2.97102E+00 7.54838E-01
2.97407E+00 7.58993E-01
2.97913E+00 7.63148E-01
2.98619E+00 7.67304E-01
2.99520E+00 7.71459E-01
3.00613E+00 7.75614E-01
3.01892E+00 7.79770E-01
3.03352E+00 7.83925E-01
3.04986E+00 7.88080E-01
3.06787E+00 7.92235E-01
3.08747E+00 7.96391E-01
3.10858E+00 8.00546E-01
3.13111E+00 8.04701E-01
3.15496E+00 8.08857E-01
3.18005E+00 8.13012E-01
3.20628E+00 8.17167E-01
3.23354E+00 8.21322E-01
3.26175E+00 8.25478E-01
3.29079E+00 8.29633E-01
3.32057E+00 8.33788E-01
3.35098E+00 8.37944E-01
3.38194E+00 8.42099E-01
3.41333E+00 8.46254E-01
3.44507E+00 8.50409E-01
3.47705E+00 8.54565E-01
3.50919E+00 8.58720E-01
3.54139E+00 8.62875E-01
3.57357E+00 8.67031E-01
3.60563E+00 8.71186E-01
3.63750E+00 8.75341E-01
3.66909E+00 8.79496E-01
3.70033E+00 8.83652E-01
3.73113E+00 8.87807E-01
3.76143E+00 8.91962E-01
3.79116E+00 8.96118E-01
3.82025E+00 9.00273E-01
3.84863E+00 9.04428E-01
3.87625E+00 9.08583E-01
3.90304E+00 9.12739E-01
3.92895E+00 9.16894E-01
3.95392E+00 9.21049E-01
3.97791E+00 9.25205E-01
4.00087E+00 9.29360E-01
4.02276E+00 9.33515E-01
4.04352E+00 9.37670E-01
4.06313E+00 9.41826E-01
4.08154E+00 9.45981E-01
4.09872E+00 9.50136E-01
4.11465E+00 9.54292E-01
4.12928E+00 9.58447E-01
4.14260E+00 9.62602E-01
4.15458E+00 9.66758E-01
4.16520E+00 9.70913E-01
4.17445E+00 9.75068E-01
4.18229E+00 9.79223E-01
4.18873E+00 9.83379E-01
4.19375E+00 9.87534E-01
4.19735E+00 9.91689E-01
4.19950E+00 9.95845E-01
4.20022E+00 1.00000E+00
4.19950E+00 1.00416E+00
4.19735E+00 1.00831E+00
4.19375E+00 1.01247E+00
4.18873E+00 1.01662E+00
4.18229E+00 1.02078E+00
4.17445E+00 1.02493E+00
4.16520E+00 1.02909E+00
4.15458E+00 1.03324E+00
4.14260E+00 1.03740E+00
4.12928E+00 1.04155E+00
4.11465E+00 1.04571E+00
4.09873E+00 1.04986E+00
4.08154E+00 1.05402E+00
4.06313E+00 1.05817E+00
4.04352E+00 1.06233E+00
4.02276E+00 1.06648E+00
4.00088E+00 1.07064E+00
3.97792E+00 1.07480E+00
3.95392E+00 1.07895E+00
3.92895E+00 1.08311E+00
3.90304E+00 1.08726E+00
3.87625E+00 1.09142E+00
3.84863E+00 1.09557E+00
3.82025E+00 1.09973E+00
3.79116E+00 1.10388E+00
3.76144E+00 1.10804E+00
3.73113E+00 1.11219E+00
3.70033E+00 1.11635E+00
3.66909E+00 1.12050E+00
3.63750E+00 1.12466E+00
3.60563E+00 1.12881E+00
3.57357E+00 1.13297E+00
3.54139E+00 1.13712E+00
3.50919E+00 1.14128E+00
3.47705E+00 1.14543E+00
3.44507E+00 1.14959E+00
3.41333E+00 1.15375E+00
3.38194E+00 1.15790E+00
3.35099E+00 1.16206E+00
3.32057E+00 1.16621E+00
3.29079E+00 1.17037E+00
3.26175E+00 1.17452E+00
3.23355E+00 1.17868E+00
3.20628E+00 1.18283E+00
3.18005E+00 1.18699E+00
3.15496E+00 1.19114E+00
3.13111E+00 1.19530E+00
3.10858E+00 1.19945E+00
3.08747E+00 1.20361E+00
3.06787E+00 1.20776E+00
3.04986E+00 1.21192E+00
3.03352E+00 1.21607E+00
3.01892E+00 1.22023E+00
3.00613E+00 1.22439E+00
2.99520E+00 1.22854E+00
2.98619E+00 1.23270E+00
2.97913E+00 1.23685E+00
2.97407E+00 1.24101E+00
2.97102E+00 1.24516E+00
2.97001E+00 1.24932E+00
