Will plot unflagged data


File # 1  = raise.vis
raise.vis 4.7863 GHz
Read 121 visibilities from all files

Baseline 2-3, plot 121 points
1.77855E+01 0.00000E+00
1.77916E+01 0.00000E+00
1.78098E+01 0.00000E+00
1.78402E+01 0.00000E+00
1.78824E+01 0.00000E+00
1.79364E+01 0.00000E+00
1.80018E+01 0.00000E+00
1.80784E+01 0.00000E+00
1.81658E+01 0.00000E+00
1.82637E+01 0.00000E+00
1.83715E+01 0.00000E+00
1.84889E+01 0.00000E+00
1.86153E+01 0.00000E+00
1.87502E+01 0.00000E+00
1.88931E+01 0.00000E+00
1.90433E+01 0.00000E+00
1.92004E+01 0.00000E+00
1.93637E+01 0.00000E+00
1.95326E+01 0.00000E+00
1.97065E+01 0.00000E+00
1.98848E+01 0.00000E+00
2.00669E+01 0.00000E+00
2.02523E+01 0.00000E+00
2.04403E+01 0.00000E+00
2.06303E+01 0.00000E+00
2.08219E+01 0.00000E+00
2.10143E+01 0.00000E+00
2.12072E+01 0.00000E+00
2.13998E+01 0.00000E+00
2.15919E+01 0.00000E+00
2.17827E+01 0.00000E+00
2.19719E+01 0.00000E+00
2.21589E+01 0.00000E+00
2.23434E+01 0.00000E+00
2.25249E+01 0.00000E+00
2.27029E+01 0.00000E+00
2.28771E+01 0.00000E+00
2.30470E+01 0.00000E+00
2.32124E+01 0.00000E+00
2.33728E+01 0.00000E+00
2.35280E+01 0.00000E+00
2.36776E+01 0.00000E+00
2.38212E+01 0.00000E+00
2.39587E+01 0.00000E+00
2.40898E+01 0.00000E+00
2.42141E+01 0.00000E+00
2.43315E+01 0.00000E+00
2.44418E+01 0.00000E+00
2.45447E+01 0.00000E+00
2.46400E+01 0.00000E+00
2.47277E+01 0.00000E+00
2.48074E+01 0.00000E+00
2.48792E+01 0.00000E+00
2.49428E+01 0.00000E+00
2.49981E+01 0.00000E+00
2.50451E+01 0.00000E+00
2.50837E+01 0.00000E+00
2.51138E+01 0.00000E+00
2.51353E+01 0.00000E+00
2.51482E+01 0.00000E+00
2.51525E+01 0.00000E+00
2.51482E+01 0.00000E+00
2.51353E+01 0.00000E+00
2.51138E+01 0.00000E+00
2.50837E+01 0.00000E+00
2.50451E+01 0.00000E+00
2.49981E+01 0.00000E+00
2.49428E+01 0.00000E+00
2.48792E+01 0.00000E+00
2.48075E+01 0.00000E+00
2.47277E+01 0.00000E+00
2.46400E+01 0.00000E+00
2.45447E+01 0.00000E+00
2.44418E+01 0.00000E+00
2.43315E+01 0.00000E+00
2.42141E+01 0.00000E+00
2.40898E+01 0.00000E+00
2.39587E+01 0.00000E+00
2.38212E+01 0.00000E+00
2.36776E+01 0.00000E+00
2.35280E+01 0.00000E+00
2.33729E+01 0.00000E+00
2.32124E+01 0.00000E+00
2.30470E+01 0.00000E+00
2.28771E+01 0.00000E+00
2.27029E+01 0.00000E+00
2.25249E+01 0.00000E+00
2.23434E+01 0.00000E+00
2.21589E+01 0.00000E+00
2.19719E+01 0.00000E+00
2.17827E+01 0.00000E+00
2.15919E+01 0.00000E+00
2.13999E+01 0.00000E+00
2.12072E+01 0.00000E+00
2.10143E+01 0.00000E+00
2.08219E+01 0.00000E+00
2.06304E+01 0.00000E+00
2.04403E+01 0.00000E+00
2.02523E+01 0.00000E+00
2.00669E+01 0.00000E+00
1.98848E+01 0.00000E+00
1.97065E+01 0.00000E+00
1.95326E+01 0.00000E+00
1.93637E+01 0.00000E+00
1.92004E+01 0.00000E+00
1.90433E+01 0.00000E+00
1.88931E+01 0.00000E+00
1.87502E+01 0.00000E+00
1.86153E+01 0.00000E+00
1.84889E+01 0.00000E+00
1.83716E+01 0.00000E+00
1.82637E+01 0.00000E+00
1.81658E+01 0.00000E+00
1.80784E+01 0.00000E+00
1.80018E+01 0.00000E+00
1.79364E+01 0.00000E+00
1.78824E+01 0.00000E+00
1.78402E+01 0.00000E+00
1.78098E+01 0.00000E+00
1.77916E+01 0.00000E+00
1.77855E+01 0.00000E+00
