Will plot unflagged data


File # 1  = raise.vis
raise.vis 1.5136 GHz
Read 121 visibilities from all files

Baseline 2-4, plot 121 points
7.09859E+00 2.91623E+00
7.10102E+00 2.91609E+00
7.10831E+00 2.91567E+00
7.12041E+00 2.91498E+00
7.13727E+00 2.91403E+00
7.15881E+00 2.91281E+00
7.18492E+00 2.91136E+00
7.21550E+00 2.90966E+00
7.25039E+00 2.90773E+00
7.28945E+00 2.90557E+00
7.33250E+00 2.90324E+00
7.37934E+00 2.90072E+00
7.42979E+00 2.89808E+00
7.48364E+00 2.89526E+00
7.54065E+00 2.89233E+00
7.60062E+00 2.88926E+00
7.66331E+00 2.88612E+00
7.72847E+00 2.88293E+00
7.79588E+00 2.87965E+00
7.86529E+00 2.87633E+00
7.93647E+00 2.87299E+00
8.00916E+00 2.86957E+00
8.08315E+00 2.86614E+00
8.15818E+00 2.86280E+00
8.23403E+00 2.85941E+00
8.31048E+00 2.85599E+00
8.38729E+00 2.85265E+00
8.46426E+00 2.84934E+00
8.54116E+00 2.84608E+00
8.61779E+00 2.84285E+00
8.69396E+00 2.83967E+00
8.76947E+00 2.83655E+00
8.84413E+00 2.83357E+00
8.91776E+00 2.83056E+00
8.99018E+00 2.82769E+00
9.06123E+00 2.82487E+00
9.13075E+00 2.82211E+00
9.19859E+00 2.81942E+00
9.26459E+00 2.81686E+00
9.32863E+00 2.81438E+00
9.39055E+00 2.81197E+00
9.45025E+00 2.80970E+00
9.50759E+00 2.80752E+00
9.56246E+00 2.80541E+00
9.61477E+00 2.80344E+00
9.66439E+00 2.80163E+00
9.71126E+00 2.79981E+00
9.75526E+00 2.79822E+00
9.79633E+00 2.79663E+00
9.83439E+00 2.79528E+00
9.86937E+00 2.79392E+00
9.90121E+00 2.79280E+00
9.92984E+00 2.79168E+00
9.95523E+00 2.79080E+00
9.97732E+00 2.78992E+00
9.99607E+00 2.78928E+00
1.00115E+01 2.78871E+00
1.00235E+01 2.78823E+00
1.00320E+01 2.78791E+00
1.00372E+01 2.78775E+00
1.00389E+01 2.78767E+00
1.00372E+01 2.78775E+00
1.00320E+01 2.78791E+00
1.00235E+01 2.78823E+00
1.00115E+01 2.78871E+00
9.99608E+00 2.78928E+00
9.97732E+00 2.78992E+00
9.95523E+00 2.79080E+00
9.92984E+00 2.79168E+00
9.90121E+00 2.79280E+00
9.86937E+00 2.79392E+00
9.83440E+00 2.79528E+00
9.79634E+00 2.79663E+00
9.75527E+00 2.79822E+00
9.71126E+00 2.79981E+00
9.66440E+00 2.80163E+00
9.61477E+00 2.80344E+00
9.56247E+00 2.80541E+00
9.50759E+00 2.80752E+00
9.45025E+00 2.80970E+00
9.39056E+00 2.81197E+00
9.32863E+00 2.81438E+00
9.26460E+00 2.81686E+00
9.19859E+00 2.81942E+00
9.13076E+00 2.82211E+00
9.06124E+00 2.82487E+00
8.99018E+00 2.82769E+00
8.91776E+00 2.83057E+00
8.84413E+00 2.83357E+00
8.76947E+00 2.83655E+00
8.69397E+00 2.83967E+00
8.61780E+00 2.84285E+00
8.54116E+00 2.84608E+00
8.46426E+00 2.84934E+00
8.38730E+00 2.85265E+00
8.31048E+00 2.85599E+00
8.23404E+00 2.85941E+00
8.15819E+00 2.86273E+00
8.08315E+00 2.86614E+00
8.00917E+00 2.86956E+00
7.93647E+00 2.87299E+00
7.86530E+00 2.87633E+00
7.79588E+00 2.87965E+00
7.72848E+00 2.88293E+00
7.66331E+00 2.88612E+00
7.60063E+00 2.88926E+00
7.54066E+00 2.89233E+00
7.48364E+00 2.89526E+00
7.42980E+00 2.89808E+00
7.37935E+00 2.90072E+00
7.33250E+00 2.90324E+00
7.28945E+00 2.90557E+00
7.25040E+00 2.90773E+00
7.21550E+00 2.90966E+00
7.18493E+00 2.91136E+00
7.15881E+00 2.91281E+00
7.13727E+00 2.91403E+00
7.12041E+00 2.91498E+00
7.10831E+00 2.91567E+00
7.10102E+00 2.91609E+00
7.09859E+00 2.91623E+00
