Will plot unflagged data


File # 1  = raise.vis
raise.vis 1.5136 GHz
Read 121 visibilities from all files

Baseline 2-4, plot 121 points
7.09859E+00 -3.33997E+00
7.10102E+00 -3.40076E+00
7.10831E+00 -3.45898E+00
7.12041E+00 -3.51467E+00
7.13727E+00 -3.56888E+00
7.15881E+00 -3.61953E+00
7.18492E+00 -3.66874E+00
7.21550E+00 -3.71505E+00
7.25039E+00 -3.75836E+00
7.28945E+00 -3.79873E+00
7.33250E+00 -3.83717E+00
7.37934E+00 -3.87267E+00
7.42979E+00 -3.90629E+00
7.48364E+00 -3.93655E+00
7.54065E+00 -3.96449E+00
7.60062E+00 -3.98909E+00
7.66331E+00 -4.01140E+00
7.72847E+00 -4.03143E+00
7.79588E+00 -4.04819E+00
7.86529E+00 -4.06234E+00
7.93647E+00 -4.07384E+00
8.00916E+00 -4.08169E+00
8.08315E+00 -4.08694E+00
8.15818E+00 -4.09061E+00
8.23403E+00 -4.09068E+00
8.31048E+00 -4.08713E+00
8.38729E+00 -4.08168E+00
8.46426E+00 -4.07335E+00
8.54116E+00 -4.06219E+00
8.61779E+00 -4.04819E+00
8.69396E+00 -4.03136E+00
8.76947E+00 -4.01172E+00
8.84413E+00 -3.99033E+00
8.91776E+00 -3.96503E+00
8.99018E+00 -3.93772E+00
9.06123E+00 -3.90742E+00
9.13075E+00 -3.87417E+00
9.19859E+00 -3.83797E+00
9.26459E+00 -3.79989E+00
9.32863E+00 -3.75889E+00
9.39055E+00 -3.71499E+00
9.45025E+00 -3.66925E+00
9.50759E+00 -3.62068E+00
9.56246E+00 -3.56923E+00
9.61477E+00 -3.51587E+00
9.66439E+00 -3.46064E+00
9.71126E+00 -3.40152E+00
9.75526E+00 -3.34164E+00
9.79633E+00 -3.27793E+00
9.83439E+00 -3.21354E+00
9.86937E+00 -3.14539E+00
9.90121E+00 -3.07662E+00
9.92984E+00 -3.00416E+00
9.95523E+00 -2.93117E+00
9.97732E+00 -2.85458E+00
9.99607E+00 -2.77753E+00
1.00115E+01 -2.69800E+00
1.00235E+01 -2.61605E+00
1.00320E+01 -2.53276E+00
1.00372E+01 -2.44818E+00
1.00389E+01 -2.36134E+00
1.00372E+01 -2.27332E+00
1.00320E+01 -2.18316E+00
1.00235E+01 -2.09195E+00
1.00115E+01 -1.99976E+00
9.99608E+00 -1.90562E+00
9.97732E+00 -1.80961E+00
9.95523E+00 -1.71385E+00
9.92984E+00 -1.61533E+00
9.90121E+00 -1.51722E+00
9.86937E+00 -1.41650E+00
9.83440E+00 -1.31634E+00
9.79634E+00 -1.21373E+00
9.75527E+00 -1.11184E+00
9.71126E+00 -1.00765E+00
9.66440E+00 -9.04346E-01
9.61477E+00 -7.98902E-01
9.56247E+00 -6.93451E-01
9.50759E+00 -5.88054E-01
9.45025E+00 -4.81870E-01
9.39056E+00 -3.75029E-01
9.32863E+00 -2.68636E-01
9.26460E+00 -1.61739E-01
9.19859E+00 -5.44226E-02
9.13076E+00 5.21946E-02
9.06124E+00 1.59060E-01
8.99018E+00 2.66092E-01
8.91776E+00 3.73230E-01
8.84413E+00 4.79409E-01
8.76947E+00 5.86436E-01
8.69397E+00 6.92058E-01
8.61780E+00 7.97256E-01
8.54116E+00 9.01964E-01
8.46426E+00 1.00610E+00
8.38730E+00 1.10960E+00
8.31048E+00 1.21242E+00
8.23404E+00 1.31349E+00
8.15819E+00 1.41552E+00
8.08315E+00 1.51532E+00
8.00917E+00 1.61388E+00
7.93647E+00 1.71115E+00
7.86530E+00 1.80809E+00
7.79588E+00 1.90367E+00
7.72848E+00 1.99778E+00
7.66331E+00 2.09102E+00
7.60063E+00 2.18236E+00
7.54066E+00 2.27176E+00
7.48364E+00 2.36022E+00
7.42980E+00 2.44669E+00
7.37935E+00 2.53217E+00
7.33250E+00 2.61514E+00
7.28945E+00 2.69663E+00
7.25040E+00 2.77559E+00
7.21550E+00 2.85302E+00
7.18493E+00 2.92894E+00
7.15881E+00 3.00325E+00
7.13727E+00 3.07445E+00
7.12041E+00 3.14466E+00
7.10831E+00 3.21180E+00
7.10102E+00 3.27688E+00
7.09859E+00 3.33996E+00
