Will plot unflagged data


File # 1  = raise.vis
raise.vis 0.4786 GHz
Read 121 visibilities from all files

Baseline 4-5, plot 121 points
7.25234E-01 -5.25458E-02
7.25482E-01 -5.34475E-02
7.26227E-01 -5.43117E-02
7.27463E-01 -5.51372E-02
7.29185E-01 -5.59227E-02
7.31386E-01 -5.66669E-02
7.34054E-01 -5.73686E-02
7.37178E-01 -5.80266E-02
7.40743E-01 -5.96663E-02
7.44733E-01 -6.02337E-02
7.49131E-01 -6.07542E-02
7.53917E-01 -6.12265E-02
7.59071E-01 -6.16497E-02
7.64572E-01 -6.20228E-02
7.70398E-01 -6.23449E-02
7.76524E-01 -6.26150E-02
7.82929E-01 -6.28323E-02
7.89586E-01 -6.29957E-02
7.96473E-01 -6.41321E-02
8.03565E-01 -6.41858E-02
8.10836E-01 -6.41836E-02
8.18263E-01 -6.41246E-02
8.25822E-01 -6.40081E-02
8.33488E-01 -6.48614E-02
8.41237E-01 -6.46284E-02
8.49047E-01 -6.43362E-02
8.56895E-01 -6.39843E-02
8.64758E-01 -6.46004E-02
8.72615E-01 -6.41280E-02
8.80445E-01 -6.35945E-02
8.88226E-01 -6.40282E-02
8.95941E-01 -6.33720E-02
9.03568E-01 -6.26540E-02
9.11090E-01 -6.29025E-02
9.18490E-01 -6.20604E-02
9.25749E-01 -6.11560E-02
9.32852E-01 -6.12177E-02
9.39782E-01 -6.01885E-02
9.46526E-01 -6.01255E-02
9.53067E-01 -5.89716E-02
9.59394E-01 -5.87840E-02
9.65493E-01 -5.75056E-02
9.71351E-01 -5.71940E-02
9.76958E-01 -5.57918E-02
9.82301E-01 -5.53570E-02
9.87372E-01 -5.48611E-02
9.92159E-01 -5.32754E-02
9.96655E-01 -5.26581E-02
1.00085E+00 -5.19809E-02
1.00474E+00 -5.02150E-02
1.00831E+00 -4.94191E-02
1.01157E+00 -4.85647E-02
1.01449E+00 -4.76523E-02
1.01708E+00 -4.66827E-02
1.01934E+00 -4.46273E-02
1.02126E+00 -4.35451E-02
1.02283E+00 -4.24077E-02
1.02406E+00 -4.12159E-02
1.02493E+00 -3.99705E-02
1.02546E+00 -3.86723E-02
1.02564E+00 -3.73223E-02
1.02546E+00 -3.59214E-02
1.02493E+00 -3.44705E-02
1.02406E+00 -3.29706E-02
1.02283E+00 -3.14228E-02
1.02126E+00 -2.98281E-02
1.01934E+00 -2.81876E-02
1.01708E+00 -2.75316E-02
1.01449E+00 -2.58029E-02
1.01157E+00 -2.40319E-02
1.00831E+00 -2.22197E-02
1.00474E+00 -2.03677E-02
1.00085E+00 -1.95062E-02
9.96656E-01 -1.75783E-02
9.92160E-01 -1.56144E-02
9.87372E-01 -1.46448E-02
9.82302E-01 -1.26130E-02
9.76958E-01 -1.05493E-02
9.71352E-01 -9.48408E-03
9.65493E-01 -7.36090E-03
9.59395E-01 -6.23894E-03
9.53068E-01 -4.06208E-03
9.46526E-01 -2.88934E-03
9.39783E-01 -6.64783E-04
9.32852E-01 5.52708E-04
9.25749E-01 2.81887E-03
9.18490E-01 4.07500E-03
9.11091E-01 5.34809E-03
9.03569E-01 7.66499E-03
8.95941E-01 8.96727E-03
8.88227E-01 1.02818E-02
8.80445E-01 1.26352E-02
8.72616E-01 1.39693E-02
8.64759E-01 1.53108E-02
8.56896E-01 1.76861E-02
8.49048E-01 1.90375E-02
8.41238E-01 2.03914E-02
8.33488E-01 2.17462E-02
8.25822E-01 2.41279E-02
8.18264E-01 2.54795E-02
8.10837E-01 2.68271E-02
8.03565E-01 2.81692E-02
7.96474E-01 2.95039E-02
7.89587E-01 3.18571E-02
7.82929E-01 3.31724E-02
7.76525E-01 3.44756E-02
7.70398E-01 3.57652E-02
7.64573E-01 3.70395E-02
7.59072E-01 3.82970E-02
7.53917E-01 3.95360E-02
7.49131E-01 4.07552E-02
7.44734E-01 4.19528E-02
7.40743E-01 4.31274E-02
7.37178E-01 4.53038E-02
7.34054E-01 4.64278E-02
7.31386E-01 4.75242E-02
7.29185E-01 4.85918E-02
7.27463E-01 4.96290E-02
7.26227E-01 5.06345E-02
7.25482E-01 5.16067E-02
7.25234E-01 5.25444E-02
