Will plot unflagged data


File # 1  = raise.vis
raise.vis 0.4786 GHz
Read 121 visibilities from all files

Baseline 2-3, plot 121 points
1.77855E+00 4.02492E-01
1.77916E+00 4.02492E-01
1.78098E+00 4.02492E-01
1.78402E+00 4.02491E-01
1.78824E+00 4.02490E-01
1.79364E+00 4.02490E-01
1.80018E+00 4.02489E-01
1.80784E+00 4.02487E-01
1.81658E+00 4.02486E-01
1.82637E+00 4.02484E-01
1.83715E+00 4.02482E-01
1.84889E+00 4.02481E-01
1.86153E+00 4.02479E-01
1.87502E+00 4.02477E-01
1.88931E+00 4.02474E-01
1.90433E+00 4.02472E-01
1.92004E+00 4.02469E-01
1.93637E+00 4.02467E-01
1.95326E+00 4.02464E-01
1.97065E+00 4.02461E-01
1.98848E+00 4.02458E-01
2.00669E+00 4.02455E-01
2.02523E+00 4.02452E-01
2.04403E+00 4.02448E-01
2.06303E+00 4.02445E-01
2.08219E+00 4.02442E-01
2.10143E+00 4.02438E-01
2.12072E+00 4.02435E-01
2.13998E+00 4.02431E-01
2.15919E+00 4.02427E-01
2.17827E+00 4.02424E-01
2.19719E+00 4.02421E-01
2.21589E+00 4.02417E-01
2.23434E+00 4.02413E-01
2.25249E+00 4.02410E-01
2.27029E+00 4.02407E-01
2.28771E+00 4.02403E-01
2.30470E+00 4.02400E-01
2.32124E+00 4.02397E-01
2.33728E+00 4.02394E-01
2.35280E+00 4.02391E-01
2.36776E+00 4.02388E-01
2.38212E+00 4.02385E-01
2.39587E+00 4.02381E-01
2.40898E+00 4.02380E-01
2.42141E+00 4.02376E-01
2.43315E+00 4.02375E-01
2.44418E+00 4.02371E-01
2.45447E+00 4.02370E-01
2.46400E+00 4.02368E-01
2.47277E+00 4.02366E-01
2.48074E+00 4.02364E-01
2.48792E+00 4.02363E-01
2.49428E+00 4.02361E-01
2.49981E+00 4.02359E-01
2.50451E+00 4.02359E-01
2.50837E+00 4.02357E-01
2.51138E+00 4.02357E-01
2.51353E+00 4.02357E-01
2.51482E+00 4.02357E-01
2.51525E+00 4.02357E-01
2.51482E+00 4.02357E-01
2.51353E+00 4.02357E-01
2.51138E+00 4.02357E-01
2.50837E+00 4.02357E-01
2.50451E+00 4.02359E-01
2.49981E+00 4.02359E-01
2.49428E+00 4.02361E-01
2.48792E+00 4.02363E-01
2.48075E+00 4.02364E-01
2.47277E+00 4.02366E-01
2.46400E+00 4.02368E-01
2.45447E+00 4.02370E-01
2.44418E+00 4.02371E-01
2.43315E+00 4.02375E-01
2.42141E+00 4.02376E-01
2.40898E+00 4.02380E-01
2.39587E+00 4.02381E-01
2.38212E+00 4.02385E-01
2.36776E+00 4.02388E-01
2.35280E+00 4.02391E-01
2.33729E+00 4.02394E-01
2.32124E+00 4.02397E-01
2.30470E+00 4.02400E-01
2.28771E+00 4.02403E-01
2.27029E+00 4.02407E-01
2.25249E+00 4.02410E-01
2.23434E+00 4.02413E-01
2.21589E+00 4.02417E-01
2.19719E+00 4.02421E-01
2.17827E+00 4.02424E-01
2.15919E+00 4.02428E-01
2.13999E+00 4.02431E-01
2.12072E+00 4.02435E-01
2.10143E+00 4.02438E-01
2.08219E+00 4.02442E-01
2.06304E+00 4.02445E-01
2.04403E+00 4.02448E-01
2.02523E+00 4.02452E-01
2.00669E+00 4.02455E-01
1.98848E+00 4.02458E-01
1.97065E+00 4.02461E-01
1.95326E+00 4.02464E-01
1.93637E+00 4.02467E-01
1.92004E+00 4.02469E-01
1.90433E+00 4.02472E-01
1.88931E+00 4.02474E-01
1.87502E+00 4.02477E-01
1.86153E+00 4.02479E-01
1.84889E+00 4.02481E-01
1.83716E+00 4.02482E-01
1.82637E+00 4.02484E-01
1.81658E+00 4.02486E-01
1.80784E+00 4.02487E-01
1.80018E+00 4.02489E-01
1.79364E+00 4.02490E-01
1.78824E+00 4.02490E-01
1.78402E+00 4.02491E-01
1.78098E+00 4.02492E-01
1.77916E+00 4.02492E-01
1.77855E+00 4.02492E-01
