Will plot unflagged data


File # 1  = raise.vis
raise.vis 0.4786 GHz
Read 121 visibilities from all files

Baseline 2-3, plot 121 points
1.77855E+00 -2.17742E-01
1.77916E+00 -2.21625E-01
1.78098E+00 -2.25352E-01
1.78402E+00 -2.28916E-01
1.78824E+00 -2.32314E-01
1.79364E+00 -2.36567E-01
1.80018E+00 -2.39615E-01
1.80784E+00 -2.42482E-01
1.81658E+00 -2.45162E-01
1.82637E+00 -2.47651E-01
1.83715E+00 -2.49944E-01
1.84889E+00 -2.53067E-01
1.86153E+00 -2.54957E-01
1.87502E+00 -2.56638E-01
1.88931E+00 -2.58107E-01
1.90433E+00 -2.60390E-01
1.92004E+00 -2.61424E-01
1.93637E+00 -2.63266E-01
1.95326E+00 -2.63851E-01
1.97065E+00 -2.65237E-01
1.98848E+00 -2.65360E-01
2.00669E+00 -2.66279E-01
2.02523E+00 -2.66960E-01
2.04403E+00 -2.66369E-01
2.06303E+00 -2.66567E-01
2.08219E+00 -2.66520E-01
2.10143E+00 -2.66225E-01
2.12072E+00 -2.65682E-01
2.13998E+00 -2.64888E-01
2.15919E+00 -2.63841E-01
2.17827E+00 -2.62541E-01
2.19719E+00 -2.62018E-01
2.21589E+00 -2.60207E-01
2.23434E+00 -2.58139E-01
2.25249E+00 -2.56846E-01
2.27029E+00 -2.55296E-01
2.28771E+00 -2.52454E-01
2.30470E+00 -2.50386E-01
2.32124E+00 -2.48060E-01
2.33728E+00 -2.45475E-01
2.35280E+00 -2.42632E-01
2.36776E+00 -2.39532E-01
2.38212E+00 -2.36176E-01
2.39587E+00 -2.32563E-01
2.40898E+00 -2.29729E-01
2.42141E+00 -2.25608E-01
2.43315E+00 -2.22268E-01
2.44418E+00 -2.17644E-01
2.45447E+00 -2.13805E-01
2.46400E+00 -2.09719E-01
2.47277E+00 -2.05388E-01
2.48074E+00 -2.00814E-01
2.48792E+00 -1.96001E-01
2.49428E+00 -1.90950E-01
2.49981E+00 -1.85664E-01
2.50451E+00 -1.81180E-01
2.50837E+00 -1.75433E-01
2.51138E+00 -1.70495E-01
2.51353E+00 -1.65334E-01
2.51482E+00 -1.59954E-01
2.51525E+00 -1.54360E-01
2.51482E+00 -1.48555E-01
2.51353E+00 -1.42543E-01
2.51138E+00 -1.36327E-01
2.50837E+00 -1.29913E-01
2.50451E+00 -1.24338E-01
2.49981E+00 -1.17540E-01
2.49428E+00 -1.11590E-01
2.48792E+00 -1.05459E-01
2.48075E+00 -9.91532E-02
2.47277E+00 -9.26768E-02
2.46400E+00 -8.60353E-02
2.45447E+00 -7.92337E-02
2.44418E+00 -7.22775E-02
2.43315E+00 -6.62051E-02
2.42141E+00 -5.89563E-02
2.40898E+00 -5.26024E-02
2.39587E+00 -4.50835E-02
2.38212E+00 -3.84712E-02
2.36776E+00 -3.17386E-02
2.35280E+00 -2.48917E-02
2.33729E+00 -1.79365E-02
2.32124E+00 -1.08794E-02
2.30470E+00 -3.72652E-03
2.28771E+00 3.51582E-03
2.27029E+00 9.80864E-03
2.25249E+00 1.72108E-02
2.23434E+00 2.46830E-02
2.21589E+00 3.11865E-02
2.19719E+00 3.77471E-02
2.17827E+00 4.53906E-02
2.15919E+00 5.20455E-02
2.13999E+00 5.87377E-02
2.12072E+00 6.54604E-02
2.10143E+00 7.22070E-02
2.08219E+00 7.89706E-02
2.06304E+00 8.57446E-02
2.04403E+00 9.25222E-02
2.02523E+00 9.82649E-02
2.00669E+00 1.05030E-01
1.98848E+00 1.11778E-01
1.97065E+00 1.17471E-01
1.95326E+00 1.24166E-01
1.93637E+00 1.29793E-01
1.92004E+00 1.36408E-01
1.90433E+00 1.41942E-01
1.88931E+00 1.48450E-01
1.87502E+00 1.53865E-01
1.86153E+00 1.59211E-01
1.84889E+00 1.64481E-01
1.83716E+00 1.70698E-01
1.82637E+00 1.75798E-01
1.81658E+00 1.80803E-01
1.80784E+00 1.85707E-01
1.80018E+00 1.90504E-01
1.79364E+00 1.95189E-01
1.78824E+00 2.00782E-01
1.78402E+00 2.05223E-01
1.78098E+00 2.09533E-01
1.77916E+00 2.13707E-01
1.77855E+00 2.17740E-01
