Will plot unflagged data


File # 1  = raise.vis
raise.vis 4.7863 GHz
Read 121 visibilities from all files

Baseline 4-5, plot 121 points
7.25234E+00 -9.14340E-01
7.25483E+00 -9.31454E-01
7.26227E+00 -9.46861E-01
7.27463E+00 -9.62602E-01
7.29185E+00 -9.76601E-01
7.31386E+00 -9.90903E-01
7.34054E+00 -1.00446E+00
7.37178E+00 -1.01725E+00
7.40743E+00 -1.02926E+00
7.44733E+00 -1.04047E+00
7.49131E+00 -1.05086E+00
7.53917E+00 -1.06041E+00
7.59071E+00 -1.06911E+00
7.64572E+00 -1.07798E+00
7.70398E+00 -1.08493E+00
7.76524E+00 -1.09202E+00
7.82929E+00 -1.09819E+00
7.89586E+00 -1.10344E+00
7.96473E+00 -1.10775E+00
8.03565E+00 -1.11214E+00
8.10836E+00 -1.11455E+00
8.18263E+00 -1.11701E+00
8.25822E+00 -1.11850E+00
8.33488E+00 -1.12001E+00
8.41237E+00 -1.11945E+00
8.49048E+00 -1.11887E+00
8.56895E+00 -1.11725E+00
8.64758E+00 -1.11560E+00
8.72615E+00 -1.11186E+00
8.80445E+00 -1.10809E+00
8.88227E+00 -1.10428E+00
8.95941E+00 -1.09837E+00
9.03568E+00 -1.09241E+00
9.11091E+00 -1.08537E+00
9.18490E+00 -1.07828E+00
9.25749E+00 -1.06908E+00
9.32852E+00 -1.06086E+00
9.39782E+00 -1.05052E+00
9.46526E+00 -1.04013E+00
9.53067E+00 -1.02865E+00
9.59394E+00 -1.01712E+00
9.65493E+00 -1.00452E+00
9.71351E+00 -9.90833E-01
9.76958E+00 -9.77108E-01
9.82301E+00 -9.62316E-01
9.87372E+00 -9.47491E-01
9.92159E+00 -9.31609E-01
9.96655E+00 -9.14676E-01
1.00085E+01 -8.97731E-01
1.00474E+01 -8.79751E-01
1.00831E+01 -8.60744E-01
1.01157E+01 -8.41751E-01
1.01449E+01 -8.22782E-01
1.01708E+01 -8.01785E-01
1.01934E+01 -7.81865E-01
1.02126E+01 -7.59941E-01
1.02283E+01 -7.38088E-01
1.02406E+01 -7.16318E-01
1.02493E+01 -6.93617E-01
1.02546E+01 -6.69997E-01
1.02564E+01 -6.46505E-01
1.02546E+01 -6.22128E-01
1.02493E+01 -5.97911E-01
1.02406E+01 -5.72842E-01
1.02283E+01 -5.46939E-01
1.02126E+01 -5.21251E-01
1.01934E+01 -4.95797E-01
1.01709E+01 -4.68535E-01
1.01449E+01 -4.42578E-01
1.01157E+01 -4.14855E-01
1.00831E+01 -3.87448E-01
1.00474E+01 -3.60379E-01
1.00085E+01 -3.32639E-01
9.96656E+00 -3.04251E-01
9.92160E+00 -2.76270E-01
9.87372E+00 -2.47687E-01
9.82302E+00 -2.18526E-01
9.76958E+00 -1.89843E-01
9.71352E+00 -1.60631E-01
9.65493E+00 -1.31947E-01
9.59395E+00 -1.02785E-01
9.53068E+00 -7.31684E-02
9.46526E+00 -4.41574E-02
9.39783E+00 -1.47447E-02
9.32852E+00 1.40103E-02
9.25749E+00 4.41469E-02
9.18490E+00 7.25396E-02
9.11091E+00 1.02260E-01
9.03569E+00 1.31216E-01
8.95941E+00 1.60413E-01
8.88227E+00 1.88791E-01
8.80445E+00 2.18387E-01
8.72616E+00 2.47112E-01
8.64759E+00 2.74938E-01
8.56896E+00 3.03902E-01
8.49048E+00 3.31915E-01
8.41238E+00 3.59983E-01
8.33488E+00 3.87054E-01
8.25823E+00 4.15156E-01
8.18264E+00 4.42192E-01
8.10837E+00 4.69135E-01
8.03565E+00 4.94931E-01
7.96474E+00 5.21614E-01
7.89587E+00 5.47098E-01
7.82929E+00 5.72388E-01
7.76525E+00 5.97458E-01
7.70398E+00 6.22283E-01
7.64573E+00 6.45804E-01
7.59072E+00 6.70060E-01
7.53918E+00 6.92960E-01
7.49131E+00 7.15510E-01
7.44734E+00 7.37685E-01
7.40743E+00 7.59459E-01
7.37178E+00 7.80807E-01
7.34054E+00 8.01706E-01
7.31386E+00 8.22130E-01
7.29185E+00 8.42058E-01
7.27463E+00 8.60438E-01
7.26227E+00 8.79310E-01
7.25483E+00 8.96597E-01
7.25234E+00 9.14337E-01
