Will plot unflagged data


File # 1  = raise.vis
raise.vis 4.7863 GHz
Read 121 visibilities from all files

Baseline 4-5, plot 121 points
7.25234E+00 3.25696E-02
7.25483E+00 3.25695E-02
7.26227E+00 3.25694E-02
7.27463E+00 3.25691E-02
7.29185E+00 3.25688E-02
7.31386E+00 3.25683E-02
7.34054E+00 3.25678E-02
7.37178E+00 3.25672E-02
7.40743E+00 3.25665E-02
7.44733E+00 3.25656E-02
7.49131E+00 3.25647E-02
7.53917E+00 3.25637E-02
7.59071E+00 3.25626E-02
7.64572E+00 3.25615E-02
7.70398E+00 3.25602E-02
7.76524E+00 3.25589E-02
7.82929E+00 3.25575E-02
7.89586E+00 3.25560E-02
7.96473E+00 3.25545E-02
8.03565E+00 3.25530E-02
8.10836E+00 3.25513E-02
8.18263E+00 3.25496E-02
8.25822E+00 3.25479E-02
8.33488E+00 3.25463E-02
8.41237E+00 3.25444E-02
8.49048E+00 3.25426E-02
8.56895E+00 3.25408E-02
8.64758E+00 3.25390E-02
8.72615E+00 3.25370E-02
8.80445E+00 3.25351E-02
8.88227E+00 3.25334E-02
8.95941E+00 3.25314E-02
9.03568E+00 3.25296E-02
9.11091E+00 3.25277E-02
9.18490E+00 3.25259E-02
9.25749E+00 3.25239E-02
9.32852E+00 3.25223E-02
9.39782E+00 3.25204E-02
9.46526E+00 3.25187E-02
9.53067E+00 3.25169E-02
9.59394E+00 3.25154E-02
9.65493E+00 3.25138E-02
9.71351E+00 3.25121E-02
9.76958E+00 3.25107E-02
9.82301E+00 3.25093E-02
9.87372E+00 3.25080E-02
9.92159E+00 3.25067E-02
9.96655E+00 3.25055E-02
1.00085E+01 3.25044E-02
1.00474E+01 3.25033E-02
1.00831E+01 3.25022E-02
1.01157E+01 3.25013E-02
1.01449E+01 3.25007E-02
1.01708E+01 3.24998E-02
1.01934E+01 3.24993E-02
1.02126E+01 3.24987E-02
1.02283E+01 3.24982E-02
1.02406E+01 3.24980E-02
1.02493E+01 3.24977E-02
1.02546E+01 3.24975E-02
1.02564E+01 3.24975E-02
1.02546E+01 3.24975E-02
1.02493E+01 3.24977E-02
1.02406E+01 3.24980E-02
1.02283E+01 3.24982E-02
1.02126E+01 3.24987E-02
1.01934E+01 3.24993E-02
1.01709E+01 3.24998E-02
1.01449E+01 3.25007E-02
1.01157E+01 3.25013E-02
1.00831E+01 3.25022E-02
1.00474E+01 3.25033E-02
1.00085E+01 3.25044E-02
9.96656E+00 3.25055E-02
9.92160E+00 3.25067E-02
9.87372E+00 3.25080E-02
9.82302E+00 3.25093E-02
9.76958E+00 3.25107E-02
9.71352E+00 3.25122E-02
9.65493E+00 3.25138E-02
9.59395E+00 3.25154E-02
9.53068E+00 3.25169E-02
9.46526E+00 3.25187E-02
9.39783E+00 3.25204E-02
9.32852E+00 3.25223E-02
9.25749E+00 3.25239E-02
9.18490E+00 3.25259E-02
9.11091E+00 3.25276E-02
9.03569E+00 3.25296E-02
8.95941E+00 3.25314E-02
8.88227E+00 3.25334E-02
8.80445E+00 3.25351E-02
8.72616E+00 3.25370E-02
8.64759E+00 3.25390E-02
8.56896E+00 3.25407E-02
8.49048E+00 3.25426E-02
8.41238E+00 3.25444E-02
8.33488E+00 3.25463E-02
8.25823E+00 3.25479E-02
8.18264E+00 3.25496E-02
8.10837E+00 3.25513E-02
8.03565E+00 3.25530E-02
7.96474E+00 3.25545E-02
7.89587E+00 3.25560E-02
7.82929E+00 3.25575E-02
7.76525E+00 3.25589E-02
7.70398E+00 3.25602E-02
7.64573E+00 3.25615E-02
7.59072E+00 3.25626E-02
7.53918E+00 3.25637E-02
7.49131E+00 3.25647E-02
7.44734E+00 3.25656E-02
7.40743E+00 3.25665E-02
7.37178E+00 3.25672E-02
7.34054E+00 3.25678E-02
7.31386E+00 3.25683E-02
7.29185E+00 3.25688E-02
7.27463E+00 3.25691E-02
7.26227E+00 3.25694E-02
7.25483E+00 3.25695E-02
7.25234E+00 3.25696E-02
