Will plot unflagged data


File # 1  = raise.vis
raise.vis 1.5136 GHz
Read 121 visibilities from all files

Baseline 2-3, plot 121 points
5.62427E+00 -4.07494E-01
5.62620E+00 -4.15259E-01
5.63197E+00 -4.21701E-01
5.64155E+00 -4.28864E-01
5.65491E+00 -4.35714E-01
5.67198E+00 -4.42240E-01
5.69267E+00 -4.47404E-01
5.71690E+00 -4.53256E-01
5.74454E+00 -4.58759E-01
5.77549E+00 -4.63904E-01
5.80959E+00 -4.68682E-01
5.84671E+00 -4.73086E-01
5.88668E+00 -4.77109E-01
5.92934E+00 -4.80742E-01
5.97452E+00 -4.83979E-01
6.02203E+00 -4.86812E-01
6.07170E+00 -4.89235E-01
6.12333E+00 -4.92274E-01
6.17674E+00 -4.93858E-01
6.23173E+00 -4.96045E-01
6.28812E+00 -4.96766E-01
6.34572E+00 -4.98080E-01
6.40434E+00 -4.98949E-01
6.46379E+00 -4.99369E-01
6.52389E+00 -4.99334E-01
6.58446E+00 -4.98842E-01
6.64532E+00 -4.97887E-01
6.70629E+00 -4.96467E-01
6.76723E+00 -4.95611E-01
6.82794E+00 -4.94284E-01
6.88829E+00 -4.91449E-01
6.94812E+00 -4.89171E-01
7.00727E+00 -4.86414E-01
7.06561E+00 -4.83177E-01
7.12299E+00 -4.80491E-01
7.17928E+00 -4.76290E-01
7.23437E+00 -4.72639E-01
7.28811E+00 -4.68504E-01
7.34041E+00 -4.63886E-01
7.39114E+00 -4.58785E-01
7.44021E+00 -4.53202E-01
7.48750E+00 -4.47137E-01
7.53293E+00 -4.41624E-01
7.57641E+00 -4.35634E-01
7.61785E+00 -4.29166E-01
7.65717E+00 -4.22225E-01
7.69430E+00 -4.14812E-01
7.72917E+00 -4.07962E-01
7.76171E+00 -3.99615E-01
7.79187E+00 -3.91838E-01
7.81958E+00 -3.83603E-01
7.84480E+00 -3.74915E-01
7.86749E+00 -3.66808E-01
7.88760E+00 -3.57227E-01
7.90511E+00 -3.48237E-01
7.91997E+00 -3.38813E-01
7.93216E+00 -3.28962E-01
7.94167E+00 -3.18688E-01
7.94847E+00 -3.09030E-01
7.95255E+00 -2.98963E-01
7.95392E+00 -2.88493E-01
7.95255E+00 -2.77629E-01
7.94847E+00 -2.66377E-01
7.94167E+00 -2.54745E-01
7.93216E+00 -2.43773E-01
7.91997E+00 -2.32436E-01
7.90511E+00 -2.20745E-01
7.88760E+00 -2.08707E-01
7.86749E+00 -1.97363E-01
7.84480E+00 -1.84660E-01
7.81958E+00 -1.72669E-01
7.79187E+00 -1.60370E-01
7.76171E+00 -1.47770E-01
7.72917E+00 -1.35914E-01
7.69431E+00 -1.22747E-01
7.65718E+00 -1.10343E-01
7.61786E+00 -9.76814E-02
7.57642E+00 -8.47731E-02
7.53294E+00 -7.16287E-02
7.48751E+00 -5.82593E-02
7.44021E+00 -4.57087E-02
7.39115E+00 -3.29560E-02
7.34041E+00 -2.00129E-02
7.28812E+00 -6.89095E-03
7.23437E+00 6.39791E-03
7.17929E+00 1.98419E-02
7.12299E+00 3.23963E-02
7.06561E+00 4.61143E-02
7.00727E+00 5.89183E-02
6.94812E+00 7.18287E-02
6.88830E+00 8.48330E-02
6.82795E+00 9.68860E-02
6.76723E+00 1.10041E-01
6.70630E+00 1.23253E-01
6.64532E+00 1.35476E-01
6.58446E+00 1.47730E-01
6.52389E+00 1.60003E-01
6.46379E+00 1.72282E-01
6.40434E+00 1.84556E-01
6.34573E+00 1.96810E-01
6.28813E+00 2.09032E-01
6.23173E+00 2.20178E-01
6.17674E+00 2.32300E-01
6.12333E+00 2.43320E-01
6.07170E+00 2.55292E-01
6.02203E+00 2.66137E-01
5.97452E+00 2.76876E-01
5.92935E+00 2.87498E-01
5.88668E+00 2.97989E-01
5.84671E+00 3.08338E-01
5.80959E+00 3.18534E-01
5.77549E+00 3.28564E-01
5.74455E+00 3.38418E-01
5.71690E+00 3.48083E-01
5.69267E+00 3.57548E-01
5.67198E+00 3.65774E-01
5.65491E+00 3.74807E-01
5.64155E+00 3.83609E-01
5.63197E+00 3.92168E-01
5.62620E+00 3.99448E-01
5.62427E+00 4.07492E-01
