Will plot unflagged data


File # 1  = raise.vis
raise.vis 1.5136 GHz
Read 121 visibilities from all files

Baseline 2-3, plot 121 points
5.62427E+00 3.80304E-02
5.62620E+00 3.80304E-02
5.63197E+00 3.80303E-02
5.64155E+00 3.80303E-02
5.65491E+00 3.80301E-02
5.67198E+00 3.80300E-02
5.69267E+00 3.80298E-02
5.71690E+00 3.80296E-02
5.74454E+00 3.80294E-02
5.77549E+00 3.80291E-02
5.80959E+00 3.80288E-02
5.84671E+00 3.80285E-02
5.88668E+00 3.80281E-02
5.92934E+00 3.80277E-02
5.97452E+00 3.80273E-02
6.02203E+00 3.80269E-02
6.07170E+00 3.80264E-02
6.12333E+00 3.80259E-02
6.17674E+00 3.80254E-02
6.23173E+00 3.80249E-02
6.28812E+00 3.80243E-02
6.34572E+00 3.80238E-02
6.40434E+00 3.80232E-02
6.46379E+00 3.80226E-02
6.52389E+00 3.80220E-02
6.58446E+00 3.80214E-02
6.64532E+00 3.80207E-02
6.70629E+00 3.80201E-02
6.76723E+00 3.80195E-02
6.82794E+00 3.80189E-02
6.88829E+00 3.80182E-02
6.94812E+00 3.80175E-02
7.00727E+00 3.80169E-02
7.06561E+00 3.80162E-02
7.12299E+00 3.80157E-02
7.17928E+00 3.80150E-02
7.23437E+00 3.80144E-02
7.28811E+00 3.80139E-02
7.34041E+00 3.80133E-02
7.39114E+00 3.80127E-02
7.44021E+00 3.80121E-02
7.48750E+00 3.80115E-02
7.53293E+00 3.80110E-02
7.57641E+00 3.80106E-02
7.61785E+00 3.80101E-02
7.65717E+00 3.80096E-02
7.69430E+00 3.80091E-02
7.72917E+00 3.80088E-02
7.76171E+00 3.80083E-02
7.79187E+00 3.80080E-02
7.81958E+00 3.80076E-02
7.84480E+00 3.80073E-02
7.86749E+00 3.80071E-02
7.88760E+00 3.80068E-02
7.90511E+00 3.80066E-02
7.91997E+00 3.80064E-02
7.93216E+00 3.80062E-02
7.94167E+00 3.80061E-02
7.94847E+00 3.80061E-02
7.95255E+00 3.80061E-02
7.95392E+00 3.80061E-02
7.95255E+00 3.80061E-02
7.94847E+00 3.80061E-02
7.94167E+00 3.80061E-02
7.93216E+00 3.80062E-02
7.91997E+00 3.80064E-02
7.90511E+00 3.80066E-02
7.88760E+00 3.80068E-02
7.86749E+00 3.80071E-02
7.84480E+00 3.80073E-02
7.81958E+00 3.80076E-02
7.79187E+00 3.80080E-02
7.76171E+00 3.80083E-02
7.72917E+00 3.80088E-02
7.69431E+00 3.80091E-02
7.65718E+00 3.80096E-02
7.61786E+00 3.80101E-02
7.57642E+00 3.80106E-02
7.53294E+00 3.80110E-02
7.48751E+00 3.80115E-02
7.44021E+00 3.80121E-02
7.39115E+00 3.80127E-02
7.34041E+00 3.80133E-02
7.28812E+00 3.80139E-02
7.23437E+00 3.80144E-02
7.17929E+00 3.80150E-02
7.12299E+00 3.80157E-02
7.06561E+00 3.80162E-02
7.00727E+00 3.80169E-02
6.94812E+00 3.80175E-02
6.88830E+00 3.80182E-02
6.82795E+00 3.80189E-02
6.76723E+00 3.80195E-02
6.70630E+00 3.80201E-02
6.64532E+00 3.80208E-02
6.58446E+00 3.80214E-02
6.52389E+00 3.80220E-02
6.46379E+00 3.80226E-02
6.40434E+00 3.80232E-02
6.34573E+00 3.80238E-02
6.28813E+00 3.80243E-02
6.23173E+00 3.80249E-02
6.17674E+00 3.80254E-02
6.12333E+00 3.80259E-02
6.07170E+00 3.80264E-02
6.02203E+00 3.80269E-02
5.97452E+00 3.80273E-02
5.92935E+00 3.80277E-02
5.88668E+00 3.80281E-02
5.84671E+00 3.80285E-02
5.80959E+00 3.80288E-02
5.77549E+00 3.80291E-02
5.74455E+00 3.80294E-02
5.71690E+00 3.80296E-02
5.69267E+00 3.80298E-02
5.67198E+00 3.80300E-02
5.65491E+00 3.80301E-02
5.64155E+00 3.80303E-02
5.63197E+00 3.80303E-02
5.62620E+00 3.80304E-02
5.62427E+00 3.80304E-02
