Will plot unflagged data


File # 1  = raise.vis
raise.vis 4.7863 GHz
Read 121 visibilities from all files

Baseline 1-5, plot 121 points
3.14268E+01 5.75239E-01
3.14376E+01 5.75128E-01
3.14698E+01 5.74797E-01
3.15234E+01 5.74251E-01
3.15980E+01 5.73502E-01
3.16934E+01 5.72572E-01
3.18090E+01 5.71459E-01
3.19444E+01 5.70206E-01
3.20989E+01 5.68814E-01
3.22718E+01 5.67313E-01
3.24623E+01 5.65722E-01
3.26697E+01 5.64055E-01
3.28931E+01 5.62336E-01
3.31315E+01 5.60579E-01
3.33839E+01 5.58782E-01
3.36494E+01 5.56983E-01
3.39269E+01 5.55157E-01
3.42154E+01 5.53350E-01
3.45138E+01 5.51533E-01
3.48211E+01 5.49721E-01
3.51362E+01 5.47931E-01
3.54581E+01 5.46160E-01
3.57856E+01 5.44412E-01
3.61178E+01 5.42679E-01
3.64536E+01 5.40975E-01
3.67921E+01 5.39306E-01
3.71321E+01 5.37661E-01
3.74729E+01 5.36050E-01
3.78133E+01 5.34491E-01
3.81526E+01 5.32946E-01
3.84898E+01 5.31465E-01
3.88241E+01 5.30011E-01
3.91546E+01 5.28615E-01
3.94806E+01 5.27255E-01
3.98012E+01 5.25939E-01
4.01158E+01 5.24679E-01
4.04236E+01 5.23452E-01
4.07239E+01 5.22287E-01
4.10161E+01 5.21163E-01
4.12996E+01 5.20094E-01
4.15738E+01 5.19069E-01
4.18380E+01 5.18091E-01
4.20919E+01 5.17167E-01
4.23348E+01 5.16295E-01
4.25664E+01 5.15465E-01
4.27861E+01 5.14677E-01
4.29936E+01 5.13958E-01
4.31884E+01 5.13280E-01
4.33702E+01 5.12652E-01
4.35387E+01 5.12077E-01
4.36936E+01 5.11540E-01
4.38345E+01 5.11056E-01
4.39613E+01 5.10637E-01
4.40737E+01 5.10256E-01
4.41715E+01 5.09928E-01
4.42545E+01 5.09651E-01
4.43226E+01 5.09425E-01
4.43758E+01 5.09249E-01
4.44138E+01 5.09123E-01
4.44366E+01 5.09048E-01
4.44442E+01 5.09023E-01
4.44366E+01 5.09048E-01
4.44138E+01 5.09123E-01
4.43758E+01 5.09249E-01
4.43226E+01 5.09425E-01
4.42545E+01 5.09651E-01
4.41715E+01 5.09928E-01
4.40737E+01 5.10256E-01
4.39613E+01 5.10637E-01
4.38345E+01 5.11056E-01
4.36936E+01 5.11540E-01
4.35387E+01 5.12077E-01
4.33702E+01 5.12652E-01
4.31884E+01 5.13280E-01
4.29936E+01 5.13958E-01
4.27861E+01 5.14677E-01
4.25664E+01 5.15465E-01
4.23348E+01 5.16295E-01
4.20919E+01 5.17167E-01
4.18380E+01 5.18091E-01
4.15738E+01 5.19069E-01
4.12996E+01 5.20094E-01
4.10161E+01 5.21163E-01
4.07239E+01 5.22287E-01
4.04236E+01 5.23452E-01
4.01158E+01 5.24679E-01
3.98012E+01 5.25940E-01
3.94806E+01 5.27255E-01
3.91546E+01 5.28615E-01
3.88241E+01 5.30011E-01
3.84898E+01 5.31465E-01
3.81526E+01 5.32946E-01
3.78133E+01 5.34477E-01
3.74729E+01 5.36050E-01
3.71321E+01 5.37661E-01
3.67921E+01 5.39306E-01
3.64536E+01 5.40975E-01
3.61178E+01 5.42679E-01
3.57856E+01 5.44412E-01
3.54581E+01 5.46160E-01
3.51363E+01 5.47931E-01
3.48211E+01 5.49721E-01
3.45139E+01 5.51533E-01
3.42154E+01 5.53350E-01
3.39269E+01 5.55157E-01
3.36494E+01 5.56983E-01
3.33839E+01 5.58782E-01
3.31315E+01 5.60579E-01
3.28931E+01 5.62336E-01
3.26698E+01 5.64055E-01
3.24624E+01 5.65722E-01
3.22718E+01 5.67313E-01
3.20989E+01 5.68814E-01
3.19444E+01 5.70206E-01
3.18090E+01 5.71458E-01
3.16934E+01 5.72572E-01
3.15980E+01 5.73502E-01
3.15234E+01 5.74251E-01
3.14698E+01 5.74797E-01
3.14376E+01 5.75128E-01
3.14268E+01 5.75239E-01
