Will plot unflagged data


File # 1  = raise.vis
raise.vis 4.7863 GHz
Read 121 visibilities from all files

Baseline 1-5, plot 121 points
3.14268E+01 -8.50563E+00
3.14376E+01 -8.65989E+00
3.14698E+01 -8.80894E+00
3.15234E+01 -8.95109E+00
3.15980E+01 -9.08734E+00
3.16934E+01 -9.21851E+00
3.18090E+01 -9.34124E+00
3.19444E+01 -9.45948E+00
3.20989E+01 -9.57007E+00
3.22718E+01 -9.67449E+00
3.24623E+01 -9.77236E+00
3.26697E+01 -9.86326E+00
3.28931E+01 -9.94771E+00
3.31315E+01 -1.00256E+01
3.33839E+01 -1.00958E+01
3.36494E+01 -1.01602E+01
3.39269E+01 -1.02163E+01
3.42154E+01 -1.02669E+01
3.45138E+01 -1.03094E+01
3.48211E+01 -1.03444E+01
3.51362E+01 -1.03731E+01
3.54581E+01 -1.03948E+01
3.57856E+01 -1.04095E+01
3.61178E+01 -1.04164E+01
3.64536E+01 -1.04164E+01
3.67921E+01 -1.04097E+01
3.71321E+01 -1.03952E+01
3.74729E+01 -1.03736E+01
3.78133E+01 -1.03459E+01
3.81526E+01 -1.03093E+01
3.84898E+01 -1.02674E+01
3.88241E+01 -1.02172E+01
3.91546E+01 -1.01611E+01
3.94806E+01 -1.00973E+01
3.98012E+01 -1.00266E+01
4.01158E+01 -9.94957E+00
4.04236E+01 -9.86462E+00
4.07239E+01 -9.77407E+00
4.10161E+01 -9.67622E+00
4.12996E+01 -9.57227E+00
4.15738E+01 -9.46141E+00
4.18380E+01 -9.34389E+00
4.20919E+01 -9.22034E+00
4.23348E+01 -9.09073E+00
4.25664E+01 -8.95424E+00
4.27861E+01 -8.81100E+00
4.29936E+01 -8.66324E+00
4.31884E+01 -8.50888E+00
4.33702E+01 -8.34873E+00
4.35387E+01 -8.18299E+00
4.36936E+01 -8.01077E+00
4.38345E+01 -7.83322E+00
4.39613E+01 -7.65147E+00
4.40737E+01 -7.46357E+00
4.41715E+01 -7.27066E+00
4.42545E+01 -7.07286E+00
4.43226E+01 -6.87028E+00
4.43758E+01 -6.66299E+00
4.44138E+01 -6.45111E+00
4.44366E+01 -6.23480E+00
4.44442E+01 -6.01421E+00
4.44366E+01 -5.78950E+00
4.44138E+01 -5.56081E+00
4.43758E+01 -5.32830E+00
4.43226E+01 -5.09213E+00
4.42545E+01 -4.85246E+00
4.41715E+01 -4.60952E+00
4.40737E+01 -4.36352E+00
4.39613E+01 -4.11463E+00
4.38345E+01 -3.86202E+00
4.36936E+01 -3.60794E+00
4.35387E+01 -3.35154E+00
4.33702E+01 -3.09196E+00
4.31884E+01 -2.83041E+00
4.29936E+01 -2.56696E+00
4.27861E+01 -2.30109E+00
4.25664E+01 -2.03514E+00
4.23348E+01 -1.76720E+00
4.20919E+01 -1.49740E+00
4.18380E+01 -1.22682E+00
4.15738E+01 -9.55788E-01
4.12996E+01 -6.83920E-01
4.10161E+01 -4.11233E-01
4.07239E+01 -1.38799E-01
4.04236E+01 1.34335E-01
4.01158E+01 4.06218E-01
3.98012E+01 6.78951E-01
3.94806E+01 9.50584E-01
3.91546E+01 1.22164E+00
3.88241E+01 1.49253E+00
3.84898E+01 1.76139E+00
3.81526E+01 2.03023E+00
3.78133E+01 2.29697E+00
3.74729E+01 2.56188E+00
3.71321E+01 2.82500E+00
3.67921E+01 3.08623E+00
3.64536E+01 3.34597E+00
3.61178E+01 3.60298E+00
3.57856E+01 3.85735E+00
3.54581E+01 4.10970E+00
3.51363E+01 4.35908E+00
3.48211E+01 4.60532E+00
3.45139E+01 4.84777E+00
3.42154E+01 5.08721E+00
3.39269E+01 5.32429E+00
3.36494E+01 5.55611E+00
3.33839E+01 5.78557E+00
3.31315E+01 6.00989E+00
3.28931E+01 6.23094E+00
3.26698E+01 6.44746E+00
3.24624E+01 6.65923E+00
3.22718E+01 6.86673E+00
3.20989E+01 7.06943E+00
3.19444E+01 7.26690E+00
3.18090E+01 7.46057E+00
3.16934E+01 7.64719E+00
3.15980E+01 7.83071E+00
3.15234E+01 8.00771E+00
3.14698E+01 8.17899E+00
3.14376E+01 8.34552E+00
3.14268E+01 8.50561E+00
