Will plot unflagged data


File # 1  = raise.vis
raise.vis 0.4786 GHz
Read 121 visibilities from all files

Baseline 1-3, plot 121 points
1.95122E+00 -1.41372E-01
1.95189E+00 -1.43480E-01
1.95390E+00 -1.46513E-01
1.95722E+00 -1.48415E-01
1.96186E+00 -1.51235E-01
1.96778E+00 -1.52918E-01
1.97496E+00 -1.55512E-01
1.98336E+00 -1.56962E-01
1.99295E+00 -1.59318E-01
2.00369E+00 -1.60522E-01
2.01552E+00 -1.62628E-01
2.02840E+00 -1.63576E-01
2.04226E+00 -1.65420E-01
2.05706E+00 -1.67129E-01
2.07274E+00 -1.67671E-01
2.08922E+00 -1.69103E-01
2.10645E+00 -1.70392E-01
2.12436E+00 -1.70508E-01
2.14289E+00 -1.71505E-01
2.16197E+00 -1.72355E-01
2.18154E+00 -1.73053E-01
2.20152E+00 -1.72568E-01
2.22185E+00 -1.72959E-01
2.24248E+00 -1.73194E-01
2.26333E+00 -1.73272E-01
2.28434E+00 -1.73190E-01
2.30546E+00 -1.72947E-01
2.32661E+00 -1.72543E-01
2.34775E+00 -1.71976E-01
2.36882E+00 -1.71245E-01
2.38975E+00 -1.70350E-01
2.41051E+00 -1.70320E-01
2.43103E+00 -1.69092E-01
2.45127E+00 -1.67698E-01
2.47117E+00 -1.67168E-01
2.49071E+00 -1.65439E-01
2.50982E+00 -1.64573E-01
2.52846E+00 -1.62509E-01
2.54660E+00 -1.61308E-01
2.56421E+00 -1.58907E-01
2.58123E+00 -1.57371E-01
2.59764E+00 -1.55667E-01
2.61340E+00 -1.53797E-01
2.62848E+00 -1.50729E-01
2.64286E+00 -1.48527E-01
2.65650E+00 -1.46161E-01
2.66938E+00 -1.43631E-01
2.68148E+00 -1.41970E-01
2.69277E+00 -1.39116E-01
2.70323E+00 -1.36102E-01
2.71284E+00 -1.32928E-01
2.72159E+00 -1.30630E-01
2.72946E+00 -1.27143E-01
2.73644E+00 -1.24534E-01
2.74251E+00 -1.20741E-01
2.74767E+00 -1.17829E-01
2.75190E+00 -1.14769E-01
2.75520E+00 -1.10530E-01
2.75756E+00 -1.07180E-01
2.75898E+00 -1.03687E-01
2.75945E+00 -1.00055E-01
2.75898E+00 -9.62857E-02
2.75756E+00 -9.23822E-02
2.75520E+00 -8.83467E-02
2.75190E+00 -8.52145E-02
2.74767E+00 -8.09239E-02
2.74251E+00 -7.65103E-02
2.73644E+00 -7.30085E-02
2.72947E+00 -6.83576E-02
2.72159E+00 -6.46247E-02
2.71284E+00 -5.97493E-02
2.70323E+00 -5.57986E-02
2.69277E+00 -5.17440E-02
2.68148E+00 -4.75890E-02
2.66938E+00 -4.23053E-02
2.65650E+00 -3.79603E-02
2.64286E+00 -3.35257E-02
2.62848E+00 -2.90053E-02
2.61340E+00 -2.54348E-02
2.59764E+00 -2.07543E-02
2.58123E+00 -1.59995E-02
2.56421E+00 -1.11745E-02
2.54661E+00 -7.31499E-03
2.52846E+00 -2.36153E-03
2.50982E+00 1.61840E-03
2.49071E+00 6.68395E-03
2.47118E+00 1.07678E-02
2.45127E+00 1.59286E-02
2.43103E+00 2.00994E-02
2.41051E+00 2.43075E-02
2.38975E+00 2.95795E-02
2.36882E+00 3.38489E-02
2.34775E+00 3.81424E-02
2.32661E+00 4.24559E-02
2.30546E+00 4.67849E-02
2.28434E+00 5.11250E-02
2.26333E+00 5.54719E-02
2.24248E+00 5.98212E-02
2.22186E+00 6.41684E-02
2.20152E+00 6.85093E-02
2.18154E+00 7.18093E-02
2.16197E+00 7.61244E-02
2.14289E+00 8.04200E-02
2.12436E+00 8.46918E-02
2.10645E+00 8.79059E-02
2.08922E+00 9.21172E-02
2.07274E+00 9.62916E-02
2.05706E+00 9.93962E-02
2.04226E+00 1.03485E-01
2.02840E+00 1.07523E-01
2.01552E+00 1.10480E-01
2.00369E+00 1.14408E-01
1.99295E+00 1.17246E-01
1.98336E+00 1.21046E-01
1.97496E+00 1.23749E-01
1.96778E+00 1.27406E-01
1.96186E+00 1.29958E-01
1.95722E+00 1.33456E-01
1.95390E+00 1.35842E-01
1.95189E+00 1.39165E-01
1.95122E+00 1.41370E-01
