Will plot unflagged data


File # 1  = raise.vis
raise.vis 0.4786 GHz
Read 121 visibilities from all files

Baseline 1-3, plot 121 points
1.95122E+00 8.63257E-02
1.95189E+00 8.63257E-02
1.95390E+00 8.63257E-02
1.95722E+00 8.63257E-02
1.96186E+00 8.63256E-02
1.96778E+00 8.63256E-02
1.97496E+00 8.63255E-02
1.98336E+00 8.63254E-02
1.99295E+00 8.63253E-02
2.00369E+00 8.63252E-02
2.01552E+00 8.63251E-02
2.02840E+00 8.63250E-02
2.04226E+00 8.63248E-02
2.05706E+00 8.63247E-02
2.07274E+00 8.63245E-02
2.08922E+00 8.63244E-02
2.10645E+00 8.63242E-02
2.12436E+00 8.63240E-02
2.14289E+00 8.63238E-02
2.16197E+00 8.63236E-02
2.18154E+00 8.63234E-02
2.20152E+00 8.63231E-02
2.22185E+00 8.63229E-02
2.24248E+00 8.63227E-02
2.26333E+00 8.63225E-02
2.28434E+00 8.63223E-02
2.30546E+00 8.63220E-02
2.32661E+00 8.63218E-02
2.34775E+00 8.63215E-02
2.36882E+00 8.63213E-02
2.38975E+00 8.63210E-02
2.41051E+00 8.63209E-02
2.43103E+00 8.63206E-02
2.45127E+00 8.63203E-02
2.47117E+00 8.63201E-02
2.49071E+00 8.63199E-02
2.50982E+00 8.63197E-02
2.52846E+00 8.63194E-02
2.54660E+00 8.63192E-02
2.56421E+00 8.63189E-02
2.58123E+00 8.63187E-02
2.59764E+00 8.63186E-02
2.61340E+00 8.63184E-02
2.62848E+00 8.63181E-02
2.64286E+00 8.63179E-02
2.65650E+00 8.63177E-02
2.66938E+00 8.63175E-02
2.68148E+00 8.63175E-02
2.69277E+00 8.63174E-02
2.70323E+00 8.63172E-02
2.71284E+00 8.63170E-02
2.72159E+00 8.63170E-02
2.72946E+00 8.63168E-02
2.73644E+00 8.63168E-02
2.74251E+00 8.63166E-02
2.74767E+00 8.63166E-02
2.75190E+00 8.63166E-02
2.75520E+00 8.63164E-02
2.75756E+00 8.63164E-02
2.75898E+00 8.63164E-02
2.75945E+00 8.63164E-02
2.75898E+00 8.63164E-02
2.75756E+00 8.63164E-02
2.75520E+00 8.63164E-02
2.75190E+00 8.63166E-02
2.74767E+00 8.63166E-02
2.74251E+00 8.63166E-02
2.73644E+00 8.63168E-02
2.72947E+00 8.63168E-02
2.72159E+00 8.63170E-02
2.71284E+00 8.63170E-02
2.70323E+00 8.63172E-02
2.69277E+00 8.63174E-02
2.68148E+00 8.63175E-02
2.66938E+00 8.63175E-02
2.65650E+00 8.63177E-02
2.64286E+00 8.63179E-02
2.62848E+00 8.63181E-02
2.61340E+00 8.63184E-02
2.59764E+00 8.63186E-02
2.58123E+00 8.63187E-02
2.56421E+00 8.63189E-02
2.54661E+00 8.63192E-02
2.52846E+00 8.63194E-02
2.50982E+00 8.63197E-02
2.49071E+00 8.63199E-02
2.47118E+00 8.63201E-02
2.45127E+00 8.63203E-02
2.43103E+00 8.63206E-02
2.41051E+00 8.63209E-02
2.38975E+00 8.63210E-02
2.36882E+00 8.63213E-02
2.34775E+00 8.63216E-02
2.32661E+00 8.63218E-02
2.30546E+00 8.63220E-02
2.28434E+00 8.63223E-02
2.26333E+00 8.63225E-02
2.24248E+00 8.63227E-02
2.22186E+00 8.63229E-02
2.20152E+00 8.63231E-02
2.18154E+00 8.63234E-02
2.16197E+00 8.63236E-02
2.14289E+00 8.63238E-02
2.12436E+00 8.63240E-02
2.10645E+00 8.63242E-02
2.08922E+00 8.63244E-02
2.07274E+00 8.63245E-02
2.05706E+00 8.63247E-02
2.04226E+00 8.63248E-02
2.02840E+00 8.63249E-02
2.01552E+00 8.63251E-02
2.00369E+00 8.63252E-02
1.99295E+00 8.63253E-02
1.98336E+00 8.63254E-02
1.97496E+00 8.63255E-02
1.96778E+00 8.63256E-02
1.96186E+00 8.63256E-02
1.95722E+00 8.63257E-02
1.95390E+00 8.63257E-02
1.95189E+00 8.63257E-02
1.95122E+00 8.63257E-02
