Will plot unflagged data


File # 1  = raise.vis
raise.vis 1.5136 GHz
Read 121 visibilities from all files

Baseline 3-5, plot 121 points
3.76771E+00 -4.61267E-01
3.76900E+00 -4.69978E-01
3.77287E+00 -4.77325E-01
3.77929E+00 -4.85354E-01
3.78824E+00 -4.93026E-01
3.79967E+00 -5.00332E-01
3.81354E+00 -5.07261E-01
3.82977E+00 -5.12774E-01
3.84829E+00 -5.18920E-01
3.86902E+00 -5.24662E-01
3.89186E+00 -5.29989E-01
3.91673E+00 -5.34893E-01
3.94351E+00 -5.39364E-01
3.97208E+00 -5.43396E-01
4.00235E+00 -5.48011E-01
4.03418E+00 -5.51137E-01
4.06745E+00 -5.53799E-01
4.10204E+00 -5.57023E-01
4.13781E+00 -5.58736E-01
4.17465E+00 -5.60996E-01
4.21243E+00 -5.62765E-01
4.25102E+00 -5.64036E-01
4.29029E+00 -5.64805E-01
4.33011E+00 -5.65064E-01
4.37037E+00 -5.64811E-01
4.41095E+00 -5.64038E-01
4.45172E+00 -5.63776E-01
4.49257E+00 -5.62987E-01
4.53338E+00 -5.60636E-01
4.57406E+00 -5.58783E-01
4.61449E+00 -5.56393E-01
4.65456E+00 -5.54497E-01
4.69419E+00 -5.51028E-01
4.73327E+00 -5.47015E-01
4.77171E+00 -5.43490E-01
4.80942E+00 -5.39419E-01
4.84632E+00 -5.34802E-01
4.88233E+00 -5.29638E-01
4.91736E+00 -5.24959E-01
4.95135E+00 -5.18702E-01
4.98422E+00 -5.12931E-01
5.01590E+00 -5.06616E-01
5.04634E+00 -4.99758E-01
5.07546E+00 -4.92358E-01
5.10322E+00 -4.85451E-01
5.12956E+00 -4.78006E-01
5.15444E+00 -4.70029E-01
5.17779E+00 -4.61521E-01
5.19959E+00 -4.52487E-01
5.21979E+00 -4.43960E-01
5.23836E+00 -4.33885E-01
5.25526E+00 -4.24327E-01
5.27046E+00 -4.15289E-01
5.28393E+00 -4.04720E-01
5.29565E+00 -3.94682E-01
5.30561E+00 -3.83125E-01
5.31378E+00 -3.72112E-01
5.32015E+00 -3.61650E-01
5.32470E+00 -3.49689E-01
5.32744E+00 -3.38293E-01
5.32835E+00 -3.26442E-01
5.32744E+00 -3.14144E-01
5.32470E+00 -3.01407E-01
5.32015E+00 -2.89269E-01
5.31378E+00 -2.75681E-01
5.30561E+00 -2.62711E-01
5.29565E+00 -2.50367E-01
5.28393E+00 -2.36602E-01
5.27046E+00 -2.23484E-01
5.25526E+00 -2.08966E-01
5.23836E+00 -1.95117E-01
5.21979E+00 -1.81947E-01
5.19959E+00 -1.67409E-01
5.17780E+00 -1.53573E-01
5.15444E+00 -1.39423E-01
5.12957E+00 -1.24969E-01
5.10322E+00 -1.10223E-01
5.07546E+00 -9.51982E-02
5.04634E+00 -8.09370E-02
5.01590E+00 -6.64219E-02
4.98422E+00 -5.16656E-02
4.95135E+00 -3.66808E-02
4.91736E+00 -2.25123E-02
4.88233E+00 -7.11028E-03
4.84633E+00 7.44870E-03
4.80943E+00 2.21828E-02
4.77171E+00 3.70782E-02
4.73327E+00 5.21216E-02
4.69419E+00 6.62666E-02
4.65457E+00 8.05315E-02
4.61449E+00 9.59351E-02
4.57406E+00 1.10398E-01
4.53339E+00 1.24939E-01
4.49257E+00 1.38511E-01
4.45172E+00 1.53166E-01
4.41095E+00 1.67855E-01
4.37037E+00 1.81533E-01
4.33011E+00 1.95218E-01
4.29029E+00 2.08895E-01
4.25102E+00 2.22551E-01
4.21243E+00 2.36171E-01
4.17466E+00 2.49741E-01
4.13782E+00 2.63246E-01
4.10204E+00 2.75641E-01
4.06745E+00 2.88975E-01
4.03418E+00 3.01171E-01
4.00235E+00 3.13247E-01
3.97209E+00 3.26221E-01
3.94351E+00 3.38015E-01
3.91673E+00 3.49649E-01
3.89186E+00 3.61108E-01
3.86902E+00 3.72380E-01
3.84829E+00 3.83452E-01
3.82977E+00 3.94310E-01
3.81354E+00 4.03913E-01
3.79967E+00 4.14308E-01
3.78824E+00 4.24452E-01
3.77929E+00 4.34334E-01
3.77287E+00 4.43942E-01
3.76900E+00 4.52238E-01
3.76771E+00 4.61265E-01
