Will plot unflagged data


File # 1  = raise.vis
raise.vis 1.5136 GHz
Read 121 visibilities from all files

Baseline 3-5, plot 121 points
3.76771E+00 1.78179E-01
3.76900E+00 1.78179E-01
3.77287E+00 1.78179E-01
3.77929E+00 1.78178E-01
3.78824E+00 1.78177E-01
3.79967E+00 1.78176E-01
3.81354E+00 1.78174E-01
3.82977E+00 1.78173E-01
3.84829E+00 1.78171E-01
3.86902E+00 1.78168E-01
3.89186E+00 1.78166E-01
3.91673E+00 1.78163E-01
3.94351E+00 1.78160E-01
3.97208E+00 1.78157E-01
4.00235E+00 1.78154E-01
4.03418E+00 1.78150E-01
4.06745E+00 1.78146E-01
4.10204E+00 1.78142E-01
4.13781E+00 1.78138E-01
4.17465E+00 1.78133E-01
4.21243E+00 1.78129E-01
4.25102E+00 1.78124E-01
4.29029E+00 1.78120E-01
4.33011E+00 1.78115E-01
4.37037E+00 1.78109E-01
4.41095E+00 1.78104E-01
4.45172E+00 1.78099E-01
4.49257E+00 1.78094E-01
4.53338E+00 1.78088E-01
4.57406E+00 1.78083E-01
4.61449E+00 1.78078E-01
4.65456E+00 1.78073E-01
4.69419E+00 1.78068E-01
4.73327E+00 1.78062E-01
4.77171E+00 1.78057E-01
4.80942E+00 1.78052E-01
4.84632E+00 1.78047E-01
4.88233E+00 1.78042E-01
4.91736E+00 1.78037E-01
4.95135E+00 1.78032E-01
4.98422E+00 1.78028E-01
5.01590E+00 1.78023E-01
5.04634E+00 1.78019E-01
5.07546E+00 1.78014E-01
5.10322E+00 1.78011E-01
5.12956E+00 1.78007E-01
5.15444E+00 1.78004E-01
5.17779E+00 1.78000E-01
5.19959E+00 1.77996E-01
5.21979E+00 1.77994E-01
5.23836E+00 1.77990E-01
5.25526E+00 1.77988E-01
5.27046E+00 1.77987E-01
5.28393E+00 1.77984E-01
5.29565E+00 1.77983E-01
5.30561E+00 1.77980E-01
5.31378E+00 1.77979E-01
5.32015E+00 1.77979E-01
5.32470E+00 1.77978E-01
5.32744E+00 1.77978E-01
5.32835E+00 1.77978E-01
5.32744E+00 1.77978E-01
5.32470E+00 1.77978E-01
5.32015E+00 1.77979E-01
5.31378E+00 1.77979E-01
5.30561E+00 1.77981E-01
5.29565E+00 1.77983E-01
5.28393E+00 1.77984E-01
5.27046E+00 1.77987E-01
5.25526E+00 1.77988E-01
5.23836E+00 1.77990E-01
5.21979E+00 1.77994E-01
5.19959E+00 1.77996E-01
5.17780E+00 1.78000E-01
5.15444E+00 1.78004E-01
5.12957E+00 1.78007E-01
5.10322E+00 1.78011E-01
5.07546E+00 1.78014E-01
5.04634E+00 1.78019E-01
5.01590E+00 1.78023E-01
4.98422E+00 1.78028E-01
4.95135E+00 1.78032E-01
4.91736E+00 1.78037E-01
4.88233E+00 1.78042E-01
4.84633E+00 1.78047E-01
4.80943E+00 1.78052E-01
4.77171E+00 1.78057E-01
4.73327E+00 1.78062E-01
4.69419E+00 1.78068E-01
4.65457E+00 1.78073E-01
4.61449E+00 1.78078E-01
4.57406E+00 1.78083E-01
4.53339E+00 1.78088E-01
4.49257E+00 1.78094E-01
4.45172E+00 1.78099E-01
4.41095E+00 1.78104E-01
4.37037E+00 1.78109E-01
4.33011E+00 1.78115E-01
4.29029E+00 1.78120E-01
4.25102E+00 1.78124E-01
4.21243E+00 1.78129E-01
4.17466E+00 1.78133E-01
4.13782E+00 1.78137E-01
4.10204E+00 1.78142E-01
4.06745E+00 1.78146E-01
4.03418E+00 1.78150E-01
4.00235E+00 1.78154E-01
3.97209E+00 1.78157E-01
3.94351E+00 1.78160E-01
3.91673E+00 1.78163E-01
3.89186E+00 1.78166E-01
3.86902E+00 1.78168E-01
3.84829E+00 1.78171E-01
3.82977E+00 1.78173E-01
3.81354E+00 1.78175E-01
3.79967E+00 1.78176E-01
3.78824E+00 1.78177E-01
3.77929E+00 1.78178E-01
3.77287E+00 1.78179E-01
3.76900E+00 1.78179E-01
3.76771E+00 1.78179E-01
