Will plot unflagged data


File # 1  = raise.vis
raise.vis 0.4786 GHz
Read 121 visibilities from all files

Baseline 3-4, plot 121 points
4.66222E-01 -5.87796E-02
4.66382E-01 -5.99099E-02
4.66860E-01 -6.09984E-02
4.67655E-01 -6.20435E-02
4.68762E-01 -6.30439E-02
4.70177E-01 -6.39981E-02
4.71892E-01 -6.49048E-02
4.73900E-01 -6.57627E-02
4.76192E-01 -6.65705E-02
4.78757E-01 -6.73269E-02
4.81584E-01 -6.80307E-02
4.84661E-01 -6.86808E-02
4.87974E-01 -6.92759E-02
4.91511E-01 -6.98151E-02
4.95256E-01 -7.02971E-02
4.99194E-01 -7.07210E-02
5.03311E-01 -7.10857E-02
5.07591E-01 -7.13904E-02
5.12018E-01 -7.16341E-02
5.16577E-01 -7.18159E-02
5.21252E-01 -7.19351E-02
5.26026E-01 -7.19907E-02
5.30886E-01 -7.19822E-02
5.35814E-01 -7.19087E-02
5.40795E-01 -7.17697E-02
5.45816E-01 -7.15645E-02
5.50861E-01 -7.23208E-02
5.55916E-01 -7.19817E-02
5.60967E-01 -7.15749E-02
5.66000E-01 -7.10999E-02
5.71003E-01 -7.05565E-02
5.75962E-01 -7.09727E-02
5.80865E-01 -7.02913E-02
5.85701E-01 -6.95405E-02
5.90458E-01 -6.97490E-02
5.95124E-01 -6.88591E-02
5.99690E-01 -6.78993E-02
6.04146E-01 -6.78986E-02
6.08481E-01 -6.67992E-02
6.12686E-01 -6.66591E-02
6.16753E-01 -6.54202E-02
6.20674E-01 -6.51409E-02
6.24440E-01 -6.37633E-02
6.28044E-01 -6.33457E-02
6.31479E-01 -6.18301E-02
6.34739E-01 -6.12753E-02
6.37817E-01 -5.96232E-02
6.40707E-01 -5.89328E-02
6.43404E-01 -5.81752E-02
6.45904E-01 -5.63216E-02
6.48201E-01 -5.54312E-02
6.50292E-01 -5.44755E-02
6.52173E-01 -5.34549E-02
6.53840E-01 -5.13408E-02
6.55291E-01 -5.01928E-02
6.56523E-01 -4.89822E-02
6.57534E-01 -4.77099E-02
6.58322E-01 -4.63767E-02
6.58886E-01 -4.49836E-02
6.59224E-01 -4.35314E-02
6.59337E-01 -4.20212E-02
6.59224E-01 -4.04541E-02
6.58886E-01 -3.88311E-02
6.58322E-01 -3.71532E-02
6.57534E-01 -3.54218E-02
6.56523E-01 -3.36379E-02
6.55291E-01 -3.18028E-02
6.53840E-01 -2.99177E-02
6.52173E-01 -2.90133E-02
6.50292E-01 -2.70322E-02
6.48201E-01 -2.50051E-02
6.45904E-01 -2.29334E-02
6.43405E-01 -2.18478E-02
6.40707E-01 -1.96912E-02
6.37817E-01 -1.74943E-02
6.34739E-01 -1.62880E-02
6.31480E-01 -1.40151E-02
6.28044E-01 -1.27358E-02
6.24440E-01 -1.03932E-02
6.20674E-01 -9.04729E-03
6.16754E-01 -6.64138E-03
6.12686E-01 -5.23535E-03
6.08481E-01 -2.77271E-03
6.04146E-01 -1.31317E-03
5.99691E-01 1.19941E-03
5.95124E-01 2.70552E-03
5.90458E-01 4.23246E-03
5.85701E-01 6.80705E-03
5.80866E-01 8.37013E-03
5.75962E-01 9.94862E-03
5.71003E-01 1.25694E-02
5.66000E-01 1.41734E-02
5.60967E-01 1.57875E-02
5.55916E-01 1.74098E-02
5.50861E-01 1.90387E-02
5.45816E-01 2.17003E-02
5.40796E-01 2.33365E-02
5.35814E-01 2.49737E-02
5.30886E-01 2.66100E-02
5.26027E-01 2.82437E-02
5.21252E-01 2.98729E-02
5.16577E-01 3.14958E-02
5.12019E-01 3.31106E-02
5.07591E-01 3.47155E-02
5.03311E-01 3.63086E-02
4.99194E-01 3.78882E-02
4.95256E-01 3.94525E-02
4.91511E-01 4.09997E-02
4.87975E-01 4.25281E-02
4.84661E-01 4.40358E-02
4.81584E-01 4.55212E-02
4.78757E-01 4.69827E-02
4.76192E-01 4.84183E-02
4.73900E-01 4.98265E-02
4.71892E-01 5.12056E-02
4.70177E-01 5.25539E-02
4.68762E-01 5.38698E-02
4.67655E-01 5.51518E-02
4.66860E-01 5.63982E-02
4.66382E-01 5.76075E-02
4.66222E-01 5.87781E-02
