Will plot unflagged data


File # 1  = raise.vis
raise.vis 0.1514 GHz
Read 121 visibilities from all files

Baseline 1-5, plot 121 points
9.93803E-01 1.50019E+01
9.94143E-01 1.50019E+01
9.95163E-01 1.50018E+01
9.96857E-01 1.50017E+01
9.99217E-01 1.50016E+01
1.00223E+00 1.50015E+01
1.00589E+00 1.50013E+01
1.01017E+00 1.50011E+01
1.01506E+00 1.50008E+01
1.02052E+00 1.50005E+01
1.02655E+00 1.50002E+01
1.03311E+00 1.49999E+01
1.04017E+00 1.49995E+01
1.04771E+00 1.49991E+01
1.05569E+00 1.49987E+01
1.06409E+00 1.49983E+01
1.07286E+00 1.49978E+01
1.08199E+00 1.49973E+01
1.09142E+00 1.49968E+01
1.10114E+00 1.49963E+01
1.11111E+00 1.49957E+01
1.12128E+00 1.49951E+01
1.13164E+00 1.49945E+01
1.14215E+00 1.49939E+01
1.15276E+00 1.49933E+01
1.16347E+00 1.49928E+01
1.17422E+00 1.49921E+01
1.18500E+00 1.49915E+01
1.19576E+00 1.49908E+01
1.20649E+00 1.49902E+01
1.21715E+00 1.49895E+01
1.22773E+00 1.49889E+01
1.23818E+00 1.49883E+01
1.24849E+00 1.49876E+01
1.25863E+00 1.49870E+01
1.26857E+00 1.49865E+01
1.27831E+00 1.49858E+01
1.28780E+00 1.49852E+01
1.29704E+00 1.49846E+01
1.30601E+00 1.49841E+01
1.31468E+00 1.49834E+01
1.32303E+00 1.49829E+01
1.33106E+00 1.49824E+01
1.33874E+00 1.49820E+01
1.34607E+00 1.49814E+01
1.35302E+00 1.49810E+01
1.35958E+00 1.49806E+01
1.36574E+00 1.49802E+01
1.37149E+00 1.49797E+01
1.37682E+00 1.49795E+01
1.38171E+00 1.49790E+01
1.38617E+00 1.49787E+01
1.39018E+00 1.49784E+01
1.39373E+00 1.49783E+01
1.39682E+00 1.49780E+01
1.39945E+00 1.49779E+01
1.40161E+00 1.49777E+01
1.40328E+00 1.49776E+01
1.40449E+00 1.49776E+01
1.40521E+00 1.49774E+01
1.40545E+00 1.49774E+01
1.40521E+00 1.49774E+01
1.40449E+00 1.49776E+01
1.40329E+00 1.49776E+01
1.40161E+00 1.49777E+01
1.39945E+00 1.49779E+01
1.39682E+00 1.49780E+01
1.39373E+00 1.49783E+01
1.39018E+00 1.49784E+01
1.38617E+00 1.49787E+01
1.38171E+00 1.49790E+01
1.37682E+00 1.49795E+01
1.37149E+00 1.49797E+01
1.36574E+00 1.49802E+01
1.35958E+00 1.49806E+01
1.35302E+00 1.49810E+01
1.34607E+00 1.49814E+01
1.33875E+00 1.49820E+01
1.33106E+00 1.49824E+01
1.32304E+00 1.49829E+01
1.31468E+00 1.49834E+01
1.30601E+00 1.49841E+01
1.29704E+00 1.49846E+01
1.28780E+00 1.49852E+01
1.27831E+00 1.49858E+01
1.26857E+00 1.49865E+01
1.25863E+00 1.49871E+01
1.24849E+00 1.49876E+01
1.23818E+00 1.49883E+01
1.22773E+00 1.49889E+01
1.21716E+00 1.49895E+01
1.20649E+00 1.49902E+01
1.19576E+00 1.49908E+01
1.18500E+00 1.49915E+01
1.17422E+00 1.49921E+01
1.16347E+00 1.49928E+01
1.15277E+00 1.49933E+01
1.14215E+00 1.49939E+01
1.13164E+00 1.49945E+01
1.12128E+00 1.49951E+01
1.11111E+00 1.49957E+01
1.10114E+00 1.49963E+01
1.09142E+00 1.49968E+01
1.08199E+00 1.49973E+01
1.07286E+00 1.49978E+01
1.06409E+00 1.49983E+01
1.05569E+00 1.49987E+01
1.04771E+00 1.49991E+01
1.04017E+00 1.49995E+01
1.03311E+00 1.49999E+01
1.02655E+00 1.50002E+01
1.02052E+00 1.50005E+01
1.01506E+00 1.50008E+01
1.01017E+00 1.50011E+01
1.00589E+00 1.50013E+01
1.00223E+00 1.50015E+01
9.99218E-01 1.50016E+01
9.96857E-01 1.50017E+01
9.95163E-01 1.50018E+01
9.94143E-01 1.50019E+01
9.93803E-01 1.50019E+01
