Will plot unflagged data


File # 1  = raise.vis
raise.vis 0.1514 GHz
Read 121 visibilities from all files

Baseline 1-5, plot 121 points
9.93803E-01 -4.67595E-01
9.94143E-01 -4.76537E-01
9.95163E-01 -4.84113E-01
9.96857E-01 -4.92364E-01
9.99217E-01 -4.99225E-01
1.00223E+00 -5.06744E-01
1.00589E+00 -5.13881E-01
1.01017E+00 -5.20626E-01
1.01506E+00 -5.25939E-01
1.02052E+00 -5.31872E-01
1.02655E+00 -5.37385E-01
1.03311E+00 -5.42469E-01
1.04017E+00 -5.47115E-01
1.04771E+00 -5.51315E-01
1.05569E+00 -5.55060E-01
1.06409E+00 -5.58343E-01
1.07286E+00 -5.62187E-01
1.08199E+00 -5.64522E-01
1.09142E+00 -5.66371E-01
1.10114E+00 -5.68762E-01
1.11111E+00 -5.70654E-01
1.12128E+00 -5.71010E-01
1.13164E+00 -5.71888E-01
1.14215E+00 -5.72250E-01
1.15276E+00 -5.72092E-01
1.16347E+00 -5.72442E-01
1.17422E+00 -5.71228E-01
1.18500E+00 -5.70514E-01
1.19576E+00 -5.68229E-01
1.20649E+00 -5.66437E-01
1.21715E+00 -5.64100E-01
1.22773E+00 -5.61217E-01
1.23818E+00 -5.58817E-01
1.24849E+00 -5.54835E-01
1.25863E+00 -5.51333E-01
1.26857E+00 -5.47277E-01
1.27831E+00 -5.42668E-01
1.28780E+00 -5.37505E-01
1.29704E+00 -5.31787E-01
1.30601E+00 -5.26548E-01
1.31468E+00 -5.19724E-01
1.32303E+00 -5.13379E-01
1.33106E+00 -5.06484E-01
1.33874E+00 -5.00071E-01
1.34607E+00 -4.92081E-01
1.35302E+00 -4.84578E-01
1.35958E+00 -4.76534E-01
1.36574E+00 -4.67953E-01
1.37149E+00 -4.58838E-01
1.37682E+00 -4.50223E-01
1.38171E+00 -4.40054E-01
1.38617E+00 -4.30394E-01
1.39018E+00 -4.20218E-01
1.39373E+00 -4.10561E-01
1.39682E+00 -3.99372E-01
1.39945E+00 -3.88713E-01
1.40161E+00 -3.77563E-01
1.40328E+00 -3.65930E-01
1.40449E+00 -3.54847E-01
1.40521E+00 -3.42267E-01
1.40545E+00 -3.30253E-01
1.40521E+00 -3.17787E-01
1.40449E+00 -3.05903E-01
1.40329E+00 -2.92556E-01
1.40161E+00 -2.79810E-01
1.39945E+00 -2.66647E-01
1.39682E+00 -2.53076E-01
1.39373E+00 -2.40136E-01
1.39018E+00 -2.25781E-01
1.38617E+00 -2.12078E-01
1.38171E+00 -1.98010E-01
1.37682E+00 -1.84616E-01
1.37149E+00 -1.69850E-01
1.36574E+00 -1.55781E-01
1.35958E+00 -1.41393E-01
1.35302E+00 -1.26698E-01
1.34607E+00 -1.11706E-01
1.33875E+00 -9.74624E-02
1.33106E+00 -8.19180E-02
1.32304E+00 -6.71463E-02
1.31468E+00 -5.21300E-02
1.30601E+00 -3.79135E-02
1.29704E+00 -2.24479E-02
1.28780E+00 -7.80874E-03
1.27831E+00 7.02126E-03
1.26857E+00 2.20287E-02
1.25863E+00 3.71999E-02
1.24849E+00 5.25209E-02
1.23818E+00 6.69454E-02
1.22773E+00 8.25239E-02
1.21716E+00 9.71775E-02
1.20649E+00 1.11924E-01
1.19576E+00 1.26750E-01
1.18500E+00 1.40608E-01
1.17422E+00 1.55548E-01
1.16347E+00 1.69492E-01
1.15277E+00 1.84490E-01
1.14215E+00 1.98462E-01
1.13164E+00 2.12426E-01
1.12128E+00 2.26368E-01
1.11111E+00 2.39241E-01
1.10114E+00 2.53097E-01
1.09142E+00 2.66886E-01
1.08199E+00 2.79564E-01
1.07286E+00 2.92148E-01
1.06409E+00 3.05657E-01
1.05569E+00 3.18012E-01
1.04771E+00 3.30231E-01
1.04017E+00 3.42300E-01
1.03311E+00 3.54206E-01
1.02655E+00 3.65936E-01
1.02052E+00 3.77475E-01
1.01506E+00 3.88812E-01
1.01017E+00 3.98901E-01
1.00589E+00 4.09793E-01
1.00223E+00 4.20443E-01
9.99218E-01 4.30839E-01
9.96857E-01 4.39940E-01
9.95163E-01 4.49793E-01
9.94143E-01 4.58329E-01
9.93803E-01 4.67592E-01
