Will plot unflagged data


File # 1  = raise.vis
raise.vis 0.1514 GHz
Read 121 visibilities from all files

Baseline 1-5, plot 121 points
9.93803E-01 7.50683E-01
9.94143E-01 7.54838E-01
9.95163E-01 7.58993E-01
9.96857E-01 7.63148E-01
9.99217E-01 7.67304E-01
1.00223E+00 7.71459E-01
1.00589E+00 7.75614E-01
1.01017E+00 7.79770E-01
1.01506E+00 7.83925E-01
1.02052E+00 7.88080E-01
1.02655E+00 7.92235E-01
1.03311E+00 7.96391E-01
1.04017E+00 8.00546E-01
1.04771E+00 8.04701E-01
1.05569E+00 8.08857E-01
1.06409E+00 8.13012E-01
1.07286E+00 8.17167E-01
1.08199E+00 8.21322E-01
1.09142E+00 8.25478E-01
1.10114E+00 8.29633E-01
1.11111E+00 8.33788E-01
1.12128E+00 8.37944E-01
1.13164E+00 8.42099E-01
1.14215E+00 8.46254E-01
1.15276E+00 8.50409E-01
1.16347E+00 8.54565E-01
1.17422E+00 8.58720E-01
1.18500E+00 8.62875E-01
1.19576E+00 8.67031E-01
1.20649E+00 8.71186E-01
1.21715E+00 8.75341E-01
1.22773E+00 8.79496E-01
1.23818E+00 8.83652E-01
1.24849E+00 8.87807E-01
1.25863E+00 8.91962E-01
1.26857E+00 8.96118E-01
1.27831E+00 9.00273E-01
1.28780E+00 9.04428E-01
1.29704E+00 9.08583E-01
1.30601E+00 9.12739E-01
1.31468E+00 9.16894E-01
1.32303E+00 9.21049E-01
1.33106E+00 9.25205E-01
1.33874E+00 9.29360E-01
1.34607E+00 9.33515E-01
1.35302E+00 9.37670E-01
1.35958E+00 9.41826E-01
1.36574E+00 9.45981E-01
1.37149E+00 9.50136E-01
1.37682E+00 9.54292E-01
1.38171E+00 9.58447E-01
1.38617E+00 9.62602E-01
1.39018E+00 9.66758E-01
1.39373E+00 9.70913E-01
1.39682E+00 9.75068E-01
1.39945E+00 9.79223E-01
1.40161E+00 9.83379E-01
1.40328E+00 9.87534E-01
1.40449E+00 9.91689E-01
1.40521E+00 9.95845E-01
1.40545E+00 1.00000E+00
1.40521E+00 1.00416E+00
1.40449E+00 1.00831E+00
1.40329E+00 1.01247E+00
1.40161E+00 1.01662E+00
1.39945E+00 1.02078E+00
1.39682E+00 1.02493E+00
1.39373E+00 1.02909E+00
1.39018E+00 1.03324E+00
1.38617E+00 1.03740E+00
1.38171E+00 1.04155E+00
1.37682E+00 1.04571E+00
1.37149E+00 1.04986E+00
1.36574E+00 1.05402E+00
1.35958E+00 1.05817E+00
1.35302E+00 1.06233E+00
1.34607E+00 1.06648E+00
1.33875E+00 1.07064E+00
1.33106E+00 1.07480E+00
1.32304E+00 1.07895E+00
1.31468E+00 1.08311E+00
1.30601E+00 1.08726E+00
1.29704E+00 1.09142E+00
1.28780E+00 1.09557E+00
1.27831E+00 1.09973E+00
1.26857E+00 1.10388E+00
1.25863E+00 1.10804E+00
1.24849E+00 1.11219E+00
1.23818E+00 1.11635E+00
1.22773E+00 1.12050E+00
1.21716E+00 1.12466E+00
1.20649E+00 1.12881E+00
1.19576E+00 1.13297E+00
1.18500E+00 1.13712E+00
1.17422E+00 1.14128E+00
1.16347E+00 1.14543E+00
1.15277E+00 1.14959E+00
1.14215E+00 1.15375E+00
1.13164E+00 1.15790E+00
1.12128E+00 1.16206E+00
1.11111E+00 1.16621E+00
1.10114E+00 1.17037E+00
1.09142E+00 1.17452E+00
1.08199E+00 1.17868E+00
1.07286E+00 1.18283E+00
1.06409E+00 1.18699E+00
1.05569E+00 1.19114E+00
1.04771E+00 1.19530E+00
1.04017E+00 1.19945E+00
1.03311E+00 1.20361E+00
1.02655E+00 1.20776E+00
1.02052E+00 1.21192E+00
1.01506E+00 1.21607E+00
1.01017E+00 1.22023E+00
1.00589E+00 1.22439E+00
1.00223E+00 1.22854E+00
9.99218E-01 1.23270E+00
9.96857E-01 1.23685E+00
9.95163E-01 1.24101E+00
9.94143E-01 1.24516E+00
9.93803E-01 1.24932E+00
