Will plot unflagged data


File # 1  = raise.vis
raise.vis 1.5136 GHz
Read 121 visibilities from all files

Baseline 2-3, plot 121 points
5.62427E+00 1.78177E-01
5.62620E+00 1.78177E-01
5.63197E+00 1.78176E-01
5.64155E+00 1.78174E-01
5.65491E+00 1.78172E-01
5.67198E+00 1.78169E-01
5.69267E+00 1.78166E-01
5.71690E+00 1.78162E-01
5.74454E+00 1.78158E-01
5.77549E+00 1.78153E-01
5.80959E+00 1.78147E-01
5.84671E+00 1.78141E-01
5.88668E+00 1.78134E-01
5.92934E+00 1.78127E-01
5.97452E+00 1.78119E-01
6.02203E+00 1.78111E-01
6.07170E+00 1.78102E-01
6.12333E+00 1.78094E-01
6.17674E+00 1.78084E-01
6.23173E+00 1.78075E-01
6.28812E+00 1.78064E-01
6.34572E+00 1.78054E-01
6.40434E+00 1.78043E-01
6.46379E+00 1.78033E-01
6.52389E+00 1.78021E-01
6.58446E+00 1.78011E-01
6.64532E+00 1.77999E-01
6.70629E+00 1.77987E-01
6.76723E+00 1.77976E-01
6.82794E+00 1.77964E-01
6.88829E+00 1.77953E-01
6.94812E+00 1.77941E-01
7.00727E+00 1.77930E-01
7.06561E+00 1.77918E-01
7.12299E+00 1.77907E-01
7.17928E+00 1.77895E-01
7.23437E+00 1.77885E-01
7.28811E+00 1.77874E-01
7.34041E+00 1.77863E-01
7.39114E+00 1.77852E-01
7.44021E+00 1.77843E-01
7.48750E+00 1.77833E-01
7.53293E+00 1.77823E-01
7.57641E+00 1.77815E-01
7.61785E+00 1.77807E-01
7.65717E+00 1.77798E-01
7.69430E+00 1.77790E-01
7.72917E+00 1.77783E-01
7.76171E+00 1.77776E-01
7.79187E+00 1.77769E-01
7.81958E+00 1.77764E-01
7.84480E+00 1.77758E-01
7.86749E+00 1.77753E-01
7.88760E+00 1.77749E-01
7.90511E+00 1.77746E-01
7.91997E+00 1.77742E-01
7.93216E+00 1.77738E-01
7.94167E+00 1.77737E-01
7.94847E+00 1.77735E-01
7.95255E+00 1.77735E-01
7.95392E+00 1.77735E-01
7.95255E+00 1.77735E-01
7.94847E+00 1.77735E-01
7.94167E+00 1.77737E-01
7.93216E+00 1.77738E-01
7.91997E+00 1.77742E-01
7.90511E+00 1.77746E-01
7.88760E+00 1.77749E-01
7.86749E+00 1.77753E-01
7.84480E+00 1.77758E-01
7.81958E+00 1.77764E-01
7.79187E+00 1.77769E-01
7.76171E+00 1.77776E-01
7.72917E+00 1.77783E-01
7.69431E+00 1.77790E-01
7.65718E+00 1.77798E-01
7.61786E+00 1.77807E-01
7.57642E+00 1.77815E-01
7.53294E+00 1.77823E-01
7.48751E+00 1.77833E-01
7.44021E+00 1.77843E-01
7.39115E+00 1.77852E-01
7.34041E+00 1.77863E-01
7.28812E+00 1.77874E-01
7.23437E+00 1.77885E-01
7.17929E+00 1.77895E-01
7.12299E+00 1.77907E-01
7.06561E+00 1.77918E-01
7.00727E+00 1.77930E-01
6.94812E+00 1.77941E-01
6.88830E+00 1.77953E-01
6.82795E+00 1.77964E-01
6.76723E+00 1.77976E-01
6.70630E+00 1.77987E-01
6.64532E+00 1.77999E-01
6.58446E+00 1.78011E-01
6.52389E+00 1.78021E-01
6.46379E+00 1.78033E-01
6.40434E+00 1.78043E-01
6.34573E+00 1.78054E-01
6.28813E+00 1.78064E-01
6.23173E+00 1.78075E-01
6.17674E+00 1.78084E-01
6.12333E+00 1.78094E-01
6.07170E+00 1.78102E-01
6.02203E+00 1.78111E-01
5.97452E+00 1.78119E-01
5.92935E+00 1.78127E-01
5.88668E+00 1.78134E-01
5.84671E+00 1.78141E-01
5.80959E+00 1.78147E-01
5.77549E+00 1.78153E-01
5.74455E+00 1.78158E-01
5.71690E+00 1.78162E-01
5.69267E+00 1.78166E-01
5.67198E+00 1.78169E-01
5.65491E+00 1.78172E-01
5.64155E+00 1.78174E-01
5.63197E+00 1.78176E-01
5.62620E+00 1.78177E-01
5.62427E+00 1.78177E-01
