Will plot unflagged data


File # 1  = raise.vis
raise.vis 1.5136 GHz
Read 121 visibilities from all files

Baseline 2-3, plot 121 points
5.62427E+00 -6.88558E-01
5.62620E+00 -7.01499E-01
5.63197E+00 -7.12905E-01
5.64155E+00 -7.24819E-01
5.65491E+00 -7.36199E-01
5.67198E+00 -7.46000E-01
5.69267E+00 -7.56268E-01
5.71690E+00 -7.65960E-01
5.74454E+00 -7.75061E-01
5.77549E+00 -7.83559E-01
5.80959E+00 -7.91439E-01
5.84671E+00 -7.98689E-01
5.88668E+00 -8.05294E-01
5.92934E+00 -8.11245E-01
5.97452E+00 -8.17560E-01
6.02203E+00 -8.22162E-01
6.07170E+00 -8.27106E-01
6.12333E+00 -8.31349E-01
6.17674E+00 -8.34879E-01
6.23173E+00 -8.37687E-01
6.28812E+00 -8.39764E-01
6.34572E+00 -8.41102E-01
6.40434E+00 -8.42723E-01
6.46379E+00 -8.43589E-01
6.52389E+00 -8.42661E-01
6.58446E+00 -8.43026E-01
6.64532E+00 -8.41585E-01
6.70629E+00 -8.39364E-01
6.76723E+00 -8.37388E-01
6.82794E+00 -8.34621E-01
6.88829E+00 -8.31061E-01
6.94812E+00 -8.26706E-01
7.00727E+00 -8.22564E-01
7.06561E+00 -8.17603E-01
7.12299E+00 -8.11821E-01
7.17928E+00 -8.05218E-01
7.23437E+00 -7.98823E-01
7.28811E+00 -7.91606E-01
7.34041E+00 -7.83569E-01
7.39114E+00 -7.74713E-01
7.44021E+00 -7.66070E-01
7.48750E+00 -7.56610E-01
7.53293E+00 -7.46338E-01
7.57641E+00 -7.36288E-01
7.61785E+00 -7.25431E-01
7.65717E+00 -7.13771E-01
7.69430E+00 -7.01314E-01
7.72917E+00 -6.89097E-01
7.76171E+00 -6.76092E-01
7.79187E+00 -6.62307E-01
7.81958E+00 -6.48780E-01
7.84480E+00 -6.34486E-01
7.86749E+00 -6.19433E-01
7.88760E+00 -6.04661E-01
7.90511E+00 -5.89148E-01
7.91997E+00 -5.72900E-01
7.93216E+00 -5.55930E-01
7.94167E+00 -5.39280E-01
7.94847E+00 -5.21928E-01
7.95255E+00 -5.04916E-01
7.95392E+00 -4.87226E-01
7.95255E+00 -4.68868E-01
7.94847E+00 -4.49855E-01
7.94167E+00 -4.31233E-01
7.93216E+00 -4.11983E-01
7.91997E+00 -3.93152E-01
7.90511E+00 -3.73720E-01
7.88760E+00 -3.53703E-01
7.86749E+00 -3.33115E-01
7.84480E+00 -3.13005E-01
7.81958E+00 -2.92357E-01
7.79187E+00 -2.71186E-01
7.76171E+00 -2.50541E-01
7.72917E+00 -2.29407E-01
7.69431E+00 -2.07801E-01
7.65718E+00 -1.86773E-01
7.61786E+00 -1.65309E-01
7.57642E+00 -1.43425E-01
7.53294E+00 -1.21142E-01
7.48751E+00 -9.95091E-02
7.44021E+00 -7.75132E-02
7.39115E+00 -5.51734E-02
7.34041E+00 -3.35400E-02
7.28812E+00 -1.16010E-02
7.23437E+00 1.06238E-02
7.17929E+00 3.31149E-02
7.12299E+00 5.48238E-02
7.06561E+00 7.67603E-02
7.00727E+00 9.89045E-02
6.94812E+00 1.21236E-01
6.88830E+00 1.42704E-01
6.82795E+00 1.64301E-01
6.76723E+00 1.86007E-01
6.70630E+00 2.07801E-01
6.64532E+00 2.28633E-01
6.58446E+00 2.49511E-01
6.52389E+00 2.71446E-01
6.46379E+00 2.91326E-01
6.40434E+00 3.12221E-01
6.34573E+00 3.33080E-01
6.28813E+00 3.52850E-01
6.23173E+00 3.72543E-01
6.17674E+00 3.92138E-01
6.12333E+00 4.11613E-01
6.07170E+00 4.30949E-01
6.02203E+00 4.50124E-01
5.97452E+00 4.68086E-01
5.92935E+00 4.86879E-01
5.88668E+00 5.04418E-01
5.84671E+00 5.21714E-01
5.80959E+00 5.38750E-01
5.77549E+00 5.55504E-01
5.74455E+00 5.71958E-01
5.71690E+00 5.88093E-01
5.69267E+00 6.03890E-01
5.67198E+00 6.19332E-01
5.65491E+00 6.33370E-01
5.64155E+00 6.48049E-01
5.63197E+00 6.62321E-01
5.62620E+00 6.75143E-01
5.62427E+00 6.88555E-01
