Will plot unflagged data


File # 1  = raise.vis
raise.vis 15.1356 GHz
Read 121 visibilities from all files

Baseline 1-4, plot 121 points
7.64464E+01 6.49012E-02
7.64726E+01 6.48777E-02
7.65510E+01 6.48081E-02
7.66813E+01 6.46938E-02
7.68629E+01 6.45383E-02
7.70948E+01 6.43452E-02
7.73761E+01 6.41190E-02
7.77054E+01 6.38642E-02
7.80812E+01 6.35859E-02
7.85018E+01 6.32900E-02
7.89653E+01 6.29807E-02
7.94698E+01 6.26621E-02
8.00131E+01 6.23373E-02
8.05930E+01 6.20090E-02
8.12070E+01 6.16810E-02
8.18528E+01 6.13537E-02
8.25279E+01 6.10305E-02
8.32297E+01 6.07094E-02
8.39556E+01 6.03933E-02
8.47031E+01 6.00832E-02
8.54697E+01 5.97778E-02
8.62525E+01 5.94770E-02
8.70493E+01 5.91832E-02
8.78573E+01 5.88962E-02
8.86742E+01 5.86168E-02
8.94975E+01 5.83435E-02
9.03247E+01 5.80774E-02
9.11535E+01 5.78195E-02
9.19817E+01 5.75703E-02
9.28070E+01 5.73285E-02
9.36273E+01 5.70960E-02
9.44404E+01 5.68709E-02
9.52444E+01 5.66542E-02
9.60374E+01 5.64468E-02
9.68173E+01 5.62472E-02
9.75825E+01 5.60556E-02
9.83312E+01 5.58721E-02
9.90617E+01 5.56964E-02
9.97726E+01 5.55294E-02
1.00462E+02 5.53696E-02
1.01129E+02 5.52183E-02
1.01772E+02 5.50737E-02
1.02389E+02 5.49376E-02
1.02980E+02 5.48088E-02
1.03544E+02 5.46868E-02
1.04078E+02 5.45736E-02
1.04583E+02 5.44675E-02
1.05057E+02 5.43689E-02
1.05499E+02 5.42778E-02
1.05909E+02 5.41936E-02
1.06286E+02 5.41174E-02
1.06628E+02 5.40483E-02
1.06937E+02 5.39864E-02
1.07210E+02 5.39322E-02
1.07448E+02 5.38856E-02
1.07650E+02 5.38457E-02
1.07816E+02 5.38126E-02
1.07945E+02 5.37880E-02
1.08037E+02 5.37701E-02
1.08093E+02 5.37588E-02
1.08112E+02 5.37550E-02
1.08093E+02 5.37588E-02
1.08037E+02 5.37701E-02
1.07945E+02 5.37880E-02
1.07816E+02 5.38126E-02
1.07650E+02 5.38457E-02
1.07448E+02 5.38856E-02
1.07210E+02 5.39322E-02
1.06937E+02 5.39864E-02
1.06628E+02 5.40483E-02
1.06286E+02 5.41174E-02
1.05909E+02 5.41936E-02
1.05499E+02 5.42778E-02
1.05057E+02 5.43689E-02
1.04583E+02 5.44675E-02
1.04078E+02 5.45736E-02
1.03544E+02 5.46868E-02
1.02980E+02 5.48088E-02
1.02389E+02 5.49376E-02
1.01772E+02 5.50737E-02
1.01129E+02 5.52183E-02
1.00462E+02 5.53695E-02
9.97726E+01 5.55294E-02
9.90618E+01 5.56964E-02
9.83312E+01 5.58721E-02
9.75826E+01 5.60556E-02
9.68174E+01 5.62472E-02
9.60374E+01 5.64468E-02
9.52445E+01 5.66542E-02
9.44405E+01 5.68709E-02
9.36273E+01 5.70960E-02
9.28071E+01 5.73286E-02
9.19818E+01 5.75703E-02
9.11536E+01 5.78195E-02
9.03247E+01 5.80774E-02
8.94975E+01 5.83435E-02
8.86743E+01 5.86168E-02
8.78574E+01 5.88961E-02
8.70493E+01 5.91832E-02
8.62526E+01 5.94770E-02
8.54697E+01 5.97778E-02
8.47032E+01 6.00832E-02
8.39557E+01 6.03933E-02
8.32297E+01 6.07094E-02
8.25279E+01 6.10305E-02
8.18529E+01 6.13537E-02
8.12071E+01 6.16810E-02
8.05930E+01 6.20090E-02
8.00132E+01 6.23361E-02
7.94699E+01 6.26620E-02
7.89654E+01 6.29807E-02
7.85018E+01 6.32900E-02
7.80812E+01 6.35859E-02
7.77054E+01 6.38642E-02
7.73761E+01 6.41190E-02
7.70948E+01 6.43452E-02
7.68629E+01 6.45383E-02
7.66813E+01 6.46938E-02
7.65510E+01 6.48081E-02
7.64726E+01 6.48777E-02
7.64464E+01 6.49012E-02
