Will plot unflagged data


File # 1  = raise.vis
raise.vis 15.1356 GHz
Read 121 visibilities from all files

Baseline 1-4, plot 121 points
7.64464E+01 -1.62755E+01
7.64726E+01 -1.65713E+01
7.65510E+01 -1.68556E+01
7.66813E+01 -1.71281E+01
7.68629E+01 -1.73892E+01
7.70948E+01 -1.76386E+01
7.73761E+01 -1.78759E+01
7.77054E+01 -1.81005E+01
7.80812E+01 -1.83123E+01
7.85018E+01 -1.85123E+01
7.89653E+01 -1.86997E+01
7.94698E+01 -1.88744E+01
8.00131E+01 -1.90359E+01
8.05930E+01 -1.91837E+01
8.12070E+01 -1.93191E+01
8.18528E+01 -1.94405E+01
8.25279E+01 -1.95498E+01
8.32297E+01 -1.96444E+01
8.39556E+01 -1.97260E+01
8.47031E+01 -1.97950E+01
8.54697E+01 -1.98498E+01
8.62525E+01 -1.98900E+01
8.70493E+01 -1.99173E+01
8.78573E+01 -1.99312E+01
8.86742E+01 -1.99322E+01
8.94975E+01 -1.99186E+01
9.03247E+01 -1.98909E+01
9.11535E+01 -1.98500E+01
9.19817E+01 -1.97960E+01
9.28070E+01 -1.97277E+01
9.36273E+01 -1.96467E+01
9.44404E+01 -1.95514E+01
9.52444E+01 -1.94426E+01
9.60374E+01 -1.93214E+01
9.68173E+01 -1.91865E+01
9.75825E+01 -1.90382E+01
9.83312E+01 -1.88770E+01
9.90617E+01 -1.87025E+01
9.97726E+01 -1.85161E+01
1.00462E+02 -1.83163E+01
1.01129E+02 -1.81048E+01
1.01772E+02 -1.78798E+01
1.02389E+02 -1.76434E+01
1.02980E+02 -1.73946E+01
1.03544E+02 -1.71330E+01
1.04078E+02 -1.68611E+01
1.04583E+02 -1.65771E+01
1.05057E+02 -1.62817E+01
1.05499E+02 -1.59753E+01
1.05909E+02 -1.56573E+01
1.06286E+02 -1.53292E+01
1.06628E+02 -1.49902E+01
1.06937E+02 -1.46408E+01
1.07210E+02 -1.42818E+01
1.07448E+02 -1.39134E+01
1.07650E+02 -1.35348E+01
1.07816E+02 -1.31463E+01
1.07945E+02 -1.27503E+01
1.08037E+02 -1.23450E+01
1.08093E+02 -1.19305E+01
1.08112E+02 -1.15082E+01
1.08093E+02 -1.10784E+01
1.08037E+02 -1.06414E+01
1.07945E+02 -1.01964E+01
1.07816E+02 -9.74383E+00
1.07650E+02 -9.28603E+00
1.07448E+02 -8.82128E+00
1.07210E+02 -8.34987E+00
1.06937E+02 -7.87307E+00
1.06628E+02 -7.39134E+00
1.06286E+02 -6.90434E+00
1.05909E+02 -6.41230E+00
1.05499E+02 -5.91646E+00
1.05057E+02 -5.41593E+00
1.04583E+02 -4.91185E+00
1.04078E+02 -4.40436E+00
1.03544E+02 -3.89331E+00
1.02980E+02 -3.38100E+00
1.02389E+02 -2.86553E+00
1.01772E+02 -2.34780E+00
1.01129E+02 -1.82929E+00
1.00462E+02 -1.30843E+00
9.97726E+01 -7.87524E-01
9.90618E+01 -2.65436E-01
9.83312E+01 2.56009E-01
9.75826E+01 7.77573E-01
9.68174E+01 1.29853E+00
9.60374E+01 1.81880E+00
9.52445E+01 2.33826E+00
9.44405E+01 2.85525E+00
9.36273E+01 3.37031E+00
9.28071E+01 3.88394E+00
9.19818E+01 4.39409E+00
9.11536E+01 4.90201E+00
9.03247E+01 5.40598E+00
8.94975E+01 5.90588E+00
8.86743E+01 6.40212E+00
8.78574E+01 6.89492E+00
8.70493E+01 7.38225E+00
8.62526E+01 7.86429E+00
8.54697E+01 8.34023E+00
8.47032E+01 8.81143E+00
8.39557E+01 9.27715E+00
8.32297E+01 9.73566E+00
8.25279E+01 1.01870E+01
8.18529E+01 1.06327E+01
8.12071E+01 1.10699E+01
8.05930E+01 1.15002E+01
8.00132E+01 1.19230E+01
7.94699E+01 1.23361E+01
7.89654E+01 1.27421E+01
7.85018E+01 1.31394E+01
7.80812E+01 1.35274E+01
7.77054E+01 1.39055E+01
7.73761E+01 1.42744E+01
7.70948E+01 1.46339E+01
7.68629E+01 1.49835E+01
7.66813E+01 1.53226E+01
7.65510E+01 1.56508E+01
7.64726E+01 1.59686E+01
7.64464E+01 1.62755E+01
