Will plot unflagged data


File # 1  = raise.vis
raise.vis 4.7863 GHz
Read 121 visibilities from all files

Baseline 1-5, plot 121 points
3.14268E+01 1.67008E-01
3.14376E+01 1.66990E-01
3.14698E+01 1.66937E-01
3.15234E+01 1.66850E-01
3.15980E+01 1.66729E-01
3.16934E+01 1.66576E-01
3.18090E+01 1.66393E-01
3.19444E+01 1.66182E-01
3.20989E+01 1.65945E-01
3.22718E+01 1.65685E-01
3.24623E+01 1.65403E-01
3.26697E+01 1.65105E-01
3.28931E+01 1.64791E-01
3.31315E+01 1.64463E-01
3.33839E+01 1.64125E-01
3.36494E+01 1.63782E-01
3.39269E+01 1.63429E-01
3.42154E+01 1.63073E-01
3.45138E+01 1.62720E-01
3.48211E+01 1.62359E-01
3.51362E+01 1.62004E-01
3.54581E+01 1.61647E-01
3.57856E+01 1.61296E-01
3.61178E+01 1.60946E-01
3.64536E+01 1.60602E-01
3.67921E+01 1.60261E-01
3.71321E+01 1.59928E-01
3.74729E+01 1.59600E-01
3.78133E+01 1.59277E-01
3.81526E+01 1.58963E-01
3.84898E+01 1.58655E-01
3.88241E+01 1.58353E-01
3.91546E+01 1.58063E-01
3.94806E+01 1.57779E-01
3.98012E+01 1.57501E-01
4.01158E+01 1.57230E-01
4.04236E+01 1.56969E-01
4.07239E+01 1.56720E-01
4.10161E+01 1.56477E-01
4.12996E+01 1.56245E-01
4.15738E+01 1.56023E-01
4.18380E+01 1.55808E-01
4.20919E+01 1.55605E-01
4.23348E+01 1.55413E-01
4.25664E+01 1.55231E-01
4.27861E+01 1.55056E-01
4.29936E+01 1.54896E-01
4.31884E+01 1.54743E-01
4.33702E+01 1.54605E-01
4.35387E+01 1.54474E-01
4.36936E+01 1.54355E-01
4.38345E+01 1.54250E-01
4.39613E+01 1.54152E-01
4.40737E+01 1.54068E-01
4.41715E+01 1.53996E-01
4.42545E+01 1.53930E-01
4.43226E+01 1.53879E-01
4.43758E+01 1.53839E-01
4.44138E+01 1.53810E-01
4.44366E+01 1.53796E-01
4.44442E+01 1.53789E-01
4.44366E+01 1.53796E-01
4.44138E+01 1.53810E-01
4.43758E+01 1.53839E-01
4.43226E+01 1.53879E-01
4.42545E+01 1.53930E-01
4.41715E+01 1.53996E-01
4.40737E+01 1.54068E-01
4.39613E+01 1.54152E-01
4.38345E+01 1.54250E-01
4.36936E+01 1.54355E-01
4.35387E+01 1.54474E-01
4.33702E+01 1.54605E-01
4.31884E+01 1.54743E-01
4.29936E+01 1.54896E-01
4.27861E+01 1.55056E-01
4.25664E+01 1.55231E-01
4.23348E+01 1.55413E-01
4.20919E+01 1.55605E-01
4.18380E+01 1.55808E-01
4.15738E+01 1.56023E-01
4.12996E+01 1.56245E-01
4.10161E+01 1.56477E-01
4.07239E+01 1.56720E-01
4.04236E+01 1.56969E-01
4.01158E+01 1.57230E-01
3.98012E+01 1.57501E-01
3.94806E+01 1.57779E-01
3.91546E+01 1.58063E-01
3.88241E+01 1.58353E-01
3.84898E+01 1.58655E-01
3.81526E+01 1.58963E-01
3.78133E+01 1.59277E-01
3.74729E+01 1.59600E-01
3.71321E+01 1.59928E-01
3.67921E+01 1.60261E-01
3.64536E+01 1.60602E-01
3.61178E+01 1.60946E-01
3.57856E+01 1.61296E-01
3.54581E+01 1.61647E-01
3.51363E+01 1.62004E-01
3.48211E+01 1.62359E-01
3.45139E+01 1.62720E-01
3.42154E+01 1.63073E-01
3.39269E+01 1.63429E-01
3.36494E+01 1.63782E-01
3.33839E+01 1.64125E-01
3.31315E+01 1.64463E-01
3.28931E+01 1.64791E-01
3.26698E+01 1.65105E-01
3.24624E+01 1.65403E-01
3.22718E+01 1.65685E-01
3.20989E+01 1.65945E-01
3.19444E+01 1.66182E-01
3.18090E+01 1.66393E-01
3.16934E+01 1.66576E-01
3.15980E+01 1.66729E-01
3.15234E+01 1.66850E-01
3.14698E+01 1.66937E-01
3.14376E+01 1.66990E-01
3.14268E+01 1.67008E-01
