Will plot unflagged data


File # 1  = raise.vis
raise.vis 4.7863 GHz
Read 121 visibilities from all files

Baseline 1-5, plot 121 points
3.14268E+01 -6.69081E+00
3.14376E+01 -6.81259E+00
3.14698E+01 -6.92930E+00
3.15234E+01 -7.04152E+00
3.15980E+01 -7.14842E+00
3.16934E+01 -7.25094E+00
3.18090E+01 -7.34854E+00
3.19444E+01 -7.44126E+00
3.20989E+01 -7.52821E+00
3.22718E+01 -7.61083E+00
3.24623E+01 -7.68704E+00
3.26697E+01 -7.75919E+00
3.28931E+01 -7.82555E+00
3.31315E+01 -7.88614E+00
3.33839E+01 -7.94126E+00
3.36494E+01 -7.99229E+00
3.39269E+01 -8.03618E+00
3.42154E+01 -8.07526E+00
3.45138E+01 -8.10993E+00
3.48211E+01 -8.13720E+00
3.51362E+01 -8.16033E+00
3.54581E+01 -8.17663E+00
3.57856E+01 -8.18858E+00
3.61178E+01 -8.19395E+00
3.64536E+01 -8.19408E+00
3.67921E+01 -8.18802E+00
3.71321E+01 -8.17707E+00
3.74729E+01 -8.16051E+00
3.78133E+01 -8.13759E+00
3.81526E+01 -8.11000E+00
3.84898E+01 -8.07640E+00
3.88241E+01 -8.03704E+00
3.91546E+01 -7.99321E+00
3.94806E+01 -7.94355E+00
3.98012E+01 -7.88777E+00
4.01158E+01 -7.82611E+00
4.04236E+01 -7.75973E+00
4.07239E+01 -7.68876E+00
4.10161E+01 -7.61168E+00
4.12996E+01 -7.52963E+00
4.15738E+01 -7.44274E+00
4.18380E+01 -7.35008E+00
4.20919E+01 -7.25281E+00
4.23348E+01 -7.15079E+00
4.25664E+01 -7.04386E+00
4.27861E+01 -6.93114E+00
4.29936E+01 -6.81479E+00
4.31884E+01 -6.69282E+00
4.33702E+01 -6.56737E+00
4.35387E+01 -6.43646E+00
4.36936E+01 -6.30122E+00
4.38345E+01 -6.16264E+00
4.39613E+01 -6.01867E+00
4.40737E+01 -5.87148E+00
4.41715E+01 -5.72016E+00
4.42545E+01 -5.56378E+00
4.43226E+01 -5.40449E+00
4.43758E+01 -5.24137E+00
4.44138E+01 -5.07452E+00
4.44366E+01 -4.90509E+00
4.44442E+01 -4.73112E+00
4.44366E+01 -4.55480E+00
4.44138E+01 -4.37418E+00
4.43758E+01 -4.19146E+00
4.43226E+01 -4.00573E+00
4.42545E+01 -3.81713E+00
4.41715E+01 -3.62682E+00
4.40737E+01 -3.43288E+00
4.39613E+01 -3.23648E+00
4.38345E+01 -3.03877E+00
4.36936E+01 -2.83780E+00
4.35387E+01 -2.63588E+00
4.33702E+01 -2.43223E+00
4.31884E+01 -2.22595E+00
4.29936E+01 -2.01925E+00
4.27861E+01 -1.81022E+00
4.25664E+01 -1.60107E+00
4.23348E+01 -1.38986E+00
4.20919E+01 -1.17769E+00
4.18380E+01 -9.64932E-01
4.15738E+01 -7.51944E-01
4.12996E+01 -5.37762E-01
4.10161E+01 -3.23537E-01
4.07239E+01 -1.09340E-01
4.04236E+01 1.05781E-01
4.01158E+01 3.20095E-01
3.98012E+01 5.33545E-01
3.94806E+01 7.47107E-01
3.91546E+01 9.60830E-01
3.88241E+01 1.17424E+00
3.84898E+01 1.38582E+00
3.81526E+01 1.59667E+00
3.78133E+01 1.80687E+00
3.74729E+01 2.01494E+00
3.71321E+01 2.22238E+00
3.67921E+01 2.42831E+00
3.64536E+01 2.63186E+00
3.61178E+01 2.83418E+00
3.57856E+01 3.03417E+00
3.54581E+01 3.23306E+00
3.51363E+01 3.42847E+00
3.48211E+01 3.62278E+00
3.45139E+01 3.81316E+00
3.42154E+01 4.00277E+00
3.39269E+01 4.18852E+00
3.36494E+01 4.37069E+00
3.33839E+01 4.55154E+00
3.31315E+01 4.72791E+00
3.28931E+01 4.90110E+00
3.26698E+01 5.07135E+00
3.24624E+01 5.23859E+00
3.22718E+01 5.40104E+00
3.20989E+01 5.56097E+00
3.19444E+01 5.71626E+00
3.18090E+01 5.86831E+00
3.16934E+01 6.01617E+00
3.15980E+01 6.15987E+00
3.15234E+01 6.29883E+00
3.14698E+01 6.43396E+00
3.14376E+01 6.56442E+00
3.14268E+01 6.69079E+00
