Will plot unflagged data


File # 1  = raise.vis
raise.vis 1.5136 GHz
Read 121 visibilities from all files

Baseline 1-4, plot 121 points
7.64464E+00 -2.06901E+00
7.64726E+00 -2.10688E+00
7.65510E+00 -2.14317E+00
7.66813E+00 -2.17788E+00
7.68629E+00 -2.21099E+00
7.70948E+00 -2.24248E+00
7.73761E+00 -2.27230E+00
7.77054E+00 -2.30043E+00
7.80812E+00 -2.32788E+00
7.85018E+00 -2.35361E+00
7.89653E+00 -2.37756E+00
7.94698E+00 -2.39952E+00
8.00131E+00 -2.41947E+00
8.05930E+00 -2.43846E+00
8.12070E+00 -2.45542E+00
8.18528E+00 -2.47138E+00
8.25279E+00 -2.48527E+00
8.32297E+00 -2.49707E+00
8.39556E+00 -2.50782E+00
8.47031E+00 -2.51647E+00
8.54696E+00 -2.52295E+00
8.62525E+00 -2.52917E+00
8.70493E+00 -2.53204E+00
8.78573E+00 -2.53364E+00
8.86742E+00 -2.53394E+00
8.94975E+00 -2.53192E+00
9.03247E+00 -2.52859E+00
9.11535E+00 -2.52291E+00
9.19817E+00 -2.51590E+00
9.28070E+00 -2.50755E+00
9.36273E+00 -2.49787E+00
9.44404E+00 -2.48584E+00
9.52444E+00 -2.47134E+00
9.60374E+00 -2.45641E+00
9.68173E+00 -2.43900E+00
9.75825E+00 -2.42015E+00
9.83312E+00 -2.39987E+00
9.90617E+00 -2.37815E+00
9.97725E+00 -2.35398E+00
1.00462E+01 -2.32839E+00
1.01129E+01 -2.30138E+00
1.01772E+01 -2.27296E+00
1.02389E+01 -2.24314E+00
1.02980E+01 -2.21090E+00
1.03544E+01 -2.17831E+00
1.04078E+01 -2.14332E+00
1.04583E+01 -2.10698E+00
1.05057E+01 -2.06930E+00
1.05499E+01 -2.03030E+00
1.05909E+01 -1.98999E+00
1.06286E+01 -1.94840E+00
1.06628E+01 -1.90551E+00
1.06937E+01 -1.86137E+00
1.07210E+01 -1.81599E+00
1.07448E+01 -1.76837E+00
1.07650E+01 -1.72061E+00
1.07816E+01 -1.67171E+00
1.07945E+01 -1.62066E+00
1.08037E+01 -1.56956E+00
1.08093E+01 -1.51638E+00
1.08112E+01 -1.46323E+00
1.08093E+01 -1.40806E+00
1.08037E+01 -1.35299E+00
1.07945E+01 -1.29599E+00
1.07816E+01 -1.23917E+00
1.07650E+01 -1.18049E+00
1.07448E+01 -1.12105E+00
1.07210E+01 -1.06189E+00
1.06937E+01 -1.00102E+00
1.06628E+01 -9.39511E-01
1.06286E+01 -8.77398E-01
1.05909E+01 -8.14732E-01
1.05499E+01 -7.51580E-01
1.05057E+01 -6.88000E-01
1.04583E+01 -6.24045E-01
1.04078E+01 -5.59769E-01
1.03544E+01 -4.95226E-01
1.02980E+01 -4.29438E-01
1.02389E+01 -3.64523E-01
1.01772E+01 -2.98472E-01
1.01129E+01 -2.32373E-01
1.00462E+01 -1.66282E-01
9.97726E+00 -1.00258E-01
9.90618E+00 -3.43569E-02
9.83312E+00 3.23963E-02
9.75826E+00 9.89118E-02
9.68174E+00 1.65135E-01
9.60374E+00 2.31013E-01
9.52445E+00 2.97529E-01
9.44405E+00 3.62584E-01
9.36273E+00 4.28146E-01
9.28071E+00 4.94060E-01
9.19818E+00 5.59249E-01
9.11536E+00 6.23663E-01
9.03247E+00 6.87249E-01
8.94975E+00 7.50985E-01
8.86743E+00 8.13780E-01
8.78574E+00 8.76611E-01
8.70493E+00 9.38390E-01
8.62526E+00 9.99071E-01
8.54697E+00 1.06068E+00
8.47032E+00 1.12009E+00
8.39557E+00 1.17918E+00
8.32297E+00 1.23784E+00
8.25280E+00 1.29500E+00
8.18529E+00 1.35165E+00
8.12071E+00 1.40775E+00
8.05930E+00 1.46221E+00
8.00132E+00 1.51602E+00
7.94699E+00 1.56810E+00
7.89654E+00 1.61946E+00
7.85018E+00 1.67007E+00
7.80812E+00 1.71971E+00
7.77054E+00 1.76830E+00
7.73761E+00 1.81477E+00
7.70949E+00 1.86014E+00
7.68629E+00 1.90436E+00
7.66813E+00 1.94738E+00
7.65510E+00 1.98918E+00
7.64726E+00 2.02972E+00
7.64464E+00 2.06900E+00
