Will plot unflagged data


File # 1  = raise.vis
raise.vis 0.4786 GHz
Read 121 visibilities from all files

Baseline 1-5, plot 121 points
3.14268E+00 2.94894E+00
3.14376E+00 2.94893E+00
3.14698E+00 2.94890E+00
3.15234E+00 2.94884E+00
3.15980E+00 2.94877E+00
3.16934E+00 2.94868E+00
3.18090E+00 2.94856E+00
3.19444E+00 2.94843E+00
3.20989E+00 2.94827E+00
3.22718E+00 2.94809E+00
3.24623E+00 2.94790E+00
3.26697E+00 2.94768E+00
3.28931E+00 2.94746E+00
3.31315E+00 2.94720E+00
3.33839E+00 2.94694E+00
3.36494E+00 2.94666E+00
3.39269E+00 2.94637E+00
3.42154E+00 2.94606E+00
3.45138E+00 2.94573E+00
3.48211E+00 2.94541E+00
3.51362E+00 2.94505E+00
3.54581E+00 2.94470E+00
3.57856E+00 2.94434E+00
3.61178E+00 2.94399E+00
3.64536E+00 2.94360E+00
3.67921E+00 2.94323E+00
3.71321E+00 2.94285E+00
3.74729E+00 2.94246E+00
3.78133E+00 2.94209E+00
3.81526E+00 2.94167E+00
3.84898E+00 2.94128E+00
3.88241E+00 2.94092E+00
3.91546E+00 2.94051E+00
3.94806E+00 2.94013E+00
3.98012E+00 2.93978E+00
4.01158E+00 2.93939E+00
4.04236E+00 2.93903E+00
4.07239E+00 2.93866E+00
4.10161E+00 2.93833E+00
4.12996E+00 2.93799E+00
4.15738E+00 2.93765E+00
4.18380E+00 2.93731E+00
4.20919E+00 2.93700E+00
4.23348E+00 2.93669E+00
4.25664E+00 2.93643E+00
4.27861E+00 2.93615E+00
4.29936E+00 2.93588E+00
4.31884E+00 2.93565E+00
4.33702E+00 2.93542E+00
4.35387E+00 2.93524E+00
4.36936E+00 2.93505E+00
4.38345E+00 2.93486E+00
4.39613E+00 2.93467E+00
4.40737E+00 2.93453E+00
4.41715E+00 2.93444E+00
4.42545E+00 2.93434E+00
4.43226E+00 2.93425E+00
4.43758E+00 2.93415E+00
4.44138E+00 2.93410E+00
4.44366E+00 2.93410E+00
4.44442E+00 2.93410E+00
4.44366E+00 2.93410E+00
4.44138E+00 2.93410E+00
4.43758E+00 2.93415E+00
4.43227E+00 2.93425E+00
4.42545E+00 2.93434E+00
4.41715E+00 2.93444E+00
4.40737E+00 2.93453E+00
4.39613E+00 2.93467E+00
4.38345E+00 2.93486E+00
4.36936E+00 2.93505E+00
4.35387E+00 2.93524E+00
4.33702E+00 2.93542E+00
4.31884E+00 2.93565E+00
4.29936E+00 2.93588E+00
4.27861E+00 2.93616E+00
4.25664E+00 2.93643E+00
4.23348E+00 2.93669E+00
4.20919E+00 2.93700E+00
4.18380E+00 2.93731E+00
4.15738E+00 2.93765E+00
4.12996E+00 2.93799E+00
4.10161E+00 2.93833E+00
4.07239E+00 2.93866E+00
4.04236E+00 2.93903E+00
4.01158E+00 2.93939E+00
3.98012E+00 2.93978E+00
3.94806E+00 2.94013E+00
3.91546E+00 2.94051E+00
3.88241E+00 2.94092E+00
3.84898E+00 2.94128E+00
3.81526E+00 2.94167E+00
3.78133E+00 2.94209E+00
3.74729E+00 2.94246E+00
3.71321E+00 2.94285E+00
3.67921E+00 2.94323E+00
3.64536E+00 2.94360E+00
3.61178E+00 2.94399E+00
3.57856E+00 2.94434E+00
3.54581E+00 2.94470E+00
3.51363E+00 2.94505E+00
3.48212E+00 2.94541E+00
3.45139E+00 2.94573E+00
3.42154E+00 2.94606E+00
3.39269E+00 2.94637E+00
3.36494E+00 2.94666E+00
3.33839E+00 2.94694E+00
3.31315E+00 2.94720E+00
3.28931E+00 2.94746E+00
3.26698E+00 2.94768E+00
3.24624E+00 2.94790E+00
3.22718E+00 2.94809E+00
3.20989E+00 2.94827E+00
3.19444E+00 2.94843E+00
3.18090E+00 2.94856E+00
3.16934E+00 2.94868E+00
3.15980E+00 2.94877E+00
3.15234E+00 2.94884E+00
3.14698E+00 2.94890E+00
3.14376E+00 2.94893E+00
3.14268E+00 2.94894E+00
