Will plot unflagged data


File # 1  = raise.vis
raise.vis 0.4786 GHz
Read 121 visibilities from all files

Baseline 1-5, plot 121 points
3.14268E+00 -8.50561E-01
3.14376E+00 -8.66363E-01
3.14698E+00 -8.80506E-01
3.15234E+00 -8.95032E-01
3.15980E+00 -9.08897E-01
3.16934E+00 -9.22085E-01
3.18090E+00 -9.34578E-01
3.19444E+00 -9.46360E-01
3.20989E+00 -9.57413E-01
3.22718E+00 -9.67722E-01
3.24623E+00 -9.77269E-01
3.26697E+00 -9.86038E-01
3.28931E+00 -9.95048E-01
3.31315E+00 -1.00222E+00
3.33839E+00 -1.00959E+00
3.36494E+00 -1.01613E+00
3.39269E+00 -1.02182E+00
3.42154E+00 -1.02665E+00
3.45138E+00 -1.03060E+00
3.48211E+00 -1.03469E+00
3.51362E+00 -1.03686E+00
3.54581E+00 -1.03915E+00
3.57856E+00 -1.04053E+00
3.61178E+00 -1.04201E+00
3.64536E+00 -1.04154E+00
3.67921E+00 -1.04113E+00
3.71321E+00 -1.03974E+00
3.74729E+00 -1.03737E+00
3.78133E+00 -1.03504E+00
3.81526E+00 -1.03068E+00
3.84898E+00 -1.02636E+00
3.88241E+00 -1.02207E+00
3.91546E+00 -1.01574E+00
3.94806E+00 -1.00944E+00
3.98012E+00 -1.00317E+00
4.01158E+00 -9.94848E-01
4.04236E+00 -9.86553E-01
4.07239E+00 -9.77248E-01
4.10161E+00 -9.67966E-01
4.12996E+00 -9.57674E-01
4.15738E+00 -9.46375E-01
4.18380E+00 -9.34070E-01
4.20919E+00 -9.21796E-01
4.23348E+00 -9.08522E-01
4.25664E+00 -8.95287E-01
4.27861E+00 -8.81061E-01
4.29936E+00 -8.65851E-01
4.31884E+00 -8.50696E-01
4.33702E+00 -8.34570E-01
4.35387E+00 -8.18511E-01
4.36936E+00 -8.01498E-01
4.38345E+00 -7.83537E-01
4.39613E+00 -7.64639E-01
4.40737E+00 -7.45846E-01
4.41715E+00 -7.27169E-01
4.42545E+00 -7.07586E-01
4.43226E+00 -6.87110E-01
4.43758E+00 -6.65753E-01
4.44138E+00 -6.44562E-01
4.44366E+00 -6.23548E-01
4.44442E+00 -6.01695E-01
4.44366E+00 -5.79018E-01
4.44138E+00 -5.55532E-01
4.43758E+00 -5.32285E-01
4.43227E+00 -5.09295E-01
4.42545E+00 -4.85545E-01
4.41715E+00 -4.61055E-01
4.40737E+00 -4.35841E-01
4.39613E+00 -4.10956E-01
4.38345E+00 -3.86418E-01
4.36936E+00 -3.61215E-01
4.35387E+00 -3.35367E-01
4.33702E+00 -3.08894E-01
4.31884E+00 -2.82850E-01
4.29936E+00 -2.56224E-01
4.27861E+00 -2.30070E-01
4.25664E+00 -2.03378E-01
4.23348E+00 -1.76171E-01
4.20919E+00 -1.49503E-01
4.18380E+00 -1.22365E-01
4.15738E+00 -9.58143E-02
4.12996E+00 -6.88408E-02
4.10161E+00 -4.14690E-02
4.07239E+00 -1.37227E-02
4.04236E+00 1.33404E-02
4.01158E+00 4.07287E-02
3.98012E+00 6.73847E-02
3.94806E+00 9.53488E-02
3.91546E+00 1.22531E-01
3.88241E+00 1.48907E-01
3.84898E+00 1.76515E-01
3.81526E+00 2.03267E-01
3.78133E+00 2.29140E-01
3.74729E+00 2.56171E-01
3.71321E+00 2.82274E-01
3.67921E+00 3.08457E-01
3.64536E+00 3.34694E-01
3.61178E+00 3.59923E-01
3.57856E+00 3.86148E-01
3.54581E+00 4.11290E-01
3.51363E+00 4.36352E-01
3.48212E+00 4.60281E-01
3.45139E+00 4.85111E-01
3.42154E+00 5.08759E-01
3.39269E+00 5.32229E-01
3.36494E+00 5.55497E-01
3.33839E+00 5.78539E-01
3.31315E+00 6.01330E-01
3.28931E+00 6.22813E-01
3.26698E+00 6.45028E-01
3.24624E+00 6.65886E-01
3.22718E+00 6.86395E-01
3.20989E+00 7.06532E-01
3.19444E+00 7.26274E-01
3.18090E+00 7.45597E-01
3.16934E+00 7.64481E-01
3.15980E+00 7.82903E-01
3.15234E+00 8.00843E-01
3.14698E+00 8.18282E-01
3.14376E+00 8.34174E-01
3.14268E+00 8.50557E-01
