Will plot unflagged data


File # 1  = raise.vis
raise.vis 4.7863 GHz
Read 121 visibilities from all files

Baseline 1-2, plot 121 points
1.72675E+00 -1.25108E-01
1.72734E+00 -1.27646E-01
1.72911E+00 -1.30094E-01
1.73205E+00 -1.31423E-01
1.73616E+00 -1.33683E-01
1.74139E+00 -1.35844E-01
1.74775E+00 -1.37905E-01
1.75519E+00 -1.38834E-01
1.76367E+00 -1.40683E-01
1.77317E+00 -1.42422E-01
1.78365E+00 -1.44050E-01
1.79504E+00 -1.45563E-01
1.80731E+00 -1.45930E-01
1.82041E+00 -1.47206E-01
1.83428E+00 -1.48361E-01
1.84887E+00 -1.49392E-01
1.86412E+00 -1.50297E-01
1.87997E+00 -1.51074E-01
1.89636E+00 -1.51721E-01
1.91325E+00 -1.52236E-01
1.93056E+00 -1.52618E-01
1.94825E+00 -1.52864E-01
1.96624E+00 -1.52974E-01
1.98449E+00 -1.52946E-01
2.00295E+00 -1.53808E-01
2.02154E+00 -1.53499E-01
2.04023E+00 -1.53048E-01
2.05895E+00 -1.52454E-01
2.07766E+00 -1.52746E-01
2.09630E+00 -1.51863E-01
2.11483E+00 -1.50834E-01
2.13319E+00 -1.50689E-01
2.15135E+00 -1.49367E-01
2.16926E+00 -1.48927E-01
2.18688E+00 -1.47309E-01
2.20416E+00 -1.46573E-01
2.22108E+00 -1.45689E-01
2.23758E+00 -1.43625E-01
2.25363E+00 -1.42444E-01
2.26921E+00 -1.41114E-01
2.28427E+00 -1.39636E-01
2.29879E+00 -1.38011E-01
2.31274E+00 -1.36237E-01
2.32609E+00 -1.34317E-01
2.33881E+00 -1.32250E-01
2.35088E+00 -1.30038E-01
2.36228E+00 -1.27681E-01
2.37299E+00 -1.25179E-01
2.38298E+00 -1.22535E-01
2.39224E+00 -1.20781E-01
2.40075E+00 -1.17854E-01
2.40849E+00 -1.15820E-01
2.41546E+00 -1.12616E-01
2.42163E+00 -1.10307E-01
2.42700E+00 -1.06832E-01
2.43157E+00 -1.04255E-01
2.43531E+00 -1.01547E-01
2.43823E+00 -9.76775E-02
2.44032E+00 -9.47122E-02
2.44157E+00 -9.16214E-02
2.44199E+00 -8.84071E-02
2.44157E+00 -8.50716E-02
2.44032E+00 -8.16170E-02
2.43823E+00 -7.80459E-02
2.43531E+00 -7.53924E-02
2.43157E+00 -7.15955E-02
2.42700E+00 -6.76896E-02
2.42163E+00 -6.47090E-02
2.41546E+00 -6.05931E-02
2.40849E+00 -5.74082E-02
2.40075E+00 -5.30936E-02
2.39224E+00 -4.97158E-02
2.38298E+00 -4.52144E-02
2.37299E+00 -4.16558E-02
2.36228E+00 -3.80115E-02
2.35089E+00 -3.42848E-02
2.33881E+00 -3.04787E-02
2.32609E+00 -2.65967E-02
2.31274E+00 -2.26421E-02
2.29879E+00 -1.86184E-02
2.28427E+00 -1.45290E-02
2.26921E+00 -1.03774E-02
2.25363E+00 -6.16721E-03
2.23758E+00 -1.90194E-03
2.22108E+00 1.38354E-03
2.20416E+00 5.74801E-03
2.18688E+00 1.01566E-02
2.16926E+00 1.35743E-02
2.15135E+00 1.80598E-02
2.13319E+00 2.15472E-02
2.11483E+00 2.60945E-02
2.09630E+00 2.96362E-02
2.07766E+00 3.31994E-02
2.05895E+00 3.78108E-02
2.04023E+00 4.14054E-02
2.02154E+00 4.50098E-02
2.00295E+00 4.86203E-02
1.98450E+00 5.32630E-02
1.96624E+00 5.68738E-02
1.94825E+00 6.04790E-02
1.93056E+00 6.40748E-02
1.91325E+00 6.76572E-02
1.89637E+00 7.12224E-02
1.87997E+00 7.47666E-02
1.86412E+00 7.82859E-02
1.84887E+00 8.17764E-02
1.83428E+00 8.52346E-02
1.82041E+00 8.86564E-02
1.80731E+00 9.20383E-02
1.79504E+00 9.43483E-02
1.78365E+00 9.76392E-02
1.77318E+00 1.00879E-01
1.76367E+00 1.04064E-01
1.75519E+00 1.07191E-01
1.74775E+00 1.09230E-01
1.74140E+00 1.12230E-01
1.73616E+00 1.15161E-01
1.73205E+00 1.18020E-01
1.72911E+00 1.19778E-01
1.72734E+00 1.22484E-01
1.72675E+00 1.25107E-01
