Will plot unflagged data


File # 1  = raise.vis
raise.vis 0.4786 GHz
Read 121 visibilities from all files

Baseline 1-3, plot 121 points
1.95122E+00 1.91414E-01
1.95189E+00 1.91414E-01
1.95390E+00 1.91414E-01
1.95722E+00 1.91413E-01
1.96186E+00 1.91413E-01
1.96778E+00 1.91413E-01
1.97496E+00 1.91412E-01
1.98336E+00 1.91412E-01
1.99295E+00 1.91411E-01
2.00369E+00 1.91410E-01
2.01552E+00 1.91409E-01
2.02840E+00 1.91409E-01
2.04226E+00 1.91408E-01
2.05706E+00 1.91407E-01
2.07274E+00 1.91406E-01
2.08922E+00 1.91405E-01
2.10645E+00 1.91403E-01
2.12436E+00 1.91402E-01
2.14289E+00 1.91401E-01
2.16197E+00 1.91399E-01
2.18154E+00 1.91398E-01
2.20152E+00 1.91397E-01
2.22185E+00 1.91395E-01
2.24248E+00 1.91394E-01
2.26333E+00 1.91392E-01
2.28434E+00 1.91390E-01
2.30546E+00 1.91389E-01
2.32661E+00 1.91387E-01
2.34775E+00 1.91386E-01
2.36882E+00 1.91384E-01
2.38975E+00 1.91383E-01
2.41051E+00 1.91381E-01
2.43103E+00 1.91380E-01
2.45127E+00 1.91378E-01
2.47117E+00 1.91376E-01
2.49071E+00 1.91374E-01
2.50982E+00 1.91373E-01
2.52846E+00 1.91371E-01
2.54660E+00 1.91370E-01
2.56421E+00 1.91368E-01
2.58123E+00 1.91367E-01
2.59764E+00 1.91366E-01
2.61340E+00 1.91364E-01
2.62848E+00 1.91363E-01
2.64286E+00 1.91362E-01
2.65650E+00 1.91360E-01
2.66938E+00 1.91359E-01
2.68148E+00 1.91358E-01
2.69277E+00 1.91358E-01
2.70323E+00 1.91356E-01
2.71284E+00 1.91355E-01
2.72159E+00 1.91355E-01
2.72946E+00 1.91354E-01
2.73644E+00 1.91353E-01
2.74251E+00 1.91352E-01
2.74767E+00 1.91353E-01
2.75190E+00 1.91352E-01
2.75520E+00 1.91352E-01
2.75756E+00 1.91352E-01
2.75898E+00 1.91351E-01
2.75945E+00 1.91351E-01
2.75898E+00 1.91351E-01
2.75756E+00 1.91352E-01
2.75520E+00 1.91352E-01
2.75190E+00 1.91352E-01
2.74767E+00 1.91353E-01
2.74251E+00 1.91352E-01
2.73644E+00 1.91353E-01
2.72947E+00 1.91354E-01
2.72159E+00 1.91355E-01
2.71284E+00 1.91355E-01
2.70323E+00 1.91356E-01
2.69277E+00 1.91358E-01
2.68148E+00 1.91358E-01
2.66938E+00 1.91359E-01
2.65650E+00 1.91360E-01
2.64286E+00 1.91362E-01
2.62848E+00 1.91363E-01
2.61340E+00 1.91364E-01
2.59764E+00 1.91366E-01
2.58123E+00 1.91367E-01
2.56421E+00 1.91368E-01
2.54661E+00 1.91369E-01
2.52846E+00 1.91371E-01
2.50982E+00 1.91373E-01
2.49071E+00 1.91374E-01
2.47118E+00 1.91376E-01
2.45127E+00 1.91378E-01
2.43103E+00 1.91380E-01
2.41051E+00 1.91381E-01
2.38975E+00 1.91383E-01
2.36882E+00 1.91384E-01
2.34775E+00 1.91386E-01
2.32661E+00 1.91387E-01
2.30546E+00 1.91389E-01
2.28434E+00 1.91391E-01
2.26333E+00 1.91392E-01
2.24248E+00 1.91394E-01
2.22186E+00 1.91395E-01
2.20152E+00 1.91397E-01
2.18154E+00 1.91398E-01
2.16197E+00 1.91399E-01
2.14289E+00 1.91401E-01
2.12436E+00 1.91402E-01
2.10645E+00 1.91403E-01
2.08922E+00 1.91405E-01
2.07274E+00 1.91406E-01
2.05706E+00 1.91407E-01
2.04226E+00 1.91408E-01
2.02840E+00 1.91409E-01
2.01552E+00 1.91409E-01
2.00369E+00 1.91410E-01
1.99295E+00 1.91411E-01
1.98336E+00 1.91412E-01
1.97496E+00 1.91412E-01
1.96778E+00 1.91413E-01
1.96186E+00 1.91413E-01
1.95722E+00 1.91413E-01
1.95390E+00 1.91414E-01
1.95189E+00 1.91414E-01
1.95122E+00 1.91414E-01
