Will plot unflagged data


File # 1  = raise.vis
raise.vis 0.4786 GHz
Read 121 visibilities from all files

Baseline 1-3, plot 121 points
1.95122E+00 -2.46001E-01
1.95189E+00 -2.50921E-01
1.95390E+00 -2.54638E-01
1.95722E+00 -2.59198E-01
1.96186E+00 -2.62542E-01
1.96778E+00 -2.66718E-01
1.97496E+00 -2.70695E-01
1.98336E+00 -2.73438E-01
1.99295E+00 -2.76998E-01
2.00369E+00 -2.80343E-01
2.01552E+00 -2.82438E-01
2.02840E+00 -2.85336E-01
2.04226E+00 -2.88003E-01
2.05706E+00 -2.90436E-01
2.07274E+00 -2.92629E-01
2.08922E+00 -2.93548E-01
2.10645E+00 -2.95249E-01
2.12436E+00 -2.96699E-01
2.14289E+00 -2.97893E-01
2.16197E+00 -2.98829E-01
2.18154E+00 -3.00533E-01
2.20152E+00 -3.00940E-01
2.22185E+00 -3.01078E-01
2.24248E+00 -3.00945E-01
2.26333E+00 -3.01569E-01
2.28434E+00 -3.00884E-01
2.30546E+00 -3.00953E-01
2.32661E+00 -2.99707E-01
2.34775E+00 -2.99211E-01
2.36882E+00 -2.98430E-01
2.38975E+00 -2.97362E-01
2.41051E+00 -2.96007E-01
2.43103E+00 -2.94362E-01
2.45127E+00 -2.92427E-01
2.47117E+00 -2.90201E-01
2.49071E+00 -2.87684E-01
2.50982E+00 -2.85907E-01
2.52846E+00 -2.82806E-01
2.54660E+00 -2.79412E-01
2.56421E+00 -2.76760E-01
2.58123E+00 -2.73816E-01
2.59764E+00 -2.70582E-01
2.61340E+00 -2.67057E-01
2.62848E+00 -2.63244E-01
2.64286E+00 -2.59142E-01
2.65650E+00 -2.54755E-01
2.66938E+00 -2.50082E-01
2.68148E+00 -2.46159E-01
2.69277E+00 -2.41956E-01
2.70323E+00 -2.36440E-01
2.71284E+00 -2.31681E-01
2.72159E+00 -2.26648E-01
2.72946E+00 -2.21344E-01
2.73644E+00 -2.15771E-01
2.74251E+00 -2.09934E-01
2.74767E+00 -2.04867E-01
2.75190E+00 -1.98509E-01
2.75520E+00 -1.92929E-01
2.75756E+00 -1.87099E-01
2.75898E+00 -1.79988E-01
2.75945E+00 -1.73668E-01
2.75898E+00 -1.67109E-01
2.75756E+00 -1.61349E-01
2.75520E+00 -1.54327E-01
2.75190E+00 -1.47081E-01
2.74767E+00 -1.40648E-01
2.74251E+00 -1.32968E-01
2.73644E+00 -1.26111E-01
2.72947E+00 -1.19051E-01
2.72159E+00 -1.11793E-01
2.71284E+00 -1.04342E-01
2.70323E+00 -9.67043E-02
2.69277E+00 -8.99190E-02
2.68148E+00 -8.19261E-02
2.66938E+00 -7.37647E-02
2.65650E+00 -6.64740E-02
2.64286E+00 -5.90276E-02
2.62848E+00 -5.14319E-02
2.61340E+00 -4.36936E-02
2.59764E+00 -3.58194E-02
2.58123E+00 -2.78160E-02
2.56421E+00 -1.96904E-02
2.54661E+00 -1.14497E-02
2.52846E+00 -4.13355E-03
2.50982E+00 3.28361E-03
2.49071E+00 1.18275E-02
2.47118E+00 1.94251E-02
2.45127E+00 2.71021E-02
2.43103E+00 3.48509E-02
2.41051E+00 4.26643E-02
2.38975E+00 5.05347E-02
2.36882E+00 5.84545E-02
2.34775E+00 6.64164E-02
2.32661E+00 7.44128E-02
2.30546E+00 8.14035E-02
2.28434E+00 8.94459E-02
2.26333E+00 9.64676E-02
2.24248E+00 1.04526E-01
2.22186E+00 1.11548E-01
2.20152E+00 1.18559E-01
2.18154E+00 1.25552E-01
2.16197E+00 1.33550E-01
2.14289E+00 1.40482E-01
2.12436E+00 1.47373E-01
2.10645E+00 1.54216E-01
2.08922E+00 1.61002E-01
2.07274E+00 1.66693E-01
2.05706E+00 1.73344E-01
2.04226E+00 1.79917E-01
2.02840E+00 1.86404E-01
2.01552E+00 1.92799E-01
2.00369E+00 1.98063E-01
1.99295E+00 2.04251E-01
1.98336E+00 2.10324E-01
1.97496E+00 2.15248E-01
1.96778E+00 2.21073E-01
1.96186E+00 2.26764E-01
1.95722E+00 2.31286E-01
1.95390E+00 2.36689E-01
1.95189E+00 2.40911E-01
1.95122E+00 2.45999E-01
