Will plot unflagged data


File # 1  = raise.vis
raise.vis 0.1514 GHz
Read 121 visibilities from all files

Baseline 3-5, plot 121 points
3.76771E-01 -4.61273E-02
3.76901E-01 -4.67936E-02
3.77287E-01 -4.74269E-02
3.77929E-01 -4.90521E-02
3.78824E-01 -4.96164E-02
3.79967E-01 -5.01445E-02
3.81354E-01 -5.06352E-02
3.82977E-01 -5.10877E-02
3.84829E-01 -5.15008E-02
3.86902E-01 -5.28999E-02
3.89186E-01 -5.32315E-02
3.91673E-01 -5.35208E-02
3.94351E-01 -5.37671E-02
3.97208E-01 -5.39693E-02
4.00235E-01 -5.51535E-02
4.03418E-01 -5.52653E-02
4.06745E-01 -5.53308E-02
4.10204E-01 -5.53491E-02
4.13781E-01 -5.63466E-02
4.17466E-01 -5.62685E-02
4.21243E-01 -5.61412E-02
4.25102E-01 -5.59641E-02
4.29029E-01 -5.67640E-02
4.33011E-01 -5.64855E-02
4.37037E-01 -5.61557E-02
4.41095E-01 -5.68015E-02
4.45172E-01 -5.63673E-02
4.49257E-01 -5.58804E-02
4.53338E-01 -5.63681E-02
4.57406E-01 -5.57746E-02
4.61449E-01 -5.61552E-02
4.65456E-01 -5.54539E-02
4.69419E-01 -5.46983E-02
4.73327E-01 -5.49164E-02
4.77171E-01 -5.40518E-02
4.80942E-01 -5.41608E-02
4.84632E-01 -5.31867E-02
4.88233E-01 -5.31862E-02
4.91736E-01 -5.21026E-02
4.95135E-01 -5.19926E-02
4.98422E-01 -5.18280E-02
5.01590E-01 -5.05804E-02
5.04634E-01 -5.03069E-02
5.07546E-01 -4.89506E-02
5.10322E-01 -4.85690E-02
5.12956E-01 -4.81336E-02
5.15444E-01 -4.66162E-02
5.17779E-01 -4.60744E-02
5.19959E-01 -4.54798E-02
5.21979E-01 -4.48330E-02
5.23836E-01 -4.31056E-02
5.25526E-01 -4.23556E-02
5.27046E-01 -4.15547E-02
5.28393E-01 -4.07035E-02
5.29565E-01 -3.98026E-02
5.30561E-01 -3.88526E-02
5.31378E-01 -3.78541E-02
5.32015E-01 -3.57792E-02
5.32470E-01 -3.46859E-02
5.32744E-01 -3.35463E-02
5.32835E-01 -3.23612E-02
5.32744E-01 -3.11314E-02
5.32470E-01 -2.98577E-02
5.32015E-01 -2.85411E-02
5.31378E-01 -2.82111E-02
5.30561E-01 -2.68112E-02
5.29565E-01 -2.53711E-02
5.28393E-01 -2.38917E-02
5.27046E-01 -2.23742E-02
5.25526E-01 -2.08195E-02
5.23836E-01 -1.92288E-02
5.21980E-01 -1.86317E-02
5.19959E-01 -1.69721E-02
5.17780E-01 -1.52797E-02
5.15444E-01 -1.35557E-02
5.12957E-01 -1.28299E-02
5.10322E-01 -1.10463E-02
5.07546E-01 -9.23468E-03
5.04634E-01 -8.42486E-03
5.01590E-01 -6.56102E-03
4.98422E-01 -5.70147E-03
4.95135E-01 -3.79053E-03
4.91736E-01 -1.85799E-03
4.88233E-01 -9.33528E-04
4.84633E-01 1.03823E-03
4.80943E-01 1.99930E-03
4.77171E-01 4.00487E-03
4.73327E-01 4.99710E-03
4.69419E-01 7.03099E-03
4.65457E-01 8.04887E-03
4.61449E-01 9.07751E-03
4.57406E-01 1.11434E-02
4.53339E-01 1.21892E-02
4.49257E-01 1.42694E-02
4.45172E-01 1.53267E-02
4.41095E-01 1.63877E-02
4.37037E-01 1.84786E-02
4.33011E-01 1.95426E-02
4.29029E-01 2.06059E-02
4.25102E-01 2.26946E-02
4.21243E-01 2.37522E-02
4.17466E-01 2.48050E-02
4.13782E-01 2.58514E-02
4.10204E-01 2.79171E-02
4.06745E-01 2.89465E-02
4.03418E-01 2.99653E-02
4.00235E-01 3.09721E-02
3.97209E-01 3.29922E-02
3.94351E-01 3.39708E-02
3.91673E-01 3.49332E-02
3.89187E-01 3.58781E-02
3.86902E-01 3.68042E-02
3.84829E-01 3.87363E-02
3.82977E-01 3.96206E-02
3.81354E-01 4.04820E-02
3.79968E-01 4.13193E-02
3.78824E-01 4.21312E-02
3.77929E-01 4.29166E-02
3.77287E-01 4.46997E-02
3.76901E-01 4.54279E-02
3.76771E-01 4.61258E-02
