Will plot unflagged data


File # 1  = raise.vis
raise.vis 0.4786 GHz
Read 121 visibilities from all files

Baseline 2-5, plot 121 points
2.97001E+00 -3.63607E-01
2.97102E+00 -3.69762E-01
2.97407E+00 -3.76680E-01
2.97913E+00 -3.82298E-01
2.98619E+00 -3.88664E-01
2.99520E+00 -3.93713E-01
3.00613E+00 -3.99495E-01
3.01892E+00 -4.04973E-01
3.03352E+00 -4.09108E-01
3.04986E+00 -4.13954E-01
3.06787E+00 -4.17443E-01
3.08747E+00 -4.21629E-01
3.10858E+00 -4.25474E-01
3.13111E+00 -4.28972E-01
3.15496E+00 -4.32116E-01
3.18005E+00 -4.34900E-01
3.20628E+00 -4.37317E-01
3.23354E+00 -4.39364E-01
3.26175E+00 -4.41032E-01
3.29079E+00 -4.42318E-01
3.32057E+00 -4.43216E-01
3.35098E+00 -4.44755E-01
3.38194E+00 -4.44864E-01
3.41333E+00 -4.45604E-01
3.44507E+00 -4.44906E-01
3.47705E+00 -4.44833E-01
3.50919E+00 -4.44347E-01
3.54139E+00 -4.43445E-01
3.57357E+00 -4.42125E-01
3.60563E+00 -4.40384E-01
3.63750E+00 -4.39253E-01
3.66909E+00 -4.36663E-01
3.70033E+00 -4.34679E-01
3.73113E+00 -4.31234E-01
3.76143E+00 -4.28391E-01
3.79116E+00 -4.25119E-01
3.82025E+00 -4.21415E-01
3.84863E+00 -4.17279E-01
3.87625E+00 -4.13745E-01
3.90304E+00 -4.08747E-01
3.92895E+00 -4.04351E-01
3.95392E+00 -3.99526E-01
3.97791E+00 -3.94272E-01
4.00087E+00 -3.88591E-01
4.02276E+00 -3.82485E-01
4.04352E+00 -3.76988E-01
4.06313E+00 -3.70038E-01
4.08154E+00 -3.63702E-01
4.09872E+00 -3.56950E-01
4.11465E+00 -3.49787E-01
4.12928E+00 -3.42215E-01
4.14260E+00 -3.35271E-01
4.15458E+00 -3.26893E-01
4.16520E+00 -3.19151E-01
4.17445E+00 -3.11017E-01
4.18229E+00 -3.02496E-01
4.18873E+00 -2.93594E-01
4.19375E+00 -2.84315E-01
4.19735E+00 -2.75697E-01
4.19950E+00 -2.66713E-01
4.20022E+00 -2.57372E-01
4.19950E+00 -2.47677E-01
4.19735E+00 -2.37637E-01
4.19375E+00 -2.27258E-01
4.18873E+00 -2.17579E-01
4.18229E+00 -2.07576E-01
4.17445E+00 -1.97256E-01
4.16520E+00 -1.86627E-01
4.15458E+00 -1.75697E-01
4.14260E+00 -1.65506E-01
4.12928E+00 -1.53999E-01
4.11465E+00 -1.43248E-01
4.09873E+00 -1.32230E-01
4.08154E+00 -1.20954E-01
4.06313E+00 -1.09428E-01
4.04352E+00 -9.86961E-02
4.02276E+00 -8.67012E-02
4.00088E+00 -7.55183E-02
3.97792E+00 -6.41248E-02
3.95392E+00 -5.25306E-02
3.92895E+00 -4.07456E-02
3.90304E+00 -2.87803E-02
3.87625E+00 -1.76774E-02
3.84863E+00 -5.38216E-03
3.82025E+00 6.02943E-03
3.79116E+00 1.75796E-02
3.76144E+00 2.92575E-02
3.73113E+00 4.10524E-02
3.70033E+00 5.19203E-02
3.66909E+00 6.39164E-02
3.63750E+00 7.49634E-02
3.60563E+00 8.71164E-02
3.57357E+00 9.82983E-02
3.54139E+00 1.09531E-01
3.50919E+00 1.20803E-01
3.47705E+00 1.32103E-01
3.44507E+00 1.43420E-01
3.41333E+00 1.53710E-01
3.38194E+00 1.65027E-01
3.35099E+00 1.75295E-01
3.32057E+00 1.86567E-01
3.29079E+00 1.96768E-01
3.26175E+00 2.06918E-01
3.23355E+00 2.17007E-01
3.20628E+00 2.27023E-01
3.18005E+00 2.36956E-01
3.15496E+00 2.46795E-01
3.13111E+00 2.56528E-01
3.10858E+00 2.66145E-01
3.08747E+00 2.75636E-01
3.06787E+00 2.84989E-01
3.04986E+00 2.93164E-01
3.03352E+00 3.02212E-01
3.01892E+00 3.10062E-01
3.00613E+00 3.18764E-01
2.99520E+00 3.27277E-01
2.98619E+00 3.34564E-01
2.97913E+00 3.42672E-01
2.97407E+00 3.49536E-01
2.97102E+00 3.57201E-01
2.97001E+00 3.63605E-01
