Will plot unflagged data


File # 1  = raise.vis
raise.vis 0.4786 GHz
Read 121 visibilities from all files

Baseline 2-5, plot 121 points
2.97001E+00 4.02490E-01
2.97102E+00 4.02489E-01
2.97407E+00 4.02489E-01
2.97913E+00 4.02487E-01
2.98619E+00 4.02485E-01
2.99520E+00 4.02483E-01
3.00613E+00 4.02480E-01
3.01892E+00 4.02477E-01
3.03352E+00 4.02473E-01
3.04986E+00 4.02469E-01
3.06787E+00 4.02464E-01
3.08747E+00 4.02459E-01
3.10858E+00 4.02453E-01
3.13111E+00 4.02448E-01
3.15496E+00 4.02441E-01
3.18005E+00 4.02435E-01
3.20628E+00 4.02428E-01
3.23354E+00 4.02420E-01
3.26175E+00 4.02412E-01
3.29079E+00 4.02404E-01
3.32057E+00 4.02395E-01
3.35098E+00 4.02387E-01
3.38194E+00 4.02377E-01
3.41333E+00 4.02369E-01
3.44507E+00 4.02358E-01
3.47705E+00 4.02349E-01
3.50919E+00 4.02340E-01
3.54139E+00 4.02330E-01
3.57357E+00 4.02320E-01
3.60563E+00 4.02310E-01
3.63750E+00 4.02302E-01
3.66909E+00 4.02291E-01
3.70033E+00 4.02282E-01
3.73113E+00 4.02270E-01
3.76143E+00 4.02261E-01
3.79116E+00 4.02252E-01
3.82025E+00 4.02242E-01
3.84863E+00 4.02232E-01
3.87625E+00 4.02224E-01
3.90304E+00 4.02214E-01
3.92895E+00 4.02206E-01
3.95392E+00 4.02199E-01
3.97791E+00 4.02190E-01
4.00087E+00 4.02182E-01
4.02276E+00 4.02174E-01
4.04352E+00 4.02169E-01
4.06313E+00 4.02160E-01
4.08154E+00 4.02155E-01
4.09872E+00 4.02149E-01
4.11465E+00 4.02143E-01
4.12928E+00 4.02137E-01
4.14260E+00 4.02134E-01
4.15458E+00 4.02129E-01
4.16520E+00 4.02126E-01
4.17445E+00 4.02123E-01
4.18229E+00 4.02120E-01
4.18873E+00 4.02117E-01
4.19375E+00 4.02114E-01
4.19735E+00 4.02114E-01
4.19950E+00 4.02114E-01
4.20022E+00 4.02114E-01
4.19950E+00 4.02114E-01
4.19735E+00 4.02114E-01
4.19375E+00 4.02114E-01
4.18873E+00 4.02117E-01
4.18229E+00 4.02120E-01
4.17445E+00 4.02123E-01
4.16520E+00 4.02126E-01
4.15458E+00 4.02129E-01
4.14260E+00 4.02134E-01
4.12928E+00 4.02137E-01
4.11465E+00 4.02143E-01
4.09873E+00 4.02149E-01
4.08154E+00 4.02155E-01
4.06313E+00 4.02160E-01
4.04352E+00 4.02169E-01
4.02276E+00 4.02174E-01
4.00088E+00 4.02182E-01
3.97792E+00 4.02191E-01
3.95392E+00 4.02199E-01
3.92895E+00 4.02206E-01
3.90304E+00 4.02214E-01
3.87625E+00 4.02224E-01
3.84863E+00 4.02232E-01
3.82025E+00 4.02242E-01
3.79116E+00 4.02252E-01
3.76144E+00 4.02261E-01
3.73113E+00 4.02270E-01
3.70033E+00 4.02282E-01
3.66909E+00 4.02291E-01
3.63750E+00 4.02302E-01
3.60563E+00 4.02310E-01
3.57357E+00 4.02320E-01
3.54139E+00 4.02330E-01
3.50919E+00 4.02340E-01
3.47705E+00 4.02349E-01
3.44507E+00 4.02358E-01
3.41333E+00 4.02369E-01
3.38194E+00 4.02377E-01
3.35099E+00 4.02387E-01
3.32057E+00 4.02395E-01
3.29079E+00 4.02404E-01
3.26175E+00 4.02412E-01
3.23355E+00 4.02420E-01
3.20628E+00 4.02428E-01
3.18005E+00 4.02435E-01
3.15496E+00 4.02441E-01
3.13111E+00 4.02448E-01
3.10858E+00 4.02454E-01
3.08747E+00 4.02459E-01
3.06787E+00 4.02464E-01
3.04986E+00 4.02469E-01
3.03352E+00 4.02473E-01
3.01892E+00 4.02477E-01
3.00613E+00 4.02480E-01
2.99520E+00 4.02483E-01
2.98619E+00 4.02485E-01
2.97913E+00 4.02487E-01
2.97407E+00 4.02489E-01
2.97102E+00 4.02489E-01
2.97001E+00 4.02490E-01
