Will plot unflagged data


File # 1  = raise.vis
raise.vis 15.1356 GHz
Read 121 visibilities from all files

Baseline 1-4, plot 121 points
7.64464E+01 3.37594E-02
7.64726E+01 3.37548E-02
7.65510E+01 3.37407E-02
7.66813E+01 3.37174E-02
7.68629E+01 3.36854E-02
7.70948E+01 3.36449E-02
7.73761E+01 3.35964E-02
7.77054E+01 3.35405E-02
7.80812E+01 3.34778E-02
7.85018E+01 3.34097E-02
7.89653E+01 3.33357E-02
7.94698E+01 3.32572E-02
8.00131E+01 3.31745E-02
8.05930E+01 3.30893E-02
8.12070E+01 3.30017E-02
8.18528E+01 3.29122E-02
8.25279E+01 3.28209E-02
8.32297E+01 3.27298E-02
8.39556E+01 3.26377E-02
8.47031E+01 3.25459E-02
8.54697E+01 3.24546E-02
8.62525E+01 3.23645E-02
8.70493E+01 3.22756E-02
8.78573E+01 3.21874E-02
8.86742E+01 3.21012E-02
8.94975E+01 3.20162E-02
9.03247E+01 3.19330E-02
9.11535E+01 3.18520E-02
9.19817E+01 3.17727E-02
9.28070E+01 3.16948E-02
9.36273E+01 3.16196E-02
9.44404E+01 3.15461E-02
9.52444E+01 3.14748E-02
9.60374E+01 3.14054E-02
9.68173E+01 3.13377E-02
9.75825E+01 3.12727E-02
9.83312E+01 3.12104E-02
9.90617E+01 3.11497E-02
9.97726E+01 3.10915E-02
1.00462E+02 3.10355E-02
1.01129E+02 3.09819E-02
1.01772E+02 3.09307E-02
1.02389E+02 3.08820E-02
1.02980E+02 3.08353E-02
1.03544E+02 3.07919E-02
1.04078E+02 3.07508E-02
1.04583E+02 3.07116E-02
1.05057E+02 3.06755E-02
1.05499E+02 3.06420E-02
1.05909E+02 3.06111E-02
1.06286E+02 3.05833E-02
1.06628E+02 3.05573E-02
1.06937E+02 3.05344E-02
1.07210E+02 3.05139E-02
1.07448E+02 3.04966E-02
1.07650E+02 3.04818E-02
1.07816E+02 3.04694E-02
1.07945E+02 3.04602E-02
1.08037E+02 3.04534E-02
1.08093E+02 3.04491E-02
1.08112E+02 3.04478E-02
1.08093E+02 3.04491E-02
1.08037E+02 3.04534E-02
1.07945E+02 3.04602E-02
1.07816E+02 3.04694E-02
1.07650E+02 3.04818E-02
1.07448E+02 3.04966E-02
1.07210E+02 3.05139E-02
1.06937E+02 3.05344E-02
1.06628E+02 3.05573E-02
1.06286E+02 3.05833E-02
1.05909E+02 3.06111E-02
1.05499E+02 3.06420E-02
1.05057E+02 3.06755E-02
1.04583E+02 3.07116E-02
1.04078E+02 3.07508E-02
1.03544E+02 3.07919E-02
1.02980E+02 3.08353E-02
1.02389E+02 3.08820E-02
1.01772E+02 3.09307E-02
1.01129E+02 3.09819E-02
1.00462E+02 3.10355E-02
9.97726E+01 3.10915E-02
9.90618E+01 3.11497E-02
9.83312E+01 3.12104E-02
9.75826E+01 3.12727E-02
9.68174E+01 3.13377E-02
9.60374E+01 3.14054E-02
9.52445E+01 3.14748E-02
9.44405E+01 3.15461E-02
9.36273E+01 3.16196E-02
9.28071E+01 3.16948E-02
9.19818E+01 3.17727E-02
9.11536E+01 3.18520E-02
9.03247E+01 3.19330E-02
8.94975E+01 3.20162E-02
8.86743E+01 3.21012E-02
8.78574E+01 3.21874E-02
8.70493E+01 3.22756E-02
8.62526E+01 3.23645E-02
8.54697E+01 3.24546E-02
8.47032E+01 3.25459E-02
8.39557E+01 3.26377E-02
8.32297E+01 3.27298E-02
8.25279E+01 3.28209E-02
8.18529E+01 3.29122E-02
8.12071E+01 3.30017E-02
8.05930E+01 3.30893E-02
8.00132E+01 3.31745E-02
7.94699E+01 3.32572E-02
7.89654E+01 3.33357E-02
7.85018E+01 3.34097E-02
7.80812E+01 3.34778E-02
7.77054E+01 3.35405E-02
7.73761E+01 3.35964E-02
7.70948E+01 3.36449E-02
7.68629E+01 3.36854E-02
7.66813E+01 3.37174E-02
7.65510E+01 3.37407E-02
7.64726E+01 3.37548E-02
7.64464E+01 3.37594E-02
