Will plot unflagged data


File # 1  = raise.vis
raise.vis 15.1356 GHz
Read 121 visibilities from all files

Baseline 1-4, plot 121 points
7.64464E+01 -9.35905E+00
7.64726E+01 -9.52912E+00
7.65510E+01 -9.69249E+00
7.66813E+01 -9.84906E+00
7.68629E+01 -9.99945E+00
7.70948E+01 -1.01427E+01
7.73761E+01 -1.02792E+01
7.77054E+01 -1.04081E+01
7.80812E+01 -1.05299E+01
7.85018E+01 -1.06459E+01
7.89653E+01 -1.07532E+01
7.94698E+01 -1.08534E+01
8.00131E+01 -1.09454E+01
8.05930E+01 -1.10311E+01
8.12070E+01 -1.11093E+01
8.18528E+01 -1.11798E+01
8.25279E+01 -1.12414E+01
8.32297E+01 -1.12970E+01
8.39556E+01 -1.13436E+01
8.47031E+01 -1.13825E+01
8.54697E+01 -1.14137E+01
8.62525E+01 -1.14375E+01
8.70493E+01 -1.14537E+01
8.78573E+01 -1.14611E+01
8.86742E+01 -1.14616E+01
8.94975E+01 -1.14534E+01
9.03247E+01 -1.14376E+01
9.11535E+01 -1.14146E+01
9.19817E+01 -1.13834E+01
9.28070E+01 -1.13437E+01
9.36273E+01 -1.12974E+01
9.44404E+01 -1.12429E+01
9.52444E+01 -1.11807E+01
9.60374E+01 -1.11106E+01
9.68173E+01 -1.10323E+01
9.75825E+01 -1.09472E+01
9.83312E+01 -1.08553E+01
9.90617E+01 -1.07550E+01
9.97726E+01 -1.06478E+01
1.00462E+02 -1.05329E+01
1.01129E+02 -1.04109E+01
1.01772E+02 -1.02817E+01
1.02389E+02 -1.01457E+01
1.02980E+02 -1.00020E+01
1.03544E+02 -9.85260E+00
1.04078E+02 -9.69614E+00
1.04583E+02 -9.53189E+00
1.05057E+02 -9.36206E+00
1.05499E+02 -9.18578E+00
1.05909E+02 -9.00319E+00
1.06286E+02 -8.81511E+00
1.06628E+02 -8.61960E+00
1.06937E+02 -8.41889E+00
1.07210E+02 -8.21210E+00
1.07448E+02 -8.00038E+00
1.07650E+02 -7.78284E+00
1.07816E+02 -7.55961E+00
1.07945E+02 -7.33185E+00
1.08037E+02 -7.09868E+00
1.08093E+02 -6.86024E+00
1.08112E+02 -6.61773E+00
1.08093E+02 -6.37026E+00
1.08037E+02 -6.11905E+00
1.07945E+02 -5.86325E+00
1.07816E+02 -5.60304E+00
1.07650E+02 -5.33964E+00
1.07448E+02 -5.07223E+00
1.07210E+02 -4.80100E+00
1.06937E+02 -4.52719E+00
1.06628E+02 -4.24995E+00
1.06286E+02 -3.97052E+00
1.05909E+02 -3.68697E+00
1.05499E+02 -3.40158E+00
1.05057E+02 -3.11385E+00
1.04583E+02 -2.82393E+00
1.04078E+02 -2.53304E+00
1.03544E+02 -2.23927E+00
1.02980E+02 -1.94370E+00
1.02389E+02 -1.64789E+00
1.01772E+02 -1.35026E+00
1.01129E+02 -1.05187E+00
1.00462E+02 -7.52761E-01
9.97726E+01 -4.53210E-01
9.90618E+01 -1.53004E-01
9.83312E+01 1.46899E-01
9.75826E+01 4.47679E-01
9.68174E+01 7.47380E-01
9.60374E+01 1.04577E+00
9.52445E+01 1.34414E+00
9.44405E+01 1.64182E+00
9.36273E+01 1.93826E+00
9.28071E+01 2.23389E+00
9.19818E+01 2.52681E+00
9.11536E+01 2.81875E+00
9.03247E+01 3.10912E+00
8.94975E+01 3.39666E+00
8.86743E+01 3.68163E+00
8.78574E+01 3.96497E+00
8.70493E+01 4.24461E+00
8.62526E+01 4.52229E+00
8.54697E+01 4.79668E+00
8.47032E+01 5.06725E+00
8.39557E+01 5.33436E+00
8.32297E+01 5.59766E+00
8.25279E+01 5.85843E+00
8.18529E+01 6.11345E+00
8.12071E+01 6.36554E+00
8.05930E+01 6.61329E+00
8.00132E+01 6.85651E+00
7.94699E+01 7.09385E+00
7.89654E+01 7.32706E+00
7.85018E+01 7.55495E+00
7.80812E+01 7.77912E+00
7.77054E+01 7.99649E+00
7.73761E+01 8.20846E+00
7.70948E+01 8.41528E+00
7.68629E+01 8.61608E+00
7.66813E+01 8.81131E+00
7.65510E+01 8.99993E+00
7.64726E+01 9.18255E+00
7.64464E+01 9.35902E+00
