Will plot unflagged data


File # 1  = raise.vis
raise.vis 1.5136 GHz
Read 121 visibilities from all files

Baseline 2-4, plot 121 points
7.09859E+00 -1.92123E+00
7.10102E+00 -1.95676E+00
7.10831E+00 -1.98980E+00
7.12041E+00 -2.02241E+00
7.13727E+00 -2.05250E+00
7.15881E+00 -2.08210E+00
7.18492E+00 -2.11016E+00
7.21550E+00 -2.13664E+00
7.25039E+00 -2.16151E+00
7.28945E+00 -2.18476E+00
7.33250E+00 -2.20742E+00
7.37934E+00 -2.22832E+00
7.42979E+00 -2.24735E+00
7.48364E+00 -2.26449E+00
7.54065E+00 -2.28077E+00
7.60062E+00 -2.29515E+00
7.66331E+00 -2.30759E+00
7.72847E+00 -2.31911E+00
7.79588E+00 -2.32866E+00
7.86529E+00 -2.33623E+00
7.93647E+00 -2.34284E+00
8.00916E+00 -2.34848E+00
8.08315E+00 -2.35096E+00
8.15818E+00 -2.35332E+00
8.23403E+00 -2.35246E+00
8.31048E+00 -2.35148E+00
8.38729E+00 -2.34832E+00
8.46426E+00 -2.34296E+00
8.54116E+00 -2.33641E+00
8.61779E+00 -2.32869E+00
8.69396E+00 -2.31873E+00
8.76947E+00 -2.30758E+00
8.84413E+00 -2.29523E+00
8.91776E+00 -2.28065E+00
8.99018E+00 -2.26488E+00
9.06123E+00 -2.24786E+00
9.13075E+00 -2.22851E+00
9.19859E+00 -2.20788E+00
9.26459E+00 -2.18598E+00
9.32863E+00 -2.16179E+00
9.39055E+00 -2.13738E+00
9.45025E+00 -2.11070E+00
9.50759E+00 -2.08278E+00
9.56246E+00 -2.05363E+00
9.61477E+00 -2.02224E+00
9.66439E+00 -1.99068E+00
9.71126E+00 -1.95689E+00
9.75526E+00 -1.92193E+00
9.79633E+00 -1.88581E+00
9.83439E+00 -1.84855E+00
9.86937E+00 -1.80913E+00
9.90121E+00 -1.76963E+00
9.92984E+00 -1.72802E+00
9.95523E+00 -1.68535E+00
9.97732E+00 -1.64267E+00
9.99607E+00 -1.59795E+00
1.00115E+01 -1.55224E+00
1.00235E+01 -1.50454E+00
1.00320E+01 -1.45695E+00
1.00372E+01 -1.40845E+00
1.00389E+01 -1.35806E+00
1.00372E+01 -1.30787E+00
1.00320E+01 -1.25585E+00
1.00235E+01 -1.20307E+00
1.00115E+01 -1.15060E+00
9.99608E+00 -1.09641E+00
9.97732E+00 -1.04158E+00
9.95523E+00 -9.85122E-01
9.92984E+00 -9.29134E-01
9.90121E+00 -8.72633E-01
9.86937E+00 -8.14630E-01
9.83440E+00 -7.57236E-01
9.79634E+00 -6.98434E-01
9.75527E+00 -6.39301E-01
9.71126E+00 -5.79887E-01
9.66440E+00 -5.20241E-01
9.61477E+00 -4.59380E-01
9.56247E+00 -3.99420E-01
9.50759E+00 -3.38346E-01
9.45025E+00 -2.77242E-01
9.39056E+00 -2.16161E-01
9.32863E+00 -1.54120E-01
9.26460E+00 -9.32373E-02
9.19859E+00 -3.14962E-02
9.13076E+00 3.00228E-02
9.06124E+00 9.12753E-02
8.99018E+00 1.53248E-01
8.91776E+00 2.14814E-01
8.84413E+00 2.75863E-01
8.76947E+00 3.37379E-01
8.69397E+00 3.98283E-01
8.61780E+00 4.58522E-01
8.54116E+00 5.19076E-01
8.46426E+00 5.78861E-01
8.38730E+00 6.37819E-01
8.31048E+00 6.96930E-01
8.23404E+00 7.56141E-01
8.15819E+00 8.13340E-01
8.08315E+00 8.71581E-01
8.00917E+00 9.27743E-01
7.93647E+00 9.84817E-01
7.86530E+00 1.04058E+00
7.79588E+00 1.09498E+00
7.72848E+00 1.14902E+00
7.66331E+00 1.20266E+00
7.60063E+00 1.25481E+00
7.54066E+00 1.30646E+00
7.48364E+00 1.35756E+00
7.42980E+00 1.40703E+00
7.37935E+00 1.45589E+00
7.33250E+00 1.50410E+00
7.28945E+00 1.55152E+00
7.25040E+00 1.59697E+00
7.21550E+00 1.64147E+00
7.18493E+00 1.68498E+00
7.15881E+00 1.72747E+00
7.13727E+00 1.76890E+00
7.12041E+00 1.80819E+00
7.10831E+00 1.84738E+00
7.10102E+00 1.88437E+00
7.09859E+00 1.92122E+00
