Will plot unflagged data


File # 1  = raise.vis
raise.vis 1.5136 GHz
Read 121 visibilities from all files

Baseline 1-4, plot 121 points
7.64464E+00 2.91591E+00
7.64726E+00 2.91575E+00
7.65510E+00 2.91528E+00
7.66813E+00 2.91448E+00
7.68629E+00 2.91338E+00
7.70948E+00 2.91198E+00
7.73761E+00 2.91030E+00
7.77054E+00 2.90835E+00
7.80812E+00 2.90615E+00
7.85018E+00 2.90371E+00
7.89653E+00 2.90108E+00
7.94698E+00 2.89820E+00
8.00131E+00 2.89522E+00
8.05930E+00 2.89205E+00
8.12070E+00 2.88871E+00
8.18528E+00 2.88528E+00
8.25279E+00 2.88177E+00
8.32297E+00 2.87816E+00
8.39556E+00 2.87449E+00
8.47031E+00 2.87079E+00
8.54696E+00 2.86706E+00
8.62525E+00 2.86326E+00
8.70493E+00 2.85947E+00
8.78573E+00 2.85578E+00
8.86742E+00 2.85201E+00
8.94975E+00 2.84827E+00
9.03247E+00 2.84456E+00
9.11535E+00 2.84095E+00
9.19817E+00 2.83732E+00
9.28070E+00 2.83382E+00
9.36273E+00 2.83037E+00
9.44404E+00 2.82696E+00
9.52444E+00 2.82361E+00
9.60374E+00 2.82030E+00
9.68173E+00 2.81714E+00
9.75825E+00 2.81403E+00
9.83312E+00 2.81100E+00
9.90617E+00 2.80811E+00
9.97725E+00 2.80530E+00
1.00462E+01 2.80263E+00
1.01129E+01 2.80002E+00
1.01772E+01 2.79748E+00
1.02389E+01 2.79509E+00
1.02980E+01 2.79278E+00
1.03544E+01 2.79061E+00
1.04078E+01 2.78861E+00
1.04583E+01 2.78668E+00
1.05057E+01 2.78491E+00
1.05499E+01 2.78323E+00
1.05909E+01 2.78170E+00
1.06286E+01 2.78025E+00
1.06628E+01 2.77897E+00
1.06937E+01 2.77784E+00
1.07210E+01 2.77679E+00
1.07448E+01 2.77590E+00
1.07650E+01 2.77517E+00
1.07816E+01 2.77460E+00
1.07945E+01 2.77412E+00
1.08037E+01 2.77371E+00
1.08093E+01 2.77355E+00
1.08112E+01 2.77347E+00
1.08093E+01 2.77355E+00
1.08037E+01 2.77371E+00
1.07945E+01 2.77412E+00
1.07816E+01 2.77460E+00
1.07650E+01 2.77517E+00
1.07448E+01 2.77590E+00
1.07210E+01 2.77679E+00
1.06937E+01 2.77784E+00
1.06628E+01 2.77897E+00
1.06286E+01 2.78025E+00
1.05909E+01 2.78170E+00
1.05499E+01 2.78323E+00
1.05057E+01 2.78492E+00
1.04583E+01 2.78668E+00
1.04078E+01 2.78861E+00
1.03544E+01 2.79061E+00
1.02980E+01 2.79278E+00
1.02389E+01 2.79509E+00
1.01772E+01 2.79748E+00
1.01129E+01 2.80002E+00
1.00462E+01 2.80263E+00
9.97726E+00 2.80530E+00
9.90618E+00 2.80811E+00
9.83312E+00 2.81100E+00
9.75826E+00 2.81403E+00
9.68174E+00 2.81714E+00
9.60374E+00 2.82030E+00
9.52445E+00 2.82361E+00
9.44405E+00 2.82696E+00
9.36273E+00 2.83037E+00
9.28071E+00 2.83382E+00
9.19818E+00 2.83732E+00
9.11536E+00 2.84095E+00
9.03247E+00 2.84456E+00
8.94975E+00 2.84827E+00
8.86743E+00 2.85201E+00
8.78574E+00 2.85577E+00
8.70493E+00 2.85947E+00
8.62526E+00 2.86326E+00
8.54697E+00 2.86706E+00
8.47032E+00 2.87079E+00
8.39557E+00 2.87449E+00
8.32297E+00 2.87816E+00
8.25280E+00 2.88177E+00
8.18529E+00 2.88528E+00
8.12071E+00 2.88871E+00
8.05930E+00 2.89205E+00
8.00132E+00 2.89522E+00
7.94699E+00 2.89820E+00
7.89654E+00 2.90104E+00
7.85018E+00 2.90371E+00
7.80812E+00 2.90615E+00
7.77054E+00 2.90835E+00
7.73761E+00 2.91030E+00
7.70949E+00 2.91198E+00
7.68629E+00 2.91338E+00
7.66813E+00 2.91448E+00
7.65510E+00 2.91528E+00
7.64726E+00 2.91575E+00
7.64464E+00 2.91591E+00
