Will plot unflagged data


File # 1  = raise.vis
raise.vis 1.5136 GHz
Read 121 visibilities from all files

Baseline 1-4, plot 121 points
7.64464E+00 -3.59689E+00
7.64726E+00 -3.66195E+00
7.65510E+00 -3.72527E+00
7.66813E+00 -3.78485E+00
7.68629E+00 -3.84276E+00
7.70948E+00 -3.89802E+00
7.73761E+00 -3.95054E+00
7.77054E+00 -3.99982E+00
7.80812E+00 -4.04699E+00
7.85018E+00 -4.09103E+00
7.89653E+00 -4.13298E+00
7.94698E+00 -4.17086E+00
8.00131E+00 -4.20729E+00
8.05930E+00 -4.24014E+00
8.12070E+00 -4.26948E+00
8.18528E+00 -4.29633E+00
8.25279E+00 -4.32074E+00
8.32297E+00 -4.34165E+00
8.39556E+00 -4.35963E+00
8.47031E+00 -4.37478E+00
8.54696E+00 -4.38711E+00
8.62525E+00 -4.39561E+00
8.70493E+00 -4.40134E+00
8.78573E+00 -4.40532E+00
8.86742E+00 -4.40510E+00
8.94975E+00 -4.40177E+00
9.03247E+00 -4.39537E+00
9.11535E+00 -4.38694E+00
9.19817E+00 -4.37444E+00
9.28070E+00 -4.35996E+00
9.36273E+00 -4.34239E+00
9.44404E+00 -4.32148E+00
9.52444E+00 -4.29730E+00
9.60374E+00 -4.26989E+00
9.68173E+00 -4.24030E+00
9.75825E+00 -4.20750E+00
9.83312E+00 -4.17151E+00
9.90617E+00 -4.13341E+00
9.97725E+00 -4.09214E+00
1.00462E+01 -4.04857E+00
1.01129E+01 -4.00169E+00
1.01772E+01 -3.95157E+00
1.02389E+01 -3.89925E+00
1.02980E+01 -3.84374E+00
1.03544E+01 -3.78609E+00
1.04078E+01 -3.72633E+00
1.04583E+01 -3.66344E+00
1.05057E+01 -3.59850E+00
1.05499E+01 -3.53051E+00
1.05909E+01 -3.46052E+00
1.06286E+01 -3.38755E+00
1.06628E+01 -3.31265E+00
1.06937E+01 -3.23581E+00
1.07210E+01 -3.15606E+00
1.07448E+01 -3.07449E+00
1.07650E+01 -2.99113E+00
1.07816E+01 -2.90606E+00
1.07945E+01 -2.81828E+00
1.08037E+01 -2.72788E+00
1.08093E+01 -2.63695E+00
1.08112E+01 -2.54351E+00
1.08093E+01 -2.44864E+00
1.08037E+01 -2.35138E+00
1.07945E+01 -2.25387E+00
1.07816E+01 -2.15410E+00
1.07650E+01 -2.05216E+00
1.07448E+01 -1.94913E+00
1.07210E+01 -1.84511E+00
1.06937E+01 -1.74015E+00
1.06628E+01 -1.63330E+00
1.06286E+01 -1.52567E+00
1.05909E+01 -1.41738E+00
1.05499E+01 -1.30751E+00
1.05057E+01 -1.19717E+00
1.04583E+01 -1.08543E+00
1.04078E+01 -9.73391E-01
1.03544E+01 -8.60122E-01
1.02980E+01 -7.46745E-01
1.02389E+01 -6.33351E-01
1.01772E+01 -5.18999E-01
1.01129E+01 -4.04811E-01
1.00462E+01 -2.89834E-01
9.97726E+00 -1.74138E-01
9.90618E+00 -5.88153E-02
9.83312E+00 5.68770E-02
9.75826E+00 1.71789E-01
9.68174E+00 2.86886E-01
9.60374E+00 4.02086E-01
9.52445E+00 5.16268E-01
9.44405E+00 6.30383E-01
9.36273E+00 7.44371E-01
9.28071E+00 8.58210E-01
9.19818E+00 9.71572E-01
9.11536E+00 1.08324E+00
9.03247E+00 1.19523E+00
8.94975E+00 1.30543E+00
8.86743E+00 1.41478E+00
8.78574E+00 1.52325E+00
8.70493E+00 1.63186E+00
8.62526E+00 1.73809E+00
8.54697E+00 1.84287E+00
8.47032E+00 1.94723E+00
8.39557E+00 2.05006E+00
8.32297E+00 2.15134E+00
8.25280E+00 2.25109E+00
8.18529E+00 2.34985E+00
8.12071E+00 2.44649E+00
8.05930E+00 2.54100E+00
8.00132E+00 2.63439E+00
7.94699E+00 2.72667E+00
7.89654E+00 2.81669E+00
7.85018E+00 2.90397E+00
7.80812E+00 2.98957E+00
7.77054E+00 3.07348E+00
7.73761E+00 3.15466E+00
7.70949E+00 3.23421E+00
7.68629E+00 3.31160E+00
7.66813E+00 3.38674E+00
7.65510E+00 3.45864E+00
7.64726E+00 3.52935E+00
7.64464E+00 3.59688E+00
