Will plot unflagged data


File # 1  = raise.vis
raise.vis 1.5136 GHz
Read 121 visibilities from all files

Baseline 1-3, plot 121 points
6.17031E+00 -4.47057E-01
6.17243E+00 -4.55246E-01
6.17876E+00 -4.63110E-01
6.18928E+00 -4.70639E-01
6.20393E+00 -4.77822E-01
6.22265E+00 -4.84650E-01
6.24536E+00 -4.91112E-01
6.27193E+00 -4.97201E-01
6.30227E+00 -5.02905E-01
6.33622E+00 -5.08216E-01
6.37363E+00 -5.14157E-01
6.41435E+00 -5.18656E-01
6.45820E+00 -5.22736E-01
6.50501E+00 -5.27422E-01
6.55457E+00 -5.30640E-01
6.60669E+00 -5.34449E-01
6.66118E+00 -5.36775E-01
6.71783E+00 -5.39677E-01
6.77642E+00 -5.42115E-01
6.83675E+00 -5.44083E-01
6.89862E+00 -5.45575E-01
6.96181E+00 -5.46585E-01
7.02612E+00 -5.47107E-01
7.09134E+00 -5.47136E-01
7.15727E+00 -5.47700E-01
7.22372E+00 -5.46728E-01
7.29049E+00 -5.46283E-01
7.35739E+00 -5.45327E-01
7.42424E+00 -5.43858E-01
7.49085E+00 -5.41871E-01
7.55706E+00 -5.39363E-01
7.62269E+00 -5.37366E-01
7.68759E+00 -5.33812E-01
7.75159E+00 -5.30763E-01
7.81454E+00 -5.27187E-01
7.87630E+00 -5.23081E-01
7.93673E+00 -5.18446E-01
7.99570E+00 -5.13281E-01
8.05307E+00 -5.08618E-01
8.10873E+00 -5.03426E-01
8.16256E+00 -4.96672E-01
8.21445E+00 -4.91454E-01
8.26429E+00 -4.84679E-01
8.31199E+00 -4.77378E-01
8.35745E+00 -4.70587E-01
8.40059E+00 -4.63275E-01
8.44132E+00 -4.55446E-01
8.47958E+00 -4.47104E-01
8.51528E+00 -4.38251E-01
8.54836E+00 -4.29922E-01
8.57876E+00 -4.21091E-01
8.60643E+00 -4.11762E-01
8.63132E+00 -4.01940E-01
8.65339E+00 -3.92661E-01
8.67259E+00 -3.81871E-01
8.68890E+00 -3.71634E-01
8.70227E+00 -3.60928E-01
8.71270E+00 -3.49759E-01
8.72017E+00 -3.39163E-01
8.72465E+00 -3.27089E-01
8.72614E+00 -3.15603E-01
8.72465E+00 -3.03684E-01
8.72017E+00 -2.92369E-01
8.71270E+00 -2.79608E-01
8.70227E+00 -2.67468E-01
8.68890E+00 -2.54930E-01
8.67259E+00 -2.42001E-01
8.65339E+00 -2.29723E-01
8.63133E+00 -2.16045E-01
8.60644E+00 -2.03036E-01
8.57876E+00 -1.89678E-01
8.54836E+00 -1.75981E-01
8.51528E+00 -1.61955E-01
8.47958E+00 -1.48643E-01
8.44133E+00 -1.35026E-01
8.40059E+00 -1.21114E-01
8.35745E+00 -1.06919E-01
8.31199E+00 -9.24537E-02
8.26429E+00 -7.87608E-02
8.21445E+00 -6.48215E-02
8.16256E+00 -4.96170E-02
8.10873E+00 -3.62539E-02
8.05307E+00 -2.16507E-02
7.99570E+00 -6.85147E-03
7.93674E+00 7.09873E-03
7.87631E+00 2.12187E-02
7.81454E+00 3.54954E-02
7.75159E+00 4.99153E-02
7.68759E+00 6.44652E-02
7.62270E+00 7.80990E-02
7.55706E+00 9.28684E-02
7.49086E+00 1.06694E-01
7.42424E+00 1.20596E-01
7.35740E+00 1.34560E-01
7.29050E+00 1.48571E-01
7.22373E+00 1.62617E-01
7.15728E+00 1.75651E-01
7.09135E+00 1.89724E-01
7.02612E+00 2.02757E-01
6.96182E+00 2.15770E-01
6.89862E+00 2.28747E-01
6.83676E+00 2.41676E-01
6.77642E+00 2.54543E-01
6.71783E+00 2.67334E-01
6.66118E+00 2.80036E-01
6.60670E+00 2.91602E-01
6.55457E+00 3.04084E-01
6.50501E+00 3.15404E-01
6.45821E+00 3.27613E-01
6.41435E+00 3.38635E-01
6.37363E+00 3.49488E-01
6.33622E+00 3.61190E-01
6.30227E+00 3.71668E-01
6.27194E+00 3.81938E-01
6.24536E+00 3.91990E-01
6.22266E+00 4.01812E-01
6.20393E+00 4.11391E-01
6.18928E+00 4.20716E-01
6.17876E+00 4.29776E-01
6.17243E+00 4.38559E-01
6.17031E+00 4.47054E-01
