Will plot unflagged data


File # 1  = raise.vis
raise.vis 1.5136 GHz
Read 121 visibilities from all files

Baseline 1-3, plot 121 points
6.17031E+00 3.80304E-02
6.17243E+00 3.80303E-02
6.17876E+00 3.80303E-02
6.18928E+00 3.80302E-02
6.20393E+00 3.80300E-02
6.22265E+00 3.80299E-02
6.24536E+00 3.80296E-02
6.27193E+00 3.80294E-02
6.30227E+00 3.80291E-02
6.33622E+00 3.80288E-02
6.37363E+00 3.80284E-02
6.41435E+00 3.80280E-02
6.45820E+00 3.80276E-02
6.50501E+00 3.80271E-02
6.55457E+00 3.80266E-02
6.60669E+00 3.80261E-02
6.66118E+00 3.80255E-02
6.71783E+00 3.80249E-02
6.77642E+00 3.80243E-02
6.83675E+00 3.80237E-02
6.89862E+00 3.80231E-02
6.96181E+00 3.80224E-02
7.02612E+00 3.80217E-02
7.09134E+00 3.80209E-02
7.15727E+00 3.80203E-02
7.22372E+00 3.80194E-02
7.29049E+00 3.80187E-02
7.35739E+00 3.80180E-02
7.42424E+00 3.80172E-02
7.49085E+00 3.80164E-02
7.55706E+00 3.80156E-02
7.62269E+00 3.80150E-02
7.68759E+00 3.80141E-02
7.75159E+00 3.80134E-02
7.81454E+00 3.80127E-02
7.87630E+00 3.80119E-02
7.93673E+00 3.80111E-02
7.99570E+00 3.80103E-02
8.05307E+00 3.80097E-02
8.10873E+00 3.80091E-02
8.16256E+00 3.80082E-02
8.21445E+00 3.80077E-02
8.26429E+00 3.80071E-02
8.31199E+00 3.80064E-02
8.35745E+00 3.80059E-02
8.40059E+00 3.80053E-02
8.44132E+00 3.80048E-02
8.47958E+00 3.80043E-02
8.51528E+00 3.80037E-02
8.54836E+00 3.80033E-02
8.57876E+00 3.80030E-02
8.60643E+00 3.80026E-02
8.63132E+00 3.80022E-02
8.65339E+00 3.80021E-02
8.67259E+00 3.80017E-02
8.68890E+00 3.80015E-02
8.70227E+00 3.80013E-02
8.71270E+00 3.80011E-02
8.72017E+00 3.80011E-02
8.72465E+00 3.80009E-02
8.72614E+00 3.80009E-02
8.72465E+00 3.80009E-02
8.72017E+00 3.80011E-02
8.71270E+00 3.80011E-02
8.70227E+00 3.80013E-02
8.68890E+00 3.80015E-02
8.67259E+00 3.80017E-02
8.65339E+00 3.80021E-02
8.63133E+00 3.80022E-02
8.60644E+00 3.80026E-02
8.57876E+00 3.80030E-02
8.54836E+00 3.80033E-02
8.51528E+00 3.80037E-02
8.47958E+00 3.80043E-02
8.44133E+00 3.80048E-02
8.40059E+00 3.80053E-02
8.35745E+00 3.80059E-02
8.31199E+00 3.80064E-02
8.26429E+00 3.80071E-02
8.21445E+00 3.80077E-02
8.16256E+00 3.80082E-02
8.10873E+00 3.80091E-02
8.05307E+00 3.80097E-02
7.99570E+00 3.80103E-02
7.93674E+00 3.80111E-02
7.87631E+00 3.80119E-02
7.81454E+00 3.80126E-02
7.75159E+00 3.80134E-02
7.68759E+00 3.80141E-02
7.62270E+00 3.80150E-02
7.55706E+00 3.80156E-02
7.49086E+00 3.80165E-02
7.42424E+00 3.80172E-02
7.35740E+00 3.80180E-02
7.29050E+00 3.80187E-02
7.22373E+00 3.80195E-02
7.15728E+00 3.80203E-02
7.09135E+00 3.80209E-02
7.02612E+00 3.80217E-02
6.96182E+00 3.80224E-02
6.89862E+00 3.80231E-02
6.83676E+00 3.80237E-02
6.77642E+00 3.80244E-02
6.71783E+00 3.80249E-02
6.66118E+00 3.80255E-02
6.60670E+00 3.80261E-02
6.55457E+00 3.80266E-02
6.50501E+00 3.80271E-02
6.45821E+00 3.80276E-02
6.41435E+00 3.80280E-02
6.37363E+00 3.80284E-02
6.33622E+00 3.80288E-02
6.30227E+00 3.80291E-02
6.27194E+00 3.80294E-02
6.24536E+00 3.80296E-02
6.22266E+00 3.80299E-02
6.20393E+00 3.80300E-02
6.18928E+00 3.80302E-02
6.17876E+00 3.80303E-02
6.17243E+00 3.80304E-02
6.17031E+00 3.80304E-02
