Will plot unflagged data


File # 1  = raise.vis
raise.vis 0.1514 GHz
Read 121 visibilities from all files

Baseline 3-5, plot 121 points
3.76771E-01 6.62705E+00
3.76901E-01 6.62705E+00
3.77287E-01 6.62705E+00
3.77929E-01 6.62705E+00
3.78824E-01 6.62704E+00
3.79967E-01 6.62704E+00
3.81354E-01 6.62703E+00
3.82977E-01 6.62703E+00
3.84829E-01 6.62702E+00
3.86902E-01 6.62702E+00
3.89186E-01 6.62701E+00
3.91673E-01 6.62700E+00
3.94351E-01 6.62699E+00
3.97208E-01 6.62699E+00
4.00235E-01 6.62698E+00
4.03418E-01 6.62697E+00
4.06745E-01 6.62696E+00
4.10204E-01 6.62695E+00
4.13781E-01 6.62694E+00
4.17466E-01 6.62693E+00
4.21243E-01 6.62691E+00
4.25102E-01 6.62690E+00
4.29029E-01 6.62689E+00
4.33011E-01 6.62687E+00
4.37037E-01 6.62687E+00
4.41095E-01 6.62685E+00
4.45172E-01 6.62684E+00
4.49257E-01 6.62683E+00
4.53338E-01 6.62681E+00
4.57406E-01 6.62680E+00
4.61449E-01 6.62679E+00
4.65456E-01 6.62677E+00
4.69419E-01 6.62676E+00
4.73327E-01 6.62675E+00
4.77171E-01 6.62673E+00
4.80942E-01 6.62672E+00
4.84632E-01 6.62670E+00
4.88233E-01 6.62669E+00
4.91736E-01 6.62667E+00
4.95135E-01 6.62666E+00
4.98422E-01 6.62665E+00
5.01590E-01 6.62665E+00
5.04634E-01 6.62664E+00
5.07546E-01 6.62662E+00
5.10322E-01 6.62661E+00
5.12956E-01 6.62660E+00
5.15444E-01 6.62660E+00
5.17779E-01 6.62658E+00
5.19959E-01 6.62657E+00
5.21979E-01 6.62657E+00
5.23836E-01 6.62655E+00
5.25526E-01 6.62655E+00
5.27046E-01 6.62655E+00
5.28393E-01 6.62654E+00
5.29565E-01 6.62654E+00
5.30561E-01 6.62654E+00
5.31378E-01 6.62652E+00
5.32015E-01 6.62652E+00
5.32470E-01 6.62652E+00
5.32744E-01 6.62653E+00
5.32835E-01 6.62652E+00
5.32744E-01 6.62653E+00
5.32470E-01 6.62653E+00
5.32015E-01 6.62652E+00
5.31378E-01 6.62653E+00
5.30561E-01 6.62654E+00
5.29565E-01 6.62654E+00
5.28393E-01 6.62654E+00
5.27046E-01 6.62655E+00
5.25526E-01 6.62655E+00
5.23836E-01 6.62655E+00
5.21980E-01 6.62657E+00
5.19959E-01 6.62657E+00
5.17780E-01 6.62658E+00
5.15444E-01 6.62660E+00
5.12957E-01 6.62660E+00
5.10322E-01 6.62661E+00
5.07546E-01 6.62662E+00
5.04634E-01 6.62664E+00
5.01590E-01 6.62665E+00
4.98422E-01 6.62665E+00
4.95135E-01 6.62666E+00
4.91736E-01 6.62668E+00
4.88233E-01 6.62669E+00
4.84633E-01 6.62670E+00
4.80943E-01 6.62672E+00
4.77171E-01 6.62673E+00
4.73327E-01 6.62674E+00
4.69419E-01 6.62676E+00
4.65457E-01 6.62677E+00
4.61449E-01 6.62679E+00
4.57406E-01 6.62680E+00
4.53339E-01 6.62681E+00
4.49257E-01 6.62683E+00
4.45172E-01 6.62684E+00
4.41095E-01 6.62685E+00
4.37037E-01 6.62687E+00
4.33011E-01 6.62687E+00
4.29029E-01 6.62689E+00
4.25102E-01 6.62690E+00
4.21243E-01 6.62691E+00
4.17466E-01 6.62693E+00
4.13782E-01 6.62693E+00
4.10204E-01 6.62695E+00
4.06745E-01 6.62696E+00
4.03418E-01 6.62697E+00
4.00235E-01 6.62698E+00
3.97209E-01 6.62699E+00
3.94351E-01 6.62699E+00
3.91673E-01 6.62700E+00
3.89187E-01 6.62701E+00
3.86902E-01 6.62702E+00
3.84829E-01 6.62702E+00
3.82977E-01 6.62703E+00
3.81354E-01 6.62703E+00
3.79968E-01 6.62704E+00
3.78824E-01 6.62704E+00
3.77929E-01 6.62705E+00
3.77287E-01 6.62705E+00
3.76901E-01 6.62705E+00
3.76771E-01 6.62705E+00
