Will plot unflagged data


File # 1  = raise.vis
raise.vis 0.1514 GHz
Read 121 visibilities from all files

Baseline 3-5, plot 121 points
3.76771E-01 -1.01973E-01
3.76901E-01 -1.03662E-01
3.77287E-01 -1.05278E-01
3.77929E-01 -1.07845E-01
3.78824E-01 -1.09307E-01
3.79967E-01 -1.10690E-01
3.81354E-01 -1.11990E-01
3.82977E-01 -1.13205E-01
3.84829E-01 -1.14332E-01
3.86902E-01 -1.16398E-01
3.89186E-01 -1.17345E-01
3.91673E-01 -1.18199E-01
3.94351E-01 -1.18957E-01
3.97208E-01 -1.20646E-01
4.00235E-01 -1.21208E-01
4.03418E-01 -1.21668E-01
4.06745E-01 -1.23055E-01
4.10204E-01 -1.23308E-01
4.13781E-01 -1.23456E-01
4.17466E-01 -1.24525E-01
4.21243E-01 -1.24457E-01
4.25102E-01 -1.24278E-01
4.29029E-01 -1.25017E-01
4.33011E-01 -1.24614E-01
4.37037E-01 -1.25127E-01
4.41095E-01 -1.24496E-01
4.45172E-01 -1.24778E-01
4.49257E-01 -1.24944E-01
4.53338E-01 -1.23962E-01
4.57406E-01 -1.23893E-01
4.61449E-01 -1.23704E-01
4.65456E-01 -1.22366E-01
4.69419E-01 -1.21938E-01
4.73327E-01 -1.21390E-01
4.77171E-01 -1.20721E-01
4.80942E-01 -1.19932E-01
4.84632E-01 -1.17990E-01
4.88233E-01 -1.16959E-01
4.91736E-01 -1.15806E-01
4.95135E-01 -1.14532E-01
4.98422E-01 -1.13137E-01
5.01590E-01 -1.12653E-01
5.04634E-01 -1.11017E-01
5.07546E-01 -1.09262E-01
5.10322E-01 -1.07387E-01
5.12956E-01 -1.05394E-01
5.15444E-01 -1.04313E-01
5.17779E-01 -1.02084E-01
5.19959E-01 -9.97390E-02
5.21979E-01 -9.83090E-02
5.23836E-01 -9.57334E-02
5.25526E-01 -9.40753E-02
5.27046E-01 -9.23047E-02
5.28393E-01 -8.93919E-02
5.29565E-01 -8.74002E-02
5.30561E-01 -8.53000E-02
5.31378E-01 -8.20615E-02
5.32015E-01 -7.97486E-02
5.32470E-01 -7.73317E-02
5.32744E-01 -7.48124E-02
5.32835E-01 -7.21925E-02
5.32744E-01 -6.94737E-02
5.32470E-01 -6.66581E-02
5.32015E-01 -6.37473E-02
5.31378E-01 -6.07435E-02
5.30561E-01 -5.86799E-02
5.29565E-01 -5.54963E-02
5.28393E-01 -5.22259E-02
5.27046E-01 -4.99023E-02
5.25526E-01 -4.64654E-02
5.23836E-01 -4.29487E-02
5.21980E-01 -4.03857E-02
5.19959E-01 -3.67166E-02
5.17780E-01 -3.40063E-02
5.15444E-01 -3.12261E-02
5.12957E-01 -2.73476E-02
5.10322E-01 -2.44355E-02
5.07546E-01 -2.14615E-02
5.04634E-01 -1.84283E-02
5.01590E-01 -1.53388E-02
4.98422E-01 -1.11649E-02
4.95135E-01 -7.97116E-03
4.91736E-01 -4.72963E-03
4.88233E-01 -1.44317E-03
4.84633E-01 1.88518E-03
4.80943E-01 4.22200E-03
4.77171E-01 7.62527E-03
4.73327E-01 1.10614E-02
4.69419E-01 1.45274E-02
4.65457E-01 1.80202E-02
4.61449E-01 2.05064E-02
4.57406E-01 2.40434E-02
4.53339E-01 2.75978E-02
4.49257E-01 3.01366E-02
4.45172E-01 3.37165E-02
4.41095E-01 3.73042E-02
4.37037E-01 3.98672E-02
4.33011E-01 4.34615E-02
4.29029E-01 4.60249E-02
4.25102E-01 4.96130E-02
4.21243E-01 5.21641E-02
4.17466E-01 5.47045E-02
4.13782E-01 5.82596E-02
4.10204E-01 6.07688E-02
4.06745E-01 6.32578E-02
4.03418E-01 6.67519E-02
4.00235E-01 6.91910E-02
3.97209E-01 7.16007E-02
3.94351E-01 7.50057E-02
3.91673E-01 7.73472E-02
3.89187E-01 7.96501E-02
3.86902E-01 8.19115E-02
3.84829E-01 8.51556E-02
3.82977E-01 8.73249E-02
3.81354E-01 8.94440E-02
3.79968E-01 9.15099E-02
3.78824E-01 9.35199E-02
3.77929E-01 9.54713E-02
3.77287E-01 9.83871E-02
3.76901E-01 1.00213E-01
3.76771E-01 1.01971E-01
