Will plot unflagged data


File # 1  = raise.vis
raise.vis 4.7863 GHz
Read 121 visibilities from all files

Baseline 2-3, plot 121 points
1.77855E+01 -2.24231E+00
1.77916E+01 -2.28345E+00
1.78098E+01 -2.32287E+00
1.78402E+01 -2.35955E+00
1.78824E+01 -2.39553E+00
1.79364E+01 -2.42976E+00
1.80018E+01 -2.46219E+00
1.80784E+01 -2.49383E+00
1.81658E+01 -2.52262E+00
1.82637E+01 -2.55060E+00
1.83715E+01 -2.57647E+00
1.84889E+01 -2.60021E+00
1.86153E+01 -2.62285E+00
1.87502E+01 -2.64334E+00
1.88931E+01 -2.66166E+00
1.90433E+01 -2.67778E+00
1.92004E+01 -2.69272E+00
1.93637E+01 -2.70648E+00
1.95326E+01 -2.71802E+00
1.97065E+01 -2.72712E+00
1.98848E+01 -2.73477E+00
2.00669E+01 -2.73997E+00
2.02523E+01 -2.74374E+00
2.04403E+01 -2.74607E+00
2.06303E+01 -2.74590E+00
2.08219E+01 -2.74426E+00
2.10143E+01 -2.74011E+00
2.12072E+01 -2.73449E+00
2.13998E+01 -2.72741E+00
2.15919E+01 -2.71769E+00
2.17827E+01 -2.70735E+00
2.19719E+01 -2.69331E+00
2.21589E+01 -2.67868E+00
2.23434E+01 -2.66243E+00
2.25249E+01 -2.64353E+00
2.27029E+01 -2.62300E+00
2.28771E+01 -2.60085E+00
2.30470E+01 -2.57708E+00
2.32124E+01 -2.55066E+00
2.33728E+01 -2.52366E+00
2.35280E+01 -2.49404E+00
2.36776E+01 -2.46283E+00
2.38212E+01 -2.43106E+00
2.39587E+01 -2.39664E+00
2.40898E+01 -2.36060E+00
2.42141E+01 -2.32295E+00
2.43315E+01 -2.28373E+00
2.44418E+01 -2.24295E+00
2.45447E+01 -2.20063E+00
2.46400E+01 -2.15679E+00
2.47277E+01 -2.11147E+00
2.48074E+01 -2.06572E+00
2.48792E+01 -2.01749E+00
2.49428E+01 -1.96785E+00
2.49981E+01 -1.91682E+00
2.50451E+01 -1.86444E+00
2.50837E+01 -1.81177E+00
2.51138E+01 -1.75678E+00
2.51353E+01 -1.70054E+00
2.51482E+01 -1.64410E+00
2.51525E+01 -1.58546E+00
2.51482E+01 -1.52671E+00
2.51353E+01 -1.46583E+00
2.51138E+01 -1.40492E+00
2.50837E+01 -1.34300E+00
2.50451E+01 -1.27908E+00
2.49981E+01 -1.21527E+00
2.49428E+01 -1.15059E+00
2.48792E+01 -1.08509E+00
2.48075E+01 -1.01881E+00
2.47277E+01 -9.50769E-01
2.46400E+01 -8.83096E-01
2.45447E+01 -8.14806E-01
2.44418E+01 -7.45951E-01
2.43315E+01 -6.76587E-01
2.42141E+01 -6.06766E-01
2.40898E+01 -5.36542E-01
2.39587E+01 -4.65967E-01
2.38212E+01 -3.95090E-01
2.36776E+01 -3.22955E-01
2.35280E+01 -2.51732E-01
2.33729E+01 -1.80459E-01
2.32124E+01 -1.08163E-01
2.30470E+01 -3.69637E-02
2.28771E+01 3.51420E-02
2.27029E+01 1.07061E-01
2.25249E+01 1.78732E-01
2.23434E+01 2.50091E-01
2.21589E+01 3.22109E-01
2.19719E+01 3.93692E-01
2.17827E+01 4.63753E-01
2.15919E+01 5.35336E-01
2.13999E+01 6.05312E-01
2.12072E+01 6.75633E-01
2.10143E+01 7.45085E-01
2.08219E+01 8.13623E-01
2.06304E+01 8.82230E-01
2.04403E+01 9.49822E-01
2.02523E+01 1.01737E+00
2.00669E+01 1.08379E+00
1.98848E+01 1.14902E+00
1.97065E+01 1.21404E+00
1.95326E+01 1.27780E+00
1.93637E+01 1.34126E+00
1.92004E+01 1.40418E+00
1.90433E+01 1.46547E+00
1.88931E+01 1.52509E+00
1.87502E+01 1.58404E+00
1.86153E+01 1.64227E+00
1.84889E+01 1.69973E+00
1.83716E+01 1.75533E+00
1.82637E+01 1.81011E+00
1.81658E+01 1.86400E+00
1.80784E+01 1.91569E+00
1.80018E+01 1.96722E+00
1.79364E+01 2.01649E+00
1.78824E+01 2.06452E+00
1.78402E+01 2.11124E+00
1.78098E+01 2.15560E+00
1.77916E+01 2.19963E+00
1.77855E+01 2.24230E+00
