Will plot unflagged data


File # 1  = raise.vis
raise.vis 4.7863 GHz
Read 121 visibilities from all files

Baseline 2-3, plot 121 points
1.77855E+01 3.25661E-02
1.77916E+01 3.25658E-02
1.78098E+01 3.25649E-02
1.78402E+01 3.25634E-02
1.78824E+01 3.25613E-02
1.79364E+01 3.25586E-02
1.80018E+01 3.25554E-02
1.80784E+01 3.25516E-02
1.81658E+01 3.25472E-02
1.82637E+01 3.25424E-02
1.83715E+01 3.25370E-02
1.84889E+01 3.25310E-02
1.86153E+01 3.25247E-02
1.87502E+01 3.25179E-02
1.88931E+01 3.25105E-02
1.90433E+01 3.25027E-02
1.92004E+01 3.24946E-02
1.93637E+01 3.24863E-02
1.95326E+01 3.24776E-02
1.97065E+01 3.24684E-02
1.98848E+01 3.24591E-02
2.00669E+01 3.24494E-02
2.02523E+01 3.24395E-02
2.04403E+01 3.24296E-02
2.06303E+01 3.24194E-02
2.08219E+01 3.24092E-02
2.10143E+01 3.23986E-02
2.12072E+01 3.23881E-02
2.13998E+01 3.23778E-02
2.15919E+01 3.23671E-02
2.17827E+01 3.23569E-02
2.19719E+01 3.23461E-02
2.21589E+01 3.23359E-02
2.23434E+01 3.23258E-02
2.25249E+01 3.23155E-02
2.27029E+01 3.23055E-02
2.28771E+01 3.22957E-02
2.30470E+01 3.22862E-02
2.32124E+01 3.22766E-02
2.33728E+01 3.22676E-02
2.35280E+01 3.22586E-02
2.36776E+01 3.22500E-02
2.38212E+01 3.22421E-02
2.39587E+01 3.22342E-02
2.40898E+01 3.22266E-02
2.42141E+01 3.22194E-02
2.43315E+01 3.22126E-02
2.44418E+01 3.22062E-02
2.45447E+01 3.22002E-02
2.46400E+01 3.21946E-02
2.47277E+01 3.21895E-02
2.48074E+01 3.21853E-02
2.48792E+01 3.21810E-02
2.49428E+01 3.21773E-02
2.49981E+01 3.21739E-02
2.50451E+01 3.21711E-02
2.50837E+01 3.21692E-02
2.51138E+01 3.21673E-02
2.51353E+01 3.21658E-02
2.51482E+01 3.21654E-02
2.51525E+01 3.21649E-02
2.51482E+01 3.21654E-02
2.51353E+01 3.21658E-02
2.51138E+01 3.21673E-02
2.50837E+01 3.21692E-02
2.50451E+01 3.21711E-02
2.49981E+01 3.21739E-02
2.49428E+01 3.21773E-02
2.48792E+01 3.21810E-02
2.48075E+01 3.21853E-02
2.47277E+01 3.21895E-02
2.46400E+01 3.21946E-02
2.45447E+01 3.22002E-02
2.44418E+01 3.22062E-02
2.43315E+01 3.22126E-02
2.42141E+01 3.22194E-02
2.40898E+01 3.22266E-02
2.39587E+01 3.22342E-02
2.38212E+01 3.22421E-02
2.36776E+01 3.22500E-02
2.35280E+01 3.22586E-02
2.33729E+01 3.22676E-02
2.32124E+01 3.22766E-02
2.30470E+01 3.22862E-02
2.28771E+01 3.22957E-02
2.27029E+01 3.23055E-02
2.25249E+01 3.23155E-02
2.23434E+01 3.23258E-02
2.21589E+01 3.23359E-02
2.19719E+01 3.23461E-02
2.17827E+01 3.23569E-02
2.15919E+01 3.23671E-02
2.13999E+01 3.23778E-02
2.12072E+01 3.23881E-02
2.10143E+01 3.23986E-02
2.08219E+01 3.24092E-02
2.06304E+01 3.24194E-02
2.04403E+01 3.24296E-02
2.02523E+01 3.24395E-02
2.00669E+01 3.24494E-02
1.98848E+01 3.24591E-02
1.97065E+01 3.24684E-02
1.95326E+01 3.24776E-02
1.93637E+01 3.24863E-02
1.92004E+01 3.24946E-02
1.90433E+01 3.25027E-02
1.88931E+01 3.25105E-02
1.87502E+01 3.25179E-02
1.86153E+01 3.25247E-02
1.84889E+01 3.25310E-02
1.83716E+01 3.25370E-02
1.82637E+01 3.25424E-02
1.81658E+01 3.25472E-02
1.80784E+01 3.25516E-02
1.80018E+01 3.25554E-02
1.79364E+01 3.25586E-02
1.78824E+01 3.25613E-02
1.78402E+01 3.25634E-02
1.78098E+01 3.25649E-02
1.77916E+01 3.25658E-02
1.77855E+01 3.25661E-02
