Will plot unflagged data


File # 1  = raise.vis
raise.vis 15.1356 GHz
Read 121 visibilities from all files

Baseline 1-4, plot 121 points
7.64464E+01 5.02000E-01
7.64726E+01 5.01455E-01
7.65510E+01 4.99838E-01
7.66813E+01 4.97190E-01
7.68629E+01 4.93595E-01
7.70948E+01 4.89170E-01
7.73761E+01 4.84069E-01
7.77054E+01 4.78479E-01
7.80812E+01 4.72614E-01
7.85018E+01 4.66642E-01
7.89653E+01 4.60709E-01
7.94698E+01 4.54894E-01
8.00131E+01 4.49257E-01
8.05930E+01 4.43797E-01
8.12070E+01 4.38540E-01
8.18528E+01 4.33499E-01
8.25279E+01 4.28682E-01
8.32297E+01 4.24076E-01
8.39556E+01 4.19684E-01
8.47031E+01 4.15500E-01
8.54697E+01 4.11504E-01
8.62525E+01 4.07695E-01
8.70493E+01 4.04068E-01
8.78573E+01 4.00606E-01
8.86742E+01 3.97305E-01
8.94975E+01 3.94148E-01
9.03247E+01 3.91134E-01
9.11535E+01 3.88249E-01
9.19817E+01 3.85496E-01
9.28070E+01 3.82858E-01
9.36273E+01 3.80332E-01
9.44404E+01 3.77911E-01
9.52444E+01 3.75597E-01
9.60374E+01 3.73381E-01
9.68173E+01 3.71261E-01
9.75825E+01 3.69233E-01
9.83312E+01 3.67297E-01
9.90617E+01 3.65446E-01
9.97726E+01 3.63681E-01
1.00462E+02 3.62005E-01
1.01129E+02 3.60406E-01
1.01772E+02 3.58896E-01
1.02389E+02 3.57465E-01
1.02980E+02 3.56114E-01
1.03544E+02 3.54846E-01
1.04078E+02 3.53655E-01
1.04583E+02 3.52546E-01
1.05057E+02 3.51513E-01
1.05499E+02 3.50560E-01
1.05909E+02 3.49682E-01
1.06286E+02 3.48884E-01
1.06628E+02 3.48163E-01
1.06937E+02 3.47515E-01
1.07210E+02 3.46948E-01
1.07448E+02 3.46457E-01
1.07650E+02 3.46038E-01
1.07816E+02 3.45697E-01
1.07945E+02 3.45434E-01
1.08037E+02 3.45246E-01
1.08093E+02 3.45134E-01
1.08112E+02 3.45094E-01
1.08093E+02 3.45134E-01
1.08037E+02 3.45246E-01
1.07945E+02 3.45434E-01
1.07816E+02 3.45698E-01
1.07650E+02 3.46038E-01
1.07448E+02 3.46457E-01
1.07210E+02 3.46948E-01
1.06937E+02 3.47515E-01
1.06628E+02 3.48163E-01
1.06286E+02 3.48884E-01
1.05909E+02 3.49682E-01
1.05499E+02 3.50560E-01
1.05057E+02 3.51513E-01
1.04583E+02 3.52546E-01
1.04078E+02 3.53655E-01
1.03544E+02 3.54846E-01
1.02980E+02 3.56114E-01
1.02389E+02 3.57465E-01
1.01772E+02 3.58896E-01
1.01129E+02 3.60406E-01
1.00462E+02 3.62005E-01
9.97726E+01 3.63681E-01
9.90618E+01 3.65446E-01
9.83312E+01 3.67297E-01
9.75826E+01 3.69233E-01
9.68174E+01 3.71261E-01
9.60374E+01 3.73381E-01
9.52445E+01 3.75597E-01
9.44405E+01 3.77911E-01
9.36273E+01 3.80332E-01
9.28071E+01 3.82853E-01
9.19818E+01 3.85496E-01
9.11536E+01 3.88249E-01
9.03247E+01 3.91134E-01
8.94975E+01 3.94148E-01
8.86743E+01 3.97299E-01
8.78574E+01 4.00606E-01
8.70493E+01 4.04068E-01
8.62526E+01 4.07695E-01
8.54697E+01 4.11504E-01
8.47032E+01 4.15500E-01
8.39557E+01 4.19684E-01
8.32297E+01 4.24076E-01
8.25279E+01 4.28682E-01
8.18529E+01 4.33499E-01
8.12071E+01 4.38540E-01
8.05930E+01 4.43797E-01
8.00132E+01 4.49257E-01
7.94699E+01 4.54894E-01
7.89654E+01 4.60709E-01
7.85018E+01 4.66642E-01
7.80812E+01 4.72614E-01
7.77054E+01 4.78479E-01
7.73761E+01 4.84069E-01
7.70948E+01 4.89170E-01
7.68629E+01 4.93595E-01
7.66813E+01 4.97190E-01
7.65510E+01 4.99838E-01
7.64726E+01 5.01455E-01
7.64464E+01 5.02000E-01
