Will plot unflagged data


File # 1  = raise.vis
raise.vis 15.1356 GHz
Read 121 visibilities from all files

Baseline 1-4, plot 121 points
7.64464E+01 -3.59689E+01
7.64726E+01 -3.66220E+01
7.65510E+01 -3.72507E+01
7.66813E+01 -3.78530E+01
7.68629E+01 -3.84300E+01
7.70948E+01 -3.89811E+01
7.73761E+01 -3.95051E+01
7.77054E+01 -4.00014E+01
7.80812E+01 -4.04711E+01
7.85018E+01 -4.09124E+01
7.89653E+01 -4.13259E+01
7.94698E+01 -4.17108E+01
8.00131E+01 -4.20684E+01
8.05930E+01 -4.23958E+01
8.12070E+01 -4.26943E+01
8.18528E+01 -4.29636E+01
8.25279E+01 -4.32042E+01
8.32297E+01 -4.34143E+01
8.39556E+01 -4.35949E+01
8.47031E+01 -4.37464E+01
8.54697E+01 -4.38669E+01
8.62525E+01 -4.39574E+01
8.70493E+01 -4.40185E+01
8.78573E+01 -4.40488E+01
8.86742E+01 -4.40496E+01
8.94975E+01 -4.40192E+01
9.03247E+01 -4.39593E+01
9.11535E+01 -4.38686E+01
9.19817E+01 -4.37490E+01
9.28070E+01 -4.35988E+01
9.36273E+01 -4.34186E+01
9.44404E+01 -4.32082E+01
9.52444E+01 -4.29689E+01
9.60374E+01 -4.27000E+01
9.68173E+01 -4.24019E+01
9.75825E+01 -4.20744E+01
9.83312E+01 -4.17186E+01
9.90617E+01 -4.13336E+01
9.97726E+01 -4.09203E+01
1.00462E+02 -4.04799E+01
1.01129E+02 -4.00103E+01
1.01772E+02 -3.95147E+01
1.02389E+02 -3.89912E+01
1.02980E+02 -3.84409E+01
1.03544E+02 -3.78649E+01
1.04078E+02 -3.72622E+01
1.04583E+02 -3.66348E+01
1.05057E+02 -3.59815E+01
1.05499E+02 -3.53042E+01
1.05909E+02 -3.46021E+01
1.06286E+02 -3.38766E+01
1.06628E+02 -3.31281E+01
1.06937E+02 -3.23559E+01
1.07210E+02 -3.15625E+01
1.07448E+02 -3.07475E+01
1.07650E+02 -2.99107E+01
1.07816E+02 -2.90538E+01
1.07945E+02 -2.81774E+01
1.08037E+02 -2.72815E+01
1.08093E+02 -2.63671E+01
1.08112E+02 -2.54337E+01
1.08093E+02 -2.44840E+01
1.08037E+02 -2.35166E+01
1.07945E+02 -2.25332E+01
1.07816E+02 -2.15343E+01
1.07650E+02 -2.05209E+01
1.07448E+02 -1.94940E+01
1.07210E+02 -1.84529E+01
1.06937E+02 -1.73992E+01
1.06628E+02 -1.63346E+01
1.06286E+02 -1.52578E+01
1.05909E+02 -1.41707E+01
1.05499E+02 -1.30742E+01
1.05057E+02 -1.19682E+01
1.04583E+02 -1.08546E+01
1.04078E+02 -9.73285E+00
1.03544E+02 -8.60517E+00
1.02980E+02 -7.47088E+00
1.02389E+02 -6.33214E+00
1.01772E+02 -5.18899E+00
1.01129E+02 -4.04145E+00
1.00462E+02 -2.89256E+00
9.97726E+01 -1.74026E+00
9.90618E+01 -5.87624E-01
9.83312E+01 5.65303E-01
9.75826E+01 1.71853E+00
9.68174E+01 2.86997E+00
9.60374E+01 4.01980E+00
9.52445E+01 5.16677E+00
9.44405E+01 6.31045E+00
9.36273E+01 7.44906E+00
9.28071E+01 8.58399E+00
9.19818E+01 9.71113E+00
9.11536E+01 1.08333E+01
9.03247E+01 1.19468E+01
8.94975E+01 1.30528E+01
8.86743E+01 1.41503E+01
8.78574E+01 1.52369E+01
8.70493E+01 1.63135E+01
8.62526E+01 1.73796E+01
8.54697E+01 1.84330E+01
8.47032E+01 1.94737E+01
8.39557E+01 2.05021E+01
8.32297E+01 2.15156E+01
8.25279E+01 2.25141E+01
8.18529E+01 2.34982E+01
8.12071E+01 2.44654E+01
8.05930E+01 2.54156E+01
8.00132E+01 2.63484E+01
7.94699E+01 2.72645E+01
7.89654E+01 2.81606E+01
7.85018E+01 2.90377E+01
7.80812E+01 2.98946E+01
7.77054E+01 3.07317E+01
7.73761E+01 3.15469E+01
7.70948E+01 3.23412E+01
7.68629E+01 3.31136E+01
7.66813E+01 3.38630E+01
7.65510E+01 3.45884E+01
7.64726E+01 3.52911E+01
7.64464E+01 3.59688E+01
