Will plot unflagged data


File # 1  = raise.vis
raise.vis 15.1356 GHz
Read 121 visibilities from all files

Baseline 4-5, plot 121 points
2.29339E+01 1.21536E-02
2.29418E+01 1.21535E-02
2.29653E+01 1.21531E-02
2.30044E+01 1.21525E-02
2.30589E+01 1.21516E-02
2.31285E+01 1.21505E-02
2.32128E+01 1.21491E-02
2.33116E+01 1.21475E-02
2.34244E+01 1.21456E-02
2.35505E+01 1.21436E-02
2.36896E+01 1.21413E-02
2.38410E+01 1.21387E-02
2.40039E+01 1.21360E-02
2.41779E+01 1.21331E-02
2.43621E+01 1.21300E-02
2.45559E+01 1.21267E-02
2.47584E+01 1.21233E-02
2.49689E+01 1.21197E-02
2.51867E+01 1.21160E-02
2.54109E+01 1.21121E-02
2.56409E+01 1.21080E-02
2.58758E+01 1.21040E-02
2.61148E+01 1.20998E-02
2.63572E+01 1.20956E-02
2.66023E+01 1.20912E-02
2.68492E+01 1.20868E-02
2.70974E+01 1.20823E-02
2.73461E+01 1.20778E-02
2.75945E+01 1.20733E-02
2.78421E+01 1.20689E-02
2.80882E+01 1.20644E-02
2.83321E+01 1.20600E-02
2.85733E+01 1.20554E-02
2.88112E+01 1.20510E-02
2.90452E+01 1.20467E-02
2.92747E+01 1.20424E-02
2.94994E+01 1.20382E-02
2.97185E+01 1.20341E-02
2.99318E+01 1.20301E-02
3.01386E+01 1.20261E-02
3.03387E+01 1.20224E-02
3.05316E+01 1.20187E-02
3.07168E+01 1.20152E-02
3.08941E+01 1.20118E-02
3.10631E+01 1.20085E-02
3.12234E+01 1.20055E-02
3.13748E+01 1.20026E-02
3.15170E+01 1.19998E-02
3.16497E+01 1.19972E-02
3.17727E+01 1.19949E-02
3.18857E+01 1.19925E-02
3.19885E+01 1.19907E-02
3.20810E+01 1.19888E-02
3.21630E+01 1.19872E-02
3.22344E+01 1.19858E-02
3.22950E+01 1.19847E-02
3.23447E+01 1.19837E-02
3.23835E+01 1.19829E-02
3.24112E+01 1.19824E-02
3.24279E+01 1.19821E-02
3.24335E+01 1.19819E-02
3.24279E+01 1.19821E-02
3.24112E+01 1.19824E-02
3.23835E+01 1.19829E-02
3.23447E+01 1.19837E-02
3.22950E+01 1.19847E-02
3.22344E+01 1.19858E-02
3.21631E+01 1.19872E-02
3.20810E+01 1.19888E-02
3.19885E+01 1.19907E-02
3.18857E+01 1.19925E-02
3.17727E+01 1.19949E-02
3.16497E+01 1.19972E-02
3.15170E+01 1.19998E-02
3.13748E+01 1.20026E-02
3.12234E+01 1.20055E-02
3.10631E+01 1.20085E-02
3.08941E+01 1.20118E-02
3.07168E+01 1.20152E-02
3.05316E+01 1.20187E-02
3.03387E+01 1.20224E-02
3.01387E+01 1.20261E-02
2.99318E+01 1.20301E-02
2.97185E+01 1.20341E-02
2.94994E+01 1.20382E-02
2.92748E+01 1.20424E-02
2.90452E+01 1.20467E-02
2.88112E+01 1.20510E-02
2.85733E+01 1.20554E-02
2.83321E+01 1.20600E-02
2.80882E+01 1.20644E-02
2.78421E+01 1.20689E-02
2.75945E+01 1.20733E-02
2.73461E+01 1.20778E-02
2.70974E+01 1.20823E-02
2.68493E+01 1.20868E-02
2.66023E+01 1.20912E-02
2.63572E+01 1.20956E-02
2.61148E+01 1.20998E-02
2.58758E+01 1.21040E-02
2.56409E+01 1.21080E-02
2.54110E+01 1.21121E-02
2.51867E+01 1.21160E-02
2.49689E+01 1.21197E-02
2.47584E+01 1.21233E-02
2.45559E+01 1.21267E-02
2.43621E+01 1.21300E-02
2.41779E+01 1.21331E-02
2.40040E+01 1.21360E-02
2.38410E+01 1.21387E-02
2.36896E+01 1.21413E-02
2.35505E+01 1.21436E-02
2.34244E+01 1.21456E-02
2.33116E+01 1.21475E-02
2.32128E+01 1.21491E-02
2.31285E+01 1.21505E-02
2.30589E+01 1.21516E-02
2.30044E+01 1.21525E-02
2.29653E+01 1.21531E-02
2.29418E+01 1.21535E-02
2.29339E+01 1.21536E-02
