Will plot unflagged data


File # 1  = raise.vis
raise.vis 15.1356 GHz
Read 121 visibilities from all files

Baseline 4-5, plot 121 points
2.29339E+01 -2.89140E+00
2.29418E+01 -2.94399E+00
2.29653E+01 -2.99434E+00
2.30044E+01 -3.04251E+00
2.30589E+01 -3.08950E+00
2.31285E+01 -3.13323E+00
2.32128E+01 -3.17575E+00
2.33116E+01 -3.21606E+00
2.34244E+01 -3.25377E+00
2.35505E+01 -3.28884E+00
2.36896E+01 -3.32231E+00
2.38410E+01 -3.35315E+00
2.40039E+01 -3.38133E+00
2.41779E+01 -3.40792E+00
2.43621E+01 -3.43183E+00
2.45559E+01 -3.45376E+00
2.47584E+01 -3.47268E+00
2.49689E+01 -3.48966E+00
2.51867E+01 -3.50468E+00
2.54109E+01 -3.51669E+00
2.56409E+01 -3.52571E+00
2.58758E+01 -3.53382E+00
2.61148E+01 -3.53869E+00
2.63572E+01 -3.54128E+00
2.66023E+01 -3.54061E+00
2.68492E+01 -3.53874E+00
2.70974E+01 -3.53360E+00
2.73461E+01 -3.52622E+00
2.75945E+01 -3.51661E+00
2.78421E+01 -3.50479E+00
2.80882E+01 -3.49063E+00
2.83321E+01 -3.47401E+00
2.85733E+01 -3.45394E+00
2.88112E+01 -3.43250E+00
2.90452E+01 -3.40866E+00
2.92747E+01 -3.38244E+00
2.94994E+01 -3.35383E+00
2.97185E+01 -3.32284E+00
2.99318E+01 -3.28949E+00
3.01386E+01 -3.25380E+00
3.03387E+01 -3.21680E+00
3.05316E+01 -3.17633E+00
3.07168E+01 -3.13446E+00
3.08941E+01 -3.09020E+00
3.10631E+01 -3.04357E+00
3.12234E+01 -2.99562E+00
3.13748E+01 -2.94536E+00
3.15170E+01 -2.89280E+00
3.16497E+01 -2.83797E+00
3.17727E+01 -2.78193E+00
3.18857E+01 -2.72265E+00
3.19885E+01 -2.66324E+00
3.20810E+01 -2.60064E+00
3.21630E+01 -2.53697E+00
3.22344E+01 -2.47121E+00
3.22950E+01 -2.40443E+00
3.23447E+01 -2.33566E+00
3.23835E+01 -2.26492E+00
3.24112E+01 -2.19330E+00
3.24279E+01 -2.11980E+00
3.24335E+01 -2.04448E+00
3.24279E+01 -1.96842E+00
3.24112E+01 -1.89065E+00
3.23835E+01 -1.81121E+00
3.23447E+01 -1.73119E+00
3.22950E+01 -1.64963E+00
3.22344E+01 -1.56658E+00
3.21631E+01 -1.48314E+00
3.20810E+01 -1.39834E+00
3.19885E+01 -1.31327E+00
3.18857E+01 -1.22595E+00
3.17727E+01 -1.13953E+00
3.16497E+01 -1.05099E+00
3.15170E+01 -9.62468E-01
3.13748E+01 -8.72994E-01
3.12234E+01 -7.82645E-01
3.10631E+01 -6.91493E-01
3.08941E+01 -6.00643E-01
3.07168E+01 -5.09130E-01
3.05316E+01 -4.17022E-01
3.03387E+01 -3.25404E-01
3.01387E+01 -2.32301E-01
2.99318E+01 -1.39958E-01
2.97185E+01 -4.74317E-02
2.94994E+01 4.52114E-02
2.92748E+01 1.37902E-01
2.90452E+01 2.30565E-01
2.88112E+01 3.23125E-01
2.85733E+01 4.15503E-01
2.83321E+01 5.06599E-01
2.80882E+01 5.98419E-01
2.78421E+01 6.89896E-01
2.75945E+01 7.80843E-01
2.73461E+01 8.71047E-01
2.70974E+01 9.60467E-01
2.68493E+01 1.04905E+00
2.66023E+01 1.13776E+00
2.63572E+01 1.22446E+00
2.61148E+01 1.31117E+00
2.58758E+01 1.39682E+00
2.56409E+01 1.48233E+00
2.54110E+01 1.56533E+00
2.51867E+01 1.64782E+00
2.49689E+01 1.72980E+00
2.47584E+01 1.81016E+00
2.45559E+01 1.88884E+00
2.43621E+01 1.96687E+00
2.41779E+01 2.04318E+00
2.40040E+01 2.11843E+00
2.38410E+01 2.19150E+00
2.36896E+01 2.26344E+00
2.35505E+01 2.33418E+00
2.34244E+01 2.40265E+00
2.33116E+01 2.46990E+00
2.32128E+01 2.53584E+00
2.31285E+01 2.60009E+00
2.30589E+01 2.66161E+00
2.30044E+01 2.72246E+00
2.29653E+01 2.78052E+00
2.29418E+01 2.83682E+00
2.29339E+01 2.89139E+00
