Will plot unflagged data


File # 1  = raise.vis
raise.vis 4.7863 GHz
Read 121 visibilities from all files

Baseline 2-5, plot 121 points
2.97001E+01 5.75416E-01
2.97102E+01 5.75316E-01
2.97407E+01 5.75012E-01
2.97913E+01 5.74517E-01
2.98619E+01 5.73838E-01
2.99520E+01 5.72982E-01
3.00613E+01 5.71977E-01
3.01892E+01 5.70817E-01
3.03352E+01 5.69548E-01
3.04986E+01 5.68162E-01
3.06787E+01 5.66695E-01
3.08747E+01 5.65152E-01
3.10858E+01 5.63555E-01
3.13111E+01 5.61926E-01
3.15496E+01 5.60249E-01
3.18005E+01 5.58566E-01
3.20628E+01 5.56873E-01
3.23354E+01 5.55173E-01
3.26175E+01 5.53468E-01
3.29079E+01 5.51770E-01
3.32057E+01 5.50091E-01
3.35098E+01 5.48424E-01
3.38194E+01 5.46774E-01
3.41333E+01 5.45150E-01
3.44507E+01 5.43542E-01
3.47705E+01 5.41970E-01
3.50919E+01 5.40414E-01
3.54139E+01 5.38892E-01
3.57357E+01 5.37410E-01
3.60563E+01 5.35962E-01
3.63750E+01 5.34551E-01
3.66909E+01 5.33168E-01
3.70033E+01 5.31834E-01
3.73113E+01 5.30543E-01
3.76143E+01 5.29279E-01
3.79116E+01 5.28075E-01
3.82025E+01 5.26919E-01
3.84863E+01 5.25791E-01
3.87625E+01 5.24719E-01
3.90304E+01 5.23690E-01
3.92895E+01 5.22709E-01
3.95392E+01 5.21783E-01
3.97791E+01 5.20897E-01
4.00087E+01 5.20053E-01
4.02276E+01 5.19251E-01
4.04352E+01 5.18519E-01
4.06313E+01 5.17816E-01
4.08154E+01 5.17165E-01
4.09872E+01 5.16567E-01
4.11465E+01 5.16008E-01
4.12928E+01 5.15502E-01
4.14260E+01 5.15036E-01
4.15458E+01 5.14623E-01
4.16520E+01 5.14263E-01
4.17445E+01 5.13955E-01
4.18229E+01 5.13686E-01
4.18873E+01 5.13469E-01
4.19375E+01 5.13302E-01
4.19735E+01 5.13174E-01
4.19950E+01 5.13110E-01
4.20022E+01 5.13085E-01
4.19950E+01 5.13110E-01
4.19735E+01 5.13174E-01
4.19375E+01 5.13302E-01
4.18873E+01 5.13469E-01
4.18229E+01 5.13686E-01
4.17445E+01 5.13955E-01
4.16521E+01 5.14263E-01
4.15458E+01 5.14623E-01
4.14260E+01 5.15036E-01
4.12928E+01 5.15502E-01
4.11465E+01 5.16008E-01
4.09873E+01 5.16567E-01
4.08154E+01 5.17165E-01
4.06313E+01 5.17816E-01
4.04352E+01 5.18519E-01
4.02276E+01 5.19251E-01
4.00088E+01 5.20053E-01
3.97792E+01 5.20897E-01
3.95392E+01 5.21783E-01
3.92895E+01 5.22708E-01
3.90304E+01 5.23690E-01
3.87625E+01 5.24719E-01
3.84863E+01 5.25791E-01
3.82025E+01 5.26919E-01
3.79116E+01 5.28075E-01
3.76144E+01 5.29279E-01
3.73113E+01 5.30543E-01
3.70033E+01 5.31834E-01
3.66909E+01 5.33168E-01
3.63750E+01 5.34551E-01
3.60563E+01 5.35962E-01
3.57357E+01 5.37410E-01
3.54139E+01 5.38892E-01
3.50919E+01 5.40414E-01
3.47705E+01 5.41970E-01
3.44507E+01 5.43542E-01
3.41333E+01 5.45150E-01
3.38194E+01 5.46774E-01
3.35099E+01 5.48424E-01
3.32057E+01 5.50091E-01
3.29079E+01 5.51770E-01
3.26175E+01 5.53468E-01
3.23355E+01 5.55173E-01
3.20628E+01 5.56873E-01
3.18005E+01 5.58566E-01
3.15496E+01 5.60249E-01
3.13111E+01 5.61926E-01
3.10858E+01 5.63555E-01
3.08747E+01 5.65152E-01
3.06787E+01 5.66695E-01
3.04986E+01 5.68163E-01
3.03352E+01 5.69548E-01
3.01892E+01 5.70817E-01
3.00613E+01 5.71977E-01
2.99520E+01 5.72982E-01
2.98619E+01 5.73839E-01
2.97913E+01 5.74517E-01
2.97407E+01 5.75012E-01
2.97102E+01 5.75316E-01
2.97001E+01 5.75416E-01
