Will plot unflagged data


File # 1  = raise.vis
raise.vis 4.7863 GHz
Read 121 visibilities from all files

Baseline 2-5, plot 121 points
2.97001E+01 -8.03829E+00
2.97102E+01 -8.18471E+00
2.97407E+01 -8.32413E+00
2.97913E+01 -8.45915E+00
2.98619E+01 -8.58856E+00
2.99520E+01 -8.71116E+00
3.00613E+01 -8.82893E+00
3.01892E+01 -8.93911E+00
3.03352E+01 -9.04473E+00
3.04986E+01 -9.14295E+00
3.06787E+01 -9.23556E+00
3.08747E+01 -9.32134E+00
3.10858E+01 -9.40094E+00
3.13111E+01 -9.47497E+00
3.15496E+01 -9.54090E+00
3.18005E+01 -9.60149E+00
3.20628E+01 -9.65556E+00
3.23354E+01 -9.70266E+00
3.26175E+01 -9.74264E+00
3.29079E+01 -9.77583E+00
3.32057E+01 -9.80301E+00
3.35098E+01 -9.82325E+00
3.38194E+01 -9.83668E+00
3.41333E+01 -9.84380E+00
3.44507E+01 -9.84357E+00
3.47705E+01 -9.83741E+00
3.50919E+01 -9.82362E+00
3.54139E+01 -9.80327E+00
3.57357E+01 -9.77678E+00
3.60563E+01 -9.74348E+00
3.63750E+01 -9.70352E+00
3.66909E+01 -9.65614E+00
3.70033E+01 -9.60275E+00
3.73113E+01 -9.54292E+00
3.76143E+01 -9.47537E+00
3.79116E+01 -9.40249E+00
3.82025E+01 -9.32354E+00
3.84863E+01 -9.23685E+00
3.87625E+01 -9.14458E+00
3.90304E+01 -9.04592E+00
3.92895E+01 -8.94110E+00
3.95392E+01 -8.83089E+00
3.97791E+01 -8.71406E+00
4.00087E+01 -8.59084E+00
4.02276E+01 -8.46135E+00
4.04352E+01 -8.32780E+00
4.06313E+01 -8.18717E+00
4.08154E+01 -8.04122E+00
4.09872E+01 -7.89013E+00
4.11465E+01 -7.73299E+00
4.12928E+01 -7.57095E+00
4.14260E+01 -7.40308E+00
4.15458E+01 -7.23050E+00
4.16520E+01 -7.05333E+00
4.17445E+01 -6.87166E+00
4.18229E+01 -6.68456E+00
4.18873E+01 -6.49309E+00
4.19375E+01 -6.29740E+00
4.19735E+01 -6.09658E+00
4.19950E+01 -5.89284E+00
4.20022E+01 -5.68425E+00
4.19950E+01 -5.47200E+00
4.19735E+01 -5.25520E+00
4.19375E+01 -5.03605E+00
4.18873E+01 -4.81264E+00
4.18229E+01 -4.58615E+00
4.17445E+01 -4.35673E+00
4.16521E+01 -4.12361E+00
4.15458E+01 -3.88800E+00
4.14260E+01 -3.65008E+00
4.12928E+01 -3.41003E+00
4.11465E+01 -3.16700E+00
4.09873E+01 -2.92220E+00
4.08154E+01 -2.67476E+00
4.06313E+01 -2.42585E+00
4.04352E+01 -2.17557E+00
4.02276E+01 -1.92243E+00
4.00088E+01 -1.66970E+00
3.97792E+01 -1.41545E+00
3.95392E+01 -1.15982E+00
3.92895E+01 -9.02819E-01
3.90304E+01 -6.45944E-01
3.87625E+01 -3.88661E-01
3.84863E+01 -1.30983E-01
3.82025E+01 1.26025E-01
3.79116E+01 3.84294E-01
3.76144E+01 6.41937E-01
3.73113E+01 8.97971E-01
3.70033E+01 1.15456E+00
3.66909E+01 1.41023E+00
3.63750E+01 1.66432E+00
3.60563E+01 1.91804E+00
3.57357E+01 2.17043E+00
3.54139E+01 2.42144E+00
3.50919E+01 2.67021E+00
3.47705E+01 2.91697E+00
3.44507E+01 3.16263E+00
3.41333E+01 3.40530E+00
3.38194E+01 3.64625E+00
3.35099E+01 3.88427E+00
3.32057E+01 4.11970E+00
3.29079E+01 4.35252E+00
3.26175E+01 4.58168E+00
3.23355E+01 4.80780E+00
3.20628E+01 5.03110E+00
3.18005E+01 5.25131E+00
3.15496E+01 5.46785E+00
3.13111E+01 5.67946E+00
3.10858E+01 5.88877E+00
3.08747E+01 6.09317E+00
3.06787E+01 6.29320E+00
3.04986E+01 6.48941E+00
3.03352E+01 6.68051E+00
3.01892E+01 6.86825E+00
3.00613E+01 7.04970E+00
2.99520E+01 7.22786E+00
2.98619E+01 7.39993E+00
2.97913E+01 7.56785E+00
2.97407E+01 7.73040E+00
2.97102E+01 7.88634E+00
2.97001E+01 8.03827E+00
