Will plot unflagged data


File # 1  = raise.vis
raise.vis 0.1514 GHz
Read 121 visibilities from all files

Baseline 2-3, plot 121 points
5.62427E-01 7.50683E-01
5.62620E-01 7.54838E-01
5.63197E-01 7.58993E-01
5.64155E-01 7.63148E-01
5.65491E-01 7.67304E-01
5.67198E-01 7.71459E-01
5.69267E-01 7.75614E-01
5.71690E-01 7.79770E-01
5.74454E-01 7.83925E-01
5.77549E-01 7.88080E-01
5.80959E-01 7.92235E-01
5.84671E-01 7.96391E-01
5.88668E-01 8.00546E-01
5.92934E-01 8.04701E-01
5.97452E-01 8.08857E-01
6.02203E-01 8.13012E-01
6.07170E-01 8.17167E-01
6.12333E-01 8.21322E-01
6.17674E-01 8.25478E-01
6.23173E-01 8.29633E-01
6.28812E-01 8.33788E-01
6.34572E-01 8.37944E-01
6.40434E-01 8.42099E-01
6.46379E-01 8.46254E-01
6.52389E-01 8.50409E-01
6.58446E-01 8.54565E-01
6.64532E-01 8.58720E-01
6.70629E-01 8.62875E-01
6.76723E-01 8.67031E-01
6.82795E-01 8.71186E-01
6.88829E-01 8.75341E-01
6.94812E-01 8.79496E-01
7.00727E-01 8.83652E-01
7.06561E-01 8.87807E-01
7.12299E-01 8.91962E-01
7.17928E-01 8.96118E-01
7.23437E-01 9.00273E-01
7.28811E-01 9.04428E-01
7.34041E-01 9.08583E-01
7.39114E-01 9.12739E-01
7.44021E-01 9.16894E-01
7.48750E-01 9.21049E-01
7.53294E-01 9.25205E-01
7.57641E-01 9.29360E-01
7.61785E-01 9.33515E-01
7.65718E-01 9.37670E-01
7.69430E-01 9.41826E-01
7.72917E-01 9.45981E-01
7.76171E-01 9.50136E-01
7.79187E-01 9.54292E-01
7.81958E-01 9.58447E-01
7.84480E-01 9.62602E-01
7.86749E-01 9.66758E-01
7.88760E-01 9.70913E-01
7.90511E-01 9.75068E-01
7.91997E-01 9.79223E-01
7.93216E-01 9.83379E-01
7.94167E-01 9.87534E-01
7.94847E-01 9.91689E-01
7.95255E-01 9.95845E-01
7.95392E-01 1.00000E+00
7.95255E-01 1.00416E+00
7.94847E-01 1.00831E+00
7.94167E-01 1.01247E+00
7.93216E-01 1.01662E+00
7.91997E-01 1.02078E+00
7.90511E-01 1.02493E+00
7.88760E-01 1.02909E+00
7.86749E-01 1.03324E+00
7.84480E-01 1.03740E+00
7.81958E-01 1.04155E+00
7.79187E-01 1.04571E+00
7.76171E-01 1.04986E+00
7.72917E-01 1.05402E+00
7.69431E-01 1.05817E+00
7.65718E-01 1.06233E+00
7.61786E-01 1.06648E+00
7.57642E-01 1.07064E+00
7.53294E-01 1.07480E+00
7.48751E-01 1.07895E+00
7.44021E-01 1.08311E+00
7.39115E-01 1.08726E+00
7.34041E-01 1.09142E+00
7.28812E-01 1.09557E+00
7.23437E-01 1.09973E+00
7.17929E-01 1.10388E+00
7.12299E-01 1.10804E+00
7.06561E-01 1.11219E+00
7.00727E-01 1.11635E+00
6.94812E-01 1.12050E+00
6.88830E-01 1.12466E+00
6.82795E-01 1.12881E+00
6.76723E-01 1.13297E+00
6.70630E-01 1.13712E+00
6.64532E-01 1.14128E+00
6.58446E-01 1.14543E+00
6.52389E-01 1.14959E+00
6.46379E-01 1.15375E+00
6.40434E-01 1.15790E+00
6.34573E-01 1.16206E+00
6.28813E-01 1.16621E+00
6.23173E-01 1.17037E+00
6.17674E-01 1.17452E+00
6.12333E-01 1.17868E+00
6.07170E-01 1.18283E+00
6.02203E-01 1.18699E+00
5.97452E-01 1.19114E+00
5.92935E-01 1.19530E+00
5.88668E-01 1.19945E+00
5.84671E-01 1.20361E+00
5.80959E-01 1.20776E+00
5.77549E-01 1.21192E+00
5.74455E-01 1.21607E+00
5.71690E-01 1.22023E+00
5.69267E-01 1.22439E+00
5.67198E-01 1.22854E+00
5.65491E-01 1.23270E+00
5.64155E-01 1.23685E+00
5.63197E-01 1.24101E+00
5.62620E-01 1.24516E+00
5.62427E-01 1.24932E+00
