Will plot unflagged data


File # 1  = raise.vis
raise.vis 0.1514 GHz
Read 121 visibilities from all files

Baseline 2-3, plot 121 points
5.62427E-01 -4.07500E-02
5.62620E-01 -4.12191E-02
5.63197E-01 -4.26847E-02
5.64155E-01 -4.30947E-02
5.65491E-01 -4.34737E-02
5.67198E-01 -4.38206E-02
5.69267E-01 -4.51606E-02
5.71690E-01 -4.54408E-02
5.74454E-01 -4.56862E-02
5.77549E-01 -4.58960E-02
5.80959E-01 -4.70956E-02
5.84671E-01 -4.72317E-02
5.88668E-01 -4.73296E-02
5.92934E-01 -4.84153E-02
5.97452E-01 -4.84349E-02
6.02203E-01 -4.84141E-02
6.07170E-01 -4.93791E-02
6.12333E-01 -4.92757E-02
6.17674E-01 -4.91300E-02
6.23173E-01 -4.99685E-02
6.28812E-01 -4.97365E-02
6.34572E-01 -4.94604E-02
6.40434E-01 -5.01671E-02
6.46379E-01 -4.98015E-02
6.52389E-01 -5.04179E-02
6.58446E-01 -4.99610E-02
6.64532E-01 -4.94579E-02
6.70629E-01 -4.99357E-02
6.76723E-01 -4.93390E-02
6.82795E-01 -4.97227E-02
6.88829E-01 -4.90313E-02
6.94812E-01 -4.93199E-02
7.00727E-01 -4.85328E-02
7.06561E-01 -4.87255E-02
7.12299E-01 -4.78421E-02
7.17928E-01 -4.79383E-02
7.23437E-01 -4.69582E-02
7.28811E-01 -4.69578E-02
7.34041E-01 -4.69090E-02
7.39114E-01 -4.57837E-02
7.44021E-01 -4.56383E-02
7.48750E-01 -4.44165E-02
7.53294E-01 -4.41749E-02
7.57641E-01 -4.38854E-02
7.61785E-01 -4.25199E-02
7.65718E-01 -4.21353E-02
7.69430E-01 -4.17035E-02
7.72917E-01 -4.12249E-02
7.76171E-01 -3.96713E-02
7.79187E-01 -3.90998E-02
7.81958E-01 -3.84826E-02
7.84480E-01 -3.78200E-02
7.86749E-01 -3.71125E-02
7.88760E-01 -3.63605E-02
7.90511E-01 -3.45362E-02
7.91997E-01 -3.36969E-02
7.93216E-01 -3.28148E-02
7.94167E-01 -3.18906E-02
7.94847E-01 -3.09248E-02
7.95255E-01 -2.99180E-02
7.95392E-01 -2.88711E-02
7.95255E-01 -2.77847E-02
7.94847E-01 -2.66595E-02
7.94167E-01 -2.54963E-02
7.93216E-01 -2.42960E-02
7.91997E-01 -2.30593E-02
7.90511E-01 -2.17870E-02
7.88760E-01 -2.15086E-02
7.86749E-01 -2.01680E-02
7.84480E-01 -1.87946E-02
7.81958E-01 -1.73893E-02
7.79187E-01 -1.59530E-02
7.76171E-01 -1.44868E-02
7.72917E-01 -1.40201E-02
7.69431E-01 -1.24971E-02
7.65718E-01 -1.09472E-02
7.61786E-01 -9.37148E-03
7.57642E-01 -8.79935E-03
7.53294E-01 -7.17532E-03
7.48751E-01 -5.52877E-03
7.44021E-01 -4.88902E-03
7.39115E-01 -3.20084E-03
7.34041E-01 -2.52169E-03
7.28812E-01 -7.96525E-04
7.23437E-01 9.45373E-04
7.17929E-01 1.67482E-03
7.12299E-01 3.44659E-03
7.06561E-01 4.20355E-03
7.00727E-01 6.00033E-03
6.94812E-01 6.78001E-03
6.88830E-01 8.59687E-03
6.82795E-01 9.39423E-03
6.76723E-01 1.12262E-02
6.70630E-01 1.20363E-02
6.64532E-01 1.38784E-02
6.58446E-01 1.46961E-02
6.52389E-01 1.55158E-02
6.46379E-01 1.73635E-02
6.40434E-01 1.81833E-02
6.34573E-01 2.00285E-02
6.28813E-01 2.08433E-02
6.23173E-01 2.16538E-02
6.17674E-01 2.34857E-02
6.12333E-01 2.42836E-02
6.07170E-01 2.50735E-02
6.02203E-01 2.68807E-02
5.97452E-01 2.76505E-02
5.92935E-01 2.84086E-02
5.88668E-01 3.01801E-02
5.84671E-01 3.09107E-02
5.80959E-01 3.16259E-02
5.77549E-01 3.33508E-02
5.74455E-01 3.40314E-02
5.71690E-01 3.46931E-02
5.69267E-01 3.53346E-02
5.67198E-01 3.69807E-02
5.65491E-01 3.75784E-02
5.64155E-01 3.81526E-02
5.63197E-01 3.87021E-02
5.62620E-01 4.02515E-02
5.62427E-01 4.07485E-02
