Will plot unflagged data


File # 1  = raise.vis
raise.vis 0.1514 GHz
Read 121 visibilities from all files

Baseline 2-5, plot 121 points
9.39198E-01 -2.54193E-01
9.39520E-01 -2.58387E-01
9.40484E-01 -2.63424E-01
9.42085E-01 -2.67245E-01
9.44315E-01 -2.71899E-01
9.47165E-01 -2.75323E-01
9.50621E-01 -2.79569E-01
9.54666E-01 -2.82574E-01
9.59283E-01 -2.86390E-01
9.64450E-01 -2.88953E-01
9.70146E-01 -2.92318E-01
9.76344E-01 -2.94419E-01
9.83019E-01 -2.97312E-01
9.90143E-01 -2.99962E-01
9.97687E-01 -3.02365E-01
1.00562E+00 -3.03486E-01
1.01391E+00 -3.05381E-01
1.02254E+00 -3.07016E-01
1.03145E+00 -3.08387E-01
1.04064E+00 -3.09490E-01
1.05006E+00 -3.10323E-01
1.05967E+00 -3.10880E-01
1.06946E+00 -3.11160E-01
1.07939E+00 -3.11159E-01
1.08943E+00 -3.11907E-01
1.09954E+00 -3.11337E-01
1.10970E+00 -3.10478E-01
1.11989E+00 -3.10361E-01
1.13006E+00 -3.08919E-01
1.14020E+00 -3.08215E-01
1.15028E+00 -3.07214E-01
1.16027E+00 -3.05916E-01
1.17015E+00 -3.03287E-01
1.17989E+00 -3.01391E-01
1.18947E+00 -3.00226E-01
1.19887E+00 -2.97728E-01
1.20807E+00 -2.94928E-01
1.21704E+00 -2.91827E-01
1.22578E+00 -2.89457E-01
1.23425E+00 -2.85752E-01
1.24244E+00 -2.82779E-01
1.25034E+00 -2.79505E-01
1.25793E+00 -2.75932E-01
1.26519E+00 -2.72060E-01
1.27211E+00 -2.67891E-01
1.27867E+00 -2.63426E-01
1.28487E+00 -2.58666E-01
1.29070E+00 -2.54648E-01
1.29613E+00 -2.49305E-01
1.30117E+00 -2.44708E-01
1.30579E+00 -2.39825E-01
1.31001E+00 -2.33626E-01
1.31379E+00 -2.28179E-01
1.31715E+00 -2.23488E-01
1.32008E+00 -2.17491E-01
1.32256E+00 -2.11222E-01
1.32459E+00 -2.05720E-01
1.32618E+00 -1.98922E-01
1.32732E+00 -1.92897E-01
1.32800E+00 -1.86617E-01
1.32823E+00 -1.80086E-01
1.32800E+00 -1.73309E-01
1.32732E+00 -1.66290E-01
1.32618E+00 -1.59034E-01
1.32459E+00 -1.52580E-01
1.32256E+00 -1.44865E-01
1.32008E+00 -1.37962E-01
1.31715E+00 -1.30843E-01
1.31379E+00 -1.22480E-01
1.31001E+00 -1.14946E-01
1.30579E+00 -1.08245E-01
1.30117E+00 -1.00319E-01
1.29613E+00 -9.22061E-02
1.29070E+00 -8.49456E-02
1.28487E+00 -7.64781E-02
1.27867E+00 -6.88759E-02
1.27211E+00 -6.11128E-02
1.26519E+00 -5.31954E-02
1.25793E+00 -4.51307E-02
1.25034E+00 -3.69255E-02
1.24244E+00 -2.85869E-02
1.23425E+00 -2.01220E-02
1.22578E+00 -1.25710E-02
1.21704E+00 -3.87528E-03
1.20807E+00 3.89189E-03
1.19887E+00 1.17560E-02
1.18947E+00 1.97097E-02
1.17989E+00 2.87781E-02
1.17015E+00 3.68880E-02
1.16027E+00 4.40318E-02
1.15028E+00 5.22672E-02
1.14020E+00 6.05538E-02
1.13006E+00 6.88837E-02
1.11989E+00 7.62167E-02
1.10970E+00 8.46099E-02
1.09954E+00 9.19907E-02
1.08943E+00 9.93834E-02
1.07939E+00 1.07813E-01
1.06946E+00 1.15206E-01
1.05967E+00 1.22588E-01
1.05006E+00 1.29950E-01
1.04064E+00 1.37286E-01
1.03146E+00 1.44586E-01
1.02254E+00 1.51844E-01
1.01391E+00 1.59051E-01
1.00562E+00 1.66199E-01
9.97687E-01 1.72251E-01
9.90143E-01 1.79261E-01
9.83019E-01 1.86189E-01
9.76344E-01 1.93029E-01
9.70146E-01 1.98743E-01
9.64451E-01 2.05384E-01
9.59283E-01 2.10884E-01
9.54666E-01 2.17297E-01
9.50621E-01 2.22555E-01
9.47165E-01 2.28711E-01
9.44315E-01 2.33700E-01
9.42085E-01 2.39571E-01
9.40484E-01 2.44263E-01
9.39520E-01 2.49822E-01
9.39198E-01 2.54191E-01
