Will plot unflagged data


File # 1  = raise.vis
raise.vis 0.1514 GHz
Read 121 visibilities from all files

Baseline 2-5, plot 121 points
9.39198E-01 6.62702E+00
9.39520E-01 6.62702E+00
9.40484E-01 6.62701E+00
9.42085E-01 6.62700E+00
9.44315E-01 6.62699E+00
9.47165E-01 6.62696E+00
9.50621E-01 6.62694E+00
9.54666E-01 6.62691E+00
9.59283E-01 6.62688E+00
9.64450E-01 6.62684E+00
9.70146E-01 6.62680E+00
9.76344E-01 6.62675E+00
9.83019E-01 6.62671E+00
9.90143E-01 6.62666E+00
9.97687E-01 6.62661E+00
1.00562E+00 6.62654E+00
1.01391E+00 6.62648E+00
1.02254E+00 6.62642E+00
1.03145E+00 6.62636E+00
1.04064E+00 6.62629E+00
1.05006E+00 6.62622E+00
1.05967E+00 6.62614E+00
1.06946E+00 6.62606E+00
1.07939E+00 6.62598E+00
1.08943E+00 6.62592E+00
1.09954E+00 6.62583E+00
1.10970E+00 6.62574E+00
1.11989E+00 6.62567E+00
1.13006E+00 6.62557E+00
1.14020E+00 6.62549E+00
1.15028E+00 6.62542E+00
1.16027E+00 6.62534E+00
1.17015E+00 6.62523E+00
1.17989E+00 6.62515E+00
1.18947E+00 6.62509E+00
1.19887E+00 6.62500E+00
1.20807E+00 6.62491E+00
1.21704E+00 6.62482E+00
1.22578E+00 6.62476E+00
1.23425E+00 6.62467E+00
1.24244E+00 6.62461E+00
1.25034E+00 6.62454E+00
1.25793E+00 6.62447E+00
1.26519E+00 6.62441E+00
1.27211E+00 6.62434E+00
1.27867E+00 6.62427E+00
1.28487E+00 6.62421E+00
1.29070E+00 6.62417E+00
1.29613E+00 6.62410E+00
1.30117E+00 6.62406E+00
1.30579E+00 6.62403E+00
1.31001E+00 6.62396E+00
1.31379E+00 6.62392E+00
1.31715E+00 6.62392E+00
1.32008E+00 6.62389E+00
1.32256E+00 6.62385E+00
1.32459E+00 6.62385E+00
1.32618E+00 6.62381E+00
1.32732E+00 6.62381E+00
1.32800E+00 6.62381E+00
1.32823E+00 6.62381E+00
1.32800E+00 6.62381E+00
1.32732E+00 6.62381E+00
1.32618E+00 6.62381E+00
1.32459E+00 6.62385E+00
1.32256E+00 6.62385E+00
1.32008E+00 6.62389E+00
1.31715E+00 6.62392E+00
1.31379E+00 6.62392E+00
1.31001E+00 6.62396E+00
1.30579E+00 6.62403E+00
1.30117E+00 6.62407E+00
1.29613E+00 6.62410E+00
1.29070E+00 6.62417E+00
1.28487E+00 6.62420E+00
1.27867E+00 6.62427E+00
1.27211E+00 6.62434E+00
1.26519E+00 6.62441E+00
1.25793E+00 6.62447E+00
1.25034E+00 6.62454E+00
1.24244E+00 6.62460E+00
1.23425E+00 6.62467E+00
1.22578E+00 6.62476E+00
1.21704E+00 6.62482E+00
1.20807E+00 6.62491E+00
1.19887E+00 6.62500E+00
1.18947E+00 6.62509E+00
1.17989E+00 6.62515E+00
1.17015E+00 6.62523E+00
1.16027E+00 6.62534E+00
1.15028E+00 6.62542E+00
1.14020E+00 6.62550E+00
1.13006E+00 6.62557E+00
1.11989E+00 6.62567E+00
1.10970E+00 6.62574E+00
1.09954E+00 6.62583E+00
1.08943E+00 6.62592E+00
1.07939E+00 6.62598E+00
1.06946E+00 6.62606E+00
1.05967E+00 6.62614E+00
1.05006E+00 6.62622E+00
1.04064E+00 6.62629E+00
1.03146E+00 6.62636E+00
1.02254E+00 6.62642E+00
1.01391E+00 6.62648E+00
1.00562E+00 6.62654E+00
9.97687E-01 6.62661E+00
9.90143E-01 6.62666E+00
9.83019E-01 6.62671E+00
9.76344E-01 6.62675E+00
9.70146E-01 6.62680E+00
9.64451E-01 6.62684E+00
9.59283E-01 6.62688E+00
9.54666E-01 6.62691E+00
9.50621E-01 6.62694E+00
9.47165E-01 6.62696E+00
9.44315E-01 6.62699E+00
9.42085E-01 6.62700E+00
9.40484E-01 6.62701E+00
9.39520E-01 6.62702E+00
9.39198E-01 6.62702E+00
