Will plot unflagged data


File # 1  = raise.vis
raise.vis 1.5136 GHz
Read 121 visibilities from all files

Baseline 2-5, plot 121 points
9.39198E+00 0.00000E+00
9.39520E+00 0.00000E+00
9.40484E+00 0.00000E+00
9.42085E+00 0.00000E+00
9.44315E+00 0.00000E+00
9.47165E+00 0.00000E+00
9.50621E+00 0.00000E+00
9.54666E+00 0.00000E+00
9.59283E+00 0.00000E+00
9.64450E+00 0.00000E+00
9.70146E+00 0.00000E+00
9.76344E+00 0.00000E+00
9.83019E+00 0.00000E+00
9.90143E+00 0.00000E+00
9.97686E+00 0.00000E+00
1.00562E+01 0.00000E+00
1.01391E+01 0.00000E+00
1.02254E+01 0.00000E+00
1.03145E+01 0.00000E+00
1.04064E+01 0.00000E+00
1.05006E+01 0.00000E+00
1.05967E+01 0.00000E+00
1.06946E+01 0.00000E+00
1.07939E+01 0.00000E+00
1.08943E+01 0.00000E+00
1.09954E+01 0.00000E+00
1.10970E+01 0.00000E+00
1.11989E+01 0.00000E+00
1.13006E+01 0.00000E+00
1.14020E+01 0.00000E+00
1.15028E+01 0.00000E+00
1.16027E+01 0.00000E+00
1.17015E+01 0.00000E+00
1.17989E+01 0.00000E+00
1.18947E+01 0.00000E+00
1.19887E+01 0.00000E+00
1.20807E+01 0.00000E+00
1.21704E+01 0.00000E+00
1.22578E+01 0.00000E+00
1.23425E+01 0.00000E+00
1.24244E+01 0.00000E+00
1.25034E+01 0.00000E+00
1.25793E+01 0.00000E+00
1.26519E+01 0.00000E+00
1.27211E+01 0.00000E+00
1.27867E+01 0.00000E+00
1.28487E+01 0.00000E+00
1.29070E+01 0.00000E+00
1.29613E+01 0.00000E+00
1.30117E+01 0.00000E+00
1.30579E+01 0.00000E+00
1.31001E+01 0.00000E+00
1.31379E+01 0.00000E+00
1.31715E+01 0.00000E+00
1.32008E+01 0.00000E+00
1.32256E+01 0.00000E+00
1.32459E+01 0.00000E+00
1.32618E+01 0.00000E+00
1.32732E+01 0.00000E+00
1.32800E+01 0.00000E+00
1.32823E+01 0.00000E+00
1.32800E+01 0.00000E+00
1.32732E+01 0.00000E+00
1.32618E+01 0.00000E+00
1.32459E+01 0.00000E+00
1.32256E+01 0.00000E+00
1.32008E+01 0.00000E+00
1.31715E+01 0.00000E+00
1.31379E+01 0.00000E+00
1.31001E+01 0.00000E+00
1.30579E+01 0.00000E+00
1.30117E+01 0.00000E+00
1.29613E+01 0.00000E+00
1.29070E+01 0.00000E+00
1.28487E+01 0.00000E+00
1.27867E+01 0.00000E+00
1.27211E+01 0.00000E+00
1.26519E+01 0.00000E+00
1.25793E+01 0.00000E+00
1.25034E+01 0.00000E+00
1.24244E+01 0.00000E+00
1.23425E+01 0.00000E+00
1.22578E+01 0.00000E+00
1.21704E+01 0.00000E+00
1.20807E+01 0.00000E+00
1.19887E+01 0.00000E+00
1.18947E+01 0.00000E+00
1.17989E+01 0.00000E+00
1.17015E+01 0.00000E+00
1.16027E+01 0.00000E+00
1.15028E+01 0.00000E+00
1.14020E+01 0.00000E+00
1.13006E+01 0.00000E+00
1.11989E+01 0.00000E+00
1.10970E+01 0.00000E+00
1.09954E+01 0.00000E+00
1.08943E+01 0.00000E+00
1.07939E+01 0.00000E+00
1.06946E+01 0.00000E+00
1.05967E+01 0.00000E+00
1.05006E+01 0.00000E+00
1.04064E+01 0.00000E+00
1.03146E+01 0.00000E+00
1.02254E+01 0.00000E+00
1.01391E+01 0.00000E+00
1.00562E+01 0.00000E+00
9.97687E+00 0.00000E+00
9.90143E+00 0.00000E+00
9.83019E+00 0.00000E+00
9.76344E+00 0.00000E+00
9.70146E+00 0.00000E+00
9.64451E+00 0.00000E+00
9.59283E+00 0.00000E+00
9.54667E+00 0.00000E+00
9.50621E+00 0.00000E+00
9.47165E+00 0.00000E+00
9.44316E+00 0.00000E+00
9.42085E+00 0.00000E+00
9.40484E+00 0.00000E+00
9.39520E+00 0.00000E+00
9.39198E+00 0.00000E+00
