Will plot unflagged data


File # 1  = raise.vis
raise.vis 4.7863 GHz
Read 121 visibilities from all files

Baseline 2-5, plot 121 points
2.97001E+01 -2.15185E+00
2.97102E+01 -2.19070E+00
2.97407E+01 -2.22894E+00
2.97913E+01 -2.26449E+00
2.98619E+01 -2.29943E+00
2.99520E+01 -2.33164E+00
3.00613E+01 -2.36315E+00
3.01892E+01 -2.39291E+00
3.03352E+01 -2.42091E+00
3.04986E+01 -2.44715E+00
3.06787E+01 -2.47247E+00
3.08747E+01 -2.49572E+00
3.10858E+01 -2.51691E+00
3.13111E+01 -2.53603E+00
3.15496E+01 -2.55409E+00
3.18005E+01 -2.57003E+00
3.20628E+01 -2.58486E+00
3.23354E+01 -2.59754E+00
3.26175E+01 -2.60808E+00
3.29079E+01 -2.61745E+00
3.32057E+01 -2.62444E+00
3.35098E+01 -2.63007E+00
3.38194E+01 -2.63332E+00
3.41333E+01 -2.63521E+00
3.44507E+01 -2.63574E+00
3.47705E+01 -2.63385E+00
3.50919E+01 -2.62953E+00
3.54139E+01 -2.62382E+00
3.57357E+01 -2.61670E+00
3.60563E+01 -2.60818E+00
3.63750E+01 -2.59720E+00
3.66909E+01 -2.58465E+00
3.70033E+01 -2.57057E+00
3.73113E+01 -2.55494E+00
3.76143E+01 -2.53676E+00
3.79116E+01 -2.51706E+00
3.82025E+01 -2.49583E+00
3.84863E+01 -2.47308E+00
3.87625E+01 -2.44778E+00
3.90304E+01 -2.42199E+00
3.92895E+01 -2.39367E+00
3.95392E+01 -2.36385E+00
3.97791E+01 -2.33254E+00
4.00087E+01 -2.29975E+00
4.02276E+01 -2.26550E+00
4.04352E+01 -2.22876E+00
4.06313E+01 -2.19159E+00
4.08154E+01 -2.15295E+00
4.09872E+01 -2.11184E+00
4.11465E+01 -2.07034E+00
4.12928E+01 -2.02641E+00
4.14260E+01 -1.98214E+00
4.15458E+01 -1.93549E+00
4.16520E+01 -1.88856E+00
4.17445E+01 -1.83931E+00
4.18229E+01 -1.78983E+00
4.18873E+01 -1.73809E+00
4.19375E+01 -1.68619E+00
4.19735E+01 -1.63209E+00
4.19950E+01 -1.57789E+00
4.20022E+01 -1.52157E+00
4.19950E+01 -1.46523E+00
4.19735E+01 -1.40685E+00
4.19375E+01 -1.34852E+00
4.18873E+01 -1.28823E+00
4.18229E+01 -1.22809E+00
4.17445E+01 -1.16606E+00
4.16521E+01 -1.10428E+00
4.15458E+01 -1.04071E+00
4.14260E+01 -9.77463E-01
4.12928E+01 -9.12531E-01
4.11465E+01 -8.48024E-01
4.09873E+01 -7.81927E-01
4.08154E+01 -7.16351E-01
4.06313E+01 -6.49286E-01
4.04352E+01 -5.81808E-01
4.02276E+01 -5.15024E-01
4.00088E+01 -4.46960E-01
3.97792E+01 -3.78701E-01
3.95392E+01 -3.10303E-01
3.92895E+01 -2.41823E-01
3.90304E+01 -1.73318E-01
3.87625E+01 -1.03814E-01
3.84863E+01 -3.54357E-02
3.82025E+01 3.38231E-02
3.79116E+01 1.02870E-01
3.76144E+01 1.71643E-01
3.73113E+01 2.40084E-01
3.70033E+01 3.09170E-01
3.66909E+01 3.77816E-01
3.63750E+01 4.45976E-01
3.60563E+01 5.13611E-01
3.57357E+01 5.81574E-01
3.54139E+01 6.48743E-01
3.50919E+01 7.15070E-01
3.47705E+01 7.80505E-01
3.44507E+01 8.46026E-01
3.41333E+01 9.11577E-01
3.38194E+01 9.76064E-01
3.35099E+01 1.03943E+00
3.32057E+01 1.10267E+00
3.29079E+01 1.16471E+00
3.26175E+01 1.22654E+00
3.23355E+01 1.28691E+00
3.20628E+01 1.34676E+00
3.18005E+01 1.40607E+00
3.15496E+01 1.46376E+00
3.13111E+01 1.52082E+00
3.10858E+01 1.57615E+00
3.08747E+01 1.63075E+00
3.06787E+01 1.68459E+00
3.04986E+01 1.73764E+00
3.03352E+01 1.78874E+00
3.01892E+01 1.83872E+00
3.00613E+01 1.88756E+00
2.99520E+01 1.93524E+00
2.98619E+01 1.98070E+00
2.97913E+01 2.02594E+00
2.97407E+01 2.06887E+00
2.97102E+01 2.11152E+00
2.97001E+01 2.15185E+00
