Will plot unflagged data


File # 1  = raise.vis
raise.vis 4.7863 GHz
Read 121 visibilities from all files

Baseline 2-5, plot 121 points
2.97001E+01 1.65295E-02
2.97102E+01 1.65294E-02
2.97407E+01 1.65290E-02
2.97913E+01 1.65283E-02
2.98619E+01 1.65273E-02
2.99520E+01 1.65260E-02
3.00613E+01 1.65245E-02
3.01892E+01 1.65227E-02
3.03352E+01 1.65207E-02
3.04986E+01 1.65184E-02
3.06787E+01 1.65159E-02
3.08747E+01 1.65131E-02
3.10858E+01 1.65101E-02
3.13111E+01 1.65069E-02
3.15496E+01 1.65035E-02
3.18005E+01 1.64999E-02
3.20628E+01 1.64961E-02
3.23354E+01 1.64922E-02
3.26175E+01 1.64880E-02
3.29079E+01 1.64838E-02
3.32057E+01 1.64794E-02
3.35098E+01 1.64749E-02
3.38194E+01 1.64702E-02
3.41333E+01 1.64655E-02
3.44507E+01 1.64608E-02
3.47705E+01 1.64560E-02
3.50919E+01 1.64510E-02
3.54139E+01 1.64460E-02
3.57357E+01 1.64411E-02
3.60563E+01 1.64362E-02
3.63750E+01 1.64312E-02
3.66909E+01 1.64263E-02
3.70033E+01 1.64214E-02
3.73113E+01 1.64167E-02
3.76143E+01 1.64118E-02
3.79116E+01 1.64071E-02
3.82025E+01 1.64025E-02
3.84863E+01 1.63980E-02
3.87625E+01 1.63935E-02
3.90304E+01 1.63893E-02
3.92895E+01 1.63851E-02
3.95392E+01 1.63810E-02
3.97791E+01 1.63771E-02
4.00087E+01 1.63734E-02
4.02276E+01 1.63699E-02
4.04352E+01 1.63663E-02
4.06313E+01 1.63632E-02
4.08154E+01 1.63603E-02
4.09872E+01 1.63574E-02
4.11465E+01 1.63548E-02
4.12928E+01 1.63523E-02
4.14260E+01 1.63502E-02
4.15458E+01 1.63482E-02
4.16520E+01 1.63465E-02
4.17445E+01 1.63449E-02
4.18229E+01 1.63437E-02
4.18873E+01 1.63425E-02
4.19375E+01 1.63418E-02
4.19735E+01 1.63411E-02
4.19950E+01 1.63409E-02
4.20022E+01 1.63407E-02
4.19950E+01 1.63409E-02
4.19735E+01 1.63411E-02
4.19375E+01 1.63418E-02
4.18873E+01 1.63425E-02
4.18229E+01 1.63437E-02
4.17445E+01 1.63449E-02
4.16521E+01 1.63465E-02
4.15458E+01 1.63482E-02
4.14260E+01 1.63502E-02
4.12928E+01 1.63523E-02
4.11465E+01 1.63548E-02
4.09873E+01 1.63574E-02
4.08154E+01 1.63603E-02
4.06313E+01 1.63632E-02
4.04352E+01 1.63664E-02
4.02276E+01 1.63699E-02
4.00088E+01 1.63734E-02
3.97792E+01 1.63771E-02
3.95392E+01 1.63810E-02
3.92895E+01 1.63851E-02
3.90304E+01 1.63893E-02
3.87625E+01 1.63935E-02
3.84863E+01 1.63980E-02
3.82025E+01 1.64025E-02
3.79116E+01 1.64071E-02
3.76144E+01 1.64118E-02
3.73113E+01 1.64167E-02
3.70033E+01 1.64214E-02
3.66909E+01 1.64263E-02
3.63750E+01 1.64312E-02
3.60563E+01 1.64362E-02
3.57357E+01 1.64411E-02
3.54139E+01 1.64460E-02
3.50919E+01 1.64510E-02
3.47705E+01 1.64560E-02
3.44507E+01 1.64608E-02
3.41333E+01 1.64656E-02
3.38194E+01 1.64702E-02
3.35099E+01 1.64749E-02
3.32057E+01 1.64794E-02
3.29079E+01 1.64838E-02
3.26175E+01 1.64880E-02
3.23355E+01 1.64922E-02
3.20628E+01 1.64961E-02
3.18005E+01 1.64999E-02
3.15496E+01 1.65035E-02
3.13111E+01 1.65069E-02
3.10858E+01 1.65101E-02
3.08747E+01 1.65131E-02
3.06787E+01 1.65159E-02
3.04986E+01 1.65184E-02
3.03352E+01 1.65207E-02
3.01892E+01 1.65227E-02
3.00613E+01 1.65245E-02
2.99520E+01 1.65260E-02
2.98619E+01 1.65273E-02
2.97913E+01 1.65283E-02
2.97407E+01 1.65290E-02
2.97102E+01 1.65294E-02
2.97001E+01 1.65295E-02
