Will plot unflagged data


File # 1  = raise.vis
raise.vis 4.7863 GHz
Read 121 visibilities from all files

Baseline 4-5, plot 121 points
7.25234E+00 0.00000E+00
7.25483E+00 0.00000E+00
7.26227E+00 0.00000E+00
7.27463E+00 0.00000E+00
7.29185E+00 0.00000E+00
7.31386E+00 0.00000E+00
7.34054E+00 0.00000E+00
7.37178E+00 0.00000E+00
7.40743E+00 0.00000E+00
7.44733E+00 0.00000E+00
7.49131E+00 0.00000E+00
7.53917E+00 0.00000E+00
7.59071E+00 0.00000E+00
7.64572E+00 0.00000E+00
7.70398E+00 0.00000E+00
7.76524E+00 0.00000E+00
7.82929E+00 0.00000E+00
7.89586E+00 0.00000E+00
7.96473E+00 0.00000E+00
8.03565E+00 0.00000E+00
8.10836E+00 0.00000E+00
8.18263E+00 0.00000E+00
8.25822E+00 0.00000E+00
8.33488E+00 0.00000E+00
8.41237E+00 0.00000E+00
8.49048E+00 0.00000E+00
8.56895E+00 0.00000E+00
8.64758E+00 0.00000E+00
8.72615E+00 0.00000E+00
8.80445E+00 0.00000E+00
8.88227E+00 0.00000E+00
8.95941E+00 0.00000E+00
9.03568E+00 0.00000E+00
9.11091E+00 0.00000E+00
9.18490E+00 0.00000E+00
9.25749E+00 0.00000E+00
9.32852E+00 0.00000E+00
9.39782E+00 0.00000E+00
9.46526E+00 0.00000E+00
9.53067E+00 0.00000E+00
9.59394E+00 0.00000E+00
9.65493E+00 0.00000E+00
9.71351E+00 0.00000E+00
9.76958E+00 0.00000E+00
9.82301E+00 0.00000E+00
9.87372E+00 0.00000E+00
9.92159E+00 0.00000E+00
9.96655E+00 0.00000E+00
1.00085E+01 0.00000E+00
1.00474E+01 0.00000E+00
1.00831E+01 0.00000E+00
1.01157E+01 0.00000E+00
1.01449E+01 0.00000E+00
1.01708E+01 0.00000E+00
1.01934E+01 0.00000E+00
1.02126E+01 0.00000E+00
1.02283E+01 0.00000E+00
1.02406E+01 0.00000E+00
1.02493E+01 0.00000E+00
1.02546E+01 0.00000E+00
1.02564E+01 0.00000E+00
1.02546E+01 0.00000E+00
1.02493E+01 0.00000E+00
1.02406E+01 0.00000E+00
1.02283E+01 0.00000E+00
1.02126E+01 0.00000E+00
1.01934E+01 0.00000E+00
1.01709E+01 0.00000E+00
1.01449E+01 0.00000E+00
1.01157E+01 0.00000E+00
1.00831E+01 0.00000E+00
1.00474E+01 0.00000E+00
1.00085E+01 0.00000E+00
9.96656E+00 0.00000E+00
9.92160E+00 0.00000E+00
9.87372E+00 0.00000E+00
9.82302E+00 0.00000E+00
9.76958E+00 0.00000E+00
9.71352E+00 0.00000E+00
9.65493E+00 0.00000E+00
9.59395E+00 0.00000E+00
9.53068E+00 0.00000E+00
9.46526E+00 0.00000E+00
9.39783E+00 0.00000E+00
9.32852E+00 0.00000E+00
9.25749E+00 0.00000E+00
9.18490E+00 0.00000E+00
9.11091E+00 0.00000E+00
9.03569E+00 0.00000E+00
8.95941E+00 0.00000E+00
8.88227E+00 0.00000E+00
8.80445E+00 0.00000E+00
8.72616E+00 0.00000E+00
8.64759E+00 0.00000E+00
8.56896E+00 0.00000E+00
8.49048E+00 0.00000E+00
8.41238E+00 0.00000E+00
8.33488E+00 0.00000E+00
8.25823E+00 0.00000E+00
8.18264E+00 0.00000E+00
8.10837E+00 0.00000E+00
8.03565E+00 0.00000E+00
7.96474E+00 0.00000E+00
7.89587E+00 0.00000E+00
7.82929E+00 0.00000E+00
7.76525E+00 0.00000E+00
7.70398E+00 0.00000E+00
7.64573E+00 0.00000E+00
7.59072E+00 0.00000E+00
7.53918E+00 0.00000E+00
7.49131E+00 0.00000E+00
7.44734E+00 0.00000E+00
7.40743E+00 0.00000E+00
7.37178E+00 0.00000E+00
7.34054E+00 0.00000E+00
7.31386E+00 0.00000E+00
7.29185E+00 0.00000E+00
7.27463E+00 0.00000E+00
7.26227E+00 0.00000E+00
7.25483E+00 0.00000E+00
7.25234E+00 0.00000E+00
