Will plot unflagged data


File # 1  = raise.vis
raise.vis 0.1514 GHz
Read 121 visibilities from all files

Baseline 2-3, plot 121 points
5.62427E-01 2.04499E+00
5.62620E-01 2.04499E+00
5.63197E-01 2.04499E+00
5.64155E-01 2.04499E+00
5.65491E-01 2.04499E+00
5.67198E-01 2.04499E+00
5.69267E-01 2.04498E+00
5.71690E-01 2.04498E+00
5.74454E-01 2.04498E+00
5.77549E-01 2.04498E+00
5.80959E-01 2.04498E+00
5.84671E-01 2.04497E+00
5.88668E-01 2.04497E+00
5.92934E-01 2.04497E+00
5.97452E-01 2.04496E+00
6.02203E-01 2.04496E+00
6.07170E-01 2.04495E+00
6.12333E-01 2.04495E+00
6.17674E-01 2.04495E+00
6.23173E-01 2.04494E+00
6.28812E-01 2.04494E+00
6.34572E-01 2.04493E+00
6.40434E-01 2.04492E+00
6.46379E-01 2.04492E+00
6.52389E-01 2.04491E+00
6.58446E-01 2.04491E+00
6.64532E-01 2.04490E+00
6.70629E-01 2.04490E+00
6.76723E-01 2.04489E+00
6.82795E-01 2.04488E+00
6.88829E-01 2.04488E+00
6.94812E-01 2.04487E+00
7.00727E-01 2.04487E+00
7.06561E-01 2.04487E+00
7.12299E-01 2.04486E+00
7.17928E-01 2.04485E+00
7.23437E-01 2.04485E+00
7.28811E-01 2.04484E+00
7.34041E-01 2.04484E+00
7.39114E-01 2.04483E+00
7.44021E-01 2.04483E+00
7.48750E-01 2.04482E+00
7.53294E-01 2.04482E+00
7.57641E-01 2.04481E+00
7.61785E-01 2.04481E+00
7.65718E-01 2.04480E+00
7.69430E-01 2.04480E+00
7.72917E-01 2.04480E+00
7.76171E-01 2.04479E+00
7.79187E-01 2.04479E+00
7.81958E-01 2.04479E+00
7.84480E-01 2.04478E+00
7.86749E-01 2.04478E+00
7.88760E-01 2.04478E+00
7.90511E-01 2.04478E+00
7.91997E-01 2.04478E+00
7.93216E-01 2.04477E+00
7.94167E-01 2.04477E+00
7.94847E-01 2.04477E+00
7.95255E-01 2.04477E+00
7.95392E-01 2.04477E+00
7.95255E-01 2.04477E+00
7.94847E-01 2.04477E+00
7.94167E-01 2.04477E+00
7.93216E-01 2.04477E+00
7.91997E-01 2.04478E+00
7.90511E-01 2.04478E+00
7.88760E-01 2.04478E+00
7.86749E-01 2.04478E+00
7.84480E-01 2.04478E+00
7.81958E-01 2.04479E+00
7.79187E-01 2.04479E+00
7.76171E-01 2.04479E+00
7.72917E-01 2.04480E+00
7.69431E-01 2.04480E+00
7.65718E-01 2.04480E+00
7.61786E-01 2.04481E+00
7.57642E-01 2.04481E+00
7.53294E-01 2.04482E+00
7.48751E-01 2.04482E+00
7.44021E-01 2.04483E+00
7.39115E-01 2.04483E+00
7.34041E-01 2.04484E+00
7.28812E-01 2.04484E+00
7.23437E-01 2.04485E+00
7.17929E-01 2.04485E+00
7.12299E-01 2.04486E+00
7.06561E-01 2.04487E+00
7.00727E-01 2.04487E+00
6.94812E-01 2.04487E+00
6.88830E-01 2.04488E+00
6.82795E-01 2.04489E+00
6.76723E-01 2.04489E+00
6.70630E-01 2.04490E+00
6.64532E-01 2.04490E+00
6.58446E-01 2.04491E+00
6.52389E-01 2.04491E+00
6.46379E-01 2.04492E+00
6.40434E-01 2.04492E+00
6.34573E-01 2.04493E+00
6.28813E-01 2.04494E+00
6.23173E-01 2.04494E+00
6.17674E-01 2.04495E+00
6.12333E-01 2.04495E+00
6.07170E-01 2.04495E+00
6.02203E-01 2.04496E+00
5.97452E-01 2.04496E+00
5.92935E-01 2.04497E+00
5.88668E-01 2.04497E+00
5.84671E-01 2.04497E+00
5.80959E-01 2.04498E+00
5.77549E-01 2.04498E+00
5.74455E-01 2.04498E+00
5.71690E-01 2.04498E+00
5.69267E-01 2.04498E+00
5.67198E-01 2.04499E+00
5.65491E-01 2.04499E+00
5.64155E-01 2.04499E+00
5.63197E-01 2.04499E+00
5.62620E-01 2.04499E+00
5.62427E-01 2.04499E+00
