Will plot unflagged data


File # 1  = raise.vis
raise.vis 0.1514 GHz
Read 121 visibilities from all files

Baseline 2-3, plot 121 points
5.62427E-01 -1.19742E-01
5.62620E-01 -1.22082E-01
5.63197E-01 -1.24337E-01
5.64155E-01 -1.26504E-01
5.65491E-01 -1.27552E-01
5.67198E-01 -1.29533E-01
5.69267E-01 -1.31417E-01
5.71690E-01 -1.33201E-01
5.74454E-01 -1.34882E-01
5.77549E-01 -1.36459E-01
5.80959E-01 -1.37929E-01
5.84671E-01 -1.39289E-01
5.88668E-01 -1.40537E-01
5.92934E-01 -1.41671E-01
5.97452E-01 -1.42688E-01
6.02203E-01 -1.43586E-01
6.07170E-01 -1.44364E-01
6.12333E-01 -1.45020E-01
6.17674E-01 -1.45551E-01
6.23173E-01 -1.45956E-01
6.28812E-01 -1.46234E-01
6.34572E-01 -1.46381E-01
6.40434E-01 -1.46398E-01
6.46379E-01 -1.46283E-01
6.52389E-01 -1.47064E-01
6.58446E-01 -1.46681E-01
6.64532E-01 -1.46161E-01
6.70629E-01 -1.46535E-01
6.76723E-01 -1.45740E-01
6.82795E-01 -1.44806E-01
6.88829E-01 -1.44764E-01
6.94812E-01 -1.43551E-01
7.00727E-01 -1.43227E-01
7.06561E-01 -1.42762E-01
7.12299E-01 -1.41125E-01
7.17928E-01 -1.40377E-01
7.23437E-01 -1.39487E-01
7.28811E-01 -1.37423E-01
7.34041E-01 -1.36249E-01
7.39114E-01 -1.34932E-01
7.44021E-01 -1.33473E-01
7.48750E-01 -1.31873E-01
7.53294E-01 -1.30132E-01
7.57641E-01 -1.28250E-01
7.61785E-01 -1.26228E-01
7.65718E-01 -1.24066E-01
7.69430E-01 -1.21766E-01
7.72917E-01 -1.20359E-01
7.76171E-01 -1.17784E-01
7.79187E-01 -1.15074E-01
7.81958E-01 -1.13260E-01
7.84480E-01 -1.10281E-01
7.86749E-01 -1.08202E-01
7.88760E-01 -1.04961E-01
7.90511E-01 -1.02622E-01
7.91997E-01 -1.00156E-01
7.93216E-01 -9.65324E-02
7.94167E-01 -9.38165E-02
7.94847E-01 -9.09785E-02
7.95255E-01 -8.80202E-02
7.95392E-01 -8.49438E-02
7.95255E-01 -8.17513E-02
7.94847E-01 -7.84450E-02
7.94167E-01 -7.50270E-02
7.93216E-01 -7.14998E-02
7.91997E-01 -6.88974E-02
7.90511E-01 -6.51591E-02
7.88760E-01 -6.13188E-02
7.86749E-01 -5.84111E-02
7.84480E-01 -5.43753E-02
7.81958E-01 -5.12774E-02
7.79187E-01 -4.70570E-02
7.76171E-01 -4.37803E-02
7.72917E-01 -4.04184E-02
7.69431E-01 -3.59431E-02
7.65718E-01 -3.24203E-02
7.61786E-01 -2.88216E-02
7.57642E-01 -2.51503E-02
7.53294E-01 -2.14095E-02
7.48751E-01 -1.76025E-02
7.44021E-01 -1.37326E-02
7.39115E-01 -9.80317E-03
7.34041E-01 -5.81772E-03
7.28812E-01 -1.77946E-03
7.23437E-01 1.27682E-03
7.17929E-01 5.41002E-03
7.12299E-01 9.58533E-03
7.06561E-01 1.27684E-02
7.00727E-01 1.70174E-02
6.94812E-01 2.12978E-02
6.88830E-01 2.45752E-02
6.82795E-01 2.89074E-02
6.76723E-01 3.22297E-02
6.70630E-01 3.55687E-02
6.64532E-01 3.99513E-02
6.58446E-01 4.33130E-02
6.52389E-01 4.66804E-02
6.46379E-01 5.10799E-02
6.40434E-01 5.44477E-02
6.34573E-01 5.78102E-02
6.28813E-01 6.11636E-02
6.23173E-01 6.45043E-02
6.17674E-01 6.78285E-02
6.12333E-01 7.11326E-02
6.07170E-01 7.44130E-02
6.02203E-01 7.76658E-02
5.97452E-01 8.08876E-02
5.92935E-01 8.40748E-02
5.88668E-01 8.72236E-02
5.84671E-01 9.03307E-02
5.80959E-01 9.33924E-02
5.77549E-01 9.64053E-02
5.74455E-01 9.93660E-02
5.71690E-01 1.02271E-01
5.69267E-01 1.05117E-01
5.67198E-01 1.07900E-01
5.65491E-01 1.10617E-01
5.64155E-01 1.12240E-01
5.63197E-01 1.14816E-01
5.62620E-01 1.17317E-01
5.62427E-01 1.19740E-01
