Will plot unflagged data


File # 1  = raise.vis
raise.vis 1.5136 GHz
Read 121 visibilities from all files

Baseline 2-5, plot 121 points
9.39198E+00 2.91476E+00
9.39520E+00 2.91453E+00
9.40484E+00 2.91382E+00
9.42085E+00 2.91265E+00
9.44315E+00 2.91104E+00
9.47165E+00 2.90901E+00
9.50621E+00 2.90659E+00
9.54666E+00 2.90378E+00
9.59283E+00 2.90061E+00
9.64450E+00 2.89711E+00
9.70146E+00 2.89341E+00
9.76344E+00 2.88936E+00
9.83019E+00 2.88513E+00
9.90143E+00 2.88073E+00
9.97686E+00 2.87621E+00
1.00562E+01 2.87151E+00
1.01391E+01 2.86671E+00
1.02254E+01 2.86186E+00
1.03145E+01 2.85697E+00
1.04064E+01 2.85206E+00
1.05006E+01 2.84711E+00
1.05967E+01 2.84208E+00
1.06946E+01 2.83714E+00
1.07939E+01 2.83223E+00
1.08943E+01 2.82742E+00
1.09954E+01 2.82254E+00
1.10970E+01 2.81777E+00
1.11989E+01 2.81305E+00
1.13006E+01 2.80838E+00
1.14020E+01 2.80385E+00
1.15028E+01 2.79936E+00
1.16027E+01 2.79499E+00
1.17015E+01 2.79069E+00
1.17989E+01 2.78644E+00
1.18947E+01 2.78243E+00
1.19887E+01 2.77842E+00
1.20807E+01 2.77463E+00
1.21704E+01 2.77090E+00
1.22578E+01 2.76732E+00
1.23425E+01 2.76389E+00
1.24244E+01 2.76055E+00
1.25034E+01 2.75736E+00
1.25793E+01 2.75434E+00
1.26519E+01 2.75149E+00
1.27211E+01 2.74880E+00
1.27867E+01 2.74626E+00
1.28487E+01 2.74380E+00
1.29070E+01 2.74158E+00
1.29613E+01 2.73945E+00
1.30117E+01 2.73756E+00
1.30579E+01 2.73575E+00
1.31001E+01 2.73419E+00
1.31379E+01 2.73271E+00
1.31715E+01 2.73148E+00
1.32008E+01 2.73033E+00
1.32256E+01 2.72943E+00
1.32459E+01 2.72869E+00
1.32618E+01 2.72803E+00
1.32732E+01 2.72762E+00
1.32800E+01 2.72738E+00
1.32823E+01 2.72729E+00
1.32800E+01 2.72738E+00
1.32732E+01 2.72762E+00
1.32618E+01 2.72803E+00
1.32459E+01 2.72869E+00
1.32256E+01 2.72942E+00
1.32008E+01 2.73033E+00
1.31715E+01 2.73148E+00
1.31379E+01 2.73271E+00
1.31001E+01 2.73419E+00
1.30579E+01 2.73575E+00
1.30117E+01 2.73756E+00
1.29613E+01 2.73945E+00
1.29070E+01 2.74158E+00
1.28487E+01 2.74380E+00
1.27867E+01 2.74626E+00
1.27211E+01 2.74880E+00
1.26519E+01 2.75149E+00
1.25793E+01 2.75434E+00
1.25034E+01 2.75736E+00
1.24244E+01 2.76055E+00
1.23425E+01 2.76389E+00
1.22578E+01 2.76732E+00
1.21704E+01 2.77090E+00
1.20807E+01 2.77463E+00
1.19887E+01 2.77842E+00
1.18947E+01 2.78243E+00
1.17989E+01 2.78644E+00
1.17015E+01 2.79069E+00
1.16027E+01 2.79491E+00
1.15028E+01 2.79936E+00
1.14020E+01 2.80385E+00
1.13006E+01 2.80838E+00
1.11989E+01 2.81305E+00
1.10970E+01 2.81777E+00
1.09954E+01 2.82254E+00
1.08943E+01 2.82742E+00
1.07939E+01 2.83223E+00
1.06946E+01 2.83714E+00
1.05967E+01 2.84208E+00
1.05006E+01 2.84711E+00
1.04064E+01 2.85206E+00
1.03146E+01 2.85697E+00
1.02254E+01 2.86186E+00
1.01391E+01 2.86671E+00
1.00562E+01 2.87151E+00
9.97687E+00 2.87621E+00
9.90143E+00 2.88073E+00
9.83019E+00 2.88512E+00
9.76344E+00 2.88936E+00
9.70146E+00 2.89341E+00
9.64451E+00 2.89711E+00
9.59283E+00 2.90061E+00
9.54667E+00 2.90378E+00
9.50621E+00 2.90659E+00
9.47165E+00 2.90901E+00
9.44316E+00 2.91104E+00
9.42085E+00 2.91265E+00
9.40484E+00 2.91382E+00
9.39520E+00 2.91453E+00
9.39198E+00 2.91476E+00
