Will plot unflagged data


File # 1  = raise.vis
raise.vis 1.5136 GHz
Read 121 visibilities from all files

Baseline 2-5, plot 121 points
9.39198E+00 -4.41904E+00
9.39520E+00 -4.49981E+00
9.40484E+00 -4.57615E+00
9.42085E+00 -4.65025E+00
9.44315E+00 -4.72116E+00
9.47165E+00 -4.78883E+00
9.50621E+00 -4.85365E+00
9.54666E+00 -4.91474E+00
9.59283E+00 -4.97214E+00
9.64450E+00 -5.02602E+00
9.70146E+00 -5.07778E+00
9.76344E+00 -5.12431E+00
9.83019E+00 -5.16778E+00
9.90143E+00 -5.20828E+00
9.97686E+00 -5.24564E+00
1.00562E+01 -5.27835E+00
1.01391E+01 -5.30760E+00
1.02254E+01 -5.33345E+00
1.03145E+01 -5.35602E+00
1.04064E+01 -5.37486E+00
1.05006E+01 -5.38984E+00
1.05967E+01 -5.40002E+00
1.06946E+01 -5.40753E+00
1.07939E+01 -5.41145E+00
1.08943E+01 -5.41240E+00
1.09954E+01 -5.40820E+00
1.10970E+01 -5.40102E+00
1.11989E+01 -5.38986E+00
1.13006E+01 -5.37479E+00
1.14020E+01 -5.35682E+00
1.15028E+01 -5.33452E+00
1.16027E+01 -5.30901E+00
1.17015E+01 -5.27934E+00
1.17989E+01 -5.24552E+00
1.18947E+01 -5.20967E+00
1.19887E+01 -5.16876E+00
1.20807E+01 -5.12557E+00
1.21704E+01 -5.07805E+00
1.22578E+01 -5.02731E+00
1.23425E+01 -4.97339E+00
1.24244E+01 -4.91528E+00
1.25034E+01 -4.85405E+00
1.25793E+01 -4.78974E+00
1.26519E+01 -4.72241E+00
1.27211E+01 -4.65192E+00
1.27867E+01 -4.57826E+00
1.28487E+01 -4.50048E+00
1.29070E+01 -4.42069E+00
1.29613E+01 -4.33688E+00
1.30117E+01 -4.25115E+00
1.30579E+01 -4.16149E+00
1.31001E+01 -4.07002E+00
1.31379E+01 -3.97470E+00
1.31715E+01 -3.87768E+00
1.32008E+01 -3.77693E+00
1.32256E+01 -3.67457E+00
1.32459E+01 -3.56964E+00
1.32618E+01 -3.46117E+00
1.32732E+01 -3.35128E+00
1.32800E+01 -3.23902E+00
1.32823E+01 -3.12445E+00
1.32800E+01 -3.00766E+00
1.32732E+01 -2.88873E+00
1.32618E+01 -2.76774E+00
1.32459E+01 -2.64581E+00
1.32256E+01 -2.52097E+00
1.32008E+01 -2.39435E+00
1.31715E+01 -2.26707E+00
1.31379E+01 -2.13717E+00
1.31001E+01 -2.00681E+00
1.30579E+01 -1.87404E+00
1.30117E+01 -1.74101E+00
1.29613E+01 -1.60577E+00
1.29070E+01 -1.47049E+00
1.28487E+01 -1.33321E+00
1.27867E+01 -1.19609E+00
1.27211E+01 -1.05716E+00
1.26519E+01 -9.17530E-01
1.25793E+01 -7.77349E-01
1.25034E+01 -6.36891E-01
1.24244E+01 -4.96249E-01
1.23425E+01 -3.55514E-01
1.22578E+01 -2.13758E-01
1.21704E+01 -7.21178E-02
1.20807E+01 6.93130E-02
1.19887E+01 2.11511E-01
1.18947E+01 3.52301E-01
1.17989E+01 4.94340E-01
1.17015E+01 6.34476E-01
1.16027E+01 7.75736E-01
1.15028E+01 9.14933E-01
1.14020E+01 1.05408E+00
1.13006E+01 1.19316E+00
1.11989E+01 1.33066E+00
1.10970E+01 1.46744E+00
1.09954E+01 1.60350E+00
1.08943E+01 1.73774E+00
1.07939E+01 1.87222E+00
1.06946E+01 2.00469E+00
1.05967E+01 2.13566E+00
1.05006E+01 2.26414E+00
1.04064E+01 2.39217E+00
1.03146E+01 2.51874E+00
1.02254E+01 2.64365E+00
1.01391E+01 2.76637E+00
1.00562E+01 2.88695E+00
9.97687E+00 3.00539E+00
9.90143E+00 3.12284E+00
9.83019E+00 3.23772E+00
9.76344E+00 3.34979E+00
9.70146E+00 3.45913E+00
9.64451E+00 3.56784E+00
9.59283E+00 3.67278E+00
9.54667E+00 3.77533E+00
9.50621E+00 3.87560E+00
9.47165E+00 3.97362E+00
9.44316E+00 4.06849E+00
9.42085E+00 4.16057E+00
9.40484E+00 4.24980E+00
9.39520E+00 4.33522E+00
9.39198E+00 4.41902E+00
