Will plot unflagged data


File # 1  = raise.vis
raise.vis 1.5136 GHz
Read 121 visibilities from all files

Baseline 2-5, plot 121 points
9.39198E+00 -6.80475E-01
9.39520E+00 -6.93120E-01
9.40484E+00 -7.05264E-01
9.42085E+00 -7.15865E-01
9.44315E+00 -7.26966E-01
9.47165E+00 -7.37526E-01
9.50621E+00 -7.47529E-01
9.54666E+00 -7.56962E-01
9.59283E+00 -7.65812E-01
9.64450E+00 -7.74065E-01
9.70146E+00 -7.81707E-01
9.76344E+00 -7.88726E-01
9.83019E+00 -7.96142E-01
9.90143E+00 -8.01877E-01
9.97686E+00 -8.07984E-01
1.00562E+01 -8.12387E-01
1.01391E+01 -8.17139E-01
1.02254E+01 -8.21199E-01
1.03145E+01 -8.24554E-01
1.04064E+01 -8.27195E-01
1.05006E+01 -8.30147E-01
1.05967E+01 -8.31334E-01
1.06946E+01 -8.32815E-01
1.07939E+01 -8.33548E-01
1.08943E+01 -8.33528E-01
1.09954E+01 -8.32747E-01
1.10970E+01 -8.31200E-01
1.11989E+01 -8.29912E-01
1.13006E+01 -8.27847E-01
1.14020E+01 -8.25001E-01
1.15028E+01 -8.21371E-01
1.16027E+01 -8.16954E-01
1.17015E+01 -8.12767E-01
1.17989E+01 -8.07772E-01
1.18947E+01 -8.01965E-01
1.19887E+01 -7.96375E-01
1.20807E+01 -7.88943E-01
1.21704E+01 -7.81729E-01
1.22578E+01 -7.74734E-01
1.23425E+01 -7.65899E-01
1.24244E+01 -7.57286E-01
1.25034E+01 -7.47866E-01
1.25793E+01 -7.37643E-01
1.26519E+01 -7.27651E-01
1.27211E+01 -7.16862E-01
1.27867E+01 -7.05280E-01
1.28487E+01 -6.92909E-01
1.29070E+01 -6.80787E-01
1.29613E+01 -6.67887E-01
1.30117E+01 -6.55248E-01
1.30579E+01 -6.40811E-01
1.31001E+01 -6.26649E-01
1.31379E+01 -6.11736E-01
1.31715E+01 -5.97114E-01
1.32008E+01 -5.81758E-01
1.32256E+01 -5.65678E-01
1.32459E+01 -5.49916E-01
1.32618E+01 -5.33449E-01
1.32732E+01 -5.16288E-01
1.32800E+01 -4.98444E-01
1.32823E+01 -4.80961E-01
1.32800E+01 -4.62818E-01
1.32732E+01 -4.45061E-01
1.32618E+01 -4.26670E-01
1.32459E+01 -4.07658E-01
1.32256E+01 -3.88039E-01
1.32008E+01 -3.68859E-01
1.31715E+01 -3.49101E-01
1.31379E+01 -3.28780E-01
1.31001E+01 -3.08942E-01
1.30579E+01 -2.88572E-01
1.30117E+01 -2.68718E-01
1.29613E+01 -2.47331E-01
1.29070E+01 -2.26493E-01
1.28487E+01 -2.05189E-01
1.27867E+01 -1.84468E-01
1.27211E+01 -1.63315E-01
1.26519E+01 -1.41748E-01
1.25793E+01 -1.19786E-01
1.25034E+01 -9.84784E-02
1.24244E+01 -7.68119E-02
1.23425E+01 -5.48055E-02
1.22578E+01 -3.35086E-02
1.21704E+01 -1.08798E-02
1.20807E+01 1.10016E-02
1.19887E+01 3.21177E-02
1.18947E+01 5.45068E-02
1.17989E+01 7.60925E-02
1.17015E+01 9.78840E-02
1.16027E+01 1.19861E-01
1.15028E+01 1.40964E-01
1.14020E+01 1.62196E-01
1.13006E+01 1.83534E-01
1.11989E+01 2.04961E-01
1.10970E+01 2.26455E-01
1.09954E+01 2.46965E-01
1.08943E+01 2.67502E-01
1.07939E+01 2.88044E-01
1.06946E+01 3.08572E-01
1.05967E+01 3.29064E-01
1.05006E+01 3.48468E-01
1.04064E+01 3.68829E-01
1.03146E+01 3.88059E-01
1.02254E+01 4.07173E-01
1.01391E+01 4.26148E-01
1.00562E+01 4.44965E-01
9.97687E+00 4.62570E-01
9.90143E+00 4.81009E-01
9.83019E+00 4.98196E-01
9.76344E+00 5.16178E-01
9.70146E+00 5.32868E-01
9.64451E+00 5.49280E-01
9.59283E+00 5.65396E-01
9.54667E+00 5.81196E-01
9.50621E+00 5.96664E-01
9.47165E+00 6.11779E-01
9.44316E+00 6.26526E-01
9.42085E+00 6.40888E-01
9.40484E+00 6.53819E-01
9.39520E+00 6.67362E-01
9.39198E+00 6.80472E-01
