Will plot unflagged data


File # 1  = raise.vis
raise.vis 1.5136 GHz
Read 121 visibilities from all files

Baseline 2-5, plot 121 points
9.39198E+00 3.80300E-02
9.39520E+00 3.80300E-02
9.40484E+00 3.80298E-02
9.42085E+00 3.80296E-02
9.44315E+00 3.80292E-02
9.47165E+00 3.80288E-02
9.50621E+00 3.80283E-02
9.54666E+00 3.80277E-02
9.59283E+00 3.80271E-02
9.64450E+00 3.80263E-02
9.70146E+00 3.80254E-02
9.76344E+00 3.80245E-02
9.83019E+00 3.80235E-02
9.90143E+00 3.80224E-02
9.97686E+00 3.80213E-02
1.00562E+01 3.80200E-02
1.01391E+01 3.80187E-02
1.02254E+01 3.80174E-02
1.03145E+01 3.80160E-02
1.04064E+01 3.80145E-02
1.05006E+01 3.80130E-02
1.05967E+01 3.80114E-02
1.06946E+01 3.80098E-02
1.07939E+01 3.80082E-02
1.08943E+01 3.80065E-02
1.09954E+01 3.80048E-02
1.10970E+01 3.80030E-02
1.11989E+01 3.80013E-02
1.13006E+01 3.79996E-02
1.14020E+01 3.79979E-02
1.15028E+01 3.79961E-02
1.16027E+01 3.79942E-02
1.17015E+01 3.79925E-02
1.17989E+01 3.79908E-02
1.18947E+01 3.79890E-02
1.19887E+01 3.79874E-02
1.20807E+01 3.79856E-02
1.21704E+01 3.79840E-02
1.22578E+01 3.79825E-02
1.23425E+01 3.79808E-02
1.24244E+01 3.79794E-02
1.25034E+01 3.79779E-02
1.25793E+01 3.79763E-02
1.26519E+01 3.79751E-02
1.27211E+01 3.79738E-02
1.27867E+01 3.79725E-02
1.28487E+01 3.79711E-02
1.29070E+01 3.79701E-02
1.29613E+01 3.79690E-02
1.30117E+01 3.79682E-02
1.30579E+01 3.79671E-02
1.31001E+01 3.79663E-02
1.31379E+01 3.79654E-02
1.31715E+01 3.79649E-02
1.32008E+01 3.79643E-02
1.32256E+01 3.79637E-02
1.32459E+01 3.79634E-02
1.32618E+01 3.79632E-02
1.32732E+01 3.79629E-02
1.32800E+01 3.79626E-02
1.32823E+01 3.79626E-02
1.32800E+01 3.79626E-02
1.32732E+01 3.79629E-02
1.32618E+01 3.79632E-02
1.32459E+01 3.79634E-02
1.32256E+01 3.79637E-02
1.32008E+01 3.79643E-02
1.31715E+01 3.79649E-02
1.31379E+01 3.79654E-02
1.31001E+01 3.79663E-02
1.30579E+01 3.79671E-02
1.30117E+01 3.79682E-02
1.29613E+01 3.79690E-02
1.29070E+01 3.79701E-02
1.28487E+01 3.79711E-02
1.27867E+01 3.79725E-02
1.27211E+01 3.79738E-02
1.26519E+01 3.79751E-02
1.25793E+01 3.79763E-02
1.25034E+01 3.79779E-02
1.24244E+01 3.79794E-02
1.23425E+01 3.79808E-02
1.22578E+01 3.79825E-02
1.21704E+01 3.79840E-02
1.20807E+01 3.79856E-02
1.19887E+01 3.79874E-02
1.18947E+01 3.79890E-02
1.17989E+01 3.79908E-02
1.17015E+01 3.79925E-02
1.16027E+01 3.79942E-02
1.15028E+01 3.79961E-02
1.14020E+01 3.79979E-02
1.13006E+01 3.79996E-02
1.11989E+01 3.80013E-02
1.10970E+01 3.80030E-02
1.09954E+01 3.80048E-02
1.08943E+01 3.80065E-02
1.07939E+01 3.80082E-02
1.06946E+01 3.80098E-02
1.05967E+01 3.80114E-02
1.05006E+01 3.80130E-02
1.04064E+01 3.80145E-02
1.03146E+01 3.80160E-02
1.02254E+01 3.80174E-02
1.01391E+01 3.80187E-02
1.00562E+01 3.80200E-02
9.97687E+00 3.80213E-02
9.90143E+00 3.80224E-02
9.83019E+00 3.80235E-02
9.76344E+00 3.80245E-02
9.70146E+00 3.80254E-02
9.64451E+00 3.80263E-02
9.59283E+00 3.80271E-02
9.54667E+00 3.80277E-02
9.50621E+00 3.80283E-02
9.47165E+00 3.80288E-02
9.44316E+00 3.80292E-02
9.42085E+00 3.80296E-02
9.40484E+00 3.80298E-02
9.39520E+00 3.80300E-02
9.39198E+00 3.80300E-02
