Will plot unflagged data


File # 1  = raise.vis
raise.vis 0.1514 GHz
Read 121 visibilities from all files

Baseline 3-5, plot 121 points
3.76771E-01 -1.77275E-01
3.76901E-01 -1.80700E-01
3.77287E-01 -1.83998E-01
3.77929E-01 -1.86138E-01
3.78824E-01 -1.89169E-01
3.79967E-01 -1.92059E-01
3.81354E-01 -1.94806E-01
3.82977E-01 -1.97405E-01
3.84829E-01 -1.99853E-01
3.86902E-01 -2.02145E-01
3.89186E-01 -2.04278E-01
3.91673E-01 -2.05219E-01
3.94351E-01 -2.07024E-01
3.97208E-01 -2.08658E-01
4.00235E-01 -2.10121E-01
4.03418E-01 -2.11408E-01
4.06745E-01 -2.13546E-01
4.10204E-01 -2.14473E-01
4.13781E-01 -2.15215E-01
4.17466E-01 -2.15771E-01
4.21243E-01 -2.16138E-01
4.25102E-01 -2.16313E-01
4.29029E-01 -2.17325E-01
4.33011E-01 -2.17110E-01
4.37037E-01 -2.17729E-01
4.41095E-01 -2.17117E-01
4.45172E-01 -2.16304E-01
4.49257E-01 -2.16320E-01
4.53338E-01 -2.16131E-01
4.57406E-01 -2.14705E-01
4.61449E-01 -2.14104E-01
4.65456E-01 -2.13296E-01
4.69419E-01 -2.12279E-01
4.73327E-01 -2.11054E-01
4.77171E-01 -2.09618E-01
4.80942E-01 -2.07973E-01
4.84632E-01 -2.06117E-01
4.88233E-01 -2.04050E-01
4.91736E-01 -2.01773E-01
4.95135E-01 -1.99286E-01
4.98422E-01 -1.97621E-01
5.01590E-01 -1.94714E-01
5.04634E-01 -1.92630E-01
5.07546E-01 -1.89306E-01
5.10322E-01 -1.86807E-01
5.12956E-01 -1.84101E-01
5.15444E-01 -1.80158E-01
5.17779E-01 -1.77043E-01
5.19959E-01 -1.73725E-01
5.21979E-01 -1.70207E-01
5.23836E-01 -1.67522E-01
5.25526E-01 -1.63607E-01
5.27046E-01 -1.59496E-01
5.28393E-01 -1.55192E-01
5.29565E-01 -1.51730E-01
5.30561E-01 -1.47046E-01
5.31378E-01 -1.43209E-01
5.32015E-01 -1.39188E-01
5.32470E-01 -1.34986E-01
5.32744E-01 -1.29574E-01
5.32835E-01 -1.25019E-01
5.32744E-01 -1.20293E-01
5.32470E-01 -1.16430E-01
5.32015E-01 -1.11370E-01
5.31378E-01 -1.06148E-01
5.30561E-01 -1.00768E-01
5.29565E-01 -9.62660E-02
5.28393E-01 -9.05806E-02
5.27046E-01 -8.57811E-02
5.25526E-01 -8.08387E-02
5.23836E-01 -7.57576E-02
5.21980E-01 -6.95095E-02
5.19959E-01 -6.41636E-02
5.17780E-01 -5.86919E-02
5.15444E-01 -5.30987E-02
5.12957E-01 -4.84211E-02
5.10322E-01 -4.25988E-02
5.07546E-01 -3.66689E-02
5.04634E-01 -3.16686E-02
5.01590E-01 -2.55379E-02
4.98422E-01 -2.03465E-02
4.95135E-01 -1.40347E-02
4.91736E-01 -8.67215E-03
4.88233E-01 -3.23159E-03
4.84633E-01 2.28188E-03
4.80943E-01 7.86308E-03
4.77171E-01 1.35067E-02
4.73327E-01 1.92075E-02
4.69419E-01 2.49601E-02
4.65457E-01 3.07593E-02
4.61449E-01 3.65996E-02
4.57406E-01 4.24757E-02
4.53339E-01 4.73503E-02
4.49257E-01 5.32815E-02
4.45172E-01 5.92320E-02
4.41095E-01 6.41650E-02
4.37037E-01 6.91065E-02
4.33011E-01 7.50824E-02
4.29029E-01 8.00245E-02
4.25102E-01 8.59898E-02
4.21243E-01 9.09105E-02
4.17466E-01 9.58124E-02
4.13782E-01 1.00690E-01
4.10204E-01 1.05538E-01
4.06745E-01 1.10351E-01
4.03418E-01 1.16153E-01
4.00235E-01 1.20879E-01
3.97209E-01 1.25554E-01
3.94351E-01 1.30172E-01
3.91673E-01 1.34729E-01
3.89187E-01 1.38190E-01
3.86902E-01 1.42608E-01
3.84829E-01 1.46948E-01
3.82977E-01 1.51206E-01
3.81354E-01 1.55377E-01
3.79968E-01 1.59456E-01
3.78824E-01 1.63438E-01
3.77929E-01 1.67318E-01
3.77287E-01 1.70065E-01
3.76901E-01 1.73727E-01
3.76771E-01 1.77273E-01
