Will plot unflagged data


File # 1  = raise.vis
raise.vis 1.5136 GHz
Read 121 visibilities from all files

Baseline 2-4, plot 121 points
7.09859E+00 3.94097E-01
7.10102E+00 3.94094E-01
7.10831E+00 3.94084E-01
7.12041E+00 3.94068E-01
7.13727E+00 3.94045E-01
7.15881E+00 3.94016E-01
7.18492E+00 3.93981E-01
7.21550E+00 3.93938E-01
7.25039E+00 3.93890E-01
7.28945E+00 3.93837E-01
7.33250E+00 3.93778E-01
7.37934E+00 3.93713E-01
7.42979E+00 3.93643E-01
7.48364E+00 3.93568E-01
7.54065E+00 3.93490E-01
7.60062E+00 3.93404E-01
7.66331E+00 3.93316E-01
7.72847E+00 3.93226E-01
7.79588E+00 3.93129E-01
7.86529E+00 3.93030E-01
7.93647E+00 3.92931E-01
8.00916E+00 3.92824E-01
8.08315E+00 3.92717E-01
8.15818E+00 3.92611E-01
8.23403E+00 3.92502E-01
8.31048E+00 3.92390E-01
8.38729E+00 3.92280E-01
8.46426E+00 3.92167E-01
8.54116E+00 3.92051E-01
8.61779E+00 3.91938E-01
8.69396E+00 3.91829E-01
8.76947E+00 3.91717E-01
8.84413E+00 3.91608E-01
8.91776E+00 3.91498E-01
8.99018E+00 3.91386E-01
9.06123E+00 3.91285E-01
9.13075E+00 3.91176E-01
9.19859E+00 3.91078E-01
9.26459E+00 3.90979E-01
9.32863E+00 3.90879E-01
9.39055E+00 3.90785E-01
9.45025E+00 3.90696E-01
9.50759E+00 3.90606E-01
9.56246E+00 3.90523E-01
9.61477E+00 3.90446E-01
9.66439E+00 3.90369E-01
9.71126E+00 3.90298E-01
9.75526E+00 3.90233E-01
9.79633E+00 3.90169E-01
9.83439E+00 3.90111E-01
9.86937E+00 3.90061E-01
9.90121E+00 3.90010E-01
9.92984E+00 3.89966E-01
9.95523E+00 3.89930E-01
9.97732E+00 3.89893E-01
9.99607E+00 3.89864E-01
1.00115E+01 3.89841E-01
1.00235E+01 3.89827E-01
1.00320E+01 3.89812E-01
1.00372E+01 3.89805E-01
1.00389E+01 3.89797E-01
1.00372E+01 3.89805E-01
1.00320E+01 3.89812E-01
1.00235E+01 3.89827E-01
1.00115E+01 3.89841E-01
9.99608E+00 3.89864E-01
9.97732E+00 3.89893E-01
9.95523E+00 3.89930E-01
9.92984E+00 3.89966E-01
9.90121E+00 3.90010E-01
9.86937E+00 3.90061E-01
9.83440E+00 3.90111E-01
9.79634E+00 3.90169E-01
9.75527E+00 3.90233E-01
9.71126E+00 3.90298E-01
9.66440E+00 3.90369E-01
9.61477E+00 3.90446E-01
9.56247E+00 3.90523E-01
9.50759E+00 3.90606E-01
9.45025E+00 3.90696E-01
9.39056E+00 3.90785E-01
9.32863E+00 3.90879E-01
9.26460E+00 3.90979E-01
9.19859E+00 3.91078E-01
9.13076E+00 3.91176E-01
9.06124E+00 3.91285E-01
8.99018E+00 3.91386E-01
8.91776E+00 3.91498E-01
8.84413E+00 3.91608E-01
8.76947E+00 3.91717E-01
8.69397E+00 3.91829E-01
8.61780E+00 3.91938E-01
8.54116E+00 3.92051E-01
8.46426E+00 3.92167E-01
8.38730E+00 3.92280E-01
8.31048E+00 3.92390E-01
8.23404E+00 3.92502E-01
8.15819E+00 3.92611E-01
8.08315E+00 3.92717E-01
8.00917E+00 3.92824E-01
7.93647E+00 3.92931E-01
7.86530E+00 3.93030E-01
7.79588E+00 3.93128E-01
7.72848E+00 3.93226E-01
7.66331E+00 3.93316E-01
7.60063E+00 3.93404E-01
7.54066E+00 3.93490E-01
7.48364E+00 3.93568E-01
7.42980E+00 3.93644E-01
7.37935E+00 3.93713E-01
7.33250E+00 3.93778E-01
7.28945E+00 3.93837E-01
7.25040E+00 3.93890E-01
7.21550E+00 3.93938E-01
7.18493E+00 3.93981E-01
7.15881E+00 3.94016E-01
7.13727E+00 3.94045E-01
7.12041E+00 3.94068E-01
7.10831E+00 3.94084E-01
7.10102E+00 3.94094E-01
7.09859E+00 3.94097E-01
