Will plot unflagged data


File # 1  = raise.vis
raise.vis 1.5136 GHz
Read 121 visibilities from all files

Baseline 2-4, plot 121 points
7.09859E+00 -1.51130E+00
7.10102E+00 -1.53900E+00
7.10831E+00 -1.56556E+00
7.12041E+00 -1.59097E+00
7.13727E+00 -1.61520E+00
7.15881E+00 -1.63823E+00
7.18492E+00 -1.66004E+00
7.21550E+00 -1.68059E+00
7.25039E+00 -1.69987E+00
7.28945E+00 -1.71886E+00
7.33250E+00 -1.73653E+00
7.37934E+00 -1.75284E+00
7.42979E+00 -1.76779E+00
7.48364E+00 -1.78137E+00
7.54065E+00 -1.79448E+00
7.60062E+00 -1.80502E+00
7.66331E+00 -1.81503E+00
7.72847E+00 -1.82451E+00
7.79588E+00 -1.83138E+00
7.86529E+00 -1.83769E+00
7.93647E+00 -1.84342E+00
8.00916E+00 -1.84648E+00
8.08315E+00 -1.84894E+00
8.15818E+00 -1.85077E+00
8.23403E+00 -1.85093E+00
8.31048E+00 -1.84941E+00
8.38729E+00 -1.84724E+00
8.46426E+00 -1.84338E+00
8.54116E+00 -1.83781E+00
8.61779E+00 -1.83148E+00
8.69396E+00 -1.82439E+00
8.76947E+00 -1.81551E+00
8.84413E+00 -1.80587E+00
8.91776E+00 -1.79444E+00
8.99018E+00 -1.78121E+00
9.06123E+00 -1.76825E+00
9.13075E+00 -1.75247E+00
9.19859E+00 -1.73696E+00
9.26459E+00 -1.71965E+00
9.32863E+00 -1.70055E+00
9.39055E+00 -1.68070E+00
9.45025E+00 -1.66010E+00
9.50759E+00 -1.63772E+00
9.56246E+00 -1.61460E+00
9.61477E+00 -1.59074E+00
9.66439E+00 -1.56513E+00
9.71126E+00 -1.53881E+00
9.75526E+00 -1.51179E+00
9.79633E+00 -1.48304E+00
9.83439E+00 -1.45362E+00
9.86937E+00 -1.42353E+00
9.90121E+00 -1.39176E+00
9.92984E+00 -1.35936E+00
9.95523E+00 -1.32634E+00
9.97732E+00 -1.29169E+00
9.99607E+00 -1.25647E+00
1.00115E+01 -1.22067E+00
1.00235E+01 -1.18434E+00
1.00320E+01 -1.14647E+00
1.00372E+01 -1.10810E+00
1.00389E+01 -1.06825E+00
1.00372E+01 -1.02898E+00
1.00320E+01 -9.88278E-01
1.00235E+01 -9.47192E-01
1.00115E+01 -9.04727E-01
9.99608E+00 -8.61939E-01
9.97732E+00 -8.18858E-01
9.95523E+00 -7.75518E-01
9.92984E+00 -7.30929E-01
9.90121E+00 -6.86153E-01
9.86937E+00 -6.41226E-01
9.83440E+00 -5.95157E-01
9.79634E+00 -5.49011E-01
9.75527E+00 -5.02827E-01
9.71126E+00 -4.55613E-01
9.66440E+00 -4.08438E-01
9.61477E+00 -3.61343E-01
9.56247E+00 -3.13336E-01
9.50759E+00 -2.65489E-01
9.45025E+00 -2.17843E-01
9.39056E+00 -1.69407E-01
9.32863E+00 -1.21256E-01
9.26460E+00 -7.34310E-02
9.19859E+00 -2.49434E-02
9.13076E+00 2.41647E-02
9.06124E+00 7.17837E-02
8.99018E+00 1.20969E-01
8.91776E+00 1.68580E-01
8.84413E+00 2.16639E-01
8.76947E+00 2.65104E-01
8.69397E+00 3.12903E-01
8.61780E+00 3.61027E-01
8.54116E+00 4.08413E-01
8.46426E+00 4.55020E-01
8.38730E+00 5.01756E-01
8.31048E+00 5.48572E-01
8.23404E+00 5.94399E-01
8.15819E+00 6.40229E-01
8.08315E+00 6.86021E-01
8.00917E+00 7.30701E-01
7.93647E+00 7.74226E-01
7.86530E+00 8.18618E-01
7.79588E+00 8.61768E-01
7.72848E+00 9.03635E-01
7.66331E+00 9.46243E-01
7.60063E+00 9.87490E-01
7.54066E+00 1.02735E+00
7.48364E+00 1.06785E+00
7.42980E+00 1.10686E+00
7.37935E+00 1.14528E+00
7.33250E+00 1.18307E+00
7.28945E+00 1.22021E+00
7.25040E+00 1.25668E+00
7.21550E+00 1.29139E+00
7.18493E+00 1.32534E+00
7.15881E+00 1.35850E+00
7.13727E+00 1.39084E+00
7.12041E+00 1.42231E+00
7.10831E+00 1.45289E+00
7.10102E+00 1.48256E+00
7.09859E+00 1.51129E+00
