Will plot unflagged data


File # 1  = raise.vis
raise.vis 1.5136 GHz
Read 121 visibilities from all files

Baseline 3-5, plot 121 points
3.76771E+00 3.80306E-02
3.76900E+00 3.80305E-02
3.77287E+00 3.80305E-02
3.77929E+00 3.80305E-02
3.78824E+00 3.80304E-02
3.79967E+00 3.80304E-02
3.81354E+00 3.80303E-02
3.82977E+00 3.80302E-02
3.84829E+00 3.80301E-02
3.86902E+00 3.80299E-02
3.89186E+00 3.80298E-02
3.91673E+00 3.80297E-02
3.94351E+00 3.80295E-02
3.97208E+00 3.80293E-02
4.00235E+00 3.80291E-02
4.03418E+00 3.80289E-02
4.06745E+00 3.80287E-02
4.10204E+00 3.80285E-02
4.13781E+00 3.80283E-02
4.17465E+00 3.80281E-02
4.21243E+00 3.80278E-02
4.25102E+00 3.80276E-02
4.29029E+00 3.80273E-02
4.33011E+00 3.80270E-02
4.37037E+00 3.80268E-02
4.41095E+00 3.80265E-02
4.45172E+00 3.80262E-02
4.49257E+00 3.80259E-02
4.53338E+00 3.80257E-02
4.57406E+00 3.80254E-02
4.61449E+00 3.80251E-02
4.65456E+00 3.80248E-02
4.69419E+00 3.80245E-02
4.73327E+00 3.80243E-02
4.77171E+00 3.80239E-02
4.80942E+00 3.80236E-02
4.84632E+00 3.80234E-02
4.88233E+00 3.80231E-02
4.91736E+00 3.80229E-02
4.95135E+00 3.80226E-02
4.98422E+00 3.80224E-02
5.01590E+00 3.80220E-02
5.04634E+00 3.80218E-02
5.07546E+00 3.80216E-02
5.10322E+00 3.80214E-02
5.12956E+00 3.80212E-02
5.15444E+00 3.80210E-02
5.17779E+00 3.80209E-02
5.19959E+00 3.80207E-02
5.21979E+00 3.80204E-02
5.23836E+00 3.80203E-02
5.25526E+00 3.80202E-02
5.27046E+00 3.80201E-02
5.28393E+00 3.80200E-02
5.29565E+00 3.80199E-02
5.30561E+00 3.80197E-02
5.31378E+00 3.80197E-02
5.32015E+00 3.80196E-02
5.32470E+00 3.80196E-02
5.32744E+00 3.80196E-02
5.32835E+00 3.80196E-02
5.32744E+00 3.80196E-02
5.32470E+00 3.80196E-02
5.32015E+00 3.80196E-02
5.31378E+00 3.80197E-02
5.30561E+00 3.80197E-02
5.29565E+00 3.80199E-02
5.28393E+00 3.80200E-02
5.27046E+00 3.80201E-02
5.25526E+00 3.80202E-02
5.23836E+00 3.80203E-02
5.21979E+00 3.80204E-02
5.19959E+00 3.80207E-02
5.17780E+00 3.80209E-02
5.15444E+00 3.80210E-02
5.12957E+00 3.80212E-02
5.10322E+00 3.80214E-02
5.07546E+00 3.80216E-02
5.04634E+00 3.80218E-02
5.01590E+00 3.80221E-02
4.98422E+00 3.80224E-02
4.95135E+00 3.80226E-02
4.91736E+00 3.80229E-02
4.88233E+00 3.80232E-02
4.84633E+00 3.80234E-02
4.80943E+00 3.80236E-02
4.77171E+00 3.80239E-02
4.73327E+00 3.80243E-02
4.69419E+00 3.80245E-02
4.65457E+00 3.80248E-02
4.61449E+00 3.80251E-02
4.57406E+00 3.80254E-02
4.53339E+00 3.80257E-02
4.49257E+00 3.80259E-02
4.45172E+00 3.80262E-02
4.41095E+00 3.80265E-02
4.37037E+00 3.80268E-02
4.33011E+00 3.80271E-02
4.29029E+00 3.80273E-02
4.25102E+00 3.80276E-02
4.21243E+00 3.80278E-02
4.17466E+00 3.80281E-02
4.13782E+00 3.80283E-02
4.10204E+00 3.80285E-02
4.06745E+00 3.80288E-02
4.03418E+00 3.80289E-02
4.00235E+00 3.80291E-02
3.97209E+00 3.80293E-02
3.94351E+00 3.80295E-02
3.91673E+00 3.80297E-02
3.89186E+00 3.80298E-02
3.86902E+00 3.80299E-02
3.84829E+00 3.80301E-02
3.82977E+00 3.80302E-02
3.81354E+00 3.80303E-02
3.79967E+00 3.80304E-02
3.78824E+00 3.80304E-02
3.77929E+00 3.80305E-02
3.77287E+00 3.80305E-02
3.76900E+00 3.80305E-02
3.76771E+00 3.80305E-02
