Will plot unflagged data


File # 1  = raise.vis
raise.vis 1.5136 GHz
Read 121 visibilities from all files

Baseline 3-5, plot 121 points
3.76771E+00 -2.72982E-01
3.76900E+00 -2.77865E-01
3.77287E+00 -2.82552E-01
3.77929E+00 -2.87034E-01
3.78824E+00 -2.91307E-01
3.79967E+00 -2.96392E-01
3.81354E+00 -3.00227E-01
3.82977E+00 -3.03833E-01
3.84829E+00 -3.07206E-01
3.86902E+00 -3.10338E-01
3.89186E+00 -3.14255E-01
3.91673E+00 -3.16891E-01
3.94351E+00 -3.19272E-01
3.97208E+00 -3.22422E-01
4.00235E+00 -3.24275E-01
4.03418E+00 -3.25858E-01
4.06745E+00 -3.28197E-01
4.10204E+00 -3.29226E-01
4.13781E+00 -3.31002E-01
4.17465E+00 -3.32492E-01
4.21243E+00 -3.32658E-01
4.25102E+00 -3.33561E-01
4.29029E+00 -3.34166E-01
4.33011E+00 -3.34469E-01
4.37037E+00 -3.34469E-01
4.41095E+00 -3.34161E-01
4.45172E+00 -3.33543E-01
4.49257E+00 -3.32613E-01
4.53338E+00 -3.32402E-01
4.57406E+00 -3.30841E-01
4.61449E+00 -3.29996E-01
4.65456E+00 -3.27798E-01
4.69419E+00 -3.26311E-01
4.73327E+00 -3.24504E-01
4.77171E+00 -3.21340E-01
4.80942E+00 -3.18886E-01
4.84632E+00 -3.17141E-01
4.88233E+00 -3.14039E-01
4.91736E+00 -3.10613E-01
4.95135E+00 -3.06863E-01
4.98422E+00 -3.03823E-01
5.01590E+00 -2.99427E-01
5.04634E+00 -2.95743E-01
5.07546E+00 -2.91737E-01
5.10322E+00 -2.87413E-01
5.12956E+00 -2.82770E-01
5.15444E+00 -2.77812E-01
5.17779E+00 -2.73572E-01
5.19959E+00 -2.67988E-01
5.21979E+00 -2.62094E-01
5.23836E+00 -2.56926E-01
5.25526E+00 -2.51454E-01
5.27046E+00 -2.45681E-01
5.28393E+00 -2.39611E-01
5.29565E+00 -2.33247E-01
5.30561E+00 -2.26591E-01
5.31378E+00 -2.20682E-01
5.32015E+00 -2.13458E-01
5.32470E+00 -2.06988E-01
5.32744E+00 -2.00244E-01
5.32835E+00 -1.93230E-01
5.32744E+00 -1.85952E-01
5.32470E+00 -1.78414E-01
5.32015E+00 -1.70622E-01
5.31378E+00 -1.63614E-01
5.30561E+00 -1.55329E-01
5.29565E+00 -1.47839E-01
5.28393E+00 -1.40118E-01
5.27046E+00 -1.32170E-01
5.25526E+00 -1.24002E-01
5.23836E+00 -1.15621E-01
5.21979E+00 -1.07032E-01
5.19959E+00 -9.92762E-02
5.17780E+00 -9.13263E-02
5.15444E+00 -8.21566E-02
5.12957E+00 -7.38397E-02
5.10322E+00 -6.53501E-02
5.07546E+00 -5.66949E-02
5.04634E+00 -4.78814E-02
5.01590E+00 -3.89171E-02
4.98422E+00 -3.08426E-02
4.95135E+00 -2.15994E-02
4.91736E+00 -1.32614E-02
4.88233E+00 -4.80331E-03
4.84633E+00 3.76685E-03
4.80943E+00 1.34740E-02
4.77171E+00 2.22444E-02
4.73327E+00 3.00698E-02
4.69419E+00 3.90080E-02
4.65457E+00 4.80175E-02
4.61449E+00 5.60575E-02
4.57406E+00 6.51852E-02
4.53339E+00 7.33268E-02
4.49257E+00 8.25392E-02
4.45172E+00 9.07487E-02
4.41095E+00 9.89796E-02
4.37037E+00 1.07223E-01
4.33011E+00 1.15472E-01
4.29029E+00 1.23716E-01
4.25102E+00 1.31948E-01
4.21243E+00 1.40159E-01
4.17466E+00 1.47309E-01
4.13782E+00 1.55453E-01
4.10204E+00 1.63551E-01
4.06745E+00 1.70563E-01
4.03418E+00 1.78544E-01
4.00235E+00 1.85424E-01
3.97209E+00 1.92224E-01
3.94351E+00 1.99969E-01
3.91673E+00 2.06587E-01
3.89186E+00 2.13103E-01
3.86902E+00 2.20539E-01
3.84829E+00 2.26825E-01
3.82977E+00 2.32986E-01
3.81354E+00 2.39013E-01
3.79967E+00 2.44898E-01
3.78824E+00 2.51663E-01
3.77929E+00 2.57244E-01
3.77287E+00 2.62662E-01
3.76900E+00 2.67909E-01
3.76771E+00 2.72980E-01
