Will plot unflagged data


File # 1  = raise.vis
raise.vis 4.7863 GHz
Read 121 visibilities from all files

Baseline 3-4, plot 121 points
4.66222E+00 0.00000E+00
4.66382E+00 0.00000E+00
4.66860E+00 0.00000E+00
4.67655E+00 0.00000E+00
4.68762E+00 0.00000E+00
4.70177E+00 0.00000E+00
4.71892E+00 0.00000E+00
4.73900E+00 0.00000E+00
4.76192E+00 0.00000E+00
4.78757E+00 0.00000E+00
4.81584E+00 0.00000E+00
4.84661E+00 0.00000E+00
4.87974E+00 0.00000E+00
4.91511E+00 0.00000E+00
4.95256E+00 0.00000E+00
4.99194E+00 0.00000E+00
5.03311E+00 0.00000E+00
5.07591E+00 0.00000E+00
5.12018E+00 0.00000E+00
5.16577E+00 0.00000E+00
5.21252E+00 0.00000E+00
5.26026E+00 0.00000E+00
5.30886E+00 0.00000E+00
5.35814E+00 0.00000E+00
5.40795E+00 0.00000E+00
5.45816E+00 0.00000E+00
5.50861E+00 0.00000E+00
5.55916E+00 0.00000E+00
5.60967E+00 0.00000E+00
5.66000E+00 0.00000E+00
5.71003E+00 0.00000E+00
5.75962E+00 0.00000E+00
5.80865E+00 0.00000E+00
5.85701E+00 0.00000E+00
5.90458E+00 0.00000E+00
5.95124E+00 0.00000E+00
5.99690E+00 0.00000E+00
6.04146E+00 0.00000E+00
6.08481E+00 0.00000E+00
6.12686E+00 0.00000E+00
6.16753E+00 0.00000E+00
6.20674E+00 0.00000E+00
6.24440E+00 0.00000E+00
6.28044E+00 0.00000E+00
6.31479E+00 0.00000E+00
6.34739E+00 0.00000E+00
6.37817E+00 0.00000E+00
6.40707E+00 0.00000E+00
6.43404E+00 0.00000E+00
6.45904E+00 0.00000E+00
6.48201E+00 0.00000E+00
6.50292E+00 0.00000E+00
6.52173E+00 0.00000E+00
6.53840E+00 0.00000E+00
6.55291E+00 0.00000E+00
6.56523E+00 0.00000E+00
6.57534E+00 0.00000E+00
6.58322E+00 0.00000E+00
6.58886E+00 0.00000E+00
6.59224E+00 0.00000E+00
6.59337E+00 0.00000E+00
6.59224E+00 0.00000E+00
6.58886E+00 0.00000E+00
6.58322E+00 0.00000E+00
6.57534E+00 0.00000E+00
6.56523E+00 0.00000E+00
6.55291E+00 0.00000E+00
6.53840E+00 0.00000E+00
6.52173E+00 0.00000E+00
6.50292E+00 0.00000E+00
6.48201E+00 0.00000E+00
6.45904E+00 0.00000E+00
6.43405E+00 0.00000E+00
6.40707E+00 0.00000E+00
6.37817E+00 0.00000E+00
6.34739E+00 0.00000E+00
6.31480E+00 0.00000E+00
6.28044E+00 0.00000E+00
6.24440E+00 0.00000E+00
6.20674E+00 0.00000E+00
6.16754E+00 0.00000E+00
6.12686E+00 0.00000E+00
6.08481E+00 0.00000E+00
6.04146E+00 0.00000E+00
5.99691E+00 0.00000E+00
5.95125E+00 0.00000E+00
5.90458E+00 0.00000E+00
5.85701E+00 0.00000E+00
5.80865E+00 0.00000E+00
5.75962E+00 0.00000E+00
5.71003E+00 0.00000E+00
5.66000E+00 0.00000E+00
5.60967E+00 0.00000E+00
5.55916E+00 0.00000E+00
5.50861E+00 0.00000E+00
5.45817E+00 0.00000E+00
5.40796E+00 0.00000E+00
5.35814E+00 0.00000E+00
5.30886E+00 0.00000E+00
5.26027E+00 0.00000E+00
5.21252E+00 0.00000E+00
5.16577E+00 0.00000E+00
5.12019E+00 0.00000E+00
5.07591E+00 0.00000E+00
5.03311E+00 0.00000E+00
4.99194E+00 0.00000E+00
4.95256E+00 0.00000E+00
4.91511E+00 0.00000E+00
4.87975E+00 0.00000E+00
4.84661E+00 0.00000E+00
4.81584E+00 0.00000E+00
4.78757E+00 0.00000E+00
4.76192E+00 0.00000E+00
4.73900E+00 0.00000E+00
4.71892E+00 0.00000E+00
4.70177E+00 0.00000E+00
4.68762E+00 0.00000E+00
4.67655E+00 0.00000E+00
4.66860E+00 0.00000E+00
4.66382E+00 0.00000E+00
4.66222E+00 0.00000E+00
