Will plot unflagged data


File # 1  = raise.vis
raise.vis 0.4786 GHz
Read 121 visibilities from all files

Baseline 1-2, plot 121 points
1.72675E-01 -3.67633E-02
1.72734E-01 -3.70862E-02
1.72911E-01 -3.84084E-02
1.73205E-01 -3.86779E-02
1.73616E-01 -3.89195E-02
1.74139E-01 -4.01580E-02
1.74775E-01 -4.03409E-02
1.75519E-01 -4.04933E-02
1.76367E-01 -4.16405E-02
1.77317E-01 -4.17294E-02
1.78365E-01 -4.17855E-02
1.79504E-01 -4.28342E-02
1.80731E-01 -4.28222E-02
1.82041E-01 -4.38017E-02
1.83428E-01 -4.37190E-02
1.84887E-01 -4.35999E-02
1.86412E-01 -4.44706E-02
1.87997E-01 -4.42769E-02
1.89636E-01 -4.50720E-02
1.91325E-01 -4.48015E-02
1.93056E-01 -4.44918E-02
1.94825E-01 -4.51695E-02
1.96624E-01 -4.47799E-02
1.98449E-01 -4.53769E-02
2.00295E-01 -4.49058E-02
2.02154E-01 -4.54205E-02
2.04023E-01 -4.48662E-02
2.05895E-01 -4.52973E-02
2.07766E-01 -4.46586E-02
2.09630E-01 -4.50048E-02
2.11482E-01 -4.42807E-02
2.13319E-01 -4.45410E-02
2.15135E-01 -4.37306E-02
2.16926E-01 -4.39045E-02
2.18688E-01 -4.30071E-02
2.20416E-01 -4.30940E-02
2.22108E-01 -4.31372E-02
2.23758E-01 -4.21090E-02
2.25363E-01 -4.20649E-02
2.26921E-01 -4.19773E-02
2.28427E-01 -4.08182E-02
2.29879E-01 -4.06435E-02
2.31274E-01 -4.04255E-02
2.32609E-01 -3.91363E-02
2.33881E-01 -3.88322E-02
2.35088E-01 -3.84852E-02
2.36228E-01 -3.70675E-02
2.37299E-01 -3.66357E-02
2.38298E-01 -3.61618E-02
2.39224E-01 -3.56463E-02
2.40075E-01 -3.50895E-02
2.40849E-01 -3.34635E-02
2.41546E-01 -3.28252E-02
2.42163E-01 -3.21469E-02
2.42700E-01 -3.14289E-02
2.43157E-01 -3.06717E-02
2.43531E-01 -2.98759E-02
2.43823E-01 -2.90421E-02
2.44032E-01 -2.81708E-02
2.44157E-01 -2.72625E-02
2.44199E-01 -2.63180E-02
2.44157E-01 -2.53378E-02
2.44032E-01 -2.43227E-02
2.43823E-01 -2.32734E-02
2.43531E-01 -2.21904E-02
2.43157E-01 -2.10747E-02
2.42700E-01 -1.99270E-02
2.42163E-01 -1.87480E-02
2.41546E-01 -1.75385E-02
2.40849E-01 -1.62995E-02
2.40075E-01 -1.60598E-02
2.39224E-01 -1.47641E-02
2.38298E-01 -1.34413E-02
2.37299E-01 -1.20925E-02
2.36228E-01 -1.07185E-02
2.35089E-01 -1.03483E-02
2.33881E-01 -8.92677E-03
2.32609E-01 -7.48296E-03
2.31274E-01 -7.04578E-03
2.29879E-01 -5.56032E-03
2.28427E-01 -4.05557E-03
2.26921E-01 -3.56048E-03
2.25363E-01 -2.02026E-03
2.23758E-01 -4.63876E-04
2.22108E-01 7.98055E-05
2.20417E-01 1.66531E-03
2.18688E-01 3.26374E-03
2.16926E-01 3.84628E-03
2.15135E-01 5.46727E-03
2.13319E-01 6.07031E-03
2.11483E-01 7.70942E-03
2.09630E-01 8.32844E-03
2.07766E-01 9.98119E-03
2.05895E-01 1.06117E-02
2.04023E-01 1.22735E-02
2.02154E-01 1.29109E-02
2.00295E-01 1.45773E-02
1.98450E-01 1.52171E-02
1.96624E-01 1.68834E-02
1.94825E-01 1.75210E-02
1.93056E-01 1.91828E-02
1.91325E-01 1.98136E-02
1.89637E-01 2.04394E-02
1.87997E-01 2.20858E-02
1.86412E-01 2.26980E-02
1.84887E-01 2.43284E-02
1.83428E-01 2.49226E-02
1.82041E-01 2.55062E-02
1.80731E-01 2.71044E-02
1.79504E-01 2.76632E-02
1.78365E-01 2.92344E-02
1.77318E-01 2.97642E-02
1.76367E-01 3.02780E-02
1.75519E-01 3.18006E-02
1.74775E-01 3.22790E-02
1.74140E-01 3.27381E-02
1.73616E-01 3.42029E-02
1.73205E-01 3.46206E-02
1.72911E-01 3.50160E-02
1.72734E-01 3.64138E-02
1.72675E-01 3.67618E-02
