Will plot unflagged data


File # 1  = raise.vis
raise.vis 1.5136 GHz
Read 121 visibilities from all files

Baseline 1-3, plot 121 points
6.17031E+00 -7.55408E-01
6.17243E+00 -7.68747E-01
6.17876E+00 -7.82555E-01
6.18928E+00 -7.94763E-01
6.20393E+00 -8.07414E-01
6.22265E+00 -8.18432E-01
6.24536E+00 -8.29864E-01
6.27193E+00 -8.40664E-01
6.30227E+00 -8.49784E-01
6.33622E+00 -8.59274E-01
6.37363E+00 -8.68088E-01
6.41435E+00 -8.76210E-01
6.45820E+00 -8.83626E-01
6.50501E+00 -8.90324E-01
6.55457E+00 -8.96289E-01
6.60669E+00 -9.02543E-01
6.66118E+00 -9.07006E-01
6.71783E+00 -9.11733E-01
6.77642E+00 -9.15679E-01
6.83675E+00 -9.18836E-01
6.89862E+00 -9.21192E-01
6.96181E+00 -9.22738E-01
7.02612E+00 -9.24497E-01
7.09134E+00 -9.25431E-01
7.15727E+00 -9.24501E-01
7.22372E+00 -9.24790E-01
7.29049E+00 -9.23205E-01
7.35739E+00 -9.21795E-01
7.42424E+00 -9.18499E-01
7.49085E+00 -9.15345E-01
7.55706E+00 -9.12328E-01
7.62269E+00 -9.07392E-01
7.68759E+00 -9.02589E-01
7.75159E+00 -8.96891E-01
7.81454E+00 -8.90294E-01
7.87630E+00 -8.83830E-01
7.93673E+00 -8.76466E-01
7.99570E+00 -8.68204E-01
8.05307E+00 -8.59043E-01
8.10873E+00 -8.50017E-01
8.16256E+00 -8.40094E-01
8.21445E+00 -8.30310E-01
8.26429E+00 -8.18603E-01
8.31199E+00 -8.07039E-01
8.35745E+00 -7.95625E-01
8.40059E+00 -7.82298E-01
8.44132E+00 -7.69129E-01
8.47958E+00 -7.56124E-01
8.51528E+00 -7.41223E-01
8.54836E+00 -7.26498E-01
8.57876E+00 -7.11957E-01
8.60643E+00 -6.95542E-01
8.63132E+00 -6.79327E-01
8.65339E+00 -6.63321E-01
8.67259E+00 -6.45469E-01
8.68890E+00 -6.27844E-01
8.70227E+00 -6.10460E-01
8.71270E+00 -5.91260E-01
8.72017E+00 -5.73356E-01
8.72465E+00 -5.53660E-01
8.72614E+00 -5.34252E-01
8.72465E+00 -5.14111E-01
8.72017E+00 -4.94285E-01
8.71270E+00 -4.72723E-01
8.70227E+00 -4.52537E-01
8.68890E+00 -4.30644E-01
8.67259E+00 -4.09125E-01
8.65339E+00 -3.87998E-01
8.63133E+00 -3.65212E-01
8.60644E+00 -3.42850E-01
8.57876E+00 -3.20930E-01
8.54836E+00 -2.97404E-01
8.51528E+00 -2.74356E-01
8.47958E+00 -2.51804E-01
8.44133E+00 -2.27702E-01
8.40059E+00 -2.04135E-01
8.35745E+00 -1.81122E-01
8.31199E+00 -1.56618E-01
8.26429E+00 -1.32708E-01
8.21445E+00 -1.09412E-01
8.16256E+00 -8.46875E-02
8.10873E+00 -6.06188E-02
8.05307E+00 -3.61954E-02
7.99570E+00 -1.24703E-02
7.93674E+00 1.15670E-02
7.87631E+00 3.58950E-02
7.81454E+00 6.04914E-02
7.75159E+00 8.43038E-02
7.68759E+00 1.08342E-01
7.62270E+00 1.32583E-01
7.55706E+00 1.55977E-01
7.49086E+00 1.80560E-01
7.42424E+00 2.04254E-01
7.35740E+00 2.27036E-01
7.29050E+00 2.50917E-01
7.22373E+00 2.73818E-01
7.15728E+00 2.97772E-01
7.09135E+00 3.19670E-01
7.02612E+00 3.42577E-01
6.96182E+00 3.65442E-01
6.89862E+00 3.87211E-01
6.83676E+00 4.08893E-01
6.77642E+00 4.30465E-01
6.71783E+00 4.51905E-01
6.66118E+00 4.73190E-01
6.60670E+00 4.93266E-01
6.55457E+00 5.14176E-01
6.50501E+00 5.33831E-01
6.45821E+00 5.53242E-01
6.41435E+00 5.72388E-01
6.37363E+00 5.91246E-01
6.33622E+00 6.09795E-01
6.30227E+00 6.28014E-01
6.27194E+00 6.44851E-01
6.24536E+00 6.62349E-01
6.22266E+00 6.79456E-01
6.20393E+00 6.95123E-01
6.18928E+00 7.11393E-01
6.17876E+00 7.26188E-01
6.17243E+00 7.41549E-01
6.17031E+00 7.55405E-01
