Will plot unflagged data


File # 1  = raise.vis
raise.vis 1.5136 GHz
Read 121 visibilities from all files

Baseline 1-3, plot 121 points
6.17031E+00 1.78176E-01
6.17243E+00 1.78176E-01
6.17876E+00 1.78175E-01
6.18928E+00 1.78173E-01
6.20393E+00 1.78170E-01
6.22265E+00 1.78167E-01
6.24536E+00 1.78163E-01
6.27193E+00 1.78158E-01
6.30227E+00 1.78153E-01
6.33622E+00 1.78147E-01
6.37363E+00 1.78140E-01
6.41435E+00 1.78133E-01
6.45820E+00 1.78124E-01
6.50501E+00 1.78116E-01
6.55457E+00 1.78106E-01
6.60669E+00 1.78097E-01
6.66118E+00 1.78086E-01
6.71783E+00 1.78076E-01
6.77642E+00 1.78064E-01
6.83675E+00 1.78053E-01
6.89862E+00 1.78041E-01
6.96181E+00 1.78028E-01
7.02612E+00 1.78016E-01
7.09134E+00 1.78003E-01
7.15727E+00 1.77989E-01
7.22372E+00 1.77976E-01
7.29049E+00 1.77962E-01
7.35739E+00 1.77949E-01
7.42424E+00 1.77934E-01
7.49085E+00 1.77920E-01
7.55706E+00 1.77908E-01
7.62269E+00 1.77893E-01
7.68759E+00 1.77880E-01
7.75159E+00 1.77866E-01
7.81454E+00 1.77852E-01
7.87630E+00 1.77839E-01
7.93673E+00 1.77826E-01
7.99570E+00 1.77813E-01
8.05307E+00 1.77799E-01
8.10873E+00 1.77787E-01
8.16256E+00 1.77775E-01
8.21445E+00 1.77765E-01
8.26429E+00 1.77752E-01
8.31199E+00 1.77741E-01
8.35745E+00 1.77732E-01
8.40059E+00 1.77721E-01
8.44132E+00 1.77712E-01
8.47958E+00 1.77704E-01
8.51528E+00 1.77695E-01
8.54836E+00 1.77687E-01
8.57876E+00 1.77681E-01
8.60643E+00 1.77674E-01
8.63132E+00 1.77668E-01
8.65339E+00 1.77664E-01
8.67259E+00 1.77658E-01
8.68890E+00 1.77654E-01
8.70227E+00 1.77652E-01
8.71270E+00 1.77648E-01
8.72017E+00 1.77648E-01
8.72465E+00 1.77646E-01
8.72614E+00 1.77646E-01
8.72465E+00 1.77646E-01
8.72017E+00 1.77648E-01
8.71270E+00 1.77648E-01
8.70227E+00 1.77652E-01
8.68890E+00 1.77654E-01
8.67259E+00 1.77658E-01
8.65339E+00 1.77664E-01
8.63133E+00 1.77668E-01
8.60644E+00 1.77674E-01
8.57876E+00 1.77681E-01
8.54836E+00 1.77687E-01
8.51528E+00 1.77695E-01
8.47958E+00 1.77704E-01
8.44133E+00 1.77712E-01
8.40059E+00 1.77721E-01
8.35745E+00 1.77732E-01
8.31199E+00 1.77741E-01
8.26429E+00 1.77752E-01
8.21445E+00 1.77765E-01
8.16256E+00 1.77775E-01
8.10873E+00 1.77787E-01
8.05307E+00 1.77799E-01
7.99570E+00 1.77813E-01
7.93674E+00 1.77826E-01
7.87631E+00 1.77839E-01
7.81454E+00 1.77852E-01
7.75159E+00 1.77866E-01
7.68759E+00 1.77879E-01
7.62270E+00 1.77893E-01
7.55706E+00 1.77908E-01
7.49086E+00 1.77920E-01
7.42424E+00 1.77934E-01
7.35740E+00 1.77949E-01
7.29050E+00 1.77962E-01
7.22373E+00 1.77976E-01
7.15728E+00 1.77988E-01
7.09135E+00 1.78003E-01
7.02612E+00 1.78016E-01
6.96182E+00 1.78028E-01
6.89862E+00 1.78041E-01
6.83676E+00 1.78053E-01
6.77642E+00 1.78064E-01
6.71783E+00 1.78076E-01
6.66118E+00 1.78086E-01
6.60670E+00 1.78097E-01
6.55457E+00 1.78106E-01
6.50501E+00 1.78116E-01
6.45821E+00 1.78124E-01
6.41435E+00 1.78133E-01
6.37363E+00 1.78140E-01
6.33622E+00 1.78147E-01
6.30227E+00 1.78153E-01
6.27194E+00 1.78158E-01
6.24536E+00 1.78163E-01
6.22266E+00 1.78167E-01
6.20393E+00 1.78170E-01
6.18928E+00 1.78173E-01
6.17876E+00 1.78175E-01
6.17243E+00 1.78176E-01
6.17031E+00 1.78176E-01
