Will plot unflagged data


File # 1  = raise.vis
raise.vis 0.1514 GHz
Read 121 visibilities from all files

Baseline 3-5, plot 121 points
3.76771E-01 -8.02155E-02
3.76901E-01 -8.21321E-02
3.77287E-01 -8.29657E-02
3.77929E-01 -8.47659E-02
3.78824E-01 -8.54789E-02
3.79967E-01 -8.71551E-02
3.81354E-01 -8.77399E-02
3.82977E-01 -8.92845E-02
3.84829E-01 -9.07608E-02
3.86902E-01 -9.11401E-02
3.89186E-01 -9.24746E-02
3.91673E-01 -9.27084E-02
3.94351E-01 -9.38944E-02
3.97208E-01 -9.50042E-02
4.00235E-01 -9.50083E-02
4.03418E-01 -9.59607E-02
4.06745E-01 -9.68325E-02
4.10204E-01 -9.65943E-02
4.13781E-01 -9.73008E-02
4.17466E-01 -9.79230E-02
4.21243E-01 -9.74312E-02
4.25102E-01 -9.78812E-02
4.29029E-01 -9.82437E-02
4.33011E-01 -9.85176E-02
4.37037E-01 -9.87021E-02
4.41095E-01 -9.87963E-02
4.45172E-01 -9.77704E-02
4.49257E-01 -9.76818E-02
4.53338E-01 -9.75008E-02
4.57406E-01 -9.72268E-02
4.61449E-01 -9.68594E-02
4.65456E-01 -9.63981E-02
4.69419E-01 -9.58424E-02
4.73327E-01 -9.51921E-02
4.77171E-01 -9.44469E-02
4.80942E-01 -9.36066E-02
4.84632E-01 -9.26712E-02
4.88233E-01 -9.26703E-02
4.91736E-01 -9.15443E-02
4.95135E-01 -9.03231E-02
4.98422E-01 -8.90068E-02
5.01590E-01 -8.86257E-02
5.04634E-01 -8.71200E-02
5.07546E-01 -8.55200E-02
5.10322E-01 -8.48562E-02
5.12956E-01 -8.30689E-02
5.15444E-01 -8.22190E-02
5.17779E-01 -8.02464E-02
5.19959E-01 -7.92125E-02
5.21979E-01 -7.70574E-02
5.23836E-01 -7.58424E-02
5.25526E-01 -7.45381E-02
5.27046E-01 -7.21149E-02
5.28393E-01 -7.06347E-02
5.29565E-01 -6.90680E-02
5.30561E-01 -6.63855E-02
5.31378E-01 -6.46491E-02
5.32015E-01 -6.28297E-02
5.32470E-01 -6.09285E-02
5.32744E-01 -5.89467E-02
5.32835E-01 -5.68859E-02
5.32744E-01 -5.47472E-02
5.32470E-01 -5.25323E-02
5.32015E-01 -5.02426E-02
5.31378E-01 -4.78797E-02
5.30561E-01 -4.54452E-02
5.29565E-01 -4.39713E-02
5.28393E-01 -4.13988E-02
5.27046E-01 -3.87598E-02
5.25526E-01 -3.70866E-02
5.23836E-01 -3.43202E-02
5.21980E-01 -3.14930E-02
5.19959E-01 -2.96371E-02
5.17780E-01 -2.66939E-02
5.15444E-01 -2.47262E-02
5.12957E-01 -2.16752E-02
5.10322E-01 -1.96037E-02
5.07546E-01 -1.64533E-02
5.04634E-01 -1.42865E-02
5.01590E-01 -1.20754E-02
4.98422E-01 -8.79204E-03
4.95135E-01 -6.49889E-03
4.91736E-01 -4.16812E-03
4.88233E-01 -1.80202E-03
4.84633E-01 1.62691E-03
4.80943E-01 4.05663E-03
4.77171E-01 6.51462E-03
4.73327E-01 8.99849E-03
4.69419E-01 1.15059E-02
4.65457E-01 1.40343E-02
4.61449E-01 1.65814E-02
4.57406E-01 1.91446E-02
4.53339E-01 2.17215E-02
4.49257E-01 2.43098E-02
4.45172E-01 2.69067E-02
4.41095E-01 2.84810E-02
4.37037E-01 3.10881E-02
4.33011E-01 3.36965E-02
4.29029E-01 3.63038E-02
4.25102E-01 3.89073E-02
4.21243E-01 4.15048E-02
4.17466E-01 4.30652E-02
4.13782E-01 4.56429E-02
4.10204E-01 4.82070E-02
4.06745E-01 4.97271E-02
4.03418E-01 5.22568E-02
4.00235E-01 5.47655E-02
3.97209E-01 5.62233E-02
3.94351E-01 5.86830E-02
3.91673E-01 6.11146E-02
3.89187E-01 6.24884E-02
3.86902E-01 6.48567E-02
3.84829E-01 6.61629E-02
3.82977E-01 6.84585E-02
3.81354E-01 7.07145E-02
3.79968E-01 7.19019E-02
3.78824E-01 7.40717E-02
3.77929E-01 7.51690E-02
3.77287E-01 7.72439E-02
3.76901E-01 7.82424E-02
3.76771E-01 8.02139E-02
