Will plot unflagged data


File # 1  = raise.vis
raise.vis 15.1356 GHz
Read 121 visibilities from all files

Baseline 3-5, plot 121 points
3.76771E+01 -4.75016E+00
3.76900E+01 -4.83689E+00
3.77287E+01 -4.91893E+00
3.77929E+01 -4.99851E+00
3.78824E+01 -5.07477E+00
3.79967E+01 -5.14834E+00
3.81354E+01 -5.21677E+00
3.82977E+01 -5.28229E+00
3.84829E+01 -5.34505E+00
3.86902E+01 -5.40271E+00
3.89186E+01 -5.45788E+00
3.91673E+01 -5.50870E+00
3.94351E+01 -5.55529E+00
3.97208E+01 -5.59857E+00
4.00235E+01 -5.63794E+00
4.03418E+01 -5.67361E+00
4.06745E+01 -5.70566E+00
4.10204E+01 -5.73315E+00
4.13781E+01 -5.75750E+00
4.17465E+01 -5.77673E+00
4.21243E+01 -5.79302E+00
4.25102E+01 -5.80544E+00
4.29029E+01 -5.81376E+00
4.33011E+01 -5.81760E+00
4.37037E+01 -5.81714E+00
4.41095E+01 -5.81347E+00
4.45172E+01 -5.80569E+00
4.49257E+01 -5.79347E+00
4.53338E+01 -5.77764E+00
4.57406E+01 -5.75729E+00
4.61449E+01 -5.73351E+00
4.65456E+01 -5.70637E+00
4.69419E+01 -5.67486E+00
4.73327E+01 -5.63960E+00
4.77171E+01 -5.59965E+00
4.80942E+01 -5.55612E+00
4.84632E+01 -5.50905E+00
4.88233E+01 -5.45847E+00
4.91736E+01 -5.40449E+00
4.95135E+01 -5.34586E+00
4.98422E+01 -5.28456E+00
5.01590E+01 -5.21863E+00
5.04634E+01 -5.14914E+00
5.07546E+01 -5.07615E+00
5.10322E+01 -5.00071E+00
5.12956E+01 -4.92080E+00
5.15444E+01 -4.83752E+00
5.17779E+01 -4.75194E+00
5.19959E+01 -4.66299E+00
5.21979E+01 -4.56960E+00
5.23836E+01 -4.47394E+00
5.25526E+01 -4.37503E+00
5.27046E+01 -4.27294E+00
5.28393E+01 -4.16876E+00
5.29565E+01 -4.06049E+00
5.30561E+01 -3.95026E+00
5.31378E+01 -3.83711E+00
5.32015E+01 -3.72110E+00
5.32470E+01 -3.60335E+00
5.32744E+01 -3.48186E+00
5.32835E+01 -3.35879E+00
5.32744E+01 -3.23318E+00
5.32470E+01 -3.10614E+00
5.32015E+01 -2.97572E+00
5.31378E+01 -2.84406E+00
5.30561E+01 -2.71022E+00
5.29565E+01 -2.57431E+00
5.28393E+01 -2.43747E+00
5.27046E+01 -2.29772E+00
5.25526E+01 -2.15723E+00
5.23836E+01 -2.01508E+00
5.21980E+01 -1.87138E+00
5.19959E+01 -1.72723E+00
5.17780E+01 -1.58068E+00
5.15444E+01 -1.43292E+00
5.12957E+01 -1.28520E+00
5.10322E+01 -1.13659E+00
5.07546E+01 -9.86162E-01
5.04634E+01 -8.36100E-01
5.01590E+01 -6.85480E-01
4.98422E+01 -5.34415E-01
4.95135E+01 -3.81968E-01
4.91736E+01 -2.30253E-01
4.88233E+01 -7.74465E-02
4.84633E+01 7.50874E-02
4.80943E+01 2.27292E-01
4.77171E+01 3.79080E-01
4.73327E+01 5.30352E-01
4.69419E+01 6.82081E-01
4.65457E+01 8.33203E-01
4.61449E+01 9.84214E-01
4.57406E+01 1.13398E+00
4.53339E+01 1.28246E+00
4.49257E+01 1.43061E+00
4.45172E+01 1.57743E+00
4.41095E+01 1.72362E+00
4.37037E+01 1.86876E+00
4.33011E+01 2.01184E+00
4.29029E+01 2.15386E+00
4.25102E+01 2.29489E+00
4.21243E+01 2.43449E+00
4.17466E+01 2.57229E+00
4.13782E+01 2.70733E+00
4.10204E+01 2.84168E+00
4.06745E+01 2.97330E+00
4.03418E+01 3.10352E+00
4.00235E+01 3.23135E+00
3.97209E+01 3.35681E+00
3.94351E+01 3.48003E+00
3.91673E+01 3.60037E+00
3.89186E+01 3.71870E+00
3.86902E+01 3.83510E+00
3.84829E+01 3.94764E+00
3.82977E+01 4.05893E+00
3.81354E+01 4.16657E+00
3.79967E+01 4.27068E+00
3.78824E+01 4.37349E+00
3.77929E+01 4.47250E+00
3.77287E+01 4.56835E+00
3.76901E+01 4.66016E+00
3.76771E+01 4.75014E+00
