Will plot unflagged data


File # 1  = raise.vis
raise.vis 15.1356 GHz
Read 121 visibilities from all files

Baseline 3-5, plot 121 points
3.76771E+01 1.21507E-02
3.76900E+01 1.21503E-02
3.77287E+01 1.21493E-02
3.77929E+01 1.21476E-02
3.78824E+01 1.21452E-02
3.79967E+01 1.21422E-02
3.81354E+01 1.21386E-02
3.82977E+01 1.21342E-02
3.84829E+01 1.21294E-02
3.86902E+01 1.21239E-02
3.89186E+01 1.21179E-02
3.91673E+01 1.21113E-02
3.94351E+01 1.21041E-02
3.97208E+01 1.20965E-02
4.00235E+01 1.20885E-02
4.03418E+01 1.20801E-02
4.06745E+01 1.20713E-02
4.10204E+01 1.20620E-02
4.13781E+01 1.20526E-02
4.17465E+01 1.20427E-02
4.21243E+01 1.20328E-02
4.25102E+01 1.20226E-02
4.29029E+01 1.20122E-02
4.33011E+01 1.20017E-02
4.37037E+01 1.19910E-02
4.41095E+01 1.19803E-02
4.45172E+01 1.19696E-02
4.49257E+01 1.19587E-02
4.53338E+01 1.19480E-02
4.57406E+01 1.19373E-02
4.61449E+01 1.19267E-02
4.65456E+01 1.19163E-02
4.69419E+01 1.19059E-02
4.73327E+01 1.18958E-02
4.77171E+01 1.18857E-02
4.80942E+01 1.18759E-02
4.84632E+01 1.18663E-02
4.88233E+01 1.18570E-02
4.91736E+01 1.18481E-02
4.95135E+01 1.18393E-02
4.98422E+01 1.18310E-02
5.01590E+01 1.18228E-02
5.04634E+01 1.18150E-02
5.07546E+01 1.18075E-02
5.10322E+01 1.18006E-02
5.12956E+01 1.17938E-02
5.15444E+01 1.17874E-02
5.17779E+01 1.17817E-02
5.19959E+01 1.17763E-02
5.21979E+01 1.17711E-02
5.23836E+01 1.17664E-02
5.25526E+01 1.17622E-02
5.27046E+01 1.17583E-02
5.28393E+01 1.17551E-02
5.29565E+01 1.17520E-02
5.30561E+01 1.17496E-02
5.31378E+01 1.17475E-02
5.32015E+01 1.17459E-02
5.32470E+01 1.17449E-02
5.32744E+01 1.17441E-02
5.32835E+01 1.17439E-02
5.32744E+01 1.17441E-02
5.32470E+01 1.17449E-02
5.32015E+01 1.17459E-02
5.31378E+01 1.17475E-02
5.30561E+01 1.17496E-02
5.29565E+01 1.17520E-02
5.28393E+01 1.17551E-02
5.27046E+01 1.17583E-02
5.25526E+01 1.17622E-02
5.23836E+01 1.17664E-02
5.21980E+01 1.17711E-02
5.19959E+01 1.17763E-02
5.17780E+01 1.17817E-02
5.15444E+01 1.17874E-02
5.12957E+01 1.17938E-02
5.10322E+01 1.18006E-02
5.07546E+01 1.18075E-02
5.04634E+01 1.18150E-02
5.01590E+01 1.18228E-02
4.98422E+01 1.18310E-02
4.95135E+01 1.18393E-02
4.91736E+01 1.18481E-02
4.88233E+01 1.18570E-02
4.84633E+01 1.18663E-02
4.80943E+01 1.18759E-02
4.77171E+01 1.18857E-02
4.73327E+01 1.18958E-02
4.69419E+01 1.19059E-02
4.65457E+01 1.19163E-02
4.61449E+01 1.19267E-02
4.57406E+01 1.19373E-02
4.53339E+01 1.19480E-02
4.49257E+01 1.19587E-02
4.45172E+01 1.19696E-02
4.41095E+01 1.19803E-02
4.37037E+01 1.19910E-02
4.33011E+01 1.20017E-02
4.29029E+01 1.20122E-02
4.25102E+01 1.20226E-02
4.21243E+01 1.20328E-02
4.17466E+01 1.20427E-02
4.13782E+01 1.20526E-02
4.10204E+01 1.20620E-02
4.06745E+01 1.20713E-02
4.03418E+01 1.20801E-02
4.00235E+01 1.20885E-02
3.97209E+01 1.20965E-02
3.94351E+01 1.21041E-02
3.91673E+01 1.21113E-02
3.89186E+01 1.21179E-02
3.86902E+01 1.21239E-02
3.84829E+01 1.21294E-02
3.82977E+01 1.21342E-02
3.81354E+01 1.21386E-02
3.79967E+01 1.21422E-02
3.78824E+01 1.21452E-02
3.77929E+01 1.21476E-02
3.77287E+01 1.21493E-02
3.76901E+01 1.21503E-02
3.76771E+01 1.21507E-02
