Will plot unflagged data


File # 1  = raise.vis
raise.vis 15.1356 GHz
Read 121 visibilities from all files

Baseline 2-5, plot 121 points
9.39198E+01 -4.41904E+01
9.39520E+01 -4.49937E+01
9.40484E+01 -4.57653E+01
9.42085E+01 -4.65057E+01
9.44315E+01 -4.72147E+01
9.47165E+01 -4.78909E+01
9.50621E+01 -4.85346E+01
9.54666E+01 -4.91452E+01
9.59283E+01 -4.97219E+01
9.64451E+01 -5.02642E+01
9.70146E+01 -5.07724E+01
9.76344E+01 -5.12455E+01
9.83019E+01 -5.16833E+01
9.90143E+01 -5.20863E+01
9.97687E+01 -5.24527E+01
1.00562E+02 -5.27840E+01
1.01391E+02 -5.30790E+01
1.02254E+02 -5.33382E+01
1.03145E+02 -5.35597E+01
1.04064E+02 -5.37452E+01
1.05006E+02 -5.38939E+01
1.05967E+02 -5.40053E+01
1.06946E+02 -5.40799E+01
1.07939E+02 -5.41171E+01
1.08943E+02 -5.41175E+01
1.09954E+02 -5.40805E+01
1.10970E+02 -5.40066E+01
1.11989E+02 -5.38958E+01
1.13006E+02 -5.37487E+01
1.14020E+02 -5.35639E+01
1.15028E+02 -5.33427E+01
1.16027E+02 -5.30847E+01
1.17015E+02 -5.27901E+01
1.17989E+02 -5.24597E+01
1.18947E+02 -5.20938E+01
1.19887E+02 -5.16919E+01
1.20807E+02 -5.12540E+01
1.21704E+02 -5.07816E+01
1.22578E+02 -5.02738E+01
1.23425E+02 -4.97322E+01
1.24244E+02 -4.91560E+01
1.25034E+02 -4.85462E+01
1.25793E+02 -4.79038E+01
1.26519E+02 -4.72280E+01
1.27211E+02 -4.65200E+01
1.27867E+02 -4.57802E+01
1.28487E+02 -4.50087E+01
1.29070E+02 -4.42060E+01
1.29613E+02 -4.33736E+01
1.30117E+02 -4.25118E+01
1.30579E+02 -4.16195E+01
1.31001E+02 -4.07001E+01
1.31379E+02 -3.97523E+01
1.31715E+02 -3.87772E+01
1.32008E+02 -3.77758E+01
1.32256E+02 -3.67484E+01
1.32459E+02 -3.56959E+01
1.32618E+02 -3.46182E+01
1.32732E+02 -3.35171E+01
1.32800E+02 -3.23934E+01
1.32823E+02 -3.12477E+01
1.32800E+02 -3.00798E+01
1.32732E+02 -2.88916E+01
1.32618E+02 -2.76839E+01
1.32459E+02 -2.64576E+01
1.32256E+02 -2.52124E+01
1.32008E+02 -2.39500E+01
1.31715E+02 -2.26711E+01
1.31379E+02 -2.13770E+01
1.31001E+02 -2.00681E+01
1.30579E+02 -1.87449E+01
1.30117E+02 -1.74104E+01
1.29613E+02 -1.60625E+01
1.29070E+02 -1.47039E+01
1.28487E+02 -1.33359E+01
1.27867E+02 -1.19584E+01
1.27211E+02 -1.05724E+01
1.26519E+02 -9.17914E+00
1.25793E+02 -7.77984E+00
1.25034E+02 -6.37466E+00
1.24244E+02 -4.96573E+00
1.23425E+02 -3.55347E+00
1.22578E+02 -2.13828E+00
1.21704E+02 -7.22261E-01
1.20807E+02 6.94797E-01
1.19887E+02 2.11081E+00
1.18947E+02 3.52587E+00
1.17989E+02 4.93893E+00
1.17015E+02 6.34810E+00
1.16027E+02 7.75253E+00
1.15028E+02 9.15183E+00
1.14020E+02 1.05451E+01
1.13006E+02 1.19308E+01
1.11989E+02 1.33094E+01
1.10970E+02 1.46780E+01
1.09954E+02 1.60366E+01
1.08943E+02 1.73839E+01
1.07939E+02 1.87196E+01
1.06946E+02 2.00423E+01
1.05967E+02 2.13515E+01
1.05006E+02 2.26459E+01
1.04064E+02 2.39252E+01
1.03146E+02 2.51880E+01
1.02254E+02 2.64329E+01
1.01391E+02 2.76607E+01
1.00562E+02 2.88691E+01
9.97687E+01 3.00577E+01
9.90143E+01 3.12249E+01
9.83019E+01 3.23716E+01
9.76344E+01 3.34955E+01
9.70146E+01 3.45967E+01
9.64451E+01 3.56745E+01
9.59283E+01 3.67284E+01
9.54667E+01 3.77555E+01
9.50621E+01 3.87579E+01
9.47165E+01 3.97336E+01
9.44315E+01 4.06817E+01
9.42085E+01 4.16025E+01
9.40484E+01 4.24942E+01
9.39520E+01 4.33566E+01
9.39198E+01 4.41903E+01
