Will plot unflagged data


File # 1  = raise.vis
raise.vis 15.1356 GHz
Read 121 visibilities from all files

Baseline 2-5, plot 121 points
9.39198E+01 4.97740E-01
9.39520E+01 4.97072E-01
9.40484E+01 4.95090E-01
9.42085E+01 4.91861E-01
9.44315E+01 4.87485E-01
9.47165E+01 4.82100E-01
9.50621E+01 4.75912E-01
9.54666E+01 4.69175E-01
9.59283E+01 4.62167E-01
9.64451E+01 4.55132E-01
9.70146E+01 4.48245E-01
9.76344E+01 4.41585E-01
9.83019E+01 4.35194E-01
9.90143E+01 4.29093E-01
9.97687E+01 4.23282E-01
1.00562E+02 4.17771E-01
1.01391E+02 4.12545E-01
1.02254E+02 4.07591E-01
1.03145E+02 4.02886E-01
1.04064E+02 3.98423E-01
1.05006E+02 3.94182E-01
1.05967E+02 3.90142E-01
1.06946E+02 3.86291E-01
1.07939E+02 3.82612E-01
1.08943E+02 3.79094E-01
1.09954E+02 3.75721E-01
1.10970E+02 3.72486E-01
1.11989E+02 3.69380E-01
1.13006E+02 3.66398E-01
1.14020E+02 3.63528E-01
1.15028E+02 3.60770E-01
1.16027E+02 3.58117E-01
1.17015E+02 3.55567E-01
1.17989E+02 3.53120E-01
1.18947E+02 3.50774E-01
1.19887E+02 3.48525E-01
1.20807E+02 3.46371E-01
1.21704E+02 3.44314E-01
1.22578E+02 3.42348E-01
1.23425E+02 3.40478E-01
1.24244E+02 3.38697E-01
1.25034E+02 3.37007E-01
1.25793E+02 3.35408E-01
1.26519E+02 3.33896E-01
1.27211E+02 3.32473E-01
1.27867E+02 3.31138E-01
1.28487E+02 3.29890E-01
1.29070E+02 3.28727E-01
1.29613E+02 3.27654E-01
1.30117E+02 3.26669E-01
1.30579E+02 3.25764E-01
1.31001E+02 3.24952E-01
1.31379E+02 3.24223E-01
1.31715E+02 3.23581E-01
1.32008E+02 3.23025E-01
1.32256E+02 3.22555E-01
1.32459E+02 3.22171E-01
1.32618E+02 3.21870E-01
1.32732E+02 3.21656E-01
1.32800E+02 3.21528E-01
1.32823E+02 3.21487E-01
1.32800E+02 3.21528E-01
1.32732E+02 3.21656E-01
1.32618E+02 3.21870E-01
1.32459E+02 3.22171E-01
1.32256E+02 3.22555E-01
1.32008E+02 3.23025E-01
1.31715E+02 3.23581E-01
1.31379E+02 3.24223E-01
1.31001E+02 3.24952E-01
1.30579E+02 3.25764E-01
1.30117E+02 3.26669E-01
1.29613E+02 3.27654E-01
1.29070E+02 3.28727E-01
1.28487E+02 3.29890E-01
1.27867E+02 3.31138E-01
1.27211E+02 3.32473E-01
1.26519E+02 3.33896E-01
1.25793E+02 3.35408E-01
1.25034E+02 3.37007E-01
1.24244E+02 3.38697E-01
1.23425E+02 3.40478E-01
1.22578E+02 3.42348E-01
1.21704E+02 3.44314E-01
1.20807E+02 3.46371E-01
1.19887E+02 3.48526E-01
1.18947E+02 3.50774E-01
1.17989E+02 3.53120E-01
1.17015E+02 3.55567E-01
1.16027E+02 3.58117E-01
1.15028E+02 3.60770E-01
1.14020E+02 3.63528E-01
1.13006E+02 3.66398E-01
1.11989E+02 3.69380E-01
1.10970E+02 3.72486E-01
1.09954E+02 3.75721E-01
1.08943E+02 3.79094E-01
1.07939E+02 3.82612E-01
1.06946E+02 3.86291E-01
1.05967E+02 3.90142E-01
1.05006E+02 3.94182E-01
1.04064E+02 3.98423E-01
1.03146E+02 4.02886E-01
1.02254E+02 4.07591E-01
1.01391E+02 4.12545E-01
1.00562E+02 4.17771E-01
9.97687E+01 4.23282E-01
9.90143E+01 4.29093E-01
9.83019E+01 4.35194E-01
9.76344E+01 4.41585E-01
9.70146E+01 4.48245E-01
9.64451E+01 4.55132E-01
9.59283E+01 4.62158E-01
9.54667E+01 4.69175E-01
9.50621E+01 4.75912E-01
9.47165E+01 4.82100E-01
9.44315E+01 4.87485E-01
9.42085E+01 4.91861E-01
9.40484E+01 4.95090E-01
9.39520E+01 4.97072E-01
9.39198E+01 4.97740E-01
