Will plot unflagged data


File # 1  = raise.vis
raise.vis 0.1514 GHz
Read 121 visibilities from all files

Baseline 2-4, plot 121 points
7.09859E-01 9.05419E-01
7.10102E-01 9.05419E-01
7.10831E-01 9.05419E-01
7.12041E-01 9.05418E-01
7.13727E-01 9.05418E-01
7.15881E-01 9.05418E-01
7.18492E-01 9.05417E-01
7.21550E-01 9.05417E-01
7.25039E-01 9.05416E-01
7.28945E-01 9.05416E-01
7.33250E-01 9.05415E-01
7.37934E-01 9.05414E-01
7.42979E-01 9.05414E-01
7.48364E-01 9.05412E-01
7.54065E-01 9.05412E-01
7.60062E-01 9.05411E-01
7.66331E-01 9.05410E-01
7.72847E-01 9.05408E-01
7.79588E-01 9.05408E-01
7.86529E-01 9.05407E-01
7.93647E-01 9.05405E-01
8.00916E-01 9.05404E-01
8.08315E-01 9.05403E-01
8.15818E-01 9.05401E-01
8.23403E-01 9.05400E-01
8.31048E-01 9.05399E-01
8.38729E-01 9.05397E-01
8.46425E-01 9.05396E-01
8.54116E-01 9.05395E-01
8.61779E-01 9.05394E-01
8.69396E-01 9.05393E-01
8.76947E-01 9.05391E-01
8.84413E-01 9.05390E-01
8.91775E-01 9.05389E-01
8.99018E-01 9.05388E-01
9.06123E-01 9.05386E-01
9.13075E-01 9.05385E-01
9.19859E-01 9.05384E-01
9.26459E-01 9.05382E-01
9.32863E-01 9.05381E-01
9.39055E-01 9.05379E-01
9.45025E-01 9.05379E-01
9.50759E-01 9.05378E-01
9.56246E-01 9.05376E-01
9.61477E-01 9.05376E-01
9.66439E-01 9.05375E-01
9.71126E-01 9.05373E-01
9.75527E-01 9.05373E-01
9.79634E-01 9.05372E-01
9.83439E-01 9.05372E-01
9.86937E-01 9.05370E-01
9.90121E-01 9.05370E-01
9.92984E-01 9.05370E-01
9.95523E-01 9.05368E-01
9.97732E-01 9.05368E-01
9.99608E-01 9.05368E-01
1.00115E+00 9.05368E-01
1.00235E+00 9.05368E-01
1.00320E+00 9.05367E-01
1.00372E+00 9.05367E-01
1.00389E+00 9.05367E-01
1.00372E+00 9.05367E-01
1.00320E+00 9.05367E-01
1.00235E+00 9.05368E-01
1.00115E+00 9.05368E-01
9.99608E-01 9.05368E-01
9.97732E-01 9.05368E-01
9.95523E-01 9.05368E-01
9.92984E-01 9.05370E-01
9.90121E-01 9.05370E-01
9.86937E-01 9.05370E-01
9.83440E-01 9.05372E-01
9.79634E-01 9.05372E-01
9.75527E-01 9.05373E-01
9.71126E-01 9.05373E-01
9.66440E-01 9.05375E-01
9.61477E-01 9.05376E-01
9.56247E-01 9.05376E-01
9.50759E-01 9.05378E-01
9.45025E-01 9.05379E-01
9.39056E-01 9.05379E-01
9.32863E-01 9.05381E-01
9.26460E-01 9.05383E-01
9.19859E-01 9.05384E-01
9.13076E-01 9.05385E-01
9.06124E-01 9.05386E-01
8.99018E-01 9.05388E-01
8.91776E-01 9.05389E-01
8.84413E-01 9.05390E-01
8.76947E-01 9.05392E-01
8.69397E-01 9.05393E-01
8.61780E-01 9.05394E-01
8.54116E-01 9.05395E-01
8.46426E-01 9.05396E-01
8.38730E-01 9.05397E-01
8.31048E-01 9.05399E-01
8.23404E-01 9.05400E-01
8.15818E-01 9.05402E-01
8.08315E-01 9.05403E-01
8.00917E-01 9.05404E-01
7.93647E-01 9.05405E-01
7.86530E-01 9.05407E-01
7.79588E-01 9.05408E-01
7.72848E-01 9.05408E-01
7.66331E-01 9.05410E-01
7.60063E-01 9.05410E-01
7.54066E-01 9.05412E-01
7.48364E-01 9.05412E-01
7.42980E-01 9.05414E-01
7.37935E-01 9.05414E-01
7.33250E-01 9.05415E-01
7.28945E-01 9.05415E-01
7.25040E-01 9.05416E-01
7.21550E-01 9.05417E-01
7.18493E-01 9.05417E-01
7.15881E-01 9.05418E-01
7.13727E-01 9.05418E-01
7.12041E-01 9.05418E-01
7.10831E-01 9.05419E-01
7.10102E-01 9.05419E-01
7.09859E-01 9.05419E-01
