Will plot unflagged data


File # 1  = raise.vis
raise.vis 0.1514 GHz
Read 121 visibilities from all files

Baseline 2-4, plot 121 points
7.09859E-01 -8.69058E-02
7.10102E-01 -8.80421E-02
7.10831E-01 -9.01421E-02
7.12041E-01 -9.11520E-02
7.13727E-01 -9.31216E-02
7.15881E-01 -9.39968E-02
7.18492E-01 -9.58280E-02
7.21550E-01 -9.65604E-02
7.25039E-01 -9.82453E-02
7.28945E-01 -9.88274E-02
7.33250E-01 -1.00359E-01
7.37934E-01 -1.00783E-01
7.42979E-01 -1.02154E-01
7.48364E-01 -1.02414E-01
7.54065E-01 -1.03617E-01
7.60062E-01 -1.03707E-01
7.66331E-01 -1.04737E-01
7.72847E-01 -1.04650E-01
7.79588E-01 -1.05501E-01
7.86529E-01 -1.06261E-01
7.93647E-01 -1.05899E-01
8.00916E-01 -1.06472E-01
8.08315E-01 -1.06951E-01
8.15818E-01 -1.06304E-01
8.23403E-01 -1.06589E-01
8.31048E-01 -1.06777E-01
8.38729E-01 -1.05837E-01
8.46425E-01 -1.05826E-01
8.54116E-01 -1.05716E-01
8.61779E-01 -1.05505E-01
8.69396E-01 -1.05192E-01
8.76947E-01 -1.04778E-01
8.84413E-01 -1.04262E-01
8.91775E-01 -1.03643E-01
8.99018E-01 -1.02921E-01
9.06123E-01 -1.02097E-01
9.13075E-01 -1.01169E-01
9.19859E-01 -1.00138E-01
9.26459E-01 -9.90035E-02
9.32863E-01 -9.77661E-02
9.39055E-01 -9.64257E-02
9.45025E-01 -9.60128E-02
9.50759E-01 -9.44672E-02
9.56246E-01 -9.28194E-02
9.61477E-01 -9.21003E-02
9.66439E-01 -9.02496E-02
9.71126E-01 -8.82983E-02
9.75527E-01 -8.72774E-02
9.79634E-01 -8.51267E-02
9.83439E-01 -8.39081E-02
9.86937E-01 -8.15612E-02
9.90121E-01 -8.01481E-02
9.92984E-01 -7.86391E-02
9.95523E-01 -7.60048E-02
9.97732E-01 -7.43074E-02
9.99608E-01 -7.25175E-02
1.00115E+00 -7.06364E-02
1.00235E+00 -6.86653E-02
1.00320E+00 -6.55748E-02
1.00372E+00 -6.34277E-02
1.00389E+00 -6.11949E-02
1.00372E+00 -5.88779E-02
1.00320E+00 -5.64783E-02
1.00235E+00 -5.50283E-02
1.00115E+00 -5.24683E-02
9.99608E-01 -4.98308E-02
9.97732E-01 -4.71176E-02
9.95523E-01 -4.43304E-02
9.92984E-01 -4.25020E-02
9.90121E-01 -3.95730E-02
9.86937E-01 -3.65758E-02
9.83440E-01 -3.45434E-02
9.79634E-01 -3.14165E-02
9.75527E-01 -2.92584E-02
9.71126E-01 -2.60103E-02
9.66440E-01 -2.37354E-02
9.61477E-01 -2.14054E-02
9.56247E-01 -1.79922E-02
9.50759E-01 -1.55591E-02
9.45025E-01 -1.30778E-02
9.39056E-01 -9.52065E-03
9.32863E-01 -6.95060E-03
9.26460E-01 -4.33977E-03
9.19859E-01 -1.69068E-03
9.13076E-01 9.94167E-04
9.06124E-01 3.71218E-03
8.99018E-01 6.46089E-03
8.91776E-01 9.23764E-03
8.84413E-01 1.20398E-02
8.76947E-01 1.48648E-02
8.69397E-01 1.77099E-02
8.61780E-01 2.05726E-02
8.54116E-01 2.34501E-02
8.46426E-01 2.63398E-02
8.38730E-01 2.92390E-02
8.31048E-01 3.11157E-02
8.23404E-01 3.40259E-02
8.15818E-01 3.69374E-02
8.08315E-01 3.88188E-02
8.00917E-01 4.17252E-02
7.93647E-01 4.46248E-02
7.86530E-01 4.64866E-02
7.79588E-01 4.93649E-02
7.72848E-01 5.22285E-02
7.66331E-01 5.40465E-02
7.60063E-01 5.68727E-02
7.54066E-01 5.86483E-02
7.48364E-01 6.14266E-02
7.42980E-01 6.31494E-02
7.37935E-01 6.58694E-02
7.33250E-01 6.75289E-02
7.28945E-01 7.01803E-02
7.25040E-01 7.17665E-02
7.21550E-01 7.43392E-02
7.18493E-01 7.58422E-02
7.15881E-01 7.83263E-02
7.13727E-01 7.97363E-02
7.12041E-01 8.21223E-02
7.10831E-01 8.34298E-02
7.10102E-01 8.57084E-02
7.09859E-01 8.69042E-02
