Will plot unflagged data


File # 1  = raise.vis
raise.vis 0.4786 GHz
Read 121 visibilities from all files

Baseline 1-3, plot 121 points
1.95122E+00 -5.28096E-01
1.95189E+00 -5.38231E-01
1.95390E+00 -5.46954E-01
1.95722E+00 -5.56306E-01
1.96186E+00 -5.64222E-01
1.96778E+00 -5.72746E-01
1.97496E+00 -5.79809E-01
1.98336E+00 -5.87460E-01
1.99295E+00 -5.94657E-01
2.00369E+00 -6.00359E-01
2.01552E+00 -6.06619E-01
2.02840E+00 -6.12394E-01
2.04226E+00 -6.17675E-01
2.05706E+00 -6.22452E-01
2.07274E+00 -6.26716E-01
2.08922E+00 -6.30457E-01
2.10645E+00 -6.34701E-01
2.12436E+00 -6.37372E-01
2.14289E+00 -6.40529E-01
2.16197E+00 -6.42098E-01
2.18154E+00 -6.44138E-01
2.20152E+00 -6.45609E-01
2.22185E+00 -6.46504E-01
2.24248E+00 -6.46817E-01
2.26333E+00 -6.46542E-01
2.28434E+00 -6.46708E-01
2.30546E+00 -6.45242E-01
2.32661E+00 -6.44207E-01
2.34775E+00 -6.42565E-01
2.36882E+00 -6.40313E-01
2.38975E+00 -6.37448E-01
2.41051E+00 -6.33966E-01
2.43103E+00 -6.30897E-01
2.45127E+00 -6.27207E-01
2.47117E+00 -6.22895E-01
2.49071E+00 -6.17959E-01
2.50982E+00 -6.12398E-01
2.52846E+00 -6.07243E-01
2.54660E+00 -6.00433E-01
2.56421E+00 -5.94029E-01
2.58123E+00 -5.87001E-01
2.59764E+00 -5.80379E-01
2.61340E+00 -5.72109E-01
2.62848E+00 -5.64247E-01
2.64286E+00 -5.55770E-01
2.65650E+00 -5.46680E-01
2.66938E+00 -5.38006E-01
2.68148E+00 -5.28725E-01
2.69277E+00 -5.18842E-01
2.70323E+00 -5.08358E-01
2.71284E+00 -4.97280E-01
2.72159E+00 -4.86640E-01
2.72946E+00 -4.75417E-01
2.73644E+00 -4.63618E-01
2.74251E+00 -4.51249E-01
2.74767E+00 -4.39345E-01
2.75190E+00 -4.26886E-01
2.75520E+00 -4.13880E-01
2.75756E+00 -4.00336E-01
2.75898E+00 -3.87289E-01
2.75945E+00 -3.73721E-01
2.75898E+00 -3.59641E-01
2.75756E+00 -3.45059E-01
2.75520E+00 -3.31013E-01
2.75190E+00 -3.16484E-01
2.74767E+00 -3.01484E-01
2.74251E+00 -2.86024E-01
2.73644E+00 -2.71143E-01
2.72947E+00 -2.55823E-01
2.72159E+00 -2.40078E-01
2.71284E+00 -2.23918E-01
2.70323E+00 -2.08384E-01
2.69277E+00 -1.92461E-01
2.68148E+00 -1.76162E-01
2.66938E+00 -1.59501E-01
2.65650E+00 -1.42493E-01
2.64286E+00 -1.26179E-01
2.62848E+00 -1.09546E-01
2.61340E+00 -9.26086E-02
2.59764E+00 -7.64089E-02
2.58123E+00 -5.89062E-02
2.56421E+00 -4.21714E-02
2.54661E+00 -2.51913E-02
2.52846E+00 -7.98108E-03
2.50982E+00 8.41426E-03
2.49071E+00 2.50086E-02
2.47118E+00 4.17866E-02
2.45127E+00 5.87328E-02
2.43103E+00 7.58313E-02
2.41051E+00 9.30665E-02
2.38975E+00 1.09391E-01
2.36882E+00 1.25819E-01
2.34775E+00 1.42336E-01
2.32661E+00 1.58925E-01
2.30546E+00 1.75571E-01
2.28434E+00 1.91224E-01
2.26333E+00 2.07932E-01
2.24248E+00 2.23616E-01
2.22186E+00 2.39291E-01
2.20152E+00 2.54940E-01
2.18154E+00 2.70548E-01
2.16197E+00 2.86099E-01
2.14289E+00 3.00542E-01
2.12436E+00 3.15928E-01
2.10645E+00 3.30176E-01
2.08922E+00 3.45334E-01
2.07274E+00 3.59322E-01
2.05706E+00 3.73155E-01
2.04226E+00 3.86820E-01
2.02840E+00 4.00301E-01
2.01552E+00 4.13581E-01
2.00369E+00 4.26647E-01
1.99295E+00 4.38451E-01
1.98336E+00 4.51043E-01
1.97496E+00 4.63376E-01
1.96778E+00 4.74407E-01
1.96186E+00 4.86181E-01
1.95722E+00 4.96627E-01
1.95390E+00 5.07788E-01
1.95189E+00 5.17596E-01
1.95122E+00 5.28093E-01
