Will plot unflagged data


File # 1  = raise.vis
raise.vis 0.4786 GHz
Read 121 visibilities from all files

Baseline 1-3, plot 121 points
1.95122E+00 2.94904E+00
1.95189E+00 2.94903E+00
1.95390E+00 2.94902E+00
1.95722E+00 2.94900E+00
1.96186E+00 2.94897E+00
1.96778E+00 2.94893E+00
1.97496E+00 2.94888E+00
1.98336E+00 2.94883E+00
1.99295E+00 2.94878E+00
2.00369E+00 2.94870E+00
2.01552E+00 2.94863E+00
2.02840E+00 2.94855E+00
2.04226E+00 2.94846E+00
2.05706E+00 2.94836E+00
2.07274E+00 2.94826E+00
2.08922E+00 2.94815E+00
2.10645E+00 2.94804E+00
2.12436E+00 2.94792E+00
2.14289E+00 2.94780E+00
2.16197E+00 2.94766E+00
2.18154E+00 2.94753E+00
2.20152E+00 2.94739E+00
2.22185E+00 2.94725E+00
2.24248E+00 2.94710E+00
2.26333E+00 2.94695E+00
2.28434E+00 2.94681E+00
2.30546E+00 2.94665E+00
2.32661E+00 2.94650E+00
2.34775E+00 2.94634E+00
2.36882E+00 2.94619E+00
2.38975E+00 2.94603E+00
2.41051E+00 2.94586E+00
2.43103E+00 2.94572E+00
2.45127E+00 2.94557E+00
2.47117E+00 2.94542E+00
2.49071E+00 2.94526E+00
2.50982E+00 2.94511E+00
2.52846E+00 2.94497E+00
2.54660E+00 2.94481E+00
2.56421E+00 2.94467E+00
2.58123E+00 2.94453E+00
2.59764E+00 2.94442E+00
2.61340E+00 2.94428E+00
2.62848E+00 2.94416E+00
2.64286E+00 2.94405E+00
2.65650E+00 2.94393E+00
2.66938E+00 2.94384E+00
2.68148E+00 2.94375E+00
2.69277E+00 2.94366E+00
2.70323E+00 2.94356E+00
2.71284E+00 2.94347E+00
2.72159E+00 2.94341E+00
2.72946E+00 2.94335E+00
2.73644E+00 2.94328E+00
2.74251E+00 2.94322E+00
2.74767E+00 2.94319E+00
2.75190E+00 2.94316E+00
2.75520E+00 2.94312E+00
2.75756E+00 2.94309E+00
2.75898E+00 2.94309E+00
2.75945E+00 2.94309E+00
2.75898E+00 2.94309E+00
2.75756E+00 2.94309E+00
2.75520E+00 2.94312E+00
2.75190E+00 2.94316E+00
2.74767E+00 2.94319E+00
2.74251E+00 2.94322E+00
2.73644E+00 2.94328E+00
2.72947E+00 2.94335E+00
2.72159E+00 2.94341E+00
2.71284E+00 2.94347E+00
2.70323E+00 2.94356E+00
2.69277E+00 2.94366E+00
2.68148E+00 2.94375E+00
2.66938E+00 2.94384E+00
2.65650E+00 2.94393E+00
2.64286E+00 2.94405E+00
2.62848E+00 2.94416E+00
2.61340E+00 2.94428E+00
2.59764E+00 2.94442E+00
2.58123E+00 2.94453E+00
2.56421E+00 2.94467E+00
2.54661E+00 2.94481E+00
2.52846E+00 2.94495E+00
2.50982E+00 2.94511E+00
2.49071E+00 2.94526E+00
2.47118E+00 2.94542E+00
2.45127E+00 2.94557E+00
2.43103E+00 2.94572E+00
2.41051E+00 2.94586E+00
2.38975E+00 2.94603E+00
2.36882E+00 2.94619E+00
2.34775E+00 2.94635E+00
2.32661E+00 2.94650E+00
2.30546E+00 2.94665E+00
2.28434E+00 2.94681E+00
2.26333E+00 2.94695E+00
2.24248E+00 2.94710E+00
2.22186E+00 2.94725E+00
2.20152E+00 2.94739E+00
2.18154E+00 2.94753E+00
2.16197E+00 2.94766E+00
2.14289E+00 2.94780E+00
2.12436E+00 2.94792E+00
2.10645E+00 2.94804E+00
2.08922E+00 2.94815E+00
2.07274E+00 2.94826E+00
2.05706E+00 2.94836E+00
2.04226E+00 2.94846E+00
2.02840E+00 2.94855E+00
2.01552E+00 2.94863E+00
2.00369E+00 2.94870E+00
1.99295E+00 2.94878E+00
1.98336E+00 2.94883E+00
1.97496E+00 2.94888E+00
1.96778E+00 2.94893E+00
1.96186E+00 2.94897E+00
1.95722E+00 2.94900E+00
1.95390E+00 2.94902E+00
1.95189E+00 2.94903E+00
1.95122E+00 2.94904E+00
