Will plot unflagged data


File # 1  = point_source.vis
point_source.vis 0.4786 GHz
Read 1815 visibilities from all files

Plot 1815 points
-2.91204E-09 -1.72675E-01
-3.29061E-08 -1.95122E+00
-2.99941E-08 -1.77855E+00
-4.07686E-08 -2.41745E+00
-3.78566E-08 -2.24477E+00
-7.86252E-09 -4.66222E-01
-5.29992E-08 -3.14268E+00
-5.00872E-08 -2.97001E+00
-2.00931E-08 -1.19146E+00
-1.22306E-08 -7.25234E-01
-1.14152E-07 -6.76885E+00
-1.11240E-07 -6.59618E+00
-8.12460E-08 -4.81763E+00
-7.33835E-08 -4.35140E+00
-6.11529E-08 -3.62617E+00
-6.39247E-03 -1.72616E-01
-7.22349E-02 -1.95056E+00
-6.58424E-02 -1.77794E+00
-8.94945E-02 -2.41662E+00
-8.31021E-02 -2.24400E+00
-1.72597E-02 -4.66062E-01
-1.16343E-01 -3.14160E+00
-1.09950E-01 -2.96899E+00
-4.41080E-02 -1.19105E+00
-2.68484E-02 -7.24986E-01
-2.50585E-01 -6.76653E+00
-2.44192E-01 -6.59392E+00
-1.78350E-01 -4.81598E+00
-1.61090E-01 -4.34991E+00
-1.34242E-01 -3.62493E+00
-1.27804E-02 -1.72438E-01
-1.44419E-01 -1.94855E+00
-1.31638E-01 -1.77611E+00
-1.78926E-01 -2.41413E+00
-1.66146E-01 -2.24170E+00
-3.45072E-02 -4.65583E-01
-2.32604E-01 -3.13837E+00
-2.19823E-01 -2.96594E+00
-8.81850E-02 -1.18982E+00
-5.36778E-02 -7.24240E-01
-5.00993E-01 -6.75957E+00
-4.88213E-01 -6.58714E+00
-3.56574E-01 -4.81102E+00
-3.22067E-01 -4.34544E+00
-2.68389E-01 -3.62120E+00
-1.91596E-02 -1.72142E-01
-2.16504E-01 -1.94521E+00
-1.97344E-01 -1.77307E+00
-2.68235E-01 -2.40999E+00
-2.49075E-01 -2.23785E+00
-5.17310E-02 -4.64785E-01
-3.48705E-01 -3.13299E+00
-3.29546E-01 -2.96085E+00
-1.32202E-01 -1.18778E+00
-8.04705E-02 -7.22998E-01
-7.51058E-01 -6.74798E+00
-7.31898E-01 -6.57584E+00
-5.34554E-01 -4.80277E+00
-4.82823E-01 -4.33799E+00
-4.02353E-01 -3.61499E+00
-2.55257E-02 -1.71729E-01
-2.88441E-01 -1.94054E+00
-2.62915E-01 -1.76881E+00
-3.57360E-01 -2.40420E+00
-3.31834E-01 -2.23247E+00
-6.89194E-02 -4.63668E-01
-4.64568E-01 -3.12546E+00
-4.39042E-01 -2.95374E+00
-1.76127E-01 -1.18493E+00
-1.07208E-01 -7.21261E-01
-1.00061E+00 -6.73177E+00
-9.75083E-01 -6.56004E+00
-7.12168E-01 -4.79123E+00
-6.43248E-01 -4.32757E+00
-5.36040E-01 -3.60631E+00
-3.18744E-02 -1.71197E-01
-3.60181E-01 -1.93453E+00
-3.28306E-01 -1.76333E+00
-4.46242E-01 -2.39676E+00
-4.14367E-01 -2.22557E+00
-8.60609E-02 -4.62233E-01
-5.80114E-01 -3.11579E+00
-5.48240E-01 -2.94460E+00
-2.19933E-01 -1.18126E+00
-1.33873E-01 -7.19030E-01
-1.24948E+00 -6.71094E+00
-1.21760E+00 -6.53975E+00
-8.89296E-01 -4.77641E+00
-8.03235E-01 -4.31418E+00
-6.69363E-01 -3.59515E+00
-3.82012E-02 -1.70549E-01
-4.31673E-01 -1.92720E+00
-3.93472E-01 -1.75665E+00
-5.34816E-01 -2.38768E+00
-4.96615E-01 -2.21713E+00
-1.03143E-01 -4.60482E-01
-6.95261E-01 -3.10399E+00
-6.57060E-01 -2.93344E+00
-2.63588E-01 -1.17679E+00
-1.60445E-01 -7.16305E-01
-1.49749E+00 -6.68551E+00
-1.45928E+00 -6.51497E+00
-1.06581E+00 -4.75831E+00
-9.62669E-01 -4.29783E+00
-8.02224E-01 -3.58153E+00
-4.45017E-02 -1.69783E-01
-5.02869E-01 -1.91855E+00
-4.58368E-01 -1.74877E+00
-6.23024E-01 -2.37697E+00
-5.78522E-01 -2.20718E+00
-1.20155E-01 -4.58415E-01
-8.09931E-01 -3.09006E+00
-7.65429E-01 -2.92027E+00
-3.07062E-01 -1.17150E+00
-1.86907E-01 -7.13090E-01
-1.74447E+00 -6.65551E+00
-1.69997E+00 -6.48572E+00
-1.24160E+00 -4.73695E+00
-1.12144E+00 -4.27854E+00
-9.34536E-01 -3.56545E+00
-5.07718E-02 -1.68901E-01
-5.73721E-01 -1.90859E+00
-5.22949E-01 -1.73968E+00
-7.10805E-01 -2.36462E+00
-6.60033E-01 -2.19572E+00
-1.37084E-01 -4.56034E-01
-9.24046E-01 -3.07401E+00
-8.73274E-01 -2.90510E+00
-3.50325E-01 -1.16542E+00
-2.13241E-01 -7.09386E-01
-1.99025E+00 -6.62094E+00
-1.93948E+00 -6.45203E+00
-1.41653E+00 -4.71235E+00
-1.27945E+00 -4.25632E+00
-1.06621E+00 -3.54693E+00
-5.70071E-02 -1.67904E-01
-6.44181E-01 -1.89731E+00
-5.87174E-01 -1.72941E+00
-7.98100E-01 -2.35065E+00
-7.41093E-01 -2.18275E+00
-1.53919E-01 -4.53340E-01
-1.03753E+00 -3.05585E+00
-9.80523E-01 -2.88794E+00
-3.93349E-01 -1.15854E+00
-2.39430E-01 -7.05196E-01
-2.23468E+00 -6.58183E+00
-2.17767E+00 -6.41392E+00
-1.59050E+00 -4.68451E+00
-1.43658E+00 -4.23117E+00
-1.19715E+00 -3.52598E+00
-6.32033E-02 -1.66791E-01
-7.14198E-01 -1.88474E+00
-6.50994E-01 -1.71795E+00
-8.84847E-01 -2.33507E+00
-8.21643E-01 -2.16828E+00
-1.70649E-01 -4.50336E-01
-1.15030E+00 -3.03560E+00
-1.08710E+00 -2.86881E+00
-4.36103E-01 -1.15086E+00
-2.65454E-01 -7.00522E-01
-2.47757E+00 -6.53821E+00
-2.41437E+00 -6.37142E+00
-1.76337E+00 -4.65347E+00
-1.59272E+00 -4.20313E+00
-1.32727E+00 -3.50261E+00
-6.93562E-02 -1.65564E-01
-7.83725E-01 -1.87087E+00
-7.14369E-01 -1.70531E+00
-9.70987E-01 -2.31790E+00
-9.01631E-01 -2.15233E+00
-1.87262E-01 -4.47023E-01
-1.26228E+00 -3.01326E+00
-1.19293E+00 -2.84770E+00
-4.78558E-01 -1.14239E+00
-2.91296E-01 -6.95369E-01
-2.71876E+00 -6.49011E+00
-2.64941E+00 -6.32454E+00
-1.93504E+00 -4.61924E+00
-1.74778E+00 -4.17221E+00
-1.45648E+00 -3.47684E+00
-7.54616E-02 -1.64223E-01
-8.52716E-01 -1.85573E+00
-7.77254E-01 -1.69150E+00
-1.05646E+00 -2.29913E+00
-9.81000E-01 -2.13491E+00
-2.03746E-01 -4.43403E-01
-1.37340E+00 -2.98887E+00
-1.29794E+00 -2.82464E+00
-5.20685E-01 -1.13314E+00
-3.16939E-01 -6.89739E-01
-2.95809E+00 -6.43756E+00
-2.88263E+00 -6.27334E+00
-2.10538E+00 -4.58184E+00
-1.90163E+00 -4.13843E+00
-1.58469E+00 -3.44869E+00
-8.15153E-02 -1.62770E-01
-9.21123E-01 -1.83931E+00
-8.39607E-01 -1.67654E+00
-1.14121E+00 -2.27879E+00
-1.05970E+00 -2.11602E+00
-2.20091E-01 -4.39480E-01
-1.48358E+00 -2.96242E+00
-1.40206E+00 -2.79965E+00
-5.62456E-01 -1.12312E+00
-3.42364E-01 -6.83636E-01
-3.19540E+00 -6.38060E+00
-3.11388E+00 -6.21783E+00
-2.27428E+00 -4.54129E+00
-2.05419E+00 -4.10181E+00
-1.71182E+00 -3.41818E+00
-8.75131E-02 -1.61206E-01
-9.88898E-01 -1.82163E+00
-9.01384E-01 -1.66042E+00
-1.22518E+00 -2.25688E+00
-1.13767E+00 -2.09567E+00
-2.36285E-01 -4.35256E-01
-1.59274E+00 -2.93395E+00
-1.50522E+00 -2.77274E+00
-6.03840E-01 -1.11232E+00
-3.67555E-01 -6.77064E-01
-3.43051E+00 -6.31927E+00
-3.34300E+00 -6.15806E+00
-2.44161E+00 -4.49764E+00
-2.20533E+00 -4.06239E+00
-1.83777E+00 -3.38532E+00
-9.34508E-02 -1.59531E-01
-1.05599E+00 -1.80270E+00
-9.62544E-01 -1.64317E+00
-1.30831E+00 -2.23343E+00
-1.21486E+00 -2.07390E+00
-2.52317E-01 -4.30733E-01
-1.70081E+00 -2.90346E+00
-1.60735E+00 -2.74393E+00
-6.44811E-01 -1.10076E+00
-3.92494E-01 -6.70029E-01
-3.66327E+00 -6.25360E+00
-3.56982E+00 -6.09407E+00
-2.60728E+00 -4.45091E+00
-2.35496E+00 -4.02017E+00
-1.96247E+00 -3.35014E+00
-9.93246E-02 -1.57746E-01
-1.12237E+00 -1.78253E+00
-1.02304E+00 -1.62479E+00
-1.39054E+00 -2.20845E+00
-1.29122E+00 -2.05070E+00
-2.68176E-01 -4.25915E-01
-1.80771E+00 -2.87098E+00
-1.70838E+00 -2.71324E+00
-6.85340E-01 -1.08845E+00
-4.17163E-01 -6.62534E-01
-3.89352E+00 -6.18365E+00
-3.79420E+00 -6.02591E+00
-2.77116E+00 -4.40112E+00
-2.50298E+00 -3.97521E+00
-2.08582E+00 -3.31267E+00
-1.05130E-01 -1.55854E-01
-1.18797E+00 -1.76115E+00
-1.08284E+00 -1.60529E+00
-1.47183E+00 -2.18195E+00
-1.36669E+00 -2.02610E+00
-2.83852E-01 -4.20805E-01
-1.91337E+00 -2.83654E+00
-1.80824E+00 -2.68068E+00
-7.25399E-01 -1.07539E+00
-4.41547E-01 -6.54586E-01
-4.12111E+00 -6.10947E+00
-4.01598E+00 -5.95361E+00
-2.93314E+00 -4.34832E+00
-2.64929E+00 -3.92751E+00
-2.20774E+00 -3.27293E+00
-1.10864E-01 -1.53854E-01
-1.25276E+00 -1.73855E+00
-1.14190E+00 -1.58470E+00
-1.55210E+00 -2.15396E+00
-1.44123E+00 -2.00011E+00
-2.99333E-01 -4.15407E-01
-2.01772E+00 -2.80015E+00
-1.90686E+00 -2.64629E+00
-7.64961E-01 -1.06160E+00
-4.65629E-01 -6.46188E-01
-4.34587E+00 -6.03109E+00
-4.23500E+00 -5.87724E+00
-3.09311E+00 -4.29254E+00
-2.79377E+00 -3.87713E+00
-2.32814E+00 -3.23094E+00
-1.16522E-01 -1.51750E-01
-1.31669E+00 -1.71477E+00
-1.20017E+00 -1.56302E+00
-1.63130E+00 -2.12449E+00
-1.51478E+00 -1.97274E+00
-3.14608E-01 -4.09724E-01
-2.12069E+00 -2.76184E+00
-2.00417E+00 -2.61009E+00
-8.03999E-01 -1.04707E+00
-4.89391E-01 -6.37348E-01
-4.56765E+00 -5.94858E+00
-4.45113E+00 -5.79683E+00
-3.25095E+00 -4.23381E+00
-2.93634E+00 -3.82409E+00
-2.44695E+00 -3.18674E+00
-1.22099E-01 -1.49541E-01
-1.37972E+00 -1.68981E+00
-1.25762E+00 -1.54027E+00
-1.70939E+00 -2.09357E+00
-1.58729E+00 -1.94403E+00
-3.29669E-01 -4.03760E-01
-2.22221E+00 -2.72164E+00
-2.10011E+00 -2.57210E+00
-8.42486E-01 -1.03183E+00
-5.12818E-01 -6.28071E-01
-4.78630E+00 -5.86200E+00
-4.66420E+00 -5.71246E+00
-3.40658E+00 -4.17219E+00
-3.07691E+00 -3.76843E+00
-2.56409E+00 -3.14036E+00
-1.27594E-01 -1.47229E-01
-1.44181E+00 -1.66369E+00
-1.31421E+00 -1.51646E+00
-1.78631E+00 -2.06121E+00
-1.65872E+00 -1.91398E+00
-3.44503E-01 -3.97520E-01
-2.32220E+00 -2.67958E+00
-2.19461E+00 -2.53235E+00
-8.80396E-01 -1.01588E+00
-5.35893E-01 -6.18364E-01
-5.00167E+00 -5.77140E+00
-4.87408E+00 -5.62417E+00
-3.55986E+00 -4.10770E+00
-3.21536E+00 -3.71018E+00
-2.67947E+00 -3.09182E+00
-1.33000E-01 -1.44817E-01
-1.50290E+00 -1.63644E+00
-1.36990E+00 -1.49162E+00
-1.86200E+00 -2.02744E+00
-1.72900E+00 -1.88262E+00
-3.59101E-01 -3.91007E-01
-2.42060E+00 -2.63567E+00
-2.28760E+00 -2.49086E+00
-9.17702E-01 -9.99239E-01
-5.58601E-01 -6.08233E-01
-5.21361E+00 -5.67684E+00
-5.08061E+00 -5.53202E+00
-3.71071E+00 -4.04040E+00
-3.35161E+00 -3.64940E+00
-2.79300E+00 -3.04116E+00
-1.38316E-01 -1.42306E-01
-1.56297E+00 -1.60806E+00
-1.42465E+00 -1.46575E+00
-1.93642E+00 -1.99228E+00
-1.79810E+00 -1.84998E+00
-3.73452E-01 -3.84226E-01
-2.51735E+00 -2.58997E+00
-2.37903E+00 -2.44766E+00
-9.54378E-01 -9.81910E-01
-5.80926E-01 -5.97685E-01
-5.42198E+00 -5.57839E+00
-5.28366E+00 -5.43608E+00
-3.85901E+00 -3.97033E+00
-3.48556E+00 -3.58611E+00
-2.90463E+00 -2.98842E+00
-1.43536E-01 -1.39697E-01
-1.62196E+00 -1.57857E+00
-1.47843E+00 -1.43888E+00
-2.00951E+00 -1.95576E+00
-1.86597E+00 -1.81606E+00
-3.87548E-01 -3.77182E-01
-2.61236E+00 -2.54248E+00
-2.46883E+00 -2.40279E+00
-9.90401E-01 -9.63909E-01
-6.02853E-01 -5.86727E-01
-5.62663E+00 -5.47612E+00
-5.48309E+00 -5.33642E+00
-4.00467E+00 -3.89754E+00
-3.61712E+00 -3.52036E+00
-3.01427E+00 -2.93363E+00
-1.48659E-01 -1.36992E-01
-1.67985E+00 -1.54801E+00
-1.53119E+00 -1.41102E+00
-2.08122E+00 -1.91789E+00
-1.93257E+00 -1.78090E+00
-4.01379E-01 -3.69879E-01
-2.70559E+00 -2.49326E+00
-2.55693E+00 -2.35626E+00
-1.02575E+00 -9.45246E-01
-6.24367E-01 -5.75367E-01
-5.82743E+00 -5.37009E+00
-5.67877E+00 -5.23310E+00
-4.14758E+00 -3.82208E+00
-3.74620E+00 -3.45220E+00
-3.12184E+00 -2.87684E+00
-1.53679E-01 -1.34194E-01
-1.73658E+00 -1.51639E+00
-1.58290E+00 -1.38219E+00
-2.15151E+00 -1.87871E+00
-1.99783E+00 -1.74452E+00
-4.14934E-01 -3.62323E-01
-2.79696E+00 -2.44232E+00
-2.64328E+00 -2.30813E+00
-1.06039E+00 -9.25936E-01
-6.45453E-01 -5.63613E-01
-6.02423E+00 -5.26039E+00
-5.87055E+00 -5.12619E+00
-4.28765E+00 -3.74400E+00
-3.87272E+00 -3.38168E+00
-3.22727E+00 -2.81806E+00
-1.58594E-01 -1.31303E-01
-1.79212E+00 -1.48372E+00
-1.63352E+00 -1.35242E+00
-2.22032E+00 -1.83824E+00
-2.06173E+00 -1.70694E+00
-4.28205E-01 -3.54518E-01
-2.88642E+00 -2.38971E+00
-2.72782E+00 -2.25841E+00
-1.09430E+00 -9.05991E-01
-6.66097E-01 -5.51473E-01
-6.21690E+00 -5.14708E+00
-6.05831E+00 -5.01577E+00
-4.42479E+00 -3.66335E+00
-3.99658E+00 -3.30884E+00
-3.33048E+00 -2.75736E+00
-1.63401E-01 -1.28322E-01
-1.84643E+00 -1.45004E+00
-1.68303E+00 -1.32172E+00
-2.28761E+00 -1.79651E+00
-2.12421E+00 -1.66819E+00
-4.41183E-01 -3.46470E-01
-2.97390E+00 -2.33547E+00
-2.81050E+00 -2.20714E+00
-1.12747E+00 -8.85425E-01
-6.86284E-01 -5.38954E-01
-6.40532E+00 -5.03024E+00
-6.24192E+00 -4.90192E+00
-4.55889E+00 -3.58019E+00
-4.11770E+00 -3.23372E+00
-3.43142E+00 -2.69477E+00
-1.68095E-01 -1.25254E-01
-1.89948E+00 -1.41537E+00
-1.73138E+00 -1.29012E+00
-2.35334E+00 -1.75355E+00
-2.18524E+00 -1.62830E+00
-4.53858E-01 -3.38186E-01
-3.05934E+00 -2.27962E+00
-2.89124E+00 -2.15437E+00
-1.15986E+00 -8.64252E-01
-7.06001E-01 -5.26066E-01
-6.58934E+00 -4.90995E+00
-6.42125E+00 -4.78470E+00
-4.68986E+00 -3.49458E+00
-4.23600E+00 -3.15640E+00
-3.53000E+00 -2.63033E+00
-1.72675E-01 -1.22100E-01
-1.95122E+00 -1.37973E+00
-1.77855E+00 -1.25763E+00
-2.41745E+00 -1.70939E+00
-2.24477E+00 -1.58729E+00
-4.66222E-01 -3.29669E-01
-3.14268E+00 -2.22221E+00
-2.97000E+00 -2.10011E+00
-1.19146E+00 -8.42487E-01
-7.25234E-01 -5.12818E-01
-6.76885E+00 -4.78630E+00
-6.59617E+00 -4.66420E+00
-4.81762E+00 -3.40658E+00
-4.35140E+00 -3.07691E+00
-3.62617E+00 -2.56409E+00
-1.77136E-01 -1.18862E-01
-2.00163E+00 -1.34314E+00
-1.82450E+00 -1.22427E+00
-2.47990E+00 -1.66406E+00
-2.30276E+00 -1.54520E+00
-4.78266E-01 -3.20926E-01
-3.22387E+00 -2.16328E+00
-3.04673E+00 -2.04442E+00
-1.22224E+00 -8.20145E-01
-7.43969E-01 -4.99219E-01
-6.94371E+00 -4.65937E+00
-6.76658E+00 -4.54051E+00
-4.94208E+00 -3.31624E+00
-4.46382E+00 -2.99531E+00
-3.71985E+00 -2.49609E+00
-1.81475E-01 -1.15542E-01
-2.05067E+00 -1.30563E+00
-1.86919E+00 -1.19008E+00
-2.54065E+00 -1.61759E+00
-2.35918E+00 -1.50205E+00
-4.89983E-01 -3.11964E-01
-3.30285E+00 -2.10287E+00
-3.12137E+00 -1.98732E+00
-1.25218E+00 -7.97240E-01
-7.62195E-01 -4.85277E-01
-7.11382E+00 -4.52925E+00
-6.93235E+00 -4.41371E+00
-5.06315E+00 -3.22362E+00
-4.57317E+00 -2.91166E+00
-3.81098E+00 -2.42638E+00
-1.85690E-01 -1.12143E-01
-2.09830E+00 -1.26722E+00
-1.91261E+00 -1.15508E+00
-2.59966E+00 -1.57001E+00
-2.41397E+00 -1.45786E+00
-5.01364E-01 -3.02787E-01
-3.37956E+00 -2.04101E+00
-3.19387E+00 -1.92887E+00
-1.28126E+00 -7.73789E-01
-7.79899E-01 -4.71002E-01
-7.27906E+00 -4.39602E+00
-7.09337E+00 -4.28388E+00
-5.18076E+00 -3.12880E+00
-4.67940E+00 -2.82601E+00
-3.89950E+00 -2.35501E+00
-1.89778E-01 -1.08668E-01
-2.14449E+00 -1.22795E+00
-1.95471E+00 -1.11928E+00
-2.65689E+00 -1.52135E+00
-2.46712E+00 -1.41268E+00
-5.12401E-01 -2.93403E-01
-3.45396E+00 -1.97775E+00
-3.26418E+00 -1.86909E+00
-1.30947E+00 -7.49808E-01
-7.97068E-01 -4.56405E-01
-7.43930E+00 -4.25978E+00
-7.24953E+00 -4.15111E+00
-5.29481E+00 -3.03183E+00
-4.78241E+00 -2.73843E+00
-3.98534E+00 -2.28203E+00
-1.93736E-01 -1.05118E-01
-2.18922E+00 -1.18783E+00
-1.99548E+00 -1.08271E+00
-2.71230E+00 -1.47165E+00
-2.51857E+00 -1.36653E+00
-5.23087E-01 -2.83818E-01
-3.52599E+00 -1.91315E+00
-3.33226E+00 -1.80803E+00
-1.33678E+00 -7.25313E-01
-8.13691E-01 -4.41495E-01
-7.59445E+00 -4.12062E+00
-7.40071E+00 -4.01550E+00
-5.40523E+00 -2.93279E+00
-4.88215E+00 -2.64897E+00
-4.06846E+00 -2.20748E+00
-1.97561E-01 -1.01496E-01
-2.23244E+00 -1.14690E+00
-2.03488E+00 -1.04541E+00
-2.76585E+00 -1.42094E+00
-2.56829E+00 -1.31944E+00
-5.33415E-01 -2.74039E-01
-3.59561E+00 -1.84722E+00
-3.39805E+00 -1.74573E+00
-1.36317E+00 -7.00321E-01
-8.29756E-01 -4.26282E-01
-7.74439E+00 -3.97863E+00
-7.54683E+00 -3.87714E+00
-5.51195E+00 -2.83173E+00
-4.97854E+00 -2.55769E+00
-4.14878E+00 -2.13141E+00
-2.01251E-01 -9.78042E-02
-2.27413E+00 -1.10519E+00
-2.07288E+00 -1.00738E+00
-2.81751E+00 -1.36926E+00
-2.61626E+00 -1.27145E+00
-5.43377E-01 -2.64071E-01
-3.66276E+00 -1.78004E+00
-3.46151E+00 -1.68223E+00
-1.38863E+00 -6.74849E-01
-8.45253E-01 -4.10778E-01
-7.88903E+00 -3.83392E+00
-7.68778E+00 -3.73612E+00
-5.61489E+00 -2.72874E+00
-5.07152E+00 -2.46467E+00
-4.22626E+00 -2.05389E+00
-2.04802E-01 -9.40455E-02
-2.31427E+00 -1.06271E+00
-2.10946E+00 -9.68669E-01
-2.86723E+00 -1.31664E+00
-2.66243E+00 -1.22259E+00
-5.52966E-01 -2.53923E-01
-3.72740E+00 -1.71163E+00
-3.52260E+00 -1.61758E+00
-1.41314E+00 -6.48914E-01
-8.60170E-01 -3.94991E-01
-8.02825E+00 -3.68659E+00
-7.82345E+00 -3.59254E+00
-5.71399E+00 -2.62387E+00
-5.16102E+00 -2.36995E+00
-4.30085E+00 -1.97496E+00
-2.08214E-01 -9.02225E-02
-2.35282E+00 -1.01951E+00
-2.14460E+00 -9.29291E-01
-2.91499E+00 -1.26311E+00
-2.70678E+00 -1.17289E+00
-5.62177E-01 -2.43601E-01
-3.78949E+00 -1.64205E+00
-3.58128E+00 -1.55183E+00
-1.43667E+00 -6.22535E-01
-8.74498E-01 -3.78934E-01
-8.16198E+00 -3.53672E+00
-7.95377E+00 -3.44650E+00
-5.80916E+00 -2.51721E+00
-5.24699E+00 -2.27361E+00
-4.37249E+00 -1.89467E+00
-2.11482E-01 -8.63375E-02
-2.38975E+00 -9.75614E-01
-2.17827E+00 -8.89276E-01
-2.96075E+00 -1.20872E+00
-2.74927E+00 -1.12239E+00
-5.71003E-01 -2.33111E-01
-3.84898E+00 -1.57134E+00
-3.63750E+00 -1.48500E+00
-1.45923E+00 -5.95729E-01
-8.88226E-01 -3.62617E-01
-8.29011E+00 -3.38443E+00
-8.07863E+00 -3.29809E+00
-5.90036E+00 -2.40882E+00
-5.32936E+00 -2.17570E+00
-4.44113E+00 -1.81309E+00
-2.14606E-01 -8.23934E-02
-2.42505E+00 -9.31045E-01
-2.21044E+00 -8.48652E-01
-3.00449E+00 -1.15351E+00
-2.78988E+00 -1.07111E+00
-5.79437E-01 -2.22462E-01
-3.90583E+00 -1.49956E+00
-3.69123E+00 -1.41717E+00
-1.48078E+00 -5.68514E-01
-9.01346E-01 -3.46052E-01
-8.41256E+00 -3.22982E+00
-8.19796E+00 -3.14743E+00
-5.98751E+00 -2.29878E+00
-5.40808E+00 -2.07631E+00
-4.50673E+00 -1.73026E+00
-2.17583E-01 -7.83928E-02
-2.45869E+00 -8.85839E-01
-2.24110E+00 -8.07446E-01
-3.04616E+00 -1.09750E+00
-2.82858E+00 -1.01911E+00
-5.87474E-01 -2.11661E-01
-3.96001E+00 -1.42675E+00
-3.74242E+00 -1.34836E+00
-1.50132E+00 -5.40911E-01
-9.13848E-01 -3.29250E-01
-8.52925E+00 -3.07300E+00
-8.31166E+00 -2.99461E+00
-6.07056E+00 -2.18716E+00
-5.48309E+00 -1.97550E+00
-4.56924E+00 -1.64625E+00
-2.20410E-01 -7.43385E-02
-2.49064E+00 -8.40025E-01
-2.27023E+00 -7.65687E-01
-3.08574E+00 -1.04074E+00
-2.86533E+00 -9.66401E-01
-5.95108E-01 -2.00714E-01
-4.01147E+00 -1.35296E+00
-3.79106E+00 -1.27862E+00
-1.52083E+00 -5.12936E-01
-9.25723E-01 -3.12222E-01
-8.64009E+00 -2.91407E+00
-8.41968E+00 -2.83973E+00
-6.14945E+00 -2.07404E+00
-5.55434E+00 -1.87333E+00
-4.62862E+00 -1.56111E+00
-2.23087E-01 -7.02333E-02
-2.52088E+00 -7.93636E-01
-2.29779E+00 -7.23403E-01
-3.12322E+00 -9.83266E-01
-2.90013E+00 -9.13033E-01
-6.02334E-01 -1.89630E-01
-4.06018E+00 -1.27825E+00
-3.83709E+00 -1.20801E+00
-1.53930E+00 -4.84610E-01
-9.36965E-01 -2.94980E-01
-8.74500E+00 -2.75314E+00
-8.52192E+00 -2.68291E+00
-6.22412E+00 -1.95951E+00
-5.62179E+00 -1.76988E+00
-4.68482E+00 -1.47490E+00
-2.25610E-01 -6.60799E-02
-2.54940E+00 -7.46703E-01
-2.32379E+00 -6.80623E-01
-3.15855E+00 -9.25119E-01
-2.93293E+00 -8.59039E-01
-6.09148E-01 -1.78416E-01
-4.10611E+00 -1.20265E+00
-3.88050E+00 -1.13657E+00
-1.55671E+00 -4.55951E-01
-9.47564E-01 -2.77536E-01
-8.84393E+00 -2.59033E+00
-8.61832E+00 -2.52425E+00
-6.29453E+00 -1.84363E+00
-5.68538E+00 -1.66521E+00
-4.73782E+00 -1.38768E+00
-2.27979E-01 -6.18812E-02
-2.57617E+00 -6.99257E-01
-2.34819E+00 -6.37376E-01
-3.19171E+00 -8.66337E-01
-2.96373E+00 -8.04456E-01
-6.15544E-01 -1.67079E-01
-4.14922E+00 -1.12624E+00
-3.92124E+00 -1.06436E+00
-1.57306E+00 -4.26980E-01
-9.57513E-01 -2.59901E-01
-8.93679E+00 -2.42574E+00
-8.70881E+00 -2.36386E+00
-6.36062E+00 -1.72649E+00
-5.74508E+00 -1.55941E+00
-4.78757E+00 -1.29951E+00
-2.30192E-01 -5.76401E-02
-2.60117E+00 -6.51334E-01
-2.37098E+00 -5.93693E-01
-3.22269E+00 -8.06962E-01
-2.99250E+00 -7.49322E-01
-6.21518E-01 -1.55628E-01
-4.18950E+00 -1.04905E+00
-3.95930E+00 -9.91410E-01
-1.58833E+00 -3.97717E-01
-9.66807E-01 -2.42089E-01
-9.02353E+00 -2.25949E+00
-8.79334E+00 -2.20185E+00
-6.42236E+00 -1.60816E+00
-5.80084E+00 -1.45253E+00
-4.83403E+00 -1.21044E+00
-2.32247E-01 -5.33596E-02
-2.62439E+00 -6.02963E-01
-2.39214E+00 -5.49604E-01
-3.25146E+00 -7.47034E-01
-3.01921E+00 -6.93675E-01
-6.27067E-01 -1.44071E-01
-4.22689E+00 -9.71144E-01
-3.99465E+00 -9.17785E-01
-1.60250E+00 -3.68181E-01
-9.75437E-01 -2.24110E-01
-9.10408E+00 -2.09170E+00
-8.87183E+00 -2.03834E+00
-6.47969E+00 -1.48873E+00
-5.85262E+00 -1.34466E+00
-4.87719E+00 -1.12055E+00
-2.34143E-01 -4.90424E-02
-2.64581E+00 -5.54179E-01
-2.41167E+00 -5.05136E-01
-3.27800E+00 -6.86593E-01
-3.04386E+00 -6.37551E-01
-6.32185E-01 -1.32414E-01
-4.26140E+00 -8.92571E-01
-4.02726E+00 -8.43529E-01
-1.61559E+00 -3.38392E-01
-9.83400E-01 -2.05978E-01
-9.17840E+00 -1.92246E+00
-8.94425E+00 -1.87342E+00
-6.53258E+00 -1.36828E+00
-5.90040E+00 -1.23587E+00
-4.91700E+00 -1.02989E+00
-2.35878E-01 -4.46916E-02
-2.66542E+00 -5.05016E-01
-2.42954E+00 -4.60324E-01
-3.30229E+00 -6.25683E-01
-3.06641E+00 -5.80991E-01
-6.36871E-01 -1.20667E-01
-4.29298E+00 -8.13388E-01
-4.05710E+00 -7.68696E-01
-1.62756E+00 -3.08372E-01
-9.90688E-01 -1.87705E-01
-9.24642E+00 -1.75191E+00
-9.01054E+00 -1.70722E+00
-6.58100E+00 -1.24690E+00
-5.94413E+00 -1.12623E+00
-4.95344E+00 -9.38525E-01
-2.37452E-01 -4.03103E-02
-2.68320E+00 -4.55506E-01
-2.44575E+00 -4.15196E-01
-3.32432E+00 -5.64344E-01
-3.08687E+00 -5.24033E-01
-6.41120E-01 -1.08838E-01
-4.32162E+00 -7.33647E-01
-4.08417E+00 -6.93337E-01
-1.63842E+00 -2.78141E-01
-9.97297E-01 -1.69303E-01
-9.30811E+00 -1.58016E+00
-9.07066E+00 -1.53985E+00
-6.62490E+00 -1.12466E+00
-5.98378E+00 -1.01582E+00
-4.98649E+00 -8.46516E-01
-2.38863E-01 -3.59012E-02
-2.69915E+00 -4.05683E-01
-2.46029E+00 -3.69782E-01
-3.34408E+00 -5.02617E-01
-3.10521E+00 -4.66715E-01
-6.44929E-01 -9.69332E-02
-4.34730E+00 -6.53402E-01
-4.10844E+00 -6.17500E-01
-1.64815E+00 -2.47718E-01
-1.00322E+00 -1.50785E-01
-9.36342E+00 -1.40733E+00
-9.12455E+00 -1.37143E+00
-6.66427E+00 -1.00164E+00
-6.01934E+00 -9.04710E-01
-5.01612E+00 -7.53925E-01
-2.40110E-01 -3.14676E-02
-2.71324E+00 -3.55584E-01
-2.47313E+00 -3.24116E-01
-3.36154E+00 -4.40546E-01
-3.12143E+00 -4.09079E-01
-6.48297E-01 -8.49625E-02
-4.37000E+00 -5.72710E-01
-4.12989E+00 -5.41243E-01
-1.65676E+00 -2.17126E-01
-1.00846E+00 -1.32164E-01
-9.41231E+00 -1.23353E+00
-9.17220E+00 -1.20206E+00
-6.69906E+00 -8.77946E-01
-6.05077E+00 -7.92983E-01
-5.04231E+00 -6.60820E-01
-2.41192E-01 -2.70124E-02
-2.72547E+00 -3.05240E-01
-2.48428E+00 -2.78228E-01
-3.37669E+00 -3.78174E-01
-3.13550E+00 -3.51162E-01
-6.51220E-01 -7.29335E-02
-4.38970E+00 -4.91626E-01
-4.14851E+00 -4.64614E-01
-1.66423E+00 -1.86386E-01
-1.01301E+00 -1.13452E-01
-9.45475E+00 -1.05889E+00
-9.21355E+00 -1.03187E+00
-6.72927E+00 -7.53647E-01
-6.07805E+00 -6.80713E-01
-5.06504E+00 -5.67261E-01
-2.42110E-01 -2.25387E-02
-2.73584E+00 -2.54687E-01
-2.49373E+00 -2.32148E-01
-3.38954E+00 -3.15541E-01
-3.14743E+00 -2.93003E-01
-6.53696E-01 -6.08544E-02
-4.40640E+00 -4.10204E-01
-4.16429E+00 -3.87665E-01
-1.67056E+00 -1.55517E-01
-1.01686E+00 -9.46624E-02
-9.49071E+00 -8.83516E-01
-9.24860E+00 -8.60977E-01
-6.75486E+00 -6.28829E-01
-6.10117E+00 -5.67975E-01
-5.08431E+00 -4.73312E-01
-2.42861E-01 -1.80495E-02
-2.74433E+00 -2.03960E-01
-2.50147E+00 -1.85910E-01
-3.40006E+00 -2.52694E-01
-3.15720E+00 -2.34644E-01
-6.55725E-01 -4.87338E-02
-4.42007E+00 -3.28502E-01
-4.17721E+00 -3.10452E-01
-1.67574E+00 -1.24542E-01
-1.02002E+00 -7.58081E-02
-9.52016E+00 -7.07542E-01
-9.27730E+00 -6.89493E-01
-6.77583E+00 -5.03582E-01
-6.12010E+00 -4.54848E-01
-5.10009E+00 -3.79040E-01
-2.43446E-01 -1.35480E-02
-2.75094E+00 -1.53093E-01
-2.50750E+00 -1.39545E-01
-3.40825E+00 -1.89673E-01
-3.16480E+00 -1.76125E-01
-6.57305E-01 -3.65797E-02
-4.43072E+00 -2.46574E-01
-4.18727E+00 -2.33026E-01
-1.67978E+00 -9.34815E-02
-1.02247E+00 -5.69018E-02
-9.54309E+00 -5.31083E-01
-9.29965E+00 -5.17535E-01
-6.79215E+00 -3.77991E-01
-6.13484E+00 -3.41411E-01
-5.11237E+00 -2.84509E-01
-2.43864E-01 -9.03726E-03
-2.75567E+00 -1.02121E-01
-2.51180E+00 -9.30838E-02
-3.41410E+00 -1.26522E-01
-3.17024E+00 -1.17484E-01
-6.58434E-01 -2.44006E-02
-4.43833E+00 -1.64478E-01
-4.19447E+00 -1.55441E-01
-1.68266E+00 -6.23571E-02
-1.02423E+00 -3.79565E-02
-9.55948E+00 -3.54261E-01
-9.31562E+00 -3.45224E-01
-6.80382E+00 -2.52140E-01
-6.14538E+00 -2.27739E-01
-5.12115E+00 -1.89783E-01
-2.44115E-01 -4.52021E-03
-2.75850E+00 -5.10783E-02
-2.51439E+00 -4.65581E-02
-3.41761E+00 -6.32829E-02
-3.17350E+00 -5.87627E-02
-6.59111E-01 -1.22046E-02
-4.44290E+00 -8.22678E-02
-4.19878E+00 -7.77476E-02
-1.68440E+00 -3.11894E-02
-1.02528E+00 -1.89849E-02
-9.56932E+00 -1.77192E-01
-9.32521E+00 -1.72672E-01
-6.81082E+00 -1.26114E-01
-6.15171E+00 -1.13909E-01
-5.12642E+00 -9.49244E-02
-2.44199E-01 -1.34484E-07
-2.75945E+00 -1.51967E-06
-2.51525E+00 -1.38519E-06
-3.41879E+00 -1.88278E-06
-3.17459E+00 -1.74829E-06
-6.59337E-01 -3.63107E-07
-4.44442E+00 -2.44761E-06
-4.20022E+00 -2.31313E-06
-1.68497E+00 -9.27940E-07
-1.02564E+00 -5.64833E-07
-9.57260E+00 -5.27178E-06
-9.32840E+00 -5.13729E-06
-6.81315E+00 -3.75211E-06
-6.15382E+00 -3.38900E-06
-5.12818E+00 -2.82417E-06
-2.44115E-01 4.51994E-03
-2.75850E+00 5.10753E-02
-2.51439E+00 4.65554E-02
-3.41761E+00 6.32792E-02
-3.17350E+00 5.87592E-02
-6.59111E-01 1.22038E-02
-4.44290E+00 8.22629E-02
-4.19878E+00 7.77430E-02
-1.68440E+00 3.11876E-02
-1.02528E+00 1.89838E-02
-9.56932E+00 1.77182E-01
-9.32521E+00 1.72662E-01
-6.81082E+00 1.26106E-01
-6.15171E+00 1.13903E-01
-5.12642E+00 9.49188E-02
-2.43864E-01 9.03694E-03
-2.75567E+00 1.02117E-01
-2.51180E+00 9.30805E-02
-3.41410E+00 1.26517E-01
-3.17024E+00 1.17480E-01
-6.58434E-01 2.43997E-02
-4.43833E+00 1.64472E-01
-4.19447E+00 1.55435E-01
-1.68266E+00 6.23549E-02
-1.02423E+00 3.79552E-02
-9.55948E+00 3.54248E-01
-9.31562E+00 3.45211E-01
-6.80382E+00 2.52131E-01
-6.14538E+00 2.27731E-01
-5.12115E+00 1.89776E-01
-2.43446E-01 1.35477E-02
-2.75094E+00 1.53090E-01
-2.50750E+00 1.39542E-01
-3.40825E+00 1.89668E-01
-3.16480E+00 1.76121E-01
-6.57305E-01 3.65789E-02
-4.43072E+00 2.46569E-01
-4.18727E+00 2.33021E-01
-1.67978E+00 9.34795E-02
-1.02247E+00 5.69005E-02
-9.54309E+00 5.31072E-01
-9.29965E+00 5.17524E-01
-6.79215E+00 3.77982E-01
-6.13485E+00 3.41403E-01
-5.11237E+00 2.84503E-01
-2.42861E-01 1.80493E-02
-2.74433E+00 2.03957E-01
-2.50147E+00 1.85907E-01
-3.40006E+00 2.52690E-01
-3.15720E+00 2.34641E-01
-6.55725E-01 4.87330E-02
-4.42008E+00 3.28497E-01
-4.17721E+00 3.10447E-01
-1.67574E+00 1.24540E-01
-1.02002E+00 7.58069E-02
-9.52016E+00 7.07531E-01
-9.27730E+00 6.89482E-01
-6.77583E+00 5.03575E-01
-6.12010E+00 4.54842E-01
-5.10009E+00 3.79035E-01
-2.42110E-01 2.25384E-02
-2.73584E+00 2.54684E-01
-2.49373E+00 2.32146E-01
-3.38954E+00 3.15538E-01
-3.14743E+00 2.92999E-01
-6.53697E-01 6.08537E-02
-4.40640E+00 4.10199E-01
-4.16429E+00 3.87661E-01
-1.67056E+00 1.55515E-01
-1.01686E+00 9.46614E-02
-9.49071E+00 8.83506E-01
-9.24860E+00 8.60968E-01
-6.75487E+00 6.28822E-01
-6.10117E+00 5.67968E-01
-5.08431E+00 4.73307E-01
-2.41193E-01 2.70121E-02
-2.72548E+00 3.05237E-01
-2.48428E+00 2.78225E-01
-3.37670E+00 3.78170E-01
-3.13550E+00 3.51158E-01
-6.51220E-01 7.29327E-02
-4.38970E+00 4.91621E-01
-4.14851E+00 4.64609E-01
-1.66423E+00 1.86384E-01
-1.01301E+00 1.13451E-01
-9.45475E+00 1.05888E+00
-9.21356E+00 1.03186E+00
-6.72927E+00 7.53639E-01
-6.07805E+00 6.80706E-01
-5.06504E+00 5.67255E-01
-2.40110E-01 3.14673E-02
-2.71324E+00 3.55581E-01
-2.47313E+00 3.24113E-01
-3.36154E+00 4.40542E-01
-3.12143E+00 4.09075E-01
-6.48297E-01 8.49618E-02
-4.37000E+00 5.72705E-01
-4.12989E+00 5.41238E-01
-1.65676E+00 2.17125E-01
-1.00846E+00 1.32163E-01
-9.41231E+00 1.23352E+00
-9.17220E+00 1.20205E+00
-6.69907E+00 8.77938E-01
-6.05077E+00 7.92977E-01
-5.04231E+00 6.60814E-01
-2.38863E-01 3.59010E-02
-2.69915E+00 4.05681E-01
-2.46029E+00 3.69780E-01
-3.34408E+00 5.02613E-01
-3.10522E+00 4.66712E-01
-6.44929E-01 9.69326E-02
-4.34730E+00 6.53397E-01
-4.10844E+00 6.17496E-01
-1.64815E+00 2.47717E-01
-1.00322E+00 1.50784E-01
-9.36342E+00 1.40732E+00
-9.12456E+00 1.37142E+00
-6.66427E+00 1.00164E+00
-6.01934E+00 9.04704E-01
-5.01612E+00 7.53920E-01
-2.37452E-01 4.03100E-02
-2.68321E+00 4.55503E-01
-2.44575E+00 4.15193E-01
-3.32433E+00 5.64340E-01
-3.08687E+00 5.24030E-01
-6.41120E-01 1.08837E-01
-4.32162E+00 7.33642E-01
-4.08417E+00 6.93331E-01
-1.63842E+00 2.78139E-01
-9.97298E-01 1.69302E-01
-9.30811E+00 1.58015E+00
-9.07066E+00 1.53984E+00
-6.62491E+00 1.12465E+00
-5.98379E+00 1.01581E+00
-4.98649E+00 8.46509E-01
-2.35878E-01 4.46914E-02
-2.66542E+00 5.05012E-01
-2.42955E+00 4.60321E-01
-3.30229E+00 6.25679E-01
-3.06642E+00 5.80988E-01
-6.36871E-01 1.20667E-01
-4.29298E+00 8.13383E-01
-4.05710E+00 7.68692E-01
-1.62756E+00 3.08370E-01
-9.90688E-01 1.87704E-01
-9.24642E+00 1.75190E+00
-9.01055E+00 1.70721E+00
-6.58100E+00 1.24689E+00
-5.94413E+00 1.12622E+00
-4.95344E+00 9.38519E-01
-2.34143E-01 4.90421E-02
-2.64581E+00 5.54176E-01
-2.41167E+00 5.05134E-01
-3.27800E+00 6.86590E-01
-3.04386E+00 6.37548E-01
-6.32186E-01 1.32414E-01
-4.26140E+00 8.92567E-01
-4.02726E+00 8.43525E-01
-1.61559E+00 3.38391E-01
-9.83400E-01 2.05977E-01
-9.17840E+00 1.92245E+00
-8.94426E+00 1.87341E+00
-6.53259E+00 1.36828E+00
-5.90040E+00 1.23586E+00
-4.91700E+00 1.02988E+00
-2.32247E-01 5.33593E-02
-2.62439E+00 6.02960E-01
-2.39214E+00 5.49601E-01
-3.25146E+00 7.47030E-01
-3.01921E+00 6.93671E-01
-6.27067E-01 1.44070E-01
-4.22690E+00 9.71139E-01
-3.99465E+00 9.17780E-01
-1.60251E+00 3.68179E-01
-9.75438E-01 2.24109E-01
-9.10409E+00 2.09168E+00
-8.87184E+00 2.03832E+00
-6.47969E+00 1.48872E+00
-5.85263E+00 1.34465E+00
-4.87719E+00 1.12055E+00
-2.30192E-01 5.76399E-02
-2.60117E+00 6.51331E-01
-2.37098E+00 5.93691E-01
-3.22269E+00 8.06958E-01
-2.99250E+00 7.49318E-01
-6.21519E-01 1.55628E-01
-4.18950E+00 1.04905E+00
-3.95931E+00 9.91406E-01
-1.58833E+00 3.97715E-01
-9.66807E-01 2.42087E-01
-9.02353E+00 2.25948E+00
-8.79334E+00 2.20184E+00
-6.42236E+00 1.60815E+00
-5.80084E+00 1.45253E+00
-4.83404E+00 1.21044E+00
-2.27979E-01 6.18810E-02
-2.57617E+00 6.99255E-01
-2.34819E+00 6.37374E-01
-3.19171E+00 8.66333E-01
-2.96373E+00 8.04452E-01
-6.15545E-01 1.67079E-01
-4.14923E+00 1.12623E+00
-3.92125E+00 1.06435E+00
-1.57306E+00 4.26979E-01
-9.57514E-01 2.59900E-01
-8.93680E+00 2.42573E+00
-8.70882E+00 2.36385E+00
-6.36063E+00 1.72648E+00
-5.74508E+00 1.55940E+00
-4.78757E+00 1.29950E+00
-2.25611E-01 6.60796E-02
-2.54940E+00 7.46700E-01
-2.32379E+00 6.80620E-01
-3.15855E+00 9.25115E-01
-2.93294E+00 8.59035E-01
-6.09148E-01 1.78415E-01
-4.10611E+00 1.20265E+00
-3.88050E+00 1.13657E+00
-1.55671E+00 4.55949E-01
-9.47564E-01 2.77534E-01
-8.84393E+00 2.59032E+00
-8.61832E+00 2.52424E+00
-6.29453E+00 1.84362E+00
-5.68539E+00 1.66521E+00
-4.73782E+00 1.38767E+00
-2.23087E-01 7.02330E-02
-2.52088E+00 7.93633E-01
-2.29780E+00 7.23400E-01
-3.12322E+00 9.83262E-01
-2.90013E+00 9.13029E-01
-6.02335E-01 1.89629E-01
-4.06018E+00 1.27824E+00
-3.83710E+00 1.20801E+00
-1.53930E+00 4.84608E-01
-9.36965E-01 2.94979E-01
-8.74501E+00 2.75313E+00
-8.52192E+00 2.68290E+00
-6.22413E+00 1.95950E+00
-5.62179E+00 1.76987E+00
-4.68483E+00 1.47489E+00
-2.20411E-01 7.43383E-02
-2.49064E+00 8.40022E-01
-2.27023E+00 7.65684E-01
-3.08575E+00 1.04074E+00
-2.86534E+00 9.66397E-01
-5.95108E-01 2.00713E-01
-4.01147E+00 1.35296E+00
-3.79106E+00 1.27862E+00
-1.52083E+00 5.12934E-01
-9.25724E-01 3.12221E-01
-8.64009E+00 2.91406E+00
-8.41968E+00 2.83972E+00
-6.14945E+00 2.07404E+00
-5.55435E+00 1.87332E+00
-4.62862E+00 1.56110E+00
-2.17583E-01 7.83926E-02
-2.45869E+00 8.85836E-01
-2.24110E+00 8.07443E-01
-3.04616E+00 1.09750E+00
-2.82858E+00 1.01910E+00
-5.87474E-01 2.11660E-01
-3.96001E+00 1.42674E+00
-3.74243E+00 1.34835E+00
-1.50132E+00 5.40909E-01
-9.13849E-01 3.29249E-01
-8.52925E+00 3.07299E+00
-8.31167E+00 2.99460E+00
-6.07057E+00 2.18715E+00
-5.48309E+00 1.97549E+00
-4.56924E+00 1.64624E+00
-2.14606E-01 8.23931E-02
-2.42505E+00 9.31043E-01
-2.21045E+00 8.48649E-01
-3.00449E+00 1.15350E+00
-2.78988E+00 1.07111E+00
-5.79437E-01 2.22462E-01
-3.90584E+00 1.49956E+00
-3.69123E+00 1.41716E+00
-1.48078E+00 5.68513E-01
-9.01347E-01 3.46051E-01
-8.41257E+00 3.22981E+00
-8.19796E+00 3.14742E+00
-5.98752E+00 2.29877E+00
-5.40808E+00 2.07631E+00
-4.50673E+00 1.73026E+00
-2.11483E-01 8.63373E-02
-2.38975E+00 9.75611E-01
-2.17827E+00 8.89274E-01
-2.96076E+00 1.20872E+00
-2.74927E+00 1.12238E+00
-5.71003E-01 2.33111E-01
-3.84898E+00 1.57134E+00
-3.63750E+00 1.48500E+00
-1.45923E+00 5.95727E-01
-8.88227E-01 3.62616E-01
-8.29012E+00 3.38442E+00
-8.07864E+00 3.29808E+00
-5.90037E+00 2.40881E+00
-5.32936E+00 2.17570E+00
-4.44114E+00 1.81308E+00
-2.08214E-01 9.02222E-02
-2.35282E+00 1.01951E+00
-2.14460E+00 9.29289E-01
-2.91500E+00 1.26311E+00
-2.70678E+00 1.17289E+00
-5.62178E-01 2.43600E-01
-3.78949E+00 1.64204E+00
-3.58128E+00 1.55182E+00
-1.43668E+00 6.22533E-01
-8.74499E-01 3.78933E-01
-8.16199E+00 3.53671E+00
-7.95377E+00 3.44649E+00
-5.80917E+00 2.51720E+00
-5.24699E+00 2.27360E+00
-4.37249E+00 1.89467E+00
-2.04803E-01 9.40453E-02
-2.31427E+00 1.06271E+00
-2.10947E+00 9.68666E-01
-2.86724E+00 1.31663E+00
-2.66243E+00 1.22259E+00
-5.52967E-01 2.53922E-01
-3.72741E+00 1.71162E+00
-3.52260E+00 1.61758E+00
-1.41314E+00 6.48913E-01
-8.60171E-01 3.94990E-01
-8.02826E+00 3.68658E+00
-7.82346E+00 3.59253E+00
-5.71399E+00 2.62386E+00
-5.16103E+00 2.36994E+00
-4.30086E+00 1.97495E+00
-2.01251E-01 9.78039E-02
-2.27414E+00 1.10518E+00
-2.07288E+00 1.00738E+00
-2.81751E+00 1.36926E+00
-2.61626E+00 1.27145E+00
-5.43377E-01 2.64071E-01
-3.66277E+00 1.78003E+00
-3.46152E+00 1.68223E+00
-1.38863E+00 6.74847E-01
-8.45254E-01 4.10777E-01
-7.88904E+00 3.83391E+00
-7.68779E+00 3.73611E+00
-5.61490E+00 2.72873E+00
-5.07152E+00 2.46466E+00
-4.22627E+00 2.05388E+00
-1.97561E-01 1.01496E-01
-2.23244E+00 1.14690E+00
-2.03488E+00 1.04540E+00
-2.76586E+00 1.42094E+00
-2.56830E+00 1.31944E+00
-5.33415E-01 2.74038E-01
-3.59561E+00 1.84722E+00
-3.39805E+00 1.74572E+00
-1.36317E+00 7.00319E-01
-8.29757E-01 4.26281E-01
-7.74440E+00 3.97863E+00
-7.54684E+00 3.87713E+00
-5.51196E+00 2.83173E+00
-4.97854E+00 2.55769E+00
-4.14879E+00 2.13141E+00
-1.93736E-01 1.05118E-01
-2.18922E+00 1.18783E+00
-1.99548E+00 1.08271E+00
-2.71231E+00 1.47165E+00
-2.51857E+00 1.36653E+00
-5.23088E-01 2.83818E-01
-3.52600E+00 1.91314E+00
-3.33226E+00 1.80802E+00
-1.33678E+00 7.25312E-01
-8.13692E-01 4.41494E-01
-7.59446E+00 4.12061E+00
-7.40072E+00 4.01549E+00
-5.40524E+00 2.93278E+00
-4.88215E+00 2.64896E+00
-4.06846E+00 2.20747E+00
-1.89778E-01 1.08668E-01
-2.14450E+00 1.22794E+00
-1.95472E+00 1.11928E+00
-2.65690E+00 1.52135E+00
-2.46712E+00 1.41268E+00
-5.12402E-01 2.93403E-01
-3.45397E+00 1.97775E+00
-3.26419E+00 1.86908E+00
-1.30947E+00 7.49807E-01
-7.97069E-01 4.56404E-01
-7.43931E+00 4.25977E+00
-7.24954E+00 4.15110E+00
-5.29482E+00 3.03183E+00
-4.78242E+00 2.73842E+00
-3.98535E+00 2.28202E+00
-1.85691E-01 1.12143E-01
-2.09830E+00 1.26722E+00
-1.91261E+00 1.15507E+00
-2.59967E+00 1.57000E+00
-2.41398E+00 1.45786E+00
-5.01364E-01 3.02787E-01
-3.37957E+00 2.04101E+00
-3.19388E+00 1.92886E+00
-1.28126E+00 7.73788E-01
-7.79900E-01 4.71001E-01
-7.27907E+00 4.39601E+00
-7.09338E+00 4.28387E+00
-5.18077E+00 3.12879E+00
-4.67940E+00 2.82601E+00
-3.89950E+00 2.35501E+00
-1.81475E-01 1.15542E-01
-2.05067E+00 1.30562E+00
-1.86920E+00 1.19008E+00
-2.54066E+00 1.61759E+00
-2.35918E+00 1.50204E+00
-4.89983E-01 3.11963E-01
-3.30285E+00 2.10286E+00
-3.12138E+00 1.98732E+00
-1.25218E+00 7.97239E-01
-7.62197E-01 4.85276E-01
-7.11383E+00 4.52924E+00
-6.93236E+00 4.41370E+00
-5.06316E+00 3.22362E+00
-4.57318E+00 2.91165E+00
-3.81098E+00 2.42638E+00
-1.77136E-01 1.18861E-01
-2.00164E+00 1.34313E+00
-1.82450E+00 1.22427E+00
-2.47990E+00 1.66406E+00
-2.30277E+00 1.54520E+00
-4.78267E-01 3.20926E-01
-3.22387E+00 2.16328E+00
-3.04674E+00 2.04441E+00
-1.22224E+00 8.20143E-01
-7.43971E-01 4.99218E-01
-6.94373E+00 4.65936E+00
-6.76659E+00 4.54050E+00
-4.94209E+00 3.31623E+00
-4.46382E+00 2.99531E+00
-3.71985E+00 2.49609E+00
-1.72675E-01 1.22099E-01
-1.95123E+00 1.37972E+00
-1.77855E+00 1.25762E+00
-2.41745E+00 1.70939E+00
-2.24477E+00 1.58729E+00
-4.66222E-01 3.29668E-01
-3.14268E+00 2.22221E+00
-2.97001E+00 2.10011E+00
-1.19146E+00 8.42486E-01
-7.25235E-01 5.12817E-01
-6.76886E+00 4.78630E+00
-6.59618E+00 4.66420E+00
-4.81763E+00 3.40657E+00
-4.35141E+00 3.07690E+00
-3.62617E+00 2.56409E+00
-1.68096E-01 1.25254E-01
-1.89948E+00 1.41537E+00
-1.73139E+00 1.29011E+00
-2.35334E+00 1.75355E+00
-2.18524E+00 1.62830E+00
-4.53858E-01 3.38185E-01
-3.05934E+00 2.27962E+00
-2.89125E+00 2.15436E+00
-1.15986E+00 8.64251E-01
-7.06002E-01 5.26066E-01
-6.58935E+00 4.90995E+00
-6.42126E+00 4.78469E+00
-4.68987E+00 3.49458E+00
-4.23601E+00 3.15639E+00
-3.53001E+00 2.63033E+00
-1.63401E-01 1.28322E-01
-1.84643E+00 1.45004E+00
-1.68303E+00 1.32172E+00
-2.28762E+00 1.79651E+00
-2.12422E+00 1.66819E+00
-4.41183E-01 3.46470E-01
-2.97390E+00 2.33546E+00
-2.81050E+00 2.20714E+00
-1.12747E+00 8.85423E-01
-6.86285E-01 5.38953E-01
-6.40533E+00 5.03023E+00
-6.24193E+00 4.90191E+00
-4.55889E+00 3.58019E+00
-4.11771E+00 3.23372E+00
-3.43143E+00 2.69477E+00
-1.58595E-01 1.31303E-01
-1.79212E+00 1.48372E+00
-1.63353E+00 1.35242E+00
-2.22033E+00 1.83824E+00
-2.06173E+00 1.70694E+00
-4.28206E-01 3.54518E-01
-2.88642E+00 2.38971E+00
-2.72783E+00 2.25841E+00
-1.09430E+00 9.05989E-01
-6.66098E-01 5.51472E-01
-6.21692E+00 5.14707E+00
-6.05832E+00 5.01577E+00
-4.42479E+00 3.66335E+00
-3.99659E+00 3.30883E+00
-3.33049E+00 2.75736E+00
-1.53680E-01 1.34193E-01
-1.73658E+00 1.51638E+00
-1.58290E+00 1.38219E+00
-2.15151E+00 1.87871E+00
-1.99783E+00 1.74451E+00
-4.14935E-01 3.62322E-01
-2.79697E+00 2.44232E+00
-2.64329E+00 2.30813E+00
-1.06039E+00 9.25934E-01
-6.45454E-01 5.63612E-01
-6.02424E+00 5.26038E+00
-5.87056E+00 5.12619E+00
-4.28766E+00 3.74400E+00
-3.87273E+00 3.38167E+00
-3.22727E+00 2.81806E+00
-1.48659E-01 1.36992E-01
-1.67985E+00 1.54801E+00
-1.53119E+00 1.41102E+00
-2.08123E+00 1.91789E+00
-1.93257E+00 1.78090E+00
-4.01380E-01 3.69878E-01
-2.70560E+00 2.49325E+00
-2.55694E+00 2.35626E+00
-1.02575E+00 9.45245E-01
-6.24368E-01 5.75366E-01
-5.82744E+00 5.37009E+00
-5.67878E+00 5.23309E+00
-4.14759E+00 3.82208E+00
-3.74621E+00 3.45220E+00
-3.12184E+00 2.87683E+00
-1.43537E-01 1.39697E-01
-1.62197E+00 1.57857E+00
-1.47843E+00 1.43888E+00
-2.00952E+00 1.95575E+00
-1.86598E+00 1.81606E+00
-3.87549E-01 3.77181E-01
-2.61237E+00 2.54248E+00
-2.46883E+00 2.40278E+00
-9.90404E-01 9.63907E-01
-6.02855E-01 5.86726E-01
-5.62664E+00 5.47611E+00
-5.48311E+00 5.33641E+00
-4.00468E+00 3.89754E+00
-3.61713E+00 3.52036E+00
-3.01427E+00 2.93363E+00
-1.38316E-01 1.42306E-01
-1.56297E+00 1.60805E+00
-1.42466E+00 1.46575E+00
-1.93642E+00 1.99228E+00
-1.79811E+00 1.84997E+00
-3.73453E-01 3.84225E-01
-2.51735E+00 2.58996E+00
-2.37904E+00 2.44766E+00
-9.54381E-01 9.81909E-01
-5.80927E-01 5.97684E-01
-5.42199E+00 5.57838E+00
-5.28367E+00 5.43608E+00
-3.85902E+00 3.97033E+00
-3.48557E+00 3.58610E+00
-2.90464E+00 2.98842E+00
-1.33001E-01 1.44817E-01
-1.50291E+00 1.63643E+00
-1.36991E+00 1.49162E+00
-1.86201E+00 2.02744E+00
-1.72901E+00 1.88262E+00
-3.59102E-01 3.91006E-01
-2.42061E+00 2.63567E+00
-2.28761E+00 2.49085E+00
-9.17704E-01 9.99238E-01
-5.58602E-01 6.08232E-01
-5.21362E+00 5.67683E+00
-5.08062E+00 5.53201E+00
-3.71072E+00 4.04040E+00
-3.35161E+00 3.64939E+00
-2.79301E+00 3.04116E+00
-1.27594E-01 1.47229E-01
-1.44181E+00 1.66369E+00
-1.31422E+00 1.51646E+00
-1.78631E+00 2.06121E+00
-1.65872E+00 1.91398E+00
-3.44503E-01 3.97519E-01
-2.32221E+00 2.67957E+00
-2.19461E+00 2.53234E+00
-8.80398E-01 1.01588E+00
-5.35894E-01 6.18363E-01
-5.00168E+00 5.77139E+00
-4.87409E+00 5.62416E+00
-3.55987E+00 4.10770E+00
-3.21537E+00 3.71018E+00
-2.67947E+00 3.09182E+00
-1.22100E-01 1.49541E-01
-1.37973E+00 1.68981E+00
-1.25763E+00 1.54027E+00
-1.70940E+00 2.09357E+00
-1.58730E+00 1.94403E+00
-3.29669E-01 4.03760E-01
-2.22222E+00 2.72164E+00
-2.10012E+00 2.57210E+00
-8.42488E-01 1.03183E+00
-5.12819E-01 6.28071E-01
-4.78631E+00 5.86199E+00
-4.66421E+00 5.71245E+00
-3.40658E+00 4.17218E+00
-3.07691E+00 3.76842E+00
-2.56410E+00 3.14035E+00
-1.16522E-01 1.51749E-01
-1.31670E+00 1.71477E+00
-1.20018E+00 1.56302E+00
-1.63131E+00 2.12449E+00
-1.51479E+00 1.97274E+00
-3.14609E-01 4.09723E-01
-2.12070E+00 2.76184E+00
-2.00418E+00 2.61009E+00
-8.04001E-01 1.04707E+00
-4.89392E-01 6.37348E-01
-4.56766E+00 5.94858E+00
-4.45114E+00 5.79683E+00
-3.25096E+00 4.23381E+00
-2.93635E+00 3.82409E+00
-2.44696E+00 3.18674E+00
-1.10864E-01 1.53854E-01
-1.25277E+00 1.73855E+00
-1.14190E+00 1.58470E+00
-1.55210E+00 2.15396E+00
-1.44124E+00 2.00010E+00
-2.99334E-01 4.15406E-01
-2.01773E+00 2.80015E+00
-1.90687E+00 2.64629E+00
-7.64964E-01 1.06159E+00
-4.65630E-01 6.46188E-01
-4.34588E+00 6.03109E+00
-4.23502E+00 5.87723E+00
-3.09311E+00 4.29253E+00
-2.79378E+00 3.87713E+00
-2.32815E+00 3.23094E+00
-1.05131E-01 1.55854E-01
-1.18798E+00 1.76115E+00
-1.08285E+00 1.60529E+00
-1.47183E+00 2.18195E+00
-1.36670E+00 2.02610E+00
-2.83853E-01 4.20805E-01
-1.91338E+00 2.83654E+00
-1.80825E+00 2.68068E+00
-7.25401E-01 1.07539E+00
-4.41549E-01 6.54585E-01
-4.12112E+00 6.10946E+00
-4.01599E+00 5.95361E+00
-2.93315E+00 4.34832E+00
-2.64929E+00 3.92751E+00
-2.20774E+00 3.27293E+00
-9.93250E-02 1.57746E-01
-1.12237E+00 1.78253E+00
-1.02305E+00 1.62479E+00
-1.39055E+00 2.20845E+00
-1.29122E+00 2.05070E+00
-2.68177E-01 4.25915E-01
-1.80771E+00 2.87098E+00
-1.70839E+00 2.71323E+00
-6.85342E-01 1.08845E+00
-4.17165E-01 6.62534E-01
-3.89354E+00 6.18365E+00
-3.79421E+00 6.02590E+00
-2.77117E+00 4.40112E+00
-2.50299E+00 3.97520E+00
-2.08582E+00 3.31267E+00
-9.34512E-02 1.59531E-01
-1.05600E+00 1.80270E+00
-9.62547E-01 1.64316E+00
-1.30832E+00 2.23343E+00
-1.21487E+00 2.07390E+00
-2.52318E-01 4.30733E-01
-1.70081E+00 2.90346E+00
-1.60736E+00 2.74393E+00
-6.44813E-01 1.10076E+00
-3.92495E-01 6.70029E-01
-3.66329E+00 6.25360E+00
-3.56984E+00 6.09407E+00
-2.60729E+00 4.45090E+00
-2.35497E+00 4.02017E+00
-1.96248E+00 3.35014E+00
-8.75134E-02 1.61206E-01
-9.88901E-01 1.82162E+00
-9.01388E-01 1.66042E+00
-1.22519E+00 2.25688E+00
-1.13767E+00 2.09567E+00
-2.36286E-01 4.35255E-01
-1.59274E+00 2.93394E+00
-1.50523E+00 2.77274E+00
-6.03842E-01 1.11232E+00
-3.67556E-01 6.77064E-01
-3.43053E+00 6.31926E+00
-3.34301E+00 6.15806E+00
-2.44162E+00 4.49764E+00
-2.20534E+00 4.06238E+00
-1.83778E+00 3.38532E+00
-8.15156E-02 1.62770E-01
-9.21126E-01 1.83930E+00
-8.39611E-01 1.67653E+00
-1.14122E+00 2.27878E+00
-1.05970E+00 2.11601E+00
-2.20092E-01 4.39480E-01
-1.48358E+00 2.96242E+00
-1.40207E+00 2.79965E+00
-5.62458E-01 1.12312E+00
-3.42366E-01 6.83635E-01
-3.19541E+00 6.38060E+00
-3.11390E+00 6.21783E+00
-2.27429E+00 4.54129E+00
-2.05419E+00 4.10181E+00
-1.71183E+00 3.41818E+00
-7.54620E-02 1.64223E-01
-8.52720E-01 1.85572E+00
-7.77258E-01 1.69150E+00
-1.05647E+00 2.29913E+00
-9.81005E-01 2.13490E+00
-2.03747E-01 4.43403E-01
-1.37341E+00 2.98887E+00
-1.29795E+00 2.82464E+00
-5.20688E-01 1.13314E+00
-3.16940E-01 6.89738E-01
-2.95811E+00 6.43756E+00
-2.88265E+00 6.27333E+00
-2.10539E+00 4.58183E+00
-1.90164E+00 4.13843E+00
-1.58470E+00 3.44869E+00
-6.93566E-02 1.65564E-01
-7.83729E-01 1.87087E+00
-7.14373E-01 1.70531E+00
-9.70992E-01 2.31789E+00
-9.01636E-01 2.15233E+00
-1.87263E-01 4.47023E-01
-1.26229E+00 3.01326E+00
-1.19293E+00 2.84770E+00
-4.78560E-01 1.14239E+00
-2.91298E-01 6.95368E-01
-2.71878E+00 6.49011E+00
-2.64942E+00 6.32454E+00
-1.93505E+00 4.61923E+00
-1.74779E+00 4.17221E+00
-1.45649E+00 3.47684E+00
-6.32037E-02 1.66791E-01
-7.14202E-01 1.88474E+00
-6.50998E-01 1.71795E+00
-8.84852E-01 2.33507E+00
-8.21648E-01 2.16828E+00
-1.70650E-01 4.50336E-01
-1.15031E+00 3.03560E+00
-1.08710E+00 2.86880E+00
-4.36105E-01 1.15086E+00
-2.65456E-01 7.00522E-01
-2.47759E+00 6.53821E+00
-2.41438E+00 6.37141E+00
-1.76338E+00 4.65347E+00
-1.59273E+00 4.20313E+00
-1.32728E+00 3.50261E+00
-5.70075E-02 1.67904E-01
-6.44184E-01 1.89731E+00
-5.87177E-01 1.72941E+00
-7.98105E-01 2.35065E+00
-7.41097E-01 2.18275E+00
-1.53920E-01 4.53340E-01
-1.03754E+00 3.05585E+00
-9.80529E-01 2.88794E+00
-3.93352E-01 1.15854E+00
-2.39431E-01 7.05195E-01
-2.23469E+00 6.58182E+00
-2.17769E+00 6.41392E+00
-1.59051E+00 4.68451E+00
-1.43659E+00 4.23117E+00
-1.19716E+00 3.52598E+00
-5.07722E-02 1.68901E-01
-5.73726E-01 1.90859E+00
-5.22954E-01 1.73968E+00
-7.10811E-01 2.36462E+00
-6.60038E-01 2.19572E+00
-1.37085E-01 4.56034E-01
-9.24054E-01 3.07400E+00
-8.73282E-01 2.90510E+00
-3.50328E-01 1.16542E+00
-2.13243E-01 7.09386E-01
-1.99027E+00 6.62093E+00
-1.93950E+00 6.45203E+00
-1.41654E+00 4.71235E+00
-1.27946E+00 4.25631E+00
-1.06622E+00 3.54693E+00
-4.45021E-02 1.69783E-01
-5.02874E-01 1.91855E+00
-4.58372E-01 1.74877E+00
-6.23029E-01 2.37697E+00
-5.78527E-01 2.20718E+00
-1.20156E-01 4.58415E-01
-8.09938E-01 3.09006E+00
-7.65436E-01 2.92027E+00
-3.07065E-01 1.17150E+00
-1.86909E-01 7.13090E-01
-1.74448E+00 6.65550E+00
-1.69998E+00 6.48572E+00
-1.24161E+00 4.73695E+00
-1.12145E+00 4.27854E+00
-9.34544E-01 3.56545E+00
-3.82015E-02 1.70549E-01
-4.31677E-01 1.92720E+00
-3.93475E-01 1.75665E+00
-5.34821E-01 2.38768E+00
-4.96619E-01 2.21713E+00
-1.03144E-01 4.60482E-01
-6.95267E-01 3.10399E+00
-6.57066E-01 2.93344E+00
-2.63590E-01 1.17679E+00
-1.60446E-01 7.16305E-01
-1.49750E+00 6.68551E+00
-1.45930E+00 6.51497E+00
-1.06582E+00 4.75831E+00
-9.62678E-01 4.29783E+00
-8.02231E-01 3.58153E+00
-3.18748E-02 1.71197E-01
-3.60185E-01 1.93453E+00
-3.28310E-01 1.76333E+00
-4.46247E-01 2.39676E+00
-4.14372E-01 2.22557E+00
-8.60618E-02 4.62233E-01
-5.80121E-01 3.11579E+00
-5.48246E-01 2.94460E+00
-2.19936E-01 1.18126E+00
-1.33874E-01 7.19029E-01
-1.24949E+00 6.71094E+00
-1.21762E+00 6.53974E+00
-8.89306E-01 4.77641E+00
-8.03244E-01 4.31418E+00
-6.69370E-01 3.59515E+00
-2.55261E-02 1.71729E-01
-2.88445E-01 1.94054E+00
-2.62919E-01 1.76881E+00
-3.57366E-01 2.40420E+00
-3.31840E-01 2.23247E+00
-6.89206E-02 4.63668E-01
-4.64576E-01 3.12546E+00
-4.39050E-01 2.95374E+00
-1.76130E-01 1.18493E+00
-1.07210E-01 7.21261E-01
-1.00062E+00 6.73177E+00
-9.75099E-01 6.56004E+00
-7.12179E-01 4.79123E+00
-6.43259E-01 4.32757E+00
-5.36049E-01 3.60631E+00
-1.91600E-02 1.72142E-01
-2.16508E-01 1.94521E+00
-1.97348E-01 1.77307E+00
-2.68240E-01 2.40999E+00
-2.49080E-01 2.23785E+00
-5.17321E-02 4.64785E-01
-3.48713E-01 3.13299E+00
-3.29553E-01 2.96085E+00
-1.32204E-01 1.18778E+00
-8.04722E-02 7.22998E-01
-7.51073E-01 6.74798E+00
-7.31913E-01 6.57584E+00
-5.34565E-01 4.80277E+00
-4.82833E-01 4.33799E+00
-4.02361E-01 3.61499E+00
-1.27808E-02 1.72438E-01
-1.44423E-01 1.94855E+00
-1.31642E-01 1.77611E+00
-1.78931E-01 2.41413E+00
-1.66150E-01 2.24170E+00
-3.45081E-02 4.65583E-01
-2.32610E-01 3.13837E+00
-2.19829E-01 2.96594E+00
-8.81873E-02 1.18982E+00
-5.36792E-02 7.24240E-01
-5.01006E-01 6.75957E+00
-4.88225E-01 6.58714E+00
-3.56584E-01 4.81102E+00
-3.22075E-01 4.34544E+00
-2.68396E-01 3.62120E+00
-6.39280E-03 1.72616E-01
-7.22387E-02 1.95056E+00
-6.58459E-02 1.77794E+00
-8.94992E-02 2.41662E+00
-8.31064E-02 2.24400E+00
-1.72606E-02 4.66062E-01
-1.16349E-01 3.14160E+00
-1.09956E-01 2.96899E+00
-4.41103E-02 1.19105E+00
-2.68498E-02 7.24985E-01
-2.50598E-01 6.76653E+00
-2.44205E-01 6.59392E+00
-1.78359E-01 4.81598E+00
-1.61099E-01 4.34991E+00
-1.34249E-01 3.62493E+00
-4.25988E-07 1.72675E-01
-4.81366E-06 1.95122E+00
-4.38767E-06 1.77855E+00
-5.96383E-06 2.41745E+00
-5.53784E-06 2.24477E+00
-1.15017E-06 4.66222E-01
-7.75297E-06 3.14268E+00
-7.32699E-06 2.97001E+00
-2.93931E-06 1.19146E+00
-1.78915E-06 7.25234E-01
-1.66987E-05 6.76885E+00
-1.62727E-05 6.59618E+00
-1.18851E-05 4.81763E+00
-1.07349E-05 4.35140E+00
-8.94574E-06 3.62617E+00
