Will plot unflagged data


File # 1  = raise.vis
raise.vis 1.5136 GHz
Read 121 visibilities from all files

Baseline 3-4, plot 121 points
1.47432E+00 8.18825E-02
1.47483E+00 8.18825E-02
1.47634E+00 8.18824E-02
1.47885E+00 8.18824E-02
1.48236E+00 8.18823E-02
1.48683E+00 8.18823E-02
1.49225E+00 8.18822E-02
1.49860E+00 8.18821E-02
1.50585E+00 8.18820E-02
1.51396E+00 8.18818E-02
1.52290E+00 8.18817E-02
1.53263E+00 8.18816E-02
1.54311E+00 8.18814E-02
1.55429E+00 8.18812E-02
1.56614E+00 8.18810E-02
1.57859E+00 8.18808E-02
1.59161E+00 8.18806E-02
1.60514E+00 8.18804E-02
1.61914E+00 8.18802E-02
1.63356E+00 8.18800E-02
1.64834E+00 8.18797E-02
1.66344E+00 8.18794E-02
1.67881E+00 8.18793E-02
1.69439E+00 8.18790E-02
1.71015E+00 8.18787E-02
1.72602E+00 8.18784E-02
1.74198E+00 8.18782E-02
1.75796E+00 8.18778E-02
1.77393E+00 8.18776E-02
1.78985E+00 8.18773E-02
1.80567E+00 8.18770E-02
1.82135E+00 8.18768E-02
1.83686E+00 8.18764E-02
1.85215E+00 8.18762E-02
1.86719E+00 8.18759E-02
1.88195E+00 8.18756E-02
1.89639E+00 8.18753E-02
1.91048E+00 8.18751E-02
1.92418E+00 8.18748E-02
1.93748E+00 8.18745E-02
1.95035E+00 8.18744E-02
1.96274E+00 8.18740E-02
1.97465E+00 8.18737E-02
1.98605E+00 8.18736E-02
1.99691E+00 8.18734E-02
2.00722E+00 8.18731E-02
2.01695E+00 8.18729E-02
2.02609E+00 8.18728E-02
2.03462E+00 8.18726E-02
2.04253E+00 8.18725E-02
2.04979E+00 8.18723E-02
2.05640E+00 8.18722E-02
2.06235E+00 8.18720E-02
2.06762E+00 8.18720E-02
2.07221E+00 8.18718E-02
2.07611E+00 8.18718E-02
2.07930E+00 8.18716E-02
2.08180E+00 8.18717E-02
2.08358E+00 8.18716E-02
2.08465E+00 8.18716E-02
2.08501E+00 8.18716E-02
2.08465E+00 8.18716E-02
2.08358E+00 8.18717E-02
2.08180E+00 8.18717E-02
2.07930E+00 8.18716E-02
2.07611E+00 8.18718E-02
2.07221E+00 8.18718E-02
2.06762E+00 8.18720E-02
2.06235E+00 8.18720E-02
2.05641E+00 8.18722E-02
2.04979E+00 8.18723E-02
2.04253E+00 8.18725E-02
2.03462E+00 8.18726E-02
2.02609E+00 8.18728E-02
2.01695E+00 8.18729E-02
2.00722E+00 8.18731E-02
1.99691E+00 8.18734E-02
1.98605E+00 8.18736E-02
1.97465E+00 8.18737E-02
1.96274E+00 8.18740E-02
1.95035E+00 8.18743E-02
1.93748E+00 8.18745E-02
1.92419E+00 8.18748E-02
1.91048E+00 8.18751E-02
1.89639E+00 8.18753E-02
1.88195E+00 8.18756E-02
1.86719E+00 8.18759E-02
1.85215E+00 8.18762E-02
1.83686E+00 8.18764E-02
1.82135E+00 8.18768E-02
1.80567E+00 8.18770E-02
1.78985E+00 8.18773E-02
1.77393E+00 8.18776E-02
1.75796E+00 8.18778E-02
1.74198E+00 8.18782E-02
1.72602E+00 8.18784E-02
1.71015E+00 8.18787E-02
1.69439E+00 8.18790E-02
1.67881E+00 8.18793E-02
1.66344E+00 8.18794E-02
1.64834E+00 8.18797E-02
1.63356E+00 8.18800E-02
1.61915E+00 8.18802E-02
1.60514E+00 8.18804E-02
1.59161E+00 8.18806E-02
1.57859E+00 8.18808E-02
1.56614E+00 8.18810E-02
1.55429E+00 8.18812E-02
1.54311E+00 8.18814E-02
1.53263E+00 8.18816E-02
1.52290E+00 8.18817E-02
1.51396E+00 8.18818E-02
1.50585E+00 8.18819E-02
1.49860E+00 8.18821E-02
1.49225E+00 8.18822E-02
1.48683E+00 8.18823E-02
1.48236E+00 8.18823E-02
1.47885E+00 8.18824E-02
1.47634E+00 8.18824E-02
1.47483E+00 8.18824E-02
1.47432E+00 8.18825E-02
