Will plot unflagged data


File # 1  = raise.vis
raise.vis 1.5136 GHz
Read 121 visibilities from all files

Baseline 3-4, plot 121 points
1.47432E+00 -1.85876E-01
1.47483E+00 -1.89617E-01
1.47634E+00 -1.92198E-01
1.47885E+00 -1.95667E-01
1.48236E+00 -1.98994E-01
1.48683E+00 -2.01147E-01
1.49225E+00 -2.04176E-01
1.49860E+00 -2.07051E-01
1.50585E+00 -2.08738E-01
1.51396E+00 -2.11291E-01
1.52290E+00 -2.13676E-01
1.53263E+00 -2.15892E-01
1.54311E+00 -2.17933E-01
1.55429E+00 -2.18767E-01
1.56614E+00 -2.20450E-01
1.57859E+00 -2.21949E-01
1.59161E+00 -2.23260E-01
1.60514E+00 -2.24381E-01
1.61914E+00 -2.25309E-01
1.63356E+00 -2.26042E-01
1.64834E+00 -2.26576E-01
1.66344E+00 -2.26909E-01
1.67881E+00 -2.28070E-01
1.69439E+00 -2.27994E-01
1.71015E+00 -2.27712E-01
1.72602E+00 -2.27220E-01
1.74198E+00 -2.27548E-01
1.75796E+00 -2.26632E-01
1.77393E+00 -2.26534E-01
1.78985E+00 -2.25189E-01
1.80567E+00 -2.24659E-01
1.82135E+00 -2.23911E-01
1.83686E+00 -2.21913E-01
1.85215E+00 -2.20728E-01
1.86719E+00 -2.19323E-01
1.88195E+00 -2.17697E-01
1.89639E+00 -2.15851E-01
1.91048E+00 -2.13784E-01
1.92418E+00 -2.11497E-01
1.93748E+00 -2.08989E-01
1.95035E+00 -2.07293E-01
1.96274E+00 -2.04345E-01
1.97465E+00 -2.01177E-01
1.98605E+00 -1.98824E-01
1.99691E+00 -1.96254E-01
2.00722E+00 -1.92434E-01
2.01695E+00 -1.89432E-01
2.02609E+00 -1.86216E-01
2.03462E+00 -1.82788E-01
2.04253E+00 -1.79148E-01
2.04979E+00 -1.75300E-01
2.05640E+00 -1.71245E-01
2.06235E+00 -1.66985E-01
2.06762E+00 -1.63555E-01
2.07221E+00 -1.58892E-01
2.07611E+00 -1.55064E-01
2.07930E+00 -1.50008E-01
2.08180E+00 -1.45792E-01
2.08358E+00 -1.41386E-01
2.08465E+00 -1.36794E-01
2.08501E+00 -1.32018E-01
2.08465E+00 -1.27063E-01
2.08358E+00 -1.21930E-01
2.08180E+00 -1.16624E-01
2.07930E+00 -1.11149E-01
2.07611E+00 -1.06541E-01
2.07221E+00 -1.00737E-01
2.06762E+00 -9.58090E-02
2.06235E+00 -8.96939E-02
2.05641E+00 -8.44618E-02
2.04979E+00 -7.90842E-02
2.04253E+00 -7.35655E-02
2.03462E+00 -6.79104E-02
2.02609E+00 -6.21232E-02
2.01695E+00 -5.62086E-02
2.00722E+00 -5.01715E-02
1.99691E+00 -4.50493E-02
1.98605E+00 -3.87817E-02
1.97465E+00 -3.24064E-02
1.96274E+00 -2.69607E-02
1.95035E+00 -2.14176E-02
1.93748E+00 -1.47496E-02
1.92419E+00 -9.02699E-03
1.91048E+00 -3.22251E-03
1.89639E+00 2.65834E-03
1.88195E+00 8.61013E-03
1.86719E+00 1.46274E-02
1.85215E+00 2.07047E-02
1.83686E+00 2.68363E-02
1.82135E+00 3.19846E-02
1.80567E+00 3.82080E-02
1.78985E+00 4.44690E-02
1.77393E+00 4.97298E-02
1.75796E+00 5.60486E-02
1.74198E+00 6.13560E-02
1.72602E+00 6.77096E-02
1.71015E+00 7.30405E-02
1.69439E+00 7.83746E-02
1.67881E+00 8.37062E-02
1.66344E+00 9.00605E-02
1.64834E+00 9.53696E-02
1.63356E+00 1.00659E-01
1.61915E+00 1.05923E-01
1.60514E+00 1.11155E-01
1.59161E+00 1.16351E-01
1.57859E+00 1.21504E-01
1.56614E+00 1.26609E-01
1.55429E+00 1.31660E-01
1.54311E+00 1.35622E-01
1.53263E+00 1.40550E-01
1.52290E+00 1.45407E-01
1.51396E+00 1.50188E-01
1.50585E+00 1.54888E-01
1.49860E+00 1.58474E-01
1.49225E+00 1.62997E-01
1.48683E+00 1.67423E-01
1.48236E+00 1.70720E-01
1.47885E+00 1.74938E-01
1.47634E+00 1.79043E-01
1.47483E+00 1.82006E-01
1.47432E+00 1.85874E-01
