Will plot unflagged data


File # 1  = raise.vis
raise.vis 0.4786 GHz
Read 121 visibilities from all files

Baseline 2-5, plot 121 points
2.97001E+00 -3.74444E-01
2.97102E+00 -3.80997E-01
2.97407E+00 -3.88304E-01
2.97913E+00 -3.94305E-01
2.98619E+00 -4.00016E-01
2.99520E+00 -4.05430E-01
3.00613E+00 -4.11568E-01
3.01892E+00 -4.16362E-01
3.03352E+00 -4.21866E-01
3.04986E+00 -4.26010E-01
3.06787E+00 -4.30848E-01
3.08747E+00 -4.34311E-01
3.10858E+00 -4.38455E-01
3.13111E+00 -4.41209E-01
3.15496E+00 -4.44631E-01
3.18005E+00 -4.47682E-01
3.20628E+00 -4.50356E-01
3.23354E+00 -4.51615E-01
3.26175E+00 -4.53517E-01
3.29079E+00 -4.55026E-01
3.32057E+00 -4.57168E-01
3.35098E+00 -4.57873E-01
3.38194E+00 -4.58170E-01
3.41333E+00 -4.59086E-01
3.44507E+00 -4.58552E-01
3.47705E+00 -4.58630E-01
3.50919E+00 -4.57250E-01
3.54139E+00 -4.56476E-01
3.57357E+00 -4.55271E-01
3.60563E+00 -4.53631E-01
3.63750E+00 -4.51557E-01
3.66909E+00 -4.50077E-01
3.70033E+00 -4.47124E-01
3.73113E+00 -4.44763E-01
3.76143E+00 -4.40926E-01
3.79116E+00 -4.37679E-01
3.82025E+00 -4.33988E-01
3.84863E+00 -4.29853E-01
3.87625E+00 -4.26306E-01
3.90304E+00 -4.21283E-01
3.92895E+00 -4.16848E-01
3.95392E+00 -4.10939E-01
3.97791E+00 -4.05621E-01
4.00087E+00 -3.99864E-01
4.02276E+00 -3.93668E-01
4.04352E+00 -3.88069E-01
4.06313E+00 -3.81005E-01
4.08154E+00 -3.74542E-01
4.09872E+00 -3.67651E-01
4.11465E+00 -3.60336E-01
4.12928E+00 -3.52600E-01
4.14260E+00 -3.44448E-01
4.15458E+00 -3.36914E-01
4.16520E+00 -3.27941E-01
4.17445E+00 -3.19596E-01
4.18229E+00 -3.10852E-01
4.18873E+00 -3.02747E-01
4.19375E+00 -2.93222E-01
4.19735E+00 -2.84347E-01
4.19950E+00 -2.74064E-01
4.20022E+00 -2.64444E-01
4.19950E+00 -2.54461E-01
4.19735E+00 -2.45153E-01
4.19375E+00 -2.34465E-01
4.18873E+00 -2.24467E-01
4.18229E+00 -2.13103E-01
4.17445E+00 -2.02444E-01
4.16520E+00 -1.91467E-01
4.15458E+00 -1.81212E-01
4.14260E+00 -1.69624E-01
4.12928E+00 -1.58774E-01
4.11465E+00 -1.47641E-01
4.09873E+00 -1.36233E-01
4.08154E+00 -1.24558E-01
4.06313E+00 -1.12628E-01
4.04352E+00 -1.01483E-01
4.02276E+00 -8.90687E-02
4.00088E+00 -7.74598E-02
3.97792E+00 -6.56340E-02
3.95392E+00 -5.36015E-02
3.92895E+00 -4.24053E-02
3.90304E+00 -2.99906E-02
3.87625E+00 -1.84336E-02
3.84863E+00 -5.67926E-03
3.82025E+00 6.19589E-03
3.79116E+00 1.82136E-02
3.76144E+00 3.03628E-02
3.73113E+00 4.15997E-02
3.70033E+00 5.39786E-02
3.66909E+00 6.54224E-02
3.63750E+00 7.79857E-02
3.60563E+00 8.95911E-02
3.57357E+00 1.01260E-01
3.54139E+00 1.12981E-01
3.50919E+00 1.24743E-01
3.47705E+00 1.35501E-01
3.44507E+00 1.47309E-01
3.41333E+00 1.58091E-01
3.38194E+00 1.69899E-01
3.35099E+00 1.80657E-01
3.32057E+00 1.91386E-01
3.29079E+00 2.03108E-01
3.26175E+00 2.13745E-01
3.23355E+00 2.24319E-01
3.20628E+00 2.33786E-01
3.18005E+00 2.44199E-01
3.15496E+00 2.54515E-01
3.13111E+00 2.64722E-01
3.10858E+00 2.73778E-01
3.08747E+00 2.83736E-01
3.06787E+00 2.92521E-01
3.04986E+00 3.02185E-01
3.03352E+00 3.10656E-01
3.01892E+00 3.19984E-01
3.00613E+00 3.28099E-01
2.99520E+00 3.37049E-01
2.98619E+00 3.44767E-01
2.97913E+00 3.52273E-01
2.97407E+00 3.59556E-01
2.97102E+00 3.67633E-01
2.97001E+00 3.74442E-01
