Will plot unflagged data


File # 1  = raise.vis
raise.vis 0.4786 GHz
Read 121 visibilities from all files

Baseline 2-5, plot 121 points
2.97001E+00 1.91413E-01
2.97102E+00 1.91413E-01
2.97407E+00 1.91413E-01
2.97913E+00 1.91412E-01
2.98619E+00 1.91411E-01
2.99520E+00 1.91410E-01
3.00613E+00 1.91409E-01
3.01892E+00 1.91408E-01
3.03352E+00 1.91407E-01
3.04986E+00 1.91405E-01
3.06787E+00 1.91403E-01
3.08747E+00 1.91401E-01
3.10858E+00 1.91399E-01
3.13111E+00 1.91397E-01
3.15496E+00 1.91394E-01
3.18005E+00 1.91392E-01
3.20628E+00 1.91389E-01
3.23354E+00 1.91386E-01
3.26175E+00 1.91383E-01
3.29079E+00 1.91380E-01
3.32057E+00 1.91377E-01
3.35098E+00 1.91374E-01
3.38194E+00 1.91370E-01
3.41333E+00 1.91367E-01
3.44507E+00 1.91363E-01
3.47705E+00 1.91360E-01
3.50919E+00 1.91355E-01
3.54139E+00 1.91352E-01
3.57357E+00 1.91348E-01
3.60563E+00 1.91344E-01
3.63750E+00 1.91340E-01
3.66909E+00 1.91337E-01
3.70033E+00 1.91333E-01
3.73113E+00 1.91329E-01
3.76143E+00 1.91325E-01
3.79116E+00 1.91322E-01
3.82025E+00 1.91318E-01
3.84863E+00 1.91314E-01
3.87625E+00 1.91311E-01
3.90304E+00 1.91308E-01
3.92895E+00 1.91305E-01
3.95392E+00 1.91301E-01
3.97791E+00 1.91298E-01
4.00087E+00 1.91295E-01
4.02276E+00 1.91292E-01
4.04352E+00 1.91289E-01
4.06313E+00 1.91286E-01
4.08154E+00 1.91284E-01
4.09872E+00 1.91282E-01
4.11465E+00 1.91280E-01
4.12928E+00 1.91278E-01
4.14260E+00 1.91276E-01
4.15458E+00 1.91274E-01
4.16520E+00 1.91272E-01
4.17445E+00 1.91271E-01
4.18229E+00 1.91270E-01
4.18873E+00 1.91270E-01
4.19375E+00 1.91269E-01
4.19735E+00 1.91269E-01
4.19950E+00 1.91268E-01
4.20022E+00 1.91268E-01
4.19950E+00 1.91268E-01
4.19735E+00 1.91269E-01
4.19375E+00 1.91269E-01
4.18873E+00 1.91270E-01
4.18229E+00 1.91270E-01
4.17445E+00 1.91271E-01
4.16520E+00 1.91272E-01
4.15458E+00 1.91274E-01
4.14260E+00 1.91276E-01
4.12928E+00 1.91278E-01
4.11465E+00 1.91280E-01
4.09873E+00 1.91282E-01
4.08154E+00 1.91284E-01
4.06313E+00 1.91286E-01
4.04352E+00 1.91289E-01
4.02276E+00 1.91292E-01
4.00088E+00 1.91295E-01
3.97792E+00 1.91298E-01
3.95392E+00 1.91301E-01
3.92895E+00 1.91305E-01
3.90304E+00 1.91308E-01
3.87625E+00 1.91311E-01
3.84863E+00 1.91314E-01
3.82025E+00 1.91318E-01
3.79116E+00 1.91322E-01
3.76144E+00 1.91325E-01
3.73113E+00 1.91329E-01
3.70033E+00 1.91333E-01
3.66909E+00 1.91337E-01
3.63750E+00 1.91340E-01
3.60563E+00 1.91344E-01
3.57357E+00 1.91348E-01
3.54139E+00 1.91352E-01
3.50919E+00 1.91355E-01
3.47705E+00 1.91360E-01
3.44507E+00 1.91363E-01
3.41333E+00 1.91367E-01
3.38194E+00 1.91370E-01
3.35099E+00 1.91374E-01
3.32057E+00 1.91377E-01
3.29079E+00 1.91380E-01
3.26175E+00 1.91383E-01
3.23355E+00 1.91386E-01
3.20628E+00 1.91389E-01
3.18005E+00 1.91392E-01
3.15496E+00 1.91394E-01
3.13111E+00 1.91397E-01
3.10858E+00 1.91399E-01
3.08747E+00 1.91401E-01
3.06787E+00 1.91403E-01
3.04986E+00 1.91405E-01
3.03352E+00 1.91407E-01
3.01892E+00 1.91408E-01
3.00613E+00 1.91409E-01
2.99520E+00 1.91410E-01
2.98619E+00 1.91411E-01
2.97913E+00 1.91412E-01
2.97407E+00 1.91413E-01
2.97102E+00 1.91413E-01
2.97001E+00 1.91413E-01
