Will plot unflagged data


File # 1  = raise.vis
raise.vis 0.1514 GHz
Read 121 visibilities from all files

Baseline 2-3, plot 121 points
5.62427E-01 1.50020E+01
5.62620E-01 1.50020E+01
5.63197E-01 1.50020E+01
5.64155E-01 1.50020E+01
5.65491E-01 1.50020E+01
5.67198E-01 1.50019E+01
5.69267E-01 1.50019E+01
5.71690E-01 1.50018E+01
5.74454E-01 1.50017E+01
5.77549E-01 1.50016E+01
5.80959E-01 1.50015E+01
5.84671E-01 1.50014E+01
5.88668E-01 1.50013E+01
5.92934E-01 1.50011E+01
5.97452E-01 1.50010E+01
6.02203E-01 1.50009E+01
6.07170E-01 1.50007E+01
6.12333E-01 1.50006E+01
6.17674E-01 1.50004E+01
6.23173E-01 1.50002E+01
6.28812E-01 1.50001E+01
6.34572E-01 1.49999E+01
6.40434E-01 1.49997E+01
6.46379E-01 1.49995E+01
6.52389E-01 1.49993E+01
6.58446E-01 1.49991E+01
6.64532E-01 1.49989E+01
6.70629E-01 1.49987E+01
6.76723E-01 1.49985E+01
6.82795E-01 1.49983E+01
6.88829E-01 1.49981E+01
6.94812E-01 1.49979E+01
7.00727E-01 1.49977E+01
7.06561E-01 1.49975E+01
7.12299E-01 1.49973E+01
7.17928E-01 1.49971E+01
7.23437E-01 1.49969E+01
7.28811E-01 1.49966E+01
7.34041E-01 1.49965E+01
7.39114E-01 1.49963E+01
7.44021E-01 1.49961E+01
7.48750E-01 1.49959E+01
7.53294E-01 1.49958E+01
7.57641E-01 1.49956E+01
7.61785E-01 1.49954E+01
7.65718E-01 1.49953E+01
7.69430E-01 1.49952E+01
7.72917E-01 1.49950E+01
7.76171E-01 1.49949E+01
7.79187E-01 1.49948E+01
7.81958E-01 1.49947E+01
7.84480E-01 1.49946E+01
7.86749E-01 1.49944E+01
7.88760E-01 1.49944E+01
7.90511E-01 1.49944E+01
7.91997E-01 1.49943E+01
7.93216E-01 1.49942E+01
7.94167E-01 1.49942E+01
7.94847E-01 1.49942E+01
7.95255E-01 1.49942E+01
7.95392E-01 1.49942E+01
7.95255E-01 1.49942E+01
7.94847E-01 1.49942E+01
7.94167E-01 1.49942E+01
7.93216E-01 1.49942E+01
7.91997E-01 1.49943E+01
7.90511E-01 1.49944E+01
7.88760E-01 1.49944E+01
7.86749E-01 1.49944E+01
7.84480E-01 1.49946E+01
7.81958E-01 1.49947E+01
7.79187E-01 1.49948E+01
7.76171E-01 1.49949E+01
7.72917E-01 1.49950E+01
7.69431E-01 1.49952E+01
7.65718E-01 1.49953E+01
7.61786E-01 1.49954E+01
7.57642E-01 1.49956E+01
7.53294E-01 1.49957E+01
7.48751E-01 1.49959E+01
7.44021E-01 1.49961E+01
7.39115E-01 1.49963E+01
7.34041E-01 1.49965E+01
7.28812E-01 1.49966E+01
7.23437E-01 1.49969E+01
7.17929E-01 1.49971E+01
7.12299E-01 1.49973E+01
7.06561E-01 1.49975E+01
7.00727E-01 1.49977E+01
6.94812E-01 1.49979E+01
6.88830E-01 1.49981E+01
6.82795E-01 1.49983E+01
6.76723E-01 1.49985E+01
6.70630E-01 1.49987E+01
6.64532E-01 1.49989E+01
6.58446E-01 1.49991E+01
6.52389E-01 1.49993E+01
6.46379E-01 1.49995E+01
6.40434E-01 1.49997E+01
6.34573E-01 1.49999E+01
6.28813E-01 1.50001E+01
6.23173E-01 1.50002E+01
6.17674E-01 1.50004E+01
6.12333E-01 1.50006E+01
6.07170E-01 1.50007E+01
6.02203E-01 1.50009E+01
5.97452E-01 1.50010E+01
5.92935E-01 1.50011E+01
5.88668E-01 1.50013E+01
5.84671E-01 1.50014E+01
5.80959E-01 1.50015E+01
5.77549E-01 1.50016E+01
5.74455E-01 1.50017E+01
5.71690E-01 1.50018E+01
5.69267E-01 1.50019E+01
5.67198E-01 1.50019E+01
5.65491E-01 1.50020E+01
5.64155E-01 1.50020E+01
5.63197E-01 1.50020E+01
5.62620E-01 1.50020E+01
5.62427E-01 1.50020E+01
