Will plot unflagged data


File # 1  = raise.vis
raise.vis 0.1514 GHz
Read 121 visibilities from all files

Baseline 2-3, plot 121 points
5.62427E-01 -2.64628E-01
5.62620E-01 -2.69205E-01
5.63197E-01 -2.74618E-01
5.64155E-01 -2.78807E-01
5.65491E-01 -2.82792E-01
5.67198E-01 -2.86568E-01
5.69267E-01 -2.91156E-01
5.71690E-01 -2.94495E-01
5.74454E-01 -2.97607E-01
5.77549E-01 -3.01516E-01
5.80959E-01 -3.04158E-01
5.84671E-01 -3.06556E-01
5.88668E-01 -3.09736E-01
5.92934E-01 -3.11634E-01
5.97452E-01 -3.14304E-01
6.02203E-01 -3.16712E-01
6.07170E-01 -3.17823E-01
6.12333E-01 -3.19694E-01
6.17674E-01 -3.21290E-01
6.23173E-01 -3.21576E-01
6.28812E-01 -3.22612E-01
6.34572E-01 -3.23361E-01
6.40434E-01 -3.23822E-01
6.46379E-01 -3.23990E-01
6.52389E-01 -3.23863E-01
6.58446E-01 -3.24471E-01
6.64532E-01 -3.23746E-01
6.70629E-01 -3.22719E-01
6.76723E-01 -3.22419E-01
6.82795E-01 -3.20780E-01
6.88829E-01 -3.19866E-01
6.94812E-01 -3.17609E-01
7.00727E-01 -3.16074E-01
7.06561E-01 -3.14227E-01
7.12299E-01 -3.12066E-01
7.17928E-01 -3.09593E-01
7.23437E-01 -3.06805E-01
7.28811E-01 -3.03704E-01
7.34041E-01 -3.01321E-01
7.39114E-01 -2.97591E-01
7.44021E-01 -2.94581E-01
7.48750E-01 -2.90224E-01
7.53294E-01 -2.86589E-01
7.57641E-01 -2.82643E-01
7.61785E-01 -2.78388E-01
7.65718E-01 -2.73824E-01
7.69430E-01 -2.69987E-01
7.72917E-01 -2.64813E-01
7.76171E-01 -2.59336E-01
7.79187E-01 -2.54592E-01
7.81958E-01 -2.49551E-01
7.84480E-01 -2.44215E-01
7.86749E-01 -2.37554E-01
7.88760E-01 -2.32671E-01
7.90511E-01 -2.26470E-01
7.91997E-01 -2.19987E-01
7.93216E-01 -2.13225E-01
7.94167E-01 -2.07223E-01
7.94847E-01 -2.00951E-01
7.95255E-01 -1.94413E-01
7.95392E-01 -1.87615E-01
7.95255E-01 -1.80559E-01
7.94847E-01 -1.73252E-01
7.94167E-01 -1.65699E-01
7.93216E-01 -1.57903E-01
7.91997E-01 -1.50905E-01
7.90511E-01 -1.43676E-01
7.88760E-01 -1.36222E-01
7.86749E-01 -1.27516E-01
7.84480E-01 -1.20663E-01
7.81958E-01 -1.12570E-01
7.79187E-01 -1.04276E-01
7.76171E-01 -9.57874E-02
7.72917E-01 -8.81440E-02
7.69431E-01 -8.03194E-02
7.65718E-01 -7.12874E-02
7.61786E-01 -6.31207E-02
7.57642E-01 -5.47936E-02
7.53294E-01 -4.63129E-02
7.48751E-01 -3.76861E-02
7.44021E-01 -2.99534E-02
7.39115E-01 -2.10563E-02
7.34041E-01 -1.30681E-02
7.28812E-01 -3.93068E-03
7.23437E-01 4.28249E-03
7.17929E-01 1.25966E-02
7.12299E-01 2.10039E-02
7.06561E-01 2.94965E-02
7.00727E-01 3.80664E-02
6.94812E-01 4.67056E-02
6.88830E-01 5.43734E-02
6.82795E-01 6.31271E-02
6.76723E-01 7.08933E-02
6.70630E-01 7.97293E-02
6.64532E-01 8.75614E-02
6.58446E-01 9.54144E-02
6.52389E-01 1.04312E-01
6.46379E-01 1.12182E-01
6.40434E-01 1.20048E-01
6.34573E-01 1.27902E-01
6.28813E-01 1.35736E-01
6.23173E-01 1.43541E-01
6.17674E-01 1.50278E-01
6.12333E-01 1.58003E-01
6.07170E-01 1.65675E-01
6.02203E-01 1.72254E-01
5.97452E-01 1.79797E-01
5.92935E-01 1.87263E-01
5.88668E-01 1.93614E-01
5.84671E-01 2.00903E-01
5.80959E-01 2.07063E-01
5.77549E-01 2.13115E-01
5.74455E-01 2.20082E-01
5.71690E-01 2.25896E-01
5.69267E-01 2.31582E-01
5.67198E-01 2.38159E-01
5.65491E-01 2.43563E-01
5.64155E-01 2.48816E-01
5.63197E-01 2.53911E-01
5.62620E-01 2.59868E-01
5.62427E-01 2.64626E-01
