Will plot unflagged data


File # 1  = raise.vis
raise.vis 4.7863 GHz
Read 121 visibilities from all files

Baseline 1-4, plot 121 points
2.41745E+01 0.00000E+00
2.41827E+01 0.00000E+00
2.42076E+01 0.00000E+00
2.42488E+01 0.00000E+00
2.43062E+01 0.00000E+00
2.43795E+01 0.00000E+00
2.44685E+01 0.00000E+00
2.45726E+01 0.00000E+00
2.46914E+01 0.00000E+00
2.48244E+01 0.00000E+00
2.49710E+01 0.00000E+00
2.51306E+01 0.00000E+00
2.53024E+01 0.00000E+00
2.54857E+01 0.00000E+00
2.56799E+01 0.00000E+00
2.58841E+01 0.00000E+00
2.60976E+01 0.00000E+00
2.63195E+01 0.00000E+00
2.65491E+01 0.00000E+00
2.67855E+01 0.00000E+00
2.70279E+01 0.00000E+00
2.72754E+01 0.00000E+00
2.75274E+01 0.00000E+00
2.77829E+01 0.00000E+00
2.80412E+01 0.00000E+00
2.83016E+01 0.00000E+00
2.85632E+01 0.00000E+00
2.88253E+01 0.00000E+00
2.90872E+01 0.00000E+00
2.93482E+01 0.00000E+00
2.96075E+01 0.00000E+00
2.98647E+01 0.00000E+00
3.01189E+01 0.00000E+00
3.03697E+01 0.00000E+00
3.06163E+01 0.00000E+00
3.08583E+01 0.00000E+00
3.10951E+01 0.00000E+00
3.13261E+01 0.00000E+00
3.15509E+01 0.00000E+00
3.17689E+01 0.00000E+00
3.19798E+01 0.00000E+00
3.21831E+01 0.00000E+00
3.23784E+01 0.00000E+00
3.25653E+01 0.00000E+00
3.27434E+01 0.00000E+00
3.29124E+01 0.00000E+00
3.30720E+01 0.00000E+00
3.32218E+01 0.00000E+00
3.33617E+01 0.00000E+00
3.34913E+01 0.00000E+00
3.36104E+01 0.00000E+00
3.37189E+01 0.00000E+00
3.38164E+01 0.00000E+00
3.39028E+01 0.00000E+00
3.39781E+01 0.00000E+00
3.40419E+01 0.00000E+00
3.40943E+01 0.00000E+00
3.41352E+01 0.00000E+00
3.41644E+01 0.00000E+00
3.41820E+01 0.00000E+00
3.41879E+01 0.00000E+00
3.41820E+01 0.00000E+00
3.41644E+01 0.00000E+00
3.41352E+01 0.00000E+00
3.40943E+01 0.00000E+00
3.40419E+01 0.00000E+00
3.39781E+01 0.00000E+00
3.39028E+01 0.00000E+00
3.38164E+01 0.00000E+00
3.37189E+01 0.00000E+00
3.36105E+01 0.00000E+00
3.34913E+01 0.00000E+00
3.33617E+01 0.00000E+00
3.32219E+01 0.00000E+00
3.30720E+01 0.00000E+00
3.29124E+01 0.00000E+00
3.27434E+01 0.00000E+00
3.25653E+01 0.00000E+00
3.23784E+01 0.00000E+00
3.21831E+01 0.00000E+00
3.19798E+01 0.00000E+00
3.17689E+01 0.00000E+00
3.15509E+01 0.00000E+00
3.13261E+01 0.00000E+00
3.10951E+01 0.00000E+00
3.08583E+01 0.00000E+00
3.06163E+01 0.00000E+00
3.03697E+01 0.00000E+00
3.01190E+01 0.00000E+00
2.98647E+01 0.00000E+00
2.96076E+01 0.00000E+00
2.93482E+01 0.00000E+00
2.90872E+01 0.00000E+00
2.88253E+01 0.00000E+00
2.85632E+01 0.00000E+00
2.83016E+01 0.00000E+00
2.80413E+01 0.00000E+00
2.77829E+01 0.00000E+00
2.75274E+01 0.00000E+00
2.72755E+01 0.00000E+00
2.70279E+01 0.00000E+00
2.67855E+01 0.00000E+00
2.65491E+01 0.00000E+00
2.63196E+01 0.00000E+00
2.60976E+01 0.00000E+00
2.58842E+01 0.00000E+00
2.56799E+01 0.00000E+00
2.54858E+01 0.00000E+00
2.53024E+01 0.00000E+00
2.51306E+01 0.00000E+00
2.49710E+01 0.00000E+00
2.48245E+01 0.00000E+00
2.46914E+01 0.00000E+00
2.45726E+01 0.00000E+00
2.44685E+01 0.00000E+00
2.43795E+01 0.00000E+00
2.43062E+01 0.00000E+00
2.42488E+01 0.00000E+00
2.42076E+01 0.00000E+00
2.41828E+01 0.00000E+00
2.41745E+01 0.00000E+00
