Will plot unflagged data


File # 1  = raise.vis
raise.vis 4.7863 GHz
Read 121 visibilities from all files

Baseline 2-5, plot 121 points
2.97001E+01 0.00000E+00
2.97102E+01 0.00000E+00
2.97407E+01 0.00000E+00
2.97913E+01 0.00000E+00
2.98619E+01 0.00000E+00
2.99520E+01 0.00000E+00
3.00613E+01 0.00000E+00
3.01892E+01 0.00000E+00
3.03352E+01 0.00000E+00
3.04986E+01 0.00000E+00
3.06787E+01 0.00000E+00
3.08747E+01 0.00000E+00
3.10858E+01 0.00000E+00
3.13111E+01 0.00000E+00
3.15496E+01 0.00000E+00
3.18005E+01 0.00000E+00
3.20628E+01 0.00000E+00
3.23354E+01 0.00000E+00
3.26175E+01 0.00000E+00
3.29079E+01 0.00000E+00
3.32057E+01 0.00000E+00
3.35098E+01 0.00000E+00
3.38194E+01 0.00000E+00
3.41333E+01 0.00000E+00
3.44507E+01 0.00000E+00
3.47705E+01 0.00000E+00
3.50919E+01 0.00000E+00
3.54139E+01 0.00000E+00
3.57357E+01 0.00000E+00
3.60563E+01 0.00000E+00
3.63750E+01 0.00000E+00
3.66909E+01 0.00000E+00
3.70033E+01 0.00000E+00
3.73113E+01 0.00000E+00
3.76143E+01 0.00000E+00
3.79116E+01 0.00000E+00
3.82025E+01 0.00000E+00
3.84863E+01 0.00000E+00
3.87625E+01 0.00000E+00
3.90304E+01 0.00000E+00
3.92895E+01 0.00000E+00
3.95392E+01 0.00000E+00
3.97791E+01 0.00000E+00
4.00087E+01 0.00000E+00
4.02276E+01 0.00000E+00
4.04352E+01 0.00000E+00
4.06313E+01 0.00000E+00
4.08154E+01 0.00000E+00
4.09872E+01 0.00000E+00
4.11465E+01 0.00000E+00
4.12928E+01 0.00000E+00
4.14260E+01 0.00000E+00
4.15458E+01 0.00000E+00
4.16520E+01 0.00000E+00
4.17445E+01 0.00000E+00
4.18229E+01 0.00000E+00
4.18873E+01 0.00000E+00
4.19375E+01 0.00000E+00
4.19735E+01 0.00000E+00
4.19950E+01 0.00000E+00
4.20022E+01 0.00000E+00
4.19950E+01 0.00000E+00
4.19735E+01 0.00000E+00
4.19375E+01 0.00000E+00
4.18873E+01 0.00000E+00
4.18229E+01 0.00000E+00
4.17445E+01 0.00000E+00
4.16521E+01 0.00000E+00
4.15458E+01 0.00000E+00
4.14260E+01 0.00000E+00
4.12928E+01 0.00000E+00
4.11465E+01 0.00000E+00
4.09873E+01 0.00000E+00
4.08154E+01 0.00000E+00
4.06313E+01 0.00000E+00
4.04352E+01 0.00000E+00
4.02276E+01 0.00000E+00
4.00088E+01 0.00000E+00
3.97792E+01 0.00000E+00
3.95392E+01 0.00000E+00
3.92895E+01 0.00000E+00
3.90304E+01 0.00000E+00
3.87625E+01 0.00000E+00
3.84863E+01 0.00000E+00
3.82025E+01 0.00000E+00
3.79116E+01 0.00000E+00
3.76144E+01 0.00000E+00
3.73113E+01 0.00000E+00
3.70033E+01 0.00000E+00
3.66909E+01 0.00000E+00
3.63750E+01 0.00000E+00
3.60563E+01 0.00000E+00
3.57357E+01 0.00000E+00
3.54139E+01 0.00000E+00
3.50919E+01 0.00000E+00
3.47705E+01 0.00000E+00
3.44507E+01 0.00000E+00
3.41333E+01 0.00000E+00
3.38194E+01 0.00000E+00
3.35099E+01 0.00000E+00
3.32057E+01 0.00000E+00
3.29079E+01 0.00000E+00
3.26175E+01 0.00000E+00
3.23355E+01 0.00000E+00
3.20628E+01 0.00000E+00
3.18005E+01 0.00000E+00
3.15496E+01 0.00000E+00
3.13111E+01 0.00000E+00
3.10858E+01 0.00000E+00
3.08747E+01 0.00000E+00
3.06787E+01 0.00000E+00
3.04986E+01 0.00000E+00
3.03352E+01 0.00000E+00
3.01892E+01 0.00000E+00
3.00613E+01 0.00000E+00
2.99520E+01 0.00000E+00
2.98619E+01 0.00000E+00
2.97913E+01 0.00000E+00
2.97407E+01 0.00000E+00
2.97102E+01 0.00000E+00
2.97001E+01 0.00000E+00
