Will plot unflagged data


File # 1  = raise.vis
raise.vis 0.1514 GHz
Read 121 visibilities from all files

Baseline 2-4, plot 121 points
7.09859E-01 -8.94962E-02
7.10102E-01 -9.07275E-02
7.10831E-01 -9.29206E-02
7.12041E-01 -9.40217E-02
7.13727E-01 -9.60806E-02
7.15881E-01 -9.70431E-02
7.18492E-01 -9.79329E-02
7.21550E-01 -9.97749E-02
7.25039E-01 -1.00514E-01
7.28945E-01 -1.02201E-01
7.33250E-01 -1.02782E-01
7.37934E-01 -1.04307E-01
7.42979E-01 -1.04722E-01
7.48364E-01 -1.06078E-01
7.54065E-01 -1.06320E-01
7.60062E-01 -1.07502E-01
7.66331E-01 -1.07565E-01
7.72847E-01 -1.08565E-01
7.79588E-01 -1.08443E-01
7.86529E-01 -1.09256E-01
7.93647E-01 -1.08945E-01
8.00916E-01 -1.09566E-01
8.08315E-01 -1.10089E-01
8.15818E-01 -1.09484E-01
8.23403E-01 -1.09809E-01
8.31048E-01 -1.10033E-01
8.38729E-01 -1.09126E-01
8.46425E-01 -1.09146E-01
8.54116E-01 -1.09062E-01
8.61779E-01 -1.08876E-01
8.69396E-01 -1.08584E-01
8.76947E-01 -1.07159E-01
8.84413E-01 -1.06658E-01
8.91775E-01 -1.06051E-01
8.99018E-01 -1.05338E-01
9.06123E-01 -1.04519E-01
9.13075E-01 -1.03595E-01
9.19859E-01 -1.02563E-01
9.26459E-01 -1.02456E-01
9.32863E-01 -1.01212E-01
9.39055E-01 -9.98627E-02
9.45025E-01 -9.84071E-02
9.50759E-01 -9.68460E-02
9.56246E-01 -9.62102E-02
9.61477E-01 -9.44392E-02
9.66439E-01 -9.25639E-02
9.71126E-01 -9.16156E-02
9.75527E-01 -8.95337E-02
9.79634E-01 -8.83803E-02
9.83439E-01 -8.60946E-02
9.86937E-01 -8.47390E-02
9.90121E-01 -8.22531E-02
9.92984E-01 -8.06992E-02
9.95523E-01 -7.90477E-02
9.97732E-01 -7.62690E-02
9.99608E-01 -7.44258E-02
1.00115E+00 -7.24885E-02
1.00235E+00 -7.04586E-02
1.00320E+00 -6.83375E-02
1.00372E+00 -6.61264E-02
1.00389E+00 -6.38271E-02
1.00372E+00 -6.14410E-02
1.00320E+00 -5.89698E-02
1.00235E+00 -5.64152E-02
1.00115E+00 -5.37789E-02
9.99608E-01 -5.10628E-02
9.97732E-01 -4.82687E-02
9.95523E-01 -4.64293E-02
9.92984E-01 -4.34849E-02
9.90121E-01 -4.04685E-02
9.86937E-01 -3.84128E-02
9.83440E-01 -3.52585E-02
9.79634E-01 -3.30691E-02
9.75527E-01 -2.97854E-02
9.71126E-01 -2.74711E-02
9.66440E-01 -2.40672E-02
9.61477E-01 -2.16371E-02
9.56247E-01 -1.91527E-02
9.50759E-01 -1.55859E-02
9.45025E-01 -1.30002E-02
9.39056E-01 -1.03674E-02
9.32863E-01 -7.69002E-03
9.26460E-01 -4.97078E-03
9.19859E-01 -1.18189E-03
9.13076E-01 1.61356E-03
9.06124E-01 4.44320E-03
8.99018E-01 7.30438E-03
8.91776E-01 1.01944E-02
8.84413E-01 1.31106E-02
8.76947E-01 1.60503E-02
8.69397E-01 1.79811E-02
8.61780E-01 2.09597E-02
8.54116E-01 2.39536E-02
8.46426E-01 2.69600E-02
8.38730E-01 2.99762E-02
8.31048E-01 3.19701E-02
8.23404E-01 3.49976E-02
8.15818E-01 3.80265E-02
8.08315E-01 4.00252E-02
8.00917E-01 4.30487E-02
7.93647E-01 4.60654E-02
7.86530E-01 4.80437E-02
7.79588E-01 5.10385E-02
7.72848E-01 5.29895E-02
7.66331E-01 5.59512E-02
7.60063E-01 5.78641E-02
7.54066E-01 6.07818E-02
7.48364E-01 6.26456E-02
7.42980E-01 6.55086E-02
7.37935E-01 6.73127E-02
7.33250E-01 7.01102E-02
7.28945E-01 7.18439E-02
7.25040E-01 7.45656E-02
7.21550E-01 7.62186E-02
7.18493E-01 7.88542E-02
7.15881E-01 8.04164E-02
7.13727E-01 8.19295E-02
7.12041E-01 8.44172E-02
7.10831E-01 8.58248E-02
7.10102E-01 8.82019E-02
7.09859E-01 8.94945E-02
