Will plot unflagged data


File # 1  = raise.vis
raise.vis 0.4786 GHz
Read 121 visibilities from all files

Baseline 3-5, plot 121 points
1.19146E+00 6.64229E+00
1.19186E+00 6.64228E+00
1.19309E+00 6.64225E+00
1.19512E+00 6.64219E+00
1.19795E+00 6.64212E+00
1.20156E+00 6.64203E+00
1.20595E+00 6.64191E+00
1.21108E+00 6.64178E+00
1.21693E+00 6.64162E+00
1.22349E+00 6.64145E+00
1.23072E+00 6.64125E+00
1.23858E+00 6.64106E+00
1.24705E+00 6.64082E+00
1.25608E+00 6.64059E+00
1.26565E+00 6.64032E+00
1.27572E+00 6.64005E+00
1.28624E+00 6.63977E+00
1.29718E+00 6.63944E+00
1.30849E+00 6.63912E+00
1.32014E+00 6.63882E+00
1.33209E+00 6.63847E+00
1.34429E+00 6.63810E+00
1.35671E+00 6.63777E+00
1.36930E+00 6.63737E+00
1.38203E+00 6.63700E+00
1.39486E+00 6.63662E+00
1.40776E+00 6.63623E+00
1.42067E+00 6.63583E+00
1.43358E+00 6.63546E+00
1.44644E+00 6.63504E+00
1.45923E+00 6.63465E+00
1.47190E+00 6.63426E+00
1.48443E+00 6.63385E+00
1.49679E+00 6.63350E+00
1.50895E+00 6.63308E+00
1.52087E+00 6.63271E+00
1.53254E+00 6.63234E+00
1.54393E+00 6.63196E+00
1.55501E+00 6.63164E+00
1.56575E+00 6.63125E+00
1.57615E+00 6.63092E+00
1.58617E+00 6.63059E+00
1.59579E+00 6.63025E+00
1.60500E+00 6.62997E+00
1.61378E+00 6.62969E+00
1.62211E+00 6.62941E+00
1.62998E+00 6.62912E+00
1.63736E+00 6.62891E+00
1.64426E+00 6.62862E+00
1.65064E+00 6.62840E+00
1.65651E+00 6.62825E+00
1.66186E+00 6.62803E+00
1.66666E+00 6.62788E+00
1.67093E+00 6.62773E+00
1.67463E+00 6.62758E+00
1.67778E+00 6.62750E+00
1.68036E+00 6.62743E+00
1.68238E+00 6.62735E+00
1.68382E+00 6.62728E+00
1.68468E+00 6.62728E+00
1.68497E+00 6.62728E+00
1.68468E+00 6.62728E+00
1.68382E+00 6.62728E+00
1.68238E+00 6.62735E+00
1.68036E+00 6.62743E+00
1.67778E+00 6.62750E+00
1.67463E+00 6.62758E+00
1.67093E+00 6.62773E+00
1.66666E+00 6.62788E+00
1.66186E+00 6.62803E+00
1.65652E+00 6.62825E+00
1.65064E+00 6.62840E+00
1.64426E+00 6.62862E+00
1.63736E+00 6.62891E+00
1.62998E+00 6.62912E+00
1.62211E+00 6.62941E+00
1.61378E+00 6.62969E+00
1.60500E+00 6.62997E+00
1.59579E+00 6.63024E+00
1.58617E+00 6.63059E+00
1.57615E+00 6.63092E+00
1.56575E+00 6.63125E+00
1.55501E+00 6.63164E+00
1.54393E+00 6.63196E+00
1.53254E+00 6.63234E+00
1.52087E+00 6.63271E+00
1.50895E+00 6.63308E+00
1.49679E+00 6.63350E+00
1.48443E+00 6.63385E+00
1.47190E+00 6.63426E+00
1.45923E+00 6.63465E+00
1.44645E+00 6.63504E+00
1.43358E+00 6.63546E+00
1.42068E+00 6.63583E+00
1.40776E+00 6.63623E+00
1.39486E+00 6.63662E+00
1.38203E+00 6.63700E+00
1.36930E+00 6.63737E+00
1.35671E+00 6.63777E+00
1.34429E+00 6.63811E+00
1.33209E+00 6.63847E+00
1.32014E+00 6.63882E+00
1.30849E+00 6.63912E+00
1.29718E+00 6.63943E+00
1.28624E+00 6.63977E+00
1.27572E+00 6.64005E+00
1.26565E+00 6.64032E+00
1.25608E+00 6.64059E+00
1.24705E+00 6.64082E+00
1.23858E+00 6.64106E+00
1.23072E+00 6.64125E+00
1.22349E+00 6.64145E+00
1.21694E+00 6.64162E+00
1.21108E+00 6.64178E+00
1.20595E+00 6.64191E+00
1.20156E+00 6.64203E+00
1.19795E+00 6.64212E+00
1.19512E+00 6.64219E+00
1.19309E+00 6.64225E+00
1.19186E+00 6.64228E+00
1.19146E+00 6.64229E+00
