Will plot unflagged data


File # 1  = raise.vis
raise.vis 0.4786 GHz
Read 121 visibilities from all files

Baseline 3-5, plot 121 points
1.19146E+00 -5.60593E-01
1.19186E+00 -5.70893E-01
1.19309E+00 -5.80783E-01
1.19512E+00 -5.90252E-01
1.19795E+00 -5.99286E-01
1.20156E+00 -6.07873E-01
1.20595E+00 -6.16003E-01
1.21108E+00 -6.23663E-01
1.21693E+00 -6.30841E-01
1.22349E+00 -6.37527E-01
1.23072E+00 -6.43710E-01
1.23858E+00 -6.50411E-01
1.24705E+00 -6.55555E-01
1.25608E+00 -6.61197E-01
1.26565E+00 -6.65261E-01
1.27572E+00 -6.69804E-01
1.28624E+00 -6.73784E-01
1.29718E+00 -6.76159E-01
1.30849E+00 -6.78986E-01
1.32014E+00 -6.82256E-01
1.33209E+00 -6.83898E-01
1.34429E+00 -6.84935E-01
1.35671E+00 -6.86394E-01
1.36930E+00 -6.86203E-01
1.38203E+00 -6.86422E-01
1.39486E+00 -6.86011E-01
1.40776E+00 -6.84966E-01
1.42067E+00 -6.83282E-01
1.43358E+00 -6.81987E-01
1.44644E+00 -6.79013E-01
1.45923E+00 -6.76419E-01
1.47190E+00 -6.73173E-01
1.48443E+00 -6.69269E-01
1.49679E+00 -6.65739E-01
1.50895E+00 -6.60518E-01
1.52087E+00 -6.55665E-01
1.53254E+00 -6.50151E-01
1.54393E+00 -6.43974E-01
1.55501E+00 -6.38163E-01
1.56575E+00 -6.30662E-01
1.57615E+00 -6.23528E-01
1.58617E+00 -6.15734E-01
1.59579E+00 -6.07281E-01
1.60500E+00 -5.99195E-01
1.61378E+00 -5.90450E-01
1.62211E+00 -5.81052E-01
1.62998E+00 -5.71002E-01
1.63736E+00 -5.61334E-01
1.64426E+00 -5.49996E-01
1.65064E+00 -5.39050E-01
1.65651E+00 -5.28502E-01
1.66186E+00 -5.16300E-01
1.66666E+00 -5.04509E-01
1.67093E+00 -4.92106E-01
1.67463E+00 -4.79098E-01
1.67778E+00 -4.66522E-01
1.68036E+00 -4.53358E-01
1.68238E+00 -4.39614E-01
1.68382E+00 -4.25297E-01
1.68468E+00 -4.11447E-01
1.68497E+00 -3.97045E-01
1.68468E+00 -3.82098E-01
1.68382E+00 -3.66619E-01
1.68238E+00 -3.51647E-01
1.68036E+00 -3.36163E-01
1.67778E+00 -3.20179E-01
1.67463E+00 -3.03706E-01
1.67093E+00 -2.87786E-01
1.66666E+00 -2.71402E-01
1.66186E+00 -2.54565E-01
1.65652E+00 -2.38318E-01
1.65064E+00 -2.20617E-01
1.64426E+00 -2.03532E-01
1.63736E+00 -1.87076E-01
1.62998E+00 -1.69206E-01
1.62211E+00 -1.51993E-01
1.61378E+00 -1.34424E-01
1.60500E+00 -1.16513E-01
1.59579E+00 -9.82746E-02
1.58617E+00 -8.07510E-02
1.57615E+00 -6.29360E-02
1.56575E+00 -4.48454E-02
1.55501E+00 -2.75226E-02
1.54393E+00 -8.92889E-03
1.53254E+00 8.86401E-03
1.52087E+00 2.68676E-02
1.50895E+00 4.50655E-02
1.49679E+00 6.24114E-02
1.48443E+00 8.09481E-02
1.47190E+00 9.85988E-02
1.45923E+00 1.16377E-01
1.44645E+00 1.34265E-01
1.43358E+00 1.51214E-01
1.42068E+00 1.69272E-01
1.40776E+00 1.86357E-01
1.39486E+00 2.03483E-01
1.38203E+00 2.20634E-01
1.36930E+00 2.37793E-01
1.35671E+00 2.53909E-01
1.34429E+00 2.71030E-01
1.33209E+00 2.87075E-01
1.32014E+00 3.03058E-01
1.30849E+00 3.19995E-01
1.29718E+00 3.35804E-01
1.28624E+00 3.50467E-01
1.27572E+00 3.66033E-01
1.26565E+00 3.81453E-01
1.25608E+00 3.95676E-01
1.24705E+00 4.10753E-01
1.23858E+00 4.24601E-01
1.23072E+00 4.39269E-01
1.22349E+00 4.52677E-01
1.21694E+00 4.65840E-01
1.21108E+00 4.78745E-01
1.20595E+00 4.91376E-01
1.20156E+00 5.03717E-01
1.19795E+00 5.15755E-01
1.19512E+00 5.27474E-01
1.19309E+00 5.38863E-01
1.19186E+00 5.49905E-01
1.19146E+00 5.60589E-01
