Will plot unflagged data


File # 1  = raise.vis
raise.vis 0.4786 GHz
Read 121 visibilities from all files

Baseline 3-5, plot 121 points
1.19146E+00 -8.63248E-02
1.19186E+00 -8.74398E-02
1.19309E+00 -8.95189E-02
1.19512E+00 -9.05082E-02
1.19795E+00 -9.24579E-02
1.20156E+00 -9.33135E-02
1.20595E+00 -9.51256E-02
1.21108E+00 -9.58394E-02
1.21693E+00 -9.75062E-02
1.22349E+00 -9.80707E-02
1.23072E+00 -9.95848E-02
1.23858E+00 -9.99927E-02
1.24705E+00 -1.01347E-01
1.25608E+00 -1.01592E-01
1.26565E+00 -1.02780E-01
1.27572E+00 -1.02856E-01
1.28624E+00 -1.03872E-01
1.29718E+00 -1.04800E-01
1.30849E+00 -1.04610E-01
1.32014E+00 -1.05358E-01
1.33209E+00 -1.04985E-01
1.34429E+00 -1.05548E-01
1.35671E+00 -1.06016E-01
1.36930E+00 -1.05360E-01
1.38203E+00 -1.05636E-01
1.39486E+00 -1.05816E-01
1.40776E+00 -1.05897E-01
1.42067E+00 -1.05880E-01
1.43358E+00 -1.04734E-01
1.44644E+00 -1.04518E-01
1.45923E+00 -1.04200E-01
1.47190E+00 -1.03782E-01
1.48443E+00 -1.03262E-01
1.49679E+00 -1.02641E-01
1.50895E+00 -1.01917E-01
1.52087E+00 -1.01091E-01
1.53254E+00 -1.00162E-01
1.54393E+00 -9.91314E-02
1.55501E+00 -9.79978E-02
1.56575E+00 -9.77920E-02
1.57615E+00 -9.64537E-02
1.58617E+00 -9.50134E-02
1.59579E+00 -9.34712E-02
1.60500E+00 -9.28579E-02
1.61378E+00 -9.11132E-02
1.62211E+00 -8.92680E-02
1.62998E+00 -8.83533E-02
1.63736E+00 -8.63088E-02
1.64426E+00 -8.51962E-02
1.65064E+00 -8.29551E-02
1.65651E+00 -8.16475E-02
1.66186E+00 -7.92133E-02
1.66666E+00 -7.77145E-02
1.67093E+00 -7.61215E-02
1.67463E+00 -7.44355E-02
1.67778E+00 -7.16269E-02
1.68036E+00 -6.97583E-02
1.68238E+00 -6.78003E-02
1.68382E+00 -6.57543E-02
1.68468E+00 -6.36216E-02
1.68497E+00 -6.14038E-02
1.68468E+00 -5.91023E-02
1.68382E+00 -5.67186E-02
1.68238E+00 -5.42546E-02
1.68036E+00 -5.17117E-02
1.67778E+00 -4.90918E-02
1.67463E+00 -4.74274E-02
1.67093E+00 -4.46589E-02
1.66666E+00 -4.18189E-02
1.66186E+00 -3.89094E-02
1.65652E+00 -3.69629E-02
1.65064E+00 -3.39204E-02
1.64426E+00 -3.18450E-02
1.63736E+00 -2.86777E-02
1.62998E+00 -2.64817E-02
1.62211E+00 -2.31984E-02
1.61378E+00 -2.08909E-02
1.60500E+00 -1.85310E-02
1.59579E+00 -1.50906E-02
1.58617E+00 -1.26328E-02
1.57615E+00 -1.01297E-02
1.56575E+00 -7.58362E-03
1.55501E+00 -3.96695E-03
1.54393E+00 -1.34244E-03
1.53254E+00 1.31757E-03
1.52087E+00 4.01052E-03
1.50895E+00 6.73394E-03
1.49679E+00 9.48521E-03
1.48443E+00 1.22618E-02
1.47190E+00 1.50610E-02
1.45923E+00 1.78802E-02
1.44645E+00 2.07168E-02
1.43358E+00 2.35682E-02
1.42068E+00 2.54024E-02
1.40776E+00 2.82753E-02
1.39486E+00 3.11551E-02
1.38203E+00 3.40389E-02
1.36930E+00 3.69241E-02
1.35671E+00 3.87791E-02
1.34429E+00 4.16592E-02
1.33209E+00 4.45326E-02
1.32014E+00 4.63682E-02
1.30849E+00 4.92203E-02
1.29718E+00 5.10296E-02
1.28624E+00 5.38500E-02
1.27572E+00 5.66504E-02
1.26565E+00 5.84004E-02
1.25608E+00 6.11532E-02
1.24705E+00 6.28508E-02
1.23858E+00 6.55457E-02
1.23072E+00 6.71804E-02
1.22349E+00 6.98072E-02
1.21694E+00 7.13691E-02
1.21108E+00 7.39177E-02
1.20595E+00 7.53970E-02
1.20156E+00 7.78576E-02
1.19795E+00 7.92445E-02
1.19512E+00 8.16077E-02
1.19309E+00 8.28927E-02
1.19186E+00 8.51492E-02
1.19146E+00 8.63234E-02
