Will plot unflagged data


File # 1  = raise.vis
raise.vis 0.4786 GHz
Read 121 visibilities from all files

Baseline 3-5, plot 121 points
1.19146E+00 8.63258E-02
1.19186E+00 8.63258E-02
1.19309E+00 8.63258E-02
1.19512E+00 8.63258E-02
1.19795E+00 8.63258E-02
1.20156E+00 8.63257E-02
1.20595E+00 8.63257E-02
1.21108E+00 8.63257E-02
1.21693E+00 8.63257E-02
1.22349E+00 8.63256E-02
1.23072E+00 8.63256E-02
1.23858E+00 8.63255E-02
1.24705E+00 8.63255E-02
1.25608E+00 8.63254E-02
1.26565E+00 8.63253E-02
1.27572E+00 8.63253E-02
1.28624E+00 8.63252E-02
1.29718E+00 8.63252E-02
1.30849E+00 8.63250E-02
1.32014E+00 8.63250E-02
1.33209E+00 8.63249E-02
1.34429E+00 8.63248E-02
1.35671E+00 8.63248E-02
1.36930E+00 8.63246E-02
1.38203E+00 8.63246E-02
1.39486E+00 8.63245E-02
1.40776E+00 8.63244E-02
1.42067E+00 8.63243E-02
1.43358E+00 8.63242E-02
1.44644E+00 8.63241E-02
1.45923E+00 8.63240E-02
1.47190E+00 8.63239E-02
1.48443E+00 8.63239E-02
1.49679E+00 8.63238E-02
1.50895E+00 8.63237E-02
1.52087E+00 8.63236E-02
1.53254E+00 8.63235E-02
1.54393E+00 8.63234E-02
1.55501E+00 8.63233E-02
1.56575E+00 8.63233E-02
1.57615E+00 8.63232E-02
1.58617E+00 8.63231E-02
1.59579E+00 8.63230E-02
1.60500E+00 8.63230E-02
1.61378E+00 8.63229E-02
1.62211E+00 8.63228E-02
1.62998E+00 8.63228E-02
1.63736E+00 8.63227E-02
1.64426E+00 8.63227E-02
1.65064E+00 8.63226E-02
1.65651E+00 8.63226E-02
1.66186E+00 8.63225E-02
1.66666E+00 8.63225E-02
1.67093E+00 8.63225E-02
1.67463E+00 8.63224E-02
1.67778E+00 8.63223E-02
1.68036E+00 8.63223E-02
1.68238E+00 8.63223E-02
1.68382E+00 8.63223E-02
1.68468E+00 8.63223E-02
1.68497E+00 8.63223E-02
1.68468E+00 8.63223E-02
1.68382E+00 8.63223E-02
1.68238E+00 8.63223E-02
1.68036E+00 8.63223E-02
1.67778E+00 8.63223E-02
1.67463E+00 8.63225E-02
1.67093E+00 8.63225E-02
1.66666E+00 8.63224E-02
1.66186E+00 8.63224E-02
1.65652E+00 8.63226E-02
1.65064E+00 8.63226E-02
1.64426E+00 8.63227E-02
1.63736E+00 8.63227E-02
1.62998E+00 8.63228E-02
1.62211E+00 8.63228E-02
1.61378E+00 8.63229E-02
1.60500E+00 8.63230E-02
1.59579E+00 8.63230E-02
1.58617E+00 8.63231E-02
1.57615E+00 8.63232E-02
1.56575E+00 8.63233E-02
1.55501E+00 8.63233E-02
1.54393E+00 8.63234E-02
1.53254E+00 8.63235E-02
1.52087E+00 8.63236E-02
1.50895E+00 8.63237E-02
1.49679E+00 8.63238E-02
1.48443E+00 8.63239E-02
1.47190E+00 8.63240E-02
1.45923E+00 8.63240E-02
1.44645E+00 8.63241E-02
1.43358E+00 8.63242E-02
1.42068E+00 8.63243E-02
1.40776E+00 8.63244E-02
1.39486E+00 8.63245E-02
1.38203E+00 8.63246E-02
1.36930E+00 8.63246E-02
1.35671E+00 8.63248E-02
1.34429E+00 8.63248E-02
1.33209E+00 8.63249E-02
1.32014E+00 8.63250E-02
1.30849E+00 8.63251E-02
1.29718E+00 8.63252E-02
1.28624E+00 8.63252E-02
1.27572E+00 8.63253E-02
1.26565E+00 8.63253E-02
1.25608E+00 8.63254E-02
1.24705E+00 8.63255E-02
1.23858E+00 8.63255E-02
1.23072E+00 8.63256E-02
1.22349E+00 8.63256E-02
1.21694E+00 8.63257E-02
1.21108E+00 8.63257E-02
1.20595E+00 8.63257E-02
1.20156E+00 8.63258E-02
1.19795E+00 8.63258E-02
1.19512E+00 8.63258E-02
1.19309E+00 8.63258E-02
1.19186E+00 8.63258E-02
1.19146E+00 8.63258E-02
