Will plot unflagged data


File # 1  = raise.vis
raise.vis 0.4786 GHz
Read 121 visibilities from all files

Baseline 1-4, plot 121 points
2.41745E+00 -3.04780E-01
2.41827E+00 -3.10830E-01
2.42076E+00 -3.15633E-01
2.42488E+00 -3.21236E-01
2.43062E+00 -3.25577E-01
2.43795E+00 -3.30704E-01
2.44685E+00 -3.34554E-01
2.45726E+00 -3.39178E-01
2.46914E+00 -3.43541E-01
2.48244E+00 -3.46606E-01
2.49710E+00 -3.50428E-01
2.51306E+00 -3.53969E-01
2.53024E+00 -3.56194E-01
2.54857E+00 -3.59159E-01
2.56799E+00 -3.61827E-01
2.58841E+00 -3.64193E-01
2.60976E+00 -3.66253E-01
2.63195E+00 -3.68000E-01
2.65491E+00 -3.69431E-01
2.67855E+00 -3.70541E-01
2.70279E+00 -3.71326E-01
2.72754E+00 -3.72815E-01
2.75274E+00 -3.72938E-01
2.77829E+00 -3.73757E-01
2.80412E+00 -3.73203E-01
2.83016E+00 -3.73340E-01
2.85632E+00 -3.72098E-01
2.88253E+00 -3.71540E-01
2.90872E+00 -3.70632E-01
2.93482E+00 -3.69370E-01
2.96075E+00 -3.67753E-01
2.98647E+00 -3.65780E-01
3.01189E+00 -3.64482E-01
3.03697E+00 -3.61791E-01
3.06163E+00 -3.59773E-01
3.08583E+00 -3.56361E-01
3.10951E+00 -3.53620E-01
3.13261E+00 -3.50518E-01
3.15509E+00 -3.47054E-01
3.17689E+00 -3.43228E-01
3.19798E+00 -3.39042E-01
3.21831E+00 -3.34495E-01
3.23784E+00 -3.30622E-01
3.25653E+00 -3.25357E-01
3.27434E+00 -3.20770E-01
3.29124E+00 -3.15827E-01
3.30720E+00 -3.10532E-01
3.32218E+00 -3.04886E-01
3.33617E+00 -2.98892E-01
3.34913E+00 -2.93585E-01
3.36104E+00 -2.86903E-01
3.37189E+00 -2.80914E-01
3.38164E+00 -2.74590E-01
3.39028E+00 -2.66900E-01
3.39781E+00 -2.60947E-01
3.40419E+00 -2.53637E-01
3.40943E+00 -2.46007E-01
3.41352E+00 -2.39094E-01
3.41644E+00 -2.30838E-01
3.41820E+00 -2.23308E-01
3.41879E+00 -2.15477E-01
3.41820E+00 -2.07352E-01
3.41644E+00 -1.98936E-01
3.41352E+00 -1.91269E-01
3.40943E+00 -1.82291E-01
3.40419E+00 -1.74074E-01
3.39781E+00 -1.65591E-01
3.39028E+00 -1.55817E-01
3.38164E+00 -1.47855E-01
3.37189E+00 -1.38616E-01
3.36104E+00 -1.29138E-01
3.34913E+00 -1.20461E-01
3.33617E+00 -1.10528E-01
3.32219E+00 -1.01411E-01
3.30720E+00 -9.20858E-02
3.29124E+00 -8.25593E-02
3.27434E+00 -7.28400E-02
3.25653E+00 -6.29358E-02
3.23784E+00 -5.38879E-02
3.21831E+00 -4.36386E-02
3.19798E+00 -3.42625E-02
3.17689E+00 -2.47349E-02
3.15509E+00 -1.50646E-02
3.13261E+00 -5.26036E-03
3.10951E+00 4.66907E-03
3.08583E+00 1.47146E-02
3.06163E+00 2.38344E-02
3.03697E+00 3.40853E-02
3.01189E+00 4.33923E-02
2.98647E+00 5.38120E-02
2.96076E+00 6.32694E-02
2.93482E+00 7.27880E-02
2.90872E+00 8.23586E-02
2.88253E+00 9.19717E-02
2.85632E+00 1.01618E-01
2.83016E+00 1.10255E-01
2.80413E+00 1.19940E-01
2.77829E+00 1.28596E-01
2.75274E+00 1.38281E-01
2.72755E+00 1.46919E-01
2.70279E+00 1.56567E-01
2.67855E+00 1.65149E-01
2.65491E+00 1.73689E-01
2.63196E+00 1.82178E-01
2.60976E+00 1.90606E-01
2.58842E+00 1.98965E-01
2.56799E+00 2.07244E-01
2.54858E+00 2.15436E-01
2.53024E+00 2.23530E-01
2.51306E+00 2.30487E-01
2.49710E+00 2.38361E-01
2.48245E+00 2.46110E-01
2.46914E+00 2.52697E-01
2.45726E+00 2.60173E-01
2.44685E+00 2.67500E-01
2.43795E+00 2.73640E-01
2.43062E+00 2.80643E-01
2.42488E+00 2.86443E-01
2.42076E+00 2.93090E-01
2.41827E+00 2.98520E-01
2.41745E+00 3.04778E-01
