Will plot unflagged data


File # 1  = raise.vis
raise.vis 0.4786 GHz
Read 121 visibilities from all files

Baseline 1-4, plot 121 points
2.41745E+00 1.91414E-01
2.41827E+00 1.91413E-01
2.42076E+00 1.91413E-01
2.42488E+00 1.91413E-01
2.43062E+00 1.91412E-01
2.43795E+00 1.91412E-01
2.44685E+00 1.91411E-01
2.45726E+00 1.91410E-01
2.46914E+00 1.91409E-01
2.48244E+00 1.91408E-01
2.49710E+00 1.91407E-01
2.51306E+00 1.91406E-01
2.53024E+00 1.91404E-01
2.54857E+00 1.91403E-01
2.56799E+00 1.91401E-01
2.58841E+00 1.91399E-01
2.60976E+00 1.91398E-01
2.63195E+00 1.91396E-01
2.65491E+00 1.91394E-01
2.67855E+00 1.91392E-01
2.70279E+00 1.91389E-01
2.72754E+00 1.91387E-01
2.75274E+00 1.91385E-01
2.77829E+00 1.91383E-01
2.80412E+00 1.91380E-01
2.83016E+00 1.91378E-01
2.85632E+00 1.91375E-01
2.88253E+00 1.91373E-01
2.90872E+00 1.91370E-01
2.93482E+00 1.91368E-01
2.96075E+00 1.91365E-01
2.98647E+00 1.91363E-01
3.01189E+00 1.91361E-01
3.03697E+00 1.91358E-01
3.06163E+00 1.91356E-01
3.08583E+00 1.91353E-01
3.10951E+00 1.91351E-01
3.13261E+00 1.91348E-01
3.15509E+00 1.91346E-01
3.17689E+00 1.91344E-01
3.19798E+00 1.91342E-01
3.21831E+00 1.91339E-01
3.23784E+00 1.91337E-01
3.25653E+00 1.91335E-01
3.27434E+00 1.91333E-01
3.29124E+00 1.91332E-01
3.30720E+00 1.91330E-01
3.32218E+00 1.91328E-01
3.33617E+00 1.91326E-01
3.34913E+00 1.91326E-01
3.36104E+00 1.91324E-01
3.37189E+00 1.91323E-01
3.38164E+00 1.91322E-01
3.39028E+00 1.91320E-01
3.39781E+00 1.91320E-01
3.40419E+00 1.91319E-01
3.40943E+00 1.91318E-01
3.41352E+00 1.91318E-01
3.41644E+00 1.91317E-01
3.41820E+00 1.91317E-01
3.41879E+00 1.91317E-01
3.41820E+00 1.91317E-01
3.41644E+00 1.91317E-01
3.41352E+00 1.91318E-01
3.40943E+00 1.91318E-01
3.40419E+00 1.91319E-01
3.39781E+00 1.91320E-01
3.39028E+00 1.91320E-01
3.38164E+00 1.91322E-01
3.37189E+00 1.91323E-01
3.36104E+00 1.91324E-01
3.34913E+00 1.91326E-01
3.33617E+00 1.91326E-01
3.32219E+00 1.91328E-01
3.30720E+00 1.91330E-01
3.29124E+00 1.91332E-01
3.27434E+00 1.91333E-01
3.25653E+00 1.91335E-01
3.23784E+00 1.91337E-01
3.21831E+00 1.91339E-01
3.19798E+00 1.91341E-01
3.17689E+00 1.91344E-01
3.15509E+00 1.91346E-01
3.13261E+00 1.91348E-01
3.10951E+00 1.91351E-01
3.08583E+00 1.91353E-01
3.06163E+00 1.91356E-01
3.03697E+00 1.91358E-01
3.01189E+00 1.91361E-01
2.98647E+00 1.91363E-01
2.96076E+00 1.91365E-01
2.93482E+00 1.91368E-01
2.90872E+00 1.91370E-01
2.88253E+00 1.91373E-01
2.85632E+00 1.91375E-01
2.83016E+00 1.91378E-01
2.80413E+00 1.91380E-01
2.77829E+00 1.91383E-01
2.75274E+00 1.91385E-01
2.72755E+00 1.91387E-01
2.70279E+00 1.91389E-01
2.67855E+00 1.91392E-01
2.65491E+00 1.91394E-01
2.63196E+00 1.91396E-01
2.60976E+00 1.91398E-01
2.58842E+00 1.91399E-01
2.56799E+00 1.91401E-01
2.54858E+00 1.91403E-01
2.53024E+00 1.91404E-01
2.51306E+00 1.91406E-01
2.49710E+00 1.91407E-01
2.48245E+00 1.91408E-01
2.46914E+00 1.91409E-01
2.45726E+00 1.91410E-01
2.44685E+00 1.91411E-01
2.43795E+00 1.91412E-01
2.43062E+00 1.91412E-01
2.42488E+00 1.91413E-01
2.42076E+00 1.91413E-01
2.41827E+00 1.91413E-01
2.41745E+00 1.91414E-01
