Will plot unflagged data


File # 1  = raise.vis
raise.vis 15.1356 GHz
Read 121 visibilities from all files

Baseline 4-5, plot 121 points
2.29339E+01 -6.20704E+00
2.29418E+01 -6.32037E+00
2.29653E+01 -6.42794E+00
2.30044E+01 -6.53224E+00
2.30589E+01 -6.63193E+00
2.31285E+01 -6.72640E+00
2.32128E+01 -6.81711E+00
2.33116E+01 -6.90288E+00
2.34244E+01 -6.98399E+00
2.35505E+01 -7.05984E+00
2.36896E+01 -7.13149E+00
2.38410E+01 -7.19806E+00
2.40039E+01 -7.25891E+00
2.41779E+01 -7.31633E+00
2.43621E+01 -7.36730E+00
2.45559E+01 -7.41417E+00
2.47584E+01 -7.45524E+00
2.49689E+01 -7.49175E+00
2.51867E+01 -7.52269E+00
2.54109E+01 -7.54941E+00
2.56409E+01 -7.56969E+00
2.58758E+01 -7.58600E+00
2.61148E+01 -7.59556E+00
2.63572E+01 -7.60176E+00
2.66023E+01 -7.60183E+00
2.68492E+01 -7.59577E+00
2.70974E+01 -7.58587E+00
2.73461E+01 -7.57026E+00
2.75945E+01 -7.54926E+00
2.78421E+01 -7.52404E+00
2.80882E+01 -7.49269E+00
2.83321E+01 -7.45647E+00
2.85733E+01 -7.41483E+00
2.88112E+01 -7.36879E+00
2.90452E+01 -7.31748E+00
2.92747E+01 -7.26100E+00
2.94994E+01 -7.19947E+00
2.97185E+01 -7.13342E+00
2.99318E+01 -7.06195E+00
3.01386E+01 -6.98518E+00
3.03387E+01 -6.90420E+00
3.05316E+01 -6.81915E+00
3.07168E+01 -6.72892E+00
3.08941E+01 -6.63430E+00
3.10631E+01 -6.53441E+00
3.12234E+01 -6.43037E+00
3.13748E+01 -6.32225E+00
3.15170E+01 -6.20909E+00
3.16497E+01 -6.09198E+00
3.17727E+01 -5.97100E+00
3.18857E+01 -5.84620E+00
3.19885E+01 -5.71646E+00
3.20810E+01 -5.58395E+00
3.21630E+01 -5.44671E+00
3.22344E+01 -5.30586E+00
3.22950E+01 -5.16150E+00
3.23447E+01 -5.01371E+00
3.23835E+01 -4.86260E+00
3.24112E+01 -4.70825E+00
3.24279E+01 -4.54974E+00
3.24335E+01 -4.38923E+00
3.24279E+01 -4.22478E+00
3.24112E+01 -4.05855E+00
3.23835E+01 -3.88860E+00
3.23447E+01 -3.71609E+00
3.22950E+01 -3.54114E+00
3.22344E+01 -3.36388E+00
3.21631E+01 -3.18443E+00
3.20810E+01 -3.00292E+00
3.19885E+01 -2.81845E+00
3.18857E+01 -2.63320E+00
3.17727E+01 -2.44522E+00
3.16497E+01 -2.25582E+00
3.15170E+01 -2.06519E+00
3.13748E+01 -1.87345E+00
3.12234E+01 -1.67972E+00
3.10631E+01 -1.48515E+00
3.08941E+01 -1.28991E+00
3.07168E+01 -1.09305E+00
3.05316E+01 -8.95666E-01
3.03387E+01 -6.97174E-01
3.01387E+01 -4.98847E-01
2.99318E+01 -3.00770E-01
2.97185E+01 -1.02018E-01
2.94994E+01 9.73315E-02
2.92748E+01 2.96199E-01
2.90452E+01 4.94945E-01
2.88112E+01 6.93496E-01
2.85733E+01 8.91795E-01
2.83321E+01 1.08880E+00
2.80882E+01 1.28537E+00
2.78421E+01 1.48080E+00
2.75945E+01 1.67619E+00
2.73461E+01 1.86947E+00
2.70974E+01 2.06166E+00
2.68493E+01 2.25296E+00
2.66023E+01 2.44136E+00
2.63572E+01 2.62899E+00
2.61148E+01 2.81574E+00
2.58758E+01 2.99873E+00
2.56409E+01 3.18120E+00
2.54110E+01 3.36028E+00
2.51867E+01 3.53832E+00
2.49689E+01 3.71300E+00
2.47584E+01 3.88557E+00
2.45559E+01 4.05492E+00
2.43621E+01 4.22222E+00
2.41779E+01 4.38568E+00
2.40040E+01 4.54756E+00
2.38410E+01 4.70478E+00
2.36896E+01 4.85957E+00
2.35505E+01 5.01122E+00
2.34244E+01 5.15879E+00
2.33116E+01 5.30331E+00
2.32128E+01 5.44411E+00
2.31285E+01 5.58146E+00
2.30589E+01 5.71412E+00
2.30044E+01 5.84355E+00
2.29653E+01 5.96911E+00
2.29418E+01 6.08944E+00
2.29339E+01 6.20702E+00
