Will plot unflagged data


File # 1  = raise.vis
raise.vis 15.1356 GHz
Read 121 visibilities from all files

Baseline 4-5, plot 121 points
2.29339E+01 2.51259E-01
2.29418E+01 2.51240E-01
2.29653E+01 2.51182E-01
2.30044E+01 2.51085E-01
2.30589E+01 2.50952E-01
2.31285E+01 2.50781E-01
2.32128E+01 2.50577E-01
2.33116E+01 2.50340E-01
2.34244E+01 2.50073E-01
2.35505E+01 2.49775E-01
2.36896E+01 2.49453E-01
2.38410E+01 2.49108E-01
2.40039E+01 2.48738E-01
2.41779E+01 2.48355E-01
2.43621E+01 2.47952E-01
2.45559E+01 2.47538E-01
2.47584E+01 2.47111E-01
2.49689E+01 2.46678E-01
2.51867E+01 2.46236E-01
2.54109E+01 2.45794E-01
2.56409E+01 2.45344E-01
2.58758E+01 2.44900E-01
2.61148E+01 2.44449E-01
2.63572E+01 2.44009E-01
2.66023E+01 2.43569E-01
2.68492E+01 2.43129E-01
2.70974E+01 2.42702E-01
2.73461E+01 2.42280E-01
2.75945E+01 2.41864E-01
2.78421E+01 2.41461E-01
2.80882E+01 2.41062E-01
2.83321E+01 2.40675E-01
2.85733E+01 2.40295E-01
2.88112E+01 2.39930E-01
2.90452E+01 2.39574E-01
2.92747E+01 2.39228E-01
2.94994E+01 2.38894E-01
2.97185E+01 2.38573E-01
2.99318E+01 2.38262E-01
3.01386E+01 2.37960E-01
3.03387E+01 2.37674E-01
3.05316E+01 2.37403E-01
3.07168E+01 2.37143E-01
3.08941E+01 2.36896E-01
3.10631E+01 2.36660E-01
3.12234E+01 2.36438E-01
3.13748E+01 2.36232E-01
3.15170E+01 2.36035E-01
3.16497E+01 2.35854E-01
3.17727E+01 2.35688E-01
3.18857E+01 2.35538E-01
3.19885E+01 2.35397E-01
3.20810E+01 2.35276E-01
3.21630E+01 2.35165E-01
3.22344E+01 2.35069E-01
3.22950E+01 2.34989E-01
3.23447E+01 2.34923E-01
3.23835E+01 2.34873E-01
3.24112E+01 2.34837E-01
3.24279E+01 2.34812E-01
3.24335E+01 2.34807E-01
3.24279E+01 2.34812E-01
3.24112E+01 2.34837E-01
3.23835E+01 2.34873E-01
3.23447E+01 2.34923E-01
3.22950E+01 2.34989E-01
3.22344E+01 2.35069E-01
3.21631E+01 2.35165E-01
3.20810E+01 2.35276E-01
3.19885E+01 2.35397E-01
3.18857E+01 2.35538E-01
3.17727E+01 2.35688E-01
3.16497E+01 2.35854E-01
3.15170E+01 2.36035E-01
3.13748E+01 2.36232E-01
3.12234E+01 2.36438E-01
3.10631E+01 2.36660E-01
3.08941E+01 2.36896E-01
3.07168E+01 2.37143E-01
3.05316E+01 2.37403E-01
3.03387E+01 2.37674E-01
3.01387E+01 2.37960E-01
2.99318E+01 2.38262E-01
2.97185E+01 2.38573E-01
2.94994E+01 2.38894E-01
2.92748E+01 2.39228E-01
2.90452E+01 2.39574E-01
2.88112E+01 2.39930E-01
2.85733E+01 2.40295E-01
2.83321E+01 2.40675E-01
2.80882E+01 2.41062E-01
2.78421E+01 2.41461E-01
2.75945E+01 2.41864E-01
2.73461E+01 2.42280E-01
2.70974E+01 2.42702E-01
2.68493E+01 2.43129E-01
2.66023E+01 2.43569E-01
2.63572E+01 2.44009E-01
2.61148E+01 2.44449E-01
2.58758E+01 2.44900E-01
2.56409E+01 2.45344E-01
2.54110E+01 2.45794E-01
2.51867E+01 2.46236E-01
2.49689E+01 2.46678E-01
2.47584E+01 2.47111E-01
2.45559E+01 2.47538E-01
2.43621E+01 2.47952E-01
2.41779E+01 2.48355E-01
2.40040E+01 2.48738E-01
2.38410E+01 2.49108E-01
2.36896E+01 2.49453E-01
2.35505E+01 2.49775E-01
2.34244E+01 2.50072E-01
2.33116E+01 2.50340E-01
2.32128E+01 2.50577E-01
2.31285E+01 2.50781E-01
2.30589E+01 2.50952E-01
2.30044E+01 2.51085E-01
2.29653E+01 2.51182E-01
2.29418E+01 2.51240E-01
2.29339E+01 2.51259E-01
