Will plot unflagged data


File # 1  = raise.vis
raise.vis 15.1356 GHz
Read 121 visibilities from all files

Baseline 1-4, plot 121 points
7.64464E+01 1.21363E-02
7.64726E+01 1.21349E-02
7.65510E+01 1.21309E-02
7.66813E+01 1.21242E-02
7.68629E+01 1.21150E-02
7.70948E+01 1.21032E-02
7.73761E+01 1.20892E-02
7.77054E+01 1.20728E-02
7.80812E+01 1.20544E-02
7.85018E+01 1.20340E-02
7.89653E+01 1.20118E-02
7.94698E+01 1.19881E-02
8.00131E+01 1.19628E-02
8.05930E+01 1.19364E-02
8.12070E+01 1.19090E-02
8.18528E+01 1.18807E-02
8.25279E+01 1.18517E-02
8.32297E+01 1.18223E-02
8.39556E+01 1.17925E-02
8.47031E+01 1.17626E-02
8.54697E+01 1.17324E-02
8.62525E+01 1.17024E-02
8.70493E+01 1.16726E-02
8.78573E+01 1.16430E-02
8.86742E+01 1.16139E-02
8.94975E+01 1.15850E-02
9.03247E+01 1.15568E-02
9.11535E+01 1.15291E-02
9.19817E+01 1.15020E-02
9.28070E+01 1.14756E-02
9.36273E+01 1.14498E-02
9.44404E+01 1.14248E-02
9.52444E+01 1.14006E-02
9.60374E+01 1.13769E-02
9.68173E+01 1.13543E-02
9.75825E+01 1.13324E-02
9.83312E+01 1.13111E-02
9.90617E+01 1.12907E-02
9.97726E+01 1.12712E-02
1.00462E+02 1.12525E-02
1.01129E+02 1.12345E-02
1.01772E+02 1.12176E-02
1.02389E+02 1.12013E-02
1.02980E+02 1.11860E-02
1.03544E+02 1.11714E-02
1.04078E+02 1.11577E-02
1.04583E+02 1.11450E-02
1.05057E+02 1.11330E-02
1.05499E+02 1.11218E-02
1.05909E+02 1.11116E-02
1.06286E+02 1.11023E-02
1.06628E+02 1.10937E-02
1.06937E+02 1.10862E-02
1.07210E+02 1.10794E-02
1.07448E+02 1.10737E-02
1.07650E+02 1.10687E-02
1.07816E+02 1.10648E-02
1.07945E+02 1.10616E-02
1.08037E+02 1.10594E-02
1.08093E+02 1.10580E-02
1.08112E+02 1.10576E-02
1.08093E+02 1.10580E-02
1.08037E+02 1.10594E-02
1.07945E+02 1.10616E-02
1.07816E+02 1.10648E-02
1.07650E+02 1.10687E-02
1.07448E+02 1.10737E-02
1.07210E+02 1.10794E-02
1.06937E+02 1.10862E-02
1.06628E+02 1.10937E-02
1.06286E+02 1.11023E-02
1.05909E+02 1.11116E-02
1.05499E+02 1.11218E-02
1.05057E+02 1.11330E-02
1.04583E+02 1.11450E-02
1.04078E+02 1.11577E-02
1.03544E+02 1.11714E-02
1.02980E+02 1.11860E-02
1.02389E+02 1.12013E-02
1.01772E+02 1.12176E-02
1.01129E+02 1.12345E-02
1.00462E+02 1.12525E-02
9.97726E+01 1.12712E-02
9.90618E+01 1.12907E-02
9.83312E+01 1.13111E-02
9.75826E+01 1.13324E-02
9.68174E+01 1.13543E-02
9.60374E+01 1.13769E-02
9.52445E+01 1.14006E-02
9.44405E+01 1.14248E-02
9.36273E+01 1.14498E-02
9.28071E+01 1.14756E-02
9.19818E+01 1.15020E-02
9.11536E+01 1.15291E-02
9.03247E+01 1.15568E-02
8.94975E+01 1.15850E-02
8.86743E+01 1.16139E-02
8.78574E+01 1.16430E-02
8.70493E+01 1.16726E-02
8.62526E+01 1.17024E-02
8.54697E+01 1.17324E-02
8.47032E+01 1.17626E-02
8.39557E+01 1.17925E-02
8.32297E+01 1.18223E-02
8.25279E+01 1.18517E-02
8.18529E+01 1.18807E-02
8.12071E+01 1.19090E-02
8.05930E+01 1.19364E-02
8.00132E+01 1.19628E-02
7.94699E+01 1.19881E-02
7.89654E+01 1.20117E-02
7.85018E+01 1.20340E-02
7.80812E+01 1.20544E-02
7.77054E+01 1.20728E-02
7.73761E+01 1.20892E-02
7.70948E+01 1.21032E-02
7.68629E+01 1.21150E-02
7.66813E+01 1.21242E-02
7.65510E+01 1.21309E-02
7.64726E+01 1.21349E-02
7.64464E+01 1.21363E-02
