Will plot unflagged data


File # 1  = raise.vis
raise.vis 15.1356 GHz
Read 121 visibilities from all files

Baseline 1-4, plot 121 points
7.64464E+01 -9.63800E+00
7.64726E+01 -9.81313E+00
7.65510E+01 -9.98145E+00
7.66813E+01 -1.01426E+01
7.68629E+01 -1.02976E+01
7.70948E+01 -1.04449E+01
7.73761E+01 -1.05856E+01
7.77054E+01 -1.07182E+01
7.80812E+01 -1.08447E+01
7.85018E+01 -1.09628E+01
7.89653E+01 -1.10734E+01
7.94698E+01 -1.11771E+01
8.00131E+01 -1.12719E+01
8.05930E+01 -1.13597E+01
8.12070E+01 -1.14400E+01
8.18528E+01 -1.15121E+01
8.25279E+01 -1.15762E+01
8.32297E+01 -1.16330E+01
8.39556E+01 -1.16814E+01
8.47031E+01 -1.17222E+01
8.54697E+01 -1.17544E+01
8.62525E+01 -1.17787E+01
8.70493E+01 -1.17951E+01
8.78573E+01 -1.18031E+01
8.86742E+01 -1.18037E+01
8.94975E+01 -1.17951E+01
9.03247E+01 -1.17792E+01
9.11535E+01 -1.17548E+01
9.19817E+01 -1.17228E+01
9.28070E+01 -1.16827E+01
9.36273E+01 -1.16342E+01
9.44404E+01 -1.15779E+01
9.52444E+01 -1.15142E+01
9.60374E+01 -1.14410E+01
9.68173E+01 -1.13620E+01
9.75825E+01 -1.12744E+01
9.83312E+01 -1.11784E+01
9.90617E+01 -1.10752E+01
9.97726E+01 -1.09649E+01
1.00462E+02 -1.08469E+01
1.01129E+02 -1.07206E+01
1.01772E+02 -1.05884E+01
1.02389E+02 -1.04478E+01
1.02980E+02 -1.03009E+01
1.03544E+02 -1.01457E+01
1.04078E+02 -9.98468E+00
1.04583E+02 -9.81681E+00
1.05057E+02 -9.64175E+00
1.05499E+02 -9.45970E+00
1.05909E+02 -9.27186E+00
1.06286E+02 -9.07735E+00
1.06628E+02 -8.87629E+00
1.06937E+02 -8.66985E+00
1.07210E+02 -8.45710E+00
1.07448E+02 -8.23902E+00
1.07650E+02 -8.01474E+00
1.07816E+02 -7.78548E+00
1.07945E+02 -7.55036E+00
1.08037E+02 -7.31056E+00
1.08093E+02 -7.06522E+00
1.08112E+02 -6.81553E+00
1.08093E+02 -6.56064E+00
1.08037E+02 -6.30174E+00
1.07945E+02 -6.03798E+00
1.07816E+02 -5.77060E+00
1.07650E+02 -5.49872E+00
1.07448E+02 -5.22359E+00
1.07210E+02 -4.94433E+00
1.06937E+02 -4.66216E+00
1.06628E+02 -4.37640E+00
1.06286E+02 -4.08836E+00
1.05909E+02 -3.79719E+00
1.05499E+02 -3.50309E+00
1.05057E+02 -3.20730E+00
1.04583E+02 -2.90892E+00
1.04078E+02 -2.60809E+00
1.03544E+02 -2.30550E+00
1.02980E+02 -2.00236E+00
1.02389E+02 -1.69673E+00
1.01772E+02 -1.39073E+00
1.01129E+02 -1.08262E+00
1.00462E+02 -7.75225E-01
9.97726E+01 -4.66439E-01
9.90618E+01 -1.57196E-01
9.83312E+01 1.51775E-01
9.75826E+01 4.60021E-01
9.68174E+01 7.68750E-01
9.60374E+01 1.07774E+00
9.52445E+01 1.38394E+00
9.44405E+01 1.69079E+00
9.36273E+01 1.99598E+00
9.28071E+01 2.29957E+00
9.19818E+01 2.60208E+00
9.11536E+01 2.90271E+00
9.03247E+01 3.20106E+00
8.94975E+01 3.49758E+00
8.86743E+01 3.79092E+00
8.78574E+01 4.08269E+00
8.70493E+01 4.37110E+00
8.62526E+01 4.65681E+00
8.54697E+01 4.93912E+00
8.47032E+01 5.21780E+00
8.39557E+01 5.49363E+00
8.32297E+01 5.76520E+00
8.25279E+01 6.03325E+00
8.18529E+01 6.29659E+00
8.12071E+01 6.55566E+00
8.05930E+01 6.81065E+00
8.00132E+01 7.06060E+00
7.94699E+01 7.30504E+00
7.89654E+01 7.54578E+00
7.85018E+01 7.78058E+00
7.80812E+01 8.01000E+00
7.77054E+01 8.23503E+00
7.73761E+01 8.45306E+00
7.70948E+01 8.66617E+00
7.68629E+01 8.87279E+00
7.66813E+01 9.07394E+00
7.65510E+01 9.26811E+00
7.64726E+01 9.45624E+00
7.64464E+01 9.63797E+00
