Will plot unflagged data


File # 1  = raise.vis
raise.vis 15.1356 GHz
Read 121 visibilities from all files

Baseline 3-4, plot 121 points
1.47432E+01 3.38258E-02
1.47483E+01 3.38256E-02
1.47634E+01 3.38250E-02
1.47885E+01 3.38241E-02
1.48236E+01 3.38228E-02
1.48683E+01 3.38210E-02
1.49225E+01 3.38190E-02
1.49860E+01 3.38165E-02
1.50585E+01 3.38138E-02
1.51396E+01 3.38107E-02
1.52290E+01 3.38073E-02
1.53263E+01 3.38034E-02
1.54311E+01 3.37994E-02
1.55429E+01 3.37951E-02
1.56614E+01 3.37904E-02
1.57859E+01 3.37855E-02
1.59161E+01 3.37803E-02
1.60514E+01 3.37749E-02
1.61914E+01 3.37693E-02
1.63356E+01 3.37633E-02
1.64834E+01 3.37574E-02
1.66344E+01 3.37511E-02
1.67881E+01 3.37449E-02
1.69439E+01 3.37384E-02
1.71015E+01 3.37317E-02
1.72602E+01 3.37250E-02
1.74198E+01 3.37183E-02
1.75796E+01 3.37115E-02
1.77393E+01 3.37047E-02
1.78985E+01 3.36978E-02
1.80567E+01 3.36909E-02
1.82135E+01 3.36839E-02
1.83686E+01 3.36771E-02
1.85215E+01 3.36704E-02
1.86719E+01 3.36636E-02
1.88195E+01 3.36570E-02
1.89639E+01 3.36503E-02
1.91048E+01 3.36442E-02
1.92418E+01 3.36380E-02
1.93748E+01 3.36317E-02
1.95035E+01 3.36260E-02
1.96274E+01 3.36203E-02
1.97465E+01 3.36148E-02
1.98605E+01 3.36096E-02
1.99691E+01 3.36044E-02
2.00722E+01 3.35995E-02
2.01695E+01 3.35950E-02
2.02609E+01 3.35907E-02
2.03462E+01 3.35869E-02
2.04253E+01 3.35830E-02
2.04979E+01 3.35795E-02
2.05640E+01 3.35763E-02
2.06235E+01 3.35735E-02
2.06762E+01 3.35711E-02
2.07221E+01 3.35688E-02
2.07611E+01 3.35671E-02
2.07930E+01 3.35655E-02
2.08180E+01 3.35643E-02
2.08358E+01 3.35635E-02
2.08465E+01 3.35627E-02
2.08501E+01 3.35627E-02
2.08465E+01 3.35627E-02
2.08358E+01 3.35635E-02
2.08180E+01 3.35643E-02
2.07930E+01 3.35655E-02
2.07611E+01 3.35671E-02
2.07221E+01 3.35688E-02
2.06762E+01 3.35711E-02
2.06235E+01 3.35735E-02
2.05641E+01 3.35763E-02
2.04979E+01 3.35795E-02
2.04253E+01 3.35830E-02
2.03462E+01 3.35869E-02
2.02609E+01 3.35907E-02
2.01695E+01 3.35950E-02
2.00722E+01 3.35995E-02
1.99691E+01 3.36044E-02
1.98605E+01 3.36096E-02
1.97465E+01 3.36148E-02
1.96274E+01 3.36203E-02
1.95035E+01 3.36260E-02
1.93748E+01 3.36317E-02
1.92419E+01 3.36380E-02
1.91048E+01 3.36442E-02
1.89639E+01 3.36503E-02
1.88195E+01 3.36570E-02
1.86719E+01 3.36636E-02
1.85215E+01 3.36704E-02
1.83686E+01 3.36771E-02
1.82135E+01 3.36839E-02
1.80567E+01 3.36909E-02
1.78985E+01 3.36978E-02
1.77393E+01 3.37047E-02
1.75796E+01 3.37115E-02
1.74198E+01 3.37183E-02
1.72602E+01 3.37250E-02
1.71015E+01 3.37317E-02
1.69439E+01 3.37384E-02
1.67881E+01 3.37449E-02
1.66344E+01 3.37511E-02
1.64834E+01 3.37574E-02
1.63356E+01 3.37633E-02
1.61915E+01 3.37693E-02
1.60514E+01 3.37749E-02
1.59161E+01 3.37803E-02
1.57859E+01 3.37855E-02
1.56614E+01 3.37904E-02
1.55429E+01 3.37951E-02
1.54311E+01 3.37994E-02
1.53263E+01 3.38034E-02
1.52290E+01 3.38073E-02
1.51396E+01 3.38107E-02
1.50585E+01 3.38138E-02
1.49860E+01 3.38165E-02
1.49225E+01 3.38190E-02
1.48683E+01 3.38210E-02
1.48236E+01 3.38228E-02
1.47885E+01 3.38241E-02
1.47634E+01 3.38250E-02
1.47483E+01 3.38256E-02
1.47432E+01 3.38258E-02
