Will plot unflagged data


File # 1  = raise.vis
raise.vis 15.1356 GHz
Read 121 visibilities from all files

Baseline 3-4, plot 121 points
1.47432E+01 -1.80496E+00
1.47483E+01 -1.83829E+00
1.47634E+01 -1.86922E+00
1.47885E+01 -1.89980E+00
1.48236E+01 -1.92898E+00
1.48683E+01 -1.95570E+00
1.49225E+01 -1.98200E+00
1.49860E+01 -2.00680E+00
1.50585E+01 -2.03113E+00
1.51396E+01 -2.05288E+00
1.52290E+01 -2.07412E+00
1.53263E+01 -2.09276E+00
1.54311E+01 -2.11069E+00
1.55429E+01 -2.12786E+00
1.56614E+01 -2.14221E+00
1.57859E+01 -2.15579E+00
1.59161E+01 -2.16755E+00
1.60514E+01 -2.17850E+00
1.61914E+01 -2.18758E+00
1.63356E+01 -2.19478E+00
1.64834E+01 -2.20112E+00
1.66344E+01 -2.20554E+00
1.67881E+01 -2.20909E+00
1.69439E+01 -2.21069E+00
1.71015E+01 -2.21022E+00
1.72602E+01 -2.20869E+00
1.74198E+01 -2.20612E+00
1.75796E+01 -2.20147E+00
1.77393E+01 -2.19577E+00
1.78985E+01 -2.18797E+00
1.80567E+01 -2.17911E+00
1.82135E+01 -2.16814E+00
1.83686E+01 -2.15609E+00
1.85215E+01 -2.14295E+00
1.86719E+01 -2.12769E+00
1.88195E+01 -2.11135E+00
1.89639E+01 -2.09290E+00
1.91048E+01 -2.07439E+00
1.92418E+01 -2.05376E+00
1.93748E+01 -2.03095E+00
1.95035E+01 -2.00804E+00
1.96274E+01 -1.98297E+00
1.97465E+01 -1.95680E+00
1.98605E+01 -1.92953E+00
1.99691E+01 -1.90014E+00
2.00722E+01 -1.86968E+00
2.01695E+01 -1.83816E+00
2.02609E+01 -1.80560E+00
2.03462E+01 -1.77200E+00
2.04253E+01 -1.73636E+00
2.04979E+01 -1.69973E+00
2.05640E+01 -1.66211E+00
2.06235E+01 -1.62354E+00
2.06762E+01 -1.58404E+00
2.07221E+01 -1.54259E+00
2.07611E+01 -1.50128E+00
2.07930E+01 -1.45808E+00
2.08180E+01 -1.41404E+00
2.08358E+01 -1.36920E+00
2.08465E+01 -1.32254E+00
2.08501E+01 -1.27617E+00
2.08465E+01 -1.22804E+00
2.08358E+01 -1.18027E+00
2.08180E+01 -1.13081E+00
2.07930E+01 -1.08074E+00
2.07611E+01 -1.03010E+00
2.07221E+01 -9.77874E-01
2.06762E+01 -9.26185E-01
2.06235E+01 -8.73002E-01
2.05641E+01 -8.19398E-01
2.04979E+01 -7.65414E-01
2.04253E+01 -7.11094E-01
2.03462E+01 -6.56480E-01
2.02609E+01 -6.00585E-01
2.01695E+01 -5.44486E-01
2.00722E+01 -4.88228E-01
1.99691E+01 -4.31858E-01
1.98605E+01 -3.75422E-01
1.97465E+01 -3.17933E-01
1.96274E+01 -2.60471E-01
1.95035E+01 -2.03081E-01
1.93748E+01 -1.44777E-01
1.92419E+01 -8.76611E-02
1.91048E+01 -2.97179E-02
1.89639E+01 2.89543E-02
1.88195E+01 8.62236E-02
1.86719E+01 1.44099E-01
1.85215E+01 2.01502E-01
1.83686E+01 2.59417E-01
1.82135E+01 3.16760E-01
1.80567E+01 3.73482E-01
1.78985E+01 4.30562E-01
1.77393E+01 4.86917E-01
1.75796E+01 5.43526E-01
1.74198E+01 5.99307E-01
1.72602E+01 6.55245E-01
1.71015E+01 7.10263E-01
1.69439E+01 7.64329E-01
1.67881E+01 8.18432E-01
1.66344E+01 8.72411E-01
1.64834E+01 9.25159E-01
1.63356E+01 9.77671E-01
1.61915E+01 1.02887E+00
1.60514E+01 1.07975E+00
1.59161E+01 1.13027E+00
1.57859E+01 1.17933E+00
1.56614E+01 1.22793E+00
1.55429E+01 1.27499E+00
1.54311E+01 1.32254E+00
1.53263E+01 1.36850E+00
1.52290E+01 1.41279E+00
1.51396E+01 1.45729E+00
1.50585E+01 1.49990E+00
1.49860E+01 1.54266E+00
1.49225E+01 1.58347E+00
1.48683E+01 1.62333E+00
1.48236E+01 1.66116E+00
1.47885E+01 1.69899E+00
1.47634E+01 1.73575E+00
1.47483E+01 1.77039E+00
1.47432E+01 1.80495E+00
