Will plot unflagged data


File # 1  = raise.vis
raise.vis 0.4786 GHz
Read 121 visibilities from all files

Baseline 3-4, plot 121 points
4.66222E-01 -5.70784E-02
4.66382E-01 -5.81464E-02
4.66860E-01 -5.91736E-02
4.67655E-01 -6.01588E-02
4.68762E-01 -6.11005E-02
4.70177E-01 -6.19974E-02
4.71892E-01 -6.28481E-02
4.73900E-01 -6.36514E-02
4.76192E-01 -6.44061E-02
4.78757E-01 -6.51109E-02
4.81584E-01 -6.57647E-02
4.84661E-01 -6.63662E-02
4.87974E-01 -6.69143E-02
4.91511E-01 -6.74081E-02
4.95256E-01 -6.78464E-02
4.99194E-01 -6.82283E-02
5.03311E-01 -6.85527E-02
5.07591E-01 -6.88188E-02
5.12018E-01 -6.90257E-02
5.16577E-01 -6.91725E-02
5.21252E-01 -6.92584E-02
5.26026E-01 -7.03105E-02
5.30886E-01 -7.02726E-02
5.35814E-01 -7.01715E-02
5.40795E-01 -7.00069E-02
5.45816E-01 -6.97779E-02
5.50861E-01 -6.94842E-02
5.55916E-01 -7.01534E-02
5.60967E-01 -6.97287E-02
5.66000E-01 -6.92378E-02
5.71003E-01 -6.86803E-02
5.75962E-01 -6.90846E-02
5.80865E-01 -6.83932E-02
5.85701E-01 -6.76344E-02
5.90458E-01 -6.78369E-02
5.95124E-01 -6.69429E-02
5.99690E-01 -6.59812E-02
6.04146E-01 -6.59806E-02
6.08481E-01 -6.48833E-02
6.12686E-01 -6.47472E-02
6.16753E-01 -6.35146E-02
6.20674E-01 -6.32434E-02
6.24440E-01 -6.18758E-02
6.28044E-01 -6.14703E-02
6.31479E-01 -5.99689E-02
6.34739E-01 -5.94302E-02
6.37817E-01 -5.77961E-02
6.40707E-01 -5.71257E-02
6.43404E-01 -5.63900E-02
6.45904E-01 -5.45603E-02
6.48201E-01 -5.36957E-02
6.50292E-01 -5.27677E-02
6.52173E-01 -5.17766E-02
6.53840E-01 -5.07233E-02
6.55291E-01 -4.85792E-02
6.56523E-01 -4.74036E-02
6.57534E-01 -4.61681E-02
6.58322E-01 -4.48735E-02
6.58886E-01 -4.35207E-02
6.59224E-01 -4.21105E-02
6.59337E-01 -4.06441E-02
6.59224E-01 -3.91223E-02
6.58886E-01 -3.75462E-02
6.58322E-01 -3.59170E-02
6.57534E-01 -3.42356E-02
6.56523E-01 -3.25034E-02
6.55291E-01 -3.07213E-02
6.53840E-01 -2.99202E-02
6.52173E-01 -2.80424E-02
6.50292E-01 -2.61186E-02
6.48201E-01 -2.41502E-02
6.45904E-01 -2.21384E-02
6.43405E-01 -2.11141E-02
6.40707E-01 -1.90198E-02
6.37817E-01 -1.68865E-02
6.34739E-01 -1.57448E-02
6.31480E-01 -1.35378E-02
6.28044E-01 -1.23252E-02
6.24440E-01 -1.00504E-02
6.20674E-01 -8.77317E-03
6.16754E-01 -6.43689E-03
6.12686E-01 -5.10122E-03
6.08481E-01 -2.70986E-03
6.04146E-01 -1.32233E-03
5.99691E-01 1.11755E-03
5.95124E-01 2.55041E-03
5.90458E-01 4.00342E-03
5.85701E-01 6.50350E-03
5.80866E-01 7.99160E-03
5.75962E-01 9.49477E-03
5.71003E-01 1.20397E-02
5.66000E-01 1.35675E-02
5.60967E-01 1.51052E-02
5.55916E-01 1.66509E-02
5.50861E-01 1.92311E-02
5.45816E-01 2.07875E-02
5.40796E-01 2.23467E-02
5.35814E-01 2.39068E-02
5.30886E-01 2.54661E-02
5.26027E-01 2.70228E-02
5.21252E-01 2.96029E-02
5.16577E-01 3.11491E-02
5.12019E-01 3.26874E-02
5.07591E-01 3.42161E-02
5.03311E-01 3.57333E-02
4.99194E-01 3.72375E-02
4.95256E-01 3.87267E-02
4.91511E-01 4.01994E-02
4.87975E-01 4.16538E-02
4.84661E-01 4.30882E-02
4.81584E-01 4.45009E-02
4.78757E-01 4.58903E-02
4.76192E-01 4.72546E-02
4.73900E-01 4.85923E-02
4.71892E-01 4.99018E-02
4.70177E-01 5.11813E-02
4.68762E-01 5.24295E-02
4.67655E-01 5.36446E-02
4.66860E-01 5.48253E-02
4.66382E-01 5.59698E-02
4.66222E-01 5.70769E-02
