Will plot unflagged data


File # 1  = raise.vis
raise.vis 0.4786 GHz
Read 121 visibilities from all files

Baseline 3-4, plot 121 points
4.66222E-01 7.50683E-01
4.66382E-01 7.54838E-01
4.66860E-01 7.58993E-01
4.67655E-01 7.63148E-01
4.68762E-01 7.67304E-01
4.70177E-01 7.71459E-01
4.71892E-01 7.75614E-01
4.73900E-01 7.79770E-01
4.76192E-01 7.83925E-01
4.78757E-01 7.88080E-01
4.81584E-01 7.92235E-01
4.84661E-01 7.96391E-01
4.87974E-01 8.00546E-01
4.91511E-01 8.04701E-01
4.95256E-01 8.08857E-01
4.99194E-01 8.13012E-01
5.03311E-01 8.17167E-01
5.07591E-01 8.21322E-01
5.12018E-01 8.25478E-01
5.16577E-01 8.29633E-01
5.21252E-01 8.33788E-01
5.26026E-01 8.37944E-01
5.30886E-01 8.42099E-01
5.35814E-01 8.46254E-01
5.40795E-01 8.50409E-01
5.45816E-01 8.54565E-01
5.50861E-01 8.58720E-01
5.55916E-01 8.62875E-01
5.60967E-01 8.67031E-01
5.66000E-01 8.71186E-01
5.71003E-01 8.75341E-01
5.75962E-01 8.79496E-01
5.80865E-01 8.83652E-01
5.85701E-01 8.87807E-01
5.90458E-01 8.91962E-01
5.95124E-01 8.96118E-01
5.99690E-01 9.00273E-01
6.04146E-01 9.04428E-01
6.08481E-01 9.08583E-01
6.12686E-01 9.12739E-01
6.16753E-01 9.16894E-01
6.20674E-01 9.21049E-01
6.24440E-01 9.25205E-01
6.28044E-01 9.29360E-01
6.31479E-01 9.33515E-01
6.34739E-01 9.37670E-01
6.37817E-01 9.41826E-01
6.40707E-01 9.45981E-01
6.43404E-01 9.50136E-01
6.45904E-01 9.54292E-01
6.48201E-01 9.58447E-01
6.50292E-01 9.62602E-01
6.52173E-01 9.66758E-01
6.53840E-01 9.70913E-01
6.55291E-01 9.75068E-01
6.56523E-01 9.79223E-01
6.57534E-01 9.83379E-01
6.58322E-01 9.87534E-01
6.58886E-01 9.91689E-01
6.59224E-01 9.95845E-01
6.59337E-01 1.00000E+00
6.59224E-01 1.00416E+00
6.58886E-01 1.00831E+00
6.58322E-01 1.01247E+00
6.57534E-01 1.01662E+00
6.56523E-01 1.02078E+00
6.55291E-01 1.02493E+00
6.53840E-01 1.02909E+00
6.52173E-01 1.03324E+00
6.50292E-01 1.03740E+00
6.48201E-01 1.04155E+00
6.45904E-01 1.04571E+00
6.43405E-01 1.04986E+00
6.40707E-01 1.05402E+00
6.37817E-01 1.05817E+00
6.34739E-01 1.06233E+00
6.31480E-01 1.06648E+00
6.28044E-01 1.07064E+00
6.24440E-01 1.07480E+00
6.20674E-01 1.07895E+00
6.16754E-01 1.08311E+00
6.12686E-01 1.08726E+00
6.08481E-01 1.09142E+00
6.04146E-01 1.09557E+00
5.99691E-01 1.09973E+00
5.95124E-01 1.10388E+00
5.90458E-01 1.10804E+00
5.85701E-01 1.11219E+00
5.80866E-01 1.11635E+00
5.75962E-01 1.12050E+00
5.71003E-01 1.12466E+00
5.66000E-01 1.12881E+00
5.60967E-01 1.13297E+00
5.55916E-01 1.13712E+00
5.50861E-01 1.14128E+00
5.45816E-01 1.14543E+00
5.40796E-01 1.14959E+00
5.35814E-01 1.15375E+00
5.30886E-01 1.15790E+00
5.26027E-01 1.16206E+00
5.21252E-01 1.16621E+00
5.16577E-01 1.17037E+00
5.12019E-01 1.17452E+00
5.07591E-01 1.17868E+00
5.03311E-01 1.18283E+00
4.99194E-01 1.18699E+00
4.95256E-01 1.19114E+00
4.91511E-01 1.19530E+00
4.87975E-01 1.19945E+00
4.84661E-01 1.20361E+00
4.81584E-01 1.20776E+00
4.78757E-01 1.21192E+00
4.76192E-01 1.21607E+00
4.73900E-01 1.22023E+00
4.71892E-01 1.22439E+00
4.70177E-01 1.22854E+00
4.68762E-01 1.23270E+00
4.67655E-01 1.23685E+00
4.66860E-01 1.24101E+00
4.66382E-01 1.24516E+00
4.66222E-01 1.24932E+00
