Will plot unflagged data


File # 1  = raise.vis
raise.vis 4.7863 GHz
Read 121 visibilities from all files

Baseline 1-4, plot 121 points
2.41745E+01 -2.95959E+00
2.41827E+01 -3.01365E+00
2.42076E+01 -3.06542E+00
2.42488E+01 -3.11496E+00
2.43062E+01 -3.16223E+00
2.43795E+01 -3.20723E+00
2.44685E+01 -3.24996E+00
2.45726E+01 -3.29143E+00
2.46914E+01 -3.33020E+00
2.48244E+01 -3.36629E+00
2.49710E+01 -3.40074E+00
2.51306E+01 -3.43147E+00
2.53024E+01 -3.46156E+00
2.54857E+01 -3.48796E+00
2.56799E+01 -3.51359E+00
2.58841E+01 -3.53509E+00
2.60976E+01 -3.55458E+00
2.63195E+01 -3.57207E+00
2.65491E+01 -3.58651E+00
2.67855E+01 -3.59892E+00
2.70279E+01 -3.60935E+00
2.72754E+01 -3.61665E+00
2.75274E+01 -3.62159E+00
2.77829E+01 -3.62423E+00
2.80412E+01 -3.62458E+00
2.83016E+01 -3.62160E+00
2.85632E+01 -3.61736E+00
2.88253E+01 -3.60979E+00
2.90872E+01 -3.59995E+00
2.93482E+01 -3.58777E+00
2.96075E+01 -3.57304E+00
2.98647E+01 -3.55582E+00
3.01189E+01 -3.53612E+00
3.03697E+01 -3.51293E+00
3.06163E+01 -3.48831E+00
3.08583E+01 -3.46226E+00
3.10951E+01 -3.43273E+00
3.13261E+01 -3.40077E+00
3.15509E+01 -3.36742E+00
3.17689E+01 -3.33059E+00
3.19798E+01 -3.29223E+00
3.21831E+01 -3.25137E+00
3.23784E+01 -3.20802E+00
3.25653E+01 -3.16324E+00
3.27434E+01 -3.11603E+00
3.29124E+01 -3.06640E+00
3.30720E+01 -3.01438E+00
3.32218E+01 -2.96102E+00
3.33617E+01 -2.90429E+00
3.34913E+01 -2.84730E+00
3.36104E+01 -2.78699E+00
3.37189E+01 -2.72546E+00
3.38164E+01 -2.66170E+00
3.39028E+01 -2.59678E+00
3.39781E+01 -2.52971E+00
3.40419E+01 -2.46052E+00
3.40943E+01 -2.39028E+00
3.41352E+01 -2.31801E+00
3.41644E+01 -2.24478E+00
3.41820E+01 -2.16961E+00
3.41879E+01 -2.09254E+00
3.41820E+01 -2.01466E+00
3.41644E+01 -1.93500E+00
3.41352E+01 -1.85360E+00
3.40943E+01 -1.77156E+00
3.40419E+01 -1.68791E+00
3.39781E+01 -1.60375E+00
3.39028E+01 -1.51810E+00
3.38164E+01 -1.43104E+00
3.37189E+01 -1.34366E+00
3.36105E+01 -1.25500E+00
3.34913E+01 -1.16616E+00
3.33617E+01 -1.07516E+00
3.32219E+01 -9.85163E-01
3.30720E+01 -8.93139E-01
3.29124E+01 -8.01232E-01
3.27434E+01 -7.08484E-01
3.25653E+01 -6.14971E-01
3.23784E+01 -5.20769E-01
3.21831E+01 -4.26982E-01
3.19798E+01 -3.32649E-01
3.17689E+01 -2.37832E-01
3.15509E+01 -1.43612E-01
3.13261E+01 -4.81109E-02
3.10951E+01 4.64737E-02
3.08583E+01 1.41105E-01
3.06163E+01 2.36748E-01
3.03697E+01 3.31265E-01
3.01190E+01 4.24576E-01
2.98647E+01 5.18670E-01
2.96076E+01 6.12445E-01
2.93482E+01 7.05848E-01
2.90872E+01 7.98848E-01
2.88253E+01 8.91186E-01
2.85632E+01 9.82703E-01
2.83016E+01 1.07439E+00
2.80413E+01 1.16413E+00
2.77829E+01 1.25391E+00
2.75274E+01 1.34264E+00
2.72755E+01 1.43027E+00
2.70279E+01 1.51680E+00
2.67855E+01 1.60295E+00
2.65491E+01 1.68751E+00
2.63196E+01 1.77049E+00
2.60976E+01 1.85285E+00
2.58842E+01 1.93351E+00
2.56799E+01 2.01244E+00
2.54858E+01 2.09170E+00
2.53024E+01 2.16791E+00
2.51306E+01 2.24395E+00
2.49710E+01 2.31674E+00
2.48245E+01 2.38933E+00
2.46914E+01 2.45962E+00
2.45726E+01 2.52862E+00
2.44685E+01 2.59633E+00
2.43795E+01 2.66130E+00
2.43062E+01 2.72451E+00
2.42488E+01 2.78597E+00
2.42076E+01 2.84564E+00
2.41828E+01 2.90350E+00
2.41745E+01 2.95958E+00
