Will plot unflagged data


File # 1  = raise.vis
raise.vis 4.7863 GHz
Read 121 visibilities from all files

Baseline 1-4, plot 121 points
2.41745E+01 7.82652E-02
2.41827E+01 7.82634E-02
2.42076E+01 7.82584E-02
2.42488E+01 7.82498E-02
2.43062E+01 7.82378E-02
2.43795E+01 7.82223E-02
2.44685E+01 7.82035E-02
2.45726E+01 7.81820E-02
2.46914E+01 7.81573E-02
2.48244E+01 7.81295E-02
2.49710E+01 7.80992E-02
2.51306E+01 7.80653E-02
2.53024E+01 7.80300E-02
2.54857E+01 7.79914E-02
2.56799E+01 7.79518E-02
2.58841E+01 7.79089E-02
2.60976E+01 7.78645E-02
2.63195E+01 7.78187E-02
2.65491E+01 7.77708E-02
2.67855E+01 7.77220E-02
2.70279E+01 7.76726E-02
2.72754E+01 7.76215E-02
2.75274E+01 7.75697E-02
2.77829E+01 7.75177E-02
2.80412E+01 7.74653E-02
2.83016E+01 7.74117E-02
2.85632E+01 7.73595E-02
2.88253E+01 7.73063E-02
2.90872E+01 7.72535E-02
2.93482E+01 7.72012E-02
2.96075E+01 7.71493E-02
2.98647E+01 7.70979E-02
3.01189E+01 7.70473E-02
3.03697E+01 7.69960E-02
3.06163E+01 7.69470E-02
3.08583E+01 7.69005E-02
3.10951E+01 7.68536E-02
3.13261E+01 7.68078E-02
3.15509E+01 7.67648E-02
3.17689E+01 7.67214E-02
3.19798E+01 7.66807E-02
3.21831E+01 7.66413E-02
3.23784E+01 7.66031E-02
3.25653E+01 7.65678E-02
3.27434E+01 7.65339E-02
3.29124E+01 7.65013E-02
3.30720E+01 7.64703E-02
3.32218E+01 7.64422E-02
3.33617E+01 7.64141E-02
3.34913E+01 7.63906E-02
3.36104E+01 7.63670E-02
3.37189E+01 7.63466E-02
3.38164E+01 7.63277E-02
3.39028E+01 7.63120E-02
3.39781E+01 7.62977E-02
3.40419E+01 7.62851E-02
3.40943E+01 7.62757E-02
3.41352E+01 7.62678E-02
3.41644E+01 7.62630E-02
3.41820E+01 7.62599E-02
3.41879E+01 7.62583E-02
3.41820E+01 7.62599E-02
3.41644E+01 7.62630E-02
3.41352E+01 7.62678E-02
3.40943E+01 7.62756E-02
3.40419E+01 7.62851E-02
3.39781E+01 7.62977E-02
3.39028E+01 7.63120E-02
3.38164E+01 7.63277E-02
3.37189E+01 7.63466E-02
3.36105E+01 7.63670E-02
3.34913E+01 7.63906E-02
3.33617E+01 7.64141E-02
3.32219E+01 7.64422E-02
3.30720E+01 7.64703E-02
3.29124E+01 7.65014E-02
3.27434E+01 7.65339E-02
3.25653E+01 7.65678E-02
3.23784E+01 7.66031E-02
3.21831E+01 7.66413E-02
3.19798E+01 7.66807E-02
3.17689E+01 7.67214E-02
3.15509E+01 7.67648E-02
3.13261E+01 7.68078E-02
3.10951E+01 7.68536E-02
3.08583E+01 7.69005E-02
3.06163E+01 7.69471E-02
3.03697E+01 7.69960E-02
3.01190E+01 7.70473E-02
2.98647E+01 7.70979E-02
2.96076E+01 7.71493E-02
2.93482E+01 7.72012E-02
2.90872E+01 7.72534E-02
2.88253E+01 7.73062E-02
2.85632E+01 7.73595E-02
2.83016E+01 7.74117E-02
2.80413E+01 7.74653E-02
2.77829E+01 7.75177E-02
2.75274E+01 7.75698E-02
2.72755E+01 7.76215E-02
2.70279E+01 7.76725E-02
2.67855E+01 7.77220E-02
2.65491E+01 7.77708E-02
2.63196E+01 7.78187E-02
2.60976E+01 7.78645E-02
2.58842E+01 7.79089E-02
2.56799E+01 7.79518E-02
2.54858E+01 7.79914E-02
2.53024E+01 7.80300E-02
2.51306E+01 7.80653E-02
2.49710E+01 7.80992E-02
2.48245E+01 7.81295E-02
2.46914E+01 7.81573E-02
2.45726E+01 7.81820E-02
2.44685E+01 7.82035E-02
2.43795E+01 7.82223E-02
2.43062E+01 7.82378E-02
2.42488E+01 7.82498E-02
2.42076E+01 7.82584E-02
2.41828E+01 7.82634E-02
2.41745E+01 7.82652E-02
