Will plot unflagged data


File # 1  = raise.vis
raise.vis 0.4786 GHz
Read 121 visibilities from all files

Baseline 4-5, plot 121 points
7.25234E-01 -3.41230E-01
7.25482E-01 -3.47591E-01
7.26227E-01 -3.53704E-01
7.27463E-01 -3.59563E-01
7.29185E-01 -3.65159E-01
7.31386E-01 -3.69456E-01
7.34054E-01 -3.74502E-01
7.37178E-01 -3.79264E-01
7.40743E-01 -3.83732E-01
7.44733E-01 -3.87901E-01
7.49131E-01 -3.91763E-01
7.53917E-01 -3.96342E-01
7.59071E-01 -3.99571E-01
7.64572E-01 -4.02474E-01
7.70398E-01 -4.05045E-01
7.76524E-01 -4.07277E-01
7.82929E-01 -4.10198E-01
7.89586E-01 -4.11738E-01
7.96473E-01 -4.13956E-01
8.03565E-01 -4.14782E-01
8.10836E-01 -4.16277E-01
8.18263E-01 -4.17404E-01
8.25822E-01 -4.18158E-01
8.33488E-01 -4.17503E-01
8.41237E-01 -4.17500E-01
8.49047E-01 -4.18146E-01
8.56895E-01 -4.17372E-01
8.64758E-01 -4.16209E-01
8.72615E-01 -4.14652E-01
8.80445E-01 -4.13734E-01
8.88226E-01 -4.12418E-01
8.95941E-01 -4.09669E-01
9.03568E-01 -4.07553E-01
9.11090E-01 -4.05035E-01
9.18490E-01 -4.02113E-01
9.25749E-01 -3.98787E-01
9.32852E-01 -3.96090E-01
9.39782E-01 -3.91954E-01
9.46526E-01 -3.88447E-01
9.53067E-01 -3.83502E-01
9.59394E-01 -3.79185E-01
9.65493E-01 -3.74466E-01
9.71351E-01 -3.69344E-01
9.76958E-01 -3.64854E-01
9.82301E-01 -3.58933E-01
9.87372E-01 -3.53646E-01
9.92159E-01 -3.47965E-01
9.96655E-01 -3.40859E-01
1.00085E+00 -3.34396E-01
1.00474E+00 -3.28578E-01
1.00831E+00 -3.21344E-01
1.01157E+00 -3.13731E-01
1.01449E+00 -3.06774E-01
1.01708E+00 -2.99444E-01
1.01934E+00 -2.91747E-01
1.02126E+00 -2.83687E-01
1.02283E+00 -2.75268E-01
1.02406E+00 -2.67529E-01
1.02493E+00 -2.58409E-01
1.02546E+00 -2.49978E-01
1.02564E+00 -2.41211E-01
1.02546E+00 -2.32114E-01
1.02493E+00 -2.22691E-01
1.02406E+00 -2.13984E-01
1.02283E+00 -2.03932E-01
1.02126E+00 -1.94608E-01
1.01934E+00 -1.84987E-01
1.01708E+00 -1.75076E-01
1.01449E+00 -1.64883E-01
1.01157E+00 -1.54414E-01
1.00831E+00 -1.44711E-01
1.00474E+00 -1.34749E-01
1.00085E+00 -1.23504E-01
9.96656E-01 -1.13049E-01
9.92160E-01 -1.03394E-01
9.87372E-01 -9.24806E-02
9.82302E-01 -8.13514E-02
9.76958E-01 -7.10479E-02
9.71352E-01 -5.95140E-02
9.65493E-01 -4.88244E-02
9.59395E-01 -3.79558E-02
9.53068E-01 -2.69178E-02
9.46526E-01 -1.67529E-02
9.39783E-01 -5.40529E-03
9.32852E-01 5.04945E-03
9.25749E-01 1.66672E-02
9.18490E-01 2.73720E-02
9.11091E-01 3.81865E-02
9.03569E-01 4.91007E-02
8.95941E-01 6.01041E-02
8.88227E-01 7.01536E-02
8.80445E-01 8.13044E-02
8.72616E-01 9.25133E-02
8.64759E-01 1.02737E-01
8.56896E-01 1.12998E-01
8.49048E-01 1.23285E-01
8.41238E-01 1.34621E-01
8.33488E-01 1.44929E-01
8.25822E-01 1.54200E-01
8.18264E-01 1.64488E-01
8.10837E-01 1.74749E-01
8.03565E-01 1.84974E-01
7.96474E-01 1.94119E-01
7.89587E-01 2.04239E-01
7.82929E-01 2.13259E-01
7.76525E-01 2.23232E-01
7.70398E-01 2.32085E-01
7.64573E-01 2.40840E-01
7.59072E-01 2.49485E-01
7.53917E-01 2.58012E-01
7.49131E-01 2.67442E-01
7.44734E-01 2.75701E-01
7.40743E-01 2.83813E-01
7.37178E-01 2.91767E-01
7.34054E-01 2.99554E-01
7.31386E-01 3.07164E-01
7.29185E-01 3.13561E-01
7.27463E-01 3.20792E-01
7.26227E-01 3.27819E-01
7.25482E-01 3.34634E-01
7.25234E-01 3.41228E-01
