Will plot unflagged data


File # 1  = raise.vis
raise.vis 0.4786 GHz
Read 121 visibilities from all files

Baseline 4-5, plot 121 points
7.25234E-01 6.64239E+00
7.25482E-01 6.64238E+00
7.26227E-01 6.64237E+00
7.27463E-01 6.64235E+00
7.29185E-01 6.64232E+00
7.31386E-01 6.64228E+00
7.34054E-01 6.64224E+00
7.37178E-01 6.64219E+00
7.40743E-01 6.64213E+00
7.44733E-01 6.64207E+00
7.49131E-01 6.64199E+00
7.53917E-01 6.64193E+00
7.59071E-01 6.64185E+00
7.64572E-01 6.64175E+00
7.70398E-01 6.64165E+00
7.76524E-01 6.64154E+00
7.82929E-01 6.64145E+00
7.89586E-01 6.64133E+00
7.96473E-01 6.64122E+00
8.03565E-01 6.64108E+00
8.10836E-01 6.64096E+00
8.18263E-01 6.64084E+00
8.25822E-01 6.64071E+00
8.33488E-01 6.64055E+00
8.41237E-01 6.64041E+00
8.49047E-01 6.64029E+00
8.56895E-01 6.64014E+00
8.64758E-01 6.63999E+00
8.72615E-01 6.63983E+00
8.80445E-01 6.63970E+00
8.88226E-01 6.63956E+00
8.95941E-01 6.63939E+00
9.03568E-01 6.63924E+00
9.11090E-01 6.63910E+00
9.18490E-01 6.63895E+00
9.25749E-01 6.63880E+00
9.32852E-01 6.63868E+00
9.39782E-01 6.63852E+00
9.46526E-01 6.63840E+00
9.53067E-01 6.63824E+00
9.59394E-01 6.63811E+00
9.65493E-01 6.63798E+00
9.71351E-01 6.63785E+00
9.76958E-01 6.63777E+00
9.82301E-01 6.63764E+00
9.87372E-01 6.63755E+00
9.92159E-01 6.63746E+00
9.96655E-01 6.63732E+00
1.00085E+00 6.63723E+00
1.00474E+00 6.63718E+00
1.00831E+00 6.63709E+00
1.01157E+00 6.63700E+00
1.01449E+00 6.63695E+00
1.01708E+00 6.63690E+00
1.01934E+00 6.63685E+00
1.02126E+00 6.63681E+00
1.02283E+00 6.63676E+00
1.02406E+00 6.63676E+00
1.02493E+00 6.63671E+00
1.02546E+00 6.63671E+00
1.02564E+00 6.63671E+00
1.02546E+00 6.63671E+00
1.02493E+00 6.63671E+00
1.02406E+00 6.63676E+00
1.02283E+00 6.63676E+00
1.02126E+00 6.63681E+00
1.01934E+00 6.63686E+00
1.01708E+00 6.63690E+00
1.01449E+00 6.63695E+00
1.01157E+00 6.63700E+00
1.00831E+00 6.63709E+00
1.00474E+00 6.63718E+00
1.00085E+00 6.63723E+00
9.96656E-01 6.63732E+00
9.92160E-01 6.63746E+00
9.87372E-01 6.63755E+00
9.82302E-01 6.63764E+00
9.76958E-01 6.63777E+00
9.71352E-01 6.63786E+00
9.65493E-01 6.63798E+00
9.59395E-01 6.63811E+00
9.53068E-01 6.63824E+00
9.46526E-01 6.63840E+00
9.39783E-01 6.63852E+00
9.32852E-01 6.63868E+00
9.25749E-01 6.63880E+00
9.18490E-01 6.63895E+00
9.11091E-01 6.63910E+00
9.03569E-01 6.63924E+00
8.95941E-01 6.63939E+00
8.88227E-01 6.63956E+00
8.80445E-01 6.63970E+00
8.72616E-01 6.63983E+00
8.64759E-01 6.63999E+00
8.56896E-01 6.64014E+00
8.49048E-01 6.64029E+00
8.41238E-01 6.64041E+00
8.33488E-01 6.64055E+00
8.25822E-01 6.64071E+00
8.18264E-01 6.64084E+00
8.10837E-01 6.64096E+00
8.03565E-01 6.64108E+00
7.96474E-01 6.64122E+00
7.89587E-01 6.64133E+00
7.82929E-01 6.64145E+00
7.76525E-01 6.64154E+00
7.70398E-01 6.64165E+00
7.64573E-01 6.64175E+00
7.59072E-01 6.64185E+00
7.53917E-01 6.64193E+00
7.49131E-01 6.64199E+00
7.44734E-01 6.64207E+00
7.40743E-01 6.64213E+00
7.37178E-01 6.64219E+00
7.34054E-01 6.64224E+00
7.31386E-01 6.64228E+00
7.29185E-01 6.64232E+00
7.27463E-01 6.64235E+00
7.26227E-01 6.64237E+00
7.25482E-01 6.64238E+00
7.25234E-01 6.64239E+00
