Will plot unflagged data


File # 1  = raise.vis
raise.vis 4.7863 GHz
Read 121 visibilities from all files

Baseline 1-2, plot 121 points
1.72675E+00 7.82895E-02
1.72734E+00 7.82895E-02
1.72911E+00 7.82894E-02
1.73205E+00 7.82894E-02
1.73616E+00 7.82893E-02
1.74139E+00 7.82892E-02
1.74775E+00 7.82891E-02
1.75519E+00 7.82890E-02
1.76367E+00 7.82889E-02
1.77317E+00 7.82887E-02
1.78365E+00 7.82886E-02
1.79504E+00 7.82884E-02
1.80731E+00 7.82882E-02
1.82041E+00 7.82880E-02
1.83428E+00 7.82878E-02
1.84887E+00 7.82876E-02
1.86412E+00 7.82873E-02
1.87997E+00 7.82871E-02
1.89636E+00 7.82868E-02
1.91325E+00 7.82865E-02
1.93056E+00 7.82863E-02
1.94825E+00 7.82859E-02
1.96624E+00 7.82856E-02
1.98449E+00 7.82853E-02
2.00295E+00 7.82850E-02
2.02154E+00 7.82847E-02
2.04023E+00 7.82844E-02
2.05895E+00 7.82840E-02
2.07766E+00 7.82837E-02
2.09630E+00 7.82833E-02
2.11483E+00 7.82829E-02
2.13319E+00 7.82827E-02
2.15135E+00 7.82823E-02
2.16926E+00 7.82820E-02
2.18688E+00 7.82816E-02
2.20416E+00 7.82813E-02
2.22108E+00 7.82810E-02
2.23758E+00 7.82807E-02
2.25363E+00 7.82803E-02
2.26921E+00 7.82800E-02
2.28427E+00 7.82797E-02
2.29879E+00 7.82795E-02
2.31274E+00 7.82792E-02
2.32609E+00 7.82789E-02
2.33881E+00 7.82787E-02
2.35088E+00 7.82784E-02
2.36228E+00 7.82782E-02
2.37299E+00 7.82779E-02
2.38298E+00 7.82777E-02
2.39224E+00 7.82775E-02
2.40075E+00 7.82774E-02
2.40849E+00 7.82772E-02
2.41546E+00 7.82770E-02
2.42163E+00 7.82768E-02
2.42700E+00 7.82768E-02
2.43157E+00 7.82767E-02
2.43531E+00 7.82767E-02
2.43823E+00 7.82765E-02
2.44032E+00 7.82765E-02
2.44157E+00 7.82765E-02
2.44199E+00 7.82765E-02
2.44157E+00 7.82765E-02
2.44032E+00 7.82765E-02
2.43823E+00 7.82765E-02
2.43531E+00 7.82767E-02
2.43157E+00 7.82767E-02
2.42700E+00 7.82768E-02
2.42163E+00 7.82768E-02
2.41546E+00 7.82770E-02
2.40849E+00 7.82772E-02
2.40075E+00 7.82773E-02
2.39224E+00 7.82776E-02
2.38298E+00 7.82777E-02
2.37299E+00 7.82779E-02
2.36228E+00 7.82782E-02
2.35089E+00 7.82784E-02
2.33881E+00 7.82787E-02
2.32609E+00 7.82789E-02
2.31274E+00 7.82792E-02
2.29879E+00 7.82795E-02
2.28427E+00 7.82797E-02
2.26921E+00 7.82800E-02
2.25363E+00 7.82803E-02
2.23758E+00 7.82807E-02
2.22108E+00 7.82810E-02
2.20416E+00 7.82813E-02
2.18688E+00 7.82816E-02
2.16926E+00 7.82820E-02
2.15135E+00 7.82823E-02
2.13319E+00 7.82827E-02
2.11483E+00 7.82829E-02
2.09630E+00 7.82833E-02
2.07766E+00 7.82837E-02
2.05895E+00 7.82840E-02
2.04023E+00 7.82844E-02
2.02154E+00 7.82847E-02
2.00295E+00 7.82850E-02
1.98450E+00 7.82853E-02
1.96624E+00 7.82856E-02
1.94825E+00 7.82859E-02
1.93056E+00 7.82863E-02
1.91325E+00 7.82865E-02
1.89637E+00 7.82868E-02
1.87997E+00 7.82871E-02
1.86412E+00 7.82873E-02
1.84887E+00 7.82876E-02
1.83428E+00 7.82878E-02
1.82041E+00 7.82880E-02
1.80731E+00 7.82882E-02
1.79504E+00 7.82884E-02
1.78365E+00 7.82886E-02
1.77318E+00 7.82887E-02
1.76367E+00 7.82889E-02
1.75519E+00 7.82890E-02
1.74775E+00 7.82891E-02
1.74140E+00 7.82892E-02
1.73616E+00 7.82893E-02
1.73205E+00 7.82894E-02
1.72911E+00 7.82894E-02
1.72734E+00 7.82895E-02
1.72675E+00 7.82895E-02
