Will plot unflagged data


File # 1  = raise.vis
raise.vis 4.7863 GHz
Read 121 visibilities from all files

Baseline 1-2, plot 121 points
1.72675E+00 -2.11400E-01
1.72734E+00 -2.15050E-01
1.72911E+00 -2.18549E-01
1.73205E+00 -2.22917E-01
1.73616E+00 -2.26097E-01
1.74139E+00 -2.29109E-01
1.74775E+00 -2.31949E-01
1.75519E+00 -2.35641E-01
1.76367E+00 -2.38123E-01
1.77317E+00 -2.40420E-01
1.78365E+00 -2.42527E-01
1.79504E+00 -2.45469E-01
1.80731E+00 -2.47184E-01
1.82041E+00 -2.49727E-01
1.83428E+00 -2.51033E-01
1.84887E+00 -2.53161E-01
1.86412E+00 -2.54045E-01
1.87997E+00 -2.55744E-01
1.89636E+00 -2.56192E-01
1.91325E+00 -2.57448E-01
1.93056E+00 -2.58479E-01
1.94825E+00 -2.58250E-01
1.96624E+00 -2.58821E-01
1.98449E+00 -2.59159E-01
2.00295E+00 -2.59261E-01
2.02154E+00 -2.59126E-01
2.04023E+00 -2.58750E-01
2.05895E+00 -2.58132E-01
2.07766E+00 -2.57271E-01
2.09630E+00 -2.56165E-01
2.11483E+00 -2.54813E-01
2.13319E+00 -2.54245E-01
2.15135E+00 -2.52397E-01
2.16926E+00 -2.51332E-01
2.18688E+00 -2.48984E-01
2.20416E+00 -2.47418E-01
2.22108E+00 -2.45601E-01
2.23758E+00 -2.43534E-01
2.25363E+00 -2.40182E-01
2.26921E+00 -2.37613E-01
2.28427E+00 -2.34793E-01
2.29879E+00 -2.32756E-01
2.31274E+00 -2.29437E-01
2.32609E+00 -2.25870E-01
2.33881E+00 -2.23088E-01
2.35088E+00 -2.19027E-01
2.36228E+00 -2.15754E-01
2.37299E+00 -2.11205E-01
2.38298E+00 -2.07447E-01
2.39224E+00 -2.03450E-01
2.40075E+00 -1.99215E-01
2.40849E+00 -1.94745E-01
2.41546E+00 -1.90042E-01
2.42163E+00 -1.85108E-01
2.42700E+00 -1.80979E-01
2.43157E+00 -1.75592E-01
2.43531E+00 -1.71016E-01
2.43823E+00 -1.65188E-01
2.44032E+00 -1.60178E-01
2.44157E+00 -1.54955E-01
2.44199E+00 -1.49524E-01
2.44157E+00 -1.43887E-01
2.44032E+00 -1.38050E-01
2.43823E+00 -1.32016E-01
2.43531E+00 -1.26822E-01
2.43157E+00 -1.20406E-01
2.42700E+00 -1.14839E-01
2.42163E+00 -1.08059E-01
2.41546E+00 -1.02137E-01
2.40849E+00 -9.60448E-02
2.40075E+00 -8.97872E-02
2.39224E+00 -8.33691E-02
2.38298E+00 -7.67958E-02
2.37299E+00 -7.00723E-02
2.36228E+00 -6.42368E-02
2.35089E+00 -5.72292E-02
2.33881E+00 -5.11205E-02
2.32609E+00 -4.38507E-02
2.31274E+00 -3.74910E-02
2.29879E+00 -3.10146E-02
2.28427E+00 -2.33945E-02
2.26921E+00 -1.67020E-02
2.25363E+00 -9.91051E-03
2.23758E+00 -4.05868E-03
2.22108E+00 2.91267E-03
2.20416E+00 9.96475E-03
2.18688E+00 1.70912E-02
2.16926E+00 2.32533E-02
2.15135E+00 3.05097E-02
2.13319E+00 3.67892E-02
2.11483E+00 4.41500E-02
2.09630E+00 5.05211E-02
2.07766E+00 5.69284E-02
2.05895E+00 6.33654E-02
2.04023E+00 6.98255E-02
2.02154E+00 7.63022E-02
2.00295E+00 8.27889E-02
1.98450E+00 8.92793E-02
1.96624E+00 9.57666E-02
1.94825E+00 1.02244E-01
1.93056E+00 1.07675E-01
1.91325E+00 1.14114E-01
1.89637E+00 1.20524E-01
1.87997E+00 1.25867E-01
1.86412E+00 1.32199E-01
1.84887E+00 1.37453E-01
1.83428E+00 1.43682E-01
1.82041E+00 1.48820E-01
1.80731E+00 1.54920E-01
1.79504E+00 1.59917E-01
1.78365E+00 1.65864E-01
1.77318E+00 1.70695E-01
1.76367E+00 1.75435E-01
1.75519E+00 1.80077E-01
1.74775E+00 1.85643E-01
1.74140E+00 1.90072E-01
1.73616E+00 1.94385E-01
1.73205E+00 1.98577E-01
1.72911E+00 2.03669E-01
1.72734E+00 2.07602E-01
1.72675E+00 2.11398E-01
