Will plot unflagged data


File # 1  = raise.vis
raise.vis 0.1514 GHz
Read 121 visibilities from all files

Baseline 1-4, plot 121 points
7.64464E-01 6.62703E+00
7.64726E-01 6.62703E+00
7.65510E-01 6.62703E+00
7.66813E-01 6.62702E+00
7.68629E-01 6.62701E+00
7.70948E-01 6.62699E+00
7.73761E-01 6.62698E+00
7.77054E-01 6.62696E+00
7.80812E-01 6.62693E+00
7.85018E-01 6.62691E+00
7.89653E-01 6.62688E+00
7.94698E-01 6.62686E+00
8.00131E-01 6.62682E+00
8.05930E-01 6.62679E+00
8.12070E-01 6.62675E+00
8.18529E-01 6.62672E+00
8.25279E-01 6.62667E+00
8.32297E-01 6.62663E+00
8.39556E-01 6.62659E+00
8.47031E-01 6.62654E+00
8.54696E-01 6.62649E+00
8.62525E-01 6.62645E+00
8.70493E-01 6.62640E+00
8.78573E-01 6.62635E+00
8.86742E-01 6.62630E+00
8.94975E-01 6.62625E+00
9.03247E-01 6.62619E+00
9.11535E-01 6.62613E+00
9.19817E-01 6.62607E+00
9.28070E-01 6.62601E+00
9.36273E-01 6.62597E+00
9.44404E-01 6.62591E+00
9.52444E-01 6.62586E+00
9.60374E-01 6.62580E+00
9.68173E-01 6.62575E+00
9.75825E-01 6.62568E+00
9.83312E-01 6.62563E+00
9.90617E-01 6.62558E+00
9.97726E-01 6.62553E+00
1.00462E+00 6.62548E+00
1.01129E+00 6.62543E+00
1.01772E+00 6.62537E+00
1.02389E+00 6.62535E+00
1.02980E+00 6.62530E+00
1.03544E+00 6.62524E+00
1.04078E+00 6.62521E+00
1.04583E+00 6.62519E+00
1.05057E+00 6.62513E+00
1.05499E+00 6.62510E+00
1.05909E+00 6.62507E+00
1.06286E+00 6.62504E+00
1.06628E+00 6.62501E+00
1.06937E+00 6.62498E+00
1.07210E+00 6.62495E+00
1.07448E+00 6.62495E+00
1.07650E+00 6.62492E+00
1.07816E+00 6.62492E+00
1.07945E+00 6.62493E+00
1.08037E+00 6.62489E+00
1.08093E+00 6.62489E+00
1.08112E+00 6.62489E+00
1.08093E+00 6.62490E+00
1.08037E+00 6.62489E+00
1.07945E+00 6.62493E+00
1.07816E+00 6.62492E+00
1.07650E+00 6.62492E+00
1.07448E+00 6.62495E+00
1.07210E+00 6.62495E+00
1.06937E+00 6.62498E+00
1.06628E+00 6.62501E+00
1.06286E+00 6.62504E+00
1.05909E+00 6.62507E+00
1.05499E+00 6.62510E+00
1.05057E+00 6.62513E+00
1.04583E+00 6.62519E+00
1.04078E+00 6.62521E+00
1.03544E+00 6.62524E+00
1.02980E+00 6.62530E+00
1.02389E+00 6.62535E+00
1.01772E+00 6.62537E+00
1.01129E+00 6.62543E+00
1.00462E+00 6.62548E+00
9.97726E-01 6.62553E+00
9.90618E-01 6.62558E+00
9.83312E-01 6.62563E+00
9.75825E-01 6.62568E+00
9.68174E-01 6.62575E+00
9.60374E-01 6.62579E+00
9.52445E-01 6.62586E+00
9.44405E-01 6.62591E+00
9.36273E-01 6.62597E+00
9.28071E-01 6.62601E+00
9.19818E-01 6.62607E+00
9.11536E-01 6.62613E+00
9.03247E-01 6.62619E+00
8.94975E-01 6.62625E+00
8.86743E-01 6.62630E+00
8.78574E-01 6.62635E+00
8.70493E-01 6.62640E+00
8.62526E-01 6.62645E+00
8.54697E-01 6.62649E+00
8.47032E-01 6.62654E+00
8.39557E-01 6.62660E+00
8.32297E-01 6.62663E+00
8.25279E-01 6.62667E+00
8.18529E-01 6.62672E+00
8.12071E-01 6.62675E+00
8.05930E-01 6.62679E+00
8.00132E-01 6.62682E+00
7.94699E-01 6.62686E+00
7.89654E-01 6.62688E+00
7.85018E-01 6.62691E+00
7.80812E-01 6.62693E+00
7.77054E-01 6.62696E+00
7.73761E-01 6.62698E+00
7.70949E-01 6.62699E+00
7.68629E-01 6.62701E+00
7.66813E-01 6.62702E+00
7.65510E-01 6.62703E+00
7.64726E-01 6.62703E+00
7.64464E-01 6.62703E+00
