Will plot unflagged data


File # 1  = raise.vis
raise.vis 0.1514 GHz
Read 121 visibilities from all files

Baseline 1-4, plot 121 points
7.64464E-01 -2.06901E-01
7.64726E-01 -2.10387E-01
7.65510E-01 -2.14750E-01
7.66813E-01 -2.17933E-01
7.68629E-01 -2.20957E-01
7.70948E-01 -2.23818E-01
7.73761E-01 -2.27538E-01
7.77054E-01 -2.30058E-01
7.80812E-01 -2.32400E-01
7.85018E-01 -2.35589E-01
7.89653E-01 -2.37564E-01
7.94698E-01 -2.40378E-01
8.00131E-01 -2.41969E-01
8.05930E-01 -2.44392E-01
8.12070E-01 -2.45583E-01
8.18529E-01 -2.47600E-01
8.25279E-01 -2.48378E-01
8.32297E-01 -2.49974E-01
8.39556E-01 -2.51356E-01
8.47031E-01 -2.51489E-01
8.54696E-01 -2.52432E-01
8.62525E-01 -2.53152E-01
8.70493E-01 -2.53645E-01
8.78573E-01 -2.53911E-01
8.86742E-01 -2.53945E-01
8.94975E-01 -2.53747E-01
9.03247E-01 -2.53313E-01
9.11535E-01 -2.52643E-01
9.19817E-01 -2.51735E-01
9.28070E-01 -2.50586E-01
9.36273E-01 -2.50229E-01
9.44404E-01 -2.48598E-01
9.52444E-01 -2.47755E-01
9.60374E-01 -2.45637E-01
9.68173E-01 -2.44305E-01
9.75825E-01 -2.41697E-01
9.83312E-01 -2.39875E-01
9.90617E-01 -2.37807E-01
9.97726E-01 -2.35494E-01
1.00462E+00 -2.32936E-01
1.01129E+00 -2.30132E-01
1.01772E+00 -2.27083E-01
1.02389E+00 -2.24824E-01
1.02980E+00 -2.21288E-01
1.03544E+00 -2.17511E-01
1.04078E+00 -2.14525E-01
1.04583E+00 -2.11300E-01
1.05057E+00 -2.06804E-01
1.05499E+00 -2.03105E-01
1.05909E+00 -1.99170E-01
1.06286E+00 -1.95004E-01
1.06628E+00 -1.90607E-01
1.06937E+00 -1.85981E-01
1.07210E+00 -1.81131E-01
1.07448E+00 -1.77090E-01
1.07650E+00 -1.71795E-01
1.07816E+00 -1.67317E-01
1.07945E+00 -1.62624E-01
1.08037E+00 -1.56687E-01
1.08093E+00 -1.51576E-01
1.08112E+00 -1.46260E-01
1.08093E+00 -1.40744E-01
1.08037E+00 -1.35031E-01
1.07945E+00 -1.30158E-01
1.07816E+00 -1.24063E-01
1.07650E+00 -1.17784E-01
1.07448E+00 -1.12357E-01
1.07210E+00 -1.05721E-01
1.06937E+00 -9.99475E-02
1.06628E+00 -9.40069E-02
1.06286E+00 -8.79044E-02
1.05909E+00 -8.16448E-02
1.05499E+00 -7.52332E-02
1.05057E+00 -6.86748E-02
1.04583E+00 -6.30074E-02
1.04078E+00 -5.61708E-02
1.03544E+00 -4.92031E-02
1.02980E+00 -4.31427E-02
1.02389E+00 -3.69623E-02
1.01772E+00 -2.96349E-02
1.01129E+00 -2.32315E-02
1.00462E+00 -1.67254E-02
9.97726E-01 -1.01222E-02
9.90618E-01 -3.42806E-03
9.83312E-01 3.35110E-03
9.75825E-01 1.02092E-02
9.68174E-01 1.61077E-02
9.60374E-01 2.31054E-02
9.52445E-01 2.91312E-02
9.44405E-01 3.62436E-02
9.36273E-01 4.23718E-02
9.28071E-01 4.95738E-02
9.19818E-01 5.57790E-02
9.11536E-01 6.20133E-02
9.03247E-01 6.82702E-02
8.94975E-01 7.45434E-02
8.86743E-01 8.08265E-02
8.78574E-01 8.71131E-02
8.70493E-01 9.33967E-02
8.62526E-01 9.96709E-02
8.54697E-01 1.05929E-01
8.47032E-01 1.12166E-01
8.39557E-01 1.17343E-01
8.32297E-01 1.23516E-01
8.25279E-01 1.29648E-01
8.18529E-01 1.34702E-01
8.12071E-01 1.40733E-01
8.05930E-01 1.45674E-01
8.00132E-01 1.51579E-01
7.94699E-01 1.56382E-01
7.89654E-01 1.62137E-01
7.85018E-01 1.66778E-01
7.80812E-01 1.72358E-01
7.77054E-01 1.76814E-01
7.73761E-01 1.81168E-01
7.70949E-01 1.86442E-01
7.68629E-01 1.90576E-01
7.66813E-01 1.94592E-01
7.65510E-01 1.98483E-01
7.64726E-01 2.03272E-01
7.64464E-01 2.06899E-01
