Will plot unflagged data


File # 1  = raise.vis
raise.vis 0.4786 GHz
Read 121 visibilities from all files

Baseline 3-5, plot 121 points
1.19146E+00 9.02829E-01
1.19186E+00 9.02828E-01
1.19309E+00 9.02827E-01
1.19512E+00 9.02826E-01
1.19795E+00 9.02824E-01
1.20156E+00 9.02821E-01
1.20595E+00 9.02818E-01
1.21108E+00 9.02814E-01
1.21693E+00 9.02810E-01
1.22349E+00 9.02805E-01
1.23072E+00 9.02800E-01
1.23858E+00 9.02796E-01
1.24705E+00 9.02788E-01
1.25608E+00 9.02782E-01
1.26565E+00 9.02776E-01
1.27572E+00 9.02767E-01
1.28624E+00 9.02760E-01
1.29718E+00 9.02752E-01
1.30849E+00 9.02743E-01
1.32014E+00 9.02735E-01
1.33209E+00 9.02725E-01
1.34429E+00 9.02716E-01
1.35671E+00 9.02705E-01
1.36930E+00 9.02695E-01
1.38203E+00 9.02687E-01
1.39486E+00 9.02675E-01
1.40776E+00 9.02667E-01
1.42067E+00 9.02655E-01
1.43358E+00 9.02645E-01
1.44644E+00 9.02632E-01
1.45923E+00 9.02623E-01
1.47190E+00 9.02612E-01
1.48443E+00 9.02602E-01
1.49679E+00 9.02591E-01
1.50895E+00 9.02580E-01
1.52087E+00 9.02569E-01
1.53254E+00 9.02558E-01
1.54393E+00 9.02550E-01
1.55501E+00 9.02538E-01
1.56575E+00 9.02530E-01
1.57615E+00 9.02518E-01
1.58617E+00 9.02510E-01
1.59579E+00 9.02501E-01
1.60500E+00 9.02493E-01
1.61378E+00 9.02484E-01
1.62211E+00 9.02476E-01
1.62998E+00 9.02471E-01
1.63736E+00 9.02462E-01
1.64426E+00 9.02458E-01
1.65064E+00 9.02449E-01
1.65651E+00 9.02444E-01
1.66186E+00 9.02439E-01
1.66666E+00 9.02435E-01
1.67093E+00 9.02430E-01
1.67463E+00 9.02426E-01
1.67778E+00 9.02426E-01
1.68036E+00 9.02421E-01
1.68238E+00 9.02421E-01
1.68382E+00 9.02416E-01
1.68468E+00 9.02416E-01
1.68497E+00 9.02416E-01
1.68468E+00 9.02416E-01
1.68382E+00 9.02416E-01
1.68238E+00 9.02421E-01
1.68036E+00 9.02421E-01
1.67778E+00 9.02426E-01
1.67463E+00 9.02426E-01
1.67093E+00 9.02430E-01
1.66666E+00 9.02435E-01
1.66186E+00 9.02440E-01
1.65652E+00 9.02444E-01
1.65064E+00 9.02449E-01
1.64426E+00 9.02458E-01
1.63736E+00 9.02462E-01
1.62998E+00 9.02471E-01
1.62211E+00 9.02476E-01
1.61378E+00 9.02484E-01
1.60500E+00 9.02493E-01
1.59579E+00 9.02501E-01
1.58617E+00 9.02510E-01
1.57615E+00 9.02518E-01
1.56575E+00 9.02531E-01
1.55501E+00 9.02538E-01
1.54393E+00 9.02550E-01
1.53254E+00 9.02558E-01
1.52087E+00 9.02569E-01
1.50895E+00 9.02580E-01
1.49679E+00 9.02591E-01
1.48443E+00 9.02602E-01
1.47190E+00 9.02612E-01
1.45923E+00 9.02623E-01
1.44645E+00 9.02633E-01
1.43358E+00 9.02645E-01
1.42068E+00 9.02655E-01
1.40776E+00 9.02667E-01
1.39486E+00 9.02676E-01
1.38203E+00 9.02687E-01
1.36930E+00 9.02695E-01
1.35671E+00 9.02705E-01
1.34429E+00 9.02716E-01
1.33209E+00 9.02725E-01
1.32014E+00 9.02735E-01
1.30849E+00 9.02743E-01
1.29718E+00 9.02752E-01
1.28624E+00 9.02760E-01
1.27572E+00 9.02767E-01
1.26565E+00 9.02776E-01
1.25608E+00 9.02782E-01
1.24705E+00 9.02789E-01
1.23858E+00 9.02795E-01
1.23072E+00 9.02801E-01
1.22349E+00 9.02805E-01
1.21694E+00 9.02810E-01
1.21108E+00 9.02814E-01
1.20595E+00 9.02818E-01
1.20156E+00 9.02821E-01
1.19795E+00 9.02824E-01
1.19512E+00 9.02826E-01
1.19309E+00 9.02827E-01
1.19186E+00 9.02828E-01
1.19146E+00 9.02829E-01
