Will plot unflagged data


File # 1  = raise.vis
raise.vis 0.4786 GHz
Read 121 visibilities from all files

Baseline 3-5, plot 121 points
1.19146E+00 -2.53663E-01
1.19186E+00 -2.57838E-01
1.19309E+00 -2.62856E-01
1.19512E+00 -2.66658E-01
1.19795E+00 -2.71293E-01
1.20156E+00 -2.74700E-01
1.20595E+00 -2.78928E-01
1.21108E+00 -2.81916E-01
1.21693E+00 -2.85716E-01
1.22349E+00 -2.88263E-01
1.23072E+00 -2.91612E-01
1.23858E+00 -2.94728E-01
1.24705E+00 -2.96577E-01
1.25608E+00 -2.99213E-01
1.26565E+00 -3.01602E-01
1.27572E+00 -3.02710E-01
1.28624E+00 -3.04592E-01
1.29718E+00 -3.06215E-01
1.30849E+00 -3.07575E-01
1.32014E+00 -3.08667E-01
1.33209E+00 -3.09489E-01
1.34429E+00 -3.10037E-01
1.35671E+00 -3.10308E-01
1.36930E+00 -3.10298E-01
1.38203E+00 -3.11038E-01
1.39486E+00 -3.10461E-01
1.40776E+00 -3.10627E-01
1.42067E+00 -3.09472E-01
1.43358E+00 -3.09056E-01
1.44644E+00 -3.07314E-01
1.45923E+00 -3.06310E-01
1.47190E+00 -3.05008E-01
1.48443E+00 -3.03408E-01
1.49679E+00 -3.01509E-01
1.50895E+00 -2.99311E-01
1.52087E+00 -2.96811E-01
1.53254E+00 -2.94011E-01
1.54393E+00 -2.91942E-01
1.55501E+00 -2.88540E-01
1.56575E+00 -2.85869E-01
1.57615E+00 -2.81865E-01
1.58617E+00 -2.78594E-01
1.59579E+00 -2.75024E-01
1.60500E+00 -2.71156E-01
1.61378E+00 -2.66991E-01
1.62211E+00 -2.62531E-01
1.62998E+00 -2.58810E-01
1.63736E+00 -2.53764E-01
1.64426E+00 -2.49462E-01
1.65064E+00 -2.43839E-01
1.65651E+00 -2.38964E-01
1.66186E+00 -2.33806E-01
1.66666E+00 -2.28369E-01
1.67093E+00 -2.22655E-01
1.67463E+00 -2.16668E-01
1.67778E+00 -2.11443E-01
1.68036E+00 -2.04920E-01
1.68238E+00 -1.99166E-01
1.68382E+00 -1.92121E-01
1.68468E+00 -1.85854E-01
1.68497E+00 -1.79337E-01
1.68468E+00 -1.72574E-01
1.68382E+00 -1.65570E-01
1.68238E+00 -1.59362E-01
1.68036E+00 -1.51890E-01
1.67778E+00 -1.45225E-01
1.67463E+00 -1.37305E-01
1.67093E+00 -1.30203E-01
1.66666E+00 -1.22891E-01
1.66186E+00 -1.15374E-01
1.65652E+00 -1.07659E-01
1.65064E+00 -9.97514E-02
1.64426E+00 -9.26904E-02
1.63736E+00 -8.44164E-02
1.62998E+00 -7.70016E-02
1.62211E+00 -6.83866E-02
1.61378E+00 -6.06440E-02
1.60500E+00 -5.27475E-02
1.59579E+00 -4.47038E-02
1.58617E+00 -3.65201E-02
1.57615E+00 -2.82032E-02
1.56575E+00 -2.07932E-02
1.55501E+00 -1.22315E-02
1.54393E+00 -4.59110E-03
1.53254E+00 4.18636E-03
1.52087E+00 1.20277E-02
1.50895E+00 1.99583E-02
1.49679E+00 2.79707E-02
1.48443E+00 3.60573E-02
1.47190E+00 4.42103E-02
1.45923E+00 5.24221E-02
1.44645E+00 6.06849E-02
1.43358E+00 6.79585E-02
1.42068E+00 7.63001E-02
1.40776E+00 8.36369E-02
1.39486E+00 9.20262E-02
1.38203E+00 9.93949E-02
1.36930E+00 1.07800E-01
1.35671E+00 1.15169E-01
1.34429E+00 1.22527E-01
1.33209E+00 1.29866E-01
1.32014E+00 1.37177E-01
1.30849E+00 1.44454E-01
1.29718E+00 1.51688E-01
1.28624E+00 1.58871E-01
1.27572E+00 1.65996E-01
1.26565E+00 1.72025E-01
1.25608E+00 1.79011E-01
1.24705E+00 1.85917E-01
1.23858E+00 1.91704E-01
1.23072E+00 1.98425E-01
1.22349E+00 2.05043E-01
1.21694E+00 2.10522E-01
1.21108E+00 2.16912E-01
1.20595E+00 2.22149E-01
1.20156E+00 2.28283E-01
1.19795E+00 2.33251E-01
1.19512E+00 2.39101E-01
1.19309E+00 2.43773E-01
1.19186E+00 2.49312E-01
1.19146E+00 2.53661E-01
