Will plot unflagged data


File # 1  = raise.vis
raise.vis 4.7863 GHz
Read 121 visibilities from all files

Baseline 1-2, plot 121 points
1.72675E+00 -2.17700E-01
1.72734E+00 -2.21582E-01
1.72911E+00 -2.25308E-01
1.73205E+00 -2.28871E-01
1.73616E+00 -2.32267E-01
1.74139E+00 -2.36519E-01
1.74775E+00 -2.39566E-01
1.75519E+00 -2.42432E-01
1.76367E+00 -2.45111E-01
1.77317E+00 -2.47598E-01
1.78365E+00 -2.49891E-01
1.79504E+00 -2.53012E-01
1.80731E+00 -2.54901E-01
1.82041E+00 -2.56581E-01
1.83428E+00 -2.58049E-01
1.84887E+00 -2.60332E-01
1.86412E+00 -2.61364E-01
1.87997E+00 -2.63205E-01
1.89636E+00 -2.63789E-01
1.91325E+00 -2.65175E-01
1.93056E+00 -2.65297E-01
1.94825E+00 -2.66215E-01
1.96624E+00 -2.66896E-01
1.98449E+00 -2.66304E-01
2.00295E+00 -2.66501E-01
2.02154E+00 -2.66453E-01
2.04023E+00 -2.66158E-01
2.05895E+00 -2.65614E-01
2.07766E+00 -2.64820E-01
2.09630E+00 -2.63773E-01
2.11483E+00 -2.62472E-01
2.13319E+00 -2.61949E-01
2.15135E+00 -2.60138E-01
2.16926E+00 -2.58070E-01
2.18688E+00 -2.56777E-01
2.20416E+00 -2.55226E-01
2.22108E+00 -2.52384E-01
2.23758E+00 -2.50316E-01
2.25363E+00 -2.47990E-01
2.26921E+00 -2.45405E-01
2.28427E+00 -2.42563E-01
2.29879E+00 -2.39463E-01
2.31274E+00 -2.36106E-01
2.32609E+00 -2.32494E-01
2.33881E+00 -2.29660E-01
2.35088E+00 -2.25539E-01
2.36228E+00 -2.22200E-01
2.37299E+00 -2.17577E-01
2.38298E+00 -2.13738E-01
2.39224E+00 -2.09652E-01
2.40075E+00 -2.05322E-01
2.40849E+00 -2.00749E-01
2.41546E+00 -1.95936E-01
2.42163E+00 -1.90886E-01
2.42700E+00 -1.86634E-01
2.43157E+00 -1.81117E-01
2.43531E+00 -1.76405E-01
2.43823E+00 -1.70434E-01
2.44032E+00 -1.65275E-01
2.44157E+00 -1.59896E-01
2.44199E+00 -1.54303E-01
2.44157E+00 -1.48499E-01
2.44032E+00 -1.42487E-01
2.43823E+00 -1.36273E-01
2.43531E+00 -1.30893E-01
2.43157E+00 -1.24286E-01
2.42700E+00 -1.18523E-01
2.42163E+00 -1.11541E-01
2.41546E+00 -1.05412E-01
2.40849E+00 -9.91071E-02
2.40075E+00 -9.26321E-02
2.39224E+00 -8.59920E-02
2.38298E+00 -7.91920E-02
2.37299E+00 -7.22374E-02
2.36228E+00 -6.61665E-02
2.35089E+00 -5.89192E-02
2.33881E+00 -5.25670E-02
2.32609E+00 -4.50497E-02
2.31274E+00 -3.84391E-02
2.29879E+00 -3.17082E-02
2.28427E+00 -2.48630E-02
2.26921E+00 -1.79095E-02
2.25363E+00 -1.08542E-02
2.23758E+00 -3.70302E-03
2.22108E+00 3.53754E-03
2.20416E+00 9.82856E-03
2.18688E+00 1.72289E-02
2.16926E+00 2.46994E-02
2.15135E+00 3.12010E-02
2.13319E+00 3.77597E-02
2.11483E+00 4.54013E-02
2.09630E+00 5.20544E-02
2.07766E+00 5.87447E-02
2.05895E+00 6.54656E-02
2.04023E+00 7.22103E-02
2.02154E+00 7.89721E-02
2.00295E+00 8.57441E-02
1.98450E+00 9.25199E-02
1.96624E+00 9.82607E-02
1.94825E+00 1.05024E-01
1.93056E+00 1.11770E-01
1.91325E+00 1.17461E-01
1.89637E+00 1.24154E-01
1.87997E+00 1.29779E-01
1.86412E+00 1.36392E-01
1.84887E+00 1.41925E-01
1.83428E+00 1.48431E-01
1.82041E+00 1.53844E-01
1.80731E+00 1.59189E-01
1.79504E+00 1.64457E-01
1.78365E+00 1.70673E-01
1.77318E+00 1.75771E-01
1.76367E+00 1.80774E-01
1.75519E+00 1.85677E-01
1.74775E+00 1.90472E-01
1.74140E+00 1.95155E-01
1.73616E+00 2.00747E-01
1.73205E+00 2.05186E-01
1.72911E+00 2.09495E-01
1.72734E+00 2.13668E-01
1.72675E+00 2.17699E-01
