Will plot unflagged data


File # 1  = raise.vis
raise.vis 4.7863 GHz
Read 121 visibilities from all files

Baseline 1-3, plot 121 points
1.95122E+01 1.65306E-02
1.95189E+01 1.65306E-02
1.95390E+01 1.65304E-02
1.95722E+01 1.65301E-02
1.96186E+01 1.65297E-02
1.96778E+01 1.65291E-02
1.97496E+01 1.65285E-02
1.98336E+01 1.65277E-02
1.99295E+01 1.65268E-02
2.00369E+01 1.65258E-02
2.01552E+01 1.65247E-02
2.02840E+01 1.65235E-02
2.04226E+01 1.65222E-02
2.05706E+01 1.65208E-02
2.07274E+01 1.65193E-02
2.08922E+01 1.65177E-02
2.10645E+01 1.65161E-02
2.12436E+01 1.65144E-02
2.14289E+01 1.65125E-02
2.16197E+01 1.65106E-02
2.18154E+01 1.65087E-02
2.20152E+01 1.65066E-02
2.22185E+01 1.65046E-02
2.24248E+01 1.65025E-02
2.26333E+01 1.65004E-02
2.28434E+01 1.64982E-02
2.30546E+01 1.64960E-02
2.32661E+01 1.64938E-02
2.34775E+01 1.64915E-02
2.36882E+01 1.64894E-02
2.38975E+01 1.64871E-02
2.41051E+01 1.64849E-02
2.43103E+01 1.64826E-02
2.45127E+01 1.64805E-02
2.47117E+01 1.64782E-02
2.49071E+01 1.64761E-02
2.50982E+01 1.64740E-02
2.52846E+01 1.64719E-02
2.54660E+01 1.64699E-02
2.56421E+01 1.64678E-02
2.58123E+01 1.64659E-02
2.59764E+01 1.64641E-02
2.61340E+01 1.64622E-02
2.62848E+01 1.64605E-02
2.64286E+01 1.64588E-02
2.65650E+01 1.64572E-02
2.66938E+01 1.64558E-02
2.68148E+01 1.64543E-02
2.69277E+01 1.64530E-02
2.70323E+01 1.64517E-02
2.71284E+01 1.64506E-02
2.72159E+01 1.64496E-02
2.72946E+01 1.64487E-02
2.73644E+01 1.64479E-02
2.74251E+01 1.64470E-02
2.74767E+01 1.64465E-02
2.75190E+01 1.64460E-02
2.75520E+01 1.64455E-02
2.75756E+01 1.64454E-02
2.75898E+01 1.64452E-02
2.75945E+01 1.64450E-02
2.75898E+01 1.64452E-02
2.75756E+01 1.64454E-02
2.75520E+01 1.64455E-02
2.75190E+01 1.64460E-02
2.74767E+01 1.64465E-02
2.74251E+01 1.64470E-02
2.73644E+01 1.64479E-02
2.72947E+01 1.64487E-02
2.72159E+01 1.64496E-02
2.71284E+01 1.64506E-02
2.70323E+01 1.64517E-02
2.69277E+01 1.64530E-02
2.68148E+01 1.64543E-02
2.66938E+01 1.64558E-02
2.65650E+01 1.64572E-02
2.64286E+01 1.64588E-02
2.62848E+01 1.64605E-02
2.61340E+01 1.64622E-02
2.59764E+01 1.64641E-02
2.58123E+01 1.64659E-02
2.56421E+01 1.64678E-02
2.54661E+01 1.64699E-02
2.52846E+01 1.64719E-02
2.50982E+01 1.64740E-02
2.49071E+01 1.64761E-02
2.47118E+01 1.64782E-02
2.45127E+01 1.64805E-02
2.43103E+01 1.64826E-02
2.41051E+01 1.64849E-02
2.38975E+01 1.64871E-02
2.36882E+01 1.64894E-02
2.34775E+01 1.64915E-02
2.32661E+01 1.64938E-02
2.30546E+01 1.64960E-02
2.28434E+01 1.64982E-02
2.26333E+01 1.65004E-02
2.24248E+01 1.65025E-02
2.22186E+01 1.65046E-02
2.20152E+01 1.65066E-02
2.18154E+01 1.65087E-02
2.16197E+01 1.65106E-02
2.14289E+01 1.65125E-02
2.12436E+01 1.65144E-02
2.10645E+01 1.65161E-02
2.08922E+01 1.65177E-02
2.07274E+01 1.65193E-02
2.05706E+01 1.65208E-02
2.04226E+01 1.65222E-02
2.02840E+01 1.65235E-02
2.01552E+01 1.65247E-02
2.00369E+01 1.65258E-02
1.99295E+01 1.65268E-02
1.98336E+01 1.65277E-02
1.97496E+01 1.65285E-02
1.96778E+01 1.65291E-02
1.96186E+01 1.65297E-02
1.95722E+01 1.65301E-02
1.95390E+01 1.65304E-02
1.95189E+01 1.65306E-02
1.95122E+01 1.65306E-02
