Will plot unflagged data


File # 1  = raise.vis
raise.vis 4.7863 GHz
Read 121 visibilities from all files

Baseline 1-3, plot 121 points
1.95122E+01 -1.41372E+00
1.95189E+01 -1.43990E+00
1.95390E+01 -1.46398E+00
1.95722E+01 -1.48802E+00
1.96186E+01 -1.51095E+00
1.96778E+01 -1.53173E+00
1.97496E+01 -1.55240E+00
1.98336E+01 -1.57189E+00
1.99295E+01 -1.59018E+00
2.00369E+01 -1.60828E+00
2.01552E+01 -1.62409E+00
2.02840E+01 -1.63966E+00
2.04226E+01 -1.65291E+00
2.05706E+01 -1.66590E+00
2.07274E+01 -1.67859E+00
2.08922E+01 -1.68883E+00
2.10645E+01 -1.69863E+00
2.12436E+01 -1.70695E+00
2.14289E+01 -1.71379E+00
2.16197E+01 -1.71913E+00
2.18154E+01 -1.72399E+00
2.20152E+01 -1.72733E+00
2.22185E+01 -1.73015E+00
2.24248E+01 -1.73142E+00
2.26333E+01 -1.73112E+00
2.28434E+01 -1.73026E+00
2.30546E+01 -1.72782E+00
2.32661E+01 -1.72378E+00
2.34775E+01 -1.71917E+00
2.36882E+01 -1.71397E+00
2.38975E+01 -1.70614E+00
2.41051E+01 -1.69870E+00
2.43103E+01 -1.68853E+00
2.45127E+01 -1.67874E+00
2.47117E+01 -1.66622E+00
2.49071E+01 -1.65409E+00
2.50982E+01 -1.64027E+00
2.52846E+01 -1.62477E+00
2.54660E+01 -1.60861E+00
2.56421E+01 -1.59078E+00
2.58123E+01 -1.57231E+00
2.59764E+01 -1.55320E+00
2.61340E+01 -1.53242E+00
2.62848E+01 -1.51101E+00
2.64286E+01 -1.48795E+00
2.65650E+01 -1.46428E+00
2.66938E+01 -1.44001E+00
2.68148E+01 -1.41411E+00
2.69277E+01 -1.38763E+00
2.70323E+01 -1.35955E+00
2.71284E+01 -1.33091E+00
2.72159E+01 -1.30173E+00
2.72946E+01 -1.27203E+00
2.73644E+01 -1.24078E+00
2.74251E+01 -1.20802E+00
2.74767E+01 -1.17581E+00
2.75190E+01 -1.14211E+00
2.75520E+01 -1.10696E+00
2.75756E+01 -1.07242E+00
2.75898E+01 -1.03646E+00
2.75945E+01 -9.99109E-01
2.75898E+01 -9.62447E-01
2.75756E+01 -9.24442E-01
2.75520E+01 -8.85118E-01
2.75190E+01 -8.46566E-01
2.74767E+01 -8.06753E-01
2.74251E+01 -7.65709E-01
2.73644E+01 -7.25525E-01
2.72947E+01 -6.84172E-01
2.72159E+01 -6.41681E-01
2.71284E+01 -5.99117E-01
2.70323E+01 -5.56513E-01
2.69277E+01 -5.13904E-01
2.68148E+01 -4.70293E-01
2.66938E+01 -4.26747E-01
2.65650E+01 -3.82271E-01
2.64286E+01 -3.37934E-01
2.62848E+01 -2.93772E-01
2.61340E+01 -2.48792E-01
2.59764E+01 -2.04065E-01
2.58123E+01 -1.58595E-01
2.56421E+01 -1.13456E-01
2.54661E+01 -6.86863E-02
2.52846E+01 -2.32931E-02
2.50982E+01 2.16513E-02
2.49071E+01 6.71402E-02
2.47118E+01 1.13134E-01
2.45127E+01 1.57531E-01
2.43103E+01 2.03387E-01
2.41051E+01 2.47578E-01
2.38975E+01 2.93153E-01
2.36882E+01 3.36972E-01
2.34775E+01 3.82023E-01
2.32661E+01 4.26213E-01
2.30546E+01 4.69504E-01
2.28434E+01 5.12886E-01
2.26333E+01 5.56322E-01
2.24248E+01 5.98740E-01
2.22186E+01 6.41129E-01
2.20152E+01 6.83451E-01
2.18154E+01 7.24630E-01
2.16197E+01 7.65659E-01
2.14289E+01 8.05465E-01
2.12436E+01 8.45043E-01
2.10645E+01 8.84358E-01
2.08922E+01 9.23377E-01
2.07274E+01 9.61046E-01
2.05706E+01 9.99356E-01
2.04226E+01 1.03613E+00
2.02840E+01 1.07133E+00
2.01552E+01 1.10700E+00
2.00369E+01 1.14103E+00
1.99295E+01 1.17546E+00
1.98336E+01 1.20819E+00
1.97496E+01 1.24022E+00
1.96778E+01 1.27151E+00
1.96186E+01 1.30099E+00
1.95722E+01 1.33070E+00
1.95390E+01 1.35957E+00
1.95189E+01 1.38656E+00
1.95122E+01 1.41371E+00
