Will plot unflagged data


File # 1  = raise.vis
raise.vis 0.4786 GHz
Read 121 visibilities from all files

Baseline 1-5, plot 121 points
3.14268E+00 -3.96214E-01
3.14376E+00 -4.03565E-01
3.14698E+00 -4.10629E-01
3.15234E+00 -4.17396E-01
3.15980E+00 -4.23857E-01
3.16934E+00 -4.30003E-01
3.18090E+00 -4.34797E-01
3.19444E+00 -4.40288E-01
3.20989E+00 -4.46470E-01
3.22718E+00 -4.51273E-01
3.24623E+00 -4.55720E-01
3.26697E+00 -4.59803E-01
3.28931E+00 -4.63515E-01
3.31315E+00 -4.66848E-01
3.33839E+00 -4.70828E-01
3.36494E+00 -4.73383E-01
3.39269E+00 -4.75539E-01
3.42154E+00 -4.78323E-01
3.45138E+00 -4.80696E-01
3.48211E+00 -4.81619E-01
3.51362E+00 -4.83153E-01
3.54581E+00 -4.84259E-01
3.57856E+00 -4.84933E-01
3.61178E+00 -4.85169E-01
3.64536E+00 -4.84964E-01
3.67921E+00 -4.85347E-01
3.71321E+00 -4.84247E-01
3.74729E+00 -4.83728E-01
3.78133E+00 -4.81720E-01
3.81526E+00 -4.80286E-01
3.84898E+00 -4.78391E-01
3.88241E+00 -4.76033E-01
3.91546E+00 -4.73209E-01
3.94806E+00 -4.69918E-01
3.98012E+00 -4.67192E-01
4.01158E+00 -4.62964E-01
4.04236E+00 -4.59299E-01
4.07239E+00 -4.55164E-01
4.10161E+00 -4.50559E-01
4.12996E+00 -4.45485E-01
4.15738E+00 -4.40974E-01
4.18380E+00 -4.34962E-01
4.20919E+00 -4.29516E-01
4.23348E+00 -4.23604E-01
4.25664E+00 -4.17230E-01
4.27861E+00 -4.10394E-01
4.29936E+00 -4.03100E-01
4.31884E+00 -3.96382E-01
4.33702E+00 -3.89212E-01
4.35387E+00 -3.80561E-01
4.36936E+00 -3.73528E-01
4.38345E+00 -3.65022E-01
4.39613E+00 -3.56080E-01
4.40737E+00 -3.47737E-01
4.41715E+00 -3.38967E-01
4.42545E+00 -3.29775E-01
4.43226E+00 -3.20168E-01
4.43758E+00 -3.10150E-01
4.44138E+00 -3.00759E-01
4.44366E+00 -2.89939E-01
4.44442E+00 -2.79759E-01
4.44366E+00 -2.69196E-01
4.44138E+00 -2.59286E-01
4.43758E+00 -2.47977E-01
4.43227E+00 -2.37336E-01
4.42545E+00 -2.26343E-01
4.41715E+00 -2.15004E-01
4.40737E+00 -2.03329E-01
4.39613E+00 -1.91325E-01
4.38345E+00 -1.80034E-01
4.36936E+00 -1.68433E-01
4.35387E+00 -1.55499E-01
4.33702E+00 -1.44339E-01
4.31884E+00 -1.31865E-01
4.29936E+00 -1.19120E-01
4.27861E+00 -1.07146E-01
4.25664E+00 -9.49210E-02
4.23348E+00 -8.24562E-02
4.20919E+00 -6.97620E-02
4.18380E+00 -5.68490E-02
4.15738E+00 -4.47607E-02
4.12996E+00 -3.14434E-02
4.10161E+00 -1.89734E-02
4.07239E+00 -6.32946E-03
4.04236E+00 6.47693E-03
4.01158E+00 1.94341E-02
3.98012E+00 3.14977E-02
3.94806E+00 4.47214E-02
3.91546E+00 5.70277E-02
3.88241E+00 6.94375E-02
3.84898E+00 8.19387E-02
3.81526E+00 9.45194E-02
3.78133E+00 1.07167E-01
3.74729E+00 1.18837E-01
3.71321E+00 1.31583E-01
3.67921E+00 1.43327E-01
3.64536E+00 1.56122E-01
3.61178E+00 1.67890E-01
3.57856E+00 1.79652E-01
3.54581E+00 1.91395E-01
3.51363E+00 2.03108E-01
3.48212E+00 2.14778E-01
3.45139E+00 2.25361E-01
3.42154E+00 2.36909E-01
3.39269E+00 2.48378E-01
3.36494E+00 2.58723E-01
3.33839E+00 2.68966E-01
3.31315E+00 2.80126E-01
3.28931E+00 2.90127E-01
3.26698E+00 2.99991E-01
3.24624E+00 3.09705E-01
3.22718E+00 3.19258E-01
3.20989E+00 3.29670E-01
3.19444E+00 3.38869E-01
3.18090E+00 3.47873E-01
3.16934E+00 3.55643E-01
3.15980E+00 3.64228E-01
3.15234E+00 3.72588E-01
3.14698E+00 3.80711E-01
3.14376E+00 3.88589E-01
3.14268E+00 3.96212E-01
