Will plot unflagged data


File # 1  = raise.vis
raise.vis 0.4786 GHz
Read 121 visibilities from all files

Baseline 1-5, plot 121 points
3.14268E+00 1.91413E-01
3.14376E+00 1.91413E-01
3.14698E+00 1.91412E-01
3.15234E+00 1.91412E-01
3.15980E+00 1.91411E-01
3.16934E+00 1.91410E-01
3.18090E+00 1.91409E-01
3.19444E+00 1.91407E-01
3.20989E+00 1.91406E-01
3.22718E+00 1.91404E-01
3.24623E+00 1.91402E-01
3.26697E+00 1.91400E-01
3.28931E+00 1.91397E-01
3.31315E+00 1.91395E-01
3.33839E+00 1.91392E-01
3.36494E+00 1.91389E-01
3.39269E+00 1.91386E-01
3.42154E+00 1.91383E-01
3.45138E+00 1.91380E-01
3.48211E+00 1.91376E-01
3.51362E+00 1.91372E-01
3.54581E+00 1.91369E-01
3.57856E+00 1.91365E-01
3.61178E+00 1.91361E-01
3.64536E+00 1.91357E-01
3.67921E+00 1.91353E-01
3.71321E+00 1.91349E-01
3.74729E+00 1.91345E-01
3.78133E+00 1.91340E-01
3.81526E+00 1.91336E-01
3.84898E+00 1.91332E-01
3.88241E+00 1.91328E-01
3.91546E+00 1.91323E-01
3.94806E+00 1.91319E-01
3.98012E+00 1.91315E-01
4.01158E+00 1.91310E-01
4.04236E+00 1.91306E-01
4.07239E+00 1.91303E-01
4.10161E+00 1.91299E-01
4.12996E+00 1.91294E-01
4.15738E+00 1.91291E-01
4.18380E+00 1.91287E-01
4.20919E+00 1.91284E-01
4.23348E+00 1.91281E-01
4.25664E+00 1.91278E-01
4.27861E+00 1.91274E-01
4.29936E+00 1.91271E-01
4.31884E+00 1.91269E-01
4.33702E+00 1.91267E-01
4.35387E+00 1.91263E-01
4.36936E+00 1.91262E-01
4.38345E+00 1.91260E-01
4.39613E+00 1.91257E-01
4.40737E+00 1.91256E-01
4.41715E+00 1.91255E-01
4.42545E+00 1.91254E-01
4.43226E+00 1.91253E-01
4.43758E+00 1.91252E-01
4.44138E+00 1.91252E-01
4.44366E+00 1.91250E-01
4.44442E+00 1.91250E-01
4.44366E+00 1.91250E-01
4.44138E+00 1.91251E-01
4.43758E+00 1.91252E-01
4.43227E+00 1.91253E-01
4.42545E+00 1.91254E-01
4.41715E+00 1.91255E-01
4.40737E+00 1.91256E-01
4.39613E+00 1.91257E-01
4.38345E+00 1.91260E-01
4.36936E+00 1.91262E-01
4.35387E+00 1.91263E-01
4.33702E+00 1.91267E-01
4.31884E+00 1.91269E-01
4.29936E+00 1.91271E-01
4.27861E+00 1.91274E-01
4.25664E+00 1.91278E-01
4.23348E+00 1.91281E-01
4.20919E+00 1.91284E-01
4.18380E+00 1.91287E-01
4.15738E+00 1.91291E-01
4.12996E+00 1.91294E-01
4.10161E+00 1.91299E-01
4.07239E+00 1.91303E-01
4.04236E+00 1.91306E-01
4.01158E+00 1.91310E-01
3.98012E+00 1.91315E-01
3.94806E+00 1.91319E-01
3.91546E+00 1.91323E-01
3.88241E+00 1.91328E-01
3.84898E+00 1.91332E-01
3.81526E+00 1.91336E-01
3.78133E+00 1.91340E-01
3.74729E+00 1.91345E-01
3.71321E+00 1.91349E-01
3.67921E+00 1.91353E-01
3.64536E+00 1.91357E-01
3.61178E+00 1.91361E-01
3.57856E+00 1.91365E-01
3.54581E+00 1.91369E-01
3.51363E+00 1.91372E-01
3.48212E+00 1.91376E-01
3.45139E+00 1.91380E-01
3.42154E+00 1.91383E-01
3.39269E+00 1.91386E-01
3.36494E+00 1.91389E-01
3.33839E+00 1.91392E-01
3.31315E+00 1.91395E-01
3.28931E+00 1.91397E-01
3.26698E+00 1.91400E-01
3.24624E+00 1.91402E-01
3.22718E+00 1.91404E-01
3.20989E+00 1.91406E-01
3.19444E+00 1.91407E-01
3.18090E+00 1.91409E-01
3.16934E+00 1.91410E-01
3.15980E+00 1.91411E-01
3.15234E+00 1.91412E-01
3.14698E+00 1.91412E-01
3.14376E+00 1.91413E-01
3.14268E+00 1.91413E-01
