Will plot unflagged data


File # 1  = raise.vis
raise.vis 4.7863 GHz
Read 121 visibilities from all files

Baseline 2-4, plot 121 points
2.24477E+01 7.50683E-01
2.24554E+01 7.54838E-01
2.24784E+01 7.58993E-01
2.25167E+01 7.63148E-01
2.25700E+01 7.67304E-01
2.26381E+01 7.71459E-01
2.27207E+01 7.75614E-01
2.28174E+01 7.79770E-01
2.29278E+01 7.83925E-01
2.30513E+01 7.88080E-01
2.31874E+01 7.92235E-01
2.33355E+01 7.96391E-01
2.34951E+01 8.00546E-01
2.36653E+01 8.04701E-01
2.38456E+01 8.08857E-01
2.40353E+01 8.13012E-01
2.42335E+01 8.17167E-01
2.44396E+01 8.21322E-01
2.46527E+01 8.25478E-01
2.48722E+01 8.29633E-01
2.50973E+01 8.33788E-01
2.53272E+01 8.37944E-01
2.55612E+01 8.42099E-01
2.57984E+01 8.46254E-01
2.60383E+01 8.50409E-01
2.62800E+01 8.54565E-01
2.65229E+01 8.58720E-01
2.67663E+01 8.62875E-01
2.70095E+01 8.67031E-01
2.72519E+01 8.71186E-01
2.74927E+01 8.75341E-01
2.77315E+01 8.79496E-01
2.79676E+01 8.83652E-01
2.82004E+01 8.87807E-01
2.84294E+01 8.91962E-01
2.86541E+01 8.96118E-01
2.88740E+01 9.00273E-01
2.90885E+01 9.04428E-01
2.92972E+01 9.08583E-01
2.94997E+01 9.12739E-01
2.96955E+01 9.16894E-01
2.98843E+01 9.21049E-01
3.00656E+01 9.25205E-01
3.02392E+01 9.29360E-01
3.04046E+01 9.33515E-01
3.05615E+01 9.37670E-01
3.07097E+01 9.41826E-01
3.08489E+01 9.45981E-01
3.09787E+01 9.50136E-01
3.10991E+01 9.54292E-01
3.12097E+01 9.58447E-01
3.13104E+01 9.62602E-01
3.14009E+01 9.66758E-01
3.14812E+01 9.70913E-01
3.15510E+01 9.75068E-01
3.16104E+01 9.79223E-01
3.16590E+01 9.83379E-01
3.16970E+01 9.87534E-01
3.17241E+01 9.91689E-01
3.17404E+01 9.95845E-01
3.17459E+01 1.00000E+00
3.17404E+01 1.00416E+00
3.17241E+01 1.00831E+00
3.16970E+01 1.01247E+00
3.16590E+01 1.01662E+00
3.16104E+01 1.02078E+00
3.15511E+01 1.02493E+00
3.14812E+01 1.02909E+00
3.14009E+01 1.03324E+00
3.13104E+01 1.03740E+00
3.12097E+01 1.04155E+00
3.10991E+01 1.04571E+00
3.09787E+01 1.04986E+00
3.08489E+01 1.05402E+00
3.07097E+01 1.05817E+00
3.05615E+01 1.06233E+00
3.04046E+01 1.06648E+00
3.02392E+01 1.07064E+00
3.00656E+01 1.07480E+00
2.98843E+01 1.07895E+00
2.96955E+01 1.08311E+00
2.94997E+01 1.08726E+00
2.92972E+01 1.09142E+00
2.90885E+01 1.09557E+00
2.88740E+01 1.09973E+00
2.86541E+01 1.10388E+00
2.84295E+01 1.10804E+00
2.82004E+01 1.11219E+00
2.79676E+01 1.11635E+00
2.77315E+01 1.12050E+00
2.74927E+01 1.12466E+00
2.72519E+01 1.12881E+00
2.70095E+01 1.13297E+00
2.67663E+01 1.13712E+00
2.65230E+01 1.14128E+00
2.62801E+01 1.14543E+00
2.60383E+01 1.14959E+00
2.57984E+01 1.15375E+00
2.55612E+01 1.15790E+00
2.53272E+01 1.16206E+00
2.50973E+01 1.16621E+00
2.48722E+01 1.17037E+00
2.46528E+01 1.17452E+00
2.44396E+01 1.17868E+00
2.42335E+01 1.18283E+00
2.40353E+01 1.18699E+00
2.38457E+01 1.19114E+00
2.36653E+01 1.19530E+00
2.34951E+01 1.19945E+00
2.33355E+01 1.20361E+00
2.31874E+01 1.20776E+00
2.30513E+01 1.21192E+00
2.29278E+01 1.21607E+00
2.28174E+01 1.22023E+00
2.27207E+01 1.22439E+00
2.26381E+01 1.22854E+00
2.25700E+01 1.23270E+00
2.25167E+01 1.23685E+00
2.24784E+01 1.24101E+00
2.24554E+01 1.24516E+00
2.24477E+01 1.24932E+00
