Will plot unflagged data


File # 1  = raise.vis
raise.vis 4.7863 GHz
Read 121 visibilities from all files

Baseline 2-4, plot 121 points
2.24477E+01 -2.74819E+00
2.24554E+01 -2.79862E+00
2.24784E+01 -2.84589E+00
2.25167E+01 -2.89211E+00
2.25700E+01 -2.93623E+00
2.26381E+01 -2.97822E+00
2.27207E+01 -3.01807E+00
2.28174E+01 -3.05682E+00
2.29278E+01 -3.09220E+00
2.30513E+01 -3.12605E+00
2.31874E+01 -3.15739E+00
2.33355E+01 -3.18724E+00
2.34951E+01 -3.21454E+00
2.36653E+01 -3.23928E+00
2.38456E+01 -3.26252E+00
2.40353E+01 -3.28311E+00
2.42335E+01 -3.30078E+00
2.44396E+01 -3.31763E+00
2.46527E+01 -3.33058E+00
2.48722E+01 -3.34271E+00
2.50973E+01 -3.35195E+00
2.53272E+01 -3.35829E+00
2.55612E+01 -3.36280E+00
2.57984E+01 -3.36527E+00
2.60383E+01 -3.36560E+00
2.62800E+01 -3.36382E+00
2.65229E+01 -3.35890E+00
2.67663E+01 -3.35187E+00
2.70095E+01 -3.34272E+00
2.72519E+01 -3.33145E+00
2.74927E+01 -3.31705E+00
2.77315E+01 -3.30159E+00
2.79676E+01 -3.28289E+00
2.82004E+01 -3.26291E+00
2.84294E+01 -3.23964E+00
2.86541E+01 -3.21515E+00
2.88740E+01 -3.18740E+00
2.90885E+01 -3.15844E+00
2.92972E+01 -3.12623E+00
2.94997E+01 -3.09283E+00
2.96955E+01 -3.05723E+00
2.98843E+01 -3.01943E+00
3.00656E+01 -2.97947E+00
3.02392E+01 -2.93734E+00
3.04046E+01 -2.89305E+00
3.05615E+01 -2.84757E+00
3.07097E+01 -2.79889E+00
3.08489E+01 -2.74908E+00
3.09787E+01 -2.69715E+00
3.10991E+01 -2.64416E+00
3.12097E+01 -2.58808E+00
3.13104E+01 -2.53100E+00
3.14009E+01 -2.47192E+00
3.14812E+01 -2.41191E+00
3.15510E+01 -2.34894E+00
3.16104E+01 -2.28511E+00
3.16590E+01 -2.21943E+00
3.16970E+01 -2.15296E+00
3.17241E+01 -2.08472E+00
3.17404E+01 -2.01476E+00
3.17459E+01 -1.94312E+00
3.17404E+01 -1.87089E+00
3.17241E+01 -1.79707E+00
3.16970E+01 -1.72172E+00
3.16590E+01 -1.64490E+00
3.16104E+01 -1.56769E+00
3.15511E+01 -1.48912E+00
3.14812E+01 -1.41028E+00
3.14009E+01 -1.32917E+00
3.13104E+01 -1.24790E+00
3.12097E+01 -1.16552E+00
3.10991E+01 -1.08311E+00
3.09787E+01 -9.98678E-01
3.08489E+01 -9.14353E-01
3.07097E+01 -8.29164E-01
3.05615E+01 -7.44205E-01
3.04046E+01 -6.57476E-01
3.02392E+01 -5.71094E-01
3.00656E+01 -4.84165E-01
2.98843E+01 -3.96792E-01
2.96955E+01 -3.09043E-01
2.94997E+01 -2.20985E-01
2.92972E+01 -1.32689E-01
2.90885E+01 -4.52615E-02
2.88740E+01 4.32904E-02
2.86541E+01 1.30826E-01
2.84295E+01 2.19338E-01
2.82004E+01 3.06694E-01
2.79676E+01 3.94902E-01
2.77315E+01 4.81859E-01
2.74927E+01 5.69470E-01
2.72519E+01 6.55473E-01
2.70095E+01 7.41881E-01
2.67663E+01 8.27607E-01
2.65230E+01 9.12586E-01
2.62801E+01 9.96747E-01
2.60383E+01 1.08106E+00
2.57984E+01 1.16443E+00
2.55612E+01 1.24685E+00
2.53272E+01 1.32814E+00
2.50973E+01 1.40805E+00
2.48722E+01 1.48759E+00
2.46528E+01 1.56672E+00
2.44396E+01 1.64331E+00
2.42335E+01 1.72041E+00
2.40353E+01 1.79488E+00
2.38457E+01 1.86878E+00
2.36653E+01 1.94183E+00
2.34951E+01 2.01283E+00
2.33355E+01 2.08280E+00
2.31874E+01 2.15170E+00
2.30513E+01 2.21846E+00
2.29278E+01 2.28407E+00
2.28174E+01 2.34751E+00
2.27207E+01 2.41064E+00
2.26381E+01 2.47113E+00
2.25700E+01 2.53003E+00
2.25167E+01 2.58732E+00
2.24784E+01 2.64295E+00
2.24554E+01 2.69588E+00
2.24477E+01 2.74818E+00
