Will plot unflagged data


File # 1  = raise.vis
raise.vis 4.7863 GHz
Read 121 visibilities from all files

Baseline 2-4, plot 121 points
2.24477E+01 7.82685E-02
2.24554E+01 7.82671E-02
2.24784E+01 7.82626E-02
2.25167E+01 7.82552E-02
2.25700E+01 7.82448E-02
2.26381E+01 7.82315E-02
2.27207E+01 7.82153E-02
2.28174E+01 7.81968E-02
2.29278E+01 7.81751E-02
2.30513E+01 7.81511E-02
2.31874E+01 7.81245E-02
2.33355E+01 7.80959E-02
2.34951E+01 7.80648E-02
2.36653E+01 7.80314E-02
2.38456E+01 7.79965E-02
2.40353E+01 7.79595E-02
2.42335E+01 7.79203E-02
2.44396E+01 7.78809E-02
2.46527E+01 7.78386E-02
2.48722E+01 7.77964E-02
2.50973E+01 7.77526E-02
2.53272E+01 7.77072E-02
2.55612E+01 7.76616E-02
2.57984E+01 7.76156E-02
2.60383E+01 7.75694E-02
2.62800E+01 7.75232E-02
2.65229E+01 7.74758E-02
2.67663E+01 7.74286E-02
2.70095E+01 7.73817E-02
2.72519E+01 7.73353E-02
2.74927E+01 7.72881E-02
2.77315E+01 7.72430E-02
2.79676E+01 7.71972E-02
2.82004E+01 7.71534E-02
2.84294E+01 7.71090E-02
2.86541E+01 7.70670E-02
2.88740E+01 7.70244E-02
2.90885E+01 7.69843E-02
2.92972E+01 7.69438E-02
2.94997E+01 7.69060E-02
2.96955E+01 7.68693E-02
2.98843E+01 7.68339E-02
3.00656E+01 7.67999E-02
3.02392E+01 7.67672E-02
3.04046E+01 7.67358E-02
3.05615E+01 7.67073E-02
3.07097E+01 7.66786E-02
3.08489E+01 7.66527E-02
3.09787E+01 7.66283E-02
3.10991E+01 7.66069E-02
3.12097E+01 7.65854E-02
3.13104E+01 7.65670E-02
3.14009E+01 7.65500E-02
3.14812E+01 7.65361E-02
3.15510E+01 7.65222E-02
3.16104E+01 7.65113E-02
3.16590E+01 7.65020E-02
3.16970E+01 7.64958E-02
3.17241E+01 7.64911E-02
3.17404E+01 7.64880E-02
3.17459E+01 7.64865E-02
3.17404E+01 7.64880E-02
3.17241E+01 7.64911E-02
3.16970E+01 7.64958E-02
3.16590E+01 7.65020E-02
3.16104E+01 7.65113E-02
3.15511E+01 7.65222E-02
3.14812E+01 7.65361E-02
3.14009E+01 7.65500E-02
3.13104E+01 7.65670E-02
3.12097E+01 7.65855E-02
3.10991E+01 7.66069E-02
3.09787E+01 7.66283E-02
3.08489E+01 7.66527E-02
3.07097E+01 7.66786E-02
3.05615E+01 7.67073E-02
3.04046E+01 7.67358E-02
3.02392E+01 7.67672E-02
3.00656E+01 7.67999E-02
2.98843E+01 7.68339E-02
2.96955E+01 7.68693E-02
2.94997E+01 7.69060E-02
2.92972E+01 7.69438E-02
2.90885E+01 7.69843E-02
2.88740E+01 7.70244E-02
2.86541E+01 7.70670E-02
2.84295E+01 7.71090E-02
2.82004E+01 7.71534E-02
2.79676E+01 7.71972E-02
2.77315E+01 7.72430E-02
2.74927E+01 7.72881E-02
2.72519E+01 7.73353E-02
2.70095E+01 7.73817E-02
2.67663E+01 7.74286E-02
2.65230E+01 7.74758E-02
2.62801E+01 7.75232E-02
2.60383E+01 7.75694E-02
2.57984E+01 7.76156E-02
2.55612E+01 7.76616E-02
2.53272E+01 7.77072E-02
2.50973E+01 7.77526E-02
2.48722E+01 7.77964E-02
2.46528E+01 7.78386E-02
2.44396E+01 7.78809E-02
2.42335E+01 7.79203E-02
2.40353E+01 7.79595E-02
2.38457E+01 7.79965E-02
2.36653E+01 7.80314E-02
2.34951E+01 7.80648E-02
2.33355E+01 7.80959E-02
2.31874E+01 7.81245E-02
2.30513E+01 7.81511E-02
2.29278E+01 7.81751E-02
2.28174E+01 7.81968E-02
2.27207E+01 7.82153E-02
2.26381E+01 7.82315E-02
2.25700E+01 7.82448E-02
2.25167E+01 7.82552E-02
2.24784E+01 7.82626E-02
2.24554E+01 7.82671E-02
2.24477E+01 7.82685E-02
