Will plot unflagged data


File # 1  = raise.vis
raise.vis 15.1356 GHz
Read 121 visibilities from all files

Baseline 1-4, plot 121 points
7.64464E+01 2.48874E-01
7.64726E+01 2.48733E-01
7.65510E+01 2.48312E-01
7.66813E+01 2.47627E-01
7.68629E+01 2.46695E-01
7.70948E+01 2.45546E-01
7.73761E+01 2.44210E-01
7.77054E+01 2.42728E-01
7.80812E+01 2.41133E-01
7.85018E+01 2.39455E-01
7.89653E+01 2.37732E-01
7.94698E+01 2.35989E-01
8.00131E+01 2.34239E-01
8.05930E+01 2.32500E-01
8.12070E+01 2.30785E-01
8.18528E+01 2.29094E-01
8.25279E+01 2.27431E-01
8.32297E+01 2.25808E-01
8.39556E+01 2.24222E-01
8.47031E+01 2.22675E-01
8.54697E+01 2.21172E-01
8.62525E+01 2.19711E-01
8.70493E+01 2.18300E-01
8.78573E+01 2.16936E-01
8.86742E+01 2.15621E-01
8.94975E+01 2.14350E-01
9.03247E+01 2.13130E-01
9.11535E+01 2.11951E-01
9.19817E+01 2.10819E-01
9.28070E+01 2.09732E-01
9.36273E+01 2.08691E-01
9.44404E+01 2.07693E-01
9.52444E+01 2.06734E-01
9.60374E+01 2.05820E-01
9.68173E+01 2.04950E-01
9.75825E+01 2.04117E-01
9.83312E+01 2.03325E-01
9.90617E+01 2.02568E-01
9.97726E+01 2.01851E-01
1.00462E+02 2.01171E-01
1.01129E+02 2.00526E-01
1.01772E+02 1.99914E-01
1.02389E+02 1.99340E-01
1.02980E+02 1.98800E-01
1.03544E+02 1.98292E-01
1.04078E+02 1.97820E-01
1.04583E+02 1.97378E-01
1.05057E+02 1.96970E-01
1.05499E+02 1.96594E-01
1.05909E+02 1.96250E-01
1.06286E+02 1.95937E-01
1.06628E+02 1.95655E-01
1.06937E+02 1.95402E-01
1.07210E+02 1.95179E-01
1.07448E+02 1.94987E-01
1.07650E+02 1.94826E-01
1.07816E+02 1.94692E-01
1.07945E+02 1.94589E-01
1.08037E+02 1.94517E-01
1.08093E+02 1.94471E-01
1.08112E+02 1.94456E-01
1.08093E+02 1.94471E-01
1.08037E+02 1.94517E-01
1.07945E+02 1.94589E-01
1.07816E+02 1.94692E-01
1.07650E+02 1.94826E-01
1.07448E+02 1.94987E-01
1.07210E+02 1.95179E-01
1.06937E+02 1.95402E-01
1.06628E+02 1.95655E-01
1.06286E+02 1.95937E-01
1.05909E+02 1.96250E-01
1.05499E+02 1.96594E-01
1.05057E+02 1.96970E-01
1.04583E+02 1.97378E-01
1.04078E+02 1.97820E-01
1.03544E+02 1.98292E-01
1.02980E+02 1.98800E-01
1.02389E+02 1.99340E-01
1.01772E+02 1.99914E-01
1.01129E+02 2.00526E-01
1.00462E+02 2.01171E-01
9.97726E+01 2.01851E-01
9.90618E+01 2.02568E-01
9.83312E+01 2.03325E-01
9.75826E+01 2.04117E-01
9.68174E+01 2.04950E-01
9.60374E+01 2.05820E-01
9.52445E+01 2.06734E-01
9.44405E+01 2.07693E-01
9.36273E+01 2.08691E-01
9.28071E+01 2.09732E-01
9.19818E+01 2.10819E-01
9.11536E+01 2.11950E-01
9.03247E+01 2.13130E-01
8.94975E+01 2.14350E-01
8.86743E+01 2.15621E-01
8.78574E+01 2.16936E-01
8.70493E+01 2.18300E-01
8.62526E+01 2.19711E-01
8.54697E+01 2.21172E-01
8.47032E+01 2.22675E-01
8.39557E+01 2.24222E-01
8.32297E+01 2.25808E-01
8.25279E+01 2.27431E-01
8.18529E+01 2.29089E-01
8.12071E+01 2.30785E-01
8.05930E+01 2.32500E-01
8.00132E+01 2.34239E-01
7.94699E+01 2.35989E-01
7.89654E+01 2.37732E-01
7.85018E+01 2.39455E-01
7.80812E+01 2.41133E-01
7.77054E+01 2.42728E-01
7.73761E+01 2.44210E-01
7.70948E+01 2.45546E-01
7.68629E+01 2.46695E-01
7.66813E+01 2.47627E-01
7.65510E+01 2.48311E-01
7.64726E+01 2.48733E-01
7.64464E+01 2.48874E-01
