Will plot unflagged data


File # 1  = raise.vis
raise.vis 15.1356 GHz
Read 121 visibilities from all files

Baseline 1-4, plot 121 points
7.64464E+01 7.50683E-01
7.64726E+01 7.54838E-01
7.65510E+01 7.58993E-01
7.66813E+01 7.63148E-01
7.68629E+01 7.67304E-01
7.70948E+01 7.71459E-01
7.73761E+01 7.75614E-01
7.77054E+01 7.79770E-01
7.80812E+01 7.83925E-01
7.85018E+01 7.88080E-01
7.89653E+01 7.92235E-01
7.94698E+01 7.96391E-01
8.00131E+01 8.00546E-01
8.05930E+01 8.04701E-01
8.12070E+01 8.08857E-01
8.18528E+01 8.13012E-01
8.25279E+01 8.17167E-01
8.32297E+01 8.21322E-01
8.39556E+01 8.25478E-01
8.47031E+01 8.29633E-01
8.54697E+01 8.33788E-01
8.62525E+01 8.37944E-01
8.70493E+01 8.42099E-01
8.78573E+01 8.46254E-01
8.86742E+01 8.50409E-01
8.94975E+01 8.54565E-01
9.03247E+01 8.58720E-01
9.11535E+01 8.62875E-01
9.19817E+01 8.67031E-01
9.28070E+01 8.71186E-01
9.36273E+01 8.75341E-01
9.44404E+01 8.79496E-01
9.52444E+01 8.83652E-01
9.60374E+01 8.87807E-01
9.68173E+01 8.91962E-01
9.75825E+01 8.96118E-01
9.83312E+01 9.00273E-01
9.90617E+01 9.04428E-01
9.97726E+01 9.08583E-01
1.00462E+02 9.12739E-01
1.01129E+02 9.16894E-01
1.01772E+02 9.21049E-01
1.02389E+02 9.25205E-01
1.02980E+02 9.29360E-01
1.03544E+02 9.33515E-01
1.04078E+02 9.37670E-01
1.04583E+02 9.41826E-01
1.05057E+02 9.45981E-01
1.05499E+02 9.50136E-01
1.05909E+02 9.54292E-01
1.06286E+02 9.58447E-01
1.06628E+02 9.62602E-01
1.06937E+02 9.66758E-01
1.07210E+02 9.70913E-01
1.07448E+02 9.75068E-01
1.07650E+02 9.79223E-01
1.07816E+02 9.83379E-01
1.07945E+02 9.87534E-01
1.08037E+02 9.91689E-01
1.08093E+02 9.95845E-01
1.08112E+02 1.00000E+00
1.08093E+02 1.00416E+00
1.08037E+02 1.00831E+00
1.07945E+02 1.01247E+00
1.07816E+02 1.01662E+00
1.07650E+02 1.02078E+00
1.07448E+02 1.02493E+00
1.07210E+02 1.02909E+00
1.06937E+02 1.03324E+00
1.06628E+02 1.03740E+00
1.06286E+02 1.04155E+00
1.05909E+02 1.04571E+00
1.05499E+02 1.04986E+00
1.05057E+02 1.05402E+00
1.04583E+02 1.05817E+00
1.04078E+02 1.06233E+00
1.03544E+02 1.06648E+00
1.02980E+02 1.07064E+00
1.02389E+02 1.07480E+00
1.01772E+02 1.07895E+00
1.01129E+02 1.08311E+00
1.00462E+02 1.08726E+00
9.97726E+01 1.09142E+00
9.90618E+01 1.09557E+00
9.83312E+01 1.09973E+00
9.75826E+01 1.10388E+00
9.68174E+01 1.10804E+00
9.60374E+01 1.11219E+00
9.52445E+01 1.11635E+00
9.44405E+01 1.12050E+00
9.36273E+01 1.12466E+00
9.28071E+01 1.12881E+00
9.19818E+01 1.13297E+00
9.11536E+01 1.13712E+00
9.03247E+01 1.14128E+00
8.94975E+01 1.14543E+00
8.86743E+01 1.14959E+00
8.78574E+01 1.15375E+00
8.70493E+01 1.15790E+00
8.62526E+01 1.16206E+00
8.54697E+01 1.16621E+00
8.47032E+01 1.17037E+00
8.39557E+01 1.17452E+00
8.32297E+01 1.17868E+00
8.25279E+01 1.18283E+00
8.18529E+01 1.18699E+00
8.12071E+01 1.19114E+00
8.05930E+01 1.19530E+00
8.00132E+01 1.19945E+00
7.94699E+01 1.20361E+00
7.89654E+01 1.20776E+00
7.85018E+01 1.21192E+00
7.80812E+01 1.21607E+00
7.77054E+01 1.22023E+00
7.73761E+01 1.22439E+00
7.70948E+01 1.22854E+00
7.68629E+01 1.23270E+00
7.66813E+01 1.23685E+00
7.65510E+01 1.24101E+00
7.64726E+01 1.24516E+00
7.64464E+01 1.24932E+00
