Will plot unflagged data


File # 1  = raise.vis
raise.vis 15.1356 GHz
Read 121 visibilities from all files

Baseline 1-4, plot 121 points
7.64464E+01 -2.06901E+01
7.64726E+01 -2.10666E+01
7.65510E+01 -2.14273E+01
7.66813E+01 -2.17747E+01
7.68629E+01 -2.21065E+01
7.70948E+01 -2.24230E+01
7.73761E+01 -2.27239E+01
7.77054E+01 -2.30098E+01
7.80812E+01 -2.32801E+01
7.85018E+01 -2.35334E+01
7.89653E+01 -2.37713E+01
7.94698E+01 -2.39935E+01
8.00131E+01 -2.41984E+01
8.05930E+01 -2.43868E+01
8.12070E+01 -2.45592E+01
8.18528E+01 -2.47143E+01
8.25279E+01 -2.48517E+01
8.32297E+01 -2.49731E+01
8.39556E+01 -2.50772E+01
8.47031E+01 -2.51638E+01
8.54697E+01 -2.52334E+01
8.62525E+01 -2.52849E+01
8.70493E+01 -2.53200E+01
8.78573E+01 -2.53374E+01
8.86742E+01 -2.53381E+01
8.94975E+01 -2.53206E+01
9.03247E+01 -2.52869E+01
9.11535E+01 -2.52345E+01
9.19817E+01 -2.51654E+01
9.28070E+01 -2.50789E+01
9.36273E+01 -2.49755E+01
9.44404E+01 -2.48551E+01
9.52444E+01 -2.47162E+01
9.60374E+01 -2.45615E+01
9.68173E+01 -2.43907E+01
9.75825E+01 -2.42024E+01
9.83312E+01 -2.39977E+01
9.90617E+01 -2.37760E+01
9.97726E+01 -2.35386E+01
1.00462E+02 -2.32853E+01
1.01129E+02 -2.30156E+01
1.01772E+02 -2.27296E+01
1.02389E+02 -2.24287E+01
1.02980E+02 -2.21124E+01
1.03544E+02 -2.17805E+01
1.04078E+02 -2.14347E+01
1.04583E+02 -2.10730E+01
1.05057E+02 -2.06972E+01
1.05499E+02 -2.03077E+01
1.05909E+02 -1.99041E+01
1.06286E+02 -1.94868E+01
1.06628E+02 -1.90565E+01
1.06937E+02 -1.86125E+01
1.07210E+02 -1.81555E+01
1.07448E+02 -1.76867E+01
1.07650E+02 -1.72059E+01
1.07816E+02 -1.67126E+01
1.07945E+02 -1.62082E+01
1.08037E+02 -1.56930E+01
1.08093E+02 -1.51664E+01
1.08112E+02 -1.46296E+01
1.08093E+02 -1.40832E+01
1.08037E+02 -1.35274E+01
1.07945E+02 -1.29616E+01
1.07816E+02 -1.23872E+01
1.07650E+02 -1.18047E+01
1.07448E+02 -1.12134E+01
1.07210E+02 -1.06145E+01
1.06937E+02 -1.00091E+01
1.06628E+02 -9.39644E+00
1.06286E+02 -8.77685E+00
1.05909E+02 -8.15146E+00
1.05499E+02 -7.52049E+00
1.05057E+02 -6.88425E+00
1.04583E+02 -6.24365E+00
1.04078E+02 -5.59916E+00
1.03544E+02 -4.94964E+00
1.02980E+02 -4.29780E+00
1.02389E+02 -3.64245E+00
1.01772E+02 -2.98463E+00
1.01129E+02 -2.32551E+00
1.00462E+02 -1.66419E+00
9.97726E+01 -1.00134E+00
9.90618E+01 -3.38033E-01
9.83312E+01 3.24971E-01
9.75826E+01 9.88284E-01
9.68174E+01 1.65068E+00
9.60374E+01 2.31280E+00
9.52445E+01 2.97252E+00
9.44405E+01 3.62914E+00
9.36273E+01 4.28472E+00
9.28071E+01 4.93727E+00
9.19818E+01 5.58604E+00
9.11536E+01 6.23126E+00
9.03247E+01 6.87158E+00
8.94975E+01 7.50851E+00
8.86743E+01 8.13920E+00
8.78574E+01 8.76507E+00
8.70493E+01 9.38439E+00
8.62526E+01 9.99756E+00
8.54697E+01 1.06029E+01
8.47032E+01 1.12019E+01
8.39557E+01 1.17928E+01
8.32297E+01 1.23760E+01
8.25279E+01 1.29510E+01
8.18529E+01 1.35170E+01
8.12071E+01 1.40725E+01
8.05930E+01 1.46199E+01
8.00132E+01 1.51565E+01
7.94699E+01 1.56827E+01
7.89654E+01 1.61989E+01
7.85018E+01 1.67035E+01
7.80812E+01 1.71959E+01
7.77054E+01 1.76775E+01
7.73761E+01 1.81468E+01
7.70948E+01 1.86032E+01
7.68629E+01 1.90470E+01
7.66813E+01 1.94779E+01
7.65510E+01 1.98962E+01
7.64726E+01 2.02994E+01
7.64464E+01 2.06901E+01
