Will plot unflagged data


File # 1  = raise.vis
raise.vis 4.7863 GHz
Read 121 visibilities from all files

Baseline 2-3, plot 121 points
1.77855E+01 -2.17741E+00
1.77916E+01 -2.21720E+00
1.78098E+01 -2.25532E+00
1.78402E+01 -2.29178E+00
1.78824E+01 -2.32656E+00
1.79364E+01 -2.35963E+00
1.80018E+01 -2.39095E+00
1.80784E+01 -2.42154E+00
1.81658E+01 -2.45034E+00
1.82637E+01 -2.47634E+00
1.83715E+01 -2.50136E+00
1.84889E+01 -2.52533E+00
1.86153E+01 -2.54722E+00
1.87502E+01 -2.56599E+00
1.88931E+01 -2.58470E+00
1.90433E+01 -2.60025E+00
1.92004E+01 -2.61569E+00
1.93637E+01 -2.62794E+00
1.95326E+01 -2.63905E+00
1.97065E+01 -2.64791E+00
1.98848E+01 -2.65537E+00
2.00669E+01 -2.66146E+00
2.02523E+01 -2.66515E+00
2.04403E+01 -2.66642E+00
2.06303E+01 -2.66630E+00
2.08219E+01 -2.66477E+00
2.10143E+01 -2.66079E+00
2.12072E+01 -2.65539E+00
2.13998E+01 -2.64857E+00
2.15919E+01 -2.63930E+00
2.17827E+01 -2.62849E+00
2.19719E+01 -2.61611E+00
2.21589E+01 -2.60112E+00
2.23434E+01 -2.58458E+00
2.25249E+01 -2.56648E+00
2.27029E+01 -2.54683E+00
2.28771E+01 -2.52563E+00
2.30470E+01 -2.50185E+00
2.32124E+01 -2.47756E+00
2.33728E+01 -2.45069E+00
2.35280E+01 -2.42228E+00
2.36776E+01 -2.39235E+00
2.38212E+01 -2.35988E+00
2.39587E+01 -2.32693E+00
2.40898E+01 -2.29249E+00
2.42141E+01 -2.25552E+00
2.43315E+01 -2.21805E+00
2.44418E+01 -2.17807E+00
2.45447E+01 -2.13764E+00
2.46400E+01 -2.09474E+00
2.47277E+01 -2.05041E+00
2.48074E+01 -2.00572E+00
2.48792E+01 -1.95862E+00
2.49428E+01 -1.91122E+00
2.49981E+01 -1.86146E+00
2.50451E+01 -1.81042E+00
2.50837E+01 -1.75916E+00
2.51138E+01 -1.70564E+00
2.51353E+01 -1.65197E+00
2.51482E+01 -1.59611E+00
2.51525E+01 -1.54016E+00
2.51482E+01 -1.48211E+00
2.51353E+01 -1.42405E+00
2.51138E+01 -1.36397E+00
2.50837E+01 -1.30396E+00
2.50451E+01 -1.24200E+00
2.49981E+01 -1.18022E+00
2.49428E+01 -1.11762E+00
2.48792E+01 -1.05321E+00
2.48075E+01 -9.89108E-01
2.47277E+01 -9.23301E-01
2.46400E+01 -8.57902E-01
2.45447E+01 -7.91929E-01
2.44418E+01 -7.24400E-01
2.43315E+01 -6.57428E-01
2.42141E+01 -5.89003E-01
2.40898E+01 -5.21228E-01
2.39587E+01 -4.52135E-01
2.38212E+01 -3.82834E-01
2.36776E+01 -3.14415E-01
2.35280E+01 -2.44875E-01
2.33729E+01 -1.75302E-01
2.32124E+01 -1.05754E-01
2.30470E+01 -3.52564E-02
2.28771E+01 3.40637E-02
2.27029E+01 1.04212E-01
2.25249E+01 1.74094E-01
2.23434E+01 2.43650E-01
2.21589E+01 3.12821E-01
2.19719E+01 3.81553E-01
2.17827E+01 4.50829E-01
2.15919E+01 5.19577E-01
2.13999E+01 5.87695E-01
2.12072E+01 6.56038E-01
2.10143E+01 7.23535E-01
2.08219E+01 7.90136E-01
2.06304E+01 8.56819E-01
2.04403E+01 9.22497E-01
2.02523E+01 9.87108E-01
2.00669E+01 1.05163E+00
1.98848E+01 1.11601E+00
1.97065E+01 1.17918E+00
1.95326E+01 1.24112E+00
1.93637E+01 1.30266E+00
1.92004E+01 1.36263E+00
1.90433E+01 1.42308E+00
1.88931E+01 1.48087E+00
1.87502E+01 1.53904E+00
1.86153E+01 1.59445E+00
1.84889E+01 1.65015E+00
1.83716E+01 1.70507E+00
1.82637E+01 1.75816E+00
1.81658E+01 1.80931E+00
1.80784E+01 1.86036E+00
1.80018E+01 1.91025E+00
1.79364E+01 1.95793E+00
1.78824E+01 2.00440E+00
1.78402E+01 2.04962E+00
1.78098E+01 2.09353E+00
1.77916E+01 2.13613E+00
1.77855E+01 2.17741E+00
