Will plot unflagged data


File # 1  = raise.vis
raise.vis 4.7863 GHz
Read 121 visibilities from all files

Baseline 2-3, plot 121 points
1.77855E+01 7.82764E-02
1.77916E+01 7.82754E-02
1.78098E+01 7.82726E-02
1.78402E+01 7.82680E-02
1.78824E+01 7.82614E-02
1.79364E+01 7.82530E-02
1.80018E+01 7.82427E-02
1.80784E+01 7.82309E-02
1.81658E+01 7.82173E-02
1.82637E+01 7.82017E-02
1.83715E+01 7.81848E-02
1.84889E+01 7.81667E-02
1.86153E+01 7.81470E-02
1.87502E+01 7.81251E-02
1.88931E+01 7.81029E-02
1.90433E+01 7.80785E-02
1.92004E+01 7.80540E-02
1.93637E+01 7.80276E-02
1.95326E+01 7.80007E-02
1.97065E+01 7.79725E-02
1.98848E+01 7.79439E-02
2.00669E+01 7.79150E-02
2.02523E+01 7.78850E-02
2.04403E+01 7.78540E-02
2.06303E+01 7.78229E-02
2.08219E+01 7.77919E-02
2.10143E+01 7.77601E-02
2.12072E+01 7.77285E-02
2.13998E+01 7.76973E-02
2.15919E+01 7.76655E-02
2.17827E+01 7.76341E-02
2.19719E+01 7.76032E-02
2.21589E+01 7.75717E-02
2.23434E+01 7.75409E-02
2.25249E+01 7.75107E-02
2.27029E+01 7.74814E-02
2.28771E+01 7.74528E-02
2.30470E+01 7.74239E-02
2.32124E+01 7.73972E-02
2.33728E+01 7.73702E-02
2.35280E+01 7.73443E-02
2.36776E+01 7.73195E-02
2.38212E+01 7.72944E-02
2.39587E+01 7.72718E-02
2.40898E+01 7.72505E-02
2.42141E+01 7.72290E-02
2.43315E+01 7.72100E-02
2.44418E+01 7.71910E-02
2.45447E+01 7.71745E-02
2.46400E+01 7.71580E-02
2.47277E+01 7.71428E-02
2.48074E+01 7.71303E-02
2.48792E+01 7.71177E-02
2.49428E+01 7.71079E-02
2.49981E+01 7.70981E-02
2.50451E+01 7.70896E-02
2.50837E+01 7.70840E-02
2.51138E+01 7.70784E-02
2.51353E+01 7.70755E-02
2.51482E+01 7.70727E-02
2.51525E+01 7.70727E-02
2.51482E+01 7.70727E-02
2.51353E+01 7.70755E-02
2.51138E+01 7.70784E-02
2.50837E+01 7.70840E-02
2.50451E+01 7.70896E-02
2.49981E+01 7.70981E-02
2.49428E+01 7.71079E-02
2.48792E+01 7.71177E-02
2.48075E+01 7.71303E-02
2.47277E+01 7.71428E-02
2.46400E+01 7.71580E-02
2.45447E+01 7.71745E-02
2.44418E+01 7.71910E-02
2.43315E+01 7.72100E-02
2.42141E+01 7.72290E-02
2.40898E+01 7.72505E-02
2.39587E+01 7.72718E-02
2.38212E+01 7.72944E-02
2.36776E+01 7.73194E-02
2.35280E+01 7.73443E-02
2.33729E+01 7.73702E-02
2.32124E+01 7.73972E-02
2.30470E+01 7.74239E-02
2.28771E+01 7.74528E-02
2.27029E+01 7.74813E-02
2.25249E+01 7.75107E-02
2.23434E+01 7.75409E-02
2.21589E+01 7.75717E-02
2.19719E+01 7.76032E-02
2.17827E+01 7.76341E-02
2.15919E+01 7.76655E-02
2.13999E+01 7.76973E-02
2.12072E+01 7.77285E-02
2.10143E+01 7.77600E-02
2.08219E+01 7.77919E-02
2.06304E+01 7.78229E-02
2.04403E+01 7.78540E-02
2.02523E+01 7.78850E-02
2.00669E+01 7.79150E-02
1.98848E+01 7.79439E-02
1.97065E+01 7.79725E-02
1.95326E+01 7.80007E-02
1.93637E+01 7.80276E-02
1.92004E+01 7.80540E-02
1.90433E+01 7.80785E-02
1.88931E+01 7.81028E-02
1.87502E+01 7.81251E-02
1.86153E+01 7.81470E-02
1.84889E+01 7.81667E-02
1.83716E+01 7.81848E-02
1.82637E+01 7.82017E-02
1.81658E+01 7.82173E-02
1.80784E+01 7.82308E-02
1.80018E+01 7.82427E-02
1.79364E+01 7.82530E-02
1.78824E+01 7.82614E-02
1.78402E+01 7.82680E-02
1.78098E+01 7.82726E-02
1.77916E+01 7.82754E-02
1.77855E+01 7.82764E-02
