Will plot unflagged data


File # 1  = raise.vis
raise.vis 4.7863 GHz
Read 121 visibilities from all files

Baseline 3-4, plot 121 points
4.66222E+00 -1.26182E+00
4.66382E+00 -1.28449E+00
4.66860E+00 -1.30723E+00
4.67655E+00 -1.32799E+00
4.68762E+00 -1.34879E+00
4.70177E+00 -1.36756E+00
4.71892E+00 -1.38633E+00
4.73900E+00 -1.40302E+00
4.76192E+00 -1.41967E+00
4.78757E+00 -1.43522E+00
4.81584E+00 -1.44965E+00
4.84661E+00 -1.46293E+00
4.87974E+00 -1.47609E+00
4.91511E+00 -1.48703E+00
4.95256E+00 -1.49780E+00
4.99194E+00 -1.50737E+00
5.03311E+00 -1.51570E+00
5.07591E+00 -1.52271E+00
5.12018E+00 -1.52941E+00
5.16577E+00 -1.53475E+00
5.21252E+00 -1.53874E+00
5.26026E+00 -1.54239E+00
5.30886E+00 -1.54465E+00
5.35814E+00 -1.54551E+00
5.40795E+00 -1.54497E+00
5.45816E+00 -1.54405E+00
5.50861E+00 -1.54169E+00
5.55916E+00 -1.53893E+00
5.60967E+00 -1.53472E+00
5.66000E+00 -1.52906E+00
5.71003E+00 -1.52296E+00
5.75962E+00 -1.51541E+00
5.80865E+00 -1.50741E+00
5.85701E+00 -1.49795E+00
5.90458E+00 -1.48701E+00
5.95124E+00 -1.47563E+00
5.99690E+00 -1.46376E+00
6.04146E+00 -1.45038E+00
6.08481E+00 -1.43549E+00
6.12686E+00 -1.42012E+00
6.16753E+00 -1.40428E+00
6.20674E+00 -1.38591E+00
6.24440E+00 -1.36811E+00
6.28044E+00 -1.34882E+00
6.31479E+00 -1.32806E+00
6.34739E+00 -1.30685E+00
6.37817E+00 -1.28522E+00
6.40707E+00 -1.26214E+00
6.43404E+00 -1.23864E+00
6.45904E+00 -1.21372E+00
6.48201E+00 -1.18841E+00
6.50292E+00 -1.16169E+00
6.52173E+00 -1.13462E+00
6.53840E+00 -1.10720E+00
6.55291E+00 -1.07842E+00
6.56523E+00 -1.04934E+00
6.57534E+00 -1.01892E+00
6.58322E+00 -9.88239E-01
6.58886E+00 -9.57299E-01
6.59224E+00 -9.25091E-01
6.59337E+00 -8.92672E-01
6.59224E+00 -8.59031E-01
6.58886E+00 -8.25221E-01
6.58322E+00 -7.90236E-01
6.57534E+00 -7.55132E-01
6.56523E+00 -7.19936E-01
6.55291E+00 -6.83640E-01
6.53840E+00 -6.47304E-01
6.52173E+00 -6.09924E-01
6.50292E+00 -5.72560E-01
6.48201E+00 -5.35241E-01
6.45904E+00 -4.96965E-01
6.43405E+00 -4.58794E-01
6.40707E+00 -4.19727E-01
6.37817E+00 -3.80829E-01
6.34739E+00 -3.41097E-01
6.31480E+00 -3.01598E-01
6.28044E+00 -2.62364E-01
6.24440E+00 -2.22397E-01
6.20674E+00 -1.81728E-01
6.16754E+00 -1.42457E-01
6.12686E+00 -1.01521E-01
6.08481E+00 -6.10171E-02
6.04146E+00 -2.09769E-02
5.99691E+00 1.95956E-02
5.95125E+00 6.06671E-02
5.90458E+00 1.01168E-01
5.85701E+00 1.41027E-01
5.80865E+00 1.81234E-01
5.75962E+00 2.21753E-01
5.71003E+00 2.61521E-01
5.66000E+00 3.01529E-01
5.60967E+00 3.40712E-01
5.55916E+00 3.80064E-01
5.50861E+00 4.19548E-01
5.45817E+00 4.58094E-01
5.40796E+00 4.96697E-01
5.35814E+00 5.34286E-01
5.30886E+00 5.71857E-01
5.26027E+00 6.09373E-01
5.21252E+00 6.46798E-01
5.16577E+00 6.83065E-01
5.12019E+00 7.19172E-01
5.07591E+00 7.55089E-01
5.03311E+00 7.89760E-01
4.99194E+00 8.24174E-01
4.95256E+00 8.58223E-01
4.91511E+00 8.91864E-01
4.87975E+00 9.24041E-01
4.84661E+00 9.56785E-01
4.81584E+00 9.88002E-01
4.78757E+00 1.01869E+00
4.76192E+00 1.04882E+00
4.73900E+00 1.07836E+00
4.71892E+00 1.10624E+00
4.70177E+00 1.13449E+00
4.68762E+00 1.16103E+00
4.67655E+00 1.18788E+00
4.66860E+00 1.21295E+00
4.66382E+00 1.23829E+00
4.66222E+00 1.26182E+00
