Will plot unflagged data


File # 1  = raise.vis
raise.vis 4.7863 GHz
Read 121 visibilities from all files

Baseline 3-4, plot 121 points
4.66222E+00 5.76941E-01
4.66382E+00 5.76938E-01
4.66860E+00 5.76930E-01
4.67655E+00 5.76915E-01
4.68762E+00 5.76896E-01
4.70177E+00 5.76870E-01
4.71892E+00 5.76839E-01
4.73900E+00 5.76801E-01
4.76192E+00 5.76760E-01
4.78757E+00 5.76712E-01
4.81584E+00 5.76660E-01
4.84661E+00 5.76602E-01
4.87974E+00 5.76541E-01
4.91511E+00 5.76473E-01
4.95256E+00 5.76403E-01
4.99194E+00 5.76329E-01
5.03311E+00 5.76250E-01
5.07591E+00 5.76166E-01
5.12018E+00 5.76082E-01
5.16577E+00 5.75994E-01
5.21252E+00 5.75902E-01
5.26026E+00 5.75810E-01
5.30886E+00 5.75715E-01
5.35814E+00 5.75616E-01
5.40795E+00 5.75514E-01
5.45816E+00 5.75413E-01
5.50861E+00 5.75310E-01
5.55916E+00 5.75209E-01
5.60967E+00 5.75105E-01
5.66000E+00 5.74999E-01
5.71003E+00 5.74897E-01
5.75962E+00 5.74792E-01
5.80865E+00 5.74692E-01
5.85701E+00 5.74590E-01
5.90458E+00 5.74486E-01
5.95124E+00 5.74388E-01
5.99690E+00 5.74294E-01
6.04146E+00 5.74200E-01
6.08481E+00 5.74104E-01
6.12686E+00 5.74013E-01
6.16753E+00 5.73930E-01
6.20674E+00 5.73837E-01
6.24440E+00 5.73759E-01
6.28044E+00 5.73681E-01
6.31479E+00 5.73601E-01
6.34739E+00 5.73529E-01
6.37817E+00 5.73464E-01
6.40707E+00 5.73399E-01
6.43404E+00 5.73341E-01
6.45904E+00 5.73283E-01
6.48201E+00 5.73233E-01
6.50292E+00 5.73183E-01
6.52173E+00 5.73140E-01
6.53840E+00 5.73107E-01
6.55291E+00 5.73072E-01
6.56523E+00 5.73047E-01
6.57534E+00 5.73021E-01
6.58322E+00 5.73004E-01
6.58886E+00 5.72996E-01
6.59224E+00 5.72987E-01
6.59337E+00 5.72987E-01
6.59224E+00 5.72987E-01
6.58886E+00 5.72996E-01
6.58322E+00 5.73004E-01
6.57534E+00 5.73021E-01
6.56523E+00 5.73047E-01
6.55291E+00 5.73073E-01
6.53840E+00 5.73106E-01
6.52173E+00 5.73140E-01
6.50292E+00 5.73183E-01
6.48201E+00 5.73233E-01
6.45904E+00 5.73283E-01
6.43405E+00 5.73341E-01
6.40707E+00 5.73398E-01
6.37817E+00 5.73464E-01
6.34739E+00 5.73529E-01
6.31480E+00 5.73601E-01
6.28044E+00 5.73681E-01
6.24440E+00 5.73759E-01
6.20674E+00 5.73837E-01
6.16754E+00 5.73930E-01
6.12686E+00 5.74013E-01
6.08481E+00 5.74104E-01
6.04146E+00 5.74200E-01
5.99691E+00 5.74294E-01
5.95125E+00 5.74388E-01
5.90458E+00 5.74486E-01
5.85701E+00 5.74590E-01
5.80865E+00 5.74692E-01
5.75962E+00 5.74792E-01
5.71003E+00 5.74897E-01
5.66000E+00 5.74999E-01
5.60967E+00 5.75105E-01
5.55916E+00 5.75209E-01
5.50861E+00 5.75310E-01
5.45817E+00 5.75413E-01
5.40796E+00 5.75514E-01
5.35814E+00 5.75616E-01
5.30886E+00 5.75715E-01
5.26027E+00 5.75810E-01
5.21252E+00 5.75902E-01
5.16577E+00 5.75994E-01
5.12019E+00 5.76082E-01
5.07591E+00 5.76166E-01
5.03311E+00 5.76250E-01
4.99194E+00 5.76329E-01
4.95256E+00 5.76403E-01
4.91511E+00 5.76473E-01
4.87975E+00 5.76541E-01
4.84661E+00 5.76602E-01
4.81584E+00 5.76660E-01
4.78757E+00 5.76712E-01
4.76192E+00 5.76760E-01
4.73900E+00 5.76801E-01
4.71892E+00 5.76839E-01
4.70177E+00 5.76870E-01
4.68762E+00 5.76896E-01
4.67655E+00 5.76915E-01
4.66860E+00 5.76930E-01
4.66382E+00 5.76938E-01
4.66222E+00 5.76941E-01
