Will plot unflagged data


File # 1  = raise.vis
raise.vis 1.5136 GHz
Read 121 visibilities from all files

Baseline 1-4, plot 121 points
7.64464E+00 7.50683E-01
7.64726E+00 7.54838E-01
7.65510E+00 7.58993E-01
7.66813E+00 7.63148E-01
7.68629E+00 7.67304E-01
7.70948E+00 7.71459E-01
7.73761E+00 7.75614E-01
7.77054E+00 7.79770E-01
7.80812E+00 7.83925E-01
7.85018E+00 7.88080E-01
7.89653E+00 7.92235E-01
7.94698E+00 7.96391E-01
8.00131E+00 8.00546E-01
8.05930E+00 8.04701E-01
8.12070E+00 8.08857E-01
8.18528E+00 8.13012E-01
8.25279E+00 8.17167E-01
8.32297E+00 8.21322E-01
8.39556E+00 8.25478E-01
8.47031E+00 8.29633E-01
8.54696E+00 8.33788E-01
8.62525E+00 8.37944E-01
8.70493E+00 8.42099E-01
8.78573E+00 8.46254E-01
8.86742E+00 8.50409E-01
8.94975E+00 8.54565E-01
9.03247E+00 8.58720E-01
9.11535E+00 8.62875E-01
9.19817E+00 8.67031E-01
9.28070E+00 8.71186E-01
9.36273E+00 8.75341E-01
9.44404E+00 8.79496E-01
9.52444E+00 8.83652E-01
9.60374E+00 8.87807E-01
9.68173E+00 8.91962E-01
9.75825E+00 8.96118E-01
9.83312E+00 9.00273E-01
9.90617E+00 9.04428E-01
9.97725E+00 9.08583E-01
1.00462E+01 9.12739E-01
1.01129E+01 9.16894E-01
1.01772E+01 9.21049E-01
1.02389E+01 9.25205E-01
1.02980E+01 9.29360E-01
1.03544E+01 9.33515E-01
1.04078E+01 9.37670E-01
1.04583E+01 9.41826E-01
1.05057E+01 9.45981E-01
1.05499E+01 9.50136E-01
1.05909E+01 9.54292E-01
1.06286E+01 9.58447E-01
1.06628E+01 9.62602E-01
1.06937E+01 9.66758E-01
1.07210E+01 9.70913E-01
1.07448E+01 9.75068E-01
1.07650E+01 9.79223E-01
1.07816E+01 9.83379E-01
1.07945E+01 9.87534E-01
1.08037E+01 9.91689E-01
1.08093E+01 9.95845E-01
1.08112E+01 1.00000E+00
1.08093E+01 1.00416E+00
1.08037E+01 1.00831E+00
1.07945E+01 1.01247E+00
1.07816E+01 1.01662E+00
1.07650E+01 1.02078E+00
1.07448E+01 1.02493E+00
1.07210E+01 1.02909E+00
1.06937E+01 1.03324E+00
1.06628E+01 1.03740E+00
1.06286E+01 1.04155E+00
1.05909E+01 1.04571E+00
1.05499E+01 1.04986E+00
1.05057E+01 1.05402E+00
1.04583E+01 1.05817E+00
1.04078E+01 1.06233E+00
1.03544E+01 1.06648E+00
1.02980E+01 1.07064E+00
1.02389E+01 1.07480E+00
1.01772E+01 1.07895E+00
1.01129E+01 1.08311E+00
1.00462E+01 1.08726E+00
9.97726E+00 1.09142E+00
9.90618E+00 1.09557E+00
9.83312E+00 1.09973E+00
9.75826E+00 1.10388E+00
9.68174E+00 1.10804E+00
9.60374E+00 1.11219E+00
9.52445E+00 1.11635E+00
9.44405E+00 1.12050E+00
9.36273E+00 1.12466E+00
9.28071E+00 1.12881E+00
9.19818E+00 1.13297E+00
9.11536E+00 1.13712E+00
9.03247E+00 1.14128E+00
8.94975E+00 1.14543E+00
8.86743E+00 1.14959E+00
8.78574E+00 1.15375E+00
8.70493E+00 1.15790E+00
8.62526E+00 1.16206E+00
8.54697E+00 1.16621E+00
8.47032E+00 1.17037E+00
8.39557E+00 1.17452E+00
8.32297E+00 1.17868E+00
8.25280E+00 1.18283E+00
8.18529E+00 1.18699E+00
8.12071E+00 1.19114E+00
8.05930E+00 1.19530E+00
8.00132E+00 1.19945E+00
7.94699E+00 1.20361E+00
7.89654E+00 1.20776E+00
7.85018E+00 1.21192E+00
7.80812E+00 1.21607E+00
7.77054E+00 1.22023E+00
7.73761E+00 1.22439E+00
7.70949E+00 1.22854E+00
7.68629E+00 1.23270E+00
7.66813E+00 1.23685E+00
7.65510E+00 1.24101E+00
7.64726E+00 1.24516E+00
7.64464E+00 1.24932E+00
