Will plot unflagged data


File # 1  = raise.vis
raise.vis 4.7863 GHz
Read 121 visibilities from all files

Baseline 4-5, plot 121 points
7.25234E+00 1.26002E+00
7.25483E+00 1.25998E+00
7.26227E+00 1.25984E+00
7.27463E+00 1.25962E+00
7.29185E+00 1.25930E+00
7.31386E+00 1.25891E+00
7.34054E+00 1.25843E+00
7.37178E+00 1.25787E+00
7.40743E+00 1.25723E+00
7.44733E+00 1.25653E+00
7.49131E+00 1.25574E+00
7.53917E+00 1.25490E+00
7.59071E+00 1.25401E+00
7.64572E+00 1.25306E+00
7.70398E+00 1.25204E+00
7.76524E+00 1.25099E+00
7.82929E+00 1.24991E+00
7.89586E+00 1.24879E+00
7.96473E+00 1.24764E+00
8.03565E+00 1.24647E+00
8.10836E+00 1.24529E+00
8.18263E+00 1.24408E+00
8.25822E+00 1.24286E+00
8.33488E+00 1.24163E+00
8.41237E+00 1.24042E+00
8.49048E+00 1.23920E+00
8.56895E+00 1.23799E+00
8.64758E+00 1.23679E+00
8.72615E+00 1.23559E+00
8.80445E+00 1.23441E+00
8.88227E+00 1.23325E+00
8.95941E+00 1.23210E+00
9.03568E+00 1.23100E+00
9.11091E+00 1.22989E+00
9.18490E+00 1.22883E+00
9.25749E+00 1.22778E+00
9.32852E+00 1.22679E+00
9.39782E+00 1.22579E+00
9.46526E+00 1.22485E+00
9.53067E+00 1.22395E+00
9.59394E+00 1.22306E+00
9.65493E+00 1.22222E+00
9.71351E+00 1.22143E+00
9.76958E+00 1.22067E+00
9.82301E+00 1.21994E+00
9.87372E+00 1.21926E+00
9.92159E+00 1.21860E+00
9.96655E+00 1.21800E+00
1.00085E+01 1.21743E+00
1.00474E+01 1.21692E+00
1.00831E+01 1.21643E+00
1.01157E+01 1.21600E+00
1.01449E+01 1.21563E+00
1.01708E+01 1.21529E+00
1.01934E+01 1.21497E+00
1.02126E+01 1.21474E+00
1.02283E+01 1.21451E+00
1.02406E+01 1.21437E+00
1.02493E+01 1.21425E+00
1.02546E+01 1.21417E+00
1.02564E+01 1.21417E+00
1.02546E+01 1.21417E+00
1.02493E+01 1.21425E+00
1.02406E+01 1.21437E+00
1.02283E+01 1.21451E+00
1.02126E+01 1.21474E+00
1.01934E+01 1.21497E+00
1.01709E+01 1.21529E+00
1.01449E+01 1.21563E+00
1.01157E+01 1.21600E+00
1.00831E+01 1.21643E+00
1.00474E+01 1.21692E+00
1.00085E+01 1.21743E+00
9.96656E+00 1.21800E+00
9.92160E+00 1.21860E+00
9.87372E+00 1.21926E+00
9.82302E+00 1.21994E+00
9.76958E+00 1.22067E+00
9.71352E+00 1.22143E+00
9.65493E+00 1.22222E+00
9.59395E+00 1.22306E+00
9.53068E+00 1.22395E+00
9.46526E+00 1.22485E+00
9.39783E+00 1.22579E+00
9.32852E+00 1.22679E+00
9.25749E+00 1.22779E+00
9.18490E+00 1.22883E+00
9.11091E+00 1.22989E+00
9.03569E+00 1.23100E+00
8.95941E+00 1.23210E+00
8.88227E+00 1.23325E+00
8.80445E+00 1.23441E+00
8.72616E+00 1.23559E+00
8.64759E+00 1.23679E+00
8.56896E+00 1.23799E+00
8.49048E+00 1.23920E+00
8.41238E+00 1.24042E+00
8.33488E+00 1.24163E+00
8.25823E+00 1.24286E+00
8.18264E+00 1.24408E+00
8.10837E+00 1.24529E+00
8.03565E+00 1.24647E+00
7.96474E+00 1.24764E+00
7.89587E+00 1.24879E+00
7.82929E+00 1.24991E+00
7.76525E+00 1.25099E+00
7.70398E+00 1.25204E+00
7.64573E+00 1.25306E+00
7.59072E+00 1.25401E+00
7.53918E+00 1.25490E+00
7.49131E+00 1.25574E+00
7.44734E+00 1.25653E+00
7.40743E+00 1.25723E+00
7.37178E+00 1.25786E+00
7.34054E+00 1.25843E+00
7.31386E+00 1.25891E+00
7.29185E+00 1.25930E+00
7.27463E+00 1.25962E+00
7.26227E+00 1.25984E+00
7.25483E+00 1.25998E+00
7.25234E+00 1.26002E+00
