Will plot unflagged data


File # 1  = raise.vis
raise.vis 4.7863 GHz
Read 121 visibilities from all files

Baseline 4-5, plot 121 points
7.25234E+00 -3.41231E+00
7.25483E+00 -3.47473E+00
7.26227E+00 -3.53451E+00
7.27463E+00 -3.59069E+00
7.29185E+00 -3.64533E+00
7.31386E+00 -3.69843E+00
7.34054E+00 -3.74798E+00
7.37178E+00 -3.79554E+00
7.40743E+00 -3.83903E+00
7.44733E+00 -3.88159E+00
7.49131E+00 -3.92011E+00
7.53917E+00 -3.95670E+00
7.59071E+00 -3.99127E+00
7.64572E+00 -4.02238E+00
7.70398E+00 -4.05009E+00
7.76524E+00 -4.07545E+00
7.82929E+00 -4.09846E+00
7.89586E+00 -4.11814E+00
7.96473E+00 -4.13544E+00
8.03565E+00 -4.14997E+00
8.10836E+00 -4.16182E+00
8.18263E+00 -4.16997E+00
8.25822E+00 -4.17545E+00
8.33488E+00 -4.17829E+00
8.41237E+00 -4.17855E+00
8.49048E+00 -4.17590E+00
8.56895E+00 -4.17028E+00
8.64758E+00 -4.16175E+00
8.72615E+00 -4.15031E+00
8.80445E+00 -4.13598E+00
8.88227E+00 -4.11877E+00
8.95941E+00 -4.09871E+00
9.03568E+00 -4.07676E+00
9.11091E+00 -4.05065E+00
9.18490E+00 -4.02250E+00
9.25749E+00 -3.99131E+00
9.32852E+00 -3.95813E+00
9.39782E+00 -3.92091E+00
9.46526E+00 -3.88173E+00
9.53067E+00 -3.84060E+00
9.59394E+00 -3.79550E+00
9.65493E+00 -3.74849E+00
9.71351E+00 -3.69947E+00
9.76958E+00 -3.64741E+00
9.82301E+00 -3.59235E+00
9.87372E+00 -3.53537E+00
9.92159E+00 -3.47546E+00
9.96655E+00 -3.41368E+00
1.00085E+01 -3.34904E+00
1.00474E+01 -3.28259E+00
1.00831E+01 -3.21335E+00
1.01157E+01 -3.14238E+00
1.01449E+01 -3.06971E+00
1.01708E+01 -2.99436E+00
1.01934E+01 -2.91636E+00
1.02126E+01 -2.83784E+00
1.02283E+01 -2.75573E+00
1.02406E+01 -2.67318E+00
1.02493E+01 -2.58818E+00
1.02546E+01 -2.50078E+00
1.02564E+01 -2.41311E+00
1.02546E+01 -2.32214E+00
1.02493E+01 -2.23101E+00
1.02406E+01 -2.13772E+00
1.02283E+01 -2.04236E+00
1.02126E+01 -1.94705E+00
1.01934E+01 -1.84876E+00
1.01709E+01 -1.75067E+00
1.01449E+01 -1.65080E+00
1.01157E+01 -1.54921E+00
1.00831E+01 -1.44701E+00
1.00474E+01 -1.34430E+00
1.00085E+01 -1.24012E+00
9.96656E+00 -1.13558E+00
9.92160E+00 -1.02974E+00
9.87372E+00 -9.23704E-01
9.82302E+00 -8.16534E-01
9.76958E+00 -7.09340E-01
9.71352E+00 -6.01163E-01
9.65493E+00 -4.92070E-01
9.59395E+00 -3.83191E-01
9.53068E+00 -2.74753E-01
9.46526E+00 -1.64783E-01
9.39783E+00 -5.54134E-02
9.32852E+00 5.32706E-02
9.25749E+00 1.63249E-01
9.18490E+00 2.72367E-01
9.11091E+00 3.81579E-01
9.03569E+00 4.89794E-01
8.95941E+00 5.99039E-01
8.88227E+00 7.06959E-01
8.80445E+00 8.14413E-01
8.72616E+00 9.21357E-01
8.64759E+00 1.02772E+00
8.56896E+00 1.13343E+00
8.49048E+00 1.23843E+00
8.41238E+00 1.34268E+00
8.33488E+00 1.44604E+00
8.25823E+00 1.54814E+00
8.18264E+00 1.64897E+00
8.10837E+00 1.74847E+00
8.03565E+00 1.84761E+00
7.96474E+00 1.94533E+00
7.89587E+00 2.04165E+00
7.82929E+00 2.13612E+00
7.76525E+00 2.22966E+00
7.70398E+00 2.32123E+00
7.64573E+00 2.41077E+00
7.59072E+00 2.49931E+00
7.53918E+00 2.58687E+00
7.49131E+00 2.67195E+00
7.44734E+00 2.75445E+00
7.40743E+00 2.83644E+00
7.37178E+00 2.91582E+00
7.34054E+00 2.99261E+00
7.31386E+00 3.06779E+00
7.29185E+00 3.14190E+00
7.27463E+00 3.21288E+00
7.26227E+00 3.28075E+00
7.25483E+00 3.34755E+00
7.25234E+00 3.41230E+00
