Will plot unflagged data


File # 1  = raise.vis
raise.vis 0.1514 GHz
Read 121 visibilities from all files

Baseline 3-4, plot 121 points
1.47432E-01 -1.80502E-02
1.47483E-01 -1.87122E-02
1.47634E-01 -1.83359E-02
1.47885E-01 -1.89718E-02
1.48236E-01 -1.95940E-02
1.48683E-01 -1.91765E-02
1.49225E-01 -1.97700E-02
1.49860E-01 -2.03486E-02
1.50585E-01 -1.98860E-02
1.51396E-01 -2.04335E-02
1.52290E-01 -2.09649E-02
1.53263E-01 -2.04539E-02
1.54311E-01 -2.09520E-02
1.55429E-01 -2.14329E-02
1.56614E-01 -2.18963E-02
1.57859E-01 -2.13158E-02
1.59161E-01 -2.17433E-02
1.60514E-01 -2.21523E-02
1.61914E-01 -2.15165E-02
1.63356E-01 -2.18879E-02
1.64834E-01 -2.22401E-02
1.66344E-01 -2.25728E-02
1.67881E-01 -2.18595E-02
1.69439E-01 -2.21526E-02
1.71015E-01 -2.24256E-02
1.72602E-01 -2.16519E-02
1.74198E-01 -2.18842E-02
1.75796E-01 -2.20958E-02
1.77393E-01 -2.22867E-02
1.78985E-01 -2.14302E-02
1.80567E-01 -2.15791E-02
1.82135E-01 -2.17069E-02
1.83686E-01 -2.18136E-02
1.85215E-01 -2.18989E-02
1.86719E-01 -2.09363E-02
1.88195E-01 -2.09790E-02
1.89639E-01 -2.10002E-02
1.91048E-01 -2.10000E-02
1.92418E-01 -2.09783E-02
1.93748E-01 -1.99086E-02
1.95035E-01 -1.98441E-02
1.96274E-01 -1.97584E-02
1.97465E-01 -1.96514E-02
1.98605E-01 -1.95231E-02
1.99691E-01 -1.93738E-02
2.00722E-01 -1.92034E-02
2.01695E-01 -1.79853E-02
2.02609E-01 -1.77733E-02
2.03462E-01 -1.75406E-02
2.04253E-01 -1.72875E-02
2.04979E-01 -1.70141E-02
2.05640E-01 -1.67207E-02
2.06235E-01 -1.64073E-02
2.06762E-01 -1.60742E-02
2.07221E-01 -1.57217E-02
2.07611E-01 -1.53499E-02
2.07930E-01 -1.49592E-02
2.08180E-01 -1.45498E-02
2.08358E-01 -1.41220E-02
2.08465E-01 -1.36761E-02
2.08501E-01 -1.32124E-02
2.08465E-01 -1.27311E-02
2.08358E-01 -1.22327E-02
2.08180E-01 -1.17175E-02
2.07930E-01 -1.11858E-02
2.07611E-01 -1.06380E-02
2.07221E-01 -1.00745E-02
2.06762E-01 -9.49565E-03
2.06235E-01 -8.90184E-03
2.05641E-01 -8.29349E-03
2.04979E-01 -7.67101E-03
2.04253E-01 -7.03484E-03
2.03462E-01 -6.38542E-03
2.02609E-01 -5.72317E-03
2.01695E-01 -5.04856E-03
2.00722E-01 -5.38892E-03
1.99691E-01 -4.69099E-03
1.98605E-01 -3.98210E-03
1.97465E-01 -3.26275E-03
1.96274E-01 -2.53342E-03
1.95035E-01 -1.79463E-03
1.93748E-01 -1.04688E-03
1.92419E-01 -1.31741E-03
1.91048E-01 -5.53265E-04
1.89639E-01 2.18293E-04
1.88195E-01 9.96734E-04
1.86719E-01 1.78151E-03
1.85215E-01 1.54551E-03
1.83686E-01 2.34138E-03
1.82135E-01 3.14197E-03
1.80567E-01 3.94674E-03
1.78985E-01 4.75513E-03
1.77393E-01 4.54008E-03
1.75796E-01 5.35405E-03
1.74198E-01 6.16998E-03
1.72602E-01 6.98730E-03
1.71015E-01 6.77907E-03
1.69439E-01 7.59751E-03
1.67881E-01 8.41566E-03
1.66344E-01 8.20671E-03
1.64834E-01 9.02260E-03
1.63356E-01 9.83654E-03
1.61915E-01 1.06479E-02
1.60514E-01 1.04301E-02
1.59161E-01 1.12348E-02
1.57859E-01 1.20353E-02
1.56614E-01 1.18051E-02
1.55429E-01 1.25956E-02
1.54311E-01 1.33802E-02
1.53263E-01 1.41585E-02
1.52290E-01 1.39040E-02
1.51396E-01 1.46680E-02
1.50585E-01 1.54241E-02
1.49860E-01 1.51460E-02
1.49225E-01 1.58846E-02
1.48683E-01 1.66137E-02
1.48236E-01 1.63072E-02
1.47885E-01 1.70159E-02
1.47634E-01 1.77136E-02
1.47483E-01 1.73744E-02
1.47432E-01 1.80488E-02
