Will plot unflagged data


File # 1  = raise.vis
raise.vis 4.7863 GHz
Read 121 visibilities from all files

Baseline 3-5, plot 121 points
1.19146E+01 -1.45866E+00
1.19186E+01 -1.48545E+00
1.19309E+01 -1.51115E+00
1.19512E+01 -1.53574E+00
1.19795E+01 -1.55816E+00
1.20156E+01 -1.58045E+00
1.20595E+01 -1.60156E+00
1.21108E+01 -1.62249E+00
1.21694E+01 -1.64115E+00
1.22349E+01 -1.65855E+00
1.23072E+01 -1.67569E+00
1.23858E+01 -1.69152E+00
1.24705E+01 -1.70603E+00
1.25608E+01 -1.71920E+00
1.26565E+01 -1.73099E+00
1.27572E+01 -1.74231E+00
1.28624E+01 -1.75213E+00
1.29718E+01 -1.76043E+00
1.30849E+01 -1.76823E+00
1.32014E+01 -1.77449E+00
1.33209E+01 -1.77919E+00
1.34429E+01 -1.78232E+00
1.35671E+01 -1.78489E+00
1.36930E+01 -1.78586E+00
1.38203E+01 -1.78624E+00
1.39486E+01 -1.78500E+00
1.40776E+01 -1.78212E+00
1.42067E+01 -1.77863E+00
1.43358E+01 -1.77453E+00
1.44644E+01 -1.76774E+00
1.45923E+01 -1.76129E+00
1.47190E+01 -1.75206E+00
1.48443E+01 -1.74317E+00
1.49679E+01 -1.73150E+00
1.50895E+01 -1.72016E+00
1.52087E+01 -1.70606E+00
1.53254E+01 -1.69228E+00
1.54393E+01 -1.67678E+00
1.55501E+01 -1.65953E+00
1.56575E+01 -1.64159E+00
1.57615E+01 -1.62296E+00
1.58617E+01 -1.60260E+00
1.59579E+01 -1.58156E+00
1.60500E+01 -1.55880E+00
1.61378E+01 -1.53537E+00
1.62211E+01 -1.51128E+00
1.62998E+01 -1.48551E+00
1.63736E+01 -1.45909E+00
1.64426E+01 -1.43203E+00
1.65064E+01 -1.40333E+00
1.65651E+01 -1.37402E+00
1.66186E+01 -1.34309E+00
1.66666E+01 -1.31158E+00
1.67093E+01 -1.27952E+00
1.67463E+01 -1.24691E+00
1.67778E+01 -1.21276E+00
1.68036E+01 -1.17810E+00
1.68238E+01 -1.14295E+00
1.68382E+01 -1.10633E+00
1.68468E+01 -1.06926E+00
1.68497E+01 -1.03178E+00
1.68468E+01 -9.92894E-01
1.68382E+01 -9.53645E-01
1.68238E+01 -9.14065E-01
1.68036E+01 -8.73155E-01
1.67778E+01 -8.31971E-01
1.67463E+01 -7.90547E-01
1.67093E+01 -7.47883E-01
1.66666E+01 -7.05043E-01
1.66186E+01 -6.62059E-01
1.65652E+01 -6.18968E-01
1.65064E+01 -5.74771E-01
1.64426E+01 -5.30537E-01
1.63736E+01 -4.85270E-01
1.62998E+01 -4.40038E-01
1.62211E+01 -3.94880E-01
1.61378E+01 -3.48800E-01
1.60500E+01 -3.02870E-01
1.59579E+01 -2.57129E-01
1.58617E+01 -2.10583E-01
1.57615E+01 -1.64307E-01
1.56575E+01 -1.17306E-01
1.55501E+01 -7.06554E-02
1.54393E+01 -2.43960E-02
1.53254E+01 2.24639E-02
1.52087E+01 6.98828E-02
1.50895E+01 1.15755E-01
1.49679E+01 1.63136E-01
1.48443E+01 2.08891E-01
1.47190E+01 2.56074E-01
1.45923E+01 3.01560E-01
1.44645E+01 3.48397E-01
1.43358E+01 3.93453E-01
1.42068E+01 4.39702E-01
1.40776E+01 4.85048E-01
1.39486E+01 5.29452E-01
1.38203E+01 5.73903E-01
1.36930E+01 6.18366E-01
1.35671E+01 6.61764E-01
1.34429E+01 7.05089E-01
1.33209E+01 7.47266E-01
1.32014E+01 7.89286E-01
1.30849E+01 8.31106E-01
1.29718E+01 8.72688E-01
1.28624E+01 9.12961E-01
1.27572E+01 9.52923E-01
1.26565E+01 9.92546E-01
1.25608E+01 1.03077E+00
1.24705E+01 1.06849E+00
1.23858E+01 1.10565E+00
1.23072E+01 1.14221E+00
1.22349E+01 1.17815E+00
1.21694E+01 1.21240E+00
1.21108E+01 1.24596E+00
1.20595E+01 1.27983E+00
1.20156E+01 1.31190E+00
1.19795E+01 1.34317E+00
1.19512E+01 1.37257E+00
1.19309E+01 1.40215E+00
1.19186E+01 1.43085E+00
1.19146E+01 1.45865E+00
