Will plot unflagged data


File # 1  = raise.vis
raise.vis 4.7863 GHz
Read 121 visibilities from all files

Baseline 3-5, plot 121 points
1.19146E+01 7.82837E-02
1.19186E+01 7.82832E-02
1.19309E+01 7.82820E-02
1.19512E+01 7.82799E-02
1.19795E+01 7.82769E-02
1.20156E+01 7.82731E-02
1.20595E+01 7.82685E-02
1.21108E+01 7.82632E-02
1.21694E+01 7.82569E-02
1.22349E+01 7.82498E-02
1.23072E+01 7.82422E-02
1.23858E+01 7.82338E-02
1.24705E+01 7.82247E-02
1.25608E+01 7.82149E-02
1.26565E+01 7.82044E-02
1.27572E+01 7.81935E-02
1.28624E+01 7.81820E-02
1.29718E+01 7.81698E-02
1.30849E+01 7.81576E-02
1.32014E+01 7.81446E-02
1.33209E+01 7.81311E-02
1.34429E+01 7.81170E-02
1.35671E+01 7.81029E-02
1.36930E+01 7.80883E-02
1.38203E+01 7.80738E-02
1.39486E+01 7.80589E-02
1.40776E+01 7.80435E-02
1.42067E+01 7.80284E-02
1.43358E+01 7.80138E-02
1.44644E+01 7.79980E-02
1.45923E+01 7.79833E-02
1.47190E+01 7.79676E-02
1.48443E+01 7.79531E-02
1.49679E+01 7.79375E-02
1.50895E+01 7.79234E-02
1.52087E+01 7.79080E-02
1.53254E+01 7.78943E-02
1.54393E+01 7.78803E-02
1.55501E+01 7.78661E-02
1.56575E+01 7.78527E-02
1.57615E+01 7.78400E-02
1.58617E+01 7.78272E-02
1.59579E+01 7.78153E-02
1.60500E+01 7.78032E-02
1.61378E+01 7.77920E-02
1.62211E+01 7.77817E-02
1.62998E+01 7.77714E-02
1.63736E+01 7.77620E-02
1.64426E+01 7.77536E-02
1.65064E+01 7.77451E-02
1.65651E+01 7.77377E-02
1.66186E+01 7.77302E-02
1.66666E+01 7.77237E-02
1.67093E+01 7.77184E-02
1.67463E+01 7.77141E-02
1.67778E+01 7.77097E-02
1.68036E+01 7.77065E-02
1.68238E+01 7.77043E-02
1.68382E+01 7.77021E-02
1.68468E+01 7.77010E-02
1.68497E+01 7.77010E-02
1.68468E+01 7.77010E-02
1.68382E+01 7.77021E-02
1.68238E+01 7.77043E-02
1.68036E+01 7.77064E-02
1.67778E+01 7.77097E-02
1.67463E+01 7.77141E-02
1.67093E+01 7.77184E-02
1.66666E+01 7.77237E-02
1.66186E+01 7.77302E-02
1.65652E+01 7.77377E-02
1.65064E+01 7.77451E-02
1.64426E+01 7.77536E-02
1.63736E+01 7.77620E-02
1.62998E+01 7.77714E-02
1.62211E+01 7.77817E-02
1.61378E+01 7.77920E-02
1.60500E+01 7.78031E-02
1.59579E+01 7.78153E-02
1.58617E+01 7.78272E-02
1.57615E+01 7.78400E-02
1.56575E+01 7.78527E-02
1.55501E+01 7.78661E-02
1.54393E+01 7.78803E-02
1.53254E+01 7.78943E-02
1.52087E+01 7.79080E-02
1.50895E+01 7.79233E-02
1.49679E+01 7.79375E-02
1.48443E+01 7.79531E-02
1.47190E+01 7.79675E-02
1.45923E+01 7.79833E-02
1.44645E+01 7.79980E-02
1.43358E+01 7.80138E-02
1.42068E+01 7.80284E-02
1.40776E+01 7.80435E-02
1.39486E+01 7.80589E-02
1.38203E+01 7.80738E-02
1.36930E+01 7.80883E-02
1.35671E+01 7.81029E-02
1.34429E+01 7.81170E-02
1.33209E+01 7.81311E-02
1.32014E+01 7.81446E-02
1.30849E+01 7.81575E-02
1.29718E+01 7.81698E-02
1.28624E+01 7.81820E-02
1.27572E+01 7.81935E-02
1.26565E+01 7.82044E-02
1.25608E+01 7.82149E-02
1.24705E+01 7.82247E-02
1.23858E+01 7.82338E-02
1.23072E+01 7.82422E-02
1.22349E+01 7.82498E-02
1.21694E+01 7.82569E-02
1.21108E+01 7.82632E-02
1.20595E+01 7.82685E-02
1.20156E+01 7.82731E-02
1.19795E+01 7.82769E-02
1.19512E+01 7.82799E-02
1.19309E+01 7.82820E-02
1.19186E+01 7.82832E-02
1.19146E+01 7.82837E-02
