Will plot unflagged data


File # 1  = raise.vis
raise.vis 0.1514 GHz
Read 121 visibilities from all files

Baseline 1-3, plot 121 points
6.17032E-01 -2.90320E-01
6.17243E-01 -2.95839E-01
6.17876E-01 -3.01149E-01
6.18928E-01 -3.05216E-01
6.20393E-01 -3.10086E-01
6.22266E-01 -3.14726E-01
6.24536E-01 -3.19130E-01
6.27194E-01 -3.23291E-01
6.30227E-01 -3.27203E-01
6.33622E-01 -3.30861E-01
6.37363E-01 -3.33227E-01
6.41435E-01 -3.36357E-01
6.45820E-01 -3.39215E-01
6.50501E-01 -3.42826E-01
6.55457E-01 -3.45124E-01
6.60669E-01 -3.47134E-01
6.66118E-01 -3.48851E-01
6.71783E-01 -3.50272E-01
6.77642E-01 -3.52423E-01
6.83675E-01 -3.53236E-01
6.89862E-01 -3.53740E-01
6.96181E-01 -3.54962E-01
7.02612E-01 -3.55867E-01
7.09134E-01 -3.55419E-01
7.15727E-01 -3.55680E-01
7.22372E-01 -3.55615E-01
7.29049E-01 -3.55220E-01
7.35739E-01 -3.54493E-01
7.42424E-01 -3.53432E-01
7.49085E-01 -3.52034E-01
7.55706E-01 -3.50298E-01
7.62269E-01 -3.49256E-01
7.68759E-01 -3.46839E-01
7.75159E-01 -3.45113E-01
7.81454E-01 -3.42011E-01
7.87630E-01 -3.39598E-01
7.93673E-01 -3.36840E-01
7.99570E-01 -3.33738E-01
8.05307E-01 -3.30291E-01
8.10873E-01 -3.26500E-01
8.16256E-01 -3.23398E-01
8.21445E-01 -3.18920E-01
8.26429E-01 -3.15133E-01
8.31199E-01 -3.09971E-01
8.35745E-01 -3.05503E-01
8.40059E-01 -3.00697E-01
8.44132E-01 -2.95555E-01
8.47958E-01 -2.90079E-01
8.51528E-01 -2.85304E-01
8.54836E-01 -2.79167E-01
8.57876E-01 -2.73736E-01
8.60643E-01 -2.66950E-01
8.63133E-01 -2.60876E-01
8.65339E-01 -2.54486E-01
8.67259E-01 -2.47783E-01
8.68890E-01 -2.41804E-01
8.70227E-01 -2.34486E-01
8.71270E-01 -2.26869E-01
8.72017E-01 -2.19988E-01
8.72465E-01 -2.12815E-01
8.72614E-01 -2.05356E-01
8.72465E-01 -1.97616E-01
8.72017E-01 -1.89599E-01
8.71270E-01 -1.81312E-01
8.70227E-01 -1.73793E-01
8.68890E-01 -1.66015E-01
8.67259E-01 -1.56951E-01
8.65339E-01 -1.48673E-01
8.63133E-01 -1.40155E-01
8.60644E-01 -1.31403E-01
8.57876E-01 -1.23456E-01
8.54836E-01 -1.14257E-01
8.51528E-01 -1.05877E-01
8.47958E-01 -9.62577E-02
8.44133E-01 -8.74728E-02
8.40059E-01 -7.84964E-02
8.35745E-01 -6.93363E-02
8.31199E-01 -6.00000E-02
8.26429E-01 -5.15285E-02
8.21445E-01 -4.18635E-02
8.16256E-01 -3.30793E-02
8.10873E-01 -2.31178E-02
8.05307E-01 -1.40533E-02
7.99570E-01 -4.86124E-03
7.93674E-01 4.45004E-03
7.87631E-01 1.38720E-02
7.81454E-01 2.33962E-02
7.75159E-01 3.19809E-02
7.68759E-01 4.16834E-02
7.62270E-01 5.04290E-02
7.55706E-01 6.02747E-02
7.49086E-01 6.91459E-02
7.42424E-01 7.80666E-02
7.35740E-01 8.70279E-02
7.29050E-01 9.60208E-02
7.22373E-01 1.05036E-01
7.15728E-01 1.14066E-01
7.09135E-01 1.23100E-01
7.02612E-01 1.31097E-01
6.96182E-01 1.40113E-01
6.89863E-01 1.49108E-01
6.83676E-01 1.57038E-01
6.77642E-01 1.64929E-01
6.71783E-01 1.73803E-01
6.66118E-01 1.81588E-01
6.60670E-01 1.89306E-01
6.55457E-01 1.96948E-01
6.50501E-01 2.04507E-01
6.45821E-01 2.13005E-01
6.41435E-01 2.20370E-01
6.37363E-01 2.27626E-01
6.33622E-01 2.33734E-01
6.30227E-01 2.40746E-01
6.27194E-01 2.47624E-01
6.24536E-01 2.54360E-01
6.22266E-01 2.60945E-01
6.20393E-01 2.67371E-01
6.18928E-01 2.73632E-01
6.17876E-01 2.78693E-01
6.17243E-01 2.84600E-01
6.17032E-01 2.90318E-01
