Will plot unflagged data


File # 1  = raise.vis
raise.vis 0.1514 GHz
Read 121 visibilities from all files

Baseline 1-3, plot 121 points
6.17032E-01 1.50020E+01
6.17243E-01 1.50020E+01
6.17876E-01 1.50020E+01
6.18928E-01 1.50020E+01
6.20393E-01 1.50019E+01
6.22266E-01 1.50019E+01
6.24536E-01 1.50018E+01
6.27194E-01 1.50017E+01
6.30227E-01 1.50016E+01
6.33622E-01 1.50015E+01
6.37363E-01 1.50014E+01
6.41435E-01 1.50012E+01
6.45820E-01 1.50011E+01
6.50501E-01 1.50010E+01
6.55457E-01 1.50008E+01
6.60669E-01 1.50006E+01
6.66118E-01 1.50005E+01
6.71783E-01 1.50003E+01
6.77642E-01 1.50001E+01
6.83675E-01 1.49999E+01
6.89862E-01 1.49996E+01
6.96181E-01 1.49994E+01
7.02612E-01 1.49992E+01
7.09134E-01 1.49990E+01
7.15727E-01 1.49987E+01
7.22372E-01 1.49985E+01
7.29049E-01 1.49983E+01
7.35739E-01 1.49980E+01
7.42424E-01 1.49978E+01
7.49085E-01 1.49975E+01
7.55706E-01 1.49973E+01
7.62269E-01 1.49971E+01
7.68759E-01 1.49968E+01
7.75159E-01 1.49966E+01
7.81454E-01 1.49963E+01
7.87630E-01 1.49960E+01
7.93673E-01 1.49958E+01
7.99570E-01 1.49956E+01
8.05307E-01 1.49953E+01
8.10873E-01 1.49951E+01
8.16256E-01 1.49949E+01
8.21445E-01 1.49947E+01
8.26429E-01 1.49945E+01
8.31199E-01 1.49943E+01
8.35745E-01 1.49941E+01
8.40059E-01 1.49939E+01
8.44132E-01 1.49937E+01
8.47958E-01 1.49936E+01
8.51528E-01 1.49935E+01
8.54836E-01 1.49933E+01
8.57876E-01 1.49932E+01
8.60643E-01 1.49930E+01
8.63133E-01 1.49929E+01
8.65339E-01 1.49928E+01
8.67259E-01 1.49927E+01
8.68890E-01 1.49927E+01
8.70227E-01 1.49926E+01
8.71270E-01 1.49925E+01
8.72017E-01 1.49925E+01
8.72465E-01 1.49925E+01
8.72614E-01 1.49925E+01
8.72465E-01 1.49925E+01
8.72017E-01 1.49925E+01
8.71270E-01 1.49925E+01
8.70227E-01 1.49926E+01
8.68890E-01 1.49927E+01
8.67259E-01 1.49927E+01
8.65339E-01 1.49928E+01
8.63133E-01 1.49929E+01
8.60644E-01 1.49930E+01
8.57876E-01 1.49932E+01
8.54836E-01 1.49933E+01
8.51528E-01 1.49935E+01
8.47958E-01 1.49935E+01
8.44133E-01 1.49937E+01
8.40059E-01 1.49939E+01
8.35745E-01 1.49941E+01
8.31199E-01 1.49943E+01
8.26429E-01 1.49945E+01
8.21445E-01 1.49947E+01
8.16256E-01 1.49949E+01
8.10873E-01 1.49951E+01
8.05307E-01 1.49953E+01
7.99570E-01 1.49956E+01
7.93674E-01 1.49958E+01
7.87631E-01 1.49960E+01
7.81454E-01 1.49963E+01
7.75159E-01 1.49966E+01
7.68759E-01 1.49968E+01
7.62270E-01 1.49971E+01
7.55706E-01 1.49973E+01
7.49086E-01 1.49975E+01
7.42424E-01 1.49978E+01
7.35740E-01 1.49980E+01
7.29050E-01 1.49983E+01
7.22373E-01 1.49985E+01
7.15728E-01 1.49987E+01
7.09135E-01 1.49990E+01
7.02612E-01 1.49992E+01
6.96182E-01 1.49994E+01
6.89863E-01 1.49996E+01
6.83676E-01 1.49999E+01
6.77642E-01 1.50001E+01
6.71783E-01 1.50002E+01
6.66118E-01 1.50005E+01
6.60670E-01 1.50006E+01
6.55457E-01 1.50008E+01
6.50501E-01 1.50010E+01
6.45821E-01 1.50011E+01
6.41435E-01 1.50012E+01
6.37363E-01 1.50014E+01
6.33622E-01 1.50015E+01
6.30227E-01 1.50016E+01
6.27194E-01 1.50017E+01
6.24536E-01 1.50018E+01
6.22266E-01 1.50019E+01
6.20393E-01 1.50019E+01
6.18928E-01 1.50020E+01
6.17876E-01 1.50020E+01
6.17243E-01 1.50020E+01
6.17032E-01 1.50020E+01
