Will plot unflagged data


File # 1  = raise.vis
raise.vis 0.1514 GHz
Read 121 visibilities from all files

Baseline 2-5, plot 121 points
9.39198E-01 -4.41903E-01
9.39520E-01 -4.49903E-01
9.40484E-01 -4.57582E-01
9.42085E-01 -4.64928E-01
9.44315E-01 -4.71934E-01
9.47165E-01 -4.78588E-01
9.50621E-01 -4.85911E-01
9.54666E-01 -4.91834E-01
9.59283E-01 -4.97378E-01
9.64450E-01 -5.02534E-01
9.70146E-01 -5.08323E-01
9.76344E-01 -5.12676E-01
9.83019E-01 -5.16614E-01
9.90143E-01 -5.21163E-01
9.97687E-01 -5.24249E-01
1.00562E+00 -5.27930E-01
1.01391E+00 -5.31167E-01
1.02254E+00 -5.33953E-01
1.03145E+00 -5.35247E-01
1.04064E+00 -5.37109E-01
1.05006E+00 -5.38501E-01
1.05967E+00 -5.40449E-01
1.06946E+00 -5.40881E-01
1.07939E+00 -5.40827E-01
1.08943E+00 -5.41313E-01
1.09954E+00 -5.40269E-01
1.10970E+00 -5.39758E-01
1.11989E+00 -5.38742E-01
1.13006E+00 -5.37217E-01
1.14020E+00 -5.35182E-01
1.15028E+00 -5.33665E-01
1.16027E+00 -5.30598E-01
1.17015E+00 -5.28046E-01
1.17989E+00 -5.24973E-01
1.18947E+00 -5.20346E-01
1.19887E+00 -5.17260E-01
1.20807E+00 -5.12619E-01
1.21704E+00 -5.07453E-01
1.22578E+00 -5.02796E-01
1.23425E+00 -4.97615E-01
1.24244E+00 -4.91912E-01
1.25034E+00 -4.85686E-01
1.25793E+00 -4.78940E-01
1.26519E+00 -4.71676E-01
1.27211E+00 -4.64927E-01
1.27867E+00 -4.57663E-01
1.28487E+00 -4.49889E-01
1.29070E+00 -4.41606E-01
1.29613E+00 -4.33850E-01
1.30117E+00 -4.24562E-01
1.30579E+00 -4.15809E-01
1.31001E+00 -4.06563E-01
1.31379E+00 -3.97861E-01
1.31715E+00 -3.87647E-01
1.32008E+00 -3.77986E-01
1.32256E+00 -3.67855E-01
1.32459E+00 -3.57260E-01
1.32618E+00 -3.46208E-01
1.32732E+00 -3.34705E-01
1.32800E+00 -3.23787E-01
1.32823E+00 -3.12434E-01
1.32800E+00 -3.00652E-01
1.32732E+00 -2.88450E-01
1.32618E+00 -2.76865E-01
1.32459E+00 -2.64878E-01
1.32256E+00 -2.52496E-01
1.32008E+00 -2.39729E-01
1.31715E+00 -2.26586E-01
1.31379E+00 -2.14108E-01
1.31001E+00 -2.00243E-01
1.30579E+00 -1.87063E-01
1.30117E+00 -1.73548E-01
1.29613E+00 -1.60739E-01
1.29070E+00 -1.46586E-01
1.28487E+00 -1.33162E-01
1.27867E+00 -1.19446E-01
1.27211E+00 -1.05451E-01
1.26519E+00 -9.11889E-02
1.25793E+00 -7.77019E-02
1.25034E+00 -6.39716E-02
1.24244E+00 -5.00098E-02
1.23425E+00 -3.58292E-02
1.22578E+00 -2.14423E-02
1.21704E+00 -6.86163E-03
1.20807E+00 6.86797E-03
1.19887E+00 2.07654E-02
1.18947E+00 3.58499E-02
1.17989E+00 4.90115E-02
1.17015E+00 6.33340E-02
1.16027E+00 7.77717E-02
1.15028E+00 9.12785E-02
1.14020E+00 1.05906E-01
1.13006E+00 1.19576E-01
1.11989E+00 1.33307E-01
1.10970E+00 1.47086E-01
1.09954E+00 1.60899E-01
1.08943E+00 1.73699E-01
1.07939E+00 1.87539E-01
1.06946E+00 2.00338E-01
1.05967E+00 2.13117E-01
1.05006E+00 2.26895E-01
1.04064E+00 2.39592E-01
1.03146E+00 2.52227E-01
1.02254E+00 2.63755E-01
1.01391E+00 2.76227E-01
1.00562E+00 2.88597E-01
9.97687E-01 3.00852E-01
9.90143E-01 3.11947E-01
9.83019E-01 3.23933E-01
9.76344E-01 3.34732E-01
9.70146E-01 3.45365E-01
9.64451E-01 3.56850E-01
9.59283E-01 3.67111E-01
9.54666E-01 3.77169E-01
9.50621E-01 3.87011E-01
9.47165E-01 3.97654E-01
9.44315E-01 4.07027E-01
9.42085E-01 4.16150E-01
9.40484E-01 4.25010E-01
9.39520E-01 4.33597E-01
9.39198E-01 4.41900E-01
