Will plot unflagged data


File # 1  = raise.vis
raise.vis 0.1514 GHz
Read 121 visibilities from all files

Baseline 2-5, plot 121 points
9.39198E-01 1.50019E+01
9.39520E-01 1.50019E+01
9.40484E-01 1.50018E+01
9.42085E-01 1.50018E+01
9.44315E-01 1.50017E+01
9.47165E-01 1.50015E+01
9.50621E-01 1.50014E+01
9.54666E-01 1.50012E+01
9.59283E-01 1.50009E+01
9.64450E-01 1.50007E+01
9.70146E-01 1.50004E+01
9.76344E-01 1.50001E+01
9.83019E-01 1.49998E+01
9.90143E-01 1.49995E+01
9.97687E-01 1.49991E+01
1.00562E+00 1.49987E+01
1.01391E+00 1.49983E+01
1.02254E+00 1.49979E+01
1.03145E+00 1.49973E+01
1.04064E+00 1.49969E+01
1.05006E+00 1.49964E+01
1.05967E+00 1.49959E+01
1.06946E+00 1.49954E+01
1.07939E+00 1.49948E+01
1.08943E+00 1.49943E+01
1.09954E+00 1.49937E+01
1.10970E+00 1.49932E+01
1.11989E+00 1.49926E+01
1.13006E+00 1.49920E+01
1.14020E+00 1.49914E+01
1.15028E+00 1.49909E+01
1.16027E+00 1.49903E+01
1.17015E+00 1.49898E+01
1.17989E+00 1.49892E+01
1.18947E+00 1.49886E+01
1.19887E+00 1.49881E+01
1.20807E+00 1.49875E+01
1.21704E+00 1.49870E+01
1.22578E+00 1.49865E+01
1.23425E+00 1.49860E+01
1.24244E+00 1.49855E+01
1.25034E+00 1.49850E+01
1.25793E+00 1.49845E+01
1.26519E+00 1.49840E+01
1.27211E+00 1.49836E+01
1.27867E+00 1.49832E+01
1.28487E+00 1.49828E+01
1.29070E+00 1.49824E+01
1.29613E+00 1.49821E+01
1.30117E+00 1.49817E+01
1.30579E+00 1.49814E+01
1.31001E+00 1.49812E+01
1.31379E+00 1.49810E+01
1.31715E+00 1.49808E+01
1.32008E+00 1.49806E+01
1.32256E+00 1.49805E+01
1.32459E+00 1.49803E+01
1.32618E+00 1.49802E+01
1.32732E+00 1.49800E+01
1.32800E+00 1.49800E+01
1.32823E+00 1.49800E+01
1.32800E+00 1.49800E+01
1.32732E+00 1.49800E+01
1.32618E+00 1.49802E+01
1.32459E+00 1.49803E+01
1.32256E+00 1.49805E+01
1.32008E+00 1.49806E+01
1.31715E+00 1.49807E+01
1.31379E+00 1.49810E+01
1.31001E+00 1.49812E+01
1.30579E+00 1.49814E+01
1.30117E+00 1.49817E+01
1.29613E+00 1.49821E+01
1.29070E+00 1.49824E+01
1.28487E+00 1.49828E+01
1.27867E+00 1.49832E+01
1.27211E+00 1.49836E+01
1.26519E+00 1.49840E+01
1.25793E+00 1.49845E+01
1.25034E+00 1.49850E+01
1.24244E+00 1.49855E+01
1.23425E+00 1.49860E+01
1.22578E+00 1.49865E+01
1.21704E+00 1.49870E+01
1.20807E+00 1.49875E+01
1.19887E+00 1.49881E+01
1.18947E+00 1.49886E+01
1.17989E+00 1.49892E+01
1.17015E+00 1.49898E+01
1.16027E+00 1.49903E+01
1.15028E+00 1.49909E+01
1.14020E+00 1.49914E+01
1.13006E+00 1.49920E+01
1.11989E+00 1.49926E+01
1.10970E+00 1.49932E+01
1.09954E+00 1.49937E+01
1.08943E+00 1.49943E+01
1.07939E+00 1.49948E+01
1.06946E+00 1.49954E+01
1.05967E+00 1.49959E+01
1.05006E+00 1.49964E+01
1.04064E+00 1.49969E+01
1.03146E+00 1.49973E+01
1.02254E+00 1.49979E+01
1.01391E+00 1.49983E+01
1.00562E+00 1.49987E+01
9.97687E-01 1.49991E+01
9.90143E-01 1.49995E+01
9.83019E-01 1.49998E+01
9.76344E-01 1.50001E+01
9.70146E-01 1.50004E+01
9.64451E-01 1.50007E+01
9.59283E-01 1.50009E+01
9.54666E-01 1.50012E+01
9.50621E-01 1.50014E+01
9.47165E-01 1.50015E+01
9.44315E-01 1.50017E+01
9.42085E-01 1.50018E+01
9.40484E-01 1.50018E+01
9.39520E-01 1.50019E+01
9.39198E-01 1.50019E+01
