Will plot unflagged data


File # 1  = raise.vis
raise.vis 1.5136 GHz
Read 121 visibilities from all files

Baseline 2-3, plot 121 points
5.62427E+00 1.30795E+00
5.62620E+00 1.30793E+00
5.63197E+00 1.30789E+00
5.64155E+00 1.30783E+00
5.65491E+00 1.30774E+00
5.67198E+00 1.30762E+00
5.69267E+00 1.30747E+00
5.71690E+00 1.30730E+00
5.74454E+00 1.30711E+00
5.77549E+00 1.30689E+00
5.80959E+00 1.30665E+00
5.84671E+00 1.30638E+00
5.88668E+00 1.30610E+00
5.92934E+00 1.30580E+00
5.97452E+00 1.30549E+00
6.02203E+00 1.30514E+00
6.07170E+00 1.30479E+00
6.12333E+00 1.30443E+00
6.17674E+00 1.30404E+00
6.23173E+00 1.30365E+00
6.28812E+00 1.30324E+00
6.34572E+00 1.30283E+00
6.40434E+00 1.30239E+00
6.46379E+00 1.30198E+00
6.52389E+00 1.30153E+00
6.58446E+00 1.30108E+00
6.64532E+00 1.30065E+00
6.70629E+00 1.30021E+00
6.76723E+00 1.29975E+00
6.82794E+00 1.29931E+00
6.88829E+00 1.29888E+00
6.94812E+00 1.29845E+00
7.00727E+00 1.29800E+00
7.06561E+00 1.29757E+00
7.12299E+00 1.29716E+00
7.17928E+00 1.29675E+00
7.23437E+00 1.29632E+00
7.28811E+00 1.29595E+00
7.34041E+00 1.29554E+00
7.39114E+00 1.29518E+00
7.44021E+00 1.29481E+00
7.48750E+00 1.29445E+00
7.53293E+00 1.29413E+00
7.57641E+00 1.29381E+00
7.61785E+00 1.29349E+00
7.65717E+00 1.29319E+00
7.69430E+00 1.29292E+00
7.72917E+00 1.29267E+00
7.76171E+00 1.29243E+00
7.79187E+00 1.29221E+00
7.81958E+00 1.29201E+00
7.84480E+00 1.29182E+00
7.86749E+00 1.29165E+00
7.88760E+00 1.29148E+00
7.90511E+00 1.29137E+00
7.91997E+00 1.29126E+00
7.93216E+00 1.29118E+00
7.94167E+00 1.29109E+00
7.94847E+00 1.29104E+00
7.95255E+00 1.29101E+00
7.95392E+00 1.29101E+00
7.95255E+00 1.29101E+00
7.94847E+00 1.29104E+00
7.94167E+00 1.29109E+00
7.93216E+00 1.29118E+00
7.91997E+00 1.29126E+00
7.90511E+00 1.29137E+00
7.88760E+00 1.29148E+00
7.86749E+00 1.29165E+00
7.84480E+00 1.29182E+00
7.81958E+00 1.29201E+00
7.79187E+00 1.29221E+00
7.76171E+00 1.29243E+00
7.72917E+00 1.29267E+00
7.69431E+00 1.29292E+00
7.65718E+00 1.29319E+00
7.61786E+00 1.29349E+00
7.57642E+00 1.29381E+00
7.53294E+00 1.29413E+00
7.48751E+00 1.29445E+00
7.44021E+00 1.29481E+00
7.39115E+00 1.29518E+00
7.34041E+00 1.29554E+00
7.28812E+00 1.29595E+00
7.23437E+00 1.29632E+00
7.17929E+00 1.29675E+00
7.12299E+00 1.29716E+00
7.06561E+00 1.29757E+00
7.00727E+00 1.29800E+00
6.94812E+00 1.29845E+00
6.88830E+00 1.29888E+00
6.82795E+00 1.29931E+00
6.76723E+00 1.29975E+00
6.70630E+00 1.30021E+00
6.64532E+00 1.30065E+00
6.58446E+00 1.30108E+00
6.52389E+00 1.30153E+00
6.46379E+00 1.30198E+00
6.40434E+00 1.30239E+00
6.34573E+00 1.30282E+00
6.28813E+00 1.30324E+00
6.23173E+00 1.30365E+00
6.17674E+00 1.30404E+00
6.12333E+00 1.30443E+00
6.07170E+00 1.30479E+00
6.02203E+00 1.30514E+00
5.97452E+00 1.30549E+00
5.92935E+00 1.30580E+00
5.88668E+00 1.30610E+00
5.84671E+00 1.30638E+00
5.80959E+00 1.30665E+00
5.77549E+00 1.30689E+00
5.74455E+00 1.30711E+00
5.71690E+00 1.30730E+00
5.69267E+00 1.30747E+00
5.67198E+00 1.30762E+00
5.65491E+00 1.30774E+00
5.64155E+00 1.30783E+00
5.63197E+00 1.30789E+00
5.62620E+00 1.30793E+00
5.62427E+00 1.30795E+00
