Will plot unflagged data


File # 1  = raise.vis
raise.vis 1.5136 GHz
Read 121 visibilities from all files

Baseline 2-3, plot 121 points
5.62427E+00 -1.52220E+00
5.62620E+00 -1.55030E+00
5.63197E+00 -1.57622E+00
5.64155E+00 -1.60201E+00
5.65491E+00 -1.62662E+00
5.67198E+00 -1.65002E+00
5.69267E+00 -1.67219E+00
5.71690E+00 -1.69309E+00
5.74454E+00 -1.71270E+00
5.77549E+00 -1.73100E+00
5.80959E+00 -1.74899E+00
5.84671E+00 -1.76459E+00
5.88668E+00 -1.77984E+00
5.92934E+00 -1.79371E+00
5.97452E+00 -1.80710E+00
6.02203E+00 -1.81790E+00
6.07170E+00 -1.82817E+00
6.12333E+00 -1.83789E+00
6.17674E+00 -1.84500E+00
6.23173E+00 -1.85153E+00
6.28812E+00 -1.85644E+00
6.34572E+00 -1.86074E+00
6.40434E+00 -1.86235E+00
6.46379E+00 -1.86436E+00
6.52389E+00 -1.86366E+00
6.58446E+00 -1.86230E+00
6.64532E+00 -1.86027E+00
6.70629E+00 -1.85655E+00
6.76723E+00 -1.85109E+00
6.82794E+00 -1.84486E+00
6.88829E+00 -1.83785E+00
6.94812E+00 -1.82904E+00
7.00727E+00 -1.81843E+00
7.06561E+00 -1.80705E+00
7.12299E+00 -1.79489E+00
7.17928E+00 -1.78093E+00
7.23437E+00 -1.76515E+00
7.28811E+00 -1.74964E+00
7.34041E+00 -1.73129E+00
7.39114E+00 -1.71320E+00
7.44021E+00 -1.69331E+00
7.48750E+00 -1.67163E+00
7.53293E+00 -1.65021E+00
7.57641E+00 -1.62702E+00
7.61785E+00 -1.60204E+00
7.65717E+00 -1.57634E+00
7.69430E+00 -1.54990E+00
7.72917E+00 -1.52276E+00
7.76171E+00 -1.49387E+00
7.79187E+00 -1.46430E+00
7.81958E+00 -1.43405E+00
7.84480E+00 -1.40211E+00
7.86749E+00 -1.36953E+00
7.88760E+00 -1.33528E+00
7.90511E+00 -1.30145E+00
7.91997E+00 -1.26599E+00
7.93216E+00 -1.22996E+00
7.94167E+00 -1.19235E+00
7.94847E+00 -1.15422E+00
7.95255E+00 -1.11558E+00
7.95392E+00 -1.07648E+00
7.95255E+00 -1.03589E+00
7.94847E+00 -9.94888E-01
7.94167E+00 -9.53493E-01
7.93216E+00 -9.11735E-01
7.91997E+00 -8.68619E-01
7.90511E+00 -8.25201E-01
7.88760E+00 -7.80487E-01
7.86749E+00 -7.36562E-01
7.84480E+00 -6.91414E-01
7.81958E+00 -6.46105E-01
7.79187E+00 -5.99647E-01
7.76171E+00 -5.53104E-01
7.72917E+00 -5.06516E-01
7.69431E+00 -4.58890E-01
7.65718E+00 -4.11297E-01
7.61786E+00 -3.63777E-01
7.57642E+00 -3.16370E-01
7.53294E+00 -2.68086E-01
7.48751E+00 -2.18965E-01
7.44021E+00 -1.71114E-01
7.39115E+00 -1.22510E-01
7.34041E+00 -7.31951E-02
7.28812E+00 -2.52783E-02
7.23437E+00 2.42957E-02
7.17929E+00 7.23847E-02
7.12299E+00 1.21011E-01
7.06561E+00 1.70130E-01
7.00727E+00 2.18667E-01
6.94812E+00 2.66580E-01
6.88830E+00 3.14860E-01
6.82795E+00 3.63466E-01
6.76723E+00 4.11333E-01
6.70630E+00 4.58427E-01
6.64532E+00 5.05667E-01
6.58446E+00 5.52984E-01
6.52389E+00 5.99311E-01
6.46379E+00 6.44607E-01
6.40434E+00 6.90895E-01
6.34573E+00 7.36071E-01
6.28813E+00 7.80089E-01
6.23173E+00 8.23940E-01
6.17674E+00 8.67580E-01
6.12333E+00 9.09934E-01
6.07170E+00 9.53026E-01
6.02203E+00 9.94754E-01
5.97452E+00 1.03509E+00
5.92935E+00 1.07606E+00
5.88668E+00 1.11555E+00
5.84671E+00 1.15444E+00
5.80959E+00 1.19167E+00
5.77549E+00 1.22928E+00
5.74455E+00 1.26517E+00
5.71690E+00 1.30033E+00
5.69267E+00 1.33473E+00
5.67198E+00 1.36833E+00
5.65491E+00 1.40110E+00
5.64155E+00 1.43300E+00
5.63197E+00 1.46400E+00
5.62620E+00 1.49305E+00
5.62427E+00 1.52220E+00
