Will plot unflagged data


File # 1  = raise.vis
raise.vis 0.4786 GHz
Read 121 visibilities from all files

Baseline 1-4, plot 121 points
2.41745E+00 -5.14678E-01
2.41827E+00 -5.24320E-01
2.42076E+00 -5.33588E-01
2.42488E+00 -5.41440E-01
2.43062E+00 -5.49923E-01
2.43795E+00 -5.57996E-01
2.44685E+00 -5.65648E-01
2.45726E+00 -5.72869E-01
2.46914E+00 -5.79649E-01
2.48244E+00 -5.85977E-01
2.49710E+00 -5.91842E-01
2.51306E+00 -5.97235E-01
2.53024E+00 -6.02146E-01
2.54857E+00 -6.06566E-01
2.56799E+00 -6.10486E-01
2.58841E+00 -6.14929E-01
2.60976E+00 -6.17822E-01
2.63195E+00 -6.21222E-01
2.65491E+00 -6.24089E-01
2.67855E+00 -6.26415E-01
2.70279E+00 -6.28193E-01
2.72754E+00 -6.29416E-01
2.75274E+00 -6.30078E-01
2.77829E+00 -6.30173E-01
2.80412E+00 -6.30728E-01
2.83016E+00 -6.29672E-01
2.85632E+00 -6.29066E-01
2.88253E+00 -6.27873E-01
2.90872E+00 -6.26088E-01
2.93482E+00 -6.23709E-01
2.96075E+00 -6.20731E-01
2.98647E+00 -6.18185E-01
3.01189E+00 -6.15035E-01
3.03697E+00 -6.11280E-01
3.06163E+00 -6.06918E-01
3.08583E+00 -6.01948E-01
3.10951E+00 -5.96369E-01
3.13261E+00 -5.91211E-01
3.15509E+00 -5.85445E-01
3.17689E+00 -5.79069E-01
3.19798E+00 -5.72086E-01
3.21831E+00 -5.65525E-01
3.23784E+00 -5.57331E-01
3.25653E+00 -5.49561E-01
3.27434E+00 -5.42219E-01
3.29124E+00 -5.33252E-01
3.30720E+00 -5.23690E-01
3.32218E+00 -5.14564E-01
3.33617E+00 -5.04852E-01
3.34913E+00 -4.95582E-01
3.36104E+00 -4.84710E-01
3.37189E+00 -4.74290E-01
3.38164E+00 -4.63302E-01
3.39028E+00 -4.51753E-01
3.39781E+00 -4.39648E-01
3.40419E+00 -4.28021E-01
3.40943E+00 -4.15854E-01
3.41352E+00 -4.03153E-01
3.41644E+00 -3.89928E-01
3.41820E+00 -3.77212E-01
3.41879E+00 -3.63989E-01
3.41820E+00 -3.50267E-01
3.41644E+00 -3.36056E-01
3.41352E+00 -3.22391E-01
3.40943E+00 -3.08257E-01
3.40419E+00 -2.93664E-01
3.39781E+00 -2.78622E-01
3.39028E+00 -2.64168E-01
3.38164E+00 -2.49288E-01
3.37189E+00 -2.33993E-01
3.36104E+00 -2.18294E-01
3.34913E+00 -2.03231E-01
3.33617E+00 -1.86765E-01
3.32219E+00 -1.70960E-01
3.30720E+00 -1.54803E-01
3.29124E+00 -1.39336E-01
3.27434E+00 -1.23544E-01
3.25653E+00 -1.06414E-01
3.23784E+00 -9.00146E-02
3.21831E+00 -7.43610E-02
3.19798E+00 -5.74102E-02
3.17689E+00 -4.12345E-02
3.15509E+00 -2.48197E-02
3.13261E+00 -8.18032E-03
3.10951E+00 8.66874E-03
3.08583E+00 2.46820E-02
3.06163E+00 4.08744E-02
3.03697E+00 5.72307E-02
3.01189E+00 7.37358E-02
2.98647E+00 9.03742E-02
2.96076E+00 1.07130E-01
2.93482E+00 1.22957E-01
2.90872E+00 1.38869E-01
2.88253E+00 1.54853E-01
2.85632E+00 1.70891E-01
2.83016E+00 1.86968E-01
2.80413E+00 2.02035E-01
2.77829E+00 2.18143E-01
2.75274E+00 2.33209E-01
2.72755E+00 2.48250E-01
2.70279E+00 2.63252E-01
2.67855E+00 2.78197E-01
2.65491E+00 2.93070E-01
2.63196E+00 3.07856E-01
2.60976E+00 3.22538E-01
2.58842E+00 3.36068E-01
2.56799E+00 3.50497E-01
2.54858E+00 3.63744E-01
2.53024E+00 3.76826E-01
2.51306E+00 3.89728E-01
2.49710E+00 4.02436E-01
2.48245E+00 4.14934E-01
2.46914E+00 4.27209E-01
2.45726E+00 4.39246E-01
2.44685E+00 4.51031E-01
2.43795E+00 4.62551E-01
2.43062E+00 4.73791E-01
2.42488E+00 4.84739E-01
2.42076E+00 4.94354E-01
2.41827E+00 5.04679E-01
2.41745E+00 5.14675E-01
