Will plot unflagged data


File # 1  = raise.vis
raise.vis 0.4786 GHz
Read 121 visibilities from all files

Baseline 1-4, plot 121 points
2.41745E+00 9.02816E-01
2.41827E+00 9.02815E-01
2.42076E+00 9.02811E-01
2.42488E+00 9.02805E-01
2.43062E+00 9.02797E-01
2.43795E+00 9.02787E-01
2.44685E+00 9.02775E-01
2.45726E+00 9.02760E-01
2.46914E+00 9.02743E-01
2.48244E+00 9.02725E-01
2.49710E+00 9.02703E-01
2.51306E+00 9.02680E-01
2.53024E+00 9.02655E-01
2.54857E+00 9.02627E-01
2.56799E+00 9.02597E-01
2.58841E+00 9.02568E-01
2.60976E+00 9.02534E-01
2.63195E+00 9.02502E-01
2.65491E+00 9.02468E-01
2.67855E+00 9.02432E-01
2.70279E+00 9.02395E-01
2.72754E+00 9.02355E-01
2.75274E+00 9.02315E-01
2.77829E+00 9.02272E-01
2.80412E+00 9.02233E-01
2.83016E+00 9.02187E-01
2.85632E+00 9.02146E-01
2.88253E+00 9.02103E-01
2.90872E+00 9.02059E-01
2.93482E+00 9.02013E-01
2.96075E+00 9.01967E-01
2.98647E+00 9.01926E-01
3.01189E+00 9.01884E-01
3.03697E+00 9.01841E-01
3.06163E+00 9.01797E-01
3.08583E+00 9.01753E-01
3.10951E+00 9.01707E-01
3.13261E+00 9.01669E-01
3.15509E+00 9.01629E-01
3.17689E+00 9.01590E-01
3.19798E+00 9.01549E-01
3.21831E+00 9.01517E-01
3.23784E+00 9.01475E-01
3.25653E+00 9.01442E-01
3.27434E+00 9.01416E-01
3.29124E+00 9.01382E-01
3.30720E+00 9.01347E-01
3.32218E+00 9.01321E-01
3.33617E+00 9.01295E-01
3.34913E+00 9.01277E-01
3.36104E+00 9.01250E-01
3.37189E+00 9.01232E-01
3.38164E+00 9.01214E-01
3.39028E+00 9.01196E-01
3.39781E+00 9.01177E-01
3.40419E+00 9.01168E-01
3.40943E+00 9.01159E-01
3.41352E+00 9.01150E-01
3.41644E+00 9.01141E-01
3.41820E+00 9.01141E-01
3.41879E+00 9.01141E-01
3.41820E+00 9.01141E-01
3.41644E+00 9.01141E-01
3.41352E+00 9.01150E-01
3.40943E+00 9.01159E-01
3.40419E+00 9.01168E-01
3.39781E+00 9.01178E-01
3.39028E+00 9.01196E-01
3.38164E+00 9.01214E-01
3.37189E+00 9.01232E-01
3.36104E+00 9.01250E-01
3.34913E+00 9.01277E-01
3.33617E+00 9.01295E-01
3.32219E+00 9.01321E-01
3.30720E+00 9.01348E-01
3.29124E+00 9.01382E-01
3.27434E+00 9.01416E-01
3.25653E+00 9.01442E-01
3.23784E+00 9.01475E-01
3.21831E+00 9.01517E-01
3.19798E+00 9.01549E-01
3.17689E+00 9.01590E-01
3.15509E+00 9.01630E-01
3.13261E+00 9.01669E-01
3.10951E+00 9.01707E-01
3.08583E+00 9.01753E-01
3.06163E+00 9.01797E-01
3.03697E+00 9.01841E-01
3.01189E+00 9.01884E-01
2.98647E+00 9.01926E-01
2.96076E+00 9.01967E-01
2.93482E+00 9.02014E-01
2.90872E+00 9.02059E-01
2.88253E+00 9.02103E-01
2.85632E+00 9.02146E-01
2.83016E+00 9.02187E-01
2.80413E+00 9.02233E-01
2.77829E+00 9.02272E-01
2.75274E+00 9.02315E-01
2.72755E+00 9.02356E-01
2.70279E+00 9.02395E-01
2.67855E+00 9.02432E-01
2.65491E+00 9.02468E-01
2.63196E+00 9.02502E-01
2.60976E+00 9.02534E-01
2.58842E+00 9.02568E-01
2.56799E+00 9.02597E-01
2.54858E+00 9.02627E-01
2.53024E+00 9.02655E-01
2.51306E+00 9.02680E-01
2.49710E+00 9.02703E-01
2.48245E+00 9.02724E-01
2.46914E+00 9.02743E-01
2.45726E+00 9.02760E-01
2.44685E+00 9.02774E-01
2.43795E+00 9.02787E-01
2.43062E+00 9.02797E-01
2.42488E+00 9.02805E-01
2.42076E+00 9.02811E-01
2.41827E+00 9.02815E-01
2.41745E+00 9.02816E-01
