Will plot unflagged data


File # 1  = raise.vis
raise.vis 4.7863 GHz
Read 121 visibilities from all files

Baseline 3-4, plot 121 points
4.66222E+00 3.25700E-02
4.66382E+00 3.25700E-02
4.66860E+00 3.25699E-02
4.67655E+00 3.25698E-02
4.68762E+00 3.25697E-02
4.70177E+00 3.25695E-02
4.71892E+00 3.25692E-02
4.73900E+00 3.25690E-02
4.76192E+00 3.25687E-02
4.78757E+00 3.25684E-02
4.81584E+00 3.25680E-02
4.84661E+00 3.25676E-02
4.87974E+00 3.25671E-02
4.91511E+00 3.25666E-02
4.95256E+00 3.25662E-02
4.99194E+00 3.25656E-02
5.03311E+00 3.25650E-02
5.07591E+00 3.25644E-02
5.12018E+00 3.25638E-02
5.16577E+00 3.25632E-02
5.21252E+00 3.25624E-02
5.26026E+00 3.25617E-02
5.30886E+00 3.25610E-02
5.35814E+00 3.25603E-02
5.40795E+00 3.25596E-02
5.45816E+00 3.25588E-02
5.50861E+00 3.25580E-02
5.55916E+00 3.25572E-02
5.60967E+00 3.25564E-02
5.66000E+00 3.25556E-02
5.71003E+00 3.25549E-02
5.75962E+00 3.25542E-02
5.80865E+00 3.25533E-02
5.85701E+00 3.25525E-02
5.90458E+00 3.25518E-02
5.95124E+00 3.25510E-02
5.99690E+00 3.25503E-02
6.04146E+00 3.25496E-02
6.08481E+00 3.25488E-02
6.12686E+00 3.25481E-02
6.16753E+00 3.25474E-02
6.20674E+00 3.25468E-02
6.24440E+00 3.25461E-02
6.28044E+00 3.25455E-02
6.31479E+00 3.25449E-02
6.34739E+00 3.25444E-02
6.37817E+00 3.25438E-02
6.40707E+00 3.25433E-02
6.43404E+00 3.25429E-02
6.45904E+00 3.25423E-02
6.48201E+00 3.25420E-02
6.50292E+00 3.25416E-02
6.52173E+00 3.25413E-02
6.53840E+00 3.25410E-02
6.55291E+00 3.25407E-02
6.56523E+00 3.25404E-02
6.57534E+00 3.25403E-02
6.58322E+00 3.25401E-02
6.58886E+00 3.25400E-02
6.59224E+00 3.25400E-02
6.59337E+00 3.25400E-02
6.59224E+00 3.25400E-02
6.58886E+00 3.25400E-02
6.58322E+00 3.25401E-02
6.57534E+00 3.25403E-02
6.56523E+00 3.25404E-02
6.55291E+00 3.25407E-02
6.53840E+00 3.25410E-02
6.52173E+00 3.25413E-02
6.50292E+00 3.25416E-02
6.48201E+00 3.25420E-02
6.45904E+00 3.25423E-02
6.43405E+00 3.25429E-02
6.40707E+00 3.25433E-02
6.37817E+00 3.25438E-02
6.34739E+00 3.25444E-02
6.31480E+00 3.25449E-02
6.28044E+00 3.25455E-02
6.24440E+00 3.25461E-02
6.20674E+00 3.25468E-02
6.16754E+00 3.25474E-02
6.12686E+00 3.25481E-02
6.08481E+00 3.25488E-02
6.04146E+00 3.25496E-02
5.99691E+00 3.25503E-02
5.95125E+00 3.25510E-02
5.90458E+00 3.25518E-02
5.85701E+00 3.25525E-02
5.80865E+00 3.25533E-02
5.75962E+00 3.25541E-02
5.71003E+00 3.25549E-02
5.66000E+00 3.25556E-02
5.60967E+00 3.25564E-02
5.55916E+00 3.25572E-02
5.50861E+00 3.25580E-02
5.45817E+00 3.25588E-02
5.40796E+00 3.25596E-02
5.35814E+00 3.25603E-02
5.30886E+00 3.25610E-02
5.26027E+00 3.25617E-02
5.21252E+00 3.25624E-02
5.16577E+00 3.25632E-02
5.12019E+00 3.25638E-02
5.07591E+00 3.25644E-02
5.03311E+00 3.25650E-02
4.99194E+00 3.25656E-02
4.95256E+00 3.25661E-02
4.91511E+00 3.25666E-02
4.87975E+00 3.25671E-02
4.84661E+00 3.25676E-02
4.81584E+00 3.25680E-02
4.78757E+00 3.25684E-02
4.76192E+00 3.25687E-02
4.73900E+00 3.25690E-02
4.71892E+00 3.25692E-02
4.70177E+00 3.25695E-02
4.68762E+00 3.25697E-02
4.67655E+00 3.25698E-02
4.66860E+00 3.25699E-02
4.66382E+00 3.25700E-02
4.66222E+00 3.25700E-02
