Will plot unflagged data


File # 1  = raise.vis
raise.vis 4.7863 GHz
Read 121 visibilities from all files

Baseline 3-4, plot 121 points
4.66222E+00 -5.87790E-01
4.66382E+00 -5.98062E-01
4.66860E+00 -6.08930E-01
4.67655E+00 -6.18326E-01
4.68762E+00 -6.28297E-01
4.70177E+00 -6.36769E-01
4.71892E+00 -6.45791E-01
4.73900E+00 -6.54321E-01
4.76192E+00 -6.61316E-01
4.78757E+00 -6.68826E-01
4.81584E+00 -6.75807E-01
4.84661E+00 -6.82251E-01
4.87974E+00 -6.87111E-01
4.91511E+00 -6.92444E-01
4.95256E+00 -6.98239E-01
4.99194E+00 -7.02420E-01
5.03311E+00 -7.06011E-01
5.07591E+00 -7.09001E-01
5.12018E+00 -7.12416E-01
5.16577E+00 -7.15214E-01
5.21252E+00 -7.16353E-01
5.26026E+00 -7.17892E-01
5.30886E+00 -7.18791E-01
5.35814E+00 -7.20075E-01
5.40795E+00 -7.19674E-01
5.45816E+00 -7.19646E-01
5.50861E+00 -7.17921E-01
5.55916E+00 -7.16558E-01
5.60967E+00 -7.14523E-01
5.66000E+00 -7.11809E-01
5.71003E+00 -7.09444E-01
5.75962E+00 -7.06395E-01
5.80865E+00 -7.01628E-01
5.85701E+00 -6.97203E-01
5.90458E+00 -6.93115E-01
5.95124E+00 -6.87306E-01
5.99690E+00 -6.81832E-01
6.04146E+00 -6.75664E-01
6.08481E+00 -6.68803E-01
6.12686E+00 -6.61248E-01
6.16753E+00 -6.54019E-01
6.20674E+00 -6.46093E-01
6.24440E+00 -6.37472E-01
6.28044E+00 -6.28157E-01
6.31479E+00 -6.19180E-01
6.34739E+00 -6.09518E-01
6.37817E+00 -5.99174E-01
6.40707E+00 -5.88153E-01
6.43404E+00 -5.77488E-01
6.45904E+00 -5.65127E-01
6.48201E+00 -5.54164E-01
6.50292E+00 -5.41516E-01
6.52173E+00 -5.29249E-01
6.53840E+00 -5.16342E-01
6.55291E+00 -5.02801E-01
6.56523E+00 -4.88633E-01
6.57534E+00 -4.74879E-01
6.58322E+00 -4.60517E-01
6.58886E+00 -4.45554E-01
6.59224E+00 -4.31033E-01
6.59337E+00 -4.15931E-01
6.59224E+00 -4.00260E-01
6.58886E+00 -3.84029E-01
6.58322E+00 -3.68282E-01
6.57534E+00 -3.51998E-01
6.56523E+00 -3.35190E-01
6.55291E+00 -3.18900E-01
6.53840E+00 -3.02110E-01
6.52173E+00 -2.84833E-01
6.50292E+00 -2.67083E-01
6.48201E+00 -2.49902E-01
6.45904E+00 -2.31245E-01
6.43405E+00 -2.14215E-01
6.40707E+00 -1.95737E-01
6.37817E+00 -1.77885E-01
6.34739E+00 -1.59644E-01
6.31480E+00 -1.41030E-01
6.28044E+00 -1.22058E-01
6.24440E+00 -1.03771E-01
6.20674E+00 -8.51562E-02
6.16754E+00 -6.62305E-02
6.12686E+00 -4.70099E-02
6.08481E+00 -2.85373E-02
6.04146E+00 -9.80972E-03
5.99691E+00 9.15505E-03
5.95125E+00 2.83400E-02
5.90458E+00 4.66998E-02
5.85701E+00 6.62735E-02
5.80865E+00 8.49863E-02
5.75962E+00 1.02819E-01
5.71003E+00 1.21815E-01
5.66000E+00 1.40925E-01
5.60967E+00 1.59102E-01
5.55916E+00 1.77358E-01
5.50861E+00 1.95675E-01
5.45817E+00 2.13003E-01
5.40796E+00 2.31388E-01
5.35814E+00 2.48749E-01
5.30886E+00 2.67132E-01
5.26027E+00 2.84453E-01
5.21252E+00 3.01727E-01
5.16577E+00 3.17904E-01
5.12019E+00 3.35031E-01
5.07591E+00 3.52058E-01
5.03311E+00 3.67933E-01
4.99194E+00 3.83672E-01
4.95256E+00 3.99257E-01
4.91511E+00 4.15704E-01
4.87975E+00 4.30929E-01
4.84661E+00 4.44916E-01
4.81584E+00 4.59714E-01
4.78757E+00 4.74271E-01
4.76192E+00 4.88573E-01
4.73900E+00 5.01571E-01
4.71892E+00 5.15313E-01
4.70177E+00 5.28752E-01
4.68762E+00 5.40841E-01
4.67655E+00 5.53627E-01
4.66860E+00 5.65037E-01
4.66382E+00 5.77113E-01
4.66222E+00 5.87788E-01
