Will plot unflagged data


File # 1  = raise.vis
raise.vis 0.4786 GHz
Read 121 visibilities from all files

Baseline 3-5, plot 121 points
1.19146E+00 4.02493E-01
1.19186E+00 4.02493E-01
1.19309E+00 4.02493E-01
1.19512E+00 4.02492E-01
1.19795E+00 4.02492E-01
1.20156E+00 4.02492E-01
1.20595E+00 4.02491E-01
1.21108E+00 4.02491E-01
1.21693E+00 4.02490E-01
1.22349E+00 4.02489E-01
1.23072E+00 4.02488E-01
1.23858E+00 4.02488E-01
1.24705E+00 4.02487E-01
1.25608E+00 4.02486E-01
1.26565E+00 4.02485E-01
1.27572E+00 4.02484E-01
1.28624E+00 4.02482E-01
1.29718E+00 4.02481E-01
1.30849E+00 4.02480E-01
1.32014E+00 4.02479E-01
1.33209E+00 4.02477E-01
1.34429E+00 4.02476E-01
1.35671E+00 4.02475E-01
1.36930E+00 4.02473E-01
1.38203E+00 4.02471E-01
1.39486E+00 4.02470E-01
1.40776E+00 4.02468E-01
1.42067E+00 4.02467E-01
1.43358E+00 4.02465E-01
1.44644E+00 4.02464E-01
1.45923E+00 4.02462E-01
1.47190E+00 4.02460E-01
1.48443E+00 4.02459E-01
1.49679E+00 4.02457E-01
1.50895E+00 4.02456E-01
1.52087E+00 4.02455E-01
1.53254E+00 4.02453E-01
1.54393E+00 4.02452E-01
1.55501E+00 4.02450E-01
1.56575E+00 4.02449E-01
1.57615E+00 4.02447E-01
1.58617E+00 4.02446E-01
1.59579E+00 4.02444E-01
1.60500E+00 4.02443E-01
1.61378E+00 4.02442E-01
1.62211E+00 4.02441E-01
1.62998E+00 4.02440E-01
1.63736E+00 4.02439E-01
1.64426E+00 4.02438E-01
1.65064E+00 4.02437E-01
1.65651E+00 4.02435E-01
1.66186E+00 4.02436E-01
1.66666E+00 4.02434E-01
1.67093E+00 4.02434E-01
1.67463E+00 4.02433E-01
1.67778E+00 4.02433E-01
1.68036E+00 4.02433E-01
1.68238E+00 4.02432E-01
1.68382E+00 4.02432E-01
1.68468E+00 4.02432E-01
1.68497E+00 4.02432E-01
1.68468E+00 4.02432E-01
1.68382E+00 4.02432E-01
1.68238E+00 4.02432E-01
1.68036E+00 4.02433E-01
1.67778E+00 4.02433E-01
1.67463E+00 4.02433E-01
1.67093E+00 4.02434E-01
1.66666E+00 4.02434E-01
1.66186E+00 4.02435E-01
1.65652E+00 4.02435E-01
1.65064E+00 4.02437E-01
1.64426E+00 4.02438E-01
1.63736E+00 4.02439E-01
1.62998E+00 4.02440E-01
1.62211E+00 4.02441E-01
1.61378E+00 4.02442E-01
1.60500E+00 4.02443E-01
1.59579E+00 4.02444E-01
1.58617E+00 4.02446E-01
1.57615E+00 4.02447E-01
1.56575E+00 4.02449E-01
1.55501E+00 4.02450E-01
1.54393E+00 4.02452E-01
1.53254E+00 4.02453E-01
1.52087E+00 4.02455E-01
1.50895E+00 4.02456E-01
1.49679E+00 4.02458E-01
1.48443E+00 4.02459E-01
1.47190E+00 4.02460E-01
1.45923E+00 4.02462E-01
1.44645E+00 4.02464E-01
1.43358E+00 4.02465E-01
1.42068E+00 4.02467E-01
1.40776E+00 4.02468E-01
1.39486E+00 4.02470E-01
1.38203E+00 4.02471E-01
1.36930E+00 4.02473E-01
1.35671E+00 4.02475E-01
1.34429E+00 4.02476E-01
1.33209E+00 4.02477E-01
1.32014E+00 4.02478E-01
1.30849E+00 4.02480E-01
1.29718E+00 4.02481E-01
1.28624E+00 4.02482E-01
1.27572E+00 4.02484E-01
1.26565E+00 4.02485E-01
1.25608E+00 4.02486E-01
1.24705E+00 4.02487E-01
1.23858E+00 4.02488E-01
1.23072E+00 4.02488E-01
1.22349E+00 4.02489E-01
1.21694E+00 4.02490E-01
1.21108E+00 4.02491E-01
1.20595E+00 4.02491E-01
1.20156E+00 4.02492E-01
1.19795E+00 4.02492E-01
1.19512E+00 4.02492E-01
1.19309E+00 4.02493E-01
1.19186E+00 4.02493E-01
1.19146E+00 4.02493E-01
