Will plot unflagged data


File # 1  = raise.vis
raise.vis 0.4786 GHz
Read 121 visibilities from all files

Baseline 3-5, plot 121 points
1.19146E+00 -1.45866E-01
1.19186E+00 -1.48139E-01
1.19309E+00 -1.51333E-01
1.19512E+00 -1.53394E-01
1.19795E+00 -1.56369E-01
1.20156E+00 -1.58202E-01
1.20595E+00 -1.59917E-01
1.21108E+00 -1.62538E-01
1.21693E+00 -1.64007E-01
1.22349E+00 -1.66375E-01
1.23072E+00 -1.67585E-01
1.23858E+00 -1.69689E-01
1.24705E+00 -1.70628E-01
1.25608E+00 -1.72457E-01
1.26565E+00 -1.73115E-01
1.27572E+00 -1.74657E-01
1.28624E+00 -1.75023E-01
1.29718E+00 -1.76269E-01
1.30849E+00 -1.77364E-01
1.32014E+00 -1.77276E-01
1.33209E+00 -1.78062E-01
1.34429E+00 -1.78690E-01
1.35671E+00 -1.79159E-01
1.36930E+00 -1.78436E-01
1.38203E+00 -1.78581E-01
1.39486E+00 -1.78562E-01
1.40776E+00 -1.78377E-01
1.42067E+00 -1.78025E-01
1.43358E+00 -1.77506E-01
1.44644E+00 -1.76817E-01
1.45923E+00 -1.75958E-01
1.47190E+00 -1.74928E-01
1.48443E+00 -1.74759E-01
1.49679E+00 -1.73386E-01
1.50895E+00 -1.71840E-01
1.52087E+00 -1.71153E-01
1.53254E+00 -1.69261E-01
1.54393E+00 -1.68228E-01
1.55501E+00 -1.65989E-01
1.56575E+00 -1.64610E-01
1.57615E+00 -1.62025E-01
1.58617E+00 -1.60300E-01
1.59579E+00 -1.58404E-01
1.60500E+00 -1.56335E-01
1.61378E+00 -1.54096E-01
1.62211E+00 -1.51688E-01
1.62998E+00 -1.49110E-01
1.63736E+00 -1.46364E-01
1.64426E+00 -1.43452E-01
1.65064E+00 -1.40375E-01
1.65651E+00 -1.37133E-01
1.66186E+00 -1.34761E-01
1.66666E+00 -1.31196E-01
1.67093E+00 -1.28505E-01
1.67463E+00 -1.24624E-01
1.67778E+00 -1.21619E-01
1.68036E+00 -1.18462E-01
1.68238E+00 -1.14121E-01
1.68382E+00 -1.10664E-01
1.68468E+00 -1.07060E-01
1.68497E+00 -1.03313E-01
1.68468E+00 -9.94239E-02
1.68382E+00 -9.53962E-02
1.68238E+00 -9.12325E-02
1.68036E+00 -8.79680E-02
1.67778E+00 -8.35411E-02
1.67463E+00 -7.89871E-02
1.67093E+00 -7.53412E-02
1.66666E+00 -7.05424E-02
1.66186E+00 -6.66583E-02
1.65652E+00 -6.16278E-02
1.65064E+00 -5.75188E-02
1.64426E+00 -5.33027E-02
1.63736E+00 -4.89829E-02
1.62998E+00 -4.45632E-02
1.62211E+00 -4.00473E-02
1.61378E+00 -3.54390E-02
1.60500E+00 -3.07423E-02
1.59579E+00 -2.59609E-02
1.58617E+00 -2.10988E-02
1.57615E+00 -1.61603E-02
1.56575E+00 -1.21810E-02
1.55501E+00 -7.10155E-03
1.54393E+00 -2.98969E-03
1.53254E+00 2.21383E-03
1.52087E+00 6.44143E-03
1.50895E+00 1.17520E-02
1.49679E+00 1.60781E-02
1.48443E+00 2.04469E-02
1.47190E+00 2.58854E-02
1.45923E+00 3.03263E-02
1.44645E+00 3.47968E-02
1.43358E+00 3.92922E-02
1.42068E+00 4.38081E-02
1.40776E+00 4.83400E-02
1.39486E+00 5.28834E-02
1.38203E+00 5.74338E-02
1.36930E+00 6.19866E-02
1.35671E+00 6.55068E-02
1.34429E+00 7.00511E-02
1.33209E+00 7.45842E-02
1.32014E+00 7.91017E-02
1.30849E+00 8.25691E-02
1.29718E+00 8.70420E-02
1.28624E+00 9.14857E-02
1.27572E+00 9.48666E-02
1.26565E+00 9.92390E-02
1.25608E+00 1.02540E-01
1.24705E+00 1.06824E-01
1.23858E+00 1.10028E-01
1.23072E+00 1.14205E-01
1.22349E+00 1.17294E-01
1.21694E+00 1.21349E-01
1.21108E+00 1.24307E-01
1.20595E+00 1.28221E-01
1.20156E+00 1.31032E-01
1.19795E+00 1.33763E-01
1.19512E+00 1.37437E-01
1.19309E+00 1.39997E-01
1.19186E+00 1.43491E-01
1.19146E+00 1.45864E-01
