Will plot unflagged data


File # 1  = raise.vis
raise.vis 0.4786 GHz
Read 121 visibilities from all files

Baseline 1-2, plot 121 points
1.72675E-01 -2.11406E-02
1.72734E-01 -2.19160E-02
1.72911E-01 -2.16508E-02
1.73205E-01 -2.23956E-02
1.73616E-01 -2.20986E-02
1.74139E-01 -2.28108E-02
1.74775E-01 -2.35060E-02
1.75519E-01 -2.31579E-02
1.76367E-01 -2.38175E-02
1.77317E-01 -2.44588E-02
1.78365E-01 -2.40552E-02
1.79504E-01 -2.46583E-02
1.80731E-01 -2.52416E-02
1.82041E-01 -2.47788E-02
1.83428E-01 -2.53215E-02
1.84887E-01 -2.48172E-02
1.86412E-01 -2.53179E-02
1.87997E-01 -2.57969E-02
1.89636E-01 -2.52279E-02
1.91325E-01 -2.56628E-02
1.93056E-01 -2.60753E-02
1.94825E-01 -2.54385E-02
1.96624E-01 -2.58051E-02
1.98449E-01 -2.61484E-02
2.00295E-01 -2.54417E-02
2.02154E-01 -2.57376E-02
2.04023E-01 -2.60097E-02
2.05895E-01 -2.62575E-02
2.07766E-01 -2.54545E-02
2.09630E-01 -2.56535E-02
2.11482E-01 -2.58280E-02
2.13319E-01 -2.49510E-02
2.15135E-01 -2.50758E-02
2.16926E-01 -2.51758E-02
2.18688E-01 -2.52507E-02
2.20416E-01 -2.42738E-02
2.22108E-01 -2.42987E-02
2.23758E-01 -2.42984E-02
2.25363E-01 -2.42731E-02
2.26921E-01 -2.42227E-02
2.28427E-01 -2.31203E-02
2.29879E-01 -2.30198E-02
2.31274E-01 -2.28945E-02
2.32609E-01 -2.27443E-02
2.33881E-01 -2.25694E-02
2.35088E-01 -2.23698E-02
2.36228E-01 -2.11188E-02
2.37299E-01 -2.08705E-02
2.38298E-01 -2.05980E-02
2.39224E-01 -2.03015E-02
2.40075E-01 -1.99813E-02
2.40849E-01 -1.96376E-02
2.41546E-01 -1.92706E-02
2.42163E-01 -1.88805E-02
2.42700E-01 -1.84676E-02
2.43157E-01 -1.80322E-02
2.43531E-01 -1.75746E-02
2.43823E-01 -1.70951E-02
2.44032E-01 -1.65940E-02
2.44157E-01 -1.60718E-02
2.44199E-01 -1.55286E-02
2.44157E-01 -1.49650E-02
2.44032E-01 -1.43813E-02
2.43823E-01 -1.37779E-02
2.43531E-01 -1.31551E-02
2.43157E-01 -1.25136E-02
2.42700E-01 -1.18536E-02
2.42163E-01 -1.11756E-02
2.41546E-01 -1.04801E-02
2.40849E-01 -9.76758E-03
2.40075E-01 -9.03855E-03
2.39224E-01 -8.29346E-03
2.38298E-01 -7.53283E-03
2.37299E-01 -6.75720E-03
2.36228E-01 -5.96708E-03
2.35089E-01 -6.19008E-03
2.33881E-01 -5.37264E-03
2.32609E-01 -4.54238E-03
2.31274E-01 -3.69989E-03
2.29879E-01 -2.84570E-03
2.28427E-01 -1.98041E-03
2.26921E-01 -2.13157E-03
2.25363E-01 -1.24589E-03
2.23758E-01 -3.50906E-04
2.22108E-01 5.52752E-04
2.20417E-01 1.46447E-03
2.18688E-01 1.35676E-03
2.16926E-01 2.28270E-03
2.15135E-01 3.21483E-03
2.13319E-01 4.15249E-03
2.11483E-01 4.06829E-03
2.09630E-01 5.01508E-03
2.07766E-01 5.96548E-03
2.05895E-01 5.89223E-03
2.04023E-01 6.84785E-03
2.02154E-01 7.80511E-03
2.00295E-01 8.76335E-03
1.98450E-01 8.69540E-03
1.96624E-01 9.65363E-03
1.94825E-01 1.06109E-02
1.93056E-01 1.05400E-02
1.91325E-01 1.14933E-02
1.89637E-01 1.24437E-02
1.87997E-01 1.23641E-02
1.86412E-01 1.33066E-02
1.84887E-01 1.42442E-02
1.83428E-01 1.41500E-02
1.82041E-01 1.50759E-02
1.80731E-01 1.49688E-02
1.79504E-01 1.58804E-02
1.78365E-01 1.67839E-02
1.77318E-01 1.66528E-02
1.76367E-01 1.75383E-02
1.75519E-01 1.84139E-02
1.74775E-01 1.82533E-02
1.74140E-01 1.91072E-02
1.73616E-01 1.99495E-02
1.73205E-01 1.97539E-02
1.72911E-01 2.05710E-02
1.72734E-01 2.03493E-02
1.72675E-01 2.11391E-02
