Will plot unflagged data


File # 1  = raise.vis
raise.vis 0.1514 GHz
Read 121 visibilities from all files

Baseline 1-5, plot 121 points
9.93803E-01 -2.11582E-01
9.94143E-01 -2.15239E-01
9.95163E-01 -2.18744E-01
9.96857E-01 -2.23119E-01
9.99217E-01 -2.26304E-01
1.00223E+00 -2.29323E-01
1.00589E+00 -2.32169E-01
1.01017E+00 -2.35866E-01
1.01506E+00 -2.38355E-01
1.02052E+00 -2.40657E-01
1.02655E+00 -2.42769E-01
1.03311E+00 -2.45717E-01
1.04017E+00 -2.47436E-01
1.04771E+00 -2.49984E-01
1.05569E+00 -2.51295E-01
1.06409E+00 -2.52397E-01
1.07286E+00 -2.54316E-01
1.08199E+00 -2.56018E-01
1.09142E+00 -2.56470E-01
1.10114E+00 -2.57730E-01
1.11111E+00 -2.57733E-01
1.12128E+00 -2.58539E-01
1.13164E+00 -2.59114E-01
1.14215E+00 -2.59454E-01
1.15276E+00 -2.59559E-01
1.16347E+00 -2.59426E-01
1.17422E+00 -2.59053E-01
1.18500E+00 -2.58438E-01
1.19576E+00 -2.57579E-01
1.20649E+00 -2.56474E-01
1.21715E+00 -2.55123E-01
1.22773E+00 -2.54557E-01
1.23818E+00 -2.52710E-01
1.24849E+00 -2.51646E-01
1.25863E+00 -2.49298E-01
1.26857E+00 -2.47733E-01
1.27831E+00 -2.45917E-01
1.28780E+00 -2.42816E-01
1.29704E+00 -2.40498E-01
1.30601E+00 -2.37928E-01
1.31468E+00 -2.35107E-01
1.32303E+00 -2.32037E-01
1.33106E+00 -2.29749E-01
1.33874E+00 -2.26181E-01
1.34607E+00 -2.22364E-01
1.35302E+00 -2.19334E-01
1.35958E+00 -2.16060E-01
1.36574E+00 -2.11509E-01
1.37149E+00 -2.07749E-01
1.37682E+00 -2.03749E-01
1.38171E+00 -1.99511E-01
1.38617E+00 -1.95038E-01
1.39018E+00 -1.90332E-01
1.39373E+00 -1.85394E-01
1.39682E+00 -1.81262E-01
1.39945E+00 -1.75871E-01
1.40161E+00 -1.71291E-01
1.40328E+00 -1.65460E-01
1.40449E+00 -1.60445E-01
1.40521E+00 -1.55217E-01
1.40545E+00 -1.49781E-01
1.40521E+00 -1.44140E-01
1.40449E+00 -1.38298E-01
1.40329E+00 -1.32259E-01
1.40161E+00 -1.27059E-01
1.39945E+00 -1.20638E-01
1.39682E+00 -1.15065E-01
1.39373E+00 -1.08279E-01
1.39018E+00 -1.02351E-01
1.38617E+00 -9.62529E-02
1.38171E+00 -8.99890E-02
1.37682E+00 -8.35645E-02
1.37149E+00 -7.69845E-02
1.36574E+00 -7.02544E-02
1.35958E+00 -6.44121E-02
1.35302E+00 -5.73975E-02
1.34607E+00 -5.02489E-02
1.33875E+00 -4.40047E-02
1.33106E+00 -3.76378E-02
1.32304E+00 -3.01212E-02
1.31468E+00 -2.35264E-02
1.30601E+00 -1.68263E-02
1.29704E+00 -1.00272E-02
1.28780E+00 -3.13496E-03
1.27831E+00 2.81161E-03
1.26857E+00 9.87154E-03
1.25863E+00 1.70059E-02
1.24849E+00 2.31761E-02
1.23818E+00 3.04406E-02
1.22773E+00 3.67281E-02
1.21716E+00 4.40971E-02
1.20649E+00 5.04764E-02
1.19576E+00 5.68919E-02
1.18500E+00 6.33371E-02
1.17422E+00 6.98055E-02
1.16347E+00 7.62905E-02
1.15277E+00 8.27855E-02
1.14215E+00 8.92842E-02
1.13164E+00 9.57797E-02
1.12128E+00 1.02266E-01
1.11111E+00 1.08736E-01
1.10114E+00 1.14152E-01
1.09142E+00 1.20570E-01
1.08199E+00 1.25921E-01
1.07286E+00 1.32262E-01
1.06409E+00 1.38554E-01
1.05569E+00 1.43760E-01
1.04771E+00 1.48906E-01
1.04017E+00 1.55014E-01
1.03311E+00 1.60019E-01
1.02655E+00 1.65974E-01
1.02052E+00 1.70813E-01
1.01506E+00 1.75560E-01
1.01017E+00 1.80209E-01
1.00589E+00 1.85783E-01
1.00223E+00 1.90219E-01
9.99218E-01 1.94539E-01
9.96857E-01 1.98739E-01
9.95163E-01 2.03838E-01
9.94143E-01 2.07778E-01
9.93803E-01 2.11580E-01
