Will plot unflagged data


File # 1  = raise.vis
raise.vis 0.1514 GHz
Read 121 visibilities from all files

Baseline 1-5, plot 121 points
9.93803E-01 2.04499E+00
9.94143E-01 2.04499E+00
9.95163E-01 2.04498E+00
9.96857E-01 2.04498E+00
9.99217E-01 2.04498E+00
1.00223E+00 2.04497E+00
1.00589E+00 2.04497E+00
1.01017E+00 2.04496E+00
1.01506E+00 2.04496E+00
1.02052E+00 2.04495E+00
1.02655E+00 2.04494E+00
1.03311E+00 2.04493E+00
1.04017E+00 2.04492E+00
1.04771E+00 2.04491E+00
1.05569E+00 2.04490E+00
1.06409E+00 2.04488E+00
1.07286E+00 2.04487E+00
1.08199E+00 2.04486E+00
1.09142E+00 2.04484E+00
1.10114E+00 2.04483E+00
1.11111E+00 2.04481E+00
1.12128E+00 2.04480E+00
1.13164E+00 2.04478E+00
1.14215E+00 2.04477E+00
1.15276E+00 2.04475E+00
1.16347E+00 2.04474E+00
1.17422E+00 2.04472E+00
1.18500E+00 2.04470E+00
1.19576E+00 2.04468E+00
1.20649E+00 2.04466E+00
1.21715E+00 2.04464E+00
1.22773E+00 2.04463E+00
1.23818E+00 2.04461E+00
1.24849E+00 2.04460E+00
1.25863E+00 2.04457E+00
1.26857E+00 2.04456E+00
1.27831E+00 2.04454E+00
1.28780E+00 2.04452E+00
1.29704E+00 2.04451E+00
1.30601E+00 2.04449E+00
1.31468E+00 2.04447E+00
1.32303E+00 2.04446E+00
1.33106E+00 2.04445E+00
1.33874E+00 2.04443E+00
1.34607E+00 2.04442E+00
1.35302E+00 2.04441E+00
1.35958E+00 2.04440E+00
1.36574E+00 2.04438E+00
1.37149E+00 2.04437E+00
1.37682E+00 2.04436E+00
1.38171E+00 2.04435E+00
1.38617E+00 2.04434E+00
1.39018E+00 2.04434E+00
1.39373E+00 2.04433E+00
1.39682E+00 2.04433E+00
1.39945E+00 2.04432E+00
1.40161E+00 2.04432E+00
1.40328E+00 2.04431E+00
1.40449E+00 2.04431E+00
1.40521E+00 2.04431E+00
1.40545E+00 2.04431E+00
1.40521E+00 2.04431E+00
1.40449E+00 2.04431E+00
1.40329E+00 2.04431E+00
1.40161E+00 2.04432E+00
1.39945E+00 2.04432E+00
1.39682E+00 2.04433E+00
1.39373E+00 2.04433E+00
1.39018E+00 2.04434E+00
1.38617E+00 2.04434E+00
1.38171E+00 2.04435E+00
1.37682E+00 2.04436E+00
1.37149E+00 2.04437E+00
1.36574E+00 2.04438E+00
1.35958E+00 2.04440E+00
1.35302E+00 2.04441E+00
1.34607E+00 2.04441E+00
1.33875E+00 2.04443E+00
1.33106E+00 2.04445E+00
1.32304E+00 2.04446E+00
1.31468E+00 2.04447E+00
1.30601E+00 2.04449E+00
1.29704E+00 2.04451E+00
1.28780E+00 2.04452E+00
1.27831E+00 2.04454E+00
1.26857E+00 2.04456E+00
1.25863E+00 2.04457E+00
1.24849E+00 2.04460E+00
1.23818E+00 2.04461E+00
1.22773E+00 2.04463E+00
1.21716E+00 2.04464E+00
1.20649E+00 2.04466E+00
1.19576E+00 2.04468E+00
1.18500E+00 2.04470E+00
1.17422E+00 2.04472E+00
1.16347E+00 2.04474E+00
1.15277E+00 2.04475E+00
1.14215E+00 2.04477E+00
1.13164E+00 2.04478E+00
1.12128E+00 2.04480E+00
1.11111E+00 2.04481E+00
1.10114E+00 2.04483E+00
1.09142E+00 2.04484E+00
1.08199E+00 2.04486E+00
1.07286E+00 2.04487E+00
1.06409E+00 2.04488E+00
1.05569E+00 2.04490E+00
1.04771E+00 2.04491E+00
1.04017E+00 2.04492E+00
1.03311E+00 2.04493E+00
1.02655E+00 2.04494E+00
1.02052E+00 2.04495E+00
1.01506E+00 2.04496E+00
1.01017E+00 2.04496E+00
1.00589E+00 2.04497E+00
1.00223E+00 2.04497E+00
9.99218E-01 2.04498E+00
9.96857E-01 2.04498E+00
9.95163E-01 2.04498E+00
9.94143E-01 2.04499E+00
9.93803E-01 2.04499E+00
