Will plot unflagged data


File # 1  = raise.vis
raise.vis 1.5136 GHz
Read 121 visibilities from all files

Baseline 4-5, plot 121 points
2.29339E+00 0.00000E+00
2.29418E+00 0.00000E+00
2.29653E+00 0.00000E+00
2.30044E+00 0.00000E+00
2.30589E+00 0.00000E+00
2.31285E+00 0.00000E+00
2.32128E+00 0.00000E+00
2.33116E+00 0.00000E+00
2.34244E+00 0.00000E+00
2.35505E+00 0.00000E+00
2.36896E+00 0.00000E+00
2.38410E+00 0.00000E+00
2.40039E+00 0.00000E+00
2.41779E+00 0.00000E+00
2.43621E+00 0.00000E+00
2.45559E+00 0.00000E+00
2.47584E+00 0.00000E+00
2.49689E+00 0.00000E+00
2.51867E+00 0.00000E+00
2.54109E+00 0.00000E+00
2.56409E+00 0.00000E+00
2.58758E+00 0.00000E+00
2.61148E+00 0.00000E+00
2.63572E+00 0.00000E+00
2.66023E+00 0.00000E+00
2.68492E+00 0.00000E+00
2.70974E+00 0.00000E+00
2.73461E+00 0.00000E+00
2.75945E+00 0.00000E+00
2.78421E+00 0.00000E+00
2.80882E+00 0.00000E+00
2.83321E+00 0.00000E+00
2.85733E+00 0.00000E+00
2.88112E+00 0.00000E+00
2.90452E+00 0.00000E+00
2.92748E+00 0.00000E+00
2.94994E+00 0.00000E+00
2.97185E+00 0.00000E+00
2.99318E+00 0.00000E+00
3.01386E+00 0.00000E+00
3.03387E+00 0.00000E+00
3.05316E+00 0.00000E+00
3.07168E+00 0.00000E+00
3.08941E+00 0.00000E+00
3.10631E+00 0.00000E+00
3.12234E+00 0.00000E+00
3.13748E+00 0.00000E+00
3.15170E+00 0.00000E+00
3.16497E+00 0.00000E+00
3.17727E+00 0.00000E+00
3.18857E+00 0.00000E+00
3.19885E+00 0.00000E+00
3.20810E+00 0.00000E+00
3.21630E+00 0.00000E+00
3.22344E+00 0.00000E+00
3.22950E+00 0.00000E+00
3.23447E+00 0.00000E+00
3.23835E+00 0.00000E+00
3.24112E+00 0.00000E+00
3.24279E+00 0.00000E+00
3.24335E+00 0.00000E+00
3.24279E+00 0.00000E+00
3.24112E+00 0.00000E+00
3.23835E+00 0.00000E+00
3.23447E+00 0.00000E+00
3.22950E+00 0.00000E+00
3.22344E+00 0.00000E+00
3.21631E+00 0.00000E+00
3.20810E+00 0.00000E+00
3.19885E+00 0.00000E+00
3.18857E+00 0.00000E+00
3.17727E+00 0.00000E+00
3.16497E+00 0.00000E+00
3.15170E+00 0.00000E+00
3.13748E+00 0.00000E+00
3.12234E+00 0.00000E+00
3.10631E+00 0.00000E+00
3.08941E+00 0.00000E+00
3.07168E+00 0.00000E+00
3.05316E+00 0.00000E+00
3.03387E+00 0.00000E+00
3.01387E+00 0.00000E+00
2.99318E+00 0.00000E+00
2.97185E+00 0.00000E+00
2.94994E+00 0.00000E+00
2.92748E+00 0.00000E+00
2.90452E+00 0.00000E+00
2.88112E+00 0.00000E+00
2.85733E+00 0.00000E+00
2.83321E+00 0.00000E+00
2.80882E+00 0.00000E+00
2.78421E+00 0.00000E+00
2.75945E+00 0.00000E+00
2.73461E+00 0.00000E+00
2.70974E+00 0.00000E+00
2.68493E+00 0.00000E+00
2.66023E+00 0.00000E+00
2.63572E+00 0.00000E+00
2.61148E+00 0.00000E+00
2.58758E+00 0.00000E+00
2.56409E+00 0.00000E+00
2.54110E+00 0.00000E+00
2.51867E+00 0.00000E+00
2.49689E+00 0.00000E+00
2.47584E+00 0.00000E+00
2.45559E+00 0.00000E+00
2.43621E+00 0.00000E+00
2.41779E+00 0.00000E+00
2.40040E+00 0.00000E+00
2.38410E+00 0.00000E+00
2.36896E+00 0.00000E+00
2.35505E+00 0.00000E+00
2.34244E+00 0.00000E+00
2.33116E+00 0.00000E+00
2.32128E+00 0.00000E+00
2.31285E+00 0.00000E+00
2.30589E+00 0.00000E+00
2.30044E+00 0.00000E+00
2.29653E+00 0.00000E+00
2.29418E+00 0.00000E+00
2.29339E+00 0.00000E+00
