Will plot unflagged data


File # 1  = raise.vis
raise.vis 0.1514 GHz
Read 121 visibilities from all files

Baseline 2-5, plot 121 points
9.39198E-01 -1.18410E-01
9.39520E-01 -1.20702E-01
9.40484E-01 -1.22909E-01
9.42085E-01 -1.25029E-01
9.44315E-01 -1.27058E-01
9.47165E-01 -1.27967E-01
9.50621E-01 -1.29807E-01
9.54666E-01 -1.31548E-01
9.59283E-01 -1.33188E-01
9.64450E-01 -1.34725E-01
9.70146E-01 -1.36156E-01
9.76344E-01 -1.37478E-01
9.83019E-01 -1.38689E-01
9.90143E-01 -1.39787E-01
9.97687E-01 -1.40770E-01
1.00562E+00 -1.41636E-01
1.01391E+00 -1.42382E-01
1.02254E+00 -1.43008E-01
1.03145E+00 -1.43510E-01
1.04064E+00 -1.43888E-01
1.05006E+00 -1.44139E-01
1.05967E+00 -1.45292E-01
1.06946E+00 -1.45286E-01
1.07939E+00 -1.45149E-01
1.08943E+00 -1.44880E-01
1.09954E+00 -1.45508E-01
1.10970E+00 -1.44971E-01
1.11989E+00 -1.44299E-01
1.13006E+00 -1.44521E-01
1.14020E+00 -1.43575E-01
1.15028E+00 -1.43521E-01
1.16027E+00 -1.42299E-01
1.17015E+00 -1.41968E-01
1.17989E+00 -1.40466E-01
1.18947E+00 -1.39855E-01
1.19887E+00 -1.39104E-01
1.20807E+00 -1.37181E-01
1.21704E+00 -1.36148E-01
1.22578E+00 -1.34976E-01
1.23425E+00 -1.33662E-01
1.24244E+00 -1.32208E-01
1.25034E+00 -1.30614E-01
1.25793E+00 -1.28881E-01
1.26519E+00 -1.27008E-01
1.27211E+00 -1.24997E-01
1.27867E+00 -1.22848E-01
1.28487E+00 -1.20562E-01
1.29070E+00 -1.18140E-01
1.29613E+00 -1.16613E-01
1.30117E+00 -1.13921E-01
1.30579E+00 -1.12128E-01
1.31001E+00 -1.09171E-01
1.31379E+00 -1.07115E-01
1.31715E+00 -1.03898E-01
1.32008E+00 -1.01586E-01
1.32256E+00 -9.81153E-02
1.32459E+00 -9.55523E-02
1.32618E+00 -9.28666E-02
1.32732E+00 -9.00601E-02
1.32800E+00 -8.71347E-02
1.32823E+00 -8.40925E-02
1.32800E+00 -8.09355E-02
1.32732E+00 -7.76660E-02
1.32618E+00 -7.42860E-02
1.32459E+00 -7.07980E-02
1.32256E+00 -6.72044E-02
1.32008E+00 -6.45392E-02
1.31715E+00 -6.07417E-02
1.31379E+00 -5.78778E-02
1.31001E+00 -5.38869E-02
1.30579E+00 -5.08348E-02
1.30117E+00 -4.66614E-02
1.29613E+00 -4.34325E-02
1.29070E+00 -3.90880E-02
1.28487E+00 -3.56939E-02
1.27867E+00 -3.22217E-02
1.27211E+00 -2.86745E-02
1.26519E+00 -2.50554E-02
1.25793E+00 -2.13676E-02
1.25034E+00 -1.76144E-02
1.24244E+00 -1.37990E-02
1.23425E+00 -9.92469E-03
1.22578E+00 -5.99493E-03
1.21704E+00 -2.01301E-03
1.20807E+00 2.01747E-03
1.19887E+00 5.06223E-03
1.18947E+00 9.17974E-03
1.17989E+00 1.33354E-02
1.17015E+00 1.64949E-02
1.16027E+00 2.07162E-02
1.15028E+00 2.39344E-02
1.14020E+00 2.82071E-02
1.13006E+00 3.14695E-02
1.11989E+00 3.57790E-02
1.10970E+00 3.90711E-02
1.09954E+00 4.23727E-02
1.08943E+00 4.67099E-02
1.07939E+00 5.00191E-02
1.06946E+00 5.33267E-02
1.05967E+00 5.66290E-02
1.05006E+00 6.09519E-02
1.04064E+00 6.42325E-02
1.03146E+00 6.74969E-02
1.02254E+00 7.07413E-02
1.01391E+00 7.39623E-02
1.00562E+00 7.71561E-02
9.97687E-01 8.03192E-02
9.90143E-01 8.34481E-02
9.83019E-01 8.65391E-02
9.76344E-01 8.95887E-02
9.70146E-01 9.25935E-02
9.64451E-01 9.55501E-02
9.59283E-01 9.84549E-02
9.54666E-01 1.01305E-01
9.50621E-01 1.04096E-01
9.47165E-01 1.06825E-01
9.44315E-01 1.08463E-01
9.42085E-01 1.11060E-01
9.40484E-01 1.13585E-01
9.39520E-01 1.16035E-01
9.39198E-01 1.18408E-01
