Will plot unflagged data


File # 1  = raise.vis
raise.vis 0.1514 GHz
Read 121 visibilities from all files

Baseline 2-5, plot 121 points
9.39198E-01 4.37195E-01
9.39520E-01 4.37195E-01
9.40484E-01 4.37195E-01
9.42085E-01 4.37195E-01
9.44315E-01 4.37195E-01
9.47165E-01 4.37194E-01
9.50621E-01 4.37194E-01
9.54666E-01 4.37194E-01
9.59283E-01 4.37193E-01
9.64450E-01 4.37193E-01
9.70146E-01 4.37192E-01
9.76344E-01 4.37192E-01
9.83019E-01 4.37191E-01
9.90143E-01 4.37190E-01
9.97687E-01 4.37190E-01
1.00562E+00 4.37189E-01
1.01391E+00 4.37188E-01
1.02254E+00 4.37187E-01
1.03145E+00 4.37186E-01
1.04064E+00 4.37185E-01
1.05006E+00 4.37184E-01
1.05967E+00 4.37183E-01
1.06946E+00 4.37182E-01
1.07939E+00 4.37181E-01
1.08943E+00 4.37180E-01
1.09954E+00 4.37179E-01
1.10970E+00 4.37178E-01
1.11989E+00 4.37177E-01
1.13006E+00 4.37176E-01
1.14020E+00 4.37174E-01
1.15028E+00 4.37174E-01
1.16027E+00 4.37172E-01
1.17015E+00 4.37171E-01
1.17989E+00 4.37170E-01
1.18947E+00 4.37169E-01
1.19887E+00 4.37168E-01
1.20807E+00 4.37167E-01
1.21704E+00 4.37165E-01
1.22578E+00 4.37165E-01
1.23425E+00 4.37164E-01
1.24244E+00 4.37163E-01
1.25034E+00 4.37162E-01
1.25793E+00 4.37161E-01
1.26519E+00 4.37160E-01
1.27211E+00 4.37159E-01
1.27867E+00 4.37158E-01
1.28487E+00 4.37157E-01
1.29070E+00 4.37156E-01
1.29613E+00 4.37156E-01
1.30117E+00 4.37155E-01
1.30579E+00 4.37155E-01
1.31001E+00 4.37154E-01
1.31379E+00 4.37154E-01
1.31715E+00 4.37153E-01
1.32008E+00 4.37153E-01
1.32256E+00 4.37152E-01
1.32459E+00 4.37152E-01
1.32618E+00 4.37152E-01
1.32732E+00 4.37152E-01
1.32800E+00 4.37152E-01
1.32823E+00 4.37152E-01
1.32800E+00 4.37152E-01
1.32732E+00 4.37152E-01
1.32618E+00 4.37152E-01
1.32459E+00 4.37152E-01
1.32256E+00 4.37152E-01
1.32008E+00 4.37153E-01
1.31715E+00 4.37153E-01
1.31379E+00 4.37154E-01
1.31001E+00 4.37154E-01
1.30579E+00 4.37155E-01
1.30117E+00 4.37155E-01
1.29613E+00 4.37156E-01
1.29070E+00 4.37156E-01
1.28487E+00 4.37157E-01
1.27867E+00 4.37158E-01
1.27211E+00 4.37159E-01
1.26519E+00 4.37160E-01
1.25793E+00 4.37161E-01
1.25034E+00 4.37162E-01
1.24244E+00 4.37163E-01
1.23425E+00 4.37164E-01
1.22578E+00 4.37165E-01
1.21704E+00 4.37166E-01
1.20807E+00 4.37166E-01
1.19887E+00 4.37168E-01
1.18947E+00 4.37169E-01
1.17989E+00 4.37170E-01
1.17015E+00 4.37172E-01
1.16027E+00 4.37172E-01
1.15028E+00 4.37174E-01
1.14020E+00 4.37175E-01
1.13006E+00 4.37176E-01
1.11989E+00 4.37177E-01
1.10970E+00 4.37178E-01
1.09954E+00 4.37179E-01
1.08943E+00 4.37180E-01
1.07939E+00 4.37181E-01
1.06946E+00 4.37182E-01
1.05967E+00 4.37183E-01
1.05006E+00 4.37184E-01
1.04064E+00 4.37185E-01
1.03146E+00 4.37186E-01
1.02254E+00 4.37187E-01
1.01391E+00 4.37188E-01
1.00562E+00 4.37189E-01
9.97687E-01 4.37189E-01
9.90143E-01 4.37190E-01
9.83019E-01 4.37191E-01
9.76344E-01 4.37192E-01
9.70146E-01 4.37192E-01
9.64451E-01 4.37193E-01
9.59283E-01 4.37193E-01
9.54666E-01 4.37194E-01
9.50621E-01 4.37194E-01
9.47165E-01 4.37194E-01
9.44315E-01 4.37195E-01
9.42085E-01 4.37195E-01
9.40484E-01 4.37195E-01
9.39520E-01 4.37195E-01
9.39198E-01 4.37195E-01
