Will plot unflagged data


File # 1  = raise.vis
raise.vis 15.1356 GHz
Read 121 visibilities from all files

Baseline 3-5, plot 121 points
3.76771E+01 -1.77275E+01
3.76900E+01 -1.80498E+01
3.77287E+01 -1.83595E+01
3.77929E+01 -1.86562E+01
3.78824E+01 -1.89405E+01
3.79967E+01 -1.92120E+01
3.81354E+01 -1.94702E+01
3.82977E+01 -1.97148E+01
3.84829E+01 -1.99463E+01
3.86902E+01 -2.01645E+01
3.89186E+01 -2.03679E+01
3.91673E+01 -2.05581E+01
3.94351E+01 -2.07337E+01
3.97208E+01 -2.08946E+01
4.00235E+01 -2.10424E+01
4.03418E+01 -2.11749E+01
4.06745E+01 -2.12938E+01
4.10204E+01 -2.13977E+01
4.13781E+01 -2.14863E+01
4.17465E+01 -2.15602E+01
4.21243E+01 -2.16203E+01
4.25102E+01 -2.16646E+01
4.29029E+01 -2.16949E+01
4.33011E+01 -2.17096E+01
4.37037E+01 -2.17095E+01
4.41095E+01 -2.16947E+01
4.45172E+01 -2.16653E+01
4.49257E+01 -2.16217E+01
4.53338E+01 -2.15614E+01
4.57406E+01 -2.14882E+01
4.61449E+01 -2.13996E+01
4.65456E+01 -2.12950E+01
4.69419E+01 -2.11772E+01
4.73327E+01 -2.10456E+01
4.77171E+01 -2.08979E+01
4.80942E+01 -2.07370E+01
4.84632E+01 -2.05606E+01
4.88233E+01 -2.03720E+01
4.91736E+01 -2.01680E+01
4.95135E+01 -1.99507E+01
4.98422E+01 -1.97192E+01
5.01590E+01 -1.94754E+01
5.04634E+01 -1.92174E+01
5.07546E+01 -1.89464E+01
5.10322E+01 -1.86624E+01
5.12956E+01 -1.83651E+01
5.15444E+01 -1.80559E+01
5.17779E+01 -1.77340E+01
5.19959E+01 -1.73993E+01
5.21979E+01 -1.70540E+01
5.23836E+01 -1.66968E+01
5.25526E+01 -1.63269E+01
5.27046E+01 -1.59469E+01
5.28393E+01 -1.55561E+01
5.29565E+01 -1.51542E+01
5.30561E+01 -1.47416E+01
5.31378E+01 -1.43197E+01
5.32015E+01 -1.38876E+01
5.32470E+01 -1.34458E+01
5.32744E+01 -1.29954E+01
5.32835E+01 -1.25348E+01
5.32744E+01 -1.20673E+01
5.32470E+01 -1.15902E+01
5.32015E+01 -1.11059E+01
5.31378E+01 -1.06136E+01
5.30561E+01 -1.01138E+01
5.29565E+01 -9.60785E+00
5.28393E+01 -9.09492E+00
5.27046E+01 -8.57540E+00
5.25526E+01 -8.05010E+00
5.23836E+01 -7.52033E+00
5.21980E+01 -6.98428E+00
5.19959E+01 -6.44308E+00
5.17780E+01 -5.89888E+00
5.15444E+01 -5.34992E+00
5.12957E+01 -4.79710E+00
5.10322E+01 -4.24155E+00
5.07546E+01 -3.68263E+00
5.04634E+01 -3.12118E+00
5.01590E+01 -2.55771E+00
4.98422E+01 -1.99166E+00
4.95135E+01 -1.42549E+00
4.91736E+01 -8.57847E-01
4.88233E+01 -2.90017E-01
4.84633E+01 2.79327E-01
4.80943E+01 8.46687E-01
4.77171E+01 1.41463E+00
4.73327E+01 1.98157E+00
4.69419E+01 2.54687E+00
4.65457E+01 3.11063E+00
4.61449E+01 3.67083E+00
4.57406E+01 4.22992E+00
4.53339E+01 4.78679E+00
4.49257E+01 5.33852E+00
4.45172E+01 5.88843E+00
4.41095E+01 6.43360E+00
4.37037E+01 6.97420E+00
4.33011E+01 7.50976E+00
4.29029E+01 8.04020E+00
4.25102E+01 8.56572E+00
4.21243E+01 9.08464E+00
4.17466E+01 9.59829E+00
4.13782E+01 1.01044E+01
4.10204E+01 1.06035E+01
4.06745E+01 1.10959E+01
4.03418E+01 1.15812E+01
4.00235E+01 1.20577E+01
3.97209E+01 1.25268E+01
3.94351E+01 1.29860E+01
3.91673E+01 1.34369E+01
3.89186E+01 1.38790E+01
3.86902E+01 1.43109E+01
3.84829E+01 1.47339E+01
3.82977E+01 1.51465E+01
3.81354E+01 1.55483E+01
3.79967E+01 1.59397E+01
3.78824E+01 1.63203E+01
3.77929E+01 1.66895E+01
3.77287E+01 1.70469E+01
3.76901E+01 1.73931E+01
3.76771E+01 1.77275E+01
