Will plot unflagged data


File # 1  = raise.vis
raise.vis 15.1356 GHz
Read 121 visibilities from all files

Baseline 3-5, plot 121 points
3.76771E+01 5.10777E-01
3.76900E+01 5.10540E-01
3.77287E+01 5.09838E-01
3.77929E+01 5.08691E-01
3.78824E+01 5.07134E-01
3.79967E+01 5.05211E-01
3.81354E+01 5.02972E-01
3.82977E+01 5.00471E-01
3.84829E+01 4.97769E-01
3.86902E+01 4.94917E-01
3.89186E+01 4.91952E-01
3.91673E+01 4.88931E-01
3.94351E+01 4.85875E-01
3.97208E+01 4.82808E-01
4.00235E+01 4.79771E-01
4.03418E+01 4.76753E-01
4.06745E+01 4.73784E-01
4.10204E+01 4.70858E-01
4.13781E+01 4.67979E-01
4.17465E+01 4.65160E-01
4.21243E+01 4.62413E-01
4.25102E+01 4.59725E-01
4.29029E+01 4.57116E-01
4.33011E+01 4.54575E-01
4.37037E+01 4.52111E-01
4.41095E+01 4.49727E-01
4.45172E+01 4.47422E-01
4.49257E+01 4.45203E-01
4.53338E+01 4.43045E-01
4.57406E+01 4.40981E-01
4.61449E+01 4.38989E-01
4.65456E+01 4.37061E-01
4.69419E+01 4.35221E-01
4.73327E+01 4.33464E-01
4.77171E+01 4.31768E-01
4.80942E+01 4.30154E-01
4.84632E+01 4.28606E-01
4.88233E+01 4.27144E-01
4.91736E+01 4.25744E-01
4.95135E+01 4.24418E-01
4.98422E+01 4.23157E-01
5.01590E+01 4.21975E-01
5.04634E+01 4.20853E-01
5.07546E+01 4.19797E-01
5.10322E+01 4.18807E-01
5.12956E+01 4.17877E-01
5.15444E+01 4.17014E-01
5.17779E+01 4.16212E-01
5.19959E+01 4.15467E-01
5.21979E+01 4.14793E-01
5.23836E+01 4.14176E-01
5.25526E+01 4.13613E-01
5.27046E+01 4.13116E-01
5.28393E+01 4.12680E-01
5.29565E+01 4.12300E-01
5.30561E+01 4.11976E-01
5.31378E+01 4.11717E-01
5.32015E+01 4.11513E-01
5.32470E+01 4.11366E-01
5.32744E+01 4.11283E-01
5.32835E+01 4.11248E-01
5.32744E+01 4.11283E-01
5.32470E+01 4.11366E-01
5.32015E+01 4.11513E-01
5.31378E+01 4.11717E-01
5.30561E+01 4.11976E-01
5.29565E+01 4.12300E-01
5.28393E+01 4.12680E-01
5.27046E+01 4.13116E-01
5.25526E+01 4.13613E-01
5.23836E+01 4.14176E-01
5.21980E+01 4.14793E-01
5.19959E+01 4.15467E-01
5.17780E+01 4.16212E-01
5.15444E+01 4.17014E-01
5.12957E+01 4.17877E-01
5.10322E+01 4.18807E-01
5.07546E+01 4.19797E-01
5.04634E+01 4.20853E-01
5.01590E+01 4.21975E-01
4.98422E+01 4.23158E-01
4.95135E+01 4.24418E-01
4.91736E+01 4.25744E-01
4.88233E+01 4.27144E-01
4.84633E+01 4.28606E-01
4.80943E+01 4.30154E-01
4.77171E+01 4.31768E-01
4.73327E+01 4.33456E-01
4.69419E+01 4.35221E-01
4.65457E+01 4.37061E-01
4.61449E+01 4.38989E-01
4.57406E+01 4.40981E-01
4.53339E+01 4.43045E-01
4.49257E+01 4.45203E-01
4.45172E+01 4.47422E-01
4.41095E+01 4.49727E-01
4.37037E+01 4.52111E-01
4.33011E+01 4.54575E-01
4.29029E+01 4.57116E-01
4.25102E+01 4.59725E-01
4.21243E+01 4.62413E-01
4.17466E+01 4.65160E-01
4.13782E+01 4.67979E-01
4.10204E+01 4.70858E-01
4.06745E+01 4.73784E-01
4.03418E+01 4.76753E-01
4.00235E+01 4.79771E-01
3.97209E+01 4.82808E-01
3.94351E+01 4.85875E-01
3.91673E+01 4.88931E-01
3.89186E+01 4.91952E-01
3.86902E+01 4.94917E-01
3.84829E+01 4.97769E-01
3.82977E+01 5.00471E-01
3.81354E+01 5.02972E-01
3.79967E+01 5.05211E-01
3.78824E+01 5.07134E-01
3.77929E+01 5.08691E-01
3.77287E+01 5.09838E-01
3.76901E+01 5.10540E-01
3.76771E+01 5.10777E-01
