Will plot unflagged data


File # 1  = raise.vis
raise.vis 4.7863 GHz
Read 121 visibilities from all files

Baseline 3-4, plot 121 points
4.66222E+00 7.82887E-02
4.66382E+00 7.82886E-02
4.66860E+00 7.82884E-02
4.67655E+00 7.82881E-02
4.68762E+00 7.82876E-02
4.70177E+00 7.82871E-02
4.71892E+00 7.82864E-02
4.73900E+00 7.82856E-02
4.76192E+00 7.82846E-02
4.78757E+00 7.82836E-02
4.81584E+00 7.82824E-02
4.84661E+00 7.82811E-02
4.87974E+00 7.82796E-02
4.91511E+00 7.82781E-02
4.95256E+00 7.82766E-02
4.99194E+00 7.82748E-02
5.03311E+00 7.82731E-02
5.07591E+00 7.82710E-02
5.12018E+00 7.82691E-02
5.16577E+00 7.82670E-02
5.21252E+00 7.82649E-02
5.26026E+00 7.82627E-02
5.30886E+00 7.82606E-02
5.35814E+00 7.82581E-02
5.40795E+00 7.82559E-02
5.45816E+00 7.82536E-02
5.50861E+00 7.82512E-02
5.55916E+00 7.82487E-02
5.60967E+00 7.82461E-02
5.66000E+00 7.82438E-02
5.71003E+00 7.82411E-02
5.75962E+00 7.82387E-02
5.80865E+00 7.82362E-02
5.85701E+00 7.82337E-02
5.90458E+00 7.82314E-02
5.95124E+00 7.82288E-02
5.99690E+00 7.82265E-02
6.04146E+00 7.82241E-02
6.08481E+00 7.82221E-02
6.12686E+00 7.82197E-02
6.16753E+00 7.82177E-02
6.20674E+00 7.82156E-02
6.24440E+00 7.82135E-02
6.28044E+00 7.82118E-02
6.31479E+00 7.82096E-02
6.34739E+00 7.82078E-02
6.37817E+00 7.82065E-02
6.40707E+00 7.82047E-02
6.43404E+00 7.82033E-02
6.45904E+00 7.82020E-02
6.48201E+00 7.82006E-02
6.50292E+00 7.81992E-02
6.52173E+00 7.81983E-02
6.53840E+00 7.81973E-02
6.55291E+00 7.81964E-02
6.56523E+00 7.81959E-02
6.57534E+00 7.81955E-02
6.58322E+00 7.81950E-02
6.58886E+00 7.81945E-02
6.59224E+00 7.81945E-02
6.59337E+00 7.81945E-02
6.59224E+00 7.81945E-02
6.58886E+00 7.81945E-02
6.58322E+00 7.81950E-02
6.57534E+00 7.81955E-02
6.56523E+00 7.81959E-02
6.55291E+00 7.81964E-02
6.53840E+00 7.81973E-02
6.52173E+00 7.81983E-02
6.50292E+00 7.81992E-02
6.48201E+00 7.82006E-02
6.45904E+00 7.82020E-02
6.43405E+00 7.82033E-02
6.40707E+00 7.82047E-02
6.37817E+00 7.82065E-02
6.34739E+00 7.82078E-02
6.31480E+00 7.82096E-02
6.28044E+00 7.82118E-02
6.24440E+00 7.82135E-02
6.20674E+00 7.82156E-02
6.16754E+00 7.82177E-02
6.12686E+00 7.82197E-02
6.08481E+00 7.82222E-02
6.04146E+00 7.82241E-02
5.99691E+00 7.82265E-02
5.95125E+00 7.82288E-02
5.90458E+00 7.82314E-02
5.85701E+00 7.82337E-02
5.80865E+00 7.82362E-02
5.75962E+00 7.82387E-02
5.71003E+00 7.82411E-02
5.66000E+00 7.82438E-02
5.60967E+00 7.82461E-02
5.55916E+00 7.82487E-02
5.50861E+00 7.82512E-02
5.45817E+00 7.82535E-02
5.40796E+00 7.82559E-02
5.35814E+00 7.82581E-02
5.30886E+00 7.82606E-02
5.26027E+00 7.82627E-02
5.21252E+00 7.82649E-02
5.16577E+00 7.82670E-02
5.12019E+00 7.82691E-02
5.07591E+00 7.82710E-02
5.03311E+00 7.82731E-02
4.99194E+00 7.82748E-02
4.95256E+00 7.82766E-02
4.91511E+00 7.82781E-02
4.87975E+00 7.82797E-02
4.84661E+00 7.82811E-02
4.81584E+00 7.82824E-02
4.78757E+00 7.82836E-02
4.76192E+00 7.82846E-02
4.73900E+00 7.82856E-02
4.71892E+00 7.82864E-02
4.70177E+00 7.82871E-02
4.68762E+00 7.82876E-02
4.67655E+00 7.82881E-02
4.66860E+00 7.82884E-02
4.66382E+00 7.82886E-02
4.66222E+00 7.82887E-02
