Will plot unflagged data


File # 1  = raise.vis
raise.vis 4.7863 GHz
Read 121 visibilities from all files

Baseline 3-4, plot 121 points
4.66222E+00 -5.70778E-01
4.66382E+00 -5.81452E-01
4.66860E+00 -5.91709E-01
4.67655E+00 -6.00508E-01
4.68762E+00 -6.09892E-01
4.70177E+00 -6.18822E-01
4.71892E+00 -6.27286E-01
4.73900E+00 -6.35272E-01
4.76192E+00 -6.42768E-01
4.78757E+00 -6.49762E-01
4.81584E+00 -6.56245E-01
4.84661E+00 -6.62203E-01
4.87974E+00 -6.67628E-01
4.91511E+00 -6.72508E-01
4.95256E+00 -6.77866E-01
4.99194E+00 -6.81628E-01
5.03311E+00 -6.85848E-01
5.07591E+00 -6.88453E-01
5.12018E+00 -6.91500E-01
5.16577E+00 -6.93948E-01
5.21252E+00 -6.95788E-01
5.26026E+00 -6.97013E-01
5.30886E+00 -6.98649E-01
5.35814E+00 -6.98623E-01
5.40795E+00 -6.98996E-01
5.45816E+00 -6.98729E-01
5.50861E+00 -6.97815E-01
5.55916E+00 -6.96252E-01
5.60967E+00 -6.94033E-01
5.66000E+00 -6.92188E-01
5.71003E+00 -6.88649E-01
5.75962E+00 -6.85476E-01
5.80865E+00 -6.81635E-01
5.85701E+00 -6.77125E-01
5.90458E+00 -6.72972E-01
5.95124E+00 -6.67117E-01
5.99690E+00 -6.61618E-01
6.04146E+00 -6.55445E-01
6.08481E+00 -6.49624E-01
6.12686E+00 -6.42103E-01
6.16753E+00 -6.34936E-01
6.20674E+00 -6.27097E-01
6.24440E+00 -6.18581E-01
6.28044E+00 -6.10420E-01
6.31479E+00 -6.00561E-01
6.34739E+00 -5.91063E-01
6.37817E+00 -5.81931E-01
6.40707E+00 -5.71113E-01
6.43404E+00 -5.60671E-01
6.45904E+00 -5.49580E-01
6.48201E+00 -5.37847E-01
6.50292E+00 -5.25478E-01
6.52173E+00 -5.13509E-01
6.53840E+00 -5.00917E-01
6.55291E+00 -4.87709E-01
6.56523E+00 -4.74924E-01
6.57534E+00 -4.61539E-01
6.58322E+00 -4.47563E-01
6.58886E+00 -4.33004E-01
6.59224E+00 -4.18903E-01
6.59337E+00 -4.04238E-01
6.59224E+00 -3.89020E-01
6.58886E+00 -3.73260E-01
6.58322E+00 -3.57997E-01
6.57534E+00 -3.42214E-01
6.56523E+00 -3.25921E-01
6.55291E+00 -3.09131E-01
6.53840E+00 -2.92885E-01
6.52173E+00 -2.76167E-01
6.50292E+00 -2.58988E-01
6.48201E+00 -2.42392E-01
6.45904E+00 -2.25362E-01
6.43405E+00 -2.07911E-01
6.40707E+00 -1.90055E-01
6.37817E+00 -1.72835E-01
6.34739E+00 -1.54210E-01
6.31480E+00 -1.36250E-01
6.28044E+00 -1.18968E-01
6.24440E+00 -1.00327E-01
6.20674E+00 -8.23943E-02
6.16754E+00 -6.41596E-02
6.12686E+00 -4.56433E-02
6.08481E+00 -2.78897E-02
6.04146E+00 -8.86162E-03
5.99691E+00 9.37018E-03
5.95125E+00 2.78163E-02
5.90458E+00 4.54307E-02
5.85701E+00 6.42549E-02
5.80865E+00 8.22130E-02
5.75962E+00 1.00317E-01
5.71003E+00 1.18551E-01
5.66000E+00 1.35866E-01
5.60967E+00 1.54306E-01
5.55916E+00 1.71792E-01
5.50861E+00 1.89338E-01
5.45817E+00 2.06926E-01
5.40796E+00 2.24540E-01
5.35814E+00 2.42160E-01
5.30886E+00 2.58738E-01
5.26027E+00 2.76321E-01
5.21252E+00 2.92826E-01
5.16577E+00 3.09269E-01
5.12019E+00 3.25631E-01
5.07591E+00 3.41896E-01
5.03311E+00 3.57012E-01
4.99194E+00 3.73030E-01
4.95256E+00 3.87865E-01
4.91511E+00 4.03568E-01
4.87975E+00 4.18054E-01
4.84661E+00 4.32341E-01
4.81584E+00 4.46411E-01
4.78757E+00 4.60250E-01
4.76192E+00 4.73840E-01
4.73900E+00 4.87166E-01
4.71892E+00 5.00213E-01
4.70177E+00 5.12965E-01
4.68762E+00 5.25408E-01
4.67655E+00 5.37527E-01
4.66860E+00 5.48280E-01
4.66382E+00 5.59710E-01
4.66222E+00 5.70775E-01
