Will plot unflagged data


File # 1  = raise.vis
raise.vis 0.1514 GHz
Read 121 visibilities from all files

Baseline 3-4, plot 121 points
1.47432E-01 7.50683E-01
1.47483E-01 7.54838E-01
1.47634E-01 7.58993E-01
1.47885E-01 7.63148E-01
1.48236E-01 7.67304E-01
1.48683E-01 7.71459E-01
1.49225E-01 7.75614E-01
1.49860E-01 7.79770E-01
1.50585E-01 7.83925E-01
1.51396E-01 7.88080E-01
1.52290E-01 7.92235E-01
1.53263E-01 7.96391E-01
1.54311E-01 8.00546E-01
1.55429E-01 8.04701E-01
1.56614E-01 8.08857E-01
1.57859E-01 8.13012E-01
1.59161E-01 8.17167E-01
1.60514E-01 8.21322E-01
1.61914E-01 8.25478E-01
1.63356E-01 8.29633E-01
1.64834E-01 8.33788E-01
1.66344E-01 8.37944E-01
1.67881E-01 8.42099E-01
1.69439E-01 8.46254E-01
1.71015E-01 8.50409E-01
1.72602E-01 8.54565E-01
1.74198E-01 8.58720E-01
1.75796E-01 8.62875E-01
1.77393E-01 8.67031E-01
1.78985E-01 8.71186E-01
1.80567E-01 8.75341E-01
1.82135E-01 8.79496E-01
1.83686E-01 8.83652E-01
1.85215E-01 8.87807E-01
1.86719E-01 8.91962E-01
1.88195E-01 8.96118E-01
1.89639E-01 9.00273E-01
1.91048E-01 9.04428E-01
1.92418E-01 9.08583E-01
1.93748E-01 9.12739E-01
1.95035E-01 9.16894E-01
1.96274E-01 9.21049E-01
1.97465E-01 9.25205E-01
1.98605E-01 9.29360E-01
1.99691E-01 9.33515E-01
2.00722E-01 9.37670E-01
2.01695E-01 9.41826E-01
2.02609E-01 9.45981E-01
2.03462E-01 9.50136E-01
2.04253E-01 9.54292E-01
2.04979E-01 9.58447E-01
2.05640E-01 9.62602E-01
2.06235E-01 9.66758E-01
2.06762E-01 9.70913E-01
2.07221E-01 9.75068E-01
2.07611E-01 9.79223E-01
2.07930E-01 9.83379E-01
2.08180E-01 9.87534E-01
2.08358E-01 9.91689E-01
2.08465E-01 9.95845E-01
2.08501E-01 1.00000E+00
2.08465E-01 1.00416E+00
2.08358E-01 1.00831E+00
2.08180E-01 1.01247E+00
2.07930E-01 1.01662E+00
2.07611E-01 1.02078E+00
2.07221E-01 1.02493E+00
2.06762E-01 1.02909E+00
2.06235E-01 1.03324E+00
2.05641E-01 1.03740E+00
2.04979E-01 1.04155E+00
2.04253E-01 1.04571E+00
2.03462E-01 1.04986E+00
2.02609E-01 1.05402E+00
2.01695E-01 1.05817E+00
2.00722E-01 1.06233E+00
1.99691E-01 1.06648E+00
1.98605E-01 1.07064E+00
1.97465E-01 1.07480E+00
1.96274E-01 1.07895E+00
1.95035E-01 1.08311E+00
1.93748E-01 1.08726E+00
1.92419E-01 1.09142E+00
1.91048E-01 1.09557E+00
1.89639E-01 1.09973E+00
1.88195E-01 1.10388E+00
1.86719E-01 1.10804E+00
1.85215E-01 1.11219E+00
1.83686E-01 1.11635E+00
1.82135E-01 1.12050E+00
1.80567E-01 1.12466E+00
1.78985E-01 1.12881E+00
1.77393E-01 1.13297E+00
1.75796E-01 1.13712E+00
1.74198E-01 1.14128E+00
1.72602E-01 1.14543E+00
1.71015E-01 1.14959E+00
1.69439E-01 1.15375E+00
1.67881E-01 1.15790E+00
1.66344E-01 1.16206E+00
1.64834E-01 1.16621E+00
1.63356E-01 1.17037E+00
1.61915E-01 1.17452E+00
1.60514E-01 1.17868E+00
1.59161E-01 1.18283E+00
1.57859E-01 1.18699E+00
1.56614E-01 1.19114E+00
1.55429E-01 1.19530E+00
1.54311E-01 1.19945E+00
1.53263E-01 1.20361E+00
1.52290E-01 1.20776E+00
1.51396E-01 1.21192E+00
1.50585E-01 1.21607E+00
1.49860E-01 1.22023E+00
1.49225E-01 1.22439E+00
1.48683E-01 1.22854E+00
1.48236E-01 1.23270E+00
1.47885E-01 1.23685E+00
1.47634E-01 1.24101E+00
1.47483E-01 1.24516E+00
1.47432E-01 1.24932E+00
