Will plot unflagged data


File # 1  = raise.vis
raise.vis 0.1514 GHz
Read 121 visibilities from all files

Baseline 3-4, plot 121 points
1.47432E-01 -3.13891E-02
1.47483E-01 -3.15148E-02
1.47634E-01 -3.26438E-02
1.47885E-01 -3.27240E-02
1.48236E-01 -3.38060E-02
1.48683E-01 -3.38377E-02
1.49225E-01 -3.48699E-02
1.49860E-01 -3.48501E-02
1.50585E-01 -3.58295E-02
1.51396E-01 -3.57556E-02
1.52290E-01 -3.56535E-02
1.53263E-01 -3.65489E-02
1.54311E-01 -3.63888E-02
1.55429E-01 -3.72251E-02
1.56614E-01 -3.70046E-02
1.57859E-01 -3.77794E-02
1.59161E-01 -3.74963E-02
1.60514E-01 -3.82076E-02
1.61914E-01 -3.78598E-02
1.63356E-01 -3.85057E-02
1.64834E-01 -3.80913E-02
1.66344E-01 -3.86699E-02
1.67881E-01 -3.81873E-02
1.69439E-01 -3.86970E-02
1.71015E-01 -3.81449E-02
1.72602E-01 -3.85843E-02
1.74198E-01 -3.79612E-02
1.75796E-01 -3.83292E-02
1.77393E-01 -3.86611E-02
1.78985E-01 -3.79295E-02
1.80567E-01 -3.81885E-02
1.82135E-01 -3.73835E-02
1.83686E-01 -3.75689E-02
1.85215E-01 -3.77174E-02
1.86719E-01 -3.68013E-02
1.88195E-01 -3.68754E-02
1.89639E-01 -3.69123E-02
1.91048E-01 -3.58845E-02
1.92418E-01 -3.58469E-02
1.93748E-01 -3.57720E-02
1.95035E-01 -3.46324E-02
1.96274E-01 -3.44833E-02
1.97465E-01 -3.42972E-02
1.98605E-01 -3.40742E-02
1.99691E-01 -3.27868E-02
2.00722E-01 -3.24905E-02
2.01695E-01 -3.21579E-02
2.02609E-01 -3.17892E-02
2.03462E-01 -3.13846E-02
2.04253E-01 -2.99167E-02
2.04979E-01 -2.94412E-02
2.05640E-01 -2.89309E-02
2.06235E-01 -2.83859E-02
2.06762E-01 -2.78066E-02
2.07221E-01 -2.71936E-02
2.07611E-01 -2.65471E-02
2.07930E-01 -2.58677E-02
2.08180E-01 -2.51558E-02
2.08358E-01 -2.44118E-02
2.08465E-01 -2.26084E-02
2.08501E-01 -2.18020E-02
2.08465E-01 -2.09651E-02
2.08358E-01 -2.11263E-02
2.08180E-01 -2.02304E-02
2.07930E-01 -1.93058E-02
2.07611E-01 -1.83531E-02
2.07221E-01 -1.73732E-02
2.06762E-01 -1.63665E-02
2.06235E-01 -1.53338E-02
2.05641E-01 -1.42759E-02
2.04979E-01 -1.31934E-02
2.04253E-01 -1.20871E-02
2.03462E-01 -1.19855E-02
2.02609E-01 -1.08339E-02
2.01695E-01 -9.66071E-03
2.00722E-01 -8.46689E-03
1.99691E-01 -7.25316E-03
1.98605E-01 -7.04808E-03
1.97465E-01 -5.79712E-03
1.96274E-01 -4.52881E-03
1.95035E-01 -3.24405E-03
1.93748E-01 -2.97126E-03
1.92419E-01 -1.65619E-03
1.91048E-01 -3.27342E-04
1.89639E-01 -1.30533E-05
1.88195E-01 1.34067E-03
1.86719E-01 2.70540E-03
1.85215E-01 3.05287E-03
1.83686E-01 4.43690E-03
1.82135E-01 5.82914E-03
1.80567E-01 6.20133E-03
1.78985E-01 7.60713E-03
1.77393E-01 7.99110E-03
1.75796E-01 9.40660E-03
1.74198E-01 1.08255E-02
1.72602E-01 1.12198E-02
1.71015E-01 1.26426E-02
1.69439E-01 1.30389E-02
1.67881E-01 1.44617E-02
1.66344E-01 1.48561E-02
1.64834E-01 1.62750E-02
1.63356E-01 1.66636E-02
1.61915E-01 1.80747E-02
1.60514E-01 1.84538E-02
1.59161E-01 1.98531E-02
1.57859E-01 2.02187E-02
1.56614E-01 2.16026E-02
1.55429E-01 2.19509E-02
1.54311E-01 2.33154E-02
1.53263E-01 2.36426E-02
1.52290E-01 2.49842E-02
1.51396E-01 2.52866E-02
1.50585E-01 2.55754E-02
1.49860E-01 2.68754E-02
1.49225E-01 2.71340E-02
1.48683E-01 2.84020E-02
1.48236E-01 2.86269E-02
1.47885E-01 2.98593E-02
1.47634E-01 3.00470E-02
1.47483E-01 3.12404E-02
1.47432E-01 3.13876E-02
