Will plot unflagged data


File # 1  = raise.vis
raise.vis 0.4786 GHz
Read 121 visibilities from all files

Baseline 1-2, plot 121 points
1.72675E-01 -2.17706E-02
1.72734E-01 -2.25691E-02
1.72911E-01 -2.23266E-02
1.73205E-01 -2.30936E-02
1.73616E-01 -2.28184E-02
1.74139E-01 -2.35518E-02
1.74775E-01 -2.42677E-02
1.75519E-01 -2.39398E-02
1.76367E-01 -2.46191E-02
1.77317E-01 -2.52795E-02
1.78365E-01 -2.48945E-02
1.79504E-01 -2.55155E-02
1.80731E-01 -2.50902E-02
1.82041E-01 -2.56702E-02
1.83428E-01 -2.62291E-02
1.84887E-01 -2.57404E-02
1.86412E-01 -2.62560E-02
1.87997E-01 -2.67493E-02
1.89636E-01 -2.61939E-02
1.91325E-01 -2.66418E-02
1.93056E-01 -2.70666E-02
1.94825E-01 -2.64415E-02
1.96624E-01 -2.68190E-02
1.98449E-01 -2.71725E-02
2.00295E-01 -2.64753E-02
2.02154E-01 -2.67801E-02
2.04023E-01 -2.70603E-02
2.05895E-01 -2.62889E-02
2.07766E-01 -2.65191E-02
2.09630E-01 -2.67241E-02
2.11482E-01 -2.58770E-02
2.13319E-01 -2.60312E-02
2.15135E-01 -2.61598E-02
2.16926E-01 -2.62627E-02
2.18688E-01 -2.53131E-02
2.20416E-01 -2.53645E-02
2.22108E-01 -2.53901E-02
2.23758E-01 -2.53898E-02
2.25363E-01 -2.43368E-02
2.26921E-01 -2.42849E-02
2.28427E-01 -2.42072E-02
2.29879E-01 -2.41038E-02
2.31274E-01 -2.39747E-02
2.32609E-01 -2.38201E-02
2.33881E-01 -2.26129E-02
2.35088E-01 -2.24074E-02
2.36228E-01 -2.21767E-02
2.37299E-01 -2.19210E-02
2.38298E-01 -2.16404E-02
2.39224E-01 -2.13351E-02
2.40075E-01 -2.10054E-02
2.40849E-01 -1.96243E-02
2.41546E-01 -1.92463E-02
2.42163E-01 -1.88445E-02
2.42700E-01 -1.84193E-02
2.43157E-01 -1.79710E-02
2.43531E-01 -1.74997E-02
2.43823E-01 -1.70060E-02
2.44032E-01 -1.64900E-02
2.44157E-01 -1.59521E-02
2.44199E-01 -1.53928E-02
2.44157E-01 -1.48124E-02
2.44032E-01 -1.42113E-02
2.43823E-01 -1.35899E-02
2.43531E-01 -1.29486E-02
2.43157E-01 -1.22879E-02
2.42700E-01 -1.16082E-02
2.42163E-01 -1.09100E-02
2.41546E-01 -1.01938E-02
2.40849E-01 -9.46006E-03
2.40075E-01 -9.73644E-03
2.39224E-01 -8.96914E-03
2.38298E-01 -8.18585E-03
2.37299E-01 -7.38709E-03
2.36228E-01 -6.57342E-03
2.35089E-01 -5.74541E-03
2.33881E-01 -4.90361E-03
2.32609E-01 -5.07566E-03
2.31274E-01 -4.20803E-03
2.29879E-01 -3.32838E-03
2.28427E-01 -2.43730E-03
2.26921E-01 -1.53540E-03
2.25363E-01 -6.23318E-04
2.23758E-01 -7.28589E-04
2.22108E-01 2.02004E-04
2.20417E-01 1.14090E-03
2.18688E-01 2.08745E-03
2.16926E-01 2.01415E-03
2.15135E-01 2.97406E-03
2.13319E-01 3.93968E-03
2.11483E-01 4.91032E-03
2.09630E-01 4.85859E-03
2.07766E-01 5.83731E-03
2.05895E-01 6.81906E-03
2.04023E-01 6.77658E-03
2.02154E-01 7.76237E-03
2.00295E-01 8.74918E-03
1.98450E-01 8.70982E-03
1.96624E-01 9.69660E-03
1.94825E-01 1.06824E-02
1.93056E-01 1.06401E-02
1.91325E-01 1.16218E-02
1.89637E-01 1.26004E-02
1.87997E-01 1.25491E-02
1.86412E-01 1.35197E-02
1.84887E-01 1.44852E-02
1.83428E-01 1.44188E-02
1.82041E-01 1.53723E-02
1.80731E-01 1.63187E-02
1.79504E-01 1.62314E-02
1.78365E-01 1.71618E-02
1.77318E-01 1.70574E-02
1.76367E-01 1.79693E-02
1.75519E-01 1.88710E-02
1.74775E-01 1.87362E-02
1.74140E-01 1.96156E-02
1.73616E-01 2.04830E-02
1.73205E-01 2.03121E-02
1.72911E-01 2.11536E-02
1.72734E-01 2.09559E-02
1.72675E-01 2.17693E-02
