Will plot unflagged data


File # 1  = raise.vis
raise.vis 4.7863 GHz
Read 121 visibilities from all files

Baseline 1-4, plot 121 points
2.41745E+01 -6.54279E+00
2.41827E+01 -6.66224E+00
2.42076E+01 -6.77569E+00
2.42488E+01 -6.88575E+00
2.43062E+01 -6.99070E+00
2.43795E+01 -7.09029E+00
2.44685E+01 -7.18606E+00
2.45726E+01 -7.27617E+00
2.46914E+01 -7.36157E+00
2.48244E+01 -7.44171E+00
2.49710E+01 -7.51778E+00
2.51306E+01 -7.58669E+00
2.53024E+01 -7.65200E+00
2.54857E+01 -7.71186E+00
2.56799E+01 -7.76623E+00
2.58841E+01 -7.81556E+00
2.60976E+01 -7.85920E+00
2.63195E+01 -7.89696E+00
2.65491E+01 -7.93026E+00
2.67855E+01 -7.95784E+00
2.70279E+01 -7.97911E+00
2.72754E+01 -7.99550E+00
2.75274E+01 -8.00719E+00
2.77829E+01 -8.01228E+00
2.80412E+01 -8.01210E+00
2.83016E+01 -8.00696E+00
2.85632E+01 -7.99641E+00
2.88253E+01 -7.98016E+00
2.90872E+01 -7.95748E+00
2.93482E+01 -7.93066E+00
2.96075E+01 -7.89808E+00
2.98647E+01 -7.85973E+00
3.01189E+01 -7.81578E+00
3.03697E+01 -7.76750E+00
3.06163E+01 -7.71351E+00
3.08583E+01 -7.65359E+00
3.10951E+01 -7.58898E+00
3.13261E+01 -7.51875E+00
3.15509E+01 -7.44411E+00
3.17689E+01 -7.36364E+00
3.19798E+01 -7.27835E+00
3.21831E+01 -7.18735E+00
3.23784E+01 -7.09280E+00
3.25653E+01 -6.99270E+00
3.27434E+01 -6.88822E+00
3.29124E+01 -6.77812E+00
3.30720E+01 -6.66444E+00
3.32218E+01 -6.54524E+00
3.33617E+01 -6.42166E+00
3.34913E+01 -6.29376E+00
3.36104E+01 -6.16162E+00
3.37189E+01 -6.02634E+00
3.38164E+01 -5.88595E+00
3.39028E+01 -5.74155E+00
3.39781E+01 -5.59322E+00
3.40419E+01 -5.44102E+00
3.40943E+01 -5.28500E+00
3.41352E+01 -5.12528E+00
3.41644E+01 -4.96300E+00
3.41820E+01 -4.79621E+00
3.41879E+01 -4.62708E+00
3.41820E+01 -4.45367E+00
3.41644E+01 -4.27816E+00
3.41352E+01 -4.09860E+00
3.40943E+01 -3.91719E+00
3.40419E+01 -3.73302E+00
3.39781E+01 -3.54619E+00
3.39028E+01 -3.35689E+00
3.38164E+01 -3.16531E+00
3.37189E+01 -2.97158E+00
3.36105E+01 -2.77482E+00
3.34913E+01 -2.57726E+00
3.33617E+01 -2.37800E+00
3.32219E+01 -2.17719E+00
3.30720E+01 -1.97499E+00
3.29124E+01 -1.77049E+00
3.27434E+01 -1.56584E+00
3.25653E+01 -1.35922E+00
3.23784E+01 -1.15207E+00
3.21831E+01 -9.43459E-01
3.19798E+01 -7.35567E-01
3.17689E+01 -5.26451E-01
3.15509E+01 -3.17192E-01
3.13261E+01 -1.07004E-01
3.10951E+01 1.02521E-01
3.08583E+01 3.12394E-01
3.06163E+01 5.21501E-01
3.03697E+01 7.30900E-01
3.01190E+01 9.40170E-01
2.98647E+01 1.14778E+00
2.96076E+01 1.35481E+00
2.93482E+01 1.56127E+00
2.90872E+01 1.76699E+00
2.88253E+01 1.97018E+00
2.85632E+01 2.17299E+00
2.83016E+01 2.37452E+00
2.80413E+01 2.57435E+00
2.77829E+01 2.77188E+00
2.75274E+01 2.96729E+00
2.72755E+01 3.16178E+00
2.70279E+01 3.35332E+00
2.67855E+01 3.54198E+00
2.65491E+01 3.72906E+00
2.63196E+01 3.91389E+00
2.60976E+01 4.09506E+00
2.58842E+01 4.27393E+00
2.56799E+01 4.45020E+00
2.54858E+01 4.62314E+00
2.53024E+01 4.79311E+00
2.51306E+01 4.96000E+00
2.49710E+01 5.12190E+00
2.48245E+01 5.28231E+00
2.46914E+01 5.43805E+00
2.45726E+01 5.59028E+00
2.44685E+01 5.73840E+00
2.43795E+01 5.88333E+00
2.43062E+01 6.02318E+00
2.42488E+01 6.15948E+00
2.42076E+01 6.29194E+00
2.41828E+01 6.41884E+00
2.41745E+01 6.54277E+00
