Will plot unflagged data


File # 1  = raise.vis
raise.vis 4.7863 GHz
Read 121 visibilities from all files

Baseline 1-4, plot 121 points
2.41745E+01 5.75927E-01
2.41827E+01 5.75857E-01
2.42076E+01 5.75646E-01
2.42488E+01 5.75300E-01
2.43062E+01 5.74822E-01
2.43795E+01 5.74217E-01
2.44685E+01 5.73500E-01
2.45726E+01 5.72673E-01
2.46914E+01 5.71751E-01
2.48244E+01 5.70742E-01
2.49710E+01 5.69670E-01
2.51306E+01 5.68514E-01
2.53024E+01 5.67322E-01
2.54857E+01 5.66086E-01
2.56799E+01 5.64815E-01
2.58841E+01 5.63522E-01
2.60976E+01 5.62209E-01
2.63195E+01 5.60879E-01
2.65491E+01 5.59556E-01
2.67855E+01 5.58230E-01
2.70279E+01 5.56898E-01
2.72754E+01 5.55580E-01
2.75274E+01 5.54283E-01
2.77829E+01 5.52986E-01
2.80412E+01 5.51706E-01
2.83016E+01 5.50451E-01
2.85632E+01 5.49216E-01
2.88253E+01 5.47999E-01
2.90872E+01 5.46791E-01
2.93482E+01 5.45625E-01
2.96075E+01 5.44481E-01
2.98647E+01 5.43358E-01
3.01189E+01 5.42261E-01
3.03697E+01 5.41206E-01
3.06163E+01 5.40178E-01
3.08583E+01 5.39173E-01
3.10951E+01 5.38209E-01
3.13261E+01 5.37273E-01
3.15509E+01 5.36382E-01
3.17689E+01 5.35518E-01
3.19798E+01 5.34693E-01
3.21831E+01 5.33896E-01
3.23784E+01 5.33155E-01
3.25653E+01 5.32443E-01
3.27434E+01 5.31776E-01
3.29124E+01 5.31136E-01
3.30720E+01 5.30550E-01
3.32218E+01 5.29991E-01
3.33617E+01 5.29474E-01
3.34913E+01 5.28998E-01
3.36104E+01 5.28564E-01
3.37189E+01 5.28185E-01
3.38164E+01 5.27834E-01
3.39028E+01 5.27524E-01
3.39781E+01 5.27255E-01
3.40419E+01 5.27027E-01
3.40943E+01 5.26839E-01
3.41352E+01 5.26691E-01
3.41644E+01 5.26597E-01
3.41820E+01 5.26530E-01
3.41879E+01 5.26517E-01
3.41820E+01 5.26530E-01
3.41644E+01 5.26597E-01
3.41352E+01 5.26691E-01
3.40943E+01 5.26839E-01
3.40419E+01 5.27027E-01
3.39781E+01 5.27255E-01
3.39028E+01 5.27524E-01
3.38164E+01 5.27834E-01
3.37189E+01 5.28185E-01
3.36105E+01 5.28564E-01
3.34913E+01 5.28998E-01
3.33617E+01 5.29474E-01
3.32219E+01 5.29991E-01
3.30720E+01 5.30550E-01
3.29124E+01 5.31136E-01
3.27434E+01 5.31776E-01
3.25653E+01 5.32443E-01
3.23784E+01 5.33155E-01
3.21831E+01 5.33896E-01
3.19798E+01 5.34693E-01
3.17689E+01 5.35518E-01
3.15509E+01 5.36382E-01
3.13261E+01 5.37273E-01
3.10951E+01 5.38209E-01
3.08583E+01 5.39173E-01
3.06163E+01 5.40178E-01
3.03697E+01 5.41206E-01
3.01190E+01 5.42261E-01
2.98647E+01 5.43358E-01
2.96076E+01 5.44481E-01
2.93482E+01 5.45625E-01
2.90872E+01 5.46791E-01
2.88253E+01 5.47999E-01
2.85632E+01 5.49216E-01
2.83016E+01 5.50451E-01
2.80413E+01 5.51706E-01
2.77829E+01 5.52986E-01
2.75274E+01 5.54283E-01
2.72755E+01 5.55580E-01
2.70279E+01 5.56898E-01
2.67855E+01 5.58230E-01
2.65491E+01 5.59556E-01
2.63196E+01 5.60879E-01
2.60976E+01 5.62209E-01
2.58842E+01 5.63522E-01
2.56799E+01 5.64815E-01
2.54858E+01 5.66086E-01
2.53024E+01 5.67321E-01
2.51306E+01 5.68514E-01
2.49710E+01 5.69670E-01
2.48245E+01 5.70742E-01
2.46914E+01 5.71751E-01
2.45726E+01 5.72673E-01
2.44685E+01 5.73500E-01
2.43795E+01 5.74217E-01
2.43062E+01 5.74822E-01
2.42488E+01 5.75300E-01
2.42076E+01 5.75646E-01
2.41828E+01 5.75857E-01
2.41745E+01 5.75927E-01
