Will plot unflagged data


File # 1  = raise.vis
raise.vis 0.1514 GHz
Read 121 visibilities from all files

Baseline 2-4, plot 121 points
7.09859E-01 -5.14319E-02
7.10102E-01 -5.22927E-02
7.10831E-01 -5.31169E-02
7.12041E-01 -5.39031E-02
7.13727E-01 -5.46502E-02
7.15881E-01 -5.53568E-02
7.18492E-01 -5.60219E-02
7.21550E-01 -5.76705E-02
7.25039E-01 -5.82491E-02
7.28945E-01 -5.87828E-02
7.33250E-01 -5.92704E-02
7.37934E-01 -5.97110E-02
7.42979E-01 -6.01034E-02
7.48364E-01 -6.04469E-02
7.54065E-01 -6.07404E-02
7.60062E-01 -6.20100E-02
7.66331E-01 -6.22010E-02
7.72847E-01 -6.23394E-02
7.79588E-01 -6.24243E-02
7.86529E-01 -6.24551E-02
7.93647E-01 -6.24311E-02
8.00916E-01 -6.33792E-02
8.08315E-01 -6.32435E-02
8.15818E-01 -6.30510E-02
8.23403E-01 -6.28011E-02
8.31048E-01 -6.35212E-02
8.38729E-01 -6.31551E-02
8.46425E-01 -6.27301E-02
8.54116E-01 -6.22459E-02
8.61779E-01 -6.27302E-02
8.69396E-01 -6.21264E-02
8.76947E-01 -6.14624E-02
8.84413E-01 -6.17662E-02
8.91775E-01 -6.09811E-02
8.99018E-01 -6.11635E-02
9.06123E-01 -6.02564E-02
9.13075E-01 -5.92884E-02
9.19859E-01 -5.92878E-02
9.26459E-01 -5.81975E-02
9.32863E-01 -5.80749E-02
9.39055E-01 -5.68626E-02
9.45025E-01 -5.66183E-02
9.50759E-01 -5.63133E-02
9.56246E-01 -5.49191E-02
9.61477E-01 -5.44936E-02
9.66439E-01 -5.29792E-02
9.71126E-01 -5.24342E-02
9.75527E-01 -5.18301E-02
9.79634E-01 -5.01383E-02
9.83439E-01 -4.94170E-02
9.86937E-01 -4.86380E-02
9.90121E-01 -4.78018E-02
9.92984E-01 -4.58797E-02
9.95523E-01 -4.49306E-02
9.97732E-01 -4.39261E-02
9.99608E-01 -4.28668E-02
1.00115E+00 -4.17535E-02
1.00235E+00 -4.05870E-02
1.00320E+00 -3.93680E-02
1.00372E+00 -3.80974E-02
1.00389E+00 -3.67760E-02
1.00372E+00 -3.54048E-02
1.00320E+00 -3.39846E-02
1.00235E+00 -3.25166E-02
1.00115E+00 -3.10016E-02
9.99608E-01 -2.94407E-02
9.97732E-01 -2.78349E-02
9.95523E-01 -2.61855E-02
9.92984E-01 -2.44934E-02
9.90121E-01 -2.37891E-02
9.86937E-01 -2.20154E-02
9.83440E-01 -2.02026E-02
9.79634E-01 -1.83521E-02
9.75527E-01 -1.74940E-02
9.71126E-01 -1.55717E-02
9.66440E-01 -1.36156E-02
9.61477E-01 -1.26557E-02
9.56247E-01 -1.06358E-02
9.50759E-01 -9.61483E-03
9.45025E-01 -7.53666E-03
9.39056E-01 -5.43150E-03
9.32863E-01 -4.32952E-03
9.26460E-01 -2.17475E-03
9.19859E-01 -1.02601E-03
9.13076E-01 1.17251E-03
9.06124E-01 2.36212E-03
8.99018E-01 3.56984E-03
8.91776E-01 5.82261E-03
8.84413E-01 7.06202E-03
8.76947E-01 9.34326E-03
8.69397E-01 1.06081E-02
8.61780E-01 1.18834E-02
8.54116E-01 1.41956E-02
8.46426E-01 1.54869E-02
8.38730E-01 1.67838E-02
8.31048E-01 1.80849E-02
8.23404E-01 2.04161E-02
8.15818E-01 2.17204E-02
8.08315E-01 2.30240E-02
8.00917E-01 2.43253E-02
7.93647E-01 2.66501E-02
7.86530E-01 2.79419E-02
7.79588E-01 2.92266E-02
7.72848E-01 3.05026E-02
7.66331E-01 3.17683E-02
7.60063E-01 3.30223E-02
7.54066E-01 3.52898E-02
7.48364E-01 3.65153E-02
7.42980E-01 3.77243E-02
7.37935E-01 3.89153E-02
7.33250E-01 4.00868E-02
7.28945E-01 4.12373E-02
7.25040E-01 4.23653E-02
7.21550E-01 4.34692E-02
7.18493E-01 4.55739E-02
7.15881E-01 4.66254E-02
7.13727E-01 4.76485E-02
7.12041E-01 4.86420E-02
7.10831E-01 4.96044E-02
7.10102E-01 5.05342E-02
7.09859E-01 5.14303E-02
