Will plot unflagged data


File # 1  = raise.vis
raise.vis 0.1514 GHz
Read 121 visibilities from all files

Baseline 1-4, plot 121 points
7.64464E-01 -1.62755E-01
7.64726E-01 -1.65648E-01
7.65510E-01 -1.68424E-01
7.66813E-01 -1.71078E-01
7.68629E-01 -1.73609E-01
7.70948E-01 -1.76011E-01
7.73761E-01 -1.79308E-01
7.77054E-01 -1.81442E-01
7.80812E-01 -1.83437E-01
7.85018E-01 -1.85289E-01
7.89653E-01 -1.86996E-01
7.94698E-01 -1.88552E-01
8.00131E-01 -1.90985E-01
8.05930E-01 -1.92234E-01
8.12070E-01 -1.93325E-01
8.18529E-01 -1.94254E-01
8.25279E-01 -1.96049E-01
8.32297E-01 -1.96647E-01
8.39556E-01 -1.97077E-01
8.47031E-01 -1.98365E-01
8.54696E-01 -1.98449E-01
8.62525E-01 -1.99388E-01
8.70493E-01 -1.99118E-01
8.78573E-01 -1.99700E-01
8.86742E-01 -1.99068E-01
8.94975E-01 -1.99285E-01
9.03247E-01 -1.99317E-01
9.11535E-01 -1.99163E-01
9.19817E-01 -1.97789E-01
9.28070E-01 -1.97259E-01
9.36273E-01 -1.96539E-01
9.44404E-01 -1.95628E-01
9.52444E-01 -1.94526E-01
9.60374E-01 -1.93232E-01
9.68173E-01 -1.91746E-01
9.75825E-01 -1.90067E-01
9.83312E-01 -1.89226E-01
9.90617E-01 -1.87160E-01
9.97726E-01 -1.84901E-01
1.00462E+00 -1.83481E-01
1.01129E+00 -1.80836E-01
1.01772E+00 -1.79030E-01
1.02389E+00 -1.77033E-01
1.02980E+00 -1.73812E-01
1.03544E+00 -1.71433E-01
1.04078E+00 -1.68865E-01
1.04583E+00 -1.66108E-01
1.05057E+00 -1.63164E-01
1.05499E+00 -1.60033E-01
1.05909E+00 -1.56719E-01
1.06286E+00 -1.53221E-01
1.06628E+00 -1.49542E-01
1.06937E+00 -1.46716E-01
1.07210E+00 -1.42681E-01
1.07448E+00 -1.39502E-01
1.07650E+00 -1.35117E-01
1.07816E+00 -1.31594E-01
1.07945E+00 -1.27903E-01
1.08037E+00 -1.24045E-01
1.08093E+00 -1.18992E-01
1.08112E+00 -1.14810E-01
1.08093E+00 -1.10471E-01
1.08037E+00 -1.07009E-01
1.07945E+00 -1.02364E-01
1.07816E+00 -9.75694E-02
1.07650E+00 -9.26299E-02
1.07448E+00 -8.85810E-02
1.07210E+00 -8.33614E-02
1.06937E+00 -7.90393E-02
1.06628E+00 -7.35538E-02
1.06286E+00 -6.89733E-02
1.05909E+00 -6.42693E-02
1.05499E+00 -5.94456E-02
1.05057E+00 -5.45065E-02
1.04583E+00 -4.94558E-02
1.04078E+00 -4.42978E-02
1.03544E+00 -3.90367E-02
1.02980E+00 -3.36769E-02
1.02389E+00 -2.92548E-02
1.01772E+00 -2.37107E-02
1.01129E+00 -1.80811E-02
1.00462E+00 -1.34027E-02
9.97726E-01 -7.61596E-03
9.90618E-01 -2.78970E-03
9.83312E-01 2.10347E-03
9.75825E-01 8.09082E-03
9.68174E-01 1.31035E-02
9.60374E-01 1.81688E-02
9.52445E-01 2.32816E-02
9.44405E-01 2.84372E-02
9.36273E-01 3.36306E-02
9.28071E-01 3.88569E-02
9.19818E-01 4.41109E-02
9.11536E-01 4.83564E-02
9.03247E-01 5.36512E-02
8.94975E-01 5.89587E-02
8.86743E-01 6.42739E-02
8.78574E-01 6.85609E-02
8.70493E-01 7.38766E-02
8.62526E-01 7.81541E-02
8.54697E-01 8.34500E-02
8.47032E-01 8.76980E-02
8.39557E-01 9.29539E-02
8.32297E-01 9.71523E-02
8.25279E-01 1.01318E-01
8.18529E-01 1.06477E-01
8.12071E-01 1.10564E-01
8.05930E-01 1.14604E-01
8.00132E-01 1.18592E-01
7.94699E-01 1.23552E-01
7.89654E-01 1.27422E-01
7.85018E-01 1.31226E-01
7.80812E-01 1.34959E-01
7.77054E-01 1.38616E-01
7.73761E-01 1.42194E-01
7.70949E-01 1.46714E-01
7.68629E-01 1.50117E-01
7.66813E-01 1.53427E-01
7.65510E-01 1.56639E-01
7.64726E-01 1.59750E-01
7.64464E-01 1.62754E-01
