Will plot unflagged data


File # 1  = raise.vis
raise.vis 0.1514 GHz
Read 121 visibilities from all files

Baseline 1-4, plot 121 points
7.64464E-01 2.04499E+00
7.64726E-01 2.04499E+00
7.65510E-01 2.04499E+00
7.66813E-01 2.04499E+00
7.68629E-01 2.04498E+00
7.70948E-01 2.04498E+00
7.73761E-01 2.04498E+00
7.77054E-01 2.04498E+00
7.80812E-01 2.04497E+00
7.85018E-01 2.04497E+00
7.89653E-01 2.04496E+00
7.94698E-01 2.04495E+00
8.00131E-01 2.04495E+00
8.05930E-01 2.04494E+00
8.12070E-01 2.04494E+00
8.18529E-01 2.04493E+00
8.25279E-01 2.04492E+00
8.32297E-01 2.04491E+00
8.39556E-01 2.04490E+00
8.47031E-01 2.04490E+00
8.54696E-01 2.04489E+00
8.62525E-01 2.04488E+00
8.70493E-01 2.04487E+00
8.78573E-01 2.04486E+00
8.86742E-01 2.04485E+00
8.94975E-01 2.04484E+00
9.03247E-01 2.04483E+00
9.11535E-01 2.04482E+00
9.19817E-01 2.04481E+00
9.28070E-01 2.04480E+00
9.36273E-01 2.04479E+00
9.44404E-01 2.04478E+00
9.52444E-01 2.04477E+00
9.60374E-01 2.04476E+00
9.68173E-01 2.04474E+00
9.75825E-01 2.04473E+00
9.83312E-01 2.04473E+00
9.90617E-01 2.04471E+00
9.97726E-01 2.04470E+00
1.00462E+00 2.04470E+00
1.01129E+00 2.04468E+00
1.01772E+00 2.04468E+00
1.02389E+00 2.04467E+00
1.02980E+00 2.04466E+00
1.03544E+00 2.04465E+00
1.04078E+00 2.04465E+00
1.04583E+00 2.04464E+00
1.05057E+00 2.04463E+00
1.05499E+00 2.04463E+00
1.05909E+00 2.04462E+00
1.06286E+00 2.04461E+00
1.06628E+00 2.04461E+00
1.06937E+00 2.04461E+00
1.07210E+00 2.04460E+00
1.07448E+00 2.04460E+00
1.07650E+00 2.04459E+00
1.07816E+00 2.04459E+00
1.07945E+00 2.04459E+00
1.08037E+00 2.04459E+00
1.08093E+00 2.04458E+00
1.08112E+00 2.04458E+00
1.08093E+00 2.04458E+00
1.08037E+00 2.04459E+00
1.07945E+00 2.04459E+00
1.07816E+00 2.04459E+00
1.07650E+00 2.04459E+00
1.07448E+00 2.04460E+00
1.07210E+00 2.04460E+00
1.06937E+00 2.04461E+00
1.06628E+00 2.04461E+00
1.06286E+00 2.04461E+00
1.05909E+00 2.04462E+00
1.05499E+00 2.04463E+00
1.05057E+00 2.04463E+00
1.04583E+00 2.04464E+00
1.04078E+00 2.04465E+00
1.03544E+00 2.04465E+00
1.02980E+00 2.04466E+00
1.02389E+00 2.04467E+00
1.01772E+00 2.04468E+00
1.01129E+00 2.04468E+00
1.00462E+00 2.04470E+00
9.97726E-01 2.04470E+00
9.90618E-01 2.04472E+00
9.83312E-01 2.04473E+00
9.75825E-01 2.04473E+00
9.68174E-01 2.04474E+00
9.60374E-01 2.04476E+00
9.52445E-01 2.04477E+00
9.44405E-01 2.04478E+00
9.36273E-01 2.04479E+00
9.28071E-01 2.04480E+00
9.19818E-01 2.04481E+00
9.11536E-01 2.04482E+00
9.03247E-01 2.04483E+00
8.94975E-01 2.04484E+00
8.86743E-01 2.04485E+00
8.78574E-01 2.04486E+00
8.70493E-01 2.04487E+00
8.62526E-01 2.04488E+00
8.54697E-01 2.04489E+00
8.47032E-01 2.04490E+00
8.39557E-01 2.04490E+00
8.32297E-01 2.04491E+00
8.25279E-01 2.04492E+00
8.18529E-01 2.04493E+00
8.12071E-01 2.04494E+00
8.05930E-01 2.04494E+00
8.00132E-01 2.04495E+00
7.94699E-01 2.04495E+00
7.89654E-01 2.04496E+00
7.85018E-01 2.04497E+00
7.80812E-01 2.04497E+00
7.77054E-01 2.04498E+00
7.73761E-01 2.04498E+00
7.70949E-01 2.04498E+00
7.68629E-01 2.04498E+00
7.66813E-01 2.04499E+00
7.65510E-01 2.04499E+00
7.64726E-01 2.04499E+00
7.64464E-01 2.04499E+00
