Will plot unflagged data


File # 1  = raise.vis
raise.vis 1.5136 GHz
Read 121 visibilities from all files

Baseline 3-5, plot 121 points
3.76771E+00 -1.01973E+00
3.76900E+00 -1.03865E+00
3.77287E+00 -1.05579E+00
3.77929E+00 -1.07317E+00
3.78824E+00 -1.08977E+00
3.79967E+00 -1.10555E+00
3.81354E+00 -1.12051E+00
3.82977E+00 -1.13461E+00
3.84829E+00 -1.14783E+00
3.86902E+00 -1.16017E+00
3.89186E+00 -1.17160E+00
3.91673E+00 -1.18210E+00
3.94351E+00 -1.19268E+00
3.97208E+00 -1.20229E+00
4.00235E+00 -1.20989E+00
4.03418E+00 -1.21753E+00
4.06745E+00 -1.22518E+00
4.10204E+00 -1.23078E+00
4.13781E+00 -1.23534E+00
4.17465E+00 -1.23989E+00
4.21243E+00 -1.24337E+00
4.25102E+00 -1.24676E+00
4.29029E+00 -1.24798E+00
4.33011E+00 -1.24909E+00
4.37037E+00 -1.24905E+00
4.41095E+00 -1.24785E+00
4.45172E+00 -1.24653E+00
4.49257E+00 -1.24403E+00
4.53338E+00 -1.24035E+00
4.57406E+00 -1.23653E+00
4.61449E+00 -1.23048E+00
4.65456E+00 -1.22531E+00
4.69419E+00 -1.21791E+00
4.73327E+00 -1.21033E+00
4.77171E+00 -1.20155E+00
4.80942E+00 -1.19260E+00
4.84632E+00 -1.18244E+00
4.88233E+00 -1.17210E+00
4.91736E+00 -1.15953E+00
4.95135E+00 -1.14781E+00
4.98422E+00 -1.13385E+00
5.01590E+00 -1.11973E+00
5.04634E+00 -1.10543E+00
5.07546E+00 -1.08995E+00
5.10322E+00 -1.07327E+00
5.12956E+00 -1.05644E+00
5.15444E+00 -1.03843E+00
5.17779E+00 -1.02028E+00
5.19959E+00 -1.00097E+00
5.21979E+00 -9.80509E-01
5.23836E+00 -9.59932E-01
5.25526E+00 -9.39247E-01
5.27046E+00 -9.17439E-01
5.28393E+00 -8.94518E-01
5.29565E+00 -8.71523E-01
5.30561E+00 -8.48467E-01
5.31378E+00 -8.23313E-01
5.32015E+00 -7.99158E-01
5.32470E+00 -7.73961E-01
5.32744E+00 -7.47741E-01
5.32835E+00 -7.21542E-01
5.32744E+00 -6.94354E-01
5.32470E+00 -6.67225E-01
5.32015E+00 -6.39144E-01
5.31378E+00 -6.10133E-01
5.30561E+00 -5.82266E-01
5.29565E+00 -5.52483E-01
5.28393E+00 -5.22858E-01
5.27046E+00 -4.93414E-01
5.25526E+00 -4.63147E-01
5.23836E+00 -4.32084E-01
5.21979E+00 -4.01275E-01
5.19959E+00 -3.70748E-01
5.17780E+00 -3.39500E-01
5.15444E+00 -3.07557E-01
5.12957E+00 -2.75975E-01
5.10322E+00 -2.43750E-01
5.07546E+00 -2.11940E-01
5.04634E+00 -1.79543E-01
5.01590E+00 -1.46587E-01
4.98422E+00 -1.14129E-01
4.95135E+00 -8.22003E-02
4.91736E+00 -4.87652E-02
4.88233E+00 -1.69485E-02
4.84633E+00 1.63167E-02
4.80943E+00 4.89362E-02
4.77171E+00 8.19131E-02
4.73327E+00 1.14184E-01
4.69419E+00 1.46752E-01
4.65457E+00 1.78553E-01
4.61449E+00 2.11624E-01
4.57406E+00 2.42834E-01
4.53339E+00 2.75251E-01
4.49257E+00 3.06780E-01
4.45172E+00 3.38423E-01
4.41095E+00 3.70150E-01
4.37037E+00 4.00899E-01
4.33011E+00 4.31674E-01
4.29029E+00 4.62446E-01
4.25102E+00 4.92159E-01
4.21243E+00 5.22844E-01
4.17466E+00 5.52412E-01
4.13782E+00 5.81818E-01
4.10204E+00 6.09995E-01
4.06745E+00 6.37947E-01
4.03418E+00 6.66676E-01
4.00235E+00 6.94096E-01
3.97209E+00 7.20176E-01
3.94351E+00 7.46953E-01
3.91673E+00 7.73367E-01
3.89186E+00 7.98357E-01
3.86902E+00 8.22926E-01
3.84829E+00 8.47048E-01
3.82977E+00 8.70693E-01
3.81354E+00 8.93835E-01
3.79967E+00 9.16448E-01
3.78824E+00 9.38507E-01
3.77929E+00 9.59988E-01
3.77287E+00 9.80869E-01
3.76900E+00 1.00010E+00
3.76771E+00 1.01972E+00
