Will plot unflagged data


File # 1  = raise.vis
raise.vis 1.5136 GHz
Read 121 visibilities from all files

Baseline 3-5, plot 121 points
3.76771E+00 1.30805E+00
3.76900E+00 1.30805E+00
3.77287E+00 1.30803E+00
3.77929E+00 1.30800E+00
3.78824E+00 1.30796E+00
3.79967E+00 1.30790E+00
3.81354E+00 1.30784E+00
3.82977E+00 1.30776E+00
3.84829E+00 1.30768E+00
3.86902E+00 1.30758E+00
3.89186E+00 1.30747E+00
3.91673E+00 1.30734E+00
3.94351E+00 1.30722E+00
3.97208E+00 1.30708E+00
4.00235E+00 1.30692E+00
4.03418E+00 1.30677E+00
4.06745E+00 1.30661E+00
4.10204E+00 1.30644E+00
4.13781E+00 1.30625E+00
4.17465E+00 1.30607E+00
4.21243E+00 1.30588E+00
4.25102E+00 1.30569E+00
4.29029E+00 1.30549E+00
4.33011E+00 1.30528E+00
4.37037E+00 1.30508E+00
4.41095E+00 1.30486E+00
4.45172E+00 1.30465E+00
4.49257E+00 1.30444E+00
4.53338E+00 1.30422E+00
4.57406E+00 1.30401E+00
4.61449E+00 1.30378E+00
4.65456E+00 1.30358E+00
4.69419E+00 1.30336E+00
4.73327E+00 1.30315E+00
4.77171E+00 1.30293E+00
4.80942E+00 1.30273E+00
4.84632E+00 1.30253E+00
4.88233E+00 1.30234E+00
4.91736E+00 1.30213E+00
4.95135E+00 1.30195E+00
4.98422E+00 1.30176E+00
5.01590E+00 1.30158E+00
5.04634E+00 1.30142E+00
5.07546E+00 1.30126E+00
5.10322E+00 1.30109E+00
5.12956E+00 1.30095E+00
5.15444E+00 1.30080E+00
5.17779E+00 1.30068E+00
5.19959E+00 1.30055E+00
5.21979E+00 1.30043E+00
5.23836E+00 1.30032E+00
5.25526E+00 1.30023E+00
5.27046E+00 1.30015E+00
5.28393E+00 1.30006E+00
5.29565E+00 1.30000E+00
5.30561E+00 1.29995E+00
5.31378E+00 1.29989E+00
5.32015E+00 1.29986E+00
5.32470E+00 1.29984E+00
5.32744E+00 1.29982E+00
5.32835E+00 1.29982E+00
5.32744E+00 1.29982E+00
5.32470E+00 1.29984E+00
5.32015E+00 1.29986E+00
5.31378E+00 1.29989E+00
5.30561E+00 1.29995E+00
5.29565E+00 1.30000E+00
5.28393E+00 1.30006E+00
5.27046E+00 1.30015E+00
5.25526E+00 1.30023E+00
5.23836E+00 1.30032E+00
5.21979E+00 1.30043E+00
5.19959E+00 1.30055E+00
5.17780E+00 1.30068E+00
5.15444E+00 1.30080E+00
5.12957E+00 1.30095E+00
5.10322E+00 1.30109E+00
5.07546E+00 1.30126E+00
5.04634E+00 1.30142E+00
5.01590E+00 1.30158E+00
4.98422E+00 1.30176E+00
4.95135E+00 1.30195E+00
4.91736E+00 1.30213E+00
4.88233E+00 1.30234E+00
4.84633E+00 1.30253E+00
4.80943E+00 1.30273E+00
4.77171E+00 1.30293E+00
4.73327E+00 1.30315E+00
4.69419E+00 1.30336E+00
4.65457E+00 1.30358E+00
4.61449E+00 1.30378E+00
4.57406E+00 1.30401E+00
4.53339E+00 1.30422E+00
4.49257E+00 1.30444E+00
4.45172E+00 1.30465E+00
4.41095E+00 1.30486E+00
4.37037E+00 1.30508E+00
4.33011E+00 1.30528E+00
4.29029E+00 1.30549E+00
4.25102E+00 1.30569E+00
4.21243E+00 1.30588E+00
4.17466E+00 1.30607E+00
4.13782E+00 1.30625E+00
4.10204E+00 1.30644E+00
4.06745E+00 1.30661E+00
4.03418E+00 1.30677E+00
4.00235E+00 1.30692E+00
3.97209E+00 1.30708E+00
3.94351E+00 1.30722E+00
3.91673E+00 1.30734E+00
3.89186E+00 1.30747E+00
3.86902E+00 1.30758E+00
3.84829E+00 1.30768E+00
3.82977E+00 1.30776E+00
3.81354E+00 1.30784E+00
3.79967E+00 1.30790E+00
3.78824E+00 1.30796E+00
3.77929E+00 1.30800E+00
3.77287E+00 1.30803E+00
3.76900E+00 1.30805E+00
3.76771E+00 1.30805E+00
