Will plot unflagged data


File # 1  = raise.vis
raise.vis 4.7863 GHz
Read 121 visibilities from all files

Baseline 1-4, plot 121 points
2.41745E+01 -1.75151E+00
2.41827E+01 -1.78391E+00
2.42076E+01 -1.81394E+00
2.42488E+01 -1.84367E+00
2.43062E+01 -1.87101E+00
2.43795E+01 -1.89800E+00
2.44685E+01 -1.92358E+00
2.45726E+01 -1.94770E+00
2.46914E+01 -1.97035E+00
2.48244E+01 -1.99254E+00
2.49710E+01 -2.01218E+00
2.51306E+01 -2.03133E+00
2.53024E+01 -2.04884E+00
2.54857E+01 -2.06462E+00
2.56799E+01 -2.07864E+00
2.58841E+01 -2.09194E+00
2.60976E+01 -2.10347E+00
2.63195E+01 -2.11424E+00
2.65491E+01 -2.12320E+00
2.67855E+01 -2.13032E+00
2.70279E+01 -2.13559E+00
2.72754E+01 -2.14004E+00
2.75274E+01 -2.14365E+00
2.77829E+01 -2.14538E+00
2.80412E+01 -2.14518E+00
2.83016E+01 -2.14398E+00
2.85632E+01 -2.14074E+00
2.88253E+01 -2.13651E+00
2.90872E+01 -2.13026E+00
2.93482E+01 -2.12299E+00
2.96075E+01 -2.11472E+00
2.98647E+01 -2.10440E+00
3.01189E+01 -2.09202E+00
3.03697E+01 -2.07965E+00
3.06163E+01 -2.06419E+00
3.08583E+01 -2.04872E+00
3.10951E+01 -2.03120E+00
3.13261E+01 -2.01265E+00
3.15509E+01 -1.99307E+00
3.17689E+01 -1.97145E+00
3.19798E+01 -1.94877E+00
3.21831E+01 -1.92400E+00
3.23784E+01 -1.89920E+00
3.25653E+01 -1.87233E+00
3.27434E+01 -1.84443E+00
3.29124E+01 -1.81449E+00
3.30720E+01 -1.78355E+00
3.32218E+01 -1.75265E+00
3.33617E+01 -1.71975E+00
3.34913E+01 -1.68486E+00
3.36104E+01 -1.65007E+00
3.37189E+01 -1.61332E+00
3.38164E+01 -1.57568E+00
3.39028E+01 -1.53716E+00
3.39781E+01 -1.49675E+00
3.40419E+01 -1.45655E+00
3.40943E+01 -1.41450E+00
3.41352E+01 -1.37168E+00
3.41644E+01 -1.32810E+00
3.41820E+01 -1.28379E+00
3.41879E+01 -1.23879E+00
3.41820E+01 -1.19209E+00
3.41644E+01 -1.14476E+00
3.41352E+01 -1.09683E+00
3.40943E+01 -1.04834E+00
3.40419E+01 -9.99315E-01
3.39781E+01 -9.48763E-01
3.39028E+01 -8.98789E-01
3.38164E+01 -8.47364E-01
3.37189E+01 -7.95561E-01
3.36105E+01 -7.43420E-01
3.34913E+01 -6.89949E-01
3.33617E+01 -6.37257E-01
3.32219E+01 -5.83319E-01
3.30720E+01 -5.28179E-01
3.29124E+01 -4.73946E-01
3.27434E+01 -4.19631E-01
3.25653E+01 -3.64246E-01
3.23784E+01 -3.08867E-01
3.21831E+01 -2.52507E-01
3.19798E+01 -1.97266E-01
3.17689E+01 -1.41128E-01
3.15509E+01 -8.51941E-02
3.13261E+01 -2.85211E-02
3.10951E+01 2.78173E-02
3.08583E+01 8.37720E-02
3.06163E+01 1.40327E-01
3.03697E+01 1.95369E-01
3.01190E+01 2.51947E-01
2.98647E+01 3.06912E-01
2.96076E+01 3.62280E-01
2.93482E+01 4.17999E-01
2.90872E+01 4.72987E-01
2.88253E+01 5.27195E-01
2.85632E+01 5.81607E-01
2.83016E+01 6.35149E-01
2.80413E+01 6.88813E-01
2.77829E+01 7.41538E-01
2.75274E+01 7.94224E-01
2.72755E+01 8.46767E-01
2.70279E+01 8.98101E-01
2.67855E+01 9.48186E-01
2.65491E+01 9.98008E-01
2.63196E+01 1.04753E+00
2.60976E+01 1.09669E+00
2.58842E+01 1.14442E+00
2.56799E+01 1.19170E+00
2.54858E+01 1.23747E+00
2.53024E+01 1.28272E+00
2.51306E+01 1.32743E+00
2.49710E+01 1.37147E+00
2.48245E+01 1.41369E+00
2.46914E+01 1.45611E+00
2.45726E+01 1.49665E+00
2.44685E+01 1.53631E+00
2.43795E+01 1.57504E+00
2.43062E+01 1.61281E+00
2.42488E+01 1.64854E+00
2.42076E+01 1.68427E+00
2.41828E+01 1.71790E+00
2.41745E+01 1.75150E+00
