Will plot unflagged data


File # 1  = raise.vis
raise.vis 4.7863 GHz
Read 121 visibilities from all files

Baseline 1-4, plot 121 points
2.41745E+01 1.65302E-02
2.41827E+01 1.65301E-02
2.42076E+01 1.65298E-02
2.42488E+01 1.65293E-02
2.43062E+01 1.65287E-02
2.43795E+01 1.65279E-02
2.44685E+01 1.65269E-02
2.45726E+01 1.65257E-02
2.46914E+01 1.65243E-02
2.48244E+01 1.65228E-02
2.49710E+01 1.65211E-02
2.51306E+01 1.65193E-02
2.53024E+01 1.65173E-02
2.54857E+01 1.65151E-02
2.56799E+01 1.65128E-02
2.58841E+01 1.65104E-02
2.60976E+01 1.65079E-02
2.63195E+01 1.65053E-02
2.65491E+01 1.65025E-02
2.67855E+01 1.64996E-02
2.70279E+01 1.64966E-02
2.72754E+01 1.64936E-02
2.75274E+01 1.64905E-02
2.77829E+01 1.64874E-02
2.80412E+01 1.64841E-02
2.83016E+01 1.64809E-02
2.85632E+01 1.64775E-02
2.88253E+01 1.64742E-02
2.90872E+01 1.64708E-02
2.93482E+01 1.64674E-02
2.96075E+01 1.64641E-02
2.98647E+01 1.64608E-02
3.01189E+01 1.64573E-02
3.03697E+01 1.64541E-02
3.06163E+01 1.64507E-02
3.08583E+01 1.64475E-02
3.10951E+01 1.64443E-02
3.13261E+01 1.64412E-02
3.15509E+01 1.64383E-02
3.17689E+01 1.64353E-02
3.19798E+01 1.64324E-02
3.21831E+01 1.64295E-02
3.23784E+01 1.64270E-02
3.25653E+01 1.64244E-02
3.27434E+01 1.64219E-02
3.29124E+01 1.64195E-02
3.30720E+01 1.64172E-02
3.32218E+01 1.64152E-02
3.33617E+01 1.64133E-02
3.34913E+01 1.64113E-02
3.36104E+01 1.64098E-02
3.37189E+01 1.64082E-02
3.38164E+01 1.64068E-02
3.39028E+01 1.64056E-02
3.39781E+01 1.64044E-02
3.40419E+01 1.64036E-02
3.40943E+01 1.64028E-02
3.41352E+01 1.64021E-02
3.41644E+01 1.64017E-02
3.41820E+01 1.64015E-02
3.41879E+01 1.64015E-02
3.41820E+01 1.64015E-02
3.41644E+01 1.64017E-02
3.41352E+01 1.64021E-02
3.40943E+01 1.64028E-02
3.40419E+01 1.64036E-02
3.39781E+01 1.64044E-02
3.39028E+01 1.64056E-02
3.38164E+01 1.64068E-02
3.37189E+01 1.64082E-02
3.36105E+01 1.64098E-02
3.34913E+01 1.64113E-02
3.33617E+01 1.64133E-02
3.32219E+01 1.64152E-02
3.30720E+01 1.64172E-02
3.29124E+01 1.64195E-02
3.27434E+01 1.64219E-02
3.25653E+01 1.64244E-02
3.23784E+01 1.64270E-02
3.21831E+01 1.64295E-02
3.19798E+01 1.64324E-02
3.17689E+01 1.64353E-02
3.15509E+01 1.64383E-02
3.13261E+01 1.64412E-02
3.10951E+01 1.64443E-02
3.08583E+01 1.64475E-02
3.06163E+01 1.64507E-02
3.03697E+01 1.64541E-02
3.01190E+01 1.64573E-02
2.98647E+01 1.64608E-02
2.96076E+01 1.64641E-02
2.93482E+01 1.64674E-02
2.90872E+01 1.64708E-02
2.88253E+01 1.64742E-02
2.85632E+01 1.64775E-02
2.83016E+01 1.64809E-02
2.80413E+01 1.64841E-02
2.77829E+01 1.64874E-02
2.75274E+01 1.64905E-02
2.72755E+01 1.64936E-02
2.70279E+01 1.64966E-02
2.67855E+01 1.64996E-02
2.65491E+01 1.65025E-02
2.63196E+01 1.65053E-02
2.60976E+01 1.65079E-02
2.58842E+01 1.65104E-02
2.56799E+01 1.65128E-02
2.54858E+01 1.65151E-02
2.53024E+01 1.65173E-02
2.51306E+01 1.65193E-02
2.49710E+01 1.65211E-02
2.48245E+01 1.65228E-02
2.46914E+01 1.65243E-02
2.45726E+01 1.65257E-02
2.44685E+01 1.65269E-02
2.43795E+01 1.65279E-02
2.43062E+01 1.65287E-02
2.42488E+01 1.65293E-02
2.42076E+01 1.65298E-02
2.41828E+01 1.65301E-02
2.41745E+01 1.65302E-02
