Will plot unflagged data


File # 1  = raise.vis
raise.vis 4.7863 GHz
Read 121 visibilities from all files

Baseline 2-4, plot 121 points
2.24477E+01 3.25636E-02
2.24554E+01 3.25631E-02
2.24784E+01 3.25617E-02
2.25167E+01 3.25594E-02
2.25700E+01 3.25560E-02
2.26381E+01 3.25518E-02
2.27207E+01 3.25466E-02
2.28174E+01 3.25406E-02
2.29278E+01 3.25337E-02
2.30513E+01 3.25261E-02
2.31874E+01 3.25176E-02
2.33355E+01 3.25082E-02
2.34951E+01 3.24981E-02
2.36653E+01 3.24873E-02
2.38456E+01 3.24759E-02
2.40353E+01 3.24639E-02
2.42335E+01 3.24515E-02
2.44396E+01 3.24380E-02
2.46527E+01 3.24245E-02
2.48722E+01 3.24104E-02
2.50973E+01 3.23957E-02
2.53272E+01 3.23811E-02
2.55612E+01 3.23660E-02
2.57984E+01 3.23507E-02
2.60383E+01 3.23349E-02
2.62800E+01 3.23190E-02
2.65229E+01 3.23030E-02
2.67663E+01 3.22870E-02
2.70095E+01 3.22711E-02
2.72519E+01 3.22553E-02
2.74927E+01 3.22393E-02
2.77315E+01 3.22238E-02
2.79676E+01 3.22084E-02
2.82004E+01 3.21927E-02
2.84294E+01 3.21778E-02
2.86541E+01 3.21626E-02
2.88740E+01 3.21482E-02
2.90885E+01 3.21335E-02
2.92972E+01 3.21198E-02
2.94997E+01 3.21063E-02
2.96955E+01 3.20933E-02
2.98843E+01 3.20807E-02
3.00656E+01 3.20690E-02
3.02392E+01 3.20571E-02
3.04046E+01 3.20463E-02
3.05615E+01 3.20358E-02
3.07097E+01 3.20258E-02
3.08489E+01 3.20163E-02
3.09787E+01 3.20078E-02
3.10991E+01 3.19998E-02
3.12097E+01 3.19923E-02
3.13104E+01 3.19858E-02
3.14009E+01 3.19793E-02
3.14812E+01 3.19739E-02
3.15510E+01 3.19696E-02
3.16104E+01 3.19657E-02
3.16590E+01 3.19625E-02
3.16970E+01 3.19597E-02
3.17241E+01 3.19581E-02
3.17404E+01 3.19570E-02
3.17459E+01 3.19565E-02
3.17404E+01 3.19570E-02
3.17241E+01 3.19581E-02
3.16970E+01 3.19597E-02
3.16590E+01 3.19625E-02
3.16104E+01 3.19657E-02
3.15511E+01 3.19696E-02
3.14812E+01 3.19739E-02
3.14009E+01 3.19793E-02
3.13104E+01 3.19858E-02
3.12097E+01 3.19923E-02
3.10991E+01 3.19998E-02
3.09787E+01 3.20078E-02
3.08489E+01 3.20163E-02
3.07097E+01 3.20258E-02
3.05615E+01 3.20358E-02
3.04046E+01 3.20463E-02
3.02392E+01 3.20571E-02
3.00656E+01 3.20690E-02
2.98843E+01 3.20807E-02
2.96955E+01 3.20933E-02
2.94997E+01 3.21063E-02
2.92972E+01 3.21198E-02
2.90885E+01 3.21336E-02
2.88740E+01 3.21482E-02
2.86541E+01 3.21626E-02
2.84295E+01 3.21778E-02
2.82004E+01 3.21927E-02
2.79676E+01 3.22084E-02
2.77315E+01 3.22238E-02
2.74927E+01 3.22393E-02
2.72519E+01 3.22553E-02
2.70095E+01 3.22711E-02
2.67663E+01 3.22870E-02
2.65230E+01 3.23030E-02
2.62801E+01 3.23190E-02
2.60383E+01 3.23349E-02
2.57984E+01 3.23507E-02
2.55612E+01 3.23660E-02
2.53272E+01 3.23811E-02
2.50973E+01 3.23957E-02
2.48722E+01 3.24104E-02
2.46528E+01 3.24245E-02
2.44396E+01 3.24380E-02
2.42335E+01 3.24512E-02
2.40353E+01 3.24639E-02
2.38457E+01 3.24759E-02
2.36653E+01 3.24873E-02
2.34951E+01 3.24981E-02
2.33355E+01 3.25082E-02
2.31874E+01 3.25176E-02
2.30513E+01 3.25261E-02
2.29278E+01 3.25337E-02
2.28174E+01 3.25406E-02
2.27207E+01 3.25466E-02
2.26381E+01 3.25518E-02
2.25700E+01 3.25560E-02
2.25167E+01 3.25594E-02
2.24784E+01 3.25617E-02
2.24554E+01 3.25631E-02
2.24477E+01 3.25636E-02
