Will plot unflagged data


File # 1  = raise.vis
raise.vis 4.7863 GHz
Read 121 visibilities from all files

Baseline 2-4, plot 121 points
2.24477E+01 -2.83010E+00
2.24554E+01 -2.88147E+00
2.24784E+01 -2.93066E+00
2.25167E+01 -2.97873E+00
2.25700E+01 -3.02361E+00
2.26381E+01 -3.06733E+00
2.27207E+01 -3.10782E+00
2.28174E+01 -3.14718E+00
2.29278E+01 -3.18403E+00
2.30513E+01 -3.21932E+00
2.31874E+01 -3.25203E+00
2.33355E+01 -3.28215E+00
2.34951E+01 -3.30966E+00
2.36653E+01 -3.33560E+00
2.38456E+01 -3.35896E+00
2.40353E+01 -3.38045E+00
2.42335E+01 -3.40001E+00
2.44396E+01 -3.41561E+00
2.46527E+01 -3.43033E+00
2.48722E+01 -3.44210E+00
2.50973E+01 -3.45090E+00
2.53272E+01 -3.45884E+00
2.55612E+01 -3.46375E+00
2.57984E+01 -3.46644E+00
2.60383E+01 -3.46589E+00
2.62800E+01 -3.46317E+00
2.65229E+01 -3.45827E+00
2.67663E+01 -3.45117E+00
2.70095E+01 -3.44190E+00
2.72519E+01 -3.43044E+00
2.74927E+01 -3.41580E+00
2.77315E+01 -3.39986E+00
2.79676E+01 -3.38153E+00
2.82004E+01 -3.35982E+00
2.84294E+01 -3.33681E+00
2.86541E+01 -3.31044E+00
2.88740E+01 -3.28278E+00
2.90885E+01 -3.25176E+00
2.92972E+01 -3.21948E+00
2.94997E+01 -3.18490E+00
2.96955E+01 -3.14804E+00
2.98843E+01 -3.10892E+00
3.00656E+01 -3.06852E+00
3.02392E+01 -3.02475E+00
3.04046E+01 -2.97969E+00
3.05615E+01 -2.93234E+00
3.07097E+01 -2.88274E+00
3.08489E+01 -2.83091E+00
3.09787E+01 -2.77791E+00
3.10991E+01 -2.72273E+00
3.12097E+01 -2.66540E+00
3.13104E+01 -2.60698E+00
3.14009E+01 -2.54545E+00
3.14812E+01 -2.48290E+00
3.15510E+01 -2.41936E+00
3.16104E+01 -2.35384E+00
3.16590E+01 -2.28639E+00
3.16970E+01 -2.21703E+00
3.17241E+01 -2.14686E+00
3.17404E+01 -2.07487E+00
3.17459E+01 -2.00113E+00
3.17404E+01 -1.92671E+00
3.17241E+01 -1.85063E+00
3.16970E+01 -1.77294E+00
3.16590E+01 -1.69473E+00
3.16104E+01 -1.61504E+00
3.15511E+01 -1.53391E+00
3.14812E+01 -1.45141E+00
3.14009E+01 -1.36863E+00
3.13104E+01 -1.28564E+00
3.12097E+01 -1.20043E+00
3.10991E+01 -1.11515E+00
3.09787E+01 -1.02881E+00
3.08489E+01 -9.41499E-01
3.07097E+01 -8.54310E-01
3.05615E+01 -7.66281E-01
3.04046E+01 -6.77478E-01
3.02392E+01 -5.87970E-01
3.00656E+01 -4.98848E-01
2.98843E+01 -4.08110E-01
2.96955E+01 -3.17940E-01
2.94997E+01 -2.27453E-01
2.92972E+01 -1.36716E-01
2.90885E+01 -4.57955E-02
2.88740E+01 4.42035E-02
2.86541E+01 1.35272E-01
2.84295E+01 2.25268E-01
2.82004E+01 3.16182E-01
2.79676E+01 4.05879E-01
2.77315E+01 4.96363E-01
2.74927E+01 5.86558E-01
2.72519E+01 6.75319E-01
2.70095E+01 7.64448E-01
2.67663E+01 8.52870E-01
2.65230E+01 9.40531E-01
2.62801E+01 1.02737E+00
2.60383E+01 1.11330E+00
2.57984E+01 1.19828E+00
2.55612E+01 1.28328E+00
2.53272E+01 1.36727E+00
2.50973E+01 1.45097E+00
2.48722E+01 1.53218E+00
2.46528E+01 1.61294E+00
2.44396E+01 1.69320E+00
2.42335E+01 1.77186E+00
2.40353E+01 1.84889E+00
2.38457E+01 1.92529E+00
2.36653E+01 1.99994E+00
2.34951E+01 2.07351E+00
2.33355E+01 2.14496E+00
2.31874E+01 2.21530E+00
2.30513E+01 2.28449E+00
2.29278E+01 2.35247E+00
2.28174E+01 2.41823E+00
2.27207E+01 2.48269E+00
2.26381E+01 2.54444E+00
2.25700E+01 2.60558E+00
2.25167E+01 2.66402E+00
2.24784E+01 2.72178E+00
2.24554E+01 2.77679E+00
2.24477E+01 2.83009E+00
