Will plot unflagged data


File # 1  = raise.vis
raise.vis 0.1514 GHz
Read 121 visibilities from all files

Baseline 4-5, plot 121 points
2.29339E-01 -1.07907E-01
2.29418E-01 -1.09814E-01
2.29653E-01 -1.11643E-01
2.30044E-01 -1.13392E-01
2.30589E-01 -1.15060E-01
2.31285E-01 -1.16642E-01
2.32128E-01 -1.18136E-01
2.33116E-01 -1.20568E-01
2.34244E-01 -1.21881E-01
2.35505E-01 -1.23100E-01
2.36896E-01 -1.24221E-01
2.38410E-01 -1.25244E-01
2.40039E-01 -1.26166E-01
2.41779E-01 -1.26985E-01
2.43621E-01 -1.27698E-01
2.45559E-01 -1.29334E-01
2.47584E-01 -1.29832E-01
2.49689E-01 -1.30220E-01
2.51867E-01 -1.30496E-01
2.54109E-01 -1.31687E-01
2.56409E-01 -1.31734E-01
2.58758E-01 -1.31664E-01
2.61148E-01 -1.32506E-01
2.63572E-01 -1.32199E-01
2.66023E-01 -1.31772E-01
2.68492E-01 -1.32253E-01
2.70974E-01 -1.31582E-01
2.73461E-01 -1.31817E-01
2.75945E-01 -1.30898E-01
2.78421E-01 -1.30884E-01
2.80882E-01 -1.30744E-01
2.83321E-01 -1.29447E-01
2.85733E-01 -1.29054E-01
2.88112E-01 -1.28534E-01
2.90452E-01 -1.26856E-01
2.92747E-01 -1.26080E-01
2.94994E-01 -1.25176E-01
2.97185E-01 -1.24144E-01
2.99318E-01 -1.22984E-01
3.01386E-01 -1.21696E-01
3.03387E-01 -1.20280E-01
3.05316E-01 -1.18736E-01
3.07168E-01 -1.17065E-01
3.08941E-01 -1.15267E-01
3.10631E-01 -1.13343E-01
3.12234E-01 -1.12325E-01
3.13748E-01 -1.10150E-01
3.15170E-01 -1.07852E-01
3.16497E-01 -1.06461E-01
3.17727E-01 -1.03916E-01
3.18857E-01 -1.02282E-01
3.19885E-01 -9.94961E-02
3.20810E-01 -9.76225E-02
3.21630E-01 -9.46000E-02
3.22344E-01 -9.24925E-02
3.22950E-01 -9.02700E-02
3.23447E-01 -8.69029E-02
3.23835E-01 -8.44554E-02
3.24112E-01 -8.18979E-02
3.24279E-01 -7.92320E-02
3.24335E-01 -7.64596E-02
3.24279E-01 -7.35827E-02
3.24112E-01 -7.06031E-02
3.23835E-01 -6.75230E-02
3.23447E-01 -6.43444E-02
3.22950E-01 -6.21009E-02
3.22344E-01 -5.87320E-02
3.21631E-01 -5.52714E-02
3.20810E-01 -5.27527E-02
3.19885E-01 -4.91157E-02
3.18857E-01 -4.64257E-02
3.17727E-01 -4.26224E-02
3.16497E-01 -3.97711E-02
3.15170E-01 -3.58120E-02
3.13748E-01 -3.28102E-02
3.12234E-01 -2.97372E-02
3.10631E-01 -2.55646E-02
3.08941E-01 -2.23578E-02
3.07168E-01 -1.90884E-02
3.05316E-01 -1.57592E-02
3.03387E-01 -1.23734E-02
3.01387E-01 -8.93397E-03
2.99318E-01 -5.44393E-03
2.97185E-01 -1.90643E-03
2.94994E-01 1.67545E-03
2.92748E-01 5.29851E-03
2.90452E-01 8.95955E-03
2.88112E-01 1.16249E-02
2.85733E-01 1.53524E-02
2.83321E-01 1.91081E-02
2.80882E-01 2.18586E-02
2.78421E-01 2.56611E-02
2.75945E-01 2.94821E-02
2.73461E-01 3.22881E-02
2.70974E-01 3.61360E-02
2.68493E-01 3.89625E-02
2.66023E-01 4.28239E-02
2.63572E-01 4.56574E-02
2.61148E-01 4.84894E-02
2.58758E-01 5.23461E-02
2.56409E-01 5.51652E-02
2.54110E-01 5.79728E-02
2.51867E-01 6.17945E-02
2.49689E-01 6.45692E-02
2.47584E-01 6.73224E-02
2.45559E-01 7.00509E-02
2.43621E-01 7.37798E-02
2.41779E-01 7.64490E-02
2.40040E-01 7.90838E-02
2.38410E-01 8.16809E-02
2.36896E-01 8.42373E-02
2.35505E-01 8.67497E-02
2.34244E-01 8.92149E-02
2.33116E-01 9.16300E-02
2.32128E-01 9.50188E-02
2.31285E-01 9.73242E-02
2.30589E-01 9.95705E-02
2.30044E-01 1.01755E-01
2.29653E-01 1.03874E-01
2.29418E-01 1.05925E-01
2.29339E-01 1.07905E-01
