Will plot unflagged data


File # 1  = raise.vis
raise.vis 0.4786 GHz
Read 121 visibilities from all files

Baseline 1-4, plot 121 points
2.41745E+00 -2.95959E-01
2.41827E+00 -3.01686E-01
2.42076E+00 -3.06171E-01
2.42488E+00 -3.11463E-01
2.43062E+00 -3.16527E-01
2.43795E+00 -3.21358E-01
2.44685E+00 -3.24918E-01
2.45726E+00 -3.29260E-01
2.46914E+00 -3.33348E-01
2.48244E+00 -3.37176E-01
2.49710E+00 -3.39708E-01
2.51306E+00 -3.42998E-01
2.53024E+00 -3.46011E-01
2.54857E+00 -3.48741E-01
2.56799E+00 -3.51183E-01
2.58841E+00 -3.53332E-01
2.60976E+00 -3.55183E-01
2.63195E+00 -3.57763E-01
2.65491E+00 -3.59003E-01
2.67855E+00 -3.59932E-01
2.70279E+00 -3.61578E-01
2.72754E+00 -3.61871E-01
2.75274E+00 -3.61842E-01
2.77829E+00 -3.62518E-01
2.80412E+00 -3.62864E-01
2.83016E+00 -3.61844E-01
2.85632E+00 -3.61522E-01
2.88253E+00 -3.60861E-01
2.90872E+00 -3.59859E-01
2.93482E+00 -3.58514E-01
2.96075E+00 -3.56825E-01
2.98647E+00 -3.55823E-01
3.01189E+00 -3.53439E-01
3.03697E+00 -3.51740E-01
3.06163E+00 -3.48658E-01
3.08583E+00 -3.46258E-01
3.10951E+00 -3.43507E-01
3.13261E+00 -3.40404E-01
3.15509E+00 -3.36951E-01
3.17689E+00 -3.33146E-01
3.19798E+00 -3.28991E-01
3.21831E+00 -3.25519E-01
3.23784E+00 -3.20665E-01
3.25653E+00 -3.16497E-01
3.27434E+00 -3.11982E-01
3.29124E+00 -3.06090E-01
3.30720E+00 -3.00888E-01
3.32218E+00 -2.96378E-01
3.33617E+00 -2.90498E-01
3.34913E+00 -2.84282E-01
3.36104E+00 -2.78766E-01
3.37189E+00 -2.72921E-01
3.38164E+00 -2.65716E-01
3.39028E+00 -2.59222E-01
3.39781E+00 -2.53442E-01
3.40419E+00 -2.46313E-01
3.40943E+00 -2.38874E-01
3.41352E+00 -2.32161E-01
3.41644E+00 -2.24114E-01
3.41820E+00 -2.16802E-01
3.41879E+00 -2.09198E-01
3.41820E+00 -2.01307E-01
3.41644E+00 -1.93135E-01
3.41352E+00 -1.85720E-01
3.40943E+00 -1.77002E-01
3.40419E+00 -1.69053E-01
3.39781E+00 -1.60846E-01
3.39028E+00 -1.51354E-01
3.38164E+00 -1.42650E-01
3.37189E+00 -1.34741E-01
3.36104E+00 -1.25567E-01
3.34913E+00 -1.16168E-01
3.33617E+00 -1.07586E-01
3.32219E+00 -9.87925E-02
3.30720E+00 -8.87639E-02
3.29124E+00 -7.95731E-02
3.27434E+00 -7.12278E-02
3.25653E+00 -6.16700E-02
3.23784E+00 -5.19408E-02
3.21831E+00 -4.30810E-02
3.19798E+00 -3.30329E-02
3.17689E+00 -2.38708E-02
3.15509E+00 -1.45701E-02
3.13261E+00 -5.13930E-03
3.10951E+00 4.41299E-03
3.08583E+00 1.40782E-02
3.06163E+00 2.38474E-02
3.03697E+00 3.26791E-02
3.01189E+00 4.26301E-02
2.98647E+00 5.16257E-02
2.96076E+00 6.17228E-02
2.93482E+00 7.08464E-02
2.90872E+00 8.00205E-02
2.88253E+00 8.92360E-02
2.85632E+00 9.84837E-02
2.83016E+00 1.07754E-01
2.80413E+00 1.16006E-01
2.77829E+00 1.25296E-01
2.75274E+00 1.34581E-01
2.72755E+00 1.42820E-01
2.70279E+00 1.51037E-01
2.67855E+00 1.60254E-01
2.65491E+00 1.68398E-01
2.63196E+00 1.76492E-01
2.60976E+00 1.85560E-01
2.58842E+00 1.93527E-01
2.56799E+00 2.01418E-01
2.54858E+00 2.09224E-01
2.53024E+00 2.16935E-01
2.51306E+00 2.24543E-01
2.49710E+00 2.32039E-01
2.48245E+00 2.38386E-01
2.46914E+00 2.45634E-01
2.45726E+00 2.52745E-01
2.44685E+00 2.59711E-01
2.43795E+00 2.65495E-01
2.43062E+00 2.72146E-01
2.42488E+00 2.78629E-01
2.42076E+00 2.84934E-01
2.41827E+00 2.90028E-01
2.41745E+00 2.95957E-01
