Will plot unflagged data


File # 1  = raise.vis
raise.vis 0.4786 GHz
Read 121 visibilities from all files

Baseline 2-3, plot 121 points
1.77855E+00 0.00000E+00
1.77916E+00 0.00000E+00
1.78098E+00 0.00000E+00
1.78402E+00 0.00000E+00
1.78824E+00 0.00000E+00
1.79364E+00 0.00000E+00
1.80018E+00 0.00000E+00
1.80784E+00 0.00000E+00
1.81658E+00 0.00000E+00
1.82637E+00 0.00000E+00
1.83715E+00 0.00000E+00
1.84889E+00 0.00000E+00
1.86153E+00 0.00000E+00
1.87502E+00 0.00000E+00
1.88931E+00 0.00000E+00
1.90433E+00 0.00000E+00
1.92004E+00 0.00000E+00
1.93637E+00 0.00000E+00
1.95326E+00 0.00000E+00
1.97065E+00 0.00000E+00
1.98848E+00 0.00000E+00
2.00669E+00 0.00000E+00
2.02523E+00 0.00000E+00
2.04403E+00 0.00000E+00
2.06303E+00 0.00000E+00
2.08219E+00 0.00000E+00
2.10143E+00 0.00000E+00
2.12072E+00 0.00000E+00
2.13998E+00 0.00000E+00
2.15919E+00 0.00000E+00
2.17827E+00 0.00000E+00
2.19719E+00 0.00000E+00
2.21589E+00 0.00000E+00
2.23434E+00 0.00000E+00
2.25249E+00 0.00000E+00
2.27029E+00 0.00000E+00
2.28771E+00 0.00000E+00
2.30470E+00 0.00000E+00
2.32124E+00 0.00000E+00
2.33728E+00 0.00000E+00
2.35280E+00 0.00000E+00
2.36776E+00 0.00000E+00
2.38212E+00 0.00000E+00
2.39587E+00 0.00000E+00
2.40898E+00 0.00000E+00
2.42141E+00 0.00000E+00
2.43315E+00 0.00000E+00
2.44418E+00 0.00000E+00
2.45447E+00 0.00000E+00
2.46400E+00 0.00000E+00
2.47277E+00 0.00000E+00
2.48074E+00 0.00000E+00
2.48792E+00 0.00000E+00
2.49428E+00 0.00000E+00
2.49981E+00 0.00000E+00
2.50451E+00 0.00000E+00
2.50837E+00 0.00000E+00
2.51138E+00 0.00000E+00
2.51353E+00 0.00000E+00
2.51482E+00 0.00000E+00
2.51525E+00 0.00000E+00
2.51482E+00 0.00000E+00
2.51353E+00 0.00000E+00
2.51138E+00 0.00000E+00
2.50837E+00 0.00000E+00
2.50451E+00 0.00000E+00
2.49981E+00 0.00000E+00
2.49428E+00 0.00000E+00
2.48792E+00 0.00000E+00
2.48075E+00 0.00000E+00
2.47277E+00 0.00000E+00
2.46400E+00 0.00000E+00
2.45447E+00 0.00000E+00
2.44418E+00 0.00000E+00
2.43315E+00 0.00000E+00
2.42141E+00 0.00000E+00
2.40898E+00 0.00000E+00
2.39587E+00 0.00000E+00
2.38212E+00 0.00000E+00
2.36776E+00 0.00000E+00
2.35280E+00 0.00000E+00
2.33729E+00 0.00000E+00
2.32124E+00 0.00000E+00
2.30470E+00 0.00000E+00
2.28771E+00 0.00000E+00
2.27029E+00 0.00000E+00
2.25249E+00 0.00000E+00
2.23434E+00 0.00000E+00
2.21589E+00 0.00000E+00
2.19719E+00 0.00000E+00
2.17827E+00 0.00000E+00
2.15919E+00 0.00000E+00
2.13999E+00 0.00000E+00
2.12072E+00 0.00000E+00
2.10143E+00 0.00000E+00
2.08219E+00 0.00000E+00
2.06304E+00 0.00000E+00
2.04403E+00 0.00000E+00
2.02523E+00 0.00000E+00
2.00669E+00 0.00000E+00
1.98848E+00 0.00000E+00
1.97065E+00 0.00000E+00
1.95326E+00 0.00000E+00
1.93637E+00 0.00000E+00
1.92004E+00 0.00000E+00
1.90433E+00 0.00000E+00
1.88931E+00 0.00000E+00
1.87502E+00 0.00000E+00
1.86153E+00 0.00000E+00
1.84889E+00 0.00000E+00
1.83716E+00 0.00000E+00
1.82637E+00 0.00000E+00
1.81658E+00 0.00000E+00
1.80784E+00 0.00000E+00
1.80018E+00 0.00000E+00
1.79364E+00 0.00000E+00
1.78824E+00 0.00000E+00
1.78402E+00 0.00000E+00
1.78098E+00 0.00000E+00
1.77916E+00 0.00000E+00
1.77855E+00 0.00000E+00
