Will plot unflagged data


File # 1  = raise.vis
raise.vis 0.4786 GHz
Read 121 visibilities from all files

Baseline 2-3, plot 121 points
1.77855E+00 7.50683E-01
1.77916E+00 7.54838E-01
1.78098E+00 7.58993E-01
1.78402E+00 7.63148E-01
1.78824E+00 7.67304E-01
1.79364E+00 7.71459E-01
1.80018E+00 7.75614E-01
1.80784E+00 7.79770E-01
1.81658E+00 7.83925E-01
1.82637E+00 7.88080E-01
1.83715E+00 7.92235E-01
1.84889E+00 7.96391E-01
1.86153E+00 8.00546E-01
1.87502E+00 8.04701E-01
1.88931E+00 8.08857E-01
1.90433E+00 8.13012E-01
1.92004E+00 8.17167E-01
1.93637E+00 8.21322E-01
1.95326E+00 8.25478E-01
1.97065E+00 8.29633E-01
1.98848E+00 8.33788E-01
2.00669E+00 8.37944E-01
2.02523E+00 8.42099E-01
2.04403E+00 8.46254E-01
2.06303E+00 8.50409E-01
2.08219E+00 8.54565E-01
2.10143E+00 8.58720E-01
2.12072E+00 8.62875E-01
2.13998E+00 8.67031E-01
2.15919E+00 8.71186E-01
2.17827E+00 8.75341E-01
2.19719E+00 8.79496E-01
2.21589E+00 8.83652E-01
2.23434E+00 8.87807E-01
2.25249E+00 8.91962E-01
2.27029E+00 8.96118E-01
2.28771E+00 9.00273E-01
2.30470E+00 9.04428E-01
2.32124E+00 9.08583E-01
2.33728E+00 9.12739E-01
2.35280E+00 9.16894E-01
2.36776E+00 9.21049E-01
2.38212E+00 9.25205E-01
2.39587E+00 9.29360E-01
2.40898E+00 9.33515E-01
2.42141E+00 9.37670E-01
2.43315E+00 9.41826E-01
2.44418E+00 9.45981E-01
2.45447E+00 9.50136E-01
2.46400E+00 9.54292E-01
2.47277E+00 9.58447E-01
2.48074E+00 9.62602E-01
2.48792E+00 9.66758E-01
2.49428E+00 9.70913E-01
2.49981E+00 9.75068E-01
2.50451E+00 9.79223E-01
2.50837E+00 9.83379E-01
2.51138E+00 9.87534E-01
2.51353E+00 9.91689E-01
2.51482E+00 9.95845E-01
2.51525E+00 1.00000E+00
2.51482E+00 1.00416E+00
2.51353E+00 1.00831E+00
2.51138E+00 1.01247E+00
2.50837E+00 1.01662E+00
2.50451E+00 1.02078E+00
2.49981E+00 1.02493E+00
2.49428E+00 1.02909E+00
2.48792E+00 1.03324E+00
2.48075E+00 1.03740E+00
2.47277E+00 1.04155E+00
2.46400E+00 1.04571E+00
2.45447E+00 1.04986E+00
2.44418E+00 1.05402E+00
2.43315E+00 1.05817E+00
2.42141E+00 1.06233E+00
2.40898E+00 1.06648E+00
2.39587E+00 1.07064E+00
2.38212E+00 1.07480E+00
2.36776E+00 1.07895E+00
2.35280E+00 1.08311E+00
2.33729E+00 1.08726E+00
2.32124E+00 1.09142E+00
2.30470E+00 1.09557E+00
2.28771E+00 1.09973E+00
2.27029E+00 1.10388E+00
2.25249E+00 1.10804E+00
2.23434E+00 1.11219E+00
2.21589E+00 1.11635E+00
2.19719E+00 1.12050E+00
2.17827E+00 1.12466E+00
2.15919E+00 1.12881E+00
2.13999E+00 1.13297E+00
2.12072E+00 1.13712E+00
2.10143E+00 1.14128E+00
2.08219E+00 1.14543E+00
2.06304E+00 1.14959E+00
2.04403E+00 1.15375E+00
2.02523E+00 1.15790E+00
2.00669E+00 1.16206E+00
1.98848E+00 1.16621E+00
1.97065E+00 1.17037E+00
1.95326E+00 1.17452E+00
1.93637E+00 1.17868E+00
1.92004E+00 1.18283E+00
1.90433E+00 1.18699E+00
1.88931E+00 1.19114E+00
1.87502E+00 1.19530E+00
1.86153E+00 1.19945E+00
1.84889E+00 1.20361E+00
1.83716E+00 1.20776E+00
1.82637E+00 1.21192E+00
1.81658E+00 1.21607E+00
1.80784E+00 1.22023E+00
1.80018E+00 1.22439E+00
1.79364E+00 1.22854E+00
1.78824E+00 1.23270E+00
1.78402E+00 1.23685E+00
1.78098E+00 1.24101E+00
1.77916E+00 1.24516E+00
1.77855E+00 1.24932E+00
