Will plot unflagged data


File # 1  = raise.vis
raise.vis 4.7863 GHz
Read 121 visibilities from all files

Baseline 2-4, plot 121 points
2.24477E+01 1.25496E+00
2.24554E+01 1.25462E+00
2.24784E+01 1.25359E+00
2.25167E+01 1.25191E+00
2.25700E+01 1.24961E+00
2.26381E+01 1.24673E+00
2.27207E+01 1.24339E+00
2.28174E+01 1.23960E+00
2.29278E+01 1.23545E+00
2.30513E+01 1.23101E+00
2.31874E+01 1.22634E+00
2.33355E+01 1.22152E+00
2.34951E+01 1.21653E+00
2.36653E+01 1.21152E+00
2.38456E+01 1.20643E+00
2.40353E+01 1.20135E+00
2.42335E+01 1.19626E+00
2.44396E+01 1.19118E+00
2.46527E+01 1.18614E+00
2.48722E+01 1.18117E+00
2.50973E+01 1.17625E+00
2.53272E+01 1.17141E+00
2.55612E+01 1.16666E+00
2.57984E+01 1.16198E+00
2.60383E+01 1.15739E+00
2.62800E+01 1.15292E+00
2.65229E+01 1.14856E+00
2.67663E+01 1.14430E+00
2.70095E+01 1.14019E+00
2.72519E+01 1.13619E+00
2.74927E+01 1.13230E+00
2.77315E+01 1.12852E+00
2.79676E+01 1.12490E+00
2.82004E+01 1.12141E+00
2.84294E+01 1.11800E+00
2.86541E+01 1.11476E+00
2.88740E+01 1.11164E+00
2.90885E+01 1.10866E+00
2.92972E+01 1.10580E+00
2.94997E+01 1.10306E+00
2.96955E+01 1.10049E+00
2.98843E+01 1.09802E+00
3.00656E+01 1.09570E+00
3.02392E+01 1.09350E+00
3.04046E+01 1.09141E+00
3.05615E+01 1.08946E+00
3.07097E+01 1.08766E+00
3.08489E+01 1.08597E+00
3.09787E+01 1.08445E+00
3.10991E+01 1.08300E+00
3.12097E+01 1.08171E+00
3.13104E+01 1.08053E+00
3.14009E+01 1.07947E+00
3.14812E+01 1.07855E+00
3.15510E+01 1.07776E+00
3.16104E+01 1.07709E+00
3.16590E+01 1.07654E+00
3.16970E+01 1.07610E+00
3.17241E+01 1.07580E+00
3.17404E+01 1.07560E+00
3.17459E+01 1.07555E+00
3.17404E+01 1.07560E+00
3.17241E+01 1.07580E+00
3.16970E+01 1.07610E+00
3.16590E+01 1.07654E+00
3.16104E+01 1.07709E+00
3.15511E+01 1.07776E+00
3.14812E+01 1.07855E+00
3.14009E+01 1.07947E+00
3.13104E+01 1.08053E+00
3.12097E+01 1.08171E+00
3.10991E+01 1.08300E+00
3.09787E+01 1.08445E+00
3.08489E+01 1.08597E+00
3.07097E+01 1.08766E+00
3.05615E+01 1.08946E+00
3.04046E+01 1.09141E+00
3.02392E+01 1.09350E+00
3.00656E+01 1.09570E+00
2.98843E+01 1.09802E+00
2.96955E+01 1.10047E+00
2.94997E+01 1.10306E+00
2.92972E+01 1.10580E+00
2.90885E+01 1.10866E+00
2.88740E+01 1.11164E+00
2.86541E+01 1.11476E+00
2.84295E+01 1.11800E+00
2.82004E+01 1.12141E+00
2.79676E+01 1.12490E+00
2.77315E+01 1.12852E+00
2.74927E+01 1.13230E+00
2.72519E+01 1.13619E+00
2.70095E+01 1.14019E+00
2.67663E+01 1.14430E+00
2.65230E+01 1.14856E+00
2.62801E+01 1.15292E+00
2.60383E+01 1.15739E+00
2.57984E+01 1.16198E+00
2.55612E+01 1.16666E+00
2.53272E+01 1.17141E+00
2.50973E+01 1.17626E+00
2.48722E+01 1.18117E+00
2.46528E+01 1.18614E+00
2.44396E+01 1.19118E+00
2.42335E+01 1.19626E+00
2.40353E+01 1.20135E+00
2.38457E+01 1.20644E+00
2.36653E+01 1.21152E+00
2.34951E+01 1.21654E+00
2.33355E+01 1.22152E+00
2.31874E+01 1.22634E+00
2.30513E+01 1.23101E+00
2.29278E+01 1.23545E+00
2.28174E+01 1.23960E+00
2.27207E+01 1.24339E+00
2.26381E+01 1.24673E+00
2.25700E+01 1.24961E+00
2.25167E+01 1.25191E+00
2.24784E+01 1.25359E+00
2.24554E+01 1.25462E+00
2.24477E+01 1.25496E+00
