Will plot unflagged data


File # 1  = raise.vis
raise.vis 4.7863 GHz
Read 121 visibilities from all files

Baseline 2-4, plot 121 points
2.24477E+01 -1.05619E+01
2.24554E+01 -1.07534E+01
2.24784E+01 -1.09386E+01
2.25167E+01 -1.11156E+01
2.25700E+01 -1.12851E+01
2.26381E+01 -1.14457E+01
2.27207E+01 -1.16005E+01
2.28174E+01 -1.17460E+01
2.29278E+01 -1.18840E+01
2.30513E+01 -1.20136E+01
2.31874E+01 -1.21349E+01
2.33355E+01 -1.22486E+01
2.34951E+01 -1.23523E+01
2.36653E+01 -1.24493E+01
2.38456E+01 -1.25368E+01
2.40353E+01 -1.26163E+01
2.42335E+01 -1.26868E+01
2.44396E+01 -1.27480E+01
2.46527E+01 -1.28009E+01
2.48722E+01 -1.28453E+01
2.50973E+01 -1.28810E+01
2.53272E+01 -1.29078E+01
2.55612E+01 -1.29259E+01
2.57984E+01 -1.29346E+01
2.60383E+01 -1.29345E+01
2.62800E+01 -1.29256E+01
2.65229E+01 -1.29080E+01
2.67663E+01 -1.28811E+01
2.70095E+01 -1.28467E+01
2.72519E+01 -1.28026E+01
2.74927E+01 -1.27497E+01
2.77315E+01 -1.26874E+01
2.79676E+01 -1.26176E+01
2.82004E+01 -1.25390E+01
2.84294E+01 -1.24505E+01
2.86541E+01 -1.23547E+01
2.88740E+01 -1.22499E+01
2.90885E+01 -1.21372E+01
2.92972E+01 -1.20162E+01
2.94997E+01 -1.18861E+01
2.96955E+01 -1.17494E+01
2.98843E+01 -1.16031E+01
3.00656E+01 -1.14498E+01
3.02392E+01 -1.12884E+01
3.04046E+01 -1.11184E+01
3.05615E+01 -1.09413E+01
3.07097E+01 -1.07571E+01
3.08489E+01 -1.05652E+01
3.09787E+01 -1.03673E+01
3.10991E+01 -1.01604E+01
3.12097E+01 -9.94772E+00
3.13104E+01 -9.72744E+00
3.14009E+01 -9.50071E+00
3.14812E+01 -9.26768E+00
3.15510E+01 -9.02850E+00
3.16104E+01 -8.78325E+00
3.16590E+01 -8.53200E+00
3.16970E+01 -8.27389E+00
3.17241E+01 -8.01118E+00
3.17404E+01 -7.74199E+00
3.17459E+01 -7.46857E+00
3.17404E+01 -7.18904E+00
3.17241E+01 -6.90565E+00
3.16970E+01 -6.61654E+00
3.16590E+01 -6.32396E+00
3.16104E+01 -6.02605E+00
3.15511E+01 -5.72401E+00
3.14812E+01 -5.41817E+00
3.14009E+01 -5.10882E+00
3.13104E+01 -4.79619E+00
3.12097E+01 -4.48048E+00
3.10991E+01 -4.16090E+00
3.09787E+01 -3.83971E+00
3.08489E+01 -3.51394E+00
3.07097E+01 -3.18703E+00
3.05615E+01 -2.85755E+00
3.04046E+01 -2.52661E+00
3.02392E+01 -2.19437E+00
3.00656E+01 -1.85978E+00
2.98843E+01 -1.52372E+00
2.96955E+01 -1.18644E+00
2.94997E+01 -8.48948E-01
2.92972E+01 -5.11316E-01
2.90885E+01 -1.72564E-01
2.88740E+01 1.66384E-01
2.86541E+01 5.04665E-01
2.84295E+01 8.43134E-01
2.82004E+01 1.17982E+00
2.79676E+01 1.51696E+00
2.77315E+01 1.85326E+00
2.74927E+01 2.18708E+00
2.72519E+01 2.52003E+00
2.70095E+01 2.85132E+00
2.67663E+01 3.18153E+00
2.65230E+01 3.50822E+00
2.62801E+01 3.83305E+00
2.60383E+01 4.15500E+00
2.57984E+01 4.47406E+00
2.55612E+01 4.79002E+00
2.53272E+01 5.10314E+00
2.50973E+01 5.41273E+00
2.48722E+01 5.71867E+00
2.46528E+01 6.02051E+00
2.44396E+01 6.31801E+00
2.42335E+01 6.61076E+00
2.40353E+01 6.89956E+00
2.38457E+01 7.18398E+00
2.36653E+01 7.46284E+00
2.34951E+01 7.73762E+00
2.33355E+01 8.00532E+00
2.31874E+01 8.26915E+00
2.30513E+01 8.52657E+00
2.29278E+01 8.77814E+00
2.28174E+01 9.02403E+00
2.27207E+01 9.26320E+00
2.26381E+01 9.49733E+00
2.25700E+01 9.72300E+00
2.25167E+01 9.94309E+00
2.24784E+01 1.01563E+01
2.24554E+01 1.03632E+01
2.24477E+01 1.05619E+01
