Will plot unflagged data


File # 1  = raise.vis
raise.vis 0.1514 GHz
Read 121 visibilities from all files

Baseline 1-2, plot 121 points
5.46046E-02 7.50683E-01
5.46233E-02 7.54838E-01
5.46793E-02 7.58993E-01
5.47724E-02 7.63148E-01
5.49021E-02 7.67304E-01
5.50677E-02 7.71459E-01
5.52686E-02 7.75614E-01
5.55039E-02 7.79770E-01
5.57723E-02 7.83925E-01
5.60727E-02 7.88080E-01
5.64038E-02 7.92235E-01
5.67642E-02 7.96391E-01
5.71522E-02 8.00546E-01
5.75664E-02 8.04701E-01
5.80050E-02 8.08857E-01
5.84663E-02 8.13012E-01
5.89485E-02 8.17167E-01
5.94498E-02 8.21322E-01
5.99683E-02 8.25478E-01
6.05022E-02 8.29633E-01
6.10497E-02 8.33788E-01
6.16090E-02 8.37944E-01
6.21781E-02 8.42099E-01
6.27552E-02 8.46254E-01
6.33387E-02 8.50409E-01
6.39268E-02 8.54565E-01
6.45176E-02 8.58720E-01
6.51097E-02 8.62875E-01
6.57012E-02 8.67031E-01
6.62907E-02 8.71186E-01
6.68766E-02 8.75341E-01
6.74575E-02 8.79496E-01
6.80317E-02 8.83652E-01
6.85981E-02 8.87807E-01
6.91552E-02 8.91962E-01
6.97018E-02 8.96118E-01
7.02366E-02 9.00273E-01
7.07584E-02 9.04428E-01
7.12661E-02 9.08583E-01
7.17587E-02 9.12739E-01
7.22350E-02 9.16894E-01
7.26942E-02 9.21049E-01
7.31353E-02 9.25205E-01
7.35574E-02 9.29360E-01
7.39597E-02 9.33515E-01
7.43415E-02 9.37670E-01
7.47020E-02 9.41826E-01
7.50405E-02 9.45981E-01
7.53564E-02 9.50136E-01
7.56492E-02 9.54292E-01
7.59182E-02 9.58447E-01
7.61631E-02 9.62602E-01
7.63834E-02 9.66758E-01
7.65787E-02 9.70913E-01
7.67486E-02 9.75068E-01
7.68929E-02 9.79223E-01
7.70113E-02 9.83379E-01
7.71036E-02 9.87534E-01
7.71696E-02 9.91689E-01
7.72093E-02 9.95845E-01
7.72225E-02 1.00000E+00
7.72093E-02 1.00416E+00
7.71696E-02 1.00831E+00
7.71036E-02 1.01247E+00
7.70113E-02 1.01662E+00
7.68929E-02 1.02078E+00
7.67486E-02 1.02493E+00
7.65787E-02 1.02909E+00
7.63834E-02 1.03324E+00
7.61632E-02 1.03740E+00
7.59183E-02 1.04155E+00
7.56492E-02 1.04571E+00
7.53564E-02 1.04986E+00
7.50405E-02 1.05402E+00
7.47020E-02 1.05817E+00
7.43415E-02 1.06233E+00
7.39598E-02 1.06648E+00
7.35574E-02 1.07064E+00
7.31353E-02 1.07480E+00
7.26942E-02 1.07895E+00
7.22350E-02 1.08311E+00
7.17587E-02 1.08726E+00
7.12661E-02 1.09142E+00
7.07584E-02 1.09557E+00
7.02366E-02 1.09973E+00
6.97018E-02 1.10388E+00
6.91553E-02 1.10804E+00
6.85982E-02 1.11219E+00
6.80318E-02 1.11635E+00
6.74575E-02 1.12050E+00
6.68767E-02 1.12466E+00
6.62908E-02 1.12881E+00
6.57013E-02 1.13297E+00
6.51097E-02 1.13712E+00
6.45177E-02 1.14128E+00
6.39268E-02 1.14543E+00
6.33388E-02 1.14959E+00
6.27553E-02 1.15375E+00
6.21781E-02 1.15790E+00
6.16090E-02 1.16206E+00
6.10498E-02 1.16621E+00
6.05023E-02 1.17037E+00
5.99683E-02 1.17452E+00
5.94498E-02 1.17868E+00
5.89485E-02 1.18283E+00
5.84663E-02 1.18699E+00
5.80051E-02 1.19114E+00
5.75665E-02 1.19530E+00
5.71523E-02 1.19945E+00
5.67642E-02 1.20361E+00
5.64038E-02 1.20776E+00
5.60727E-02 1.21192E+00
5.57723E-02 1.21607E+00
5.55039E-02 1.22023E+00
5.52687E-02 1.22439E+00
5.50678E-02 1.22854E+00
5.49021E-02 1.23270E+00
5.47724E-02 1.23685E+00
5.46793E-02 1.24101E+00
5.46233E-02 1.24516E+00
5.46046E-02 1.24932E+00
