Will plot unflagged data


File # 1  = raise.vis
raise.vis 0.1514 GHz
Read 121 visibilities from all files

Baseline 1-2, plot 121 points
5.46046E-02 -1.47793E-02
5.46233E-02 -1.53214E-02
5.46793E-02 -1.48274E-02
5.47724E-02 -1.53480E-02
5.49021E-02 -1.58575E-02
5.50677E-02 -1.63554E-02
5.52686E-02 -1.58157E-02
5.55039E-02 -1.62894E-02
5.57723E-02 -1.67506E-02
5.60727E-02 -1.71988E-02
5.64038E-02 -1.66082E-02
5.67642E-02 -1.70298E-02
5.71522E-02 -1.74376E-02
5.75664E-02 -1.78313E-02
5.80050E-02 -1.71848E-02
5.84663E-02 -1.75497E-02
5.89485E-02 -1.78996E-02
5.94498E-02 -1.82346E-02
5.99683E-02 -1.75281E-02
6.05022E-02 -1.78322E-02
6.10497E-02 -1.81206E-02
6.16090E-02 -1.83930E-02
6.21781E-02 -1.76231E-02
6.27552E-02 -1.78631E-02
6.33387E-02 -1.80866E-02
6.39268E-02 -1.82935E-02
6.45176E-02 -1.84837E-02
6.51097E-02 -1.76307E-02
6.57012E-02 -1.77870E-02
6.62907E-02 -1.79261E-02
6.68766E-02 -1.80481E-02
6.74575E-02 -1.81528E-02
6.80317E-02 -1.72136E-02
6.85981E-02 -1.72835E-02
6.91552E-02 -1.73359E-02
6.97018E-02 -1.73708E-02
7.02366E-02 -1.73882E-02
7.07584E-02 -1.73880E-02
7.12661E-02 -1.63438E-02
7.17587E-02 -1.63086E-02
7.22350E-02 -1.62558E-02
7.26942E-02 -1.61856E-02
7.31353E-02 -1.60980E-02
7.35574E-02 -1.59930E-02
7.39597E-02 -1.58707E-02
7.43415E-02 -1.57312E-02
7.47020E-02 -1.55746E-02
7.50405E-02 -1.43744E-02
7.53564E-02 -1.41839E-02
7.56492E-02 -1.39767E-02
7.59182E-02 -1.37529E-02
7.61631E-02 -1.35126E-02
7.63834E-02 -1.32560E-02
7.65787E-02 -1.29833E-02
7.67486E-02 -1.26946E-02
7.68929E-02 -1.23902E-02
7.70113E-02 -1.20703E-02
7.71036E-02 -1.17351E-02
7.71696E-02 -1.13849E-02
7.72093E-02 -1.10197E-02
7.72225E-02 -1.06400E-02
7.72093E-02 -1.02460E-02
7.71696E-02 -9.83795E-03
7.71036E-02 -9.41611E-03
7.70113E-02 -8.98077E-03
7.68929E-02 -8.53225E-03
7.67486E-02 -8.07085E-03
7.65787E-02 -7.59688E-03
7.63834E-02 -7.11068E-03
7.61632E-02 -6.61259E-03
7.59183E-02 -6.10291E-03
7.56492E-02 -5.58203E-03
7.53564E-02 -5.05029E-03
7.50405E-02 -4.50805E-03
7.47020E-02 -4.98230E-03
7.43415E-02 -4.42019E-03
7.39598E-02 -3.84874E-03
7.35574E-02 -3.26831E-03
7.31353E-02 -2.67932E-03
7.26942E-02 -2.08216E-03
7.22350E-02 -1.47726E-03
7.17587E-02 -8.65001E-04
7.12661E-02 -2.45830E-04
7.07584E-02 -6.46675E-04
7.02366E-02 -1.49389E-05
6.97018E-02 6.22434E-04
6.91553E-02 1.26497E-03
6.85982E-02 1.91230E-03
6.80318E-02 2.56394E-03
6.74575E-02 2.19304E-03
6.68767E-02 2.85197E-03
6.62908E-02 3.51386E-03
6.57013E-02 4.17827E-03
6.51097E-02 4.84474E-03
6.45177E-02 4.48653E-03
6.39268E-02 5.15574E-03
6.33388E-02 5.82563E-03
6.27553E-02 6.49575E-03
6.21781E-02 7.16564E-03
6.16090E-02 6.80867E-03
6.10498E-02 7.47671E-03
6.05023E-02 8.14314E-03
5.99683E-02 8.80750E-03
5.94498E-02 8.44329E-03
5.89485E-02 9.10215E-03
5.84663E-02 9.75759E-03
5.80051E-02 1.04092E-02
5.75665E-02 1.00305E-02
5.71523E-02 1.06730E-02
5.67642E-02 1.13102E-02
5.64038E-02 1.19419E-02
5.60727E-02 1.15417E-02
5.57723E-02 1.21607E-02
5.55039E-02 1.27728E-02
5.52687E-02 1.33776E-02
5.50678E-02 1.29489E-02
5.49021E-02 1.35377E-02
5.47724E-02 1.41180E-02
5.46793E-02 1.46893E-02
5.46233E-02 1.42257E-02
5.46046E-02 1.47778E-02
