Will plot unflagged data


File # 1  = raise.vis
raise.vis 0.1514 GHz
Read 121 visibilities from all files

Baseline 1-2, plot 121 points
5.46046E-02 6.62705E+00
5.46233E-02 6.62705E+00
5.46793E-02 6.62705E+00
5.47724E-02 6.62705E+00
5.49021E-02 6.62705E+00
5.50677E-02 6.62705E+00
5.52686E-02 6.62705E+00
5.55039E-02 6.62705E+00
5.57723E-02 6.62705E+00
5.60727E-02 6.62705E+00
5.64038E-02 6.62705E+00
5.67642E-02 6.62705E+00
5.71522E-02 6.62705E+00
5.75664E-02 6.62705E+00
5.80050E-02 6.62705E+00
5.84663E-02 6.62705E+00
5.89485E-02 6.62705E+00
5.94498E-02 6.62705E+00
5.99683E-02 6.62705E+00
6.05022E-02 6.62705E+00
6.10497E-02 6.62705E+00
6.16090E-02 6.62705E+00
6.21781E-02 6.62705E+00
6.27552E-02 6.62705E+00
6.33387E-02 6.62705E+00
6.39268E-02 6.62705E+00
6.45176E-02 6.62705E+00
6.51097E-02 6.62705E+00
6.57012E-02 6.62705E+00
6.62907E-02 6.62705E+00
6.68766E-02 6.62705E+00
6.74575E-02 6.62705E+00
6.80317E-02 6.62705E+00
6.85981E-02 6.62705E+00
6.91552E-02 6.62705E+00
6.97018E-02 6.62705E+00
7.02366E-02 6.62705E+00
7.07584E-02 6.62705E+00
7.12661E-02 6.62704E+00
7.17587E-02 6.62704E+00
7.22350E-02 6.62704E+00
7.26942E-02 6.62704E+00
7.31353E-02 6.62704E+00
7.35574E-02 6.62704E+00
7.39597E-02 6.62704E+00
7.43415E-02 6.62704E+00
7.47020E-02 6.62704E+00
7.50405E-02 6.62704E+00
7.53564E-02 6.62704E+00
7.56492E-02 6.62704E+00
7.59182E-02 6.62704E+00
7.61631E-02 6.62704E+00
7.63834E-02 6.62704E+00
7.65787E-02 6.62704E+00
7.67486E-02 6.62704E+00
7.68929E-02 6.62704E+00
7.70113E-02 6.62704E+00
7.71036E-02 6.62704E+00
7.71696E-02 6.62704E+00
7.72093E-02 6.62704E+00
7.72225E-02 6.62704E+00
7.72093E-02 6.62704E+00
7.71696E-02 6.62704E+00
7.71036E-02 6.62704E+00
7.70113E-02 6.62704E+00
7.68929E-02 6.62704E+00
7.67486E-02 6.62704E+00
7.65787E-02 6.62704E+00
7.63834E-02 6.62704E+00
7.61632E-02 6.62704E+00
7.59183E-02 6.62704E+00
7.56492E-02 6.62704E+00
7.53564E-02 6.62704E+00
7.50405E-02 6.62704E+00
7.47020E-02 6.62704E+00
7.43415E-02 6.62704E+00
7.39598E-02 6.62704E+00
7.35574E-02 6.62704E+00
7.31353E-02 6.62704E+00
7.26942E-02 6.62704E+00
7.22350E-02 6.62704E+00
7.17587E-02 6.62704E+00
7.12661E-02 6.62704E+00
7.07584E-02 6.62704E+00
7.02366E-02 6.62704E+00
6.97018E-02 6.62704E+00
6.91553E-02 6.62705E+00
6.85982E-02 6.62705E+00
6.80318E-02 6.62705E+00
6.74575E-02 6.62705E+00
6.68767E-02 6.62705E+00
6.62908E-02 6.62705E+00
6.57013E-02 6.62705E+00
6.51097E-02 6.62705E+00
6.45177E-02 6.62705E+00
6.39268E-02 6.62705E+00
6.33388E-02 6.62705E+00
6.27553E-02 6.62705E+00
6.21781E-02 6.62705E+00
6.16090E-02 6.62705E+00
6.10498E-02 6.62705E+00
6.05023E-02 6.62705E+00
5.99683E-02 6.62705E+00
5.94498E-02 6.62705E+00
5.89485E-02 6.62705E+00
5.84663E-02 6.62705E+00
5.80051E-02 6.62705E+00
5.75665E-02 6.62705E+00
5.71523E-02 6.62705E+00
5.67642E-02 6.62705E+00
5.64038E-02 6.62705E+00
5.60727E-02 6.62705E+00
5.57723E-02 6.62705E+00
5.55039E-02 6.62705E+00
5.52687E-02 6.62705E+00
5.50678E-02 6.62705E+00
5.49021E-02 6.62705E+00
5.47724E-02 6.62705E+00
5.46793E-02 6.62705E+00
5.46233E-02 6.62705E+00
5.46046E-02 6.62705E+00
