Will plot unflagged data


File # 1  = raise.vis
raise.vis 15.1356 GHz
Read 121 visibilities from all files

Baseline 3-4, plot 121 points
1.47432E+01 6.92844E-03
1.47483E+01 6.92843E-03
1.47634E+01 6.92840E-03
1.47885E+01 6.92835E-03
1.48236E+01 6.92828E-03
1.48683E+01 6.92819E-03
1.49225E+01 6.92808E-03
1.49860E+01 6.92796E-03
1.50585E+01 6.92782E-03
1.51396E+01 6.92765E-03
1.52290E+01 6.92747E-03
1.53263E+01 6.92727E-03
1.54311E+01 6.92706E-03
1.55429E+01 6.92682E-03
1.56614E+01 6.92657E-03
1.57859E+01 6.92632E-03
1.59161E+01 6.92604E-03
1.60514E+01 6.92576E-03
1.61914E+01 6.92544E-03
1.63356E+01 6.92513E-03
1.64834E+01 6.92483E-03
1.66344E+01 6.92448E-03
1.67881E+01 6.92415E-03
1.69439E+01 6.92380E-03
1.71015E+01 6.92344E-03
1.72602E+01 6.92308E-03
1.74198E+01 6.92272E-03
1.75796E+01 6.92234E-03
1.77393E+01 6.92198E-03
1.78985E+01 6.92161E-03
1.80567E+01 6.92122E-03
1.82135E+01 6.92086E-03
1.83686E+01 6.92048E-03
1.85215E+01 6.92010E-03
1.86719E+01 6.91974E-03
1.88195E+01 6.91937E-03
1.89639E+01 6.91899E-03
1.91048E+01 6.91864E-03
1.92418E+01 6.91831E-03
1.93748E+01 6.91795E-03
1.95035E+01 6.91765E-03
1.96274E+01 6.91731E-03
1.97465E+01 6.91700E-03
1.98605E+01 6.91672E-03
1.99691E+01 6.91644E-03
2.00722E+01 6.91615E-03
2.01695E+01 6.91590E-03
2.02609E+01 6.91565E-03
2.03462E+01 6.91543E-03
2.04253E+01 6.91524E-03
2.04979E+01 6.91502E-03
2.05640E+01 6.91487E-03
2.06235E+01 6.91468E-03
2.06762E+01 6.91457E-03
2.07221E+01 6.91441E-03
2.07611E+01 6.91434E-03
2.07930E+01 6.91422E-03
2.08180E+01 6.91418E-03
2.08358E+01 6.91411E-03
2.08465E+01 6.91411E-03
2.08501E+01 6.91407E-03
2.08465E+01 6.91411E-03
2.08358E+01 6.91411E-03
2.08180E+01 6.91418E-03
2.07930E+01 6.91422E-03
2.07611E+01 6.91434E-03
2.07221E+01 6.91441E-03
2.06762E+01 6.91457E-03
2.06235E+01 6.91468E-03
2.05641E+01 6.91487E-03
2.04979E+01 6.91502E-03
2.04253E+01 6.91524E-03
2.03462E+01 6.91543E-03
2.02609E+01 6.91565E-03
2.01695E+01 6.91590E-03
2.00722E+01 6.91615E-03
1.99691E+01 6.91644E-03
1.98605E+01 6.91672E-03
1.97465E+01 6.91700E-03
1.96274E+01 6.91731E-03
1.95035E+01 6.91765E-03
1.93748E+01 6.91795E-03
1.92419E+01 6.91831E-03
1.91048E+01 6.91864E-03
1.89639E+01 6.91899E-03
1.88195E+01 6.91937E-03
1.86719E+01 6.91974E-03
1.85215E+01 6.92010E-03
1.83686E+01 6.92048E-03
1.82135E+01 6.92086E-03
1.80567E+01 6.92122E-03
1.78985E+01 6.92161E-03
1.77393E+01 6.92198E-03
1.75796E+01 6.92234E-03
1.74198E+01 6.92272E-03
1.72602E+01 6.92308E-03
1.71015E+01 6.92344E-03
1.69439E+01 6.92380E-03
1.67881E+01 6.92415E-03
1.66344E+01 6.92448E-03
1.64834E+01 6.92483E-03
1.63356E+01 6.92513E-03
1.61915E+01 6.92544E-03
1.60514E+01 6.92576E-03
1.59161E+01 6.92604E-03
1.57859E+01 6.92632E-03
1.56614E+01 6.92657E-03
1.55429E+01 6.92682E-03
1.54311E+01 6.92706E-03
1.53263E+01 6.92727E-03
1.52290E+01 6.92747E-03
1.51396E+01 6.92765E-03
1.50585E+01 6.92782E-03
1.49860E+01 6.92796E-03
1.49225E+01 6.92808E-03
1.48683E+01 6.92819E-03
1.48236E+01 6.92828E-03
1.47885E+01 6.92835E-03
1.47634E+01 6.92840E-03
1.47483E+01 6.92843E-03
1.47432E+01 6.92844E-03
