Will plot unflagged data


File # 1  = raise.vis
raise.vis 15.1356 GHz
Read 121 visibilities from all files

Baseline 3-4, plot 121 points
1.47432E+01 -1.06819E+00
1.47483E+01 -1.08786E+00
1.47634E+01 -1.10674E+00
1.47885E+01 -1.12480E+00
1.48236E+01 -1.14101E+00
1.48683E+01 -1.15739E+00
1.49225E+01 -1.17290E+00
1.49860E+01 -1.18752E+00
1.50585E+01 -1.20226E+00
1.51396E+01 -1.21503E+00
1.52290E+01 -1.22685E+00
1.53263E+01 -1.23873E+00
1.54311E+01 -1.24962E+00
1.55429E+01 -1.25846E+00
1.56614E+01 -1.26731E+00
1.57859E+01 -1.27615E+00
1.59161E+01 -1.28290E+00
1.60514E+01 -1.28962E+00
1.61914E+01 -1.29423E+00
1.63356E+01 -1.29876E+00
1.64834E+01 -1.30317E+00
1.66344E+01 -1.30536E+00
1.67881E+01 -1.30741E+00
1.69439E+01 -1.30826E+00
1.71015E+01 -1.30791E+00
1.72602E+01 -1.30738E+00
1.74198E+01 -1.30564E+00
1.75796E+01 -1.30267E+00
1.77393E+01 -1.29950E+00
1.78985E+01 -1.29510E+00
1.80567E+01 -1.28945E+00
1.82135E+01 -1.28359E+00
1.83686E+01 -1.27647E+00
1.85215E+01 -1.26810E+00
1.86719E+01 -1.25949E+00
1.88195E+01 -1.24963E+00
1.89639E+01 -1.23850E+00
1.91048E+01 -1.22714E+00
1.92418E+01 -1.21554E+00
1.93748E+01 -1.20166E+00
1.95035E+01 -1.18857E+00
1.96274E+01 -1.17320E+00
1.97465E+01 -1.15761E+00
1.98605E+01 -1.14179E+00
1.99691E+01 -1.12473E+00
2.00722E+01 -1.10644E+00
2.01695E+01 -1.08794E+00
2.02609E+01 -1.06821E+00
2.03462E+01 -1.04828E+00
2.04253E+01 -1.02816E+00
2.04979E+01 -1.00582E+00
2.05640E+01 -9.84334E-01
2.06235E+01 -9.60643E-01
2.06762E+01 -9.37844E-01
2.07221E+01 -9.12863E-01
2.07611E+01 -8.88803E-01
2.07930E+01 -8.62592E-01
2.08180E+01 -8.37334E-01
2.08358E+01 -8.09956E-01
2.08465E+01 -7.83566E-01
2.08501E+01 -7.55091E-01
2.08465E+01 -7.27642E-01
2.08358E+01 -6.98147E-01
2.08180E+01 -6.69716E-01
2.07930E+01 -6.39281E-01
2.07611E+01 -6.09952E-01
2.07221E+01 -5.78661E-01
2.06762E+01 -5.48521E-01
2.06235E+01 -5.16466E-01
2.05641E+01 -4.85608E-01
2.04979E+01 -4.52883E-01
2.04253E+01 -4.21402E-01
2.03462E+01 -3.88106E-01
2.02609E+01 -3.55074E-01
2.01695E+01 -3.22333E-01
2.00722E+01 -2.88885E-01
1.99691E+01 -2.55792E-01
1.98605E+01 -2.22059E-01
1.97465E+01 -1.87713E-01
1.96274E+01 -1.53811E-01
1.95035E+01 -1.20386E-01
1.93748E+01 -8.54052E-02
1.92419E+01 -5.19913E-02
1.91048E+01 -1.70819E-02
1.89639E+01 1.72300E-02
1.88195E+01 5.09135E-02
1.86719E+01 8.49691E-02
1.85215E+01 1.19366E-01
1.83686E+01 1.53040E-01
1.82135E+01 1.86992E-01
1.80567E+01 2.21190E-01
1.78985E+01 2.54569E-01
1.77393E+01 2.88130E-01
1.75796E+01 3.21841E-01
1.74198E+01 3.54637E-01
1.72602E+01 3.87519E-01
1.71015E+01 4.20455E-01
1.69439E+01 4.52384E-01
1.67881E+01 4.84306E-01
1.66344E+01 5.16192E-01
1.64834E+01 5.46986E-01
1.63356E+01 5.78717E-01
1.61915E+01 6.09295E-01
1.60514E+01 6.38639E-01
1.59161E+01 6.68768E-01
1.57859E+01 6.97598E-01
1.56614E+01 7.27162E-01
1.55429E+01 7.55371E-01
1.54311E+01 7.82193E-01
1.53263E+01 8.09666E-01
1.52290E+01 8.36727E-01
1.51396E+01 8.62315E-01
1.50585E+01 8.87432E-01
1.49860E+01 9.13083E-01
1.49225E+01 9.37174E-01
1.48683E+01 9.60709E-01
1.48236E+01 9.83664E-01
1.47885E+01 1.00498E+00
1.47634E+01 1.02671E+00
1.47483E+01 1.04778E+00
1.47432E+01 1.06818E+00
