Will plot unflagged data


File # 1  = raise.vis
raise.vis 0.4786 GHz
Read 121 visibilities from all files

Baseline 1-2, plot 121 points
1.72675E-01 -4.67348E-02
1.72734E-01 -4.74234E-02
1.72911E-01 -4.80786E-02
1.73205E-01 -4.86993E-02
1.73616E-01 -5.03104E-02
1.74139E-01 -5.08589E-02
1.74775E-01 -5.13696E-02
1.75519E-01 -5.18415E-02
1.76367E-01 -5.22736E-02
1.77317E-01 -5.36912E-02
1.78365E-01 -5.40406E-02
1.79504E-01 -5.43473E-02
1.80731E-01 -5.46103E-02
1.82041E-01 -5.48287E-02
1.83428E-01 -5.60285E-02
1.84887E-01 -5.61553E-02
1.86412E-01 -5.62351E-02
1.87997E-01 -5.62672E-02
1.89636E-01 -5.62507E-02
1.91325E-01 -5.72123E-02
1.93056E-01 -5.70968E-02
1.94825E-01 -5.69308E-02
1.96624E-01 -5.77413E-02
1.98449E-01 -5.74727E-02
2.00295E-01 -5.71520E-02
2.02154E-01 -5.67787E-02
2.04023E-01 -5.73800E-02
2.05895E-01 -5.69002E-02
2.07766E-01 -5.73943E-02
2.09630E-01 -5.68065E-02
2.11482E-01 -5.61642E-02
2.13319E-01 -5.64952E-02
2.15135E-01 -5.57432E-02
2.16926E-01 -5.59641E-02
2.18688E-01 -5.51017E-02
2.20416E-01 -5.52121E-02
2.22108E-01 -5.42387E-02
2.23758E-01 -5.42382E-02
2.25363E-01 -5.31538E-02
2.26921E-01 -5.30424E-02
2.28427E-01 -5.18471E-02
2.29879E-01 -5.16251E-02
2.31274E-01 -5.03195E-02
2.32609E-01 -4.99874E-02
2.33881E-01 -4.96007E-02
2.35088E-01 -4.81310E-02
2.36228E-01 -4.76358E-02
2.37299E-01 -4.70868E-02
2.38298E-01 -4.64845E-02
2.39224E-01 -4.48004E-02
2.40075E-01 -4.40925E-02
2.40849E-01 -4.33326E-02
2.41546E-01 -4.25212E-02
2.42163E-01 -4.06300E-02
2.42700E-01 -3.97172E-02
2.43157E-01 -3.87547E-02
2.43531E-01 -3.77431E-02
2.43823E-01 -3.66831E-02
2.44032E-01 -3.55754E-02
2.44157E-01 -3.44208E-02
2.44199E-01 -3.32201E-02
2.44157E-01 -3.19741E-02
2.44032E-01 -3.06837E-02
2.43823E-01 -2.93497E-02
2.43531E-01 -2.79730E-02
2.43157E-01 -2.65547E-02
2.42700E-01 -2.50956E-02
2.42163E-01 -2.35968E-02
2.41546E-01 -2.30881E-02
2.40849E-01 -2.15129E-02
2.40075E-01 -1.99012E-02
2.39224E-01 -1.82540E-02
2.38298E-01 -1.76012E-02
2.37299E-01 -1.58866E-02
2.36228E-01 -1.41398E-02
2.35089E-01 -1.23623E-02
2.33881E-01 -1.15839E-02
2.32609E-01 -9.74842E-03
2.31274E-01 -7.88587E-03
2.29879E-01 -7.02602E-03
2.28427E-01 -5.11312E-03
2.26921E-01 -4.20551E-03
2.25363E-01 -2.24751E-03
2.23758E-01 -1.29734E-03
2.22108E-01 7.00390E-04
2.20417E-01 1.68767E-03
2.18688E-01 3.71965E-03
2.16926E-01 4.73848E-03
2.15135E-01 6.79915E-03
2.13319E-01 7.84396E-03
2.11483E-01 9.92767E-03
2.09630E-01 1.09928E-02
2.07766E-01 1.20659E-02
2.05895E-01 1.41734E-02
2.04023E-01 1.52583E-02
2.02154E-01 1.73745E-02
2.00295E-01 1.84652E-02
1.98450E-01 1.95567E-02
1.96624E-01 2.06476E-02
1.94825E-01 2.27638E-02
1.93056E-01 2.38489E-02
1.91325E-01 2.49290E-02
1.89637E-01 2.70299E-02
1.87997E-01 2.80957E-02
1.86412E-01 2.91521E-02
1.84887E-01 3.01979E-02
1.83428E-01 3.12314E-02
1.82041E-01 3.32782E-02
1.80731E-01 3.42831E-02
1.79504E-01 3.52717E-02
1.78365E-01 3.62426E-02
1.77318E-01 3.71943E-02
1.76367E-01 3.91519E-02
1.75519E-01 4.00613E-02
1.74775E-01 4.09476E-02
1.74140E-01 4.18095E-02
1.73616E-01 4.26456E-02
1.73205E-01 4.44805E-02
1.72911E-01 4.52614E-02
1.72734E-01 4.60126E-02
1.72675E-01 4.67332E-02
