Will plot unflagged data


File # 1  = raise.vis
raise.vis 15.1356 GHz
Read 121 visibilities from all files

Baseline 2-5, plot 121 points
9.39198E+01 -1.99957E+01
9.39520E+01 -2.03590E+01
9.40484E+01 -2.07081E+01
9.42085E+01 -2.10435E+01
9.44315E+01 -2.13637E+01
9.47165E+01 -2.16703E+01
9.50621E+01 -2.19618E+01
9.54666E+01 -2.22378E+01
9.59283E+01 -2.24988E+01
9.64451E+01 -2.27435E+01
9.70146E+01 -2.29733E+01
9.76344E+01 -2.31881E+01
9.83019E+01 -2.33862E+01
9.90143E+01 -2.35684E+01
9.97687E+01 -2.37343E+01
1.00562E+02 -2.38847E+01
1.01391E+02 -2.40180E+01
1.02254E+02 -2.41351E+01
1.03145E+02 -2.42355E+01
1.04064E+02 -2.43191E+01
1.05006E+02 -2.43865E+01
1.05967E+02 -2.44364E+01
1.06946E+02 -2.44707E+01
1.07939E+02 -2.44871E+01
1.08943E+02 -2.44875E+01
1.09954E+02 -2.44707E+01
1.10970E+02 -2.44373E+01
1.11989E+02 -2.43872E+01
1.13006E+02 -2.43201E+01
1.14020E+02 -2.42372E+01
1.15028E+02 -2.41374E+01
1.16027E+02 -2.40203E+01
1.17015E+02 -2.38866E+01
1.17989E+02 -2.37379E+01
1.18947E+02 -2.35719E+01
1.19887E+02 -2.33900E+01
1.20807E+02 -2.31919E+01
1.21704E+02 -2.29785E+01
1.22578E+02 -2.27480E+01
1.23425E+02 -2.25037E+01
1.24244E+02 -2.22424E+01
1.25034E+02 -2.19672E+01
1.25793E+02 -2.16762E+01
1.26519E+02 -2.13705E+01
1.27211E+02 -2.10491E+01
1.27867E+02 -2.07153E+01
1.28487E+02 -2.03661E+01
1.29070E+02 -2.00023E+01
1.29613E+02 -1.96262E+01
1.30117E+02 -1.92353E+01
1.30579E+02 -1.88324E+01
1.31001E+02 -1.84168E+01
1.31379E+02 -1.79871E+01
1.31715E+02 -1.75458E+01
1.32008E+02 -1.70933E+01
1.32256E+02 -1.66279E+01
1.32459E+02 -1.61519E+01
1.32618E+02 -1.56644E+01
1.32732E+02 -1.51668E+01
1.32800E+02 -1.46574E+01
1.32823E+02 -1.41395E+01
1.32800E+02 -1.36105E+01
1.32732E+02 -1.30739E+01
1.32618E+02 -1.25268E+01
1.32459E+02 -1.19717E+01
1.32256E+02 -1.14080E+01
1.32008E+02 -1.08373E+01
1.31715E+02 -1.02580E+01
1.31379E+02 -9.67245E+00
1.31001E+02 -9.08101E+00
1.30579E+02 -8.48187E+00
1.30117E+02 -7.87721E+00
1.29613E+02 -7.26826E+00
1.29070E+02 -6.65292E+00
1.28487E+02 -6.03452E+00
1.27867E+02 -5.41130E+00
1.27211E+02 -4.78319E+00
1.26519E+02 -4.15381E+00
1.25793E+02 -3.51952E+00
1.25034E+02 -2.88502E+00
1.24244E+02 -2.24674E+00
1.23425E+02 -1.60833E+00
1.22578E+02 -9.67238E-01
1.21704E+02 -3.27181E-01
1.20807E+02 3.14326E-01
1.19887E+02 9.55130E-01
1.18947E+02 1.59540E+00
1.17989E+02 2.23431E+00
1.17015E+02 2.87275E+00
1.16027E+02 3.50782E+00
1.15028E+02 4.14069E+00
1.14020E+02 4.77144E+00
1.13006E+02 5.39924E+00
1.11989E+02 6.02236E+00
1.10970E+02 6.64172E+00
1.09954E+02 7.25654E+00
1.08943E+02 7.86609E+00
1.07939E+02 8.47076E+00
1.06946E+02 9.06882E+00
1.05967E+02 9.66171E+00
1.05006E+02 1.02469E+01
1.04064E+02 1.08259E+01
1.03146E+02 1.13969E+01
1.02254E+02 1.19605E+01
1.01391E+02 1.25158E+01
1.00562E+02 1.30624E+01
9.97687E+01 1.36007E+01
9.90143E+01 1.41290E+01
9.83019E+01 1.46478E+01
9.76344E+01 1.51564E+01
9.70146E+01 1.56553E+01
9.64451E+01 1.61428E+01
9.59283E+01 1.66185E+01
9.54667E+01 1.70838E+01
9.50621E+01 1.75371E+01
9.47165E+01 1.79788E+01
9.44315E+01 1.84085E+01
9.42085E+01 1.88245E+01
9.40484E+01 1.92284E+01
9.39520E+01 1.96186E+01
9.39198E+01 1.99956E+01
