Will plot unflagged data


File # 1  = raise.vis
raise.vis 15.1356 GHz
Read 121 visibilities from all files

Baseline 2-5, plot 121 points
9.39198E+01 6.47299E-02
9.39520E+01 6.46981E-02
9.40484E+01 6.46037E-02
9.42085E+01 6.44499E-02
9.44315E+01 6.42408E-02
9.47165E+01 6.39833E-02
9.50621E+01 6.36836E-02
9.54666E+01 6.33488E-02
9.59283E+01 6.29873E-02
9.64451E+01 6.26047E-02
9.70146E+01 6.22093E-02
9.76344E+01 6.18066E-02
9.83019E+01 6.13997E-02
9.90143E+01 6.09928E-02
9.97687E+01 6.05883E-02
1.00562E+02 6.01892E-02
1.01391E+02 5.97952E-02
1.02254E+02 5.94082E-02
1.03145E+02 5.90286E-02
1.04064E+02 5.86567E-02
1.05006E+02 5.82941E-02
1.05967E+02 5.79396E-02
1.06946E+02 5.75960E-02
1.07939E+02 5.72611E-02
1.08943E+02 5.69373E-02
1.09954E+02 5.66234E-02
1.10970E+02 5.63202E-02
1.11989E+02 5.60276E-02
1.13006E+02 5.57449E-02
1.14020E+02 5.54736E-02
1.15028E+02 5.52119E-02
1.16027E+02 5.49596E-02
1.17015E+02 5.47169E-02
1.17989E+02 5.44853E-02
1.18947E+02 5.42623E-02
1.19887E+02 5.40492E-02
1.20807E+02 5.38454E-02
1.21704E+02 5.36515E-02
1.22578E+02 5.34658E-02
1.23425E+02 5.32910E-02
1.24244E+02 5.31238E-02
1.25034E+02 5.29669E-02
1.25793E+02 5.28182E-02
1.26519E+02 5.26785E-02
1.27211E+02 5.25465E-02
1.27867E+02 5.24246E-02
1.28487E+02 5.23102E-02
1.29070E+02 5.22035E-02
1.29613E+02 5.21062E-02
1.30117E+02 5.20158E-02
1.30579E+02 5.19343E-02
1.31001E+02 5.18610E-02
1.31379E+02 5.17944E-02
1.31715E+02 5.17363E-02
1.32008E+02 5.16866E-02
1.32256E+02 5.16437E-02
1.32459E+02 5.16092E-02
1.32618E+02 5.15822E-02
1.32732E+02 5.15633E-02
1.32800E+02 5.15510E-02
1.32823E+02 5.15477E-02
1.32800E+02 5.15510E-02
1.32732E+02 5.15633E-02
1.32618E+02 5.15822E-02
1.32459E+02 5.16092E-02
1.32256E+02 5.16437E-02
1.32008E+02 5.16866E-02
1.31715E+02 5.17363E-02
1.31379E+02 5.17944E-02
1.31001E+02 5.18610E-02
1.30579E+02 5.19343E-02
1.30117E+02 5.20158E-02
1.29613E+02 5.21062E-02
1.29070E+02 5.22035E-02
1.28487E+02 5.23102E-02
1.27867E+02 5.24246E-02
1.27211E+02 5.25465E-02
1.26519E+02 5.26785E-02
1.25793E+02 5.28174E-02
1.25034E+02 5.29669E-02
1.24244E+02 5.31238E-02
1.23425E+02 5.32910E-02
1.22578E+02 5.34658E-02
1.21704E+02 5.36515E-02
1.20807E+02 5.38454E-02
1.19887E+02 5.40492E-02
1.18947E+02 5.42623E-02
1.17989E+02 5.44853E-02
1.17015E+02 5.47169E-02
1.16027E+02 5.49596E-02
1.15028E+02 5.52119E-02
1.14020E+02 5.54736E-02
1.13006E+02 5.57450E-02
1.11989E+02 5.60276E-02
1.10970E+02 5.63202E-02
1.09954E+02 5.66234E-02
1.08943E+02 5.69373E-02
1.07939E+02 5.72611E-02
1.06946E+02 5.75960E-02
1.05967E+02 5.79397E-02
1.05006E+02 5.82941E-02
1.04064E+02 5.86567E-02
1.03146E+02 5.90286E-02
1.02254E+02 5.94082E-02
1.01391E+02 5.97952E-02
1.00562E+02 6.01892E-02
9.97687E+01 6.05884E-02
9.90143E+01 6.09928E-02
9.83019E+01 6.13996E-02
9.76344E+01 6.18066E-02
9.70146E+01 6.22093E-02
9.64451E+01 6.26047E-02
9.59283E+01 6.29873E-02
9.54667E+01 6.33488E-02
9.50621E+01 6.36836E-02
9.47165E+01 6.39832E-02
9.44315E+01 6.42408E-02
9.42085E+01 6.44499E-02
9.40484E+01 6.46037E-02
9.39520E+01 6.46981E-02
9.39198E+01 6.47299E-02
