Will plot unflagged data


File # 1  = raise.vis
raise.vis 0.4786 GHz
Read 121 visibilities from all files

Baseline 2-5, plot 121 points
2.97001E+00 0.00000E+00
2.97102E+00 0.00000E+00
2.97407E+00 0.00000E+00
2.97913E+00 0.00000E+00
2.98619E+00 0.00000E+00
2.99520E+00 0.00000E+00
3.00613E+00 0.00000E+00
3.01892E+00 0.00000E+00
3.03352E+00 0.00000E+00
3.04986E+00 0.00000E+00
3.06787E+00 0.00000E+00
3.08747E+00 0.00000E+00
3.10858E+00 0.00000E+00
3.13111E+00 0.00000E+00
3.15496E+00 0.00000E+00
3.18005E+00 0.00000E+00
3.20628E+00 0.00000E+00
3.23354E+00 0.00000E+00
3.26175E+00 0.00000E+00
3.29079E+00 0.00000E+00
3.32057E+00 0.00000E+00
3.35098E+00 0.00000E+00
3.38194E+00 0.00000E+00
3.41333E+00 0.00000E+00
3.44507E+00 0.00000E+00
3.47705E+00 0.00000E+00
3.50919E+00 0.00000E+00
3.54139E+00 0.00000E+00
3.57357E+00 0.00000E+00
3.60563E+00 0.00000E+00
3.63750E+00 0.00000E+00
3.66909E+00 0.00000E+00
3.70033E+00 0.00000E+00
3.73113E+00 0.00000E+00
3.76143E+00 0.00000E+00
3.79116E+00 0.00000E+00
3.82025E+00 0.00000E+00
3.84863E+00 0.00000E+00
3.87625E+00 0.00000E+00
3.90304E+00 0.00000E+00
3.92895E+00 0.00000E+00
3.95392E+00 0.00000E+00
3.97791E+00 0.00000E+00
4.00087E+00 0.00000E+00
4.02276E+00 0.00000E+00
4.04352E+00 0.00000E+00
4.06313E+00 0.00000E+00
4.08154E+00 0.00000E+00
4.09872E+00 0.00000E+00
4.11465E+00 0.00000E+00
4.12928E+00 0.00000E+00
4.14260E+00 0.00000E+00
4.15458E+00 0.00000E+00
4.16520E+00 0.00000E+00
4.17445E+00 0.00000E+00
4.18229E+00 0.00000E+00
4.18873E+00 0.00000E+00
4.19375E+00 0.00000E+00
4.19735E+00 0.00000E+00
4.19950E+00 0.00000E+00
4.20022E+00 0.00000E+00
4.19950E+00 0.00000E+00
4.19735E+00 0.00000E+00
4.19375E+00 0.00000E+00
4.18873E+00 0.00000E+00
4.18229E+00 0.00000E+00
4.17445E+00 0.00000E+00
4.16520E+00 0.00000E+00
4.15458E+00 0.00000E+00
4.14260E+00 0.00000E+00
4.12928E+00 0.00000E+00
4.11465E+00 0.00000E+00
4.09873E+00 0.00000E+00
4.08154E+00 0.00000E+00
4.06313E+00 0.00000E+00
4.04352E+00 0.00000E+00
4.02276E+00 0.00000E+00
4.00088E+00 0.00000E+00
3.97792E+00 0.00000E+00
3.95392E+00 0.00000E+00
3.92895E+00 0.00000E+00
3.90304E+00 0.00000E+00
3.87625E+00 0.00000E+00
3.84863E+00 0.00000E+00
3.82025E+00 0.00000E+00
3.79116E+00 0.00000E+00
3.76144E+00 0.00000E+00
3.73113E+00 0.00000E+00
3.70033E+00 0.00000E+00
3.66909E+00 0.00000E+00
3.63750E+00 0.00000E+00
3.60563E+00 0.00000E+00
3.57357E+00 0.00000E+00
3.54139E+00 0.00000E+00
3.50919E+00 0.00000E+00
3.47705E+00 0.00000E+00
3.44507E+00 0.00000E+00
3.41333E+00 0.00000E+00
3.38194E+00 0.00000E+00
3.35099E+00 0.00000E+00
3.32057E+00 0.00000E+00
3.29079E+00 0.00000E+00
3.26175E+00 0.00000E+00
3.23355E+00 0.00000E+00
3.20628E+00 0.00000E+00
3.18005E+00 0.00000E+00
3.15496E+00 0.00000E+00
3.13111E+00 0.00000E+00
3.10858E+00 0.00000E+00
3.08747E+00 0.00000E+00
3.06787E+00 0.00000E+00
3.04986E+00 0.00000E+00
3.03352E+00 0.00000E+00
3.01892E+00 0.00000E+00
3.00613E+00 0.00000E+00
2.99520E+00 0.00000E+00
2.98619E+00 0.00000E+00
2.97913E+00 0.00000E+00
2.97407E+00 0.00000E+00
2.97102E+00 0.00000E+00
2.97001E+00 0.00000E+00
