Will plot unflagged data


File # 1  = raise.vis
raise.vis 0.4786 GHz
Read 121 visibilities from all files

Baseline 3-5, plot 121 points
1.19146E+00 7.50683E-01
1.19186E+00 7.54838E-01
1.19309E+00 7.58993E-01
1.19512E+00 7.63148E-01
1.19795E+00 7.67304E-01
1.20156E+00 7.71459E-01
1.20595E+00 7.75614E-01
1.21108E+00 7.79770E-01
1.21693E+00 7.83925E-01
1.22349E+00 7.88080E-01
1.23072E+00 7.92235E-01
1.23858E+00 7.96391E-01
1.24705E+00 8.00546E-01
1.25608E+00 8.04701E-01
1.26565E+00 8.08857E-01
1.27572E+00 8.13012E-01
1.28624E+00 8.17167E-01
1.29718E+00 8.21322E-01
1.30849E+00 8.25478E-01
1.32014E+00 8.29633E-01
1.33209E+00 8.33788E-01
1.34429E+00 8.37944E-01
1.35671E+00 8.42099E-01
1.36930E+00 8.46254E-01
1.38203E+00 8.50409E-01
1.39486E+00 8.54565E-01
1.40776E+00 8.58720E-01
1.42067E+00 8.62875E-01
1.43358E+00 8.67031E-01
1.44644E+00 8.71186E-01
1.45923E+00 8.75341E-01
1.47190E+00 8.79496E-01
1.48443E+00 8.83652E-01
1.49679E+00 8.87807E-01
1.50895E+00 8.91962E-01
1.52087E+00 8.96118E-01
1.53254E+00 9.00273E-01
1.54393E+00 9.04428E-01
1.55501E+00 9.08583E-01
1.56575E+00 9.12739E-01
1.57615E+00 9.16894E-01
1.58617E+00 9.21049E-01
1.59579E+00 9.25205E-01
1.60500E+00 9.29360E-01
1.61378E+00 9.33515E-01
1.62211E+00 9.37670E-01
1.62998E+00 9.41826E-01
1.63736E+00 9.45981E-01
1.64426E+00 9.50136E-01
1.65064E+00 9.54292E-01
1.65651E+00 9.58447E-01
1.66186E+00 9.62602E-01
1.66666E+00 9.66758E-01
1.67093E+00 9.70913E-01
1.67463E+00 9.75068E-01
1.67778E+00 9.79223E-01
1.68036E+00 9.83379E-01
1.68238E+00 9.87534E-01
1.68382E+00 9.91689E-01
1.68468E+00 9.95845E-01
1.68497E+00 1.00000E+00
1.68468E+00 1.00416E+00
1.68382E+00 1.00831E+00
1.68238E+00 1.01247E+00
1.68036E+00 1.01662E+00
1.67778E+00 1.02078E+00
1.67463E+00 1.02493E+00
1.67093E+00 1.02909E+00
1.66666E+00 1.03324E+00
1.66186E+00 1.03740E+00
1.65652E+00 1.04155E+00
1.65064E+00 1.04571E+00
1.64426E+00 1.04986E+00
1.63736E+00 1.05402E+00
1.62998E+00 1.05817E+00
1.62211E+00 1.06233E+00
1.61378E+00 1.06648E+00
1.60500E+00 1.07064E+00
1.59579E+00 1.07480E+00
1.58617E+00 1.07895E+00
1.57615E+00 1.08311E+00
1.56575E+00 1.08726E+00
1.55501E+00 1.09142E+00
1.54393E+00 1.09557E+00
1.53254E+00 1.09973E+00
1.52087E+00 1.10388E+00
1.50895E+00 1.10804E+00
1.49679E+00 1.11219E+00
1.48443E+00 1.11635E+00
1.47190E+00 1.12050E+00
1.45923E+00 1.12466E+00
1.44645E+00 1.12881E+00
1.43358E+00 1.13297E+00
1.42068E+00 1.13712E+00
1.40776E+00 1.14128E+00
1.39486E+00 1.14543E+00
1.38203E+00 1.14959E+00
1.36930E+00 1.15375E+00
1.35671E+00 1.15790E+00
1.34429E+00 1.16206E+00
1.33209E+00 1.16621E+00
1.32014E+00 1.17037E+00
1.30849E+00 1.17452E+00
1.29718E+00 1.17868E+00
1.28624E+00 1.18283E+00
1.27572E+00 1.18699E+00
1.26565E+00 1.19114E+00
1.25608E+00 1.19530E+00
1.24705E+00 1.19945E+00
1.23858E+00 1.20361E+00
1.23072E+00 1.20776E+00
1.22349E+00 1.21192E+00
1.21694E+00 1.21607E+00
1.21108E+00 1.22023E+00
1.20595E+00 1.22439E+00
1.20156E+00 1.22854E+00
1.19795E+00 1.23270E+00
1.19512E+00 1.23685E+00
1.19309E+00 1.24101E+00
1.19186E+00 1.24516E+00
1.19146E+00 1.24932E+00
