Will plot unflagged data


File # 1  = raise.vis
raise.vis 4.7863 GHz
Read 121 visibilities from all files

Baseline 2-3, plot 121 points
1.77855E+01 1.25697E+00
1.77916E+01 1.25674E+00
1.78098E+01 1.25603E+00
1.78402E+01 1.25488E+00
1.78824E+01 1.25328E+00
1.79364E+01 1.25129E+00
1.80018E+01 1.24893E+00
1.80784E+01 1.24625E+00
1.81658E+01 1.24330E+00
1.82637E+01 1.24009E+00
1.83715E+01 1.23671E+00
1.84889E+01 1.23313E+00
1.86153E+01 1.22945E+00
1.87502E+01 1.22568E+00
1.88931E+01 1.22185E+00
1.90433E+01 1.21799E+00
1.92004E+01 1.21410E+00
1.93637E+01 1.21019E+00
1.95326E+01 1.20629E+00
1.97065E+01 1.20242E+00
1.98848E+01 1.19858E+00
2.00669E+01 1.19477E+00
2.02523E+01 1.19102E+00
2.04403E+01 1.18730E+00
2.06303E+01 1.18363E+00
2.08219E+01 1.18005E+00
2.10143E+01 1.17651E+00
2.12072E+01 1.17307E+00
2.13998E+01 1.16970E+00
2.15919E+01 1.16638E+00
2.17827E+01 1.16319E+00
2.19719E+01 1.16008E+00
2.21589E+01 1.15705E+00
2.23434E+01 1.15412E+00
2.25249E+01 1.15130E+00
2.27029E+01 1.14857E+00
2.28771E+01 1.14594E+00
2.30470E+01 1.14340E+00
2.32124E+01 1.14098E+00
2.33728E+01 1.13866E+00
2.35280E+01 1.13644E+00
2.36776E+01 1.13435E+00
2.38212E+01 1.13235E+00
2.39587E+01 1.13048E+00
2.40898E+01 1.12868E+00
2.42141E+01 1.12698E+00
2.43315E+01 1.12542E+00
2.44418E+01 1.12396E+00
2.45447E+01 1.12259E+00
2.46400E+01 1.12136E+00
2.47277E+01 1.12021E+00
2.48074E+01 1.11917E+00
2.48792E+01 1.11825E+00
2.49428E+01 1.11744E+00
2.49981E+01 1.11672E+00
2.50451E+01 1.11614E+00
2.50837E+01 1.11564E+00
2.51138E+01 1.11525E+00
2.51353E+01 1.11497E+00
2.51482E+01 1.11481E+00
2.51525E+01 1.11478E+00
2.51482E+01 1.11481E+00
2.51353E+01 1.11497E+00
2.51138E+01 1.11525E+00
2.50837E+01 1.11564E+00
2.50451E+01 1.11614E+00
2.49981E+01 1.11672E+00
2.49428E+01 1.11744E+00
2.48792E+01 1.11825E+00
2.48075E+01 1.11917E+00
2.47277E+01 1.12021E+00
2.46400E+01 1.12136E+00
2.45447E+01 1.12259E+00
2.44418E+01 1.12396E+00
2.43315E+01 1.12542E+00
2.42141E+01 1.12698E+00
2.40898E+01 1.12868E+00
2.39587E+01 1.13048E+00
2.38212E+01 1.13235E+00
2.36776E+01 1.13435E+00
2.35280E+01 1.13644E+00
2.33729E+01 1.13866E+00
2.32124E+01 1.14098E+00
2.30470E+01 1.14340E+00
2.28771E+01 1.14594E+00
2.27029E+01 1.14857E+00
2.25249E+01 1.15130E+00
2.23434E+01 1.15412E+00
2.21589E+01 1.15705E+00
2.19719E+01 1.16008E+00
2.17827E+01 1.16319E+00
2.15919E+01 1.16638E+00
2.13999E+01 1.16970E+00
2.12072E+01 1.17304E+00
2.10143E+01 1.17652E+00
2.08219E+01 1.18005E+00
2.06304E+01 1.18363E+00
2.04403E+01 1.18730E+00
2.02523E+01 1.19102E+00
2.00669E+01 1.19477E+00
1.98848E+01 1.19858E+00
1.97065E+01 1.20242E+00
1.95326E+01 1.20629E+00
1.93637E+01 1.21019E+00
1.92004E+01 1.21410E+00
1.90433E+01 1.21799E+00
1.88931E+01 1.22185E+00
1.87502E+01 1.22568E+00
1.86153E+01 1.22945E+00
1.84889E+01 1.23313E+00
1.83716E+01 1.23671E+00
1.82637E+01 1.24009E+00
1.81658E+01 1.24330E+00
1.80784E+01 1.24625E+00
1.80018E+01 1.24893E+00
1.79364E+01 1.25129E+00
1.78824E+01 1.25328E+00
1.78402E+01 1.25488E+00
1.78098E+01 1.25603E+00
1.77916E+01 1.25674E+00
1.77855E+01 1.25697E+00
