Will plot unflagged data


File # 1  = raise.vis
raise.vis 4.7863 GHz
Read 121 visibilities from all files

Baseline 2-3, plot 121 points
1.77855E+01 -8.36828E+00
1.77916E+01 -8.52061E+00
1.78098E+01 -8.66676E+00
1.78402E+01 -8.80719E+00
1.78824E+01 -8.94076E+00
1.79364E+01 -9.06936E+00
1.80018E+01 -9.19068E+00
1.80784E+01 -9.30653E+00
1.81658E+01 -9.41600E+00
1.82637E+01 -9.51818E+00
1.83715E+01 -9.61524E+00
1.84889E+01 -9.70423E+00
1.86153E+01 -9.78698E+00
1.87502E+01 -9.86331E+00
1.88931E+01 -9.93292E+00
1.90433E+01 -9.99618E+00
1.92004E+01 -1.00519E+01
1.93637E+01 -1.01006E+01
1.95326E+01 -1.01421E+01
1.97065E+01 -1.01774E+01
1.98848E+01 -1.02056E+01
2.00669E+01 -1.02266E+01
2.02523E+01 -1.02411E+01
2.04403E+01 -1.02480E+01
2.06303E+01 -1.02476E+01
2.08219E+01 -1.02413E+01
2.10143E+01 -1.02271E+01
2.12072E+01 -1.02067E+01
2.13998E+01 -1.01789E+01
2.15919E+01 -1.01431E+01
2.17827E+01 -1.01017E+01
2.19719E+01 -1.00530E+01
2.21589E+01 -9.99714E+00
2.23434E+01 -9.93449E+00
2.25249E+01 -9.86546E+00
2.27029E+01 -9.78933E+00
2.28771E+01 -9.70620E+00
2.30470E+01 -9.61635E+00
2.32124E+01 -9.52000E+00
2.33728E+01 -9.41753E+00
2.35280E+01 -9.30812E+00
2.36776E+01 -9.19301E+00
2.38212E+01 -9.07137E+00
2.39587E+01 -8.94403E+00
2.40898E+01 -8.80976E+00
2.42141E+01 -8.66880E+00
2.43315E+01 -8.52333E+00
2.44418E+01 -8.37141E+00
2.45447E+01 -8.21319E+00
2.46400E+01 -8.05060E+00
2.47277E+01 -7.88158E+00
2.48074E+01 -7.70731E+00
2.48792E+01 -7.52793E+00
2.49428E+01 -7.34354E+00
2.49981E+01 -7.15325E+00
2.50451E+01 -6.95921E+00
2.50837E+01 -6.75949E+00
2.51138E+01 -6.55525E+00
2.51353E+01 -6.34659E+00
2.51482E+01 -6.13366E+00
2.51525E+01 -5.91763E+00
2.51482E+01 -5.69555E+00
2.51353E+01 -5.47067E+00
2.51138E+01 -5.24211E+00
2.50837E+01 -5.01005E+00
2.50451E+01 -4.77466E+00
2.49981E+01 -4.53508E+00
2.49428E+01 -4.29355E+00
2.48792E+01 -4.04820E+00
2.48075E+01 -3.80024E+00
2.47277E+01 -3.54984E+00
2.46400E+01 -3.29717E+00
2.45447E+01 -3.04131E+00
2.44418E+01 -2.78463E+00
2.43315E+01 -2.52549E+00
2.42141E+01 -2.26400E+00
2.40898E+01 -2.00240E+00
2.39587E+01 -1.73876E+00
2.38212E+01 -1.47313E+00
2.36776E+01 -1.20702E+00
2.35280E+01 -9.39852E-01
2.33729E+01 -6.72704E-01
2.32124E+01 -4.04622E-01
2.30470E+01 -1.36671E-01
2.28771E+01 1.31291E-01
2.27029E+01 3.99236E-01
2.25249E+01 6.67190E-01
2.23434E+01 9.35020E-01
2.21589E+01 1.20180E+00
2.19719E+01 1.46765E+00
2.17827E+01 1.73279E+00
2.15919E+01 1.99720E+00
2.13999E+01 2.25878E+00
2.12072E+01 2.52093E+00
2.10143E+01 2.77959E+00
2.08219E+01 3.03666E+00
2.06304E+01 3.29253E+00
2.04403E+01 3.54507E+00
2.02523E+01 3.79533E+00
2.00669E+01 4.04363E+00
1.98848E+01 4.28870E+00
1.97065E+01 4.53100E+00
1.95326E+01 4.77022E+00
1.93637E+01 5.00556E+00
1.92004E+01 5.23769E+00
1.90433E+01 5.46636E+00
1.88931E+01 5.69199E+00
1.87502E+01 5.91325E+00
1.86153E+01 6.13041E+00
1.84889E+01 6.34310E+00
1.83716E+01 6.55102E+00
1.82637E+01 6.75593E+00
1.81658E+01 6.95481E+00
1.80784E+01 7.14976E+00
1.80018E+01 7.33981E+00
1.79364E+01 7.52400E+00
1.78824E+01 7.70410E+00
1.78402E+01 7.87776E+00
1.78098E+01 8.04685E+00
1.77916E+01 8.21020E+00
1.77855E+01 8.36826E+00
