Will plot unflagged data


File # 1  = raise.vis
raise.vis 15.1356 GHz
Read 121 visibilities from all files

Baseline 4-5, plot 121 points
2.29339E+01 -2.80771E+00
2.29418E+01 -2.85929E+00
2.29653E+01 -2.90767E+00
2.30044E+01 -2.95496E+00
2.30589E+01 -3.00010E+00
2.31285E+01 -3.04307E+00
2.32128E+01 -3.08385E+00
2.33116E+01 -3.12248E+00
2.34244E+01 -3.15968E+00
2.35505E+01 -3.19326E+00
2.36896E+01 -3.22634E+00
2.38410E+01 -3.25582E+00
2.40039E+01 -3.28374E+00
2.41779E+01 -3.30907E+00
2.43621E+01 -3.33287E+00
2.45559E+01 -3.35384E+00
2.47584E+01 -3.37288E+00
2.49689E+01 -3.38900E+00
2.51867E+01 -3.40324E+00
2.54109E+01 -3.41454E+00
2.56409E+01 -3.42393E+00
2.58758E+01 -3.43142E+00
2.61148E+01 -3.43596E+00
2.63572E+01 -3.43830E+00
2.66023E+01 -3.43846E+00
2.68492E+01 -3.43646E+00
2.70974E+01 -3.43127E+00
2.73461E+01 -3.42391E+00
2.75945E+01 -3.41439E+00
2.78421E+01 -3.40270E+00
2.80882E+01 -3.38887E+00
2.83321E+01 -3.37280E+00
2.85733E+01 -3.35436E+00
2.88112E+01 -3.33359E+00
2.90452E+01 -3.30947E+00
2.92747E+01 -3.28408E+00
2.94994E+01 -3.25639E+00
2.97185E+01 -3.22641E+00
2.99318E+01 -3.19414E+00
3.01386E+01 -3.15960E+00
3.03387E+01 -3.12280E+00
3.05316E+01 -3.08478E+00
3.07168E+01 -3.04350E+00
3.08941E+01 -3.00094E+00
3.10631E+01 -2.95609E+00
3.12234E+01 -2.90897E+00
3.13748E+01 -2.85961E+00
3.15170E+01 -2.80908E+00
3.16497E+01 -2.75637E+00
3.17727E+01 -2.70150E+00
3.18857E+01 -2.64452E+00
3.19885E+01 -2.58647E+00
3.20810E+01 -2.52532E+00
3.21630E+01 -2.46421E+00
3.22344E+01 -2.40008E+00
3.22950E+01 -2.33502E+00
3.23447E+01 -2.26805E+00
3.23835E+01 -2.19920E+00
3.24112E+01 -2.12955E+00
3.24279E+01 -2.05812E+00
3.24335E+01 -1.98495E+00
3.24279E+01 -1.91113E+00
3.24112E+01 -1.83567E+00
3.23835E+01 -1.75862E+00
3.23447E+01 -1.68108E+00
3.22950E+01 -1.60206E+00
3.22344E+01 -1.52163E+00
3.21631E+01 -1.44088E+00
3.20810E+01 -1.35781E+00
3.19885E+01 -1.27557E+00
3.18857E+01 -1.19114E+00
3.17727E+01 -1.10664E+00
3.16497E+01 -1.02111E+00
3.15170E+01 -9.34616E-01
3.13748E+01 -8.47226E-01
3.12234E+01 -7.60040E-01
3.10631E+01 -6.72090E-01
3.08941E+01 -5.83442E-01
3.07168E+01 -4.94156E-01
3.05316E+01 -4.05333E-01
3.03387E+01 -3.15086E-01
3.01387E+01 -2.25551E-01
2.99318E+01 -1.35766E-01
2.97185E+01 -4.58040E-02
2.94994E+01 4.42653E-02
2.92748E+01 1.34367E-01
2.90452E+01 2.24424E-01
2.88112E+01 3.13330E-01
2.85733E+01 4.03084E-01
2.83321E+01 4.92597E-01
2.80882E+01 5.81831E-01
2.78421E+01 6.70585E-01
2.75945E+01 7.58684E-01
2.73461E+01 8.46085E-01
2.70974E+01 9.32728E-01
2.68493E+01 1.01855E+00
2.66023E+01 1.10451E+00
2.63572E+01 1.18951E+00
2.61148E+01 1.27352E+00
2.58758E+01 1.35651E+00
2.56409E+01 1.43917E+00
2.54110E+01 1.52039E+00
2.51867E+01 1.60013E+00
2.49689E+01 1.67939E+00
2.47584E+01 1.75706E+00
2.45559E+01 1.83414E+00
2.43621E+01 1.90957E+00
2.41779E+01 1.98426E+00
2.40040E+01 2.05684E+00
2.38410E+01 2.12835E+00
2.36896E+01 2.19774E+00
2.35505E+01 2.26701E+00
2.34244E+01 2.33303E+00
2.33116E+01 2.39891E+00
2.32128E+01 2.46244E+00
2.31285E+01 2.52432E+00
2.30589E+01 2.58456E+00
2.30044E+01 2.64315E+00
2.29653E+01 2.70005E+00
2.29418E+01 2.75421E+00
2.29339E+01 2.80771E+00
