Will plot unflagged data


File # 1  = raise.vis
raise.vis 15.1356 GHz
Read 121 visibilities from all files

Baseline 4-5, plot 121 points
2.29339E+01 3.38220E-02
2.29418E+01 3.38216E-02
2.29653E+01 3.38202E-02
2.30044E+01 3.38179E-02
2.30589E+01 3.38148E-02
2.31285E+01 3.38107E-02
2.32128E+01 3.38057E-02
2.33116E+01 3.37999E-02
2.34244E+01 3.37934E-02
2.35505E+01 3.37859E-02
2.36896E+01 3.37778E-02
2.38410E+01 3.37687E-02
2.40039E+01 3.37590E-02
2.41779E+01 3.37486E-02
2.43621E+01 3.37377E-02
2.45559E+01 3.37261E-02
2.47584E+01 3.37140E-02
2.49689E+01 3.37012E-02
2.51867E+01 3.36881E-02
2.54109E+01 3.36743E-02
2.56409E+01 3.36603E-02
2.58758E+01 3.36460E-02
2.61148E+01 3.36313E-02
2.63572E+01 3.36163E-02
2.66023E+01 3.36013E-02
2.68492E+01 3.35861E-02
2.70974E+01 3.35705E-02
2.73461E+01 3.35548E-02
2.75945E+01 3.35392E-02
2.78421E+01 3.35237E-02
2.80882E+01 3.35084E-02
2.83321E+01 3.34931E-02
2.85733E+01 3.34780E-02
2.88112E+01 3.34631E-02
2.90452E+01 3.34479E-02
2.92747E+01 3.34334E-02
2.94994E+01 3.34192E-02
2.97185E+01 3.34052E-02
2.99318E+01 3.33916E-02
3.01386E+01 3.33783E-02
3.03387E+01 3.33654E-02
3.05316E+01 3.33534E-02
3.07168E+01 3.33414E-02
3.08941E+01 3.33302E-02
3.10631E+01 3.33194E-02
3.12234E+01 3.33090E-02
3.13748E+01 3.32991E-02
3.15170E+01 3.32902E-02
3.16497E+01 3.32818E-02
3.17727E+01 3.32738E-02
3.18857E+01 3.32664E-02
3.19885E+01 3.32599E-02
3.20810E+01 3.32535E-02
3.21630E+01 3.32487E-02
3.22344E+01 3.32438E-02
3.22950E+01 3.32400E-02
3.23447E+01 3.32368E-02
3.23835E+01 3.32340E-02
3.24112E+01 3.32324E-02
3.24279E+01 3.32313E-02
3.24335E+01 3.32308E-02
3.24279E+01 3.32313E-02
3.24112E+01 3.32324E-02
3.23835E+01 3.32340E-02
3.23447E+01 3.32368E-02
3.22950E+01 3.32400E-02
3.22344E+01 3.32438E-02
3.21631E+01 3.32487E-02
3.20810E+01 3.32535E-02
3.19885E+01 3.32599E-02
3.18857E+01 3.32664E-02
3.17727E+01 3.32738E-02
3.16497E+01 3.32818E-02
3.15170E+01 3.32902E-02
3.13748E+01 3.32991E-02
3.12234E+01 3.33090E-02
3.10631E+01 3.33194E-02
3.08941E+01 3.33302E-02
3.07168E+01 3.33413E-02
3.05316E+01 3.33534E-02
3.03387E+01 3.33654E-02
3.01387E+01 3.33783E-02
2.99318E+01 3.33916E-02
2.97185E+01 3.34052E-02
2.94994E+01 3.34192E-02
2.92748E+01 3.34334E-02
2.90452E+01 3.34479E-02
2.88112E+01 3.34631E-02
2.85733E+01 3.34780E-02
2.83321E+01 3.34931E-02
2.80882E+01 3.35084E-02
2.78421E+01 3.35237E-02
2.75945E+01 3.35392E-02
2.73461E+01 3.35548E-02
2.70974E+01 3.35705E-02
2.68493E+01 3.35861E-02
2.66023E+01 3.36013E-02
2.63572E+01 3.36163E-02
2.61148E+01 3.36313E-02
2.58758E+01 3.36460E-02
2.56409E+01 3.36603E-02
2.54110E+01 3.36743E-02
2.51867E+01 3.36881E-02
2.49689E+01 3.37012E-02
2.47584E+01 3.37140E-02
2.45559E+01 3.37261E-02
2.43621E+01 3.37377E-02
2.41779E+01 3.37486E-02
2.40040E+01 3.37590E-02
2.38410E+01 3.37687E-02
2.36896E+01 3.37778E-02
2.35505E+01 3.37858E-02
2.34244E+01 3.37934E-02
2.33116E+01 3.37999E-02
2.32128E+01 3.38057E-02
2.31285E+01 3.38107E-02
2.30589E+01 3.38148E-02
2.30044E+01 3.38180E-02
2.29653E+01 3.38202E-02
2.29418E+01 3.38216E-02
2.29339E+01 3.38220E-02
