Will plot unflagged data


File # 1  = raise.vis
raise.vis 15.1356 GHz
Read 121 visibilities from all files

Baseline 4-5, plot 121 points
2.29339E+01 5.13277E-01
2.29418E+01 5.13168E-01
2.29653E+01 5.12843E-01
2.30044E+01 5.12307E-01
2.30589E+01 5.11573E-01
2.31285E+01 5.10654E-01
2.32128E+01 5.09564E-01
2.33116E+01 5.08322E-01
2.34244E+01 5.06951E-01
2.35505E+01 5.05468E-01
2.36896E+01 5.03899E-01
2.38410E+01 5.02249E-01
2.40039E+01 5.00545E-01
2.41779E+01 4.98810E-01
2.43621E+01 4.97039E-01
2.45559E+01 4.95262E-01
2.47584E+01 4.93476E-01
2.49689E+01 4.91700E-01
2.51867E+01 4.89927E-01
2.54109E+01 4.88182E-01
2.56409E+01 4.86448E-01
2.58758E+01 4.84735E-01
2.61148E+01 4.83045E-01
2.63572E+01 4.81390E-01
2.66023E+01 4.79759E-01
2.68492E+01 4.78165E-01
2.70974E+01 4.76585E-01
2.73461E+01 4.75053E-01
2.75945E+01 4.73559E-01
2.78421E+01 4.72099E-01
2.80882E+01 4.70676E-01
2.83321E+01 4.69293E-01
2.85733E+01 4.67949E-01
2.88112E+01 4.66648E-01
2.90452E+01 4.65392E-01
2.92747E+01 4.64186E-01
2.94994E+01 4.63032E-01
2.97185E+01 4.61914E-01
2.99318E+01 4.60845E-01
3.01386E+01 4.59828E-01
3.03387E+01 4.58855E-01
3.05316E+01 4.57930E-01
3.07168E+01 4.57056E-01
3.08941E+01 4.56223E-01
3.10631E+01 4.55443E-01
3.12234E+01 4.54708E-01
3.13748E+01 4.54032E-01
3.15170E+01 4.53395E-01
3.16497E+01 4.52798E-01
3.17727E+01 4.52260E-01
3.18857E+01 4.51763E-01
3.19885E+01 4.51324E-01
3.20810E+01 4.50922E-01
3.21630E+01 4.50567E-01
3.22344E+01 4.50259E-01
3.22950E+01 4.49998E-01
3.23447E+01 4.49794E-01
3.23835E+01 4.49626E-01
3.24112E+01 4.49506E-01
3.24279E+01 4.49441E-01
3.24335E+01 4.49413E-01
3.24279E+01 4.49441E-01
3.24112E+01 4.49506E-01
3.23835E+01 4.49626E-01
3.23447E+01 4.49794E-01
3.22950E+01 4.49998E-01
3.22344E+01 4.50259E-01
3.21631E+01 4.50567E-01
3.20810E+01 4.50922E-01
3.19885E+01 4.51324E-01
3.18857E+01 4.51763E-01
3.17727E+01 4.52260E-01
3.16497E+01 4.52798E-01
3.15170E+01 4.53395E-01
3.13748E+01 4.54032E-01
3.12234E+01 4.54708E-01
3.10631E+01 4.55444E-01
3.08941E+01 4.56223E-01
3.07168E+01 4.57056E-01
3.05316E+01 4.57930E-01
3.03387E+01 4.58855E-01
3.01387E+01 4.59828E-01
2.99318E+01 4.60845E-01
2.97185E+01 4.61914E-01
2.94994E+01 4.63032E-01
2.92748E+01 4.64186E-01
2.90452E+01 4.65392E-01
2.88112E+01 4.66648E-01
2.85733E+01 4.67949E-01
2.83321E+01 4.69293E-01
2.80882E+01 4.70676E-01
2.78421E+01 4.72099E-01
2.75945E+01 4.73559E-01
2.73461E+01 4.75053E-01
2.70974E+01 4.76585E-01
2.68493E+01 4.78165E-01
2.66023E+01 4.79759E-01
2.63572E+01 4.81390E-01
2.61148E+01 4.83045E-01
2.58758E+01 4.84735E-01
2.56409E+01 4.86448E-01
2.54110E+01 4.88182E-01
2.51867E+01 4.89927E-01
2.49689E+01 4.91700E-01
2.47584E+01 4.93476E-01
2.45559E+01 4.95262E-01
2.43621E+01 4.97039E-01
2.41779E+01 4.98810E-01
2.40040E+01 5.00545E-01
2.38410E+01 5.02249E-01
2.36896E+01 5.03890E-01
2.35505E+01 5.05468E-01
2.34244E+01 5.06951E-01
2.33116E+01 5.08322E-01
2.32128E+01 5.09564E-01
2.31285E+01 5.10654E-01
2.30589E+01 5.11573E-01
2.30044E+01 5.12307E-01
2.29653E+01 5.12843E-01
2.29418E+01 5.13168E-01
2.29339E+01 5.13277E-01
