Will plot unflagged data


File # 1  = raise.vis
raise.vis 15.1356 GHz
Read 121 visibilities from all files

Baseline 4-5, plot 121 points
2.29339E+01 -1.07907E+01
2.29418E+01 -1.09864E+01
2.29653E+01 -1.11757E+01
2.30044E+01 -1.13556E+01
2.30589E+01 -1.15289E+01
2.31285E+01 -1.16942E+01
2.32128E+01 -1.18513E+01
2.33116E+01 -1.20001E+01
2.34244E+01 -1.21410E+01
2.35505E+01 -1.22735E+01
2.36896E+01 -1.23982E+01
2.38410E+01 -1.25135E+01
2.40039E+01 -1.26203E+01
2.41779E+01 -1.27194E+01
2.43621E+01 -1.28085E+01
2.45559E+01 -1.28895E+01
2.47584E+01 -1.29613E+01
2.49689E+01 -1.30246E+01
2.51867E+01 -1.30784E+01
2.54109E+01 -1.31243E+01
2.56409E+01 -1.31604E+01
2.58758E+01 -1.31874E+01
2.61148E+01 -1.32052E+01
2.63572E+01 -1.32147E+01
2.66023E+01 -1.32147E+01
2.68492E+01 -1.32063E+01
2.70974E+01 -1.31872E+01
2.73461E+01 -1.31603E+01
2.75945E+01 -1.31248E+01
2.78421E+01 -1.30799E+01
2.80882E+01 -1.30258E+01
2.83321E+01 -1.29628E+01
2.85733E+01 -1.28908E+01
2.88112E+01 -1.28097E+01
2.90452E+01 -1.27200E+01
2.92747E+01 -1.26220E+01
2.94994E+01 -1.25160E+01
2.97185E+01 -1.24003E+01
2.99318E+01 -1.22763E+01
3.01386E+01 -1.21442E+01
3.03387E+01 -1.20035E+01
3.05316E+01 -1.18545E+01
3.07168E+01 -1.16978E+01
3.08941E+01 -1.15323E+01
3.10631E+01 -1.13594E+01
3.12234E+01 -1.11784E+01
3.13748E+01 -1.09909E+01
3.15170E+01 -1.07950E+01
3.16497E+01 -1.05908E+01
3.17727E+01 -1.03807E+01
3.18857E+01 -1.01627E+01
3.19885E+01 -9.93894E+00
3.20810E+01 -9.70727E+00
3.21630E+01 -9.46893E+00
3.22344E+01 -9.22409E+00
3.22950E+01 -8.97292E+00
3.23447E+01 -8.71662E+00
3.23835E+01 -8.45328E+00
3.24112E+01 -8.18410E+00
3.24279E+01 -7.91028E+00
3.24335E+01 -7.62995E+00
3.24279E+01 -7.34535E+00
3.24112E+01 -7.05462E+00
3.23835E+01 -6.76003E+00
3.23447E+01 -6.46076E+00
3.22950E+01 -6.15600E+00
3.22344E+01 -5.84803E+00
3.21631E+01 -5.53604E+00
3.20810E+01 -5.22027E+00
3.19885E+01 -4.90088E+00
3.18857E+01 -4.57701E+00
3.17727E+01 -4.25124E+00
3.16497E+01 -3.92181E+00
3.15170E+01 -3.59097E+00
3.13748E+01 -3.25685E+00
3.12234E+01 -2.91957E+00
3.10631E+01 -2.58147E+00
3.08941E+01 -2.24127E+00
3.07168E+01 -1.90005E+00
3.05316E+01 -1.55682E+00
3.03387E+01 -1.21283E+00
3.01387E+01 -8.68008E-01
2.99318E+01 -5.22267E-01
2.97185E+01 -1.76493E-01
2.94994E+01 1.69211E-01
2.92748E+01 5.15837E-01
2.90452E+01 8.61585E-01
2.88112E+01 1.20626E+00
2.85733E+01 1.54994E+00
2.83321E+01 1.89276E+00
2.80882E+01 2.23446E+00
2.78421E+01 2.57462E+00
2.75945E+01 2.91327E+00
2.73461E+01 3.25026E+00
2.70974E+01 3.58466E+00
2.68493E+01 3.91529E+00
2.66023E+01 4.24491E+00
2.63572E+01 4.57104E+00
2.61148E+01 4.89444E+00
2.58758E+01 5.21372E+00
2.56409E+01 5.52956E+00
2.54110E+01 5.84169E+00
2.51867E+01 6.15071E+00
2.49689E+01 6.45433E+00
2.47584E+01 6.75420E+00
2.45559E+01 7.04899E+00
2.43621E+01 7.33942E+00
2.41779E+01 7.62407E+00
2.40040E+01 7.90478E+00
2.38410E+01 8.17908E+00
2.36896E+01 8.44873E+00
2.35505E+01 8.71147E+00
2.34244E+01 8.96873E+00
2.33116E+01 9.21983E+00
2.32128E+01 9.46435E+00
2.31285E+01 9.70253E+00
2.30589E+01 9.93423E+00
2.30044E+01 1.01592E+01
2.29653E+01 1.03760E+01
2.29418E+01 1.05875E+01
2.29339E+01 1.07906E+01
