Will plot unflagged data


File # 1  = raise.vis
raise.vis 4.7863 GHz
Read 121 visibilities from all files

Baseline 2-4, plot 121 points
2.24477E+01 1.67134E-01
2.24554E+01 1.67125E-01
2.24784E+01 1.67096E-01
2.25167E+01 1.67050E-01
2.25700E+01 1.66985E-01
2.26381E+01 1.66903E-01
2.27207E+01 1.66803E-01
2.28174E+01 1.66688E-01
2.29278E+01 1.66556E-01
2.30513E+01 1.66413E-01
2.31874E+01 1.66254E-01
2.33355E+01 1.66083E-01
2.34951E+01 1.65901E-01
2.36653E+01 1.65710E-01
2.38456E+01 1.65508E-01
2.40353E+01 1.65302E-01
2.42335E+01 1.65086E-01
2.44396E+01 1.64867E-01
2.46527E+01 1.64643E-01
2.48722E+01 1.64415E-01
2.50973E+01 1.64184E-01
2.53272E+01 1.63953E-01
2.55612E+01 1.63724E-01
2.57984E+01 1.63490E-01
2.60383E+01 1.63260E-01
2.62800E+01 1.63033E-01
2.65229E+01 1.62806E-01
2.67663E+01 1.62582E-01
2.70095E+01 1.62364E-01
2.72519E+01 1.62147E-01
2.74927E+01 1.61933E-01
2.77315E+01 1.61725E-01
2.79676E+01 1.61524E-01
2.82004E+01 1.61328E-01
2.84294E+01 1.61135E-01
2.86541E+01 1.60948E-01
2.88740E+01 1.60765E-01
2.90885E+01 1.60592E-01
2.92972E+01 1.60424E-01
2.94997E+01 1.60261E-01
2.96955E+01 1.60105E-01
2.98843E+01 1.59956E-01
3.00656E+01 1.59813E-01
3.02392E+01 1.59678E-01
3.04046E+01 1.59553E-01
3.05615E+01 1.59432E-01
3.07097E+01 1.59318E-01
3.08489E+01 1.59212E-01
3.09787E+01 1.59115E-01
3.10991E+01 1.59023E-01
3.12097E+01 1.58940E-01
3.13104E+01 1.58865E-01
3.14009E+01 1.58797E-01
3.14812E+01 1.58736E-01
3.15510E+01 1.58686E-01
3.16104E+01 1.58639E-01
3.16590E+01 1.58603E-01
3.16970E+01 1.58574E-01
3.17241E+01 1.58556E-01
3.17404E+01 1.58542E-01
3.17459E+01 1.58538E-01
3.17404E+01 1.58542E-01
3.17241E+01 1.58556E-01
3.16970E+01 1.58574E-01
3.16590E+01 1.58603E-01
3.16104E+01 1.58639E-01
3.15511E+01 1.58686E-01
3.14812E+01 1.58736E-01
3.14009E+01 1.58797E-01
3.13104E+01 1.58865E-01
3.12097E+01 1.58940E-01
3.10991E+01 1.59023E-01
3.09787E+01 1.59115E-01
3.08489E+01 1.59212E-01
3.07097E+01 1.59318E-01
3.05615E+01 1.59432E-01
3.04046E+01 1.59553E-01
3.02392E+01 1.59678E-01
3.00656E+01 1.59813E-01
2.98843E+01 1.59956E-01
2.96955E+01 1.60105E-01
2.94997E+01 1.60261E-01
2.92972E+01 1.60424E-01
2.90885E+01 1.60592E-01
2.88740E+01 1.60765E-01
2.86541E+01 1.60948E-01
2.84295E+01 1.61135E-01
2.82004E+01 1.61328E-01
2.79676E+01 1.61524E-01
2.77315E+01 1.61725E-01
2.74927E+01 1.61933E-01
2.72519E+01 1.62147E-01
2.70095E+01 1.62364E-01
2.67663E+01 1.62582E-01
2.65230E+01 1.62806E-01
2.62801E+01 1.63033E-01
2.60383E+01 1.63260E-01
2.57984E+01 1.63490E-01
2.55612E+01 1.63724E-01
2.53272E+01 1.63953E-01
2.50973E+01 1.64184E-01
2.48722E+01 1.64415E-01
2.46528E+01 1.64643E-01
2.44396E+01 1.64867E-01
2.42335E+01 1.65086E-01
2.40353E+01 1.65302E-01
2.38457E+01 1.65508E-01
2.36653E+01 1.65710E-01
2.34951E+01 1.65901E-01
2.33355E+01 1.66083E-01
2.31874E+01 1.66254E-01
2.30513E+01 1.66413E-01
2.29278E+01 1.66556E-01
2.28174E+01 1.66688E-01
2.27207E+01 1.66803E-01
2.26381E+01 1.66903E-01
2.25700E+01 1.66985E-01
2.25167E+01 1.67050E-01
2.24784E+01 1.67096E-01
2.24554E+01 1.67124E-01
2.24477E+01 1.67134E-01
