Will plot unflagged data


File # 1  = raise.vis
raise.vis 4.7863 GHz
Read 121 visibilities from all files

Baseline 2-4, plot 121 points
2.24477E+01 -4.77915E+00
2.24554E+01 -4.86591E+00
2.24784E+01 -4.94900E+00
2.25167E+01 -5.02960E+00
2.25700E+01 -5.10584E+00
2.26381E+01 -5.17934E+00
2.27207E+01 -5.24872E+00
2.28174E+01 -5.31517E+00
2.29278E+01 -5.37681E+00
2.30513E+01 -5.43635E+00
2.31874E+01 -5.49134E+00
2.33355E+01 -5.54196E+00
2.34951E+01 -5.58938E+00
2.36653E+01 -5.63340E+00
2.38456E+01 -5.67248E+00
2.40353E+01 -5.70886E+00
2.42335E+01 -5.74059E+00
2.44396E+01 -5.76874E+00
2.46527E+01 -5.79265E+00
2.48722E+01 -5.81248E+00
2.50973E+01 -5.82831E+00
2.53272E+01 -5.84030E+00
2.55612E+01 -5.84906E+00
2.57984E+01 -5.85232E+00
2.60383E+01 -5.85231E+00
2.62800E+01 -5.84907E+00
2.65229E+01 -5.84068E+00
2.67663E+01 -5.82874E+00
2.70095E+01 -5.81319E+00
2.72519E+01 -5.79312E+00
2.74927E+01 -5.76857E+00
2.77315E+01 -5.74066E+00
2.79676E+01 -5.70929E+00
2.82004E+01 -5.67412E+00
2.84294E+01 -5.63427E+00
2.86541E+01 -5.59081E+00
2.88740E+01 -5.54275E+00
2.90885E+01 -5.49222E+00
2.92972E+01 -5.43721E+00
2.94997E+01 -5.37845E+00
2.96955E+01 -5.31598E+00
2.98843E+01 -5.24990E+00
3.00656E+01 -5.18024E+00
3.02392E+01 -5.10704E+00
3.04046E+01 -5.03138E+00
3.05615E+01 -4.95123E+00
3.07097E+01 -4.86769E+00
3.08489E+01 -4.78076E+00
3.09787E+01 -4.69138E+00
3.10991E+01 -4.59756E+00
3.12097E+01 -4.50144E+00
3.13104E+01 -4.40205E+00
3.14009E+01 -4.29944E+00
3.14812E+01 -4.19369E+00
3.15510E+01 -4.08589E+00
3.16104E+01 -3.97403E+00
3.16590E+01 -3.86025E+00
3.16970E+01 -3.74359E+00
3.17241E+01 -3.62515E+00
3.17404E+01 -3.50294E+00
3.17459E+01 -3.37913E+00
3.17404E+01 -3.25274E+00
3.17241E+01 -3.12491E+00
3.16970E+01 -2.99365E+00
3.16590E+01 -2.86114E+00
3.16104E+01 -2.72642E+00
3.15511E+01 -2.59064E+00
3.14812E+01 -2.45184E+00
3.14009E+01 -2.31217E+00
3.13104E+01 -2.17071E+00
3.12097E+01 -2.02757E+00
3.10991E+01 -1.88286E+00
3.09787E+01 -1.73770E+00
3.08489E+01 -1.59014E+00
3.07097E+01 -1.44231E+00
3.05615E+01 -1.29344E+00
3.04046E+01 -1.14367E+00
3.02392E+01 -9.92097E-01
3.00656E+01 -8.40871E-01
2.98843E+01 -6.89081E-01
2.96955E+01 -5.36841E-01
2.94997E+01 -3.84255E-01
2.92972E+01 -2.31391E-01
2.90885E+01 -7.83488E-02
2.88740E+01 7.54667E-02
2.86541E+01 2.27907E-01
2.84295E+01 3.80956E-01
2.82004E+01 5.33487E-01
2.79676E+01 6.86454E-01
2.77315E+01 8.38828E-01
2.74927E+01 9.90161E-01
2.72519E+01 1.14021E+00
2.70095E+01 1.29000E+00
2.67663E+01 1.43944E+00
2.65230E+01 1.58750E+00
2.62801E+01 1.73403E+00
2.60383E+01 1.88050E+00
2.57984E+01 2.02491E+00
2.55612E+01 2.16719E+00
2.53272E+01 2.30947E+00
2.50973E+01 2.44940E+00
2.48722E+01 2.58750E+00
2.46528E+01 2.72384E+00
2.44396E+01 2.85843E+00
2.42335E+01 2.99134E+00
2.40353E+01 3.12184E+00
2.38457E+01 3.25095E+00
2.36653E+01 3.37663E+00
2.34951E+01 3.50109E+00
2.33355E+01 3.62272E+00
2.31874E+01 3.74126E+00
2.30513E+01 3.85784E+00
2.29278E+01 3.97260E+00
2.28174E+01 4.08306E+00
2.27207E+01 4.19189E+00
2.26381E+01 4.29717E+00
2.25700E+01 4.40009E+00
2.25167E+01 4.49922E+00
2.24784E+01 4.59619E+00
2.24554E+01 4.68910E+00
2.24477E+01 4.77914E+00
