Will plot unflagged data


File # 1  = raise.vis
raise.vis 0.1514 GHz
Read 121 visibilities from all files

Baseline 3-5, plot 121 points
3.76771E-01 -4.75021E-02
3.76901E-01 -4.82189E-02
3.77287E-01 -4.89017E-02
3.77929E-01 -4.95495E-02
3.78824E-01 -5.11870E-02
3.79967E-01 -5.17614E-02
3.81354E-01 -5.22973E-02
3.82977E-01 -5.27938E-02
3.84829E-01 -5.32498E-02
3.86902E-01 -5.36643E-02
3.89186E-01 -5.50627E-02
3.91673E-01 -5.53912E-02
3.94351E-01 -5.56754E-02
3.97208E-01 -5.59143E-02
4.00235E-01 -5.61069E-02
4.03418E-01 -5.72795E-02
4.06745E-01 -5.73776E-02
4.10204E-01 -5.74270E-02
4.13781E-01 -5.74271E-02
4.17466E-01 -5.73772E-02
4.21243E-01 -5.83040E-02
4.25102E-01 -5.81522E-02
4.29029E-01 -5.79485E-02
4.33011E-01 -5.87198E-02
4.37037E-01 -5.84107E-02
4.41095E-01 -5.80481E-02
4.45172E-01 -5.76315E-02
4.49257E-01 -5.81885E-02
4.53338E-01 -5.76629E-02
4.57406E-01 -5.81102E-02
4.61449E-01 -5.74742E-02
4.65456E-01 -5.67825E-02
4.69419E-01 -5.70631E-02
4.73327E-01 -5.62595E-02
4.77171E-01 -5.64280E-02
4.80942E-01 -5.55119E-02
4.84632E-01 -5.55677E-02
4.88233E-01 -5.45389E-02
4.91736E-01 -5.44819E-02
4.95135E-01 -5.33402E-02
4.98422E-01 -5.31706E-02
5.01590E-01 -5.19165E-02
5.04634E-01 -5.16348E-02
5.07546E-01 -5.12973E-02
5.10322E-01 -4.98756E-02
5.12956E-01 -4.94273E-02
5.15444E-01 -4.89239E-02
5.17779E-01 -4.73372E-02
5.19959E-01 -4.67250E-02
5.21979E-01 -4.60589E-02
5.23836E-01 -4.53394E-02
5.25526E-01 -4.35382E-02
5.27046E-01 -4.27135E-02
5.28393E-01 -4.18369E-02
5.29565E-01 -4.09091E-02
5.30561E-01 -3.99308E-02
5.31378E-01 -3.89026E-02
5.32015E-01 -3.78252E-02
5.32470E-01 -3.56704E-02
5.32744E-01 -3.44969E-02
5.32835E-01 -3.32764E-02
5.32744E-01 -3.20100E-02
5.32470E-01 -3.06984E-02
5.32015E-01 -3.03714E-02
5.31378E-01 -2.89721E-02
5.30561E-01 -2.75305E-02
5.29565E-01 -2.60474E-02
5.28393E-01 -2.45240E-02
5.27046E-01 -2.29613E-02
5.25526E-01 -2.13603E-02
5.23836E-01 -2.07509E-02
5.21980E-01 -1.90766E-02
5.19959E-01 -1.73675E-02
5.17780E-01 -1.56247E-02
5.15444E-01 -1.48780E-02
5.12957E-01 -1.30713E-02
5.10322E-01 -1.12345E-02
5.07546E-01 -1.03976E-02
5.04634E-01 -8.50444E-03
5.01590E-01 -6.58507E-03
4.98422E-01 -5.66927E-03
4.95135E-01 -3.70137E-03
4.91736E-01 -2.73971E-03
4.88233E-01 -7.28679E-04
4.84633E-01 2.73475E-04
4.80943E-01 2.32212E-03
4.77171E-01 3.35919E-03
4.73327E-01 5.43983E-03
4.69419E-01 6.50616E-03
4.65457E-01 8.61307E-03
4.61449E-01 9.70290E-03
4.57406E-01 1.08024E-02
4.53339E-01 1.29379E-02
4.49257E-01 1.40522E-02
4.45172E-01 1.61995E-02
4.41095E-01 1.73227E-02
4.37037E-01 1.84481E-02
4.33011E-01 1.95744E-02
4.29029E-01 2.17276E-02
4.25102E-01 2.28510E-02
4.21243E-01 2.39708E-02
4.17466E-01 2.61129E-02
4.13782E-01 2.72209E-02
4.10204E-01 2.83211E-02
4.06745E-01 2.94118E-02
4.03418E-01 3.04915E-02
4.00235E-01 3.25858E-02
3.97209E-01 3.36393E-02
3.94351E-01 3.46776E-02
3.91673E-01 3.56993E-02
3.89187E-01 3.67029E-02
3.86902E-01 3.87136E-02
3.84829E-01 3.96769E-02
3.82977E-01 4.06181E-02
3.81354E-01 4.15358E-02
3.79968E-01 4.24287E-02
3.78824E-01 4.32954E-02
3.77929E-01 4.51604E-02
3.77287E-01 4.59709E-02
3.76901E-01 4.67514E-02
3.76771E-01 4.75006E-02
