Will plot unflagged data


File # 1  = raise.vis
raise.vis 0.1514 GHz
Read 121 visibilities from all files

Baseline 2-3, plot 121 points
5.62427E-01 6.62704E+00
5.62620E-01 6.62704E+00
5.63197E-01 6.62704E+00
5.64155E-01 6.62703E+00
5.65491E-01 6.62703E+00
5.67198E-01 6.62702E+00
5.69267E-01 6.62701E+00
5.71690E-01 6.62700E+00
5.74454E-01 6.62699E+00
5.77549E-01 6.62698E+00
5.80959E-01 6.62696E+00
5.84671E-01 6.62694E+00
5.88668E-01 6.62693E+00
5.92934E-01 6.62691E+00
5.97452E-01 6.62689E+00
6.02203E-01 6.62687E+00
6.07170E-01 6.62685E+00
6.12333E-01 6.62682E+00
6.17674E-01 6.62680E+00
6.23173E-01 6.62677E+00
6.28812E-01 6.62675E+00
6.34572E-01 6.62672E+00
6.40434E-01 6.62669E+00
6.46379E-01 6.62667E+00
6.52389E-01 6.62664E+00
6.58446E-01 6.62660E+00
6.64532E-01 6.62658E+00
6.70629E-01 6.62655E+00
6.76723E-01 6.62652E+00
6.82795E-01 6.62649E+00
6.88829E-01 6.62646E+00
6.94812E-01 6.62643E+00
7.00727E-01 6.62639E+00
7.06561E-01 6.62638E+00
7.12299E-01 6.62634E+00
7.17928E-01 6.62631E+00
7.23437E-01 6.62629E+00
7.28811E-01 6.62626E+00
7.34041E-01 6.62622E+00
7.39114E-01 6.62620E+00
7.44021E-01 6.62618E+00
7.48750E-01 6.62614E+00
7.53294E-01 6.62612E+00
7.57641E-01 6.62610E+00
7.61785E-01 6.62608E+00
7.65718E-01 6.62606E+00
7.69430E-01 6.62604E+00
7.72917E-01 6.62602E+00
7.76171E-01 6.62600E+00
7.79187E-01 6.62598E+00
7.81958E-01 6.62596E+00
7.84480E-01 6.62594E+00
7.86749E-01 6.62594E+00
7.88760E-01 6.62592E+00
7.90511E-01 6.62592E+00
7.91997E-01 6.62589E+00
7.93216E-01 6.62589E+00
7.94167E-01 6.62590E+00
7.94847E-01 6.62589E+00
7.95255E-01 6.62589E+00
7.95392E-01 6.62589E+00
7.95255E-01 6.62589E+00
7.94847E-01 6.62589E+00
7.94167E-01 6.62589E+00
7.93216E-01 6.62590E+00
7.91997E-01 6.62589E+00
7.90511E-01 6.62592E+00
7.88760E-01 6.62592E+00
7.86749E-01 6.62594E+00
7.84480E-01 6.62594E+00
7.81958E-01 6.62596E+00
7.79187E-01 6.62598E+00
7.76171E-01 6.62600E+00
7.72917E-01 6.62602E+00
7.69431E-01 6.62604E+00
7.65718E-01 6.62606E+00
7.61786E-01 6.62608E+00
7.57642E-01 6.62610E+00
7.53294E-01 6.62612E+00
7.48751E-01 6.62614E+00
7.44021E-01 6.62618E+00
7.39115E-01 6.62620E+00
7.34041E-01 6.62622E+00
7.28812E-01 6.62626E+00
7.23437E-01 6.62629E+00
7.17929E-01 6.62631E+00
7.12299E-01 6.62634E+00
7.06561E-01 6.62638E+00
7.00727E-01 6.62639E+00
6.94812E-01 6.62643E+00
6.88830E-01 6.62646E+00
6.82795E-01 6.62649E+00
6.76723E-01 6.62652E+00
6.70630E-01 6.62655E+00
6.64532E-01 6.62658E+00
6.58446E-01 6.62660E+00
6.52389E-01 6.62664E+00
6.46379E-01 6.62667E+00
6.40434E-01 6.62669E+00
6.34573E-01 6.62672E+00
6.28813E-01 6.62675E+00
6.23173E-01 6.62677E+00
6.17674E-01 6.62680E+00
6.12333E-01 6.62682E+00
6.07170E-01 6.62685E+00
6.02203E-01 6.62687E+00
5.97452E-01 6.62689E+00
5.92935E-01 6.62691E+00
5.88668E-01 6.62693E+00
5.84671E-01 6.62694E+00
5.80959E-01 6.62696E+00
5.77549E-01 6.62698E+00
5.74455E-01 6.62699E+00
5.71690E-01 6.62700E+00
5.69267E-01 6.62701E+00
5.67198E-01 6.62702E+00
5.65491E-01 6.62703E+00
5.64155E-01 6.62703E+00
5.63197E-01 6.62704E+00
5.62620E-01 6.62704E+00
5.62427E-01 6.62704E+00
