Will plot unflagged data


File # 1  = raise.vis
raise.vis 0.1514 GHz
Read 121 visibilities from all files

Baseline 2-3, plot 121 points
5.62427E-01 -1.52220E-01
5.62620E-01 -1.54727E-01
5.63197E-01 -1.58149E-01
5.64155E-01 -1.60433E-01
5.65491E-01 -1.62601E-01
5.67198E-01 -1.64648E-01
5.69267E-01 -1.67599E-01
5.71690E-01 -1.69396E-01
5.74454E-01 -1.71063E-01
5.77549E-01 -1.73624E-01
5.80959E-01 -1.75020E-01
5.84671E-01 -1.76277E-01
5.88668E-01 -1.78420E-01
5.92934E-01 -1.79388E-01
5.97452E-01 -1.81238E-01
6.02203E-01 -1.81908E-01
6.07170E-01 -1.83454E-01
6.12333E-01 -1.83814E-01
6.17674E-01 -1.85046E-01
6.23173E-01 -1.85088E-01
6.28812E-01 -1.85997E-01
6.34572E-01 -1.85712E-01
6.40434E-01 -1.86291E-01
6.46379E-01 -1.86701E-01
6.52389E-01 -1.86942E-01
6.58446E-01 -1.85981E-01
6.64532E-01 -1.85878E-01
6.70629E-01 -1.85600E-01
6.76723E-01 -1.85147E-01
6.82795E-01 -1.84518E-01
6.88829E-01 -1.83712E-01
6.94812E-01 -1.82727E-01
7.00727E-01 -1.81563E-01
7.06561E-01 -1.81251E-01
7.12299E-01 -1.79728E-01
7.17928E-01 -1.78024E-01
7.23437E-01 -1.77171E-01
7.28811E-01 -1.75106E-01
7.34041E-01 -1.72859E-01
7.39114E-01 -1.71465E-01
7.44021E-01 -1.69889E-01
7.48750E-01 -1.67102E-01
7.53294E-01 -1.65167E-01
7.57641E-01 -1.63054E-01
7.61785E-01 -1.60762E-01
7.65718E-01 -1.58293E-01
7.69430E-01 -1.55648E-01
7.72917E-01 -1.52828E-01
7.76171E-01 -1.49834E-01
7.79187E-01 -1.46667E-01
7.81958E-01 -1.43329E-01
7.84480E-01 -1.39822E-01
7.86749E-01 -1.37179E-01
7.88760E-01 -1.33338E-01
7.90511E-01 -1.30365E-01
7.91997E-01 -1.26197E-01
7.93216E-01 -1.22902E-01
7.94167E-01 -1.19450E-01
7.94847E-01 -1.15842E-01
7.95255E-01 -1.12081E-01
7.95392E-01 -1.08170E-01
7.95255E-01 -1.04112E-01
7.94847E-01 -9.99086E-02
7.94167E-01 -9.55636E-02
7.93216E-01 -9.10796E-02
7.91997E-01 -8.64599E-02
7.90511E-01 -8.27398E-02
7.88760E-01 -7.78580E-02
7.86749E-01 -7.38824E-02
7.84480E-01 -6.87520E-02
7.81958E-01 -6.45346E-02
7.79187E-01 -6.02017E-02
7.76171E-01 -5.57570E-02
7.72917E-01 -5.12042E-02
7.69431E-01 -4.65472E-02
7.65718E-01 -4.17897E-02
7.61786E-01 -3.69358E-02
7.57642E-01 -3.19896E-02
7.53294E-01 -2.69551E-02
7.48751E-01 -2.18364E-02
7.44021E-01 -1.76699E-02
7.39115E-01 -1.23956E-02
7.34041E-01 -7.05008E-03
7.28812E-01 -2.66945E-03
7.23437E-01 1.77382E-03
7.17929E-01 7.30696E-03
7.12299E-01 1.18620E-02
7.06561E-01 1.64661E-02
7.00727E-01 2.21465E-02
6.94812E-01 2.68351E-02
6.88830E-01 3.15592E-02
6.82795E-01 3.63140E-02
6.76723E-01 4.10948E-02
6.70630E-01 4.58970E-02
6.64532E-01 5.07158E-02
6.58446E-01 5.55467E-02
6.52389E-01 5.93539E-02
6.46379E-01 6.41947E-02
6.40434E-01 6.90332E-02
6.34573E-01 7.38648E-02
6.28813E-01 7.76544E-02
6.23173E-01 8.24582E-02
6.17674E-01 8.62109E-02
6.12333E-01 9.09680E-02
6.07170E-01 9.46652E-02
6.02203E-01 9.93571E-02
5.97452E-01 1.02980E-01
5.92935E-01 1.07588E-01
5.88668E-01 1.11119E-01
5.84671E-01 1.15625E-01
5.80959E-01 1.19045E-01
5.77549E-01 1.22403E-01
5.74455E-01 1.26724E-01
5.71690E-01 1.29945E-01
5.69267E-01 1.33092E-01
5.67198E-01 1.37186E-01
5.65491E-01 1.40170E-01
5.64155E-01 1.43067E-01
5.63197E-01 1.45872E-01
5.62620E-01 1.49608E-01
5.62427E-01 1.52219E-01
