Will plot unflagged data


File # 1  = raise.vis
raise.vis 0.4786 GHz
Read 121 visibilities from all files

Baseline 2-3, plot 121 points
1.77855E+00 9.02824E-01
1.77916E+00 9.02823E-01
1.78098E+00 9.02821E-01
1.78402E+00 9.02818E-01
1.78824E+00 9.02813E-01
1.79364E+00 9.02807E-01
1.80018E+00 9.02800E-01
1.80784E+00 9.02793E-01
1.81658E+00 9.02784E-01
1.82637E+00 9.02772E-01
1.83715E+00 9.02762E-01
1.84889E+00 9.02749E-01
1.86153E+00 9.02736E-01
1.87502E+00 9.02721E-01
1.88931E+00 9.02706E-01
1.90433E+00 9.02690E-01
1.92004E+00 9.02671E-01
1.93637E+00 9.02653E-01
1.95326E+00 9.02634E-01
1.97065E+00 9.02615E-01
1.98848E+00 9.02593E-01
2.00669E+00 9.02572E-01
2.02523E+00 9.02553E-01
2.04403E+00 9.02530E-01
2.06303E+00 9.02505E-01
2.08219E+00 9.02484E-01
2.10143E+00 9.02462E-01
2.12072E+00 9.02435E-01
2.13998E+00 9.02411E-01
2.15919E+00 9.02387E-01
2.17827E+00 9.02363E-01
2.19719E+00 9.02342E-01
2.21589E+00 9.02317E-01
2.23434E+00 9.02295E-01
2.25249E+00 9.02268E-01
2.27029E+00 9.02246E-01
2.28771E+00 9.02223E-01
2.30470E+00 9.02200E-01
2.32124E+00 9.02177E-01
2.33728E+00 9.02159E-01
2.35280E+00 9.02135E-01
2.36776E+00 9.02116E-01
2.38212E+00 9.02098E-01
2.39587E+00 9.02079E-01
2.40898E+00 9.02059E-01
2.42141E+00 9.02040E-01
2.43315E+00 9.02027E-01
2.44418E+00 9.02007E-01
2.45447E+00 9.01994E-01
2.46400E+00 9.01981E-01
2.47277E+00 9.01967E-01
2.48074E+00 9.01954E-01
2.48792E+00 9.01947E-01
2.49428E+00 9.01940E-01
2.49981E+00 9.01926E-01
2.50451E+00 9.01926E-01
2.50837E+00 9.01919E-01
2.51138E+00 9.01912E-01
2.51353E+00 9.01912E-01
2.51482E+00 9.01905E-01
2.51525E+00 9.01905E-01
2.51482E+00 9.01905E-01
2.51353E+00 9.01912E-01
2.51138E+00 9.01912E-01
2.50837E+00 9.01919E-01
2.50451E+00 9.01926E-01
2.49981E+00 9.01926E-01
2.49428E+00 9.01940E-01
2.48792E+00 9.01947E-01
2.48075E+00 9.01954E-01
2.47277E+00 9.01967E-01
2.46400E+00 9.01980E-01
2.45447E+00 9.01994E-01
2.44418E+00 9.02007E-01
2.43315E+00 9.02027E-01
2.42141E+00 9.02040E-01
2.40898E+00 9.02059E-01
2.39587E+00 9.02079E-01
2.38212E+00 9.02098E-01
2.36776E+00 9.02116E-01
2.35280E+00 9.02135E-01
2.33729E+00 9.02159E-01
2.32124E+00 9.02177E-01
2.30470E+00 9.02200E-01
2.28771E+00 9.02223E-01
2.27029E+00 9.02246E-01
2.25249E+00 9.02268E-01
2.23434E+00 9.02295E-01
2.21589E+00 9.02317E-01
2.19719E+00 9.02342E-01
2.17827E+00 9.02363E-01
2.15919E+00 9.02387E-01
2.13999E+00 9.02411E-01
2.12072E+00 9.02435E-01
2.10143E+00 9.02462E-01
2.08219E+00 9.02484E-01
2.06304E+00 9.02505E-01
2.04403E+00 9.02530E-01
2.02523E+00 9.02553E-01
2.00669E+00 9.02572E-01
1.98848E+00 9.02594E-01
1.97065E+00 9.02615E-01
1.95326E+00 9.02634E-01
1.93637E+00 9.02653E-01
1.92004E+00 9.02671E-01
1.90433E+00 9.02690E-01
1.88931E+00 9.02706E-01
1.87502E+00 9.02721E-01
1.86153E+00 9.02736E-01
1.84889E+00 9.02749E-01
1.83716E+00 9.02762E-01
1.82637E+00 9.02773E-01
1.81658E+00 9.02784E-01
1.80784E+00 9.02793E-01
1.80018E+00 9.02800E-01
1.79364E+00 9.02807E-01
1.78824E+00 9.02813E-01
1.78402E+00 9.02818E-01
1.78098E+00 9.02821E-01
1.77916E+00 9.02823E-01
1.77855E+00 9.02824E-01
