Will plot unflagged data


File # 1  = raise.vis
raise.vis 0.4786 GHz
Read 121 visibilities from all files

Baseline 2-3, plot 121 points
1.77855E+00 -3.78656E-01
1.77916E+00 -3.85363E-01
1.78098E+00 -3.91795E-01
1.78402E+00 -3.98970E-01
1.78824E+00 -4.04827E-01
1.79364E+00 -4.10383E-01
1.80018E+00 -4.15629E-01
1.80784E+00 -4.21588E-01
1.81658E+00 -4.26192E-01
1.82637E+00 -4.30464E-01
1.83715E+00 -4.35425E-01
1.84889E+00 -4.39009E-01
1.86153E+00 -4.43268E-01
1.87502E+00 -4.46134E-01
1.88931E+00 -4.49664E-01
1.90433E+00 -4.52819E-01
1.92004E+00 -4.54560E-01
1.93637E+00 -4.56947E-01
1.95326E+00 -4.58940E-01
1.97065E+00 -4.60535E-01
1.98848E+00 -4.61727E-01
2.00669E+00 -4.62510E-01
2.02523E+00 -4.63912E-01
2.04403E+00 -4.63864E-01
2.06303E+00 -4.63393E-01
2.08219E+00 -4.63530E-01
2.10143E+00 -4.63238E-01
2.12072E+00 -4.61480E-01
2.13998E+00 -4.60319E-01
2.15919E+00 -4.58720E-01
2.17827E+00 -4.56679E-01
2.19719E+00 -4.55229E-01
2.21589E+00 -4.52302E-01
2.23434E+00 -4.49960E-01
2.25249E+00 -4.46139E-01
2.27029E+00 -4.42902E-01
2.28771E+00 -4.39216E-01
2.30470E+00 -4.35081E-01
2.32124E+00 -4.30496E-01
2.33728E+00 -4.26495E-01
2.35280E+00 -4.21014E-01
2.36776E+00 -4.16117E-01
2.38212E+00 -4.10774E-01
2.39587E+00 -4.04987E-01
2.40898E+00 -3.98757E-01
2.42141E+00 -3.92086E-01
2.43315E+00 -3.86009E-01
2.44418E+00 -3.78465E-01
2.45447E+00 -3.71520E-01
2.46400E+00 -3.64146E-01
2.47277E+00 -3.56347E-01
2.48074E+00 -3.48126E-01
2.48792E+00 -3.40519E-01
2.49428E+00 -3.32500E-01
2.49981E+00 -3.23041E-01
2.50451E+00 -3.15242E-01
2.50837E+00 -3.06014E-01
2.51138E+00 -2.96394E-01
2.51353E+00 -2.87419E-01
2.51482E+00 -2.77033E-01
2.51525E+00 -2.67304E-01
2.51482E+00 -2.57209E-01
2.51353E+00 -2.47785E-01
2.51138E+00 -2.36976E-01
2.50837E+00 -2.26854E-01
2.50451E+00 -2.16394E-01
2.49981E+00 -2.04572E-01
2.49428E+00 -1.94492E-01
2.48792E+00 -1.83066E-01
2.48075E+00 -1.71336E-01
2.47277E+00 -1.60341E-01
2.46400E+00 -1.49059E-01
2.45447E+00 -1.37499E-01
2.44418E+00 -1.25670E-01
2.43315E+00 -1.14614E-01
2.42141E+00 -1.02276E-01
2.40898E+00 -9.07315E-02
2.39587E+00 -7.89571E-02
2.38212E+00 -6.69634E-02
2.36776E+00 -5.47606E-02
2.35280E+00 -4.23593E-02
2.33729E+00 -3.08026E-02
2.32124E+00 -1.80363E-02
2.30470E+00 -6.13632E-03
2.28771E+00 5.91899E-03
2.27029E+00 1.81185E-02
2.25249E+00 3.04509E-02
2.23434E+00 4.18723E-02
2.21589E+00 5.44370E-02
2.19719E+00 6.60676E-02
2.17827E+00 7.88187E-02
2.15919E+00 9.06129E-02
2.13999E+00 1.02471E-01
2.12072E+00 1.14383E-01
2.10143E+00 1.25302E-01
2.08219E+00 1.37283E-01
2.06304E+00 1.49282E-01
2.04403E+00 1.60254E-01
2.02523E+00 1.71221E-01
2.00669E+00 1.83202E-01
1.98848E+00 1.94122E-01
1.97065E+00 2.05001E-01
1.95326E+00 2.15827E-01
1.93637E+00 2.26589E-01
1.92004E+00 2.37276E-01
1.90433E+00 2.46843E-01
1.88931E+00 2.57345E-01
1.87502E+00 2.67736E-01
1.86153E+00 2.76976E-01
1.84889E+00 2.87114E-01
1.83716E+00 2.96079E-01
1.82637E+00 3.05921E-01
1.81658E+00 3.14568E-01
1.80784E+00 3.23040E-01
1.80018E+00 3.32357E-01
1.79364E+00 3.40448E-01
1.78824E+00 3.48334E-01
1.78402E+00 3.56004E-01
1.78098E+00 3.64477E-01
1.77916E+00 3.71687E-01
1.77855E+00 3.78653E-01
