Will plot unflagged data


File # 1  = raise.vis
raise.vis 0.1514 GHz
Read 121 visibilities from all files

Baseline 1-3, plot 121 points
6.17032E-01 -7.55413E-02
6.17243E-01 -7.72864E-02
6.17876E-01 -7.79520E-02
6.18928E-01 -7.95875E-02
6.20393E-01 -8.11655E-02
6.22266E-01 -8.16581E-02
6.24536E-01 -8.31157E-02
6.27194E-01 -8.45106E-02
6.30227E-01 -8.48145E-02
6.33622E-01 -8.60790E-02
6.37363E-01 -8.72759E-02
6.41435E-01 -8.73766E-02
6.45820E-01 -8.84338E-02
6.50501E-01 -8.94191E-02
6.55457E-01 -8.93035E-02
6.60669E-01 -9.01406E-02
6.66118E-01 -9.09018E-02
6.71783E-01 -9.15858E-02
6.77642E-01 -9.11634E-02
6.83675E-01 -9.16895E-02
6.89862E-01 -9.21351E-02
6.96181E-01 -9.24992E-02
7.02612E-01 -9.27807E-02
7.09134E-01 -9.29789E-02
7.15727E-01 -9.30928E-02
7.22372E-01 -9.20931E-02
7.29049E-01 -9.20362E-02
7.35739E-01 -9.18929E-02
7.42424E-01 -9.16627E-02
7.49085E-01 -9.13448E-02
7.55706E-01 -9.09390E-02
7.62269E-01 -9.04447E-02
7.68759E-01 -8.98616E-02
7.75159E-01 -9.02188E-02
7.81454E-01 -8.94573E-02
7.87630E-01 -8.86062E-02
7.93673E-01 -8.76654E-02
7.99570E-01 -8.66349E-02
8.05307E-01 -8.65444E-02
8.10873E-01 -8.53345E-02
8.16256E-01 -8.40352E-02
8.21445E-01 -8.26464E-02
8.26429E-01 -8.21985E-02
8.31199E-01 -8.06319E-02
8.35745E-01 -8.00068E-02
8.40059E-01 -7.82638E-02
8.44132E-01 -7.74634E-02
8.47958E-01 -7.55460E-02
8.51528E-01 -7.45723E-02
8.54836E-01 -7.24829E-02
8.57876E-01 -7.13387E-02
8.60643E-01 -7.01104E-02
8.63133E-01 -6.77686E-02
8.65339E-01 -6.63747E-02
8.67259E-01 -6.48993E-02
8.68890E-01 -6.33434E-02
8.70227E-01 -6.06780E-02
8.71270E-01 -5.89646E-02
8.72017E-01 -5.71742E-02
8.72465E-01 -5.53079E-02
8.72614E-01 -5.33671E-02
8.72465E-01 -5.13531E-02
8.72017E-01 -4.92672E-02
8.71270E-01 -4.71110E-02
8.70227E-01 -4.48858E-02
8.68890E-01 -4.36234E-02
8.67259E-01 -4.12650E-02
8.65339E-01 -3.88423E-02
8.63133E-01 -3.63571E-02
8.60644E-01 -3.48412E-02
8.57876E-01 -3.22361E-02
8.54836E-01 -2.95736E-02
8.51528E-01 -2.78857E-02
8.47958E-01 -2.51141E-02
8.44133E-01 -2.33208E-02
8.40059E-01 -2.04476E-02
8.35745E-01 -1.85567E-02
8.31199E-01 -1.55898E-02
8.26429E-01 -1.36091E-02
8.21445E-01 -1.05568E-02
8.16256E-01 -8.49465E-03
8.10873E-01 -6.39489E-03
8.05307E-01 -4.25975E-03
7.99570E-01 -1.06166E-03
7.93674E-01 1.13778E-03
7.87631E-01 3.36614E-03
7.81454E-01 5.62110E-03
7.75159E-01 7.90048E-03
7.68759E-01 1.12313E-02
7.62270E-01 1.35526E-02
7.55706E-01 1.58914E-02
7.49086E-01 1.82455E-02
7.42424E-01 2.06124E-02
7.35740E-01 2.29900E-02
7.29050E-01 2.53758E-02
7.22373E-01 2.77676E-02
7.15728E-01 2.91342E-02
7.09135E-01 3.15309E-02
7.02612E-01 3.39265E-02
6.96182E-01 3.63185E-02
6.89863E-01 3.87049E-02
6.83676E-01 4.10830E-02
6.77642E-01 4.34508E-02
6.71783E-01 4.47777E-02
6.66118E-01 4.71176E-02
6.60670E-01 4.94400E-02
6.55457E-01 5.17428E-02
6.50501E-01 5.29961E-02
6.45821E-01 5.52527E-02
6.41435E-01 5.74828E-02
6.37363E-01 5.86572E-02
6.33622E-01 6.08277E-02
6.30227E-01 6.29651E-02
6.27194E-01 6.40405E-02
6.24536E-01 6.61053E-02
6.22266E-01 6.81304E-02
6.20393E-01 6.90879E-02
6.18928E-01 7.10278E-02
6.17876E-01 7.29220E-02
6.17243E-01 7.37428E-02
6.17032E-01 7.55397E-02
