Will plot unflagged data


File # 1  = raise.vis
raise.vis 0.1514 GHz
Read 121 visibilities from all files

Baseline 1-3, plot 121 points
6.17032E-01 9.05419E-01
6.17243E-01 9.05419E-01
6.17876E-01 9.05418E-01
6.18928E-01 9.05419E-01
6.20393E-01 9.05418E-01
6.22266E-01 9.05418E-01
6.24536E-01 9.05418E-01
6.27194E-01 9.05417E-01
6.30227E-01 9.05417E-01
6.33622E-01 9.05416E-01
6.37363E-01 9.05416E-01
6.41435E-01 9.05415E-01
6.45820E-01 9.05415E-01
6.50501E-01 9.05414E-01
6.55457E-01 9.05413E-01
6.60669E-01 9.05413E-01
6.66118E-01 9.05412E-01
6.71783E-01 9.05411E-01
6.77642E-01 9.05410E-01
6.83675E-01 9.05409E-01
6.89862E-01 9.05408E-01
6.96181E-01 9.05408E-01
7.02612E-01 9.05407E-01
7.09134E-01 9.05406E-01
7.15727E-01 9.05405E-01
7.22372E-01 9.05403E-01
7.29049E-01 9.05403E-01
7.35739E-01 9.05402E-01
7.42424E-01 9.05401E-01
7.49085E-01 9.05400E-01
7.55706E-01 9.05398E-01
7.62269E-01 9.05397E-01
7.68759E-01 9.05396E-01
7.75159E-01 9.05396E-01
7.81454E-01 9.05395E-01
7.87630E-01 9.05394E-01
7.93673E-01 9.05393E-01
7.99570E-01 9.05392E-01
8.05307E-01 9.05392E-01
8.10873E-01 9.05390E-01
8.16256E-01 9.05389E-01
8.21445E-01 9.05388E-01
8.26429E-01 9.05388E-01
8.31199E-01 9.05387E-01
8.35745E-01 9.05387E-01
8.40059E-01 9.05385E-01
8.44132E-01 9.05385E-01
8.47958E-01 9.05384E-01
8.51528E-01 9.05384E-01
8.54836E-01 9.05383E-01
8.57876E-01 9.05383E-01
8.60643E-01 9.05383E-01
8.63133E-01 9.05381E-01
8.65339E-01 9.05381E-01
8.67259E-01 9.05381E-01
8.68890E-01 9.05381E-01
8.70227E-01 9.05379E-01
8.71270E-01 9.05379E-01
8.72017E-01 9.05379E-01
8.72465E-01 9.05380E-01
8.72614E-01 9.05379E-01
8.72465E-01 9.05379E-01
8.72017E-01 9.05379E-01
8.71270E-01 9.05379E-01
8.70227E-01 9.05379E-01
8.68890E-01 9.05381E-01
8.67259E-01 9.05381E-01
8.65339E-01 9.05381E-01
8.63133E-01 9.05381E-01
8.60644E-01 9.05383E-01
8.57876E-01 9.05383E-01
8.54836E-01 9.05382E-01
8.51528E-01 9.05384E-01
8.47958E-01 9.05384E-01
8.44133E-01 9.05385E-01
8.40059E-01 9.05385E-01
8.35745E-01 9.05387E-01
8.31199E-01 9.05387E-01
8.26429E-01 9.05388E-01
8.21445E-01 9.05388E-01
8.16256E-01 9.05389E-01
8.10873E-01 9.05390E-01
8.05307E-01 9.05392E-01
7.99570E-01 9.05392E-01
7.93674E-01 9.05393E-01
7.87631E-01 9.05394E-01
7.81454E-01 9.05395E-01
7.75159E-01 9.05396E-01
7.68759E-01 9.05396E-01
7.62270E-01 9.05397E-01
7.55706E-01 9.05399E-01
7.49086E-01 9.05399E-01
7.42424E-01 9.05401E-01
7.35740E-01 9.05402E-01
7.29050E-01 9.05403E-01
7.22373E-01 9.05404E-01
7.15728E-01 9.05405E-01
7.09135E-01 9.05406E-01
7.02612E-01 9.05407E-01
6.96182E-01 9.05408E-01
6.89863E-01 9.05408E-01
6.83676E-01 9.05409E-01
6.77642E-01 9.05410E-01
6.71783E-01 9.05411E-01
6.66118E-01 9.05412E-01
6.60670E-01 9.05412E-01
6.55457E-01 9.05413E-01
6.50501E-01 9.05414E-01
6.45821E-01 9.05415E-01
6.41435E-01 9.05415E-01
6.37363E-01 9.05416E-01
6.33622E-01 9.05416E-01
6.30227E-01 9.05417E-01
6.27194E-01 9.05417E-01
6.24536E-01 9.05418E-01
6.22266E-01 9.05418E-01
6.20393E-01 9.05418E-01
6.18928E-01 9.05418E-01
6.17876E-01 9.05418E-01
6.17243E-01 9.05419E-01
6.17032E-01 9.05419E-01
