Will plot unflagged data


File # 1  = raise.vis
raise.vis 15.1356 GHz
Read 121 visibilities from all files

Baseline 1-4, plot 121 points
7.64464E+01 -5.53876E+00
7.64726E+01 -5.63997E+00
7.65510E+01 -5.73589E+00
7.66813E+01 -5.82888E+00
7.68629E+01 -5.91804E+00
7.70948E+01 -6.00245E+00
7.73761E+01 -6.08338E+00
7.77054E+01 -6.16007E+00
7.80812E+01 -6.23193E+00
7.85018E+01 -6.29975E+00
7.89653E+01 -6.36377E+00
7.94698E+01 -6.42309E+00
8.00131E+01 -6.47787E+00
8.05930E+01 -6.52836E+00
8.12070E+01 -6.57479E+00
8.18528E+01 -6.61579E+00
8.25279E+01 -6.65299E+00
8.32297E+01 -6.68559E+00
8.39556E+01 -6.71282E+00
8.47031E+01 -6.73609E+00
8.54697E+01 -6.75532E+00
8.62525E+01 -6.76865E+00
8.70493E+01 -6.77835E+00
8.78573E+01 -6.78274E+00
8.86742E+01 -6.78286E+00
8.94975E+01 -6.77781E+00
9.03247E+01 -6.76884E+00
9.11535E+01 -6.75555E+00
9.19817E+01 -6.73668E+00
9.28070E+01 -6.71343E+00
9.36273E+01 -6.68591E+00
9.44404E+01 -6.65322E+00
9.52444E+01 -6.61688E+00
9.60374E+01 -6.57491E+00
9.68173E+01 -6.52948E+00
9.75825E+01 -6.47860E+00
9.83312E+01 -6.42445E+00
9.90617E+01 -6.36473E+00
9.97726E+01 -6.30133E+00
1.00462E+02 -6.23338E+00
1.01129E+02 -6.16094E+00
1.01772E+02 -6.08509E+00
1.02389E+02 -6.00384E+00
1.02980E+02 -5.91931E+00
1.03544E+02 -5.83128E+00
1.04078E+02 -5.73774E+00
1.04583E+02 -5.64084E+00
1.05057E+02 -5.54065E+00
1.05499E+02 -5.43621E+00
1.05909E+02 -5.32859E+00
1.06286E+02 -5.21683E+00
1.06628E+02 -5.10099E+00
1.06937E+02 -4.98217E+00
1.07210E+02 -4.86042E+00
1.07448E+02 -4.73479E+00
1.07650E+02 -4.60635E+00
1.07816E+02 -4.47412E+00
1.07945E+02 -4.33924E+00
1.08037E+02 -4.20076E+00
1.08093E+02 -4.05980E+00
1.08112E+02 -3.91647E+00
1.08093E+02 -3.76982E+00
1.08037E+02 -3.62100E+00
1.07945E+02 -3.47011E+00
1.07816E+02 -3.31621E+00
1.07650E+02 -3.16045E+00
1.07448E+02 -3.00189E+00
1.07210E+02 -2.84171E+00
1.06937E+02 -2.67903E+00
1.06628E+02 -2.51500E+00
1.06286E+02 -2.34977E+00
1.05909E+02 -2.18241E+00
1.05499E+02 -2.01307E+00
1.05057E+02 -1.84291E+00
1.04583E+02 -1.67102E+00
1.04078E+02 -1.49856E+00
1.03544E+02 -1.32565E+00
1.02980E+02 -1.15032E+00
1.02389E+02 -9.74757E-01
1.01772E+02 -7.99361E-01
1.01129E+02 -6.22191E-01
1.00462E+02 -4.45407E-01
9.97726E+01 -2.68096E-01
9.90618E+01 -9.03618E-02
9.83312E+01 8.67353E-02
9.75826E+01 2.64954E-01
9.68174E+01 4.41810E-01
9.60374E+01 6.19345E-01
9.52445E+01 7.95408E-01
9.44405E+01 9.72027E-01
9.36273E+01 1.14706E+00
9.28071E+01 1.32190E+00
9.19818E+01 1.49550E+00
9.11536E+01 1.66784E+00
9.03247E+01 1.83999E+00
8.94975E+01 2.01055E+00
8.86743E+01 2.17902E+00
8.78574E+01 2.34651E+00
8.70493E+01 2.51202E+00
8.62526E+01 2.67647E+00
8.54697E+01 2.83807E+00
8.47032E+01 2.99901E+00
8.39557E+01 3.15730E+00
8.32297E+01 3.31280E+00
8.25279E+01 3.46681E+00
8.18529E+01 3.61848E+00
8.12071E+01 3.76694E+00
8.05930E+01 3.91375E+00
8.00132E+01 4.05746E+00
7.94699E+01 4.19824E+00
7.89654E+01 4.33627E+00
7.85018E+01 4.47167E+00
7.80812E+01 4.60349E+00
7.77054E+01 4.73193E+00
7.73761E+01 4.85774E+00
7.70948E+01 4.98028E+00
7.68629E+01 5.09878E+00
7.66813E+01 5.21447E+00
7.65510E+01 5.32643E+00
7.64726E+01 5.43374E+00
7.64464E+01 5.53874E+00
