Will plot unflagged data


File # 1  = raise.vis
raise.vis 15.1356 GHz
Read 121 visibilities from all files

Baseline 1-4, plot 121 points
7.64464E+01 6.92493E-03
7.64726E+01 6.92467E-03
7.65510E+01 6.92388E-03
7.66813E+01 6.92257E-03
7.68629E+01 6.92075E-03
7.70948E+01 6.91842E-03
7.73761E+01 6.91561E-03
7.77054E+01 6.91232E-03
7.80812E+01 6.90855E-03
7.85018E+01 6.90434E-03
7.89653E+01 6.89973E-03
7.94698E+01 6.89470E-03
8.00131E+01 6.88930E-03
8.05930E+01 6.88354E-03
8.12070E+01 6.87748E-03
8.18528E+01 6.87107E-03
8.25279E+01 6.86444E-03
8.32297E+01 6.85755E-03
8.39556E+01 6.85040E-03
8.47031E+01 6.84310E-03
8.54697E+01 6.83569E-03
8.62525E+01 6.82805E-03
8.70493E+01 6.82038E-03
8.78573E+01 6.81258E-03
8.86742E+01 6.80477E-03
8.94975E+01 6.79687E-03
9.03247E+01 6.78905E-03
9.11535E+01 6.78128E-03
9.19817E+01 6.77346E-03
9.28070E+01 6.76573E-03
9.36273E+01 6.75812E-03
9.44404E+01 6.75055E-03
9.52444E+01 6.74320E-03
9.60374E+01 6.73588E-03
9.68173E+01 6.72882E-03
9.75825E+01 6.72183E-03
9.83312E+01 6.71515E-03
9.90617E+01 6.70854E-03
9.97726E+01 6.70222E-03
1.00462E+02 6.69609E-03
1.01129E+02 6.69016E-03
1.01772E+02 6.68457E-03
1.02389E+02 6.67908E-03
1.02980E+02 6.67394E-03
1.03544E+02 6.66914E-03
1.04078E+02 6.66442E-03
1.04583E+02 6.66005E-03
1.05057E+02 6.65602E-03
1.05499E+02 6.65223E-03
1.05909E+02 6.64878E-03
1.06286E+02 6.64557E-03
1.06628E+02 6.64260E-03
1.06937E+02 6.63999E-03
1.07210E+02 6.63774E-03
1.07448E+02 6.63572E-03
1.07650E+02 6.63406E-03
1.07816E+02 6.63264E-03
1.07945E+02 6.63157E-03
1.08037E+02 6.63073E-03
1.08093E+02 6.63026E-03
1.08112E+02 6.63014E-03
1.08093E+02 6.63026E-03
1.08037E+02 6.63073E-03
1.07945E+02 6.63157E-03
1.07816E+02 6.63264E-03
1.07650E+02 6.63406E-03
1.07448E+02 6.63572E-03
1.07210E+02 6.63774E-03
1.06937E+02 6.63999E-03
1.06628E+02 6.64260E-03
1.06286E+02 6.64558E-03
1.05909E+02 6.64878E-03
1.05499E+02 6.65223E-03
1.05057E+02 6.65602E-03
1.04583E+02 6.66005E-03
1.04078E+02 6.66442E-03
1.03544E+02 6.66914E-03
1.02980E+02 6.67394E-03
1.02389E+02 6.67908E-03
1.01772E+02 6.68457E-03
1.01129E+02 6.69016E-03
1.00462E+02 6.69609E-03
9.97726E+01 6.70222E-03
9.90618E+01 6.70854E-03
9.83312E+01 6.71515E-03
9.75826E+01 6.72183E-03
9.68174E+01 6.72882E-03
9.60374E+01 6.73588E-03
9.52445E+01 6.74320E-03
9.44405E+01 6.75055E-03
9.36273E+01 6.75812E-03
9.28071E+01 6.76573E-03
9.19818E+01 6.77346E-03
9.11536E+01 6.78128E-03
9.03247E+01 6.78905E-03
8.94975E+01 6.79687E-03
8.86743E+01 6.80477E-03
8.78574E+01 6.81258E-03
8.70493E+01 6.82038E-03
8.62526E+01 6.82804E-03
8.54697E+01 6.83569E-03
8.47032E+01 6.84310E-03
8.39557E+01 6.85039E-03
8.32297E+01 6.85755E-03
8.25279E+01 6.86444E-03
8.18529E+01 6.87107E-03
8.12071E+01 6.87748E-03
8.05930E+01 6.88354E-03
8.00132E+01 6.88930E-03
7.94699E+01 6.89470E-03
7.89654E+01 6.89973E-03
7.85018E+01 6.90434E-03
7.80812E+01 6.90855E-03
7.77054E+01 6.91232E-03
7.73761E+01 6.91561E-03
7.70948E+01 6.91842E-03
7.68629E+01 6.92075E-03
7.66813E+01 6.92257E-03
7.65510E+01 6.92388E-03
7.64726E+01 6.92467E-03
7.64464E+01 6.92493E-03
