Will plot unflagged data


File # 1  = raise.vis
raise.vis 4.7863 GHz
Read 121 visibilities from all files

Baseline 1-2, plot 121 points
1.72675E+00 -8.12454E-01
1.72734E+00 -8.26858E-01
1.72911E+00 -8.41688E-01
1.73205E+00 -8.54874E-01
1.73616E+00 -8.68458E-01
1.74139E+00 -8.80364E-01
1.74775E+00 -8.92638E-01
1.75519E+00 -9.03199E-01
1.76367E+00 -9.14097E-01
1.77317E+00 -9.24284E-01
1.78365E+00 -9.33742E-01
1.79504E+00 -9.42458E-01
1.80731E+00 -9.50415E-01
1.82041E+00 -9.57600E-01
1.83428E+00 -9.63998E-01
1.84887E+00 -9.70628E-01
1.86412E+00 -9.75412E-01
1.87997E+00 -9.80403E-01
1.89636E+00 -9.84556E-01
1.91325E+00 -9.87861E-01
1.93056E+00 -9.90307E-01
1.94825E+00 -9.92917E-01
1.96624E+00 -9.94649E-01
1.98449E+00 -9.94469E-01
2.00295E+00 -9.94426E-01
2.02154E+00 -9.94511E-01
2.04023E+00 -9.92654E-01
2.05895E+00 -9.90880E-01
2.07766E+00 -9.88159E-01
2.09630E+00 -9.84488E-01
2.11483E+00 -9.80892E-01
2.13319E+00 -9.76339E-01
2.15135E+00 -9.70827E-01
2.16926E+00 -9.64353E-01
2.18688E+00 -9.57947E-01
2.20416E+00 -9.50576E-01
2.22108E+00 -9.42240E-01
2.23758E+00 -9.33970E-01
2.25363E+00 -9.24735E-01
2.26921E+00 -9.14536E-01
2.28427E+00 -9.03373E-01
2.29879E+00 -8.92283E-01
2.31274E+00 -8.81268E-01
2.32609E+00 -8.68265E-01
2.33881E+00 -8.55344E-01
2.35088E+00 -8.41478E-01
2.36228E+00 -8.27704E-01
2.37299E+00 -8.12996E-01
2.38298E+00 -7.97359E-01
2.39224E+00 -7.81834E-01
2.40075E+00 -7.65397E-01
2.40849E+00 -7.48055E-01
2.41546E+00 -7.30849E-01
2.42163E+00 -7.12758E-01
2.42700E+00 -6.94825E-01
2.43157E+00 -6.76026E-01
2.43531E+00 -6.56374E-01
2.43823E+00 -6.35881E-01
2.44032E+00 -6.16625E-01
2.44157E+00 -5.95520E-01
2.44199E+00 -5.74646E-01
2.44157E+00 -5.52985E-01
2.44032E+00 -5.31584E-01
2.43823E+00 -5.08393E-01
2.43531E+00 -4.86526E-01
2.43157E+00 -4.63934E-01
2.42700E+00 -4.40634E-01
2.42163E+00 -4.16644E-01
2.41546E+00 -3.93013E-01
2.40849E+00 -3.68728E-01
2.40075E+00 -3.44841E-01
2.39224E+00 -3.20337E-01
2.38298E+00 -2.95236E-01
2.37299E+00 -2.70591E-01
2.36228E+00 -2.45391E-01
2.35089E+00 -2.19654E-01
2.33881E+00 -1.94436E-01
2.32609E+00 -1.68726E-01
2.31274E+00 -1.43577E-01
2.29879E+00 -1.16946E-01
2.28427E+00 -9.09213E-02
2.26921E+00 -6.55256E-02
2.25363E+00 -3.97491E-02
2.23758E+00 -1.36144E-02
2.22108E+00 1.28547E-02
2.20416E+00 3.86027E-02
2.18688E+00 6.46383E-02
2.16926E+00 9.09379E-02
2.15135E+00 1.16446E-01
2.13319E+00 1.42171E-01
2.11483E+00 1.68089E-01
2.09630E+00 1.94176E-01
2.07766E+00 2.19380E-01
2.05895E+00 2.44707E-01
2.04023E+00 2.70134E-01
2.02154E+00 2.94612E-01
2.00295E+00 3.20149E-01
1.98450E+00 3.44657E-01
1.96624E+00 3.68110E-01
1.94825E+00 3.92542E-01
1.93056E+00 4.16901E-01
1.91325E+00 4.40133E-01
1.89637E+00 4.63244E-01
1.87997E+00 4.86212E-01
1.86412E+00 5.09012E-01
1.84887E+00 5.30588E-01
1.83428E+00 5.52981E-01
1.82041E+00 5.74102E-01
1.80731E+00 5.94960E-01
1.79504E+00 6.15533E-01
1.78365E+00 6.35795E-01
1.77318E+00 6.55725E-01
1.76367E+00 6.75299E-01
1.75519E+00 6.94496E-01
1.74775E+00 7.12262E-01
1.74140E+00 7.30639E-01
1.73616E+00 7.47545E-01
1.73205E+00 7.65022E-01
1.72911E+00 7.80990E-01
1.72734E+00 7.97490E-01
1.72675E+00 8.12451E-01
