Will plot unflagged data


File # 1  = raise.vis
raise.vis 4.7863 GHz
Read 121 visibilities from all files

Baseline 1-2, plot 121 points
1.72675E+00 1.26063E+00
1.72734E+00 1.26062E+00
1.72911E+00 1.26062E+00
1.73205E+00 1.26060E+00
1.73616E+00 1.26059E+00
1.74139E+00 1.26056E+00
1.74775E+00 1.26053E+00
1.75519E+00 1.26050E+00
1.76367E+00 1.26046E+00
1.77317E+00 1.26042E+00
1.78365E+00 1.26037E+00
1.79504E+00 1.26032E+00
1.80731E+00 1.26026E+00
1.82041E+00 1.26020E+00
1.83428E+00 1.26014E+00
1.84887E+00 1.26007E+00
1.86412E+00 1.25999E+00
1.87997E+00 1.25992E+00
1.89636E+00 1.25984E+00
1.91325E+00 1.25976E+00
1.93056E+00 1.25967E+00
1.94825E+00 1.25959E+00
1.96624E+00 1.25950E+00
1.98449E+00 1.25940E+00
2.00295E+00 1.25931E+00
2.02154E+00 1.25922E+00
2.04023E+00 1.25912E+00
2.05895E+00 1.25903E+00
2.07766E+00 1.25893E+00
2.09630E+00 1.25883E+00
2.11483E+00 1.25874E+00
2.13319E+00 1.25864E+00
2.15135E+00 1.25854E+00
2.16926E+00 1.25844E+00
2.18688E+00 1.25835E+00
2.20416E+00 1.25826E+00
2.22108E+00 1.25816E+00
2.23758E+00 1.25807E+00
2.25363E+00 1.25799E+00
2.26921E+00 1.25790E+00
2.28427E+00 1.25781E+00
2.29879E+00 1.25773E+00
2.31274E+00 1.25766E+00
2.32609E+00 1.25757E+00
2.33881E+00 1.25750E+00
2.35088E+00 1.25743E+00
2.36228E+00 1.25737E+00
2.37299E+00 1.25731E+00
2.38298E+00 1.25724E+00
2.39224E+00 1.25719E+00
2.40075E+00 1.25714E+00
2.40849E+00 1.25709E+00
2.41546E+00 1.25705E+00
2.42163E+00 1.25702E+00
2.42700E+00 1.25699E+00
2.43157E+00 1.25696E+00
2.43531E+00 1.25694E+00
2.43823E+00 1.25691E+00
2.44032E+00 1.25691E+00
2.44157E+00 1.25690E+00
2.44199E+00 1.25690E+00
2.44157E+00 1.25690E+00
2.44032E+00 1.25691E+00
2.43823E+00 1.25691E+00
2.43531E+00 1.25694E+00
2.43157E+00 1.25696E+00
2.42700E+00 1.25699E+00
2.42163E+00 1.25702E+00
2.41546E+00 1.25705E+00
2.40849E+00 1.25709E+00
2.40075E+00 1.25714E+00
2.39224E+00 1.25719E+00
2.38298E+00 1.25724E+00
2.37299E+00 1.25731E+00
2.36228E+00 1.25737E+00
2.35089E+00 1.25743E+00
2.33881E+00 1.25750E+00
2.32609E+00 1.25757E+00
2.31274E+00 1.25766E+00
2.29879E+00 1.25773E+00
2.28427E+00 1.25781E+00
2.26921E+00 1.25790E+00
2.25363E+00 1.25799E+00
2.23758E+00 1.25807E+00
2.22108E+00 1.25816E+00
2.20416E+00 1.25826E+00
2.18688E+00 1.25835E+00
2.16926E+00 1.25844E+00
2.15135E+00 1.25854E+00
2.13319E+00 1.25864E+00
2.11483E+00 1.25874E+00
2.09630E+00 1.25883E+00
2.07766E+00 1.25893E+00
2.05895E+00 1.25903E+00
2.04023E+00 1.25912E+00
2.02154E+00 1.25922E+00
2.00295E+00 1.25931E+00
1.98450E+00 1.25940E+00
1.96624E+00 1.25950E+00
1.94825E+00 1.25959E+00
1.93056E+00 1.25967E+00
1.91325E+00 1.25976E+00
1.89637E+00 1.25984E+00
1.87997E+00 1.25992E+00
1.86412E+00 1.25999E+00
1.84887E+00 1.26007E+00
1.83428E+00 1.26014E+00
1.82041E+00 1.26020E+00
1.80731E+00 1.26026E+00
1.79504E+00 1.26032E+00
1.78365E+00 1.26037E+00
1.77318E+00 1.26042E+00
1.76367E+00 1.26046E+00
1.75519E+00 1.26050E+00
1.74775E+00 1.26053E+00
1.74140E+00 1.26056E+00
1.73616E+00 1.26058E+00
1.73205E+00 1.26060E+00
1.72911E+00 1.26062E+00
1.72734E+00 1.26062E+00
1.72675E+00 1.26063E+00
