Will plot unflagged data


File # 1  = raise.vis
raise.vis 1.5136 GHz
Read 121 visibilities from all files

Baseline 1-4, plot 121 points
7.64464E+00 -1.62755E+00
7.64726E+00 -1.65746E+00
7.65510E+00 -1.68614E+00
7.66813E+00 -1.71254E+00
7.68629E+00 -1.73871E+00
7.70948E+00 -1.76359E+00
7.73761E+00 -1.78715E+00
7.77054E+00 -1.81040E+00
7.80812E+00 -1.83124E+00
7.85018E+00 -1.85068E+00
7.89653E+00 -1.86972E+00
7.94698E+00 -1.88733E+00
8.00131E+00 -1.90350E+00
8.05930E+00 -1.91809E+00
8.12070E+00 -1.93207E+00
8.18528E+00 -1.94440E+00
8.25279E+00 -1.95508E+00
8.32297E+00 -1.96408E+00
8.39556E+00 -1.97242E+00
8.47031E+00 -1.97905E+00
8.54696E+00 -1.98498E+00
8.62525E+00 -1.98917E+00
8.70493E+00 -1.99160E+00
8.78573E+00 -1.99329E+00
8.86742E+00 -1.99321E+00
8.94975E+00 -1.99134E+00
9.03247E+00 -1.98970E+00
9.11535E+00 -1.98512E+00
9.19817E+00 -1.97966E+00
9.28070E+00 -1.97333E+00
9.36273E+00 -1.96508E+00
9.44404E+00 -1.95493E+00
9.52444E+00 -1.94388E+00
9.60374E+00 -1.93195E+00
9.68173E+00 -1.91810E+00
9.75825E+00 -1.90335E+00
9.83312E+00 -1.88771E+00
9.90617E+00 -1.87014E+00
9.97725E+00 -1.85167E+00
1.00462E+01 -1.83129E+00
1.01129E+01 -1.81001E+00
1.01772E+01 -1.78786E+00
1.02389E+01 -1.76380E+00
1.02980E+01 -1.73888E+00
1.03544E+01 -1.71309E+00
1.04078E+01 -1.68645E+00
1.04583E+01 -1.65790E+00
1.05057E+01 -1.62850E+00
1.05499E+01 -1.59724E+00
1.05909E+01 -1.56617E+00
1.06286E+01 -1.53328E+00
1.06628E+01 -1.49960E+00
1.06937E+01 -1.46413E+00
1.07210E+01 -1.42790E+00
1.07448E+01 -1.39096E+00
1.07650E+01 -1.35331E+00
1.07816E+01 -1.31498E+00
1.07945E+01 -1.27497E+00
1.08037E+01 -1.23433E+00
1.08093E+01 -1.19309E+00
1.08112E+01 -1.15128E+00
1.08093E+01 -1.10788E+00
1.08037E+01 -1.06397E+00
1.07945E+01 -1.01958E+00
1.07816E+01 -9.74734E-01
1.07650E+01 -9.28435E-01
1.07448E+01 -8.81748E-01
1.07210E+01 -8.34710E-01
1.06937E+01 -7.87353E-01
1.06628E+01 -7.39714E-01
1.06286E+01 -6.90800E-01
1.05909E+01 -6.41677E-01
1.05499E+01 -5.91355E-01
1.05057E+01 -5.41929E-01
1.04583E+01 -4.91380E-01
1.04078E+01 -4.40773E-01
1.03544E+01 -3.89123E-01
1.02980E+01 -3.37521E-01
1.02389E+01 -2.86019E-01
1.01772E+01 -2.34662E-01
1.01129E+01 -1.82465E-01
1.00462E+01 -1.30502E-01
9.97726E+00 -7.88181E-02
9.90618E+00 -2.64273E-02
9.83312E+00 2.55930E-02
9.75826E+00 7.82293E-02
9.68174E+00 1.30403E-01
9.60374E+00 1.82065E-01
9.52445E+00 2.34203E-01
9.44405E+00 2.85736E-01
9.36273E+00 3.36618E-01
9.28071E+00 3.87836E-01
9.19818E+00 4.39345E-01
9.11536E+00 4.90073E-01
9.03247E+00 5.39985E-01
8.94975E+00 5.91100E-01
8.86743E+00 6.40225E-01
8.78574E+00 6.89321E-01
8.70493E+00 7.38355E-01
8.62526E+00 7.86257E-01
8.54697E+00 8.34015E-01
8.47032E+00 8.81588E-01
8.39557E+00 9.27896E-01
8.32297E+00 9.73927E-01
8.25280E+00 1.01860E+00
8.18529E+00 1.06292E+00
8.12071E+00 1.10683E+00
8.05930E+00 1.15030E+00
8.00132E+00 1.19229E+00
7.94699E+00 1.23372E+00
7.89654E+00 1.27446E+00
7.85018E+00 1.31448E+00
7.80812E+00 1.35273E+00
7.77054E+00 1.39019E+00
7.73761E+00 1.42787E+00
7.70949E+00 1.46366E+00
7.68629E+00 1.49856E+00
7.66813E+00 1.53253E+00
7.65510E+00 1.56450E+00
7.64726E+00 1.59652E+00
7.64464E+00 1.62755E+00
