Will plot unflagged data


File # 1  = raise.vis
raise.vis 1.5136 GHz
Read 121 visibilities from all files

Baseline 1-4, plot 121 points
7.64464E+00 3.94090E-01
7.64726E+00 3.94086E-01
7.65510E+00 3.94075E-01
7.66813E+00 3.94055E-01
7.68629E+00 3.94029E-01
7.70948E+00 3.93995E-01
7.73761E+00 3.93954E-01
7.77054E+00 3.93907E-01
7.80812E+00 3.93851E-01
7.85018E+00 3.93787E-01
7.89653E+00 3.93719E-01
7.94698E+00 3.93645E-01
8.00131E+00 3.93564E-01
8.05930E+00 3.93477E-01
8.12070E+00 3.93387E-01
8.18528E+00 3.93291E-01
8.25279E+00 3.93189E-01
8.32297E+00 3.93082E-01
8.39556E+00 3.92973E-01
8.47031E+00 3.92859E-01
8.54696E+00 3.92744E-01
8.62525E+00 3.92625E-01
8.70493E+00 3.92501E-01
8.78573E+00 3.92379E-01
8.86742E+00 3.92253E-01
8.94975E+00 3.92123E-01
9.03247E+00 3.92001E-01
9.11535E+00 3.91870E-01
9.19817E+00 3.91741E-01
9.28070E+00 3.91616E-01
9.36273E+00 3.91487E-01
9.44404E+00 3.91356E-01
9.52444E+00 3.91229E-01
9.60374E+00 3.91106E-01
9.68173E+00 3.90982E-01
9.75825E+00 3.90861E-01
9.83312E+00 3.90746E-01
9.90617E+00 3.90630E-01
9.97725E+00 3.90519E-01
1.00462E+01 3.90407E-01
1.01129E+01 3.90301E-01
1.01772E+01 3.90201E-01
1.02389E+01 3.90100E-01
1.02980E+01 3.90006E-01
1.03544E+01 3.89919E-01
1.04078E+01 3.89838E-01
1.04583E+01 3.89757E-01
1.05057E+01 3.89682E-01
1.05499E+01 3.89607E-01
1.05909E+01 3.89547E-01
1.06286E+01 3.89487E-01
1.06628E+01 3.89433E-01
1.06937E+01 3.89380E-01
1.07210E+01 3.89334E-01
1.07448E+01 3.89296E-01
1.07650E+01 3.89265E-01
1.07816E+01 3.89242E-01
1.07945E+01 3.89219E-01
1.08037E+01 3.89203E-01
1.08093E+01 3.89196E-01
1.08112E+01 3.89196E-01
1.08093E+01 3.89196E-01
1.08037E+01 3.89203E-01
1.07945E+01 3.89219E-01
1.07816E+01 3.89242E-01
1.07650E+01 3.89265E-01
1.07448E+01 3.89296E-01
1.07210E+01 3.89334E-01
1.06937E+01 3.89380E-01
1.06628E+01 3.89434E-01
1.06286E+01 3.89487E-01
1.05909E+01 3.89547E-01
1.05499E+01 3.89607E-01
1.05057E+01 3.89682E-01
1.04583E+01 3.89757E-01
1.04078E+01 3.89838E-01
1.03544E+01 3.89919E-01
1.02980E+01 3.90006E-01
1.02389E+01 3.90100E-01
1.01772E+01 3.90201E-01
1.01129E+01 3.90301E-01
1.00462E+01 3.90407E-01
9.97726E+00 3.90519E-01
9.90618E+00 3.90630E-01
9.83312E+00 3.90746E-01
9.75826E+00 3.90861E-01
9.68174E+00 3.90982E-01
9.60374E+00 3.91106E-01
9.52445E+00 3.91229E-01
9.44405E+00 3.91356E-01
9.36273E+00 3.91487E-01
9.28071E+00 3.91616E-01
9.19818E+00 3.91741E-01
9.11536E+00 3.91870E-01
9.03247E+00 3.92001E-01
8.94975E+00 3.92123E-01
8.86743E+00 3.92253E-01
8.78574E+00 3.92379E-01
8.70493E+00 3.92502E-01
8.62526E+00 3.92625E-01
8.54697E+00 3.92744E-01
8.47032E+00 3.92859E-01
8.39557E+00 3.92973E-01
8.32297E+00 3.93082E-01
8.25280E+00 3.93189E-01
8.18529E+00 3.93291E-01
8.12071E+00 3.93387E-01
8.05930E+00 3.93477E-01
8.00132E+00 3.93564E-01
7.94699E+00 3.93645E-01
7.89654E+00 3.93719E-01
7.85018E+00 3.93787E-01
7.80812E+00 3.93851E-01
7.77054E+00 3.93907E-01
7.73761E+00 3.93954E-01
7.70949E+00 3.93995E-01
7.68629E+00 3.94029E-01
7.66813E+00 3.94055E-01
7.65510E+00 3.94075E-01
7.64726E+00 3.94086E-01
7.64464E+00 3.94090E-01
