Will plot unflagged data


File # 1  = raise.vis
raise.vis 15.1356 GHz
Read 121 visibilities from all files

Baseline 1-2, plot 121 points
5.46046E+00 2.51524E-01
5.46233E+00 2.51522E-01
5.46793E+00 2.51519E-01
5.47724E+00 2.51513E-01
5.49021E+00 2.51505E-01
5.50677E+00 2.51495E-01
5.52686E+00 2.51482E-01
5.55038E+00 2.51468E-01
5.57723E+00 2.51451E-01
5.60727E+00 2.51431E-01
5.64038E+00 2.51411E-01
5.67642E+00 2.51387E-01
5.71522E+00 2.51363E-01
5.75664E+00 2.51337E-01
5.80050E+00 2.51308E-01
5.84663E+00 2.51278E-01
5.89485E+00 2.51247E-01
5.94498E+00 2.51214E-01
5.99683E+00 2.51179E-01
6.05022E+00 2.51143E-01
6.10497E+00 2.51106E-01
6.16090E+00 2.51067E-01
6.21781E+00 2.51029E-01
6.27552E+00 2.50990E-01
6.33387E+00 2.50948E-01
6.39268E+00 2.50908E-01
6.45176E+00 2.50866E-01
6.51097E+00 2.50825E-01
6.57012E+00 2.50783E-01
6.62907E+00 2.50740E-01
6.68766E+00 2.50698E-01
6.74575E+00 2.50657E-01
6.80317E+00 2.50615E-01
6.85981E+00 2.50573E-01
6.91552E+00 2.50531E-01
6.97018E+00 2.50492E-01
7.02366E+00 2.50452E-01
7.07584E+00 2.50413E-01
7.12661E+00 2.50374E-01
7.17587E+00 2.50337E-01
7.22350E+00 2.50300E-01
7.26942E+00 2.50265E-01
7.31353E+00 2.50232E-01
7.35574E+00 2.50199E-01
7.39597E+00 2.50168E-01
7.43415E+00 2.50139E-01
7.47020E+00 2.50111E-01
7.50405E+00 2.50085E-01
7.53564E+00 2.50059E-01
7.56492E+00 2.50036E-01
7.59183E+00 2.50015E-01
7.61631E+00 2.49994E-01
7.63834E+00 2.49980E-01
7.65787E+00 2.49962E-01
7.67486E+00 2.49950E-01
7.68929E+00 2.49938E-01
7.70113E+00 2.49929E-01
7.71036E+00 2.49923E-01
7.71696E+00 2.49917E-01
7.72093E+00 2.49914E-01
7.72225E+00 2.49911E-01
7.72093E+00 2.49914E-01
7.71696E+00 2.49917E-01
7.71036E+00 2.49923E-01
7.70113E+00 2.49929E-01
7.68929E+00 2.49938E-01
7.67486E+00 2.49950E-01
7.65787E+00 2.49962E-01
7.63834E+00 2.49980E-01
7.61631E+00 2.49994E-01
7.59183E+00 2.50015E-01
7.56492E+00 2.50036E-01
7.53564E+00 2.50059E-01
7.50405E+00 2.50085E-01
7.47020E+00 2.50111E-01
7.43415E+00 2.50139E-01
7.39598E+00 2.50168E-01
7.35574E+00 2.50199E-01
7.31353E+00 2.50232E-01
7.26942E+00 2.50265E-01
7.22351E+00 2.50300E-01
7.17587E+00 2.50337E-01
7.12661E+00 2.50374E-01
7.07584E+00 2.50413E-01
7.02366E+00 2.50452E-01
6.97018E+00 2.50492E-01
6.91553E+00 2.50531E-01
6.85982E+00 2.50573E-01
6.80318E+00 2.50615E-01
6.74575E+00 2.50657E-01
6.68767E+00 2.50698E-01
6.62908E+00 2.50740E-01
6.57013E+00 2.50783E-01
6.51097E+00 2.50825E-01
6.45177E+00 2.50866E-01
6.39268E+00 2.50908E-01
6.33388E+00 2.50948E-01
6.27553E+00 2.50990E-01
6.21781E+00 2.51029E-01
6.16090E+00 2.51067E-01
6.10498E+00 2.51106E-01
6.05023E+00 2.51142E-01
5.99683E+00 2.51179E-01
5.94498E+00 2.51214E-01
5.89485E+00 2.51247E-01
5.84663E+00 2.51278E-01
5.80051E+00 2.51308E-01
5.75665E+00 2.51337E-01
5.71523E+00 2.51363E-01
5.67642E+00 2.51388E-01
5.64038E+00 2.51411E-01
5.60727E+00 2.51431E-01
5.57723E+00 2.51451E-01
5.55039E+00 2.51468E-01
5.52687E+00 2.51482E-01
5.50677E+00 2.51495E-01
5.49021E+00 2.51505E-01
5.47724E+00 2.51513E-01
5.46793E+00 2.51519E-01
5.46233E+00 2.51522E-01
5.46046E+00 2.51524E-01
