Will plot unflagged data


File # 1  = raise.vis
raise.vis 15.1356 GHz
Read 121 visibilities from all files

Baseline 1-2, plot 121 points
5.46046E+00 -1.47787E+00
5.46233E+00 -1.50434E+00
5.46793E+00 -1.53073E+00
5.47724E+00 -1.55496E+00
5.49021E+00 -1.57907E+00
5.50677E+00 -1.60201E+00
5.52686E+00 -1.62272E+00
5.55038E+00 -1.64323E+00
5.57723E+00 -1.66250E+00
5.60727E+00 -1.68048E+00
5.64038E+00 -1.69818E+00
5.67642E+00 -1.71354E+00
5.71522E+00 -1.72858E+00
5.75664E+00 -1.74228E+00
5.80050E+00 -1.75455E+00
5.84663E+00 -1.76531E+00
5.89485E+00 -1.77557E+00
5.94498E+00 -1.78430E+00
5.99683E+00 -1.79149E+00
6.05022E+00 -1.79711E+00
6.10497E+00 -1.80218E+00
6.16090E+00 -1.80567E+00
6.21781E+00 -1.80857E+00
6.27552E+00 -1.80985E+00
6.33387E+00 -1.80950E+00
6.39268E+00 -1.80853E+00
6.45176E+00 -1.80591E+00
6.51097E+00 -1.80266E+00
6.57012E+00 -1.79774E+00
6.62907E+00 -1.79114E+00
6.68766E+00 -1.78379E+00
6.74575E+00 -1.77573E+00
6.80317E+00 -1.76590E+00
6.85981E+00 -1.75432E+00
6.91552E+00 -1.74201E+00
6.97018E+00 -1.72898E+00
7.02366E+00 -1.71419E+00
7.07584E+00 -1.69868E+00
7.12661E+00 -1.68142E+00
7.17587E+00 -1.66343E+00
7.22350E+00 -1.64370E+00
7.26942E+00 -1.62325E+00
7.31353E+00 -1.60209E+00
7.35574E+00 -1.57920E+00
7.39597E+00 -1.55562E+00
7.43415E+00 -1.53135E+00
7.47020E+00 -1.50537E+00
7.50405E+00 -1.47873E+00
7.53564E+00 -1.45041E+00
7.56492E+00 -1.42144E+00
7.59183E+00 -1.39184E+00
7.61631E+00 -1.36061E+00
7.63834E+00 -1.32980E+00
7.65787E+00 -1.29636E+00
7.67486E+00 -1.26338E+00
7.68929E+00 -1.22883E+00
7.70113E+00 -1.19376E+00
7.71036E+00 -1.15819E+00
7.71696E+00 -1.12110E+00
7.72093E+00 -1.08357E+00
7.72225E+00 -1.04457E+00
7.72093E+00 -1.00619E+00
7.71696E+00 -9.66414E-01
7.71036E+00 -9.26283E-01
7.70113E+00 -8.84803E-01
7.68929E+00 -8.43033E-01
7.67486E+00 -8.01005E-01
7.65787E+00 -7.57721E-01
7.63834E+00 -7.15272E-01
7.61631E+00 -6.70606E-01
7.59183E+00 -6.26845E-01
7.56492E+00 -5.81967E-01
7.53564E+00 -5.37036E-01
7.50405E+00 -4.92091E-01
7.47020E+00 -4.46137E-01
7.43415E+00 -4.00244E-01
7.39598E+00 -3.53418E-01
7.35574E+00 -3.06731E-01
7.31353E+00 -2.60222E-01
7.26942E+00 -2.12899E-01
7.22351E+00 -1.65835E-01
7.17587E+00 -1.19071E-01
7.12661E+00 -7.16153E-02
7.07584E+00 -2.45430E-02
7.02366E+00 2.31369E-02
6.97018E+00 7.03496E-02
6.91553E+00 1.18086E-01
6.85982E+00 1.65271E-01
6.80318E+00 2.11866E-01
6.74575E+00 2.58862E-01
6.68767E+00 3.06219E-01
6.62908E+00 3.52872E-01
6.57013E+00 3.98788E-01
6.51097E+00 4.44893E-01
6.45177E+00 4.91120E-01
6.39268E+00 5.36403E-01
6.33388E+00 5.81732E-01
6.27553E+00 6.26037E-01
6.21781E+00 6.70308E-01
6.16090E+00 7.14504E-01
6.10498E+00 7.57550E-01
6.05023E+00 8.00435E-01
5.99683E+00 8.42084E-01
5.94498E+00 8.83491E-01
5.89485E+00 9.24616E-01
5.84663E+00 9.65424E-01
5.80051E+00 1.00486E+00
5.75665E+00 1.04391E+00
5.71523E+00 1.08248E+00
5.67642E+00 1.12047E+00
5.64038E+00 1.15683E+00
5.60727E+00 1.19358E+00
5.57723E+00 1.22864E+00
5.55039E+00 1.26300E+00
5.52687E+00 1.29662E+00
5.50677E+00 1.32843E+00
5.49021E+00 1.36046E+00
5.47724E+00 1.39166E+00
5.46793E+00 1.42095E+00
5.46233E+00 1.45037E+00
5.46046E+00 1.47786E+00
