Will plot unflagged data


File # 1  = raise.vis
raise.vis 4.7863 GHz
Read 121 visibilities from all files

Baseline 1-2, plot 121 points
1.72675E+00 -4.67342E-01
1.72734E+00 -4.76276E-01
1.72911E+00 -4.83842E-01
1.73205E+00 -4.92084E-01
1.73616E+00 -4.98937E-01
1.74139E+00 -5.06447E-01
1.74775E+00 -5.13576E-01
1.75519E+00 -5.20313E-01
1.76367E+00 -5.25618E-01
1.77317E+00 -5.31544E-01
1.78365E+00 -5.37049E-01
1.79504E+00 -5.42126E-01
1.80731E+00 -5.46765E-01
1.82041E+00 -5.50958E-01
1.83428E+00 -5.54697E-01
1.84887E+00 -5.57973E-01
1.86412E+00 -5.61811E-01
1.87997E+00 -5.64140E-01
1.89636E+00 -5.65984E-01
1.91325E+00 -5.68369E-01
1.93056E+00 -5.70257E-01
1.94825E+00 -5.71640E-01
1.96624E+00 -5.71481E-01
1.98449E+00 -5.71839E-01
2.00295E+00 -5.72710E-01
2.02154E+00 -5.72023E-01
2.04023E+00 -5.70806E-01
2.05895E+00 -5.70089E-01
2.07766E+00 -5.68834E-01
2.09630E+00 -5.66006E-01
2.11483E+00 -5.63667E-01
2.13319E+00 -5.60782E-01
2.15135E+00 -5.58381E-01
2.16926E+00 -5.54397E-01
2.18688E+00 -5.50894E-01
2.20416E+00 -5.46838E-01
2.22108E+00 -5.42229E-01
2.23758E+00 -5.37065E-01
2.25363E+00 -5.31348E-01
2.26921E+00 -5.26109E-01
2.28427E+00 -5.19286E-01
2.29879E+00 -5.12943E-01
2.31274E+00 -5.06049E-01
2.32609E+00 -4.99638E-01
2.33881E+00 -4.91650E-01
2.35088E+00 -4.84149E-01
2.36228E+00 -4.76108E-01
2.37299E+00 -4.67530E-01
2.38298E+00 -4.58419E-01
2.39224E+00 -4.49807E-01
2.40075E+00 -4.39642E-01
2.40849E+00 -4.29985E-01
2.41546E+00 -4.19814E-01
2.42163E+00 -4.10161E-01
2.42700E+00 -3.98977E-01
2.43157E+00 -3.88324E-01
2.43531E+00 -3.77180E-01
2.43823E+00 -3.65552E-01
2.44032E+00 -3.54475E-01
2.44157E+00 -3.42929E-01
2.44199E+00 -3.29894E-01
2.44157E+00 -3.18462E-01
2.44032E+00 -3.05558E-01
2.43823E+00 -2.92218E-01
2.43531E+00 -2.79479E-01
2.43157E+00 -2.66324E-01
2.42700E+00 -2.52761E-01
2.42163E+00 -2.39829E-01
2.41546E+00 -2.25483E-01
2.40849E+00 -2.11788E-01
2.40075E+00 -1.97728E-01
2.39224E+00 -1.84343E-01
2.38298E+00 -1.69586E-01
2.37299E+00 -1.55527E-01
2.36228E+00 -1.41148E-01
2.35089E+00 -1.26462E-01
2.33881E+00 -1.11481E-01
2.32609E+00 -9.72468E-02
2.31274E+00 -8.17125E-02
2.29879E+00 -6.69510E-02
2.28427E+00 -5.19451E-02
2.26921E+00 -3.77391E-02
2.25363E+00 -2.22840E-02
2.23758E+00 -7.65573E-03
2.22108E+00 7.16345E-03
2.20416E+00 2.21600E-02
2.18688E+00 3.73201E-02
2.16926E+00 5.26299E-02
2.15135E+00 6.70433E-02
2.13319E+00 8.26105E-02
2.11483E+00 9.72527E-02
2.09630E+00 1.11988E-01
2.07766E+00 1.25770E-01
2.05895E+00 1.40649E-01
2.04023E+00 1.55578E-01
2.02154E+00 1.69510E-01
2.00295E+00 1.83463E-01
1.98450E+00 1.98457E-01
1.96624E+00 2.12409E-01
1.94825E+00 2.25307E-01
1.93056E+00 2.39202E-01
1.91325E+00 2.53045E-01
1.89637E+00 2.66824E-01
1.87997E+00 2.79490E-01
1.86412E+00 2.92063E-01
1.84887E+00 3.05560E-01
1.83428E+00 3.17904E-01
1.82041E+00 3.30111E-01
1.80731E+00 3.42170E-01
1.79504E+00 3.54065E-01
1.78365E+00 3.65784E-01
1.77318E+00 3.77313E-01
1.76367E+00 3.88638E-01
1.75519E+00 3.98717E-01
1.74775E+00 4.09599E-01
1.74140E+00 4.20238E-01
1.73616E+00 4.30624E-01
1.73205E+00 4.39716E-01
1.72911E+00 4.49559E-01
1.72734E+00 4.58086E-01
1.72675E+00 4.67340E-01
