Will plot unflagged data


File # 1  = raise.vis
raise.vis 4.7863 GHz
Read 121 visibilities from all files

Baseline 1-2, plot 121 points
1.72675E+00 5.76976E-01
1.72734E+00 5.76976E-01
1.72911E+00 5.76974E-01
1.73205E+00 5.76972E-01
1.73616E+00 5.76970E-01
1.74139E+00 5.76966E-01
1.74775E+00 5.76962E-01
1.75519E+00 5.76957E-01
1.76367E+00 5.76951E-01
1.77317E+00 5.76944E-01
1.78365E+00 5.76937E-01
1.79504E+00 5.76930E-01
1.80731E+00 5.76921E-01
1.82041E+00 5.76912E-01
1.83428E+00 5.76902E-01
1.84887E+00 5.76891E-01
1.86412E+00 5.76881E-01
1.87997E+00 5.76869E-01
1.89636E+00 5.76856E-01
1.91325E+00 5.76845E-01
1.93056E+00 5.76832E-01
1.94825E+00 5.76819E-01
1.96624E+00 5.76804E-01
1.98449E+00 5.76790E-01
2.00295E+00 5.76777E-01
2.02154E+00 5.76762E-01
2.04023E+00 5.76747E-01
2.05895E+00 5.76733E-01
2.07766E+00 5.76719E-01
2.09630E+00 5.76701E-01
2.11483E+00 5.76686E-01
2.13319E+00 5.76670E-01
2.15135E+00 5.76657E-01
2.16926E+00 5.76641E-01
2.18688E+00 5.76627E-01
2.20416E+00 5.76613E-01
2.22108E+00 5.76599E-01
2.23758E+00 5.76584E-01
2.25363E+00 5.76569E-01
2.26921E+00 5.76557E-01
2.28427E+00 5.76541E-01
2.29879E+00 5.76529E-01
2.31274E+00 5.76516E-01
2.32609E+00 5.76506E-01
2.33881E+00 5.76493E-01
2.35088E+00 5.76484E-01
2.36228E+00 5.76474E-01
2.37299E+00 5.76464E-01
2.38298E+00 5.76453E-01
2.39224E+00 5.76447E-01
2.40075E+00 5.76436E-01
2.40849E+00 5.76429E-01
2.41546E+00 5.76423E-01
2.42163E+00 5.76419E-01
2.42700E+00 5.76412E-01
2.43157E+00 5.76409E-01
2.43531E+00 5.76405E-01
2.43823E+00 5.76401E-01
2.44032E+00 5.76401E-01
2.44157E+00 5.76402E-01
2.44199E+00 5.76398E-01
2.44157E+00 5.76401E-01
2.44032E+00 5.76401E-01
2.43823E+00 5.76401E-01
2.43531E+00 5.76405E-01
2.43157E+00 5.76409E-01
2.42700E+00 5.76412E-01
2.42163E+00 5.76419E-01
2.41546E+00 5.76423E-01
2.40849E+00 5.76430E-01
2.40075E+00 5.76436E-01
2.39224E+00 5.76447E-01
2.38298E+00 5.76453E-01
2.37299E+00 5.76464E-01
2.36228E+00 5.76474E-01
2.35089E+00 5.76484E-01
2.33881E+00 5.76494E-01
2.32609E+00 5.76506E-01
2.31274E+00 5.76516E-01
2.29879E+00 5.76529E-01
2.28427E+00 5.76541E-01
2.26921E+00 5.76557E-01
2.25363E+00 5.76569E-01
2.23758E+00 5.76584E-01
2.22108E+00 5.76599E-01
2.20416E+00 5.76613E-01
2.18688E+00 5.76627E-01
2.16926E+00 5.76641E-01
2.15135E+00 5.76657E-01
2.13319E+00 5.76671E-01
2.11483E+00 5.76686E-01
2.09630E+00 5.76701E-01
2.07766E+00 5.76719E-01
2.05895E+00 5.76733E-01
2.04023E+00 5.76747E-01
2.02154E+00 5.76762E-01
2.00295E+00 5.76777E-01
1.98450E+00 5.76790E-01
1.96624E+00 5.76804E-01
1.94825E+00 5.76819E-01
1.93056E+00 5.76832E-01
1.91325E+00 5.76845E-01
1.89637E+00 5.76856E-01
1.87997E+00 5.76869E-01
1.86412E+00 5.76881E-01
1.84887E+00 5.76891E-01
1.83428E+00 5.76902E-01
1.82041E+00 5.76912E-01
1.80731E+00 5.76921E-01
1.79504E+00 5.76930E-01
1.78365E+00 5.76937E-01
1.77318E+00 5.76944E-01
1.76367E+00 5.76951E-01
1.75519E+00 5.76957E-01
1.74775E+00 5.76962E-01
1.74140E+00 5.76966E-01
1.73616E+00 5.76969E-01
1.73205E+00 5.76973E-01
1.72911E+00 5.76975E-01
1.72734E+00 5.76976E-01
1.72675E+00 5.76976E-01
