Will plot unflagged data


File # 1  = raise.vis
raise.vis 0.1514 GHz
Read 121 visibilities from all files

Baseline 3-4, plot 121 points
1.47432E-01 -1.85882E-02
1.47483E-01 -1.92700E-02
1.47634E-01 -1.89130E-02
1.47885E-01 -1.95678E-02
1.48236E-01 -2.02086E-02
1.48683E-01 -1.98091E-02
1.49225E-01 -2.04204E-02
1.49860E-01 -2.10162E-02
1.50585E-01 -2.05705E-02
1.51396E-01 -2.11343E-02
1.52290E-01 -2.16815E-02
1.53263E-01 -2.11858E-02
1.54311E-01 -2.16987E-02
1.55429E-01 -2.21940E-02
1.56614E-01 -2.16451E-02
1.57859E-01 -2.21040E-02
1.59161E-01 -2.25442E-02
1.60514E-01 -2.29654E-02
1.61914E-01 -2.23412E-02
1.63356E-01 -2.27237E-02
1.64834E-01 -2.30863E-02
1.66344E-01 -2.24027E-02
1.67881E-01 -2.27250E-02
1.69439E-01 -2.30269E-02
1.71015E-01 -2.33080E-02
1.72602E-01 -2.25419E-02
1.74198E-01 -2.27811E-02
1.75796E-01 -2.29990E-02
1.77393E-01 -2.21691E-02
1.78985E-01 -2.23441E-02
1.80567E-01 -2.24975E-02
1.82135E-01 -2.26291E-02
1.83686E-01 -2.27389E-02
1.85215E-01 -2.18002E-02
1.86719E-01 -2.18661E-02
1.88195E-01 -2.19100E-02
1.89639E-01 -2.19319E-02
1.91048E-01 -2.09049E-02
1.92418E-01 -2.08826E-02
1.93748E-01 -2.08383E-02
1.95035E-01 -2.07720E-02
1.96274E-01 -2.06837E-02
1.97465E-01 -2.05735E-02
1.98605E-01 -1.94145E-02
1.99691E-01 -1.92607E-02
2.00722E-01 -1.90853E-02
2.01695E-01 -1.88883E-02
2.02609E-01 -1.86700E-02
2.03462E-01 -1.84304E-02
2.04253E-01 -1.81697E-02
2.04979E-01 -1.78882E-02
2.05640E-01 -1.75860E-02
2.06235E-01 -1.72632E-02
2.06762E-01 -1.58933E-02
2.07221E-01 -1.55303E-02
2.07611E-01 -1.51474E-02
2.07930E-01 -1.47451E-02
2.08180E-01 -1.43235E-02
2.08358E-01 -1.38829E-02
2.08465E-01 -1.34237E-02
2.08501E-01 -1.29462E-02
2.08465E-01 -1.24506E-02
2.08358E-01 -1.19374E-02
2.08180E-01 -1.14068E-02
2.07930E-01 -1.08593E-02
2.07611E-01 -1.02951E-02
2.07221E-01 -9.71482E-03
2.06762E-01 -9.11871E-03
2.06235E-01 -9.53414E-03
2.05641E-01 -8.90765E-03
2.04979E-01 -8.26662E-03
2.04253E-01 -7.61150E-03
2.03462E-01 -6.94271E-03
2.02609E-01 -6.26072E-03
2.01695E-01 -5.56600E-03
2.00722E-01 -4.85903E-03
1.99691E-01 -4.14029E-03
1.98605E-01 -3.41027E-03
1.97465E-01 -3.69636E-03
1.96274E-01 -2.94530E-03
1.95035E-01 -2.18448E-03
1.93748E-01 -1.41443E-03
1.92419E-01 -6.35676E-04
1.91048E-01 1.51248E-04
1.89639E-01 -8.09562E-05
1.88195E-01 7.20686E-04
1.86719E-01 1.52886E-03
1.85215E-01 2.34302E-03
1.83686E-01 2.13601E-03
1.82135E-01 2.96047E-03
1.80567E-01 3.78922E-03
1.78985E-01 4.62170E-03
1.77393E-01 5.45734E-03
1.75796E-01 5.26908E-03
1.74198E-01 6.10933E-03
1.72602E-01 6.95101E-03
1.71015E-01 6.76715E-03
1.69439E-01 7.60998E-03
1.67881E-01 8.45250E-03
1.66344E-01 9.29416E-03
1.64834E-01 9.10812E-03
1.63356E-01 9.94631E-03
1.61915E-01 1.07819E-02
1.60514E-01 1.05882E-02
1.59161E-01 1.14168E-02
1.57859E-01 1.22412E-02
1.56614E-01 1.30607E-02
1.55429E-01 1.28487E-02
1.54311E-01 1.36568E-02
1.53263E-01 1.44583E-02
1.52290E-01 1.42268E-02
1.51396E-01 1.50136E-02
1.50585E-01 1.57922E-02
1.49860E-01 1.55363E-02
1.49225E-01 1.62970E-02
1.48683E-01 1.70478E-02
1.48236E-01 1.67628E-02
1.47885E-01 1.74926E-02
1.47634E-01 1.82111E-02
1.47483E-01 1.78923E-02
1.47432E-01 1.85868E-02
