Will plot unflagged data


File # 1  = raise.vis
raise.vis 1.5136 GHz
Read 121 visibilities from all files

Baseline 1-2, plot 121 points
5.46046E-01 -2.56921E-01
5.46233E-01 -2.61215E-01
5.46793E-01 -2.66350E-01
5.47724E-01 -2.70268E-01
5.49021E-01 -2.75015E-01
5.50677E-01 -2.78532E-01
5.52687E-01 -2.81839E-01
5.55039E-01 -2.85960E-01
5.57723E-01 -2.88831E-01
5.60727E-01 -2.92507E-01
5.64038E-01 -2.94922E-01
5.67642E-01 -2.98131E-01
5.71522E-01 -3.01099E-01
5.75664E-01 -3.02792E-01
5.80050E-01 -3.05265E-01
5.84663E-01 -3.07483E-01
5.89485E-01 -3.08411E-01
5.94498E-01 -3.10108E-01
5.99683E-01 -3.11538E-01
6.05022E-01 -3.12697E-01
6.10497E-01 -3.13583E-01
6.16090E-01 -3.14191E-01
6.21781E-01 -3.14518E-01
6.27552E-01 -3.14561E-01
6.33387E-01 -3.14318E-01
6.39268E-01 -3.14818E-01
6.45176E-01 -3.13994E-01
6.51097E-01 -3.13909E-01
6.57012E-01 -3.12495E-01
6.62907E-01 -3.11817E-01
6.68766E-01 -3.09806E-01
6.74574E-01 -3.08528E-01
6.80317E-01 -3.06947E-01
6.85981E-01 -3.05064E-01
6.91552E-01 -3.02876E-01
6.97018E-01 -3.00384E-01
7.02366E-01 -2.97588E-01
7.07584E-01 -2.95519E-01
7.12661E-01 -2.92113E-01
7.17587E-01 -2.89434E-01
7.22350E-01 -2.85418E-01
7.26942E-01 -2.82132E-01
7.31353E-01 -2.78543E-01
7.35574E-01 -2.74651E-01
7.39597E-01 -2.70460E-01
7.43415E-01 -2.65969E-01
7.47020E-01 -2.61180E-01
7.50405E-01 -2.57129E-01
7.53564E-01 -2.51752E-01
7.56492E-01 -2.47116E-01
7.59183E-01 -2.42192E-01
7.61631E-01 -2.36981E-01
7.63834E-01 -2.31487E-01
7.65787E-01 -2.25713E-01
7.67486E-01 -2.19663E-01
7.68929E-01 -2.13338E-01
7.70113E-01 -2.07777E-01
7.71036E-01 -2.00916E-01
7.71696E-01 -1.94827E-01
7.72093E-01 -1.88480E-01
7.72225E-01 -1.81879E-01
7.72093E-01 -1.75029E-01
7.71696E-01 -1.67935E-01
7.71036E-01 -1.60601E-01
7.70113E-01 -1.54066E-01
7.68929E-01 -1.46269E-01
7.67486E-01 -1.39280E-01
7.65787E-01 -1.32074E-01
7.63834E-01 -1.24654E-01
7.61632E-01 -1.17028E-01
7.59183E-01 -1.09200E-01
7.56492E-01 -1.01178E-01
7.53564E-01 -9.29669E-02
7.50405E-01 -8.56063E-02
7.47020E-01 -7.70368E-02
7.43415E-01 -6.93309E-02
7.39598E-01 -6.14622E-02
7.35574E-01 -5.34378E-02
7.31353E-01 -4.52643E-02
7.26942E-01 -3.69489E-02
7.22350E-01 -2.84987E-02
7.17587E-01 -2.09538E-02
7.12661E-01 -1.22555E-02
7.07584E-01 -4.47730E-03
7.02366E-01 4.43937E-03
6.97018E-01 1.24212E-02
6.91553E-01 2.04934E-02
6.85982E-01 2.86485E-02
6.80318E-01 3.68786E-02
6.74575E-01 4.51761E-02
6.68767E-01 5.35330E-02
6.62908E-01 6.09091E-02
6.57013E-01 6.93616E-02
6.51097E-01 7.68176E-02
6.45177E-01 8.53341E-02
6.39268E-01 9.28382E-02
6.33388E-01 1.01387E-01
6.27553E-01 1.08907E-01
6.21781E-01 1.16424E-01
6.16090E-01 1.23930E-01
6.10498E-01 1.31415E-01
6.05023E-01 1.38873E-01
5.99683E-01 1.46296E-01
5.94498E-01 1.53676E-01
5.89485E-01 1.61004E-01
5.84663E-01 1.67243E-01
5.80051E-01 1.74446E-01
5.75665E-01 1.81575E-01
5.71523E-01 1.87591E-01
5.67642E-01 1.94549E-01
5.64038E-01 2.01409E-01
5.60727E-01 2.07135E-01
5.57723E-01 2.13780E-01
5.55039E-01 2.19276E-01
5.52687E-01 2.25675E-01
5.50677E-01 2.30912E-01
5.49021E-01 2.36010E-01
5.47724E-01 2.41988E-01
5.46793E-01 2.46785E-01
5.46233E-01 2.52448E-01
5.46046E-01 2.56919E-01
