Will plot unflagged data


File # 1  = raise.vis
raise.vis 4.7863 GHz
Read 121 visibilities from all files

Baseline 1-3, plot 121 points
1.95122E+01 -2.46001E+00
1.95189E+01 -2.50502E+00
1.95390E+01 -2.54813E+00
1.95722E+01 -2.58937E+00
1.96186E+01 -2.62873E+00
1.96778E+01 -2.66616E+00
1.97496E+01 -2.70163E+00
1.98336E+01 -2.73618E+00
1.99295E+01 -2.76775E+00
2.00369E+01 -2.79814E+00
2.01552E+01 -2.82621E+00
2.02840E+01 -2.85302E+00
2.04226E+01 -2.87752E+00
2.05706E+01 -2.89968E+00
2.07274E+01 -2.91949E+00
2.08922E+01 -2.93797E+00
2.10645E+01 -2.95514E+00
2.12436E+01 -2.96976E+00
2.14289E+01 -2.98173E+00
2.16197E+01 -2.99208E+00
2.18154E+01 -2.99980E+00
2.20152E+01 -3.00589E+00
2.22185E+01 -3.01034E+00
2.24248E+01 -3.01211E+00
2.26333E+01 -3.01224E+00
2.28434E+01 -3.01074E+00
2.30546E+01 -3.00642E+00
2.32661E+01 -3.00023E+00
2.34775E+01 -2.99219E+00
2.36882E+01 -2.98231E+00
2.38975E+01 -2.96955E+00
2.41051E+01 -2.95495E+00
2.43103E+01 -2.93850E+00
2.45127E+01 -2.92020E+00
2.47117E+01 -2.90006E+00
2.49071E+01 -2.87705E+00
2.50982E+01 -2.85324E+00
2.52846E+01 -2.82754E+00
2.54660E+01 -2.79886E+00
2.56421E+01 -2.76825E+00
2.58123E+01 -2.73677E+00
2.59764E+01 -2.70237E+00
2.61340E+01 -2.66712E+00
2.62848E+01 -2.62899E+00
2.64286E+01 -2.59004E+00
2.65650E+01 -2.54823E+00
2.66938E+01 -2.50563E+00
2.68148E+01 -2.46125E+00
2.69277E+01 -2.41405E+00
2.70323E+01 -2.36614E+00
2.71284E+01 -2.31650E+00
2.72159E+01 -2.26516E+00
2.72946E+01 -2.21317E+00
2.73644E+01 -2.15850E+00
2.74251E+01 -2.10325E+00
2.74767E+01 -2.04538E+00
2.75190E+01 -1.98698E+00
2.75520E+01 -1.92707E+00
2.75756E+01 -1.86568E+00
2.75898E+01 -1.80285E+00
2.75945E+01 -1.73965E+00
2.75898E+01 -1.67406E+00
2.75756E+01 -1.60819E+00
2.75520E+01 -1.54105E+00
2.75190E+01 -1.47270E+00
2.74767E+01 -1.40319E+00
2.74251E+01 -1.33359E+00
2.73644E+01 -1.26190E+00
2.72947E+01 -1.19024E+00
2.72159E+01 -1.11660E+00
2.71284E+01 -1.04311E+00
2.70323E+01 -9.68782E-01
2.69277E+01 -8.93686E-01
2.68148E+01 -8.18914E-01
2.66938E+01 -7.42459E-01
2.65650E+01 -6.65419E-01
2.64286E+01 -5.88889E-01
2.62848E+01 -5.10868E-01
2.61340E+01 -4.33485E-01
2.59764E+01 -3.54740E-01
2.58123E+01 -2.76762E-01
2.56421E+01 -1.97549E-01
2.54661E+01 -1.19225E-01
2.52846E+01 -4.08108E-02
2.50982E+01 3.86717E-02
2.49071E+01 1.18069E-01
2.47118E+01 1.96208E-01
2.45127E+01 2.75091E-01
2.43103E+01 3.53631E-01
2.41051E+01 4.31764E-01
2.38975E+01 5.09425E-01
2.36882E+01 5.86547E-01
2.34775E+01 6.64097E-01
2.32661E+01 7.40981E-01
2.30546E+01 8.17148E-01
2.28434E+01 8.92571E-01
2.26333E+01 9.68132E-01
2.24248E+01 1.04260E+00
2.22186E+01 1.11593E+00
2.20152E+01 1.18911E+00
2.18154E+01 1.26106E+00
2.16197E+01 1.33171E+00
2.14289E+01 1.40204E+00
2.12436E+01 1.47097E+00
2.10645E+01 1.53952E+00
2.08922E+01 1.60753E+00
2.07274E+01 1.67374E+00
2.05706E+01 1.73813E+00
2.04226E+01 1.80169E+00
2.02840E+01 1.86439E+00
2.01552E+01 1.92616E+00
2.00369E+01 1.98594E+00
1.99295E+01 2.04475E+00
1.98336E+01 2.10145E+00
1.97496E+01 2.15781E+00
1.96778E+01 2.21177E+00
1.96186E+01 2.26434E+00
1.95722E+01 2.31548E+00
1.95390E+01 2.36514E+00
1.95189E+01 2.41332E+00
1.95122E+01 2.46000E+00
