Will plot unflagged data


File # 1  = raise.vis
raise.vis 4.7863 GHz
Read 121 visibilities from all files

Baseline 1-3, plot 121 points
1.95122E+01 3.25652E-02
1.95189E+01 3.25649E-02
1.95390E+01 3.25638E-02
1.95722E+01 3.25621E-02
1.96186E+01 3.25595E-02
1.96778E+01 3.25563E-02
1.97496E+01 3.25524E-02
1.98336E+01 3.25479E-02
1.99295E+01 3.25426E-02
2.00369E+01 3.25367E-02
2.01552E+01 3.25302E-02
2.02840E+01 3.25232E-02
2.04226E+01 3.25156E-02
2.05706E+01 3.25073E-02
2.07274E+01 3.24985E-02
2.08922E+01 3.24893E-02
2.10645E+01 3.24798E-02
2.12436E+01 3.24697E-02
2.14289E+01 3.24592E-02
2.16197E+01 3.24484E-02
2.18154E+01 3.24370E-02
2.20152E+01 3.24256E-02
2.22185E+01 3.24139E-02
2.24248E+01 3.24019E-02
2.26333E+01 3.23899E-02
2.28434E+01 3.23778E-02
2.30546E+01 3.23654E-02
2.32661E+01 3.23530E-02
2.34775E+01 3.23406E-02
2.36882E+01 3.23283E-02
2.38975E+01 3.23157E-02
2.41051E+01 3.23033E-02
2.43103E+01 3.22910E-02
2.45127E+01 3.22790E-02
2.47117E+01 3.22671E-02
2.49071E+01 3.22551E-02
2.50982E+01 3.22438E-02
2.52846E+01 3.22328E-02
2.54660E+01 3.22216E-02
2.56421E+01 3.22107E-02
2.58123E+01 3.22006E-02
2.59764E+01 3.21904E-02
2.61340E+01 3.21810E-02
2.62848E+01 3.21716E-02
2.64286E+01 3.21630E-02
2.65650E+01 3.21543E-02
2.66938E+01 3.21466E-02
2.68148E+01 3.21393E-02
2.69277E+01 3.21319E-02
2.70323E+01 3.21255E-02
2.71284E+01 3.21196E-02
2.72159E+01 3.21141E-02
2.72946E+01 3.21096E-02
2.73644E+01 3.21051E-02
2.74251E+01 3.21016E-02
2.74767E+01 3.20981E-02
2.75190E+01 3.20956E-02
2.75520E+01 3.20936E-02
2.75756E+01 3.20920E-02
2.75898E+01 3.20910E-02
2.75945E+01 3.20910E-02
2.75898E+01 3.20910E-02
2.75756E+01 3.20920E-02
2.75520E+01 3.20936E-02
2.75190E+01 3.20956E-02
2.74767E+01 3.20981E-02
2.74251E+01 3.21016E-02
2.73644E+01 3.21051E-02
2.72947E+01 3.21096E-02
2.72159E+01 3.21141E-02
2.71284E+01 3.21196E-02
2.70323E+01 3.21255E-02
2.69277E+01 3.21319E-02
2.68148E+01 3.21393E-02
2.66938E+01 3.21466E-02
2.65650E+01 3.21543E-02
2.64286E+01 3.21630E-02
2.62848E+01 3.21716E-02
2.61340E+01 3.21810E-02
2.59764E+01 3.21904E-02
2.58123E+01 3.22006E-02
2.56421E+01 3.22107E-02
2.54661E+01 3.22216E-02
2.52846E+01 3.22328E-02
2.50982E+01 3.22438E-02
2.49071E+01 3.22551E-02
2.47118E+01 3.22671E-02
2.45127E+01 3.22790E-02
2.43103E+01 3.22910E-02
2.41051E+01 3.23033E-02
2.38975E+01 3.23157E-02
2.36882E+01 3.23283E-02
2.34775E+01 3.23406E-02
2.32661E+01 3.23530E-02
2.30546E+01 3.23654E-02
2.28434E+01 3.23778E-02
2.26333E+01 3.23899E-02
2.24248E+01 3.24019E-02
2.22186E+01 3.24139E-02
2.20152E+01 3.24256E-02
2.18154E+01 3.24370E-02
2.16197E+01 3.24484E-02
2.14289E+01 3.24592E-02
2.12436E+01 3.24697E-02
2.10645E+01 3.24798E-02
2.08922E+01 3.24893E-02
2.07274E+01 3.24985E-02
2.05706E+01 3.25073E-02
2.04226E+01 3.25156E-02
2.02840E+01 3.25232E-02
2.01552E+01 3.25302E-02
2.00369E+01 3.25367E-02
1.99295E+01 3.25426E-02
1.98336E+01 3.25479E-02
1.97496E+01 3.25524E-02
1.96778E+01 3.25563E-02
1.96186E+01 3.25595E-02
1.95722E+01 3.25621E-02
1.95390E+01 3.25638E-02
1.95189E+01 3.25649E-02
1.95122E+01 3.25652E-02
