Will plot unflagged data


File # 1  = raise.vis
raise.vis 1.5136 GHz
Read 121 visibilities from all files

Baseline 3-4, plot 121 points
1.47432E+00 3.80306E-02
1.47483E+00 3.80306E-02
1.47634E+00 3.80306E-02
1.47885E+00 3.80306E-02
1.48236E+00 3.80306E-02
1.48683E+00 3.80306E-02
1.49225E+00 3.80306E-02
1.49860E+00 3.80306E-02
1.50585E+00 3.80306E-02
1.51396E+00 3.80306E-02
1.52290E+00 3.80305E-02
1.53263E+00 3.80305E-02
1.54311E+00 3.80305E-02
1.55429E+00 3.80305E-02
1.56614E+00 3.80304E-02
1.57859E+00 3.80304E-02
1.59161E+00 3.80303E-02
1.60514E+00 3.80303E-02
1.61914E+00 3.80303E-02
1.63356E+00 3.80302E-02
1.64834E+00 3.80302E-02
1.66344E+00 3.80302E-02
1.67881E+00 3.80301E-02
1.69439E+00 3.80301E-02
1.71015E+00 3.80301E-02
1.72602E+00 3.80300E-02
1.74198E+00 3.80300E-02
1.75796E+00 3.80299E-02
1.77393E+00 3.80299E-02
1.78985E+00 3.80299E-02
1.80567E+00 3.80298E-02
1.82135E+00 3.80297E-02
1.83686E+00 3.80297E-02
1.85215E+00 3.80297E-02
1.86719E+00 3.80296E-02
1.88195E+00 3.80296E-02
1.89639E+00 3.80295E-02
1.91048E+00 3.80295E-02
1.92418E+00 3.80295E-02
1.93748E+00 3.80294E-02
1.95035E+00 3.80294E-02
1.96274E+00 3.80294E-02
1.97465E+00 3.80293E-02
1.98605E+00 3.80293E-02
1.99691E+00 3.80292E-02
2.00722E+00 3.80292E-02
2.01695E+00 3.80292E-02
2.02609E+00 3.80291E-02
2.03462E+00 3.80291E-02
2.04253E+00 3.80291E-02
2.04979E+00 3.80291E-02
2.05640E+00 3.80291E-02
2.06235E+00 3.80290E-02
2.06762E+00 3.80290E-02
2.07221E+00 3.80290E-02
2.07611E+00 3.80290E-02
2.07930E+00 3.80290E-02
2.08180E+00 3.80290E-02
2.08358E+00 3.80290E-02
2.08465E+00 3.80290E-02
2.08501E+00 3.80290E-02
2.08465E+00 3.80290E-02
2.08358E+00 3.80290E-02
2.08180E+00 3.80290E-02
2.07930E+00 3.80290E-02
2.07611E+00 3.80290E-02
2.07221E+00 3.80290E-02
2.06762E+00 3.80290E-02
2.06235E+00 3.80290E-02
2.05641E+00 3.80291E-02
2.04979E+00 3.80291E-02
2.04253E+00 3.80291E-02
2.03462E+00 3.80291E-02
2.02609E+00 3.80291E-02
2.01695E+00 3.80292E-02
2.00722E+00 3.80292E-02
1.99691E+00 3.80292E-02
1.98605E+00 3.80293E-02
1.97465E+00 3.80293E-02
1.96274E+00 3.80294E-02
1.95035E+00 3.80294E-02
1.93748E+00 3.80294E-02
1.92419E+00 3.80295E-02
1.91048E+00 3.80295E-02
1.89639E+00 3.80295E-02
1.88195E+00 3.80296E-02
1.86719E+00 3.80296E-02
1.85215E+00 3.80297E-02
1.83686E+00 3.80297E-02
1.82135E+00 3.80297E-02
1.80567E+00 3.80298E-02
1.78985E+00 3.80299E-02
1.77393E+00 3.80299E-02
1.75796E+00 3.80299E-02
1.74198E+00 3.80300E-02
1.72602E+00 3.80300E-02
1.71015E+00 3.80300E-02
1.69439E+00 3.80301E-02
1.67881E+00 3.80301E-02
1.66344E+00 3.80302E-02
1.64834E+00 3.80302E-02
1.63356E+00 3.80302E-02
1.61915E+00 3.80303E-02
1.60514E+00 3.80303E-02
1.59161E+00 3.80303E-02
1.57859E+00 3.80304E-02
1.56614E+00 3.80304E-02
1.55429E+00 3.80304E-02
1.54311E+00 3.80305E-02
1.53263E+00 3.80305E-02
1.52290E+00 3.80305E-02
1.51396E+00 3.80306E-02
1.50585E+00 3.80306E-02
1.49860E+00 3.80306E-02
1.49225E+00 3.80306E-02
1.48683E+00 3.80306E-02
1.48236E+00 3.80306E-02
1.47885E+00 3.80306E-02
1.47634E+00 3.80306E-02
1.47483E+00 3.80306E-02
1.47432E+00 3.80306E-02
