Will plot unflagged data


File # 1  = raise.vis
raise.vis 1.5136 GHz
Read 121 visibilities from all files

Baseline 3-4, plot 121 points
1.47432E+00 -1.06819E-01
1.47483E+00 -1.08686E-01
1.47634E+00 -1.10476E-01
1.47885E+00 -1.12187E-01
1.48236E+00 -1.13817E-01
1.48683E+00 -1.15363E-01
1.49225E+00 -1.17849E-01
1.49860E+00 -1.19219E-01
1.50585E+00 -1.20498E-01
1.51396E+00 -1.21683E-01
1.52290E+00 -1.22773E-01
1.53263E+00 -1.23765E-01
1.54311E+00 -1.24657E-01
1.55429E+00 -1.26474E-01
1.56614E+00 -1.27160E-01
1.57859E+00 -1.27741E-01
1.59161E+00 -1.28213E-01
1.60514E+00 -1.28576E-01
1.61914E+00 -1.29858E-01
1.63356E+00 -1.29997E-01
1.64834E+00 -1.30023E-01
1.66344E+00 -1.30963E-01
1.67881E+00 -1.30757E-01
1.69439E+00 -1.31462E-01
1.71015E+00 -1.31018E-01
1.72602E+00 -1.30454E-01
1.74198E+00 -1.30799E-01
1.75796E+00 -1.29991E-01
1.77393E+00 -1.30091E-01
1.78985E+00 -1.30067E-01
1.80567E+00 -1.28888E-01
1.82135E+00 -1.28614E-01
1.83686E+00 -1.28215E-01
1.85215E+00 -1.26659E-01
1.86719E+00 -1.26007E-01
1.88195E+00 -1.25229E-01
1.89639E+00 -1.24324E-01
1.91048E+00 -1.23292E-01
1.92418E+00 -1.22133E-01
1.93748E+00 -1.20847E-01
1.95035E+00 -1.19435E-01
1.96274E+00 -1.17897E-01
1.97465E+00 -1.16233E-01
1.98605E+00 -1.14443E-01
1.99691E+00 -1.12528E-01
2.00722E+00 -1.10488E-01
2.01695E+00 -1.09356E-01
2.02609E+00 -1.07071E-01
2.03462E+00 -1.04663E-01
2.04253E+00 -1.03165E-01
2.04979E+00 -1.00515E-01
2.05640E+00 -9.87786E-02
2.06235E+00 -9.58926E-02
2.06762E+00 -9.39214E-02
2.07221E+00 -9.18351E-02
2.07611E+00 -8.86037E-02
2.07930E+00 -8.62915E-02
2.08180E+00 -8.38688E-02
2.08358E+00 -8.13370E-02
2.08465E+00 -7.86979E-02
2.08501E+00 -7.59535E-02
2.08465E+00 -7.31056E-02
2.08358E+00 -7.01561E-02
2.08180E+00 -6.71070E-02
2.07930E+00 -6.39604E-02
2.07611E+00 -6.07185E-02
2.07221E+00 -5.84149E-02
2.06762E+00 -5.49892E-02
2.06235E+00 -5.14749E-02
2.05641E+00 -4.89059E-02
2.04979E+00 -4.52221E-02
2.04253E+00 -4.24884E-02
2.03462E+00 -3.86451E-02
2.02609E+00 -3.57570E-02
2.01695E+00 -3.27958E-02
2.00722E+00 -2.87330E-02
1.99691E+00 -2.56336E-02
1.98605E+00 -2.24695E-02
1.97465E+00 -1.92433E-02
1.96274E+00 -1.59581E-02
1.95035E+00 -1.26167E-02
1.93748E+00 -9.22230E-03
1.92419E+00 -5.77779E-03
1.91048E+00 -2.28625E-03
1.89639E+00 1.24916E-03
1.88195E+00 4.82535E-03
1.86719E+00 8.43919E-03
1.85215E+00 1.20875E-02
1.83686E+00 1.47366E-02
1.82135E+00 1.84441E-02
1.80567E+00 2.21765E-02
1.78985E+00 2.49002E-02
1.77393E+00 2.86723E-02
1.75796E+00 3.24594E-02
1.74198E+00 3.52282E-02
1.72602E+00 3.90353E-02
1.71015E+00 4.18178E-02
1.69439E+00 4.46021E-02
1.67881E+00 4.84144E-02
1.66344E+00 5.11926E-02
1.64834E+00 5.49918E-02
1.63356E+00 5.77504E-02
1.61915E+00 6.04943E-02
1.60514E+00 6.42492E-02
1.59161E+00 6.69540E-02
1.57859E+00 6.96343E-02
1.56614E+00 7.22869E-02
1.55429E+00 7.49087E-02
1.54311E+00 7.85244E-02
1.53263E+00 8.10746E-02
1.52290E+00 8.35845E-02
1.51396E+00 8.60509E-02
1.50585E+00 8.84707E-02
1.49860E+00 9.08408E-02
1.49225E+00 9.31583E-02
1.48683E+00 9.64466E-02
1.48236E+00 9.86496E-02
1.47885E+00 1.00791E-01
1.47634E+00 1.02868E-01
1.47483E+00 1.04878E-01
1.47432E+00 1.06818E-01
