Will plot unflagged data


File # 1  = raise.vis
raise.vis 4.7863 GHz
Read 121 visibilities from all files

Baseline 4-5, plot 121 points
7.25234E+00 1.67255E-01
7.25483E+00 1.67253E-01
7.26227E+00 1.67251E-01
7.27463E+00 1.67246E-01
7.29185E+00 1.67238E-01
7.31386E+00 1.67230E-01
7.34054E+00 1.67218E-01
7.37178E+00 1.67205E-01
7.40743E+00 1.67191E-01
7.44733E+00 1.67174E-01
7.49131E+00 1.67155E-01
7.53917E+00 1.67135E-01
7.59071E+00 1.67114E-01
7.64572E+00 1.67091E-01
7.70398E+00 1.67065E-01
7.76524E+00 1.67040E-01
7.82929E+00 1.67012E-01
7.89586E+00 1.66983E-01
7.96473E+00 1.66953E-01
8.03565E+00 1.66922E-01
8.10836E+00 1.66890E-01
8.18263E+00 1.66857E-01
8.25822E+00 1.66823E-01
8.33488E+00 1.66788E-01
8.41237E+00 1.66754E-01
8.49048E+00 1.66718E-01
8.56895E+00 1.66683E-01
8.64758E+00 1.66646E-01
8.72615E+00 1.66610E-01
8.80445E+00 1.66574E-01
8.88227E+00 1.66538E-01
8.95941E+00 1.66502E-01
9.03568E+00 1.66466E-01
9.11091E+00 1.66431E-01
9.18490E+00 1.66395E-01
9.25749E+00 1.66361E-01
9.32852E+00 1.66326E-01
9.39782E+00 1.66292E-01
9.46526E+00 1.66261E-01
9.53067E+00 1.66228E-01
9.59394E+00 1.66198E-01
9.65493E+00 1.66167E-01
9.71351E+00 1.66138E-01
9.76958E+00 1.66111E-01
9.82301E+00 1.66086E-01
9.87372E+00 1.66061E-01
9.92159E+00 1.66036E-01
9.96655E+00 1.66015E-01
1.00085E+01 1.65994E-01
1.00474E+01 1.65975E-01
1.00831E+01 1.65956E-01
1.01157E+01 1.65940E-01
1.01449E+01 1.65925E-01
1.01708E+01 1.65913E-01
1.01934E+01 1.65901E-01
1.02126E+01 1.65892E-01
1.02283E+01 1.65884E-01
1.02406E+01 1.65877E-01
1.02493E+01 1.65872E-01
1.02546E+01 1.65870E-01
1.02564E+01 1.65870E-01
1.02546E+01 1.65870E-01
1.02493E+01 1.65872E-01
1.02406E+01 1.65877E-01
1.02283E+01 1.65884E-01
1.02126E+01 1.65892E-01
1.01934E+01 1.65901E-01
1.01709E+01 1.65913E-01
1.01449E+01 1.65925E-01
1.01157E+01 1.65940E-01
1.00831E+01 1.65956E-01
1.00474E+01 1.65975E-01
1.00085E+01 1.65994E-01
9.96656E+00 1.66015E-01
9.92160E+00 1.66036E-01
9.87372E+00 1.66061E-01
9.82302E+00 1.66086E-01
9.76958E+00 1.66111E-01
9.71352E+00 1.66138E-01
9.65493E+00 1.66167E-01
9.59395E+00 1.66198E-01
9.53068E+00 1.66228E-01
9.46526E+00 1.66261E-01
9.39783E+00 1.66292E-01
9.32852E+00 1.66326E-01
9.25749E+00 1.66361E-01
9.18490E+00 1.66395E-01
9.11091E+00 1.66431E-01
9.03569E+00 1.66466E-01
8.95941E+00 1.66502E-01
8.88227E+00 1.66538E-01
8.80445E+00 1.66574E-01
8.72616E+00 1.66610E-01
8.64759E+00 1.66646E-01
8.56896E+00 1.66683E-01
8.49048E+00 1.66718E-01
8.41238E+00 1.66754E-01
8.33488E+00 1.66788E-01
8.25823E+00 1.66823E-01
8.18264E+00 1.66857E-01
8.10837E+00 1.66891E-01
8.03565E+00 1.66922E-01
7.96474E+00 1.66953E-01
7.89587E+00 1.66983E-01
7.82929E+00 1.67012E-01
7.76525E+00 1.67040E-01
7.70398E+00 1.67065E-01
7.64573E+00 1.67090E-01
7.59072E+00 1.67114E-01
7.53918E+00 1.67135E-01
7.49131E+00 1.67155E-01
7.44734E+00 1.67174E-01
7.40743E+00 1.67191E-01
7.37178E+00 1.67205E-01
7.34054E+00 1.67218E-01
7.31386E+00 1.67230E-01
7.29185E+00 1.67238E-01
7.27463E+00 1.67245E-01
7.26227E+00 1.67251E-01
7.25483E+00 1.67253E-01
7.25234E+00 1.67255E-01
