Will plot unflagged data


File # 1  = raise.vis
raise.vis 4.7863 GHz
Read 121 visibilities from all files

Baseline 4-5, plot 121 points
7.25234E+00 -1.54403E+00
7.25483E+00 -1.57191E+00
7.26227E+00 -1.59964E+00
7.27463E+00 -1.62517E+00
7.29185E+00 -1.64949E+00
7.31386E+00 -1.67363E+00
7.34054E+00 -1.69548E+00
7.37178E+00 -1.71708E+00
7.40743E+00 -1.73738E+00
7.44733E+00 -1.75634E+00
7.49131E+00 -1.77394E+00
7.53917E+00 -1.79017E+00
7.59071E+00 -1.80604E+00
7.64572E+00 -1.82049E+00
7.70398E+00 -1.83237E+00
7.76524E+00 -1.84473E+00
7.82929E+00 -1.85448E+00
7.89586E+00 -1.86366E+00
7.96473E+00 -1.87124E+00
8.03565E+00 -1.87821E+00
8.10836E+00 -1.88355E+00
8.18263E+00 -1.88722E+00
8.25822E+00 -1.88921E+00
8.33488E+00 -1.89055E+00
8.41237E+00 -1.89122E+00
8.49048E+00 -1.88915E+00
8.56895E+00 -1.88742E+00
8.64758E+00 -1.88294E+00
8.72615E+00 -1.87770E+00
8.80445E+00 -1.87165E+00
8.88227E+00 -1.86378E+00
8.95941E+00 -1.85512E+00
9.03568E+00 -1.84463E+00
9.11091E+00 -1.83334E+00
9.18490E+00 -1.82023E+00
9.25749E+00 -1.80631E+00
9.32852E+00 -1.79057E+00
9.39782E+00 -1.77402E+00
9.46526E+00 -1.75668E+00
9.53067E+00 -1.73751E+00
9.59394E+00 -1.71754E+00
9.65493E+00 -1.69576E+00
9.71351E+00 -1.67319E+00
9.76958E+00 -1.64984E+00
9.82301E+00 -1.62573E+00
9.87372E+00 -1.59982E+00
9.92159E+00 -1.57214E+00
9.96655E+00 -1.54474E+00
1.00085E+01 -1.51559E+00
1.00474E+01 -1.48572E+00
1.00831E+01 -1.45413E+00
1.01157E+01 -1.42184E+00
1.01449E+01 -1.38887E+00
1.01708E+01 -1.35524E+00
1.01934E+01 -1.31995E+00
1.02126E+01 -1.28404E+00
1.02283E+01 -1.24753E+00
1.02406E+01 -1.20942E+00
1.02493E+01 -1.17077E+00
1.02546E+01 -1.13159E+00
1.02564E+01 -1.09192E+00
1.02546E+01 -1.05076E+00
1.02493E+01 -1.00915E+00
1.02406E+01 -9.67134E-01
1.02283E+01 -9.24738E-01
1.02126E+01 -8.80963E-01
1.01934E+01 -8.36871E-01
1.01709E+01 -7.92491E-01
1.01449E+01 -7.46830E-01
1.01157E+01 -7.00949E-01
1.00831E+01 -6.54881E-01
1.00474E+01 -6.08668E-01
1.00085E+01 -5.61328E-01
9.96656E+00 -5.13927E-01
9.92160E+00 -4.65476E-01
9.87372E+00 -4.18073E-01
9.82302E+00 -3.69700E-01
9.76958E+00 -3.20398E-01
9.71352E+00 -2.71238E-01
9.65493E+00 -2.22262E-01
9.59395E+00 -1.73513E-01
9.53068E+00 -1.24002E-01
9.46526E+00 -7.48037E-02
9.39783E+00 -2.49286E-02
9.32852E+00 2.45458E-02
9.25749E+00 7.35757E-02
9.18490E+00 1.23150E-01
9.11091E+00 1.72190E-01
9.03569E+00 2.21686E-01
8.95941E+00 2.70561E-01
8.88227E+00 3.19805E-01
8.80445E+00 3.68346E-01
8.72616E+00 4.17177E-01
8.64759E+00 4.65234E-01
8.56896E+00 5.12454E-01
8.49048E+00 5.60776E-01
8.41238E+00 6.07074E-01
8.33488E+00 6.54399E-01
8.25823E+00 7.00649E-01
8.18264E+00 7.45783E-01
8.10837E+00 7.90789E-01
8.03565E+00 8.35625E-01
7.96474E+00 8.80245E-01
7.89587E+00 9.23574E-01
7.82929E+00 9.66602E-01
7.76525E+00 1.00826E+00
7.70398E+00 1.05058E+00
7.64573E+00 1.09147E+00
7.59072E+00 1.13088E+00
7.53918E+00 1.17072E+00
7.49131E+00 1.20890E+00
7.44734E+00 1.24640E+00
7.40743E+00 1.28320E+00
7.37178E+00 1.31927E+00
7.34054E+00 1.35456E+00
7.31386E+00 1.38801E+00
7.29185E+00 1.42165E+00
7.27463E+00 1.45337E+00
7.26227E+00 1.48419E+00
7.25483E+00 1.51510E+00
7.25234E+00 1.54403E+00
