Will plot unflagged data


File # 1  = raise.vis
raise.vis 15.1356 GHz
Read 121 visibilities from all files

Baseline 1-5, plot 121 points
9.93803E+01 -7.20038E+00
9.94143E+01 -7.33156E+00
9.95163E+01 -7.45731E+00
9.96857E+01 -7.57828E+00
9.99217E+01 -7.69335E+00
1.00223E+02 -7.80281E+00
1.00589E+02 -7.90788E+00
1.01017E+02 -8.00753E+00
1.01506E+02 -8.10139E+00
1.02052E+02 -8.18995E+00
1.02655E+02 -8.27283E+00
1.03311E+02 -8.34964E+00
1.04017E+02 -8.42140E+00
1.04771E+02 -8.48730E+00
1.05569E+02 -8.54668E+00
1.06409E+02 -8.60053E+00
1.07286E+02 -8.64827E+00
1.08199E+02 -8.69110E+00
1.09142E+02 -8.72702E+00
1.10114E+02 -8.75758E+00
1.11111E+02 -8.78182E+00
1.12128E+02 -8.79991E+00
1.13164E+02 -8.81129E+00
1.14215E+02 -8.81818E+00
1.15276E+02 -8.81765E+00
1.16347E+02 -8.81213E+00
1.17422E+02 -8.79990E+00
1.18500E+02 -8.78219E+00
1.19576E+02 -8.75815E+00
1.20649E+02 -8.72807E+00
1.21715E+02 -8.69181E+00
1.22773E+02 -8.64986E+00
1.23818E+02 -8.60153E+00
1.24849E+02 -8.54811E+00
1.25863E+02 -8.48820E+00
1.26857E+02 -8.42258E+00
1.27831E+02 -8.35153E+00
1.28780E+02 -8.27416E+00
1.29704E+02 -8.19154E+00
1.30601E+02 -8.10319E+00
1.31468E+02 -8.00932E+00
1.32303E+02 -7.91005E+00
1.33106E+02 -7.80551E+00
1.33874E+02 -7.69581E+00
1.34607E+02 -7.57957E+00
1.35302E+02 -7.45896E+00
1.35958E+02 -7.33412E+00
1.36574E+02 -7.20306E+00
1.37149E+02 -7.06690E+00
1.37682E+02 -6.92677E+00
1.38171E+02 -6.78173E+00
1.38617E+02 -6.63180E+00
1.39018E+02 -6.47692E+00
1.39373E+02 -6.31827E+00
1.39682E+02 -6.15493E+00
1.39945E+02 -5.98805E+00
1.40161E+02 -5.81669E+00
1.40328E+02 -5.64098E+00
1.40449E+02 -5.46103E+00
1.40521E+02 -5.27797E+00
1.40545E+02 -5.09194E+00
1.40521E+02 -4.90100E+00
1.40449E+02 -4.70735E+00
1.40329E+02 -4.51112E+00
1.40161E+02 -4.31141E+00
1.39945E+02 -4.10837E+00
1.39682E+02 -3.90216E+00
1.39373E+02 -3.69394E+00
1.39018E+02 -3.48284E+00
1.38617E+02 -3.27001E+00
1.38171E+02 -3.05455E+00
1.37682E+02 -2.83674E+00
1.37149E+02 -2.61683E+00
1.36574E+02 -2.39599E+00
1.35958E+02 -2.17335E+00
1.35302E+02 -1.94804E+00
1.34607E+02 -1.72226E+00
1.33875E+02 -1.49613E+00
1.33106E+02 -1.26771E+00
1.32303E+02 -1.03861E+00
1.31468E+02 -8.08940E-01
1.30601E+02 -5.78816E-01
1.29704E+02 -3.48333E-01
1.28780E+02 -1.17488E-01
1.27831E+02 1.13017E-01
1.26857E+02 3.44033E-01
1.25863E+02 5.74488E-01
1.24849E+02 8.04424E-01
1.23818E+02 1.03445E+00
1.22773E+02 1.26296E+00
1.21716E+02 1.49106E+00
1.20649E+02 1.71786E+00
1.19576E+02 1.94369E+00
1.18500E+02 2.16822E+00
1.17422E+02 2.39157E+00
1.16347E+02 2.61275E+00
1.15277E+02 2.83280E+00
1.14215E+02 3.04985E+00
1.13164E+02 3.26619E+00
1.12128E+02 3.47874E+00
1.11111E+02 3.68959E+00
1.10114E+02 3.89805E+00
1.09142E+02 4.10414E+00
1.08199E+02 4.30681E+00
1.07286E+02 4.50747E+00
1.06409E+02 4.70402E+00
1.05569E+02 4.89757E+00
1.04771E+02 5.08847E+00
1.04017E+02 5.27452E+00
1.03311E+02 5.45808E+00
1.02655E+02 5.63722E+00
1.02052E+02 5.81291E+00
1.01506E+02 5.98467E+00
1.01017E+02 6.15208E+00
1.00589E+02 6.31557E+00
1.00223E+02 6.47474E+00
9.99218E+01 6.62851E+00
9.96857E+01 6.77807E+00
9.95163E+01 6.92370E+00
9.94143E+01 7.06425E+00
9.93803E+01 7.20036E+00
