Will plot unflagged data


File # 1  = raise.vis
raise.vis 15.1356 GHz
Read 121 visibilities from all files

Baseline 1-5, plot 121 points
9.93803E+01 6.92244E-03
9.94143E+01 6.92200E-03
9.95163E+01 6.92069E-03
9.96857E+01 6.91852E-03
9.99217E+01 6.91549E-03
1.00223E+02 6.91160E-03
1.00589E+02 6.90694E-03
1.01017E+02 6.90151E-03
1.01506E+02 6.89532E-03
1.02052E+02 6.88845E-03
1.02655E+02 6.88091E-03
1.03311E+02 6.87274E-03
1.04017E+02 6.86405E-03
1.04771E+02 6.85483E-03
1.05569E+02 6.84510E-03
1.06409E+02 6.83499E-03
1.07286E+02 6.82449E-03
1.08199E+02 6.81377E-03
1.09142E+02 6.80271E-03
1.10114E+02 6.79149E-03
1.11111E+02 6.78010E-03
1.12128E+02 6.76857E-03
1.13164E+02 6.75690E-03
1.14215E+02 6.74537E-03
1.15276E+02 6.73371E-03
1.16347E+02 6.72221E-03
1.17422E+02 6.71073E-03
1.18500E+02 6.69942E-03
1.19576E+02 6.68823E-03
1.20649E+02 6.67721E-03
1.21715E+02 6.66637E-03
1.22773E+02 6.65578E-03
1.23818E+02 6.64538E-03
1.24849E+02 6.63534E-03
1.25863E+02 6.62550E-03
1.26857E+02 6.61597E-03
1.27831E+02 6.60678E-03
1.28780E+02 6.59784E-03
1.29704E+02 6.58928E-03
1.30601E+02 6.58105E-03
1.31468E+02 6.57316E-03
1.32303E+02 6.56564E-03
1.33106E+02 6.55849E-03
1.33874E+02 6.55172E-03
1.34607E+02 6.54519E-03
1.35302E+02 6.53911E-03
1.35958E+02 6.53352E-03
1.36574E+02 6.52817E-03
1.37149E+02 6.52319E-03
1.37682E+02 6.51869E-03
1.38171E+02 6.51456E-03
1.38617E+02 6.51079E-03
1.39018E+02 6.50737E-03
1.39373E+02 6.50442E-03
1.39682E+02 6.50182E-03
1.39945E+02 6.49969E-03
1.40161E+02 6.49792E-03
1.40328E+02 6.49650E-03
1.40449E+02 6.49544E-03
1.40521E+02 6.49485E-03
1.40545E+02 6.49473E-03
1.40521E+02 6.49485E-03
1.40449E+02 6.49544E-03
1.40329E+02 6.49650E-03
1.40161E+02 6.49792E-03
1.39945E+02 6.49969E-03
1.39682E+02 6.50182E-03
1.39373E+02 6.50442E-03
1.39018E+02 6.50737E-03
1.38617E+02 6.51079E-03
1.38171E+02 6.51456E-03
1.37682E+02 6.51869E-03
1.37149E+02 6.52319E-03
1.36574E+02 6.52817E-03
1.35958E+02 6.53352E-03
1.35302E+02 6.53911E-03
1.34607E+02 6.54519E-03
1.33875E+02 6.55172E-03
1.33106E+02 6.55849E-03
1.32303E+02 6.56564E-03
1.31468E+02 6.57316E-03
1.30601E+02 6.58105E-03
1.29704E+02 6.58929E-03
1.28780E+02 6.59784E-03
1.27831E+02 6.60678E-03
1.26857E+02 6.61597E-03
1.25863E+02 6.62550E-03
1.24849E+02 6.63534E-03
1.23818E+02 6.64538E-03
1.22773E+02 6.65578E-03
1.21716E+02 6.66637E-03
1.20649E+02 6.67721E-03
1.19576E+02 6.68823E-03
1.18500E+02 6.69942E-03
1.17422E+02 6.71073E-03
1.16347E+02 6.72221E-03
1.15277E+02 6.73371E-03
1.14215E+02 6.74537E-03
1.13164E+02 6.75690E-03
1.12128E+02 6.76857E-03
1.11111E+02 6.78010E-03
1.10114E+02 6.79149E-03
1.09142E+02 6.80271E-03
1.08199E+02 6.81377E-03
1.07286E+02 6.82449E-03
1.06409E+02 6.83499E-03
1.05569E+02 6.84510E-03
1.04771E+02 6.85475E-03
1.04017E+02 6.86405E-03
1.03311E+02 6.87274E-03
1.02655E+02 6.88091E-03
1.02052E+02 6.88845E-03
1.01506E+02 6.89532E-03
1.01017E+02 6.90151E-03
1.00589E+02 6.90694E-03
1.00223E+02 6.91160E-03
9.99218E+01 6.91549E-03
9.96857E+01 6.91852E-03
9.95163E+01 6.92069E-03
9.94143E+01 6.92200E-03
9.93803E+01 6.92244E-03
