Will plot unflagged data


File # 1  = raise.vis
raise.vis 15.1356 GHz
Read 121 visibilities from all files

Baseline 1-2, plot 121 points
5.46046E+00 0.00000E+00
5.46233E+00 0.00000E+00
5.46793E+00 0.00000E+00
5.47724E+00 0.00000E+00
5.49021E+00 0.00000E+00
5.50677E+00 0.00000E+00
5.52686E+00 0.00000E+00
5.55038E+00 0.00000E+00
5.57723E+00 0.00000E+00
5.60727E+00 0.00000E+00
5.64038E+00 0.00000E+00
5.67642E+00 0.00000E+00
5.71522E+00 0.00000E+00
5.75664E+00 0.00000E+00
5.80050E+00 0.00000E+00
5.84663E+00 0.00000E+00
5.89485E+00 0.00000E+00
5.94498E+00 0.00000E+00
5.99683E+00 0.00000E+00
6.05022E+00 0.00000E+00
6.10497E+00 0.00000E+00
6.16090E+00 0.00000E+00
6.21781E+00 0.00000E+00
6.27552E+00 0.00000E+00
6.33387E+00 0.00000E+00
6.39268E+00 0.00000E+00
6.45176E+00 0.00000E+00
6.51097E+00 0.00000E+00
6.57012E+00 0.00000E+00
6.62907E+00 0.00000E+00
6.68766E+00 0.00000E+00
6.74575E+00 0.00000E+00
6.80317E+00 0.00000E+00
6.85981E+00 0.00000E+00
6.91552E+00 0.00000E+00
6.97018E+00 0.00000E+00
7.02366E+00 0.00000E+00
7.07584E+00 0.00000E+00
7.12661E+00 0.00000E+00
7.17587E+00 0.00000E+00
7.22350E+00 0.00000E+00
7.26942E+00 0.00000E+00
7.31353E+00 0.00000E+00
7.35574E+00 0.00000E+00
7.39597E+00 0.00000E+00
7.43415E+00 0.00000E+00
7.47020E+00 0.00000E+00
7.50405E+00 0.00000E+00
7.53564E+00 0.00000E+00
7.56492E+00 0.00000E+00
7.59183E+00 0.00000E+00
7.61631E+00 0.00000E+00
7.63834E+00 0.00000E+00
7.65787E+00 0.00000E+00
7.67486E+00 0.00000E+00
7.68929E+00 0.00000E+00
7.70113E+00 0.00000E+00
7.71036E+00 0.00000E+00
7.71696E+00 0.00000E+00
7.72093E+00 0.00000E+00
7.72225E+00 0.00000E+00
7.72093E+00 0.00000E+00
7.71696E+00 0.00000E+00
7.71036E+00 0.00000E+00
7.70113E+00 0.00000E+00
7.68929E+00 0.00000E+00
7.67486E+00 0.00000E+00
7.65787E+00 0.00000E+00
7.63834E+00 0.00000E+00
7.61631E+00 0.00000E+00
7.59183E+00 0.00000E+00
7.56492E+00 0.00000E+00
7.53564E+00 0.00000E+00
7.50405E+00 0.00000E+00
7.47020E+00 0.00000E+00
7.43415E+00 0.00000E+00
7.39598E+00 0.00000E+00
7.35574E+00 0.00000E+00
7.31353E+00 0.00000E+00
7.26942E+00 0.00000E+00
7.22351E+00 0.00000E+00
7.17587E+00 0.00000E+00
7.12661E+00 0.00000E+00
7.07584E+00 0.00000E+00
7.02366E+00 0.00000E+00
6.97018E+00 0.00000E+00
6.91553E+00 0.00000E+00
6.85982E+00 0.00000E+00
6.80318E+00 0.00000E+00
6.74575E+00 0.00000E+00
6.68767E+00 0.00000E+00
6.62908E+00 0.00000E+00
6.57013E+00 0.00000E+00
6.51097E+00 0.00000E+00
6.45177E+00 0.00000E+00
6.39268E+00 0.00000E+00
6.33388E+00 0.00000E+00
6.27553E+00 0.00000E+00
6.21781E+00 0.00000E+00
6.16090E+00 0.00000E+00
6.10498E+00 0.00000E+00
6.05023E+00 0.00000E+00
5.99683E+00 0.00000E+00
5.94498E+00 0.00000E+00
5.89485E+00 0.00000E+00
5.84663E+00 0.00000E+00
5.80051E+00 0.00000E+00
5.75665E+00 0.00000E+00
5.71523E+00 0.00000E+00
5.67642E+00 0.00000E+00
5.64038E+00 0.00000E+00
5.60727E+00 0.00000E+00
5.57723E+00 0.00000E+00
5.55039E+00 0.00000E+00
5.52687E+00 0.00000E+00
5.50677E+00 0.00000E+00
5.49021E+00 0.00000E+00
5.47724E+00 0.00000E+00
5.46793E+00 0.00000E+00
5.46233E+00 0.00000E+00
5.46046E+00 0.00000E+00
