Will plot unflagged data


File # 1  = raise.vis
raise.vis 0.1514 GHz
Read 121 visibilities from all files

Baseline 1-2, plot 121 points
5.46046E-02 -6.88498E-03
5.46233E-02 -7.13747E-03
5.46793E-02 -7.38508E-03
5.47724E-02 -7.62762E-03
5.49021E-02 -7.86493E-03
5.50677E-02 -7.07134E-03
5.52686E-02 -7.29772E-03
5.55039E-02 -7.51839E-03
5.57723E-02 -7.73321E-03
5.60727E-02 -7.94203E-03
5.64038E-02 -8.14470E-03
5.67642E-02 -8.34108E-03
5.71522E-02 -8.53105E-03
5.75664E-02 -7.68882E-03
5.80050E-02 -7.86556E-03
5.84663E-02 -8.03551E-03
5.89485E-02 -8.19855E-03
5.94498E-02 -8.35456E-03
5.99683E-02 -8.50344E-03
6.05022E-02 -8.64508E-03
6.10497E-02 -8.77940E-03
6.16090E-02 -8.90630E-03
6.21781E-02 -7.99995E-03
6.27552E-02 -8.11175E-03
6.33387E-02 -8.21587E-03
6.39268E-02 -8.31226E-03
6.45176E-02 -8.40084E-03
6.51097E-02 -8.48156E-03
6.57012E-02 -8.55437E-03
6.62907E-02 -8.61919E-03
6.68766E-02 -8.67600E-03
6.74575E-02 -8.72475E-03
6.80317E-02 -7.73950E-03
6.85981E-02 -7.77205E-03
6.91552E-02 -7.79647E-03
6.97018E-02 -7.81272E-03
7.02366E-02 -7.82082E-03
7.07584E-02 -7.82074E-03
7.12661E-02 -7.81249E-03
7.17587E-02 -7.79608E-03
7.22350E-02 -7.77151E-03
7.26942E-02 -7.73880E-03
7.31353E-02 -7.69798E-03
7.35574E-02 -7.64907E-03
7.39597E-02 -7.59211E-03
7.43415E-02 -7.52713E-03
7.47020E-02 -7.45419E-03
7.50405E-02 -7.37332E-03
7.53564E-02 -7.28459E-03
7.56492E-02 -6.16202E-03
7.59182E-02 -6.05774E-03
7.61631E-02 -5.94580E-03
7.63834E-02 -5.82627E-03
7.65787E-02 -5.69923E-03
7.67486E-02 -5.56477E-03
7.68929E-02 -5.42298E-03
7.70113E-02 -5.27396E-03
7.71036E-02 -5.11781E-03
7.71696E-02 -4.95464E-03
7.72093E-02 -4.78456E-03
7.72225E-02 -4.60769E-03
7.72093E-02 -4.42414E-03
7.71696E-02 -4.23405E-03
7.71036E-02 -4.03755E-03
7.70113E-02 -3.83475E-03
7.68929E-02 -3.62582E-03
7.67486E-02 -3.41090E-03
7.65787E-02 -3.19012E-03
7.63834E-02 -2.96363E-03
7.61632E-02 -2.73160E-03
7.59183E-02 -2.49418E-03
7.56492E-02 -2.25154E-03
7.53564E-02 -3.02988E-03
7.50405E-02 -2.77730E-03
7.47020E-02 -2.51999E-03
7.43415E-02 -2.25815E-03
7.39598E-02 -1.99195E-03
7.35574E-02 -1.72157E-03
7.31353E-02 -1.44721E-03
7.26942E-02 -1.16904E-03
7.22350E-02 -8.87260E-04
7.17587E-02 -6.02057E-04
7.12661E-02 -3.13630E-04
7.07584E-02 -2.21769E-05
7.02366E-02 2.72102E-04
6.97018E-02 5.69007E-04
6.91553E-02 8.68333E-04
6.85982E-02 1.16988E-03
6.80318E-02 1.47343E-03
6.74575E-02 7.52865E-04
6.68767E-02 1.05981E-03
6.62908E-02 1.36814E-03
6.57013E-02 1.67764E-03
6.51097E-02 1.98810E-03
6.45177E-02 2.29930E-03
6.39268E-02 2.61103E-03
6.33388E-02 2.92309E-03
6.27553E-02 3.23525E-03
6.21781E-02 3.54729E-03
6.16090E-02 2.83329E-03
6.10498E-02 3.14448E-03
6.05023E-02 3.45492E-03
5.99683E-02 3.76440E-03
5.94498E-02 4.07270E-03
5.89485E-02 4.37962E-03
5.84663E-02 4.68494E-03
5.80051E-02 4.98845E-03
5.75665E-02 5.28996E-03
5.71523E-02 4.56359E-03
5.67642E-02 4.86044E-03
5.64038E-02 5.15467E-03
5.60727E-02 5.44607E-03
5.57723E-02 5.73443E-03
5.55039E-02 6.01957E-03
5.52687E-02 6.30129E-03
5.50678E-02 6.57939E-03
5.49021E-02 5.82817E-03
5.47724E-02 6.09847E-03
5.46793E-02 6.36459E-03
5.46233E-02 6.62634E-03
5.46046E-02 6.88356E-03
