Will plot unflagged data


File # 1  = raise.vis
raise.vis 1.5136 GHz
Read 121 visibilities from all files

Baseline 1-4, plot 121 points
7.64464E+00 3.80302E-02
7.64726E+00 3.80302E-02
7.65510E+00 3.80301E-02
7.66813E+00 3.80299E-02
7.68629E+00 3.80297E-02
7.70948E+00 3.80294E-02
7.73761E+00 3.80291E-02
7.77054E+00 3.80287E-02
7.80812E+00 3.80283E-02
7.85018E+00 3.80278E-02
7.89653E+00 3.80272E-02
7.94698E+00 3.80266E-02
8.00131E+00 3.80259E-02
8.05930E+00 3.80252E-02
8.12070E+00 3.80245E-02
8.18528E+00 3.80237E-02
8.25279E+00 3.80227E-02
8.32297E+00 3.80218E-02
8.39556E+00 3.80210E-02
8.47031E+00 3.80200E-02
8.54696E+00 3.80189E-02
8.62525E+00 3.80180E-02
8.70493E+00 3.80168E-02
8.78573E+00 3.80158E-02
8.86742E+00 3.80147E-02
8.94975E+00 3.80135E-02
9.03247E+00 3.80124E-02
9.11535E+00 3.80111E-02
9.19817E+00 3.80100E-02
9.28070E+00 3.80089E-02
9.36273E+00 3.80076E-02
9.44404E+00 3.80064E-02
9.52444E+00 3.80054E-02
9.60374E+00 3.80041E-02
9.68173E+00 3.80030E-02
9.75825E+00 3.80019E-02
9.83312E+00 3.80008E-02
9.90617E+00 3.79996E-02
9.97725E+00 3.79985E-02
1.00462E+01 3.79975E-02
1.01129E+01 3.79965E-02
1.01772E+01 3.79954E-02
1.02389E+01 3.79946E-02
1.02980E+01 3.79936E-02
1.03544E+01 3.79927E-02
1.04078E+01 3.79919E-02
1.04583E+01 3.79910E-02
1.05057E+01 3.79903E-02
1.05499E+01 3.79897E-02
1.05909E+01 3.79890E-02
1.06286E+01 3.79883E-02
1.06628E+01 3.79879E-02
1.06937E+01 3.79872E-02
1.07210E+01 3.79867E-02
1.07448E+01 3.79865E-02
1.07650E+01 3.79860E-02
1.07816E+01 3.79858E-02
1.07945E+01 3.79856E-02
1.08037E+01 3.79856E-02
1.08093E+01 3.79853E-02
1.08112E+01 3.79853E-02
1.08093E+01 3.79853E-02
1.08037E+01 3.79856E-02
1.07945E+01 3.79856E-02
1.07816E+01 3.79858E-02
1.07650E+01 3.79860E-02
1.07448E+01 3.79865E-02
1.07210E+01 3.79867E-02
1.06937E+01 3.79872E-02
1.06628E+01 3.79879E-02
1.06286E+01 3.79883E-02
1.05909E+01 3.79890E-02
1.05499E+01 3.79897E-02
1.05057E+01 3.79903E-02
1.04583E+01 3.79910E-02
1.04078E+01 3.79919E-02
1.03544E+01 3.79927E-02
1.02980E+01 3.79936E-02
1.02389E+01 3.79946E-02
1.01772E+01 3.79955E-02
1.01129E+01 3.79965E-02
1.00462E+01 3.79975E-02
9.97726E+00 3.79985E-02
9.90618E+00 3.79996E-02
9.83312E+00 3.80008E-02
9.75826E+00 3.80019E-02
9.68174E+00 3.80030E-02
9.60374E+00 3.80041E-02
9.52445E+00 3.80054E-02
9.44405E+00 3.80064E-02
9.36273E+00 3.80076E-02
9.28071E+00 3.80089E-02
9.19818E+00 3.80100E-02
9.11536E+00 3.80111E-02
9.03247E+00 3.80124E-02
8.94975E+00 3.80135E-02
8.86743E+00 3.80147E-02
8.78574E+00 3.80158E-02
8.70493E+00 3.80168E-02
8.62526E+00 3.80180E-02
8.54697E+00 3.80189E-02
8.47032E+00 3.80200E-02
8.39557E+00 3.80210E-02
8.32297E+00 3.80218E-02
8.25280E+00 3.80227E-02
8.18529E+00 3.80237E-02
8.12071E+00 3.80245E-02
8.05930E+00 3.80252E-02
8.00132E+00 3.80259E-02
7.94699E+00 3.80266E-02
7.89654E+00 3.80272E-02
7.85018E+00 3.80278E-02
7.80812E+00 3.80283E-02
7.77054E+00 3.80287E-02
7.73761E+00 3.80291E-02
7.70949E+00 3.80294E-02
7.68629E+00 3.80297E-02
7.66813E+00 3.80299E-02
7.65510E+00 3.80301E-02
7.64726E+00 3.80302E-02
7.64464E+00 3.80302E-02
