Will plot unflagged data


File # 1  = raise.vis
raise.vis 1.5136 GHz
Read 121 visibilities from all files

Baseline 1-4, plot 121 points
7.64464E+00 -5.53875E-01
7.64726E+00 -5.63930E-01
7.65510E+00 -5.73579E-01
7.66813E+00 -5.82810E-01
7.68629E+00 -5.91613E-01
7.70948E+00 -5.99975E-01
7.73761E+00 -6.08914E-01
7.77054E+00 -6.16359E-01
7.80812E+00 -6.23328E-01
7.85018E+00 -6.29811E-01
7.89653E+00 -6.36828E-01
7.94698E+00 -6.42305E-01
8.00131E+00 -6.48296E-01
8.05930E+00 -6.52727E-01
8.12070E+00 -6.57651E-01
8.18528E+00 -6.62029E-01
8.25279E+00 -6.64817E-01
8.32297E+00 -6.68072E-01
8.39556E+00 -6.71786E-01
8.47031E+00 -6.73886E-01
8.54696E+00 -6.75396E-01
8.62525E+00 -6.77342E-01
8.70493E+00 -6.77651E-01
8.78573E+00 -6.78383E-01
8.86742E+00 -6.78500E-01
8.94975E+00 -6.77994E-01
9.03247E+00 -6.76862E-01
9.11535E+00 -6.75099E-01
9.19817E+00 -6.73732E-01
9.28070E+00 -6.71725E-01
9.36273E+00 -6.68044E-01
9.44404E+00 -6.64749E-01
9.52444E+00 -6.61835E-01
9.60374E+00 -6.57241E-01
9.68173E+00 -6.53025E-01
9.75825E+00 -6.48155E-01
9.83312E+00 -6.42630E-01
9.90617E+00 -6.36452E-01
9.97725E+00 -6.29619E-01
1.00462E+01 -6.23160E-01
1.01129E+01 -6.16047E-01
1.01772E+01 -6.08283E-01
1.02389E+01 -6.00894E-01
1.02980E+01 -5.91831E-01
1.03544E+01 -5.83144E-01
1.04078E+01 -5.73811E-01
1.04583E+01 -5.63835E-01
1.05057E+01 -5.54247E-01
1.05499E+01 -5.44025E-01
1.05909E+01 -5.33174E-01
1.06286E+01 -5.21701E-01
1.06628E+01 -5.10638E-01
1.06937E+01 -4.97935E-01
1.07210E+01 -4.85657E-01
1.07448E+01 -4.73810E-01
1.07650E+01 -4.60344E-01
1.07816E+01 -4.47326E-01
1.07945E+01 -4.33734E-01
1.08037E+01 -4.20606E-01
1.08093E+01 -4.05893E-01
1.08112E+01 -3.91663E-01
1.08093E+01 -3.76895E-01
1.08037E+01 -3.62631E-01
1.07945E+01 -3.46821E-01
1.07816E+01 -3.31535E-01
1.07650E+01 -3.15754E-01
1.07448E+01 -3.00520E-01
1.07210E+01 -2.83786E-01
1.06937E+01 -2.67621E-01
1.06628E+01 -2.52039E-01
1.06286E+01 -2.34994E-01
1.05909E+01 -2.18557E-01
1.05499E+01 -2.01712E-01
1.05057E+01 -1.84473E-01
1.04583E+01 -1.66853E-01
1.04078E+01 -1.49894E-01
1.03544E+01 -1.32583E-01
1.02980E+01 -1.14933E-01
1.02389E+01 -9.79870E-02
1.01772E+01 -7.97111E-02
1.01129E+01 -6.21732E-02
1.00462E+01 -4.43631E-02
9.97726E+00 -2.62961E-02
9.90618E+00 -9.01644E-03
9.83312E+00 8.48734E-03
9.75826E+00 2.61995E-02
9.68174E+00 4.41036E-02
9.60374E+00 6.21836E-02
9.52445E+00 7.93925E-02
9.44405E+00 9.77748E-02
9.36273E+00 1.15252E-01
9.28071E+00 1.31807E-01
9.19818E+00 1.49485E-01
9.11536E+00 1.67239E-01
9.03247E+00 1.84019E-01
8.94975E+00 2.00841E-01
8.86743E+00 2.17687E-01
8.78574E+00 2.34541E-01
8.70493E+00 2.51384E-01
8.62526E+00 2.67169E-01
8.54697E+00 2.83942E-01
8.47032E+00 2.99622E-01
8.39557E+00 3.15224E-01
8.32297E+00 3.31765E-01
8.25280E+00 3.47161E-01
8.18529E+00 3.61397E-01
8.12071E+00 3.76520E-01
8.05930E+00 3.91482E-01
8.00132E+00 4.05235E-01
7.94699E+00 4.19825E-01
7.89654E+00 4.33174E-01
7.85018E+00 4.47330E-01
7.80812E+00 4.60213E-01
7.77054E+00 4.72840E-01
7.73761E+00 4.85196E-01
7.70949E+00 4.98297E-01
7.68629E+00 5.10067E-01
7.66813E+00 5.21523E-01
7.65510E+00 5.32652E-01
7.64726E+00 5.43439E-01
7.64464E+00 5.53873E-01
