Will plot unflagged data


File # 1  = raise.vis
raise.vis 0.4786 GHz
Read 121 visibilities from all files

Baseline 1-2, plot 121 points
1.72675E-01 -8.12458E-02
1.72734E-01 -8.32002E-02
1.72911E-01 -8.40709E-02
1.73205E-01 -8.59074E-02
1.73616E-01 -8.66559E-02
1.74139E-01 -8.83668E-02
1.74775E-01 -8.89855E-02
1.75519E-01 -9.05632E-02
1.76367E-01 -9.10447E-02
1.77317E-01 -9.24822E-02
1.78365E-01 -9.38470E-02
1.79504E-01 -9.41102E-02
1.80731E-01 -9.53247E-02
1.82041E-01 -9.54343E-02
1.83428E-01 -9.64924E-02
1.84887E-01 -9.74703E-02
1.86412E-01 -9.73384E-02
1.87997E-01 -9.81516E-02
1.89636E-01 -9.88804E-02
1.91325E-01 -9.84954E-02
1.93056E-01 -9.90521E-02
1.94825E-01 -9.95212E-02
1.96624E-01 -9.99014E-02
1.98449E-01 -9.91633E-02
2.00295E-01 -9.93632E-02
2.02154E-01 -9.94718E-02
2.04023E-01 -9.94882E-02
2.05895E-01 -9.94117E-02
2.07766E-01 -9.92416E-02
2.09630E-01 -9.89773E-02
2.11482E-01 -9.86184E-02
2.13319E-01 -9.81644E-02
2.15135E-01 -9.76148E-02
2.16926E-01 -9.69693E-02
2.18688E-01 -9.62278E-02
2.20416E-01 -9.53899E-02
2.22108E-01 -9.44557E-02
2.23758E-01 -9.34250E-02
2.25363E-01 -9.22976E-02
2.26921E-01 -9.10739E-02
2.28427E-01 -9.07839E-02
2.29879E-01 -8.93679E-02
2.31274E-01 -8.78560E-02
2.32609E-01 -8.72788E-02
2.33881E-01 -8.55764E-02
2.35088E-01 -8.48095E-02
2.36228E-01 -8.29183E-02
2.37299E-01 -8.09337E-02
2.38298E-01 -7.98865E-02
2.39224E-01 -7.87472E-02
2.40075E-01 -7.64863E-02
2.40849E-01 -7.51652E-02
2.41546E-01 -7.27241E-02
2.42163E-01 -7.12248E-02
2.42700E-01 -6.96380E-02
2.43157E-01 -6.79647E-02
2.43531E-01 -6.62061E-02
2.43823E-01 -6.33328E-02
2.44032E-01 -6.14072E-02
2.44157E-01 -5.94000E-02
2.44199E-01 -5.73126E-02
2.44157E-01 -5.51465E-02
2.44032E-01 -5.29031E-02
2.43823E-01 -5.05840E-02
2.43531E-01 -4.92213E-02
2.43157E-01 -4.67555E-02
2.42700E-01 -4.42190E-02
2.42163E-01 -4.16134E-02
2.41546E-01 -3.89405E-02
2.40849E-01 -3.72326E-02
2.40075E-01 -3.44307E-02
2.39224E-01 -3.25976E-02
2.38298E-01 -2.96743E-02
2.37299E-01 -2.66934E-02
2.36228E-01 -2.46871E-02
2.35089E-01 -2.26272E-02
2.33881E-01 -1.94857E-02
2.32609E-01 -1.73250E-02
2.31274E-01 -1.40870E-02
2.29879E-01 -1.18343E-02
2.28427E-01 -9.53888E-03
2.26921E-01 -6.17303E-03
2.25363E-01 -3.79917E-03
2.23758E-01 -1.38951E-03
2.22108E-01 1.05358E-03
2.20417E-01 3.52775E-03
2.18688E-01 6.03051E-03
2.16926E-01 8.55953E-03
2.15135E-01 1.11123E-02
2.13319E-01 1.36865E-02
2.11483E-01 1.62795E-02
2.09630E-01 1.88889E-02
2.07766E-01 2.15121E-02
2.05895E-01 2.41468E-02
2.04023E-01 2.67903E-02
2.02154E-01 2.94402E-02
2.00295E-01 3.20940E-02
1.98450E-01 3.47491E-02
1.96624E-01 3.63742E-02
1.94825E-01 3.90244E-02
1.93056E-01 4.16684E-02
1.91325E-01 4.43037E-02
1.89637E-01 4.58993E-02
1.87997E-01 4.85096E-02
1.86412E-01 5.11036E-02
1.84887E-01 5.26510E-02
1.83428E-01 5.52052E-02
1.82041E-01 5.77357E-02
1.80731E-01 5.92126E-02
1.79504E-01 6.16886E-02
1.78365E-01 6.31064E-02
1.77318E-01 6.55183E-02
1.76367E-01 6.78946E-02
1.75519E-01 6.92060E-02
1.74775E-01 7.15041E-02
1.74140E-01 7.27332E-02
1.73616E-01 7.49441E-02
1.73205E-01 7.60818E-02
1.72911E-01 7.81965E-02
1.72734E-01 7.92343E-02
1.72675E-01 8.12443E-02
