Will plot unflagged data


File # 1  = raise.vis
raise.vis 0.4786 GHz
Read 121 visibilities from all files

Baseline 2-3, plot 121 points
1.77855E+00 -1.28861E-01
1.77916E+00 -1.31536E-01
1.78098E+00 -1.33094E-01
1.78402E+00 -1.35581E-01
1.78824E+00 -1.37970E-01
1.79364E+00 -1.39231E-01
1.80018E+00 -1.41415E-01
1.80784E+00 -1.43491E-01
1.81658E+00 -1.45457E-01
1.82637E+00 -1.46283E-01
1.83715E+00 -1.48020E-01
1.84889E+00 -1.49640E-01
1.86153E+00 -1.51139E-01
1.87502E+00 -1.51487E-01
1.88931E+00 -1.52738E-01
1.90433E+00 -1.53861E-01
1.92004E+00 -1.54855E-01
1.93637E+00 -1.55716E-01
1.95326E+00 -1.56444E-01
1.97065E+00 -1.57037E-01
1.98848E+00 -1.57491E-01
2.00669E+00 -1.57807E-01
2.02523E+00 -1.57982E-01
2.04403E+00 -1.58014E-01
2.06303E+00 -1.57903E-01
2.08219E+00 -1.57646E-01
2.10143E+00 -1.57243E-01
2.12072E+00 -1.57724E-01
2.13998E+00 -1.57025E-01
2.15919E+00 -1.56177E-01
2.17827E+00 -1.56210E-01
2.19719E+00 -1.55060E-01
2.21589E+00 -1.53760E-01
2.23434E+00 -1.53338E-01
2.25249E+00 -1.51733E-01
2.27029E+00 -1.51006E-01
2.28771E+00 -1.49095E-01
2.30470E+00 -1.48062E-01
2.32124E+00 -1.46876E-01
2.33728E+00 -1.45537E-01
2.35280E+00 -1.43015E-01
2.36776E+00 -1.41371E-01
2.38212E+00 -1.39575E-01
2.39587E+00 -1.37628E-01
2.40898E+00 -1.35530E-01
2.42141E+00 -1.33282E-01
2.43315E+00 -1.30885E-01
2.44418E+00 -1.29371E-01
2.45447E+00 -1.26679E-01
2.46400E+00 -1.23840E-01
2.47277E+00 -1.21888E-01
2.48074E+00 -1.18761E-01
2.48792E+00 -1.16523E-01
2.49428E+00 -1.13114E-01
2.49981E+00 -1.10597E-01
2.50451E+00 -1.06911E-01
2.50837E+00 -1.04122E-01
2.51138E+00 -1.01199E-01
2.51353E+00 -9.81447E-02
2.51482E+00 -9.49611E-02
2.51525E+00 -9.16504E-02
2.51482E+00 -8.82148E-02
2.51353E+00 -8.46566E-02
2.51138E+00 -8.09784E-02
2.50837E+00 -7.71825E-02
2.50451E+00 -7.32717E-02
2.49981E+00 -7.02804E-02
2.49428E+00 -6.61478E-02
2.48792E+00 -6.29403E-02
2.48075E+00 -5.85971E-02
2.47277E+00 -5.51849E-02
2.46400E+00 -5.06431E-02
2.45447E+00 -4.70384E-02
2.44418E+00 -4.33422E-02
2.43315E+00 -3.85260E-02
2.42141E+00 -3.46565E-02
2.40898E+00 -3.07054E-02
2.39587E+00 -2.66761E-02
2.38212E+00 -2.25721E-02
2.36776E+00 -1.83969E-02
2.35280E+00 -1.41540E-02
2.33729E+00 -1.08785E-02
2.32124E+00 -6.51110E-03
2.30470E+00 -2.08702E-03
2.28771E+00 2.38999E-03
2.27029E+00 5.88493E-03
2.25249E+00 1.04565E-02
2.23434E+00 1.40386E-02
2.21589E+00 1.86894E-02
2.19719E+00 2.23431E-02
2.17827E+00 2.60267E-02
2.15919E+00 3.07672E-02
2.13999E+00 3.44989E-02
2.12072E+00 3.82489E-02
2.10143E+00 4.30434E-02
2.08219E+00 4.68176E-02
2.06304E+00 5.05980E-02
2.04403E+00 5.43805E-02
2.02523E+00 5.81613E-02
2.00669E+00 6.19363E-02
1.98848E+00 6.57016E-02
1.97065E+00 6.94531E-02
1.95326E+00 7.31868E-02
1.93637E+00 7.68989E-02
1.92004E+00 8.05853E-02
1.90433E+00 8.42421E-02
1.88931E+00 8.78655E-02
1.87502E+00 9.14516E-02
1.86153E+00 9.39680E-02
1.84889E+00 9.74679E-02
1.83716E+00 1.00919E-01
1.82637E+00 1.04318E-01
1.81658E+00 1.06632E-01
1.80784E+00 1.09915E-01
1.80018E+00 1.13133E-01
1.79364E+00 1.16285E-01
1.78824E+00 1.18339E-01
1.78402E+00 1.21346E-01
1.78098E+00 1.24274E-01
1.77916E+00 1.26096E-01
1.77855E+00 1.28860E-01
