Will plot unflagged data


File # 1  = raise.vis
raise.vis 0.4786 GHz
Read 121 visibilities from all files

Baseline 2-3, plot 121 points
1.77855E+00 8.63258E-02
1.77916E+00 8.63258E-02
1.78098E+00 8.63257E-02
1.78402E+00 8.63257E-02
1.78824E+00 8.63257E-02
1.79364E+00 8.63256E-02
1.80018E+00 8.63256E-02
1.80784E+00 8.63255E-02
1.81658E+00 8.63254E-02
1.82637E+00 8.63253E-02
1.83715E+00 8.63252E-02
1.84889E+00 8.63251E-02
1.86153E+00 8.63250E-02
1.87502E+00 8.63248E-02
1.88931E+00 8.63247E-02
1.90433E+00 8.63246E-02
1.92004E+00 8.63244E-02
1.93637E+00 8.63243E-02
1.95326E+00 8.63241E-02
1.97065E+00 8.63240E-02
1.98848E+00 8.63238E-02
2.00669E+00 8.63236E-02
2.02523E+00 8.63235E-02
2.04403E+00 8.63233E-02
2.06303E+00 8.63231E-02
2.08219E+00 8.63229E-02
2.10143E+00 8.63226E-02
2.12072E+00 8.63225E-02
2.13998E+00 8.63223E-02
2.15919E+00 8.63220E-02
2.17827E+00 8.63219E-02
2.19719E+00 8.63217E-02
2.21589E+00 8.63214E-02
2.23434E+00 8.63213E-02
2.25249E+00 8.63210E-02
2.27029E+00 8.63209E-02
2.28771E+00 8.63206E-02
2.30470E+00 8.63205E-02
2.32124E+00 8.63203E-02
2.33728E+00 8.63202E-02
2.35280E+00 8.63199E-02
2.36776E+00 8.63197E-02
2.38212E+00 8.63196E-02
2.39587E+00 8.63194E-02
2.40898E+00 8.63193E-02
2.42141E+00 8.63191E-02
2.43315E+00 8.63189E-02
2.44418E+00 8.63189E-02
2.45447E+00 8.63188E-02
2.46400E+00 8.63186E-02
2.47277E+00 8.63186E-02
2.48074E+00 8.63184E-02
2.48792E+00 8.63184E-02
2.49428E+00 8.63183E-02
2.49981E+00 8.63183E-02
2.50451E+00 8.63181E-02
2.50837E+00 8.63181E-02
2.51138E+00 8.63181E-02
2.51353E+00 8.63181E-02
2.51482E+00 8.63181E-02
2.51525E+00 8.63181E-02
2.51482E+00 8.63181E-02
2.51353E+00 8.63181E-02
2.51138E+00 8.63181E-02
2.50837E+00 8.63181E-02
2.50451E+00 8.63181E-02
2.49981E+00 8.63183E-02
2.49428E+00 8.63183E-02
2.48792E+00 8.63184E-02
2.48075E+00 8.63184E-02
2.47277E+00 8.63186E-02
2.46400E+00 8.63186E-02
2.45447E+00 8.63188E-02
2.44418E+00 8.63189E-02
2.43315E+00 8.63189E-02
2.42141E+00 8.63191E-02
2.40898E+00 8.63193E-02
2.39587E+00 8.63194E-02
2.38212E+00 8.63196E-02
2.36776E+00 8.63197E-02
2.35280E+00 8.63199E-02
2.33729E+00 8.63202E-02
2.32124E+00 8.63203E-02
2.30470E+00 8.63205E-02
2.28771E+00 8.63206E-02
2.27029E+00 8.63209E-02
2.25249E+00 8.63210E-02
2.23434E+00 8.63213E-02
2.21589E+00 8.63214E-02
2.19719E+00 8.63217E-02
2.17827E+00 8.63219E-02
2.15919E+00 8.63221E-02
2.13999E+00 8.63223E-02
2.12072E+00 8.63225E-02
2.10143E+00 8.63226E-02
2.08219E+00 8.63229E-02
2.06304E+00 8.63231E-02
2.04403E+00 8.63233E-02
2.02523E+00 8.63234E-02
2.00669E+00 8.63236E-02
1.98848E+00 8.63238E-02
1.97065E+00 8.63240E-02
1.95326E+00 8.63241E-02
1.93637E+00 8.63243E-02
1.92004E+00 8.63244E-02
1.90433E+00 8.63246E-02
1.88931E+00 8.63247E-02
1.87502E+00 8.63248E-02
1.86153E+00 8.63250E-02
1.84889E+00 8.63251E-02
1.83716E+00 8.63252E-02
1.82637E+00 8.63253E-02
1.81658E+00 8.63254E-02
1.80784E+00 8.63255E-02
1.80018E+00 8.63256E-02
1.79364E+00 8.63256E-02
1.78824E+00 8.63257E-02
1.78402E+00 8.63257E-02
1.78098E+00 8.63257E-02
1.77916E+00 8.63258E-02
1.77855E+00 8.63258E-02
