Will plot unflagged data


File # 1  = raise.vis
raise.vis 1.5136 GHz
Read 121 visibilities from all files

Baseline 1-3, plot 121 points
6.17031E+00 -1.66999E+00
6.17243E+00 -1.70042E+00
6.17876E+00 -1.72959E+00
6.18928E+00 -1.75749E+00
6.20393E+00 -1.78409E+00
6.22265E+00 -1.80936E+00
6.24536E+00 -1.83432E+00
6.27193E+00 -1.85687E+00
6.30227E+00 -1.87903E+00
6.33622E+00 -1.89976E+00
6.37363E+00 -1.91904E+00
6.41435E+00 -1.93685E+00
6.45820E+00 -1.95316E+00
6.50501E+00 -1.96886E+00
6.55457E+00 -1.98289E+00
6.60669E+00 -1.99522E+00
6.66118E+00 -2.00586E+00
6.71783E+00 -2.01582E+00
6.77642E+00 -2.02405E+00
6.83675E+00 -2.03052E+00
6.89862E+00 -2.03625E+00
6.96181E+00 -2.04123E+00
7.02612E+00 -2.04338E+00
7.09134E+00 -2.04475E+00
7.15727E+00 -2.04534E+00
7.22372E+00 -2.04410E+00
7.29049E+00 -2.04091E+00
7.35739E+00 -2.03679E+00
7.42424E+00 -2.03176E+00
7.49085E+00 -2.02478E+00
7.55706E+00 -2.01584E+00
7.62269E+00 -2.00598E+00
7.68759E+00 -1.99518E+00
7.75159E+00 -1.98242E+00
7.81454E+00 -1.96872E+00
7.87630E+00 -1.95304E+00
7.93673E+00 -1.93642E+00
7.99570E+00 -1.91886E+00
8.05307E+00 -1.89933E+00
8.10873E+00 -1.87886E+00
8.16256E+00 -1.85746E+00
8.21445E+00 -1.83411E+00
8.26429E+00 -1.80983E+00
8.31199E+00 -1.78463E+00
8.35745E+00 -1.75848E+00
8.40059E+00 -1.73038E+00
8.44132E+00 -1.70136E+00
8.47958E+00 -1.67041E+00
8.51528E+00 -1.63961E+00
8.54836E+00 -1.60691E+00
8.57876E+00 -1.57336E+00
8.60643E+00 -1.53795E+00
8.63132E+00 -1.50276E+00
8.65339E+00 -1.46575E+00
8.67259E+00 -1.42797E+00
8.68890E+00 -1.38841E+00
8.70227E+00 -1.34917E+00
8.71270E+00 -1.30819E+00
8.72017E+00 -1.26655E+00
8.72465E+00 -1.22425E+00
8.72614E+00 -1.18135E+00
8.72465E+00 -1.13682E+00
8.72017E+00 -1.09175E+00
8.71270E+00 -1.04614E+00
8.70227E+00 -1.00005E+00
8.68890E+00 -9.52462E-01
8.67259E+00 -9.05486E-01
8.65339E+00 -8.57090E-01
8.63133E+00 -8.08343E-01
8.60644E+00 -7.58250E-01
8.57876E+00 -7.08912E-01
8.54836E+00 -6.58306E-01
8.51528E+00 -6.07501E-01
8.47958E+00 -5.55506E-01
8.44133E+00 -5.04422E-01
8.40059E+00 -4.52229E-01
8.35745E+00 -3.99997E-01
8.31199E+00 -3.46738E-01
8.26429E+00 -2.93520E-01
8.21445E+00 -2.40413E-01
8.16256E+00 -1.87479E-01
8.10873E+00 -1.33735E-01
8.05307E+00 -8.02541E-02
7.99570E+00 -2.70844E-02
7.93674E+00 2.67604E-02
7.87631E+00 8.02014E-02
7.81454E+00 1.33191E-01
7.75159E+00 1.86715E-01
7.68759E+00 2.39691E-01
7.62270E+00 2.93104E-01
7.55706E+00 3.45873E-01
7.49086E+00 3.97949E-01
7.42424E+00 4.50320E-01
7.35740E+00 5.02941E-01
7.29050E+00 5.54738E-01
7.22373E+00 6.05678E-01
7.15728E+00 6.56746E-01
7.09135E+00 7.07802E-01
7.02612E+00 7.57754E-01
6.96182E+00 8.06560E-01
6.89862E+00 8.56246E-01
6.83676E+00 9.04704E-01
6.77642E+00 9.51889E-01
6.71783E+00 9.98787E-01
6.66118E+00 1.04535E+00
6.60670E+00 1.09051E+00
6.55457E+00 1.13524E+00
6.50501E+00 1.17953E+00
6.45821E+00 1.22334E+00
6.41435E+00 1.26558E+00
6.37363E+00 1.30713E+00
6.33622E+00 1.34792E+00
6.30227E+00 1.38795E+00
6.27194E+00 1.42718E+00
6.24536E+00 1.46453E+00
6.22266E+00 1.50203E+00
6.20393E+00 1.53759E+00
6.18928E+00 1.57219E+00
6.17876E+00 1.60580E+00
6.17243E+00 1.63840E+00
6.17031E+00 1.66998E+00
