Will plot unflagged data


File # 1  = raise.vis
raise.vis 15.1356 GHz
Read 121 visibilities from all files

Baseline 1-3, plot 121 points
6.17031E+01 -7.77924E+00
6.17243E+01 -7.92029E+00
6.17876E+01 -8.05656E+00
6.18928E+01 -8.18660E+00
6.20393E+01 -8.31122E+00
6.22265E+01 -8.43118E+00
6.24536E+01 -8.54365E+00
6.27193E+01 -8.65159E+00
6.30227E+01 -8.75338E+00
6.33622E+01 -8.84786E+00
6.37363E+01 -8.93787E+00
6.41435E+01 -9.02160E+00
6.45820E+01 -9.09792E+00
6.50501E+01 -9.16939E+00
6.55457E+01 -9.23383E+00
6.60669E+01 -9.29190E+00
6.66118E+01 -9.34428E+00
6.71783E+01 -9.38941E+00
6.77642E+01 -9.42904E+00
6.83675E+01 -9.46115E+00
6.89862E+01 -9.48698E+00
6.96181E+01 -9.50696E+00
7.02612E+01 -9.52004E+00
7.09134E+01 -9.52665E+00
7.15727E+01 -9.52708E+00
7.22372E+01 -9.52036E+00
7.29049E+01 -9.50692E+00
7.35739E+01 -9.48811E+00
7.42424E+01 -9.46199E+00
7.49085E+01 -9.42888E+00
7.55706E+01 -9.39022E+00
7.62269E+01 -9.34531E+00
7.68759E+01 -9.29314E+00
7.75159E+01 -9.23504E+00
7.81454E+01 -9.17114E+00
7.87630E+01 -9.09973E+00
7.93673E+01 -9.02314E+00
7.99570E+01 -8.93952E+00
8.05307E+01 -8.85004E+00
8.10873E+01 -8.75517E+00
8.16256E+01 -8.65304E+00
8.21444E+01 -8.54586E+00
8.26429E+01 -8.43278E+00
8.31199E+01 -8.31381E+00
8.35745E+01 -8.18964E+00
8.40059E+01 -8.05941E+00
8.44132E+01 -7.92327E+00
8.47958E+01 -7.78233E+00
8.51528E+01 -7.63568E+00
8.54836E+01 -7.48343E+00
8.57876E+01 -7.32655E+00
8.60643E+01 -7.16502E+00
8.63133E+01 -6.99796E+00
8.65339E+01 -6.82653E+00
8.67259E+01 -6.64980E+00
8.68890E+01 -6.46892E+00
8.70227E+01 -6.28400E+00
8.71270E+01 -6.09413E+00
8.72017E+01 -5.90046E+00
8.72465E+01 -5.70207E+00
8.72614E+01 -5.50117E+00
8.72465E+01 -5.29479E+00
8.72016E+01 -5.08619E+00
8.71270E+01 -4.87343E+00
8.70227E+01 -4.65770E+00
8.68890E+01 -4.43814E+00
8.67259E+01 -4.21592E+00
8.65339E+01 -3.99123E+00
8.63133E+01 -3.76318E+00
8.60644E+01 -3.53297E+00
8.57876E+01 -3.29973E+00
8.54836E+01 -3.06459E+00
8.51528E+01 -2.82785E+00
8.47958E+01 -2.58881E+00
8.44133E+01 -2.34761E+00
8.40059E+01 -2.10545E+00
8.35745E+01 -1.86144E+00
8.31199E+01 -1.61572E+00
8.26429E+01 -1.36938E+00
8.21445E+01 -1.12201E+00
8.16256E+01 -8.73804E-01
8.10873E+01 -6.25894E-01
8.05307E+01 -3.76300E-01
7.99570E+01 -1.27109E-01
7.93674E+01 1.22926E-01
7.87631E+01 3.71664E-01
7.81454E+01 6.20115E-01
7.75159E+01 8.69375E-01
7.68759E+01 1.11750E+00
7.62270E+01 1.36442E+00
7.55706E+01 1.61127E+00
7.49086E+01 1.85682E+00
7.42424E+01 2.10020E+00
7.35740E+01 2.34263E+00
7.29050E+01 2.58427E+00
7.22373E+01 2.82300E+00
7.15728E+01 3.05998E+00
7.09135E+01 3.29548E+00
7.02612E+01 3.52838E+00
6.96182E+01 3.75881E+00
6.89863E+01 3.98704E+00
6.83676E+01 4.21189E+00
6.77642E+01 4.43365E+00
6.71783E+01 4.65343E+00
6.66118E+01 4.86908E+00
6.60670E+01 5.08224E+00
6.55457E+01 5.29124E+00
6.50501E+01 5.49666E+00
6.45821E+01 5.69905E+00
6.41435E+01 5.89616E+00
6.37363E+01 6.09045E+00
6.33622E+01 6.28073E+00
6.30227E+01 6.46509E+00
6.27194E+01 6.64635E+00
6.24536E+01 6.82326E+00
6.22266E+01 6.99418E+00
6.20393E+01 7.16201E+00
6.18928E+01 7.32390E+00
6.17876E+01 7.48058E+00
6.17243E+01 7.63284E+00
6.17031E+01 7.77922E+00
