Will plot unflagged data


File # 1  = raise.vis
raise.vis 15.1356 GHz
Read 121 visibilities from all files

Baseline 1-3, plot 121 points
6.17031E+01 1.21428E-02
6.17243E+01 1.21420E-02
6.17876E+01 1.21393E-02
6.18928E+01 1.21348E-02
6.20393E+01 1.21287E-02
6.22265E+01 1.21209E-02
6.24536E+01 1.21113E-02
6.27193E+01 1.21003E-02
6.30227E+01 1.20878E-02
6.33622E+01 1.20738E-02
6.37363E+01 1.20587E-02
6.41435E+01 1.20423E-02
6.45820E+01 1.20247E-02
6.50501E+01 1.20062E-02
6.55457E+01 1.19868E-02
6.60669E+01 1.19666E-02
6.66118E+01 1.19458E-02
6.71783E+01 1.19243E-02
6.77642E+01 1.19026E-02
6.83675E+01 1.18803E-02
6.89862E+01 1.18578E-02
6.96181E+01 1.18352E-02
7.02612E+01 1.18125E-02
7.09134E+01 1.17898E-02
7.15727E+01 1.17673E-02
7.22372E+01 1.17448E-02
7.29049E+01 1.17225E-02
7.35739E+01 1.17008E-02
7.42424E+01 1.16792E-02
7.49085E+01 1.16579E-02
7.55706E+01 1.16372E-02
7.62269E+01 1.16170E-02
7.68759E+01 1.15972E-02
7.75159E+01 1.15779E-02
7.81454E+01 1.15594E-02
7.87630E+01 1.15412E-02
7.93673E+01 1.15238E-02
7.99570E+01 1.15069E-02
8.05307E+01 1.14907E-02
8.10873E+01 1.14752E-02
8.16256E+01 1.14602E-02
8.21444E+01 1.14460E-02
8.26429E+01 1.14325E-02
8.31199E+01 1.14197E-02
8.35745E+01 1.14077E-02
8.40059E+01 1.13963E-02
8.44132E+01 1.13856E-02
8.47958E+01 1.13757E-02
8.51528E+01 1.13664E-02
8.54836E+01 1.13578E-02
8.57876E+01 1.13500E-02
8.60643E+01 1.13430E-02
8.63133E+01 1.13367E-02
8.65339E+01 1.13311E-02
8.67259E+01 1.13262E-02
8.68890E+01 1.13221E-02
8.70227E+01 1.13189E-02
8.71270E+01 1.13162E-02
8.72017E+01 1.13144E-02
8.72465E+01 1.13131E-02
8.72614E+01 1.13129E-02
8.72465E+01 1.13131E-02
8.72016E+01 1.13144E-02
8.71270E+01 1.13162E-02
8.70227E+01 1.13189E-02
8.68890E+01 1.13221E-02
8.67259E+01 1.13262E-02
8.65339E+01 1.13311E-02
8.63133E+01 1.13367E-02
8.60644E+01 1.13430E-02
8.57876E+01 1.13500E-02
8.54836E+01 1.13578E-02
8.51528E+01 1.13664E-02
8.47958E+01 1.13757E-02
8.44133E+01 1.13856E-02
8.40059E+01 1.13963E-02
8.35745E+01 1.14077E-02
8.31199E+01 1.14197E-02
8.26429E+01 1.14325E-02
8.21445E+01 1.14460E-02
8.16256E+01 1.14602E-02
8.10873E+01 1.14752E-02
8.05307E+01 1.14907E-02
7.99570E+01 1.15069E-02
7.93674E+01 1.15236E-02
7.87631E+01 1.15412E-02
7.81454E+01 1.15594E-02
7.75159E+01 1.15779E-02
7.68759E+01 1.15972E-02
7.62270E+01 1.16170E-02
7.55706E+01 1.16372E-02
7.49086E+01 1.16579E-02
7.42424E+01 1.16792E-02
7.35740E+01 1.17008E-02
7.29050E+01 1.17225E-02
7.22373E+01 1.17448E-02
7.15728E+01 1.17673E-02
7.09135E+01 1.17898E-02
7.02612E+01 1.18125E-02
6.96182E+01 1.18352E-02
6.89863E+01 1.18578E-02
6.83676E+01 1.18803E-02
6.77642E+01 1.19026E-02
6.71783E+01 1.19243E-02
6.66118E+01 1.19458E-02
6.60670E+01 1.19666E-02
6.55457E+01 1.19868E-02
6.50501E+01 1.20062E-02
6.45821E+01 1.20247E-02
6.41435E+01 1.20423E-02
6.37363E+01 1.20587E-02
6.33622E+01 1.20738E-02
6.30227E+01 1.20878E-02
6.27194E+01 1.21003E-02
6.24536E+01 1.21113E-02
6.22266E+01 1.21209E-02
6.20393E+01 1.21287E-02
6.18928E+01 1.21348E-02
6.17876E+01 1.21393E-02
6.17243E+01 1.21419E-02
6.17031E+01 1.21428E-02
