Will plot unflagged data


File # 1  = raise.vis
raise.vis 0.1514 GHz
Read 121 visibilities from all files

Baseline 2-5, plot 121 points
9.39198E-01 -1.14983E-01
9.39520E-01 -1.17149E-01
9.40484E-01 -1.19233E-01
9.42085E-01 -1.21232E-01
9.44315E-01 -1.23143E-01
9.47165E-01 -1.24963E-01
9.50621E-01 -1.26691E-01
9.54666E-01 -1.28322E-01
9.59283E-01 -1.29856E-01
9.64450E-01 -1.31289E-01
9.70146E-01 -1.32619E-01
9.76344E-01 -1.33843E-01
9.83019E-01 -1.34960E-01
9.90143E-01 -1.35967E-01
9.97687E-01 -1.36862E-01
1.00562E+00 -1.37643E-01
1.01391E+00 -1.38309E-01
1.02254E+00 -1.38857E-01
1.03145E+00 -1.39285E-01
1.04064E+00 -1.39593E-01
1.05006E+00 -1.40807E-01
1.05967E+00 -1.40867E-01
1.06946E+00 -1.40802E-01
1.07939E+00 -1.40610E-01
1.08943E+00 -1.41319E-01
1.09954E+00 -1.40869E-01
1.10970E+00 -1.40288E-01
1.11989E+00 -1.40606E-01
1.13006E+00 -1.39762E-01
1.14020E+00 -1.39814E-01
1.15028E+00 -1.38702E-01
1.16027E+00 -1.38486E-01
1.17015E+00 -1.37104E-01
1.17989E+00 -1.36616E-01
1.18947E+00 -1.35994E-01
1.19887E+00 -1.34203E-01
1.20807E+00 -1.33308E-01
1.21704E+00 -1.32275E-01
1.22578E+00 -1.31107E-01
1.23425E+00 -1.29801E-01
1.24244E+00 -1.28360E-01
1.25034E+00 -1.26783E-01
1.25793E+00 -1.25070E-01
1.26519E+00 -1.23221E-01
1.27211E+00 -1.21239E-01
1.27867E+00 -1.19122E-01
1.28487E+00 -1.16872E-01
1.29070E+00 -1.15522E-01
1.29613E+00 -1.13008E-01
1.30117E+00 -1.10364E-01
1.30579E+00 -1.08623E-01
1.31001E+00 -1.05722E-01
1.31379E+00 -1.03725E-01
1.31715E+00 -1.00572E-01
1.32008E+00 -9.83262E-02
1.32256E+00 -9.59580E-02
1.32459E+00 -9.34691E-02
1.32618E+00 -8.98296E-02
1.32732E+00 -8.71044E-02
1.32800E+00 -8.42637E-02
1.32823E+00 -8.13095E-02
1.32800E+00 -7.82439E-02
1.32732E+00 -7.50689E-02
1.32618E+00 -7.17868E-02
1.32459E+00 -6.94314E-02
1.32256E+00 -6.59418E-02
1.32008E+00 -6.23519E-02
1.31715E+00 -5.86644E-02
1.31379E+00 -5.59130E-02
1.31001E+00 -5.20376E-02
1.30579E+00 -4.91037E-02
1.30117E+00 -4.50511E-02
1.29613E+00 -4.19454E-02
1.29070E+00 -3.87581E-02
1.28487E+00 -3.44606E-02
1.27867E+00 -3.11186E-02
1.27211E+00 -2.77039E-02
1.26519E+00 -2.42193E-02
1.25793E+00 -2.06680E-02
1.25034E+00 -1.70531E-02
1.24244E+00 -1.33779E-02
1.23425E+00 -9.64551E-03
1.22578E+00 -5.85926E-03
1.21704E+00 -2.02237E-03
1.20807E+00 1.86177E-03
1.19887E+00 5.78979E-03
1.18947E+00 8.72752E-03
1.17989E+00 1.27332E-02
1.17015E+00 1.67724E-02
1.16027E+00 1.98113E-02
1.15028E+00 2.39073E-02
1.14020E+00 2.69962E-02
1.13006E+00 3.11351E-02
1.11989E+00 3.42598E-02
1.10970E+00 3.84274E-02
1.09954E+00 4.15739E-02
1.08943E+00 4.47259E-02
1.07939E+00 4.89097E-02
1.06946E+00 5.20621E-02
1.05967E+00 5.52094E-02
1.05006E+00 5.83480E-02
1.04064E+00 6.25037E-02
1.03146E+00 6.56142E-02
1.02254E+00 6.87053E-02
1.01391E+00 7.17737E-02
1.00562E+00 7.48157E-02
9.97687E-01 7.78279E-02
9.90143E-01 8.08068E-02
9.83019E-01 8.37490E-02
9.76344E-01 8.66511E-02
9.70146E-01 8.95097E-02
9.64451E-01 9.23213E-02
9.59283E-01 9.50828E-02
9.54666E-01 9.77908E-02
9.50621E-01 1.00442E-01
9.47165E-01 1.03033E-01
9.44315E-01 1.05562E-01
9.42085E-01 1.08023E-01
9.40484E-01 1.10416E-01
9.39520E-01 1.12736E-01
9.39198E-01 1.14981E-01
