Will plot unflagged data


File # 1  = raise.vis
raise.vis 0.1514 GHz
Read 121 visibilities from all files

Baseline 2-5, plot 121 points
9.39198E-01 9.05418E-01
9.39520E-01 9.05418E-01
9.40484E-01 9.05418E-01
9.42085E-01 9.05418E-01
9.44315E-01 9.05417E-01
9.47165E-01 9.05417E-01
9.50621E-01 9.05416E-01
9.54666E-01 9.05415E-01
9.59283E-01 9.05414E-01
9.64450E-01 9.05413E-01
9.70146E-01 9.05412E-01
9.76344E-01 9.05411E-01
9.83019E-01 9.05409E-01
9.90143E-01 9.05408E-01
9.97687E-01 9.05407E-01
1.00562E+00 9.05405E-01
1.01391E+00 9.05403E-01
1.02254E+00 9.05401E-01
1.03145E+00 9.05399E-01
1.04064E+00 9.05397E-01
1.05006E+00 9.05396E-01
1.05967E+00 9.05394E-01
1.06946E+00 9.05391E-01
1.07939E+00 9.05389E-01
1.08943E+00 9.05387E-01
1.09954E+00 9.05385E-01
1.10970E+00 9.05382E-01
1.11989E+00 9.05381E-01
1.13006E+00 9.05377E-01
1.14020E+00 9.05376E-01
1.15028E+00 9.05373E-01
1.16027E+00 9.05371E-01
1.17015E+00 9.05368E-01
1.17989E+00 9.05366E-01
1.18947E+00 9.05364E-01
1.19887E+00 9.05361E-01
1.20807E+00 9.05359E-01
1.21704E+00 9.05357E-01
1.22578E+00 9.05356E-01
1.23425E+00 9.05353E-01
1.24244E+00 9.05352E-01
1.25034E+00 9.05350E-01
1.25793E+00 9.05348E-01
1.26519E+00 9.05346E-01
1.27211E+00 9.05344E-01
1.27867E+00 9.05342E-01
1.28487E+00 9.05340E-01
1.29070E+00 9.05340E-01
1.29613E+00 9.05337E-01
1.30117E+00 9.05335E-01
1.30579E+00 9.05335E-01
1.31001E+00 9.05333E-01
1.31379E+00 9.05333E-01
1.31715E+00 9.05331E-01
1.32008E+00 9.05331E-01
1.32256E+00 9.05331E-01
1.32459E+00 9.05331E-01
1.32618E+00 9.05329E-01
1.32732E+00 9.05329E-01
1.32800E+00 9.05329E-01
1.32823E+00 9.05329E-01
1.32800E+00 9.05329E-01
1.32732E+00 9.05329E-01
1.32618E+00 9.05329E-01
1.32459E+00 9.05331E-01
1.32256E+00 9.05331E-01
1.32008E+00 9.05331E-01
1.31715E+00 9.05331E-01
1.31379E+00 9.05333E-01
1.31001E+00 9.05333E-01
1.30579E+00 9.05335E-01
1.30117E+00 9.05335E-01
1.29613E+00 9.05337E-01
1.29070E+00 9.05340E-01
1.28487E+00 9.05340E-01
1.27867E+00 9.05342E-01
1.27211E+00 9.05344E-01
1.26519E+00 9.05346E-01
1.25793E+00 9.05348E-01
1.25034E+00 9.05350E-01
1.24244E+00 9.05352E-01
1.23425E+00 9.05354E-01
1.22578E+00 9.05355E-01
1.21704E+00 9.05357E-01
1.20807E+00 9.05359E-01
1.19887E+00 9.05361E-01
1.18947E+00 9.05364E-01
1.17989E+00 9.05366E-01
1.17015E+00 9.05368E-01
1.16027E+00 9.05371E-01
1.15028E+00 9.05373E-01
1.14020E+00 9.05376E-01
1.13006E+00 9.05377E-01
1.11989E+00 9.05380E-01
1.10970E+00 9.05382E-01
1.09954E+00 9.05385E-01
1.08943E+00 9.05387E-01
1.07939E+00 9.05389E-01
1.06946E+00 9.05391E-01
1.05967E+00 9.05394E-01
1.05006E+00 9.05396E-01
1.04064E+00 9.05397E-01
1.03146E+00 9.05399E-01
1.02254E+00 9.05401E-01
1.01391E+00 9.05403E-01
1.00562E+00 9.05405E-01
9.97687E-01 9.05407E-01
9.90143E-01 9.05408E-01
9.83019E-01 9.05410E-01
9.76344E-01 9.05411E-01
9.70146E-01 9.05412E-01
9.64451E-01 9.05413E-01
9.59283E-01 9.05414E-01
9.54666E-01 9.05415E-01
9.50621E-01 9.05416E-01
9.47165E-01 9.05417E-01
9.44315E-01 9.05417E-01
9.42085E-01 9.05418E-01
9.40484E-01 9.05418E-01
9.39520E-01 9.05418E-01
9.39198E-01 9.05418E-01
