Will plot unflagged data


File # 1  = raise.vis
raise.vis 0.1514 GHz
Read 121 visibilities from all files

Baseline 2-4, plot 121 points
7.09859E-01 -1.92123E-01
7.10102E-01 -1.96092E-01
7.10831E-01 -1.98898E-01
7.12041E-01 -2.02587E-01
7.13727E-01 -2.05102E-01
7.15881E-01 -2.08493E-01
7.18492E-01 -2.10700E-01
7.21550E-01 -2.13774E-01
7.25039E-01 -2.16684E-01
7.28945E-01 -2.18398E-01
7.33250E-01 -2.20967E-01
7.37934E-01 -2.23360E-01
7.42979E-01 -2.24544E-01
7.48364E-01 -2.26574E-01
7.54065E-01 -2.28417E-01
7.60062E-01 -2.30069E-01
7.66331E-01 -2.30498E-01
7.72847E-01 -2.31760E-01
7.79588E-01 -2.32823E-01
7.86529E-01 -2.33684E-01
7.93647E-01 -2.34339E-01
8.00916E-01 -2.34787E-01
8.08315E-01 -2.35025E-01
8.15818E-01 -2.35051E-01
8.23403E-01 -2.35894E-01
8.31048E-01 -2.35489E-01
8.38729E-01 -2.34866E-01
8.46425E-01 -2.34023E-01
8.54116E-01 -2.33991E-01
8.61779E-01 -2.32704E-01
8.69396E-01 -2.32226E-01
8.76947E-01 -2.30490E-01
8.84413E-01 -2.29561E-01
8.91775E-01 -2.28405E-01
8.99018E-01 -2.27021E-01
9.06123E-01 -2.24378E-01
9.13075E-01 -2.22539E-01
9.19859E-01 -2.20472E-01
9.26459E-01 -2.18177E-01
9.32863E-01 -2.16687E-01
9.39055E-01 -2.13936E-01
9.45025E-01 -2.10958E-01
9.50759E-01 -2.08786E-01
9.56246E-01 -2.05356E-01
9.61477E-01 -2.02734E-01
9.66439E-01 -1.98855E-01
9.71126E-01 -1.95787E-01
9.75527E-01 -1.92497E-01
9.79634E-01 -1.88988E-01
9.83439E-01 -1.85261E-01
9.86937E-01 -1.81319E-01
9.90121E-01 -1.77162E-01
9.92984E-01 -1.72793E-01
9.95523E-01 -1.68215E-01
9.97732E-01 -1.64463E-01
9.99608E-01 -1.59473E-01
1.00115E+00 -1.55315E-01
1.00235E+00 -1.50957E-01
1.00320E+00 -1.45371E-01
1.00372E+00 -1.40624E-01
1.00389E+00 -1.35688E-01
1.00372E+00 -1.30566E-01
1.00320E+00 -1.25261E-01
1.00235E+00 -1.20810E-01
1.00115E+00 -1.15150E-01
9.99608E-01 -1.09320E-01
9.97732E-01 -1.04354E-01
9.95523E-01 -9.81926E-02
9.92984E-01 -9.29048E-02
9.90121E-01 -8.74622E-02
9.86937E-01 -8.18691E-02
9.83440E-01 -7.61304E-02
9.79634E-01 -7.02505E-02
9.75527E-01 -6.42341E-02
9.71126E-01 -5.80862E-02
9.66440E-01 -5.18116E-02
9.61477E-01 -4.64479E-02
9.56247E-01 -3.99350E-02
9.50759E-01 -3.43434E-02
9.45025E-01 -2.76129E-02
9.39056E-01 -2.18142E-02
9.32863E-01 -1.59199E-02
9.26460E-01 -8.90326E-03
9.19859E-01 -2.83449E-03
9.13076E-01 3.31319E-03
9.06124E-01 9.53427E-03
8.99018E-01 1.47907E-02
8.91776E-01 2.11414E-02
8.84413E-01 2.75483E-02
8.76947E-01 3.40056E-02
8.69397E-01 3.94753E-02
8.61780E-01 4.60158E-02
8.54116E-01 5.15572E-02
8.46426E-01 5.81575E-02
8.38730E-01 6.37469E-02
8.31048E-01 6.93515E-02
8.23404E-01 7.49654E-02
8.15818E-01 8.16139E-02
8.08315E-01 8.72282E-02
8.00917E-01 9.28339E-02
7.93647E-01 9.84250E-02
7.86530E-01 1.03996E-01
7.79588E-01 1.09540E-01
7.72848E-01 1.15052E-01
7.66331E-01 1.20526E-01
7.60063E-01 1.24925E-01
7.54066E-01 1.30305E-01
7.48364E-01 1.35630E-01
7.42980E-01 1.40893E-01
7.37935E-01 1.45060E-01
7.33250E-01 1.50183E-01
7.28945E-01 1.55229E-01
7.25040E-01 1.59162E-01
7.21550E-01 1.64035E-01
7.18493E-01 1.68813E-01
7.15881E-01 1.72463E-01
7.13727E-01 1.77036E-01
7.12041E-01 1.80472E-01
7.10831E-01 1.84819E-01
7.10102E-01 1.88019E-01
7.09859E-01 1.92121E-01
