Will plot unflagged data


File # 1  = raise.vis
raise.vis 1.5136 GHz
Read 121 visibilities from all files

Baseline 2-4, plot 121 points
7.09859E+00 3.80303E-02
7.10102E+00 3.80303E-02
7.10831E+00 3.80302E-02
7.12041E+00 3.80300E-02
7.13727E+00 3.80298E-02
7.15881E+00 3.80296E-02
7.18492E+00 3.80293E-02
7.21550E+00 3.80290E-02
7.25039E+00 3.80286E-02
7.28945E+00 3.80282E-02
7.33250E+00 3.80277E-02
7.37934E+00 3.80272E-02
7.42979E+00 3.80266E-02
7.48364E+00 3.80259E-02
7.54065E+00 3.80253E-02
7.60062E+00 3.80246E-02
7.66331E+00 3.80239E-02
7.72847E+00 3.80231E-02
7.79588E+00 3.80223E-02
7.86529E+00 3.80215E-02
7.93647E+00 3.80206E-02
8.00916E+00 3.80197E-02
8.08315E+00 3.80188E-02
8.15818E+00 3.80178E-02
8.23403E+00 3.80169E-02
8.31048E+00 3.80158E-02
8.38729E+00 3.80149E-02
8.46426E+00 3.80139E-02
8.54116E+00 3.80129E-02
8.61779E+00 3.80118E-02
8.69396E+00 3.80109E-02
8.76947E+00 3.80098E-02
8.84413E+00 3.80088E-02
8.91776E+00 3.80078E-02
8.99018E+00 3.80068E-02
9.06123E+00 3.80058E-02
9.13075E+00 3.80049E-02
9.19859E+00 3.80038E-02
9.26459E+00 3.80029E-02
9.32863E+00 3.80020E-02
9.39055E+00 3.80012E-02
9.45025E+00 3.80003E-02
9.50759E+00 3.79995E-02
9.56246E+00 3.79987E-02
9.61477E+00 3.79979E-02
9.66439E+00 3.79971E-02
9.71126E+00 3.79965E-02
9.75526E+00 3.79957E-02
9.79633E+00 3.79953E-02
9.83439E+00 3.79947E-02
9.86937E+00 3.79941E-02
9.90121E+00 3.79936E-02
9.92984E+00 3.79932E-02
9.95523E+00 3.79928E-02
9.97732E+00 3.79926E-02
9.99607E+00 3.79921E-02
1.00115E+01 3.79919E-02
1.00235E+01 3.79917E-02
1.00320E+01 3.79917E-02
1.00372E+01 3.79915E-02
1.00389E+01 3.79915E-02
1.00372E+01 3.79915E-02
1.00320E+01 3.79917E-02
1.00235E+01 3.79917E-02
1.00115E+01 3.79919E-02
9.99608E+00 3.79921E-02
9.97732E+00 3.79926E-02
9.95523E+00 3.79928E-02
9.92984E+00 3.79932E-02
9.90121E+00 3.79936E-02
9.86937E+00 3.79941E-02
9.83440E+00 3.79947E-02
9.79634E+00 3.79953E-02
9.75527E+00 3.79957E-02
9.71126E+00 3.79965E-02
9.66440E+00 3.79971E-02
9.61477E+00 3.79979E-02
9.56247E+00 3.79987E-02
9.50759E+00 3.79995E-02
9.45025E+00 3.80003E-02
9.39056E+00 3.80012E-02
9.32863E+00 3.80020E-02
9.26460E+00 3.80029E-02
9.19859E+00 3.80038E-02
9.13076E+00 3.80049E-02
9.06124E+00 3.80058E-02
8.99018E+00 3.80068E-02
8.91776E+00 3.80078E-02
8.84413E+00 3.80088E-02
8.76947E+00 3.80098E-02
8.69397E+00 3.80109E-02
8.61780E+00 3.80118E-02
8.54116E+00 3.80129E-02
8.46426E+00 3.80139E-02
8.38730E+00 3.80149E-02
8.31048E+00 3.80158E-02
8.23404E+00 3.80169E-02
8.15819E+00 3.80178E-02
8.08315E+00 3.80188E-02
8.00917E+00 3.80197E-02
7.93647E+00 3.80206E-02
7.86530E+00 3.80215E-02
7.79588E+00 3.80223E-02
7.72848E+00 3.80231E-02
7.66331E+00 3.80239E-02
7.60063E+00 3.80246E-02
7.54066E+00 3.80253E-02
7.48364E+00 3.80259E-02
7.42980E+00 3.80266E-02
7.37935E+00 3.80272E-02
7.33250E+00 3.80277E-02
7.28945E+00 3.80282E-02
7.25040E+00 3.80286E-02
7.21550E+00 3.80290E-02
7.18493E+00 3.80293E-02
7.15881E+00 3.80296E-02
7.13727E+00 3.80298E-02
7.12041E+00 3.80300E-02
7.10831E+00 3.80302E-02
7.10102E+00 3.80302E-02
7.09859E+00 3.80303E-02
