Will plot unflagged data


File # 1  = raise.vis
raise.vis 1.5136 GHz
Read 121 visibilities from all files

Baseline 2-4, plot 121 points
7.09859E+00 -5.14313E-01
7.10102E+00 -5.23943E-01
7.10831E+00 -5.33197E-01
7.12041E+00 -5.41037E-01
7.13727E+00 -5.49507E-01
7.15881E+00 -5.57568E-01
7.18492E+00 -5.65208E-01
7.21550E+00 -5.72418E-01
7.25039E+00 -5.79186E-01
7.28945E+00 -5.85503E-01
7.33250E+00 -5.91357E-01
7.37934E+00 -5.96740E-01
7.42979E+00 -6.01641E-01
7.48364E+00 -6.06051E-01
7.54065E+00 -6.10994E-01
7.60062E+00 -6.14395E-01
7.66331E+00 -6.18313E-01
7.72847E+00 -6.20672E-01
7.79588E+00 -6.23531E-01
7.86529E+00 -6.25849E-01
7.93647E+00 -6.27620E-01
8.00916E+00 -6.28836E-01
8.08315E+00 -6.29492E-01
8.15818E+00 -6.29580E-01
8.23403E+00 -6.30130E-01
8.31048E+00 -6.29069E-01
8.38729E+00 -6.28458E-01
8.46426E+00 -6.27260E-01
8.54116E+00 -6.25472E-01
8.61779E+00 -6.23089E-01
8.69396E+00 -6.21140E-01
8.76947E+00 -6.17559E-01
8.84413E+00 -6.14407E-01
8.91776E+00 -6.10650E-01
8.99018E+00 -6.06287E-01
9.06123E+00 -6.01316E-01
9.13075E+00 -5.96767E-01
9.19859E+00 -5.90580E-01
9.26459E+00 -5.84813E-01
9.32863E+00 -5.78439E-01
9.39055E+00 -5.72486E-01
9.45025E+00 -5.64898E-01
9.50759E+00 -5.57734E-01
9.56246E+00 -5.49967E-01
9.61477E+00 -5.41600E-01
9.66439E+00 -5.32636E-01
9.71126E+00 -5.24105E-01
9.75526E+00 -5.13957E-01
9.79633E+00 -5.05275E-01
9.83439E+00 -4.94985E-01
9.86937E+00 -4.84118E-01
9.90121E+00 -4.73704E-01
9.92984E+00 -4.62723E-01
9.95523E+00 -4.51180E-01
9.97732E+00 -4.40108E-01
9.99607E+00 -4.27463E-01
1.00115E+01 -4.15303E-01
1.00235E+01 -4.02611E-01
1.00320E+01 -3.90421E-01
1.00372E+01 -3.76688E-01
1.00389E+01 -3.63474E-01
1.00372E+01 -3.49762E-01
1.00320E+01 -3.36587E-01
1.00235E+01 -3.21907E-01
1.00115E+01 -3.07783E-01
9.99608E+00 -2.93201E-01
9.97732E+00 -2.79196E-01
9.95523E+00 -2.63728E-01
9.92984E+00 -2.48860E-01
9.90121E+00 -2.33577E-01
9.86937E+00 -2.17891E-01
9.83440E+00 -2.02840E-01
9.79634E+00 -1.87413E-01
9.75527E+00 -1.70595E-01
9.71126E+00 -1.55480E-01
9.66440E+00 -1.38999E-01
9.61477E+00 -1.23221E-01
9.56247E+00 -1.07133E-01
9.50759E+00 -9.07486E-02
9.45025E+00 -7.40813E-02
9.39056E+00 -5.81744E-02
9.32863E+00 -4.09847E-02
9.26460E+00 -2.45851E-02
9.19859E+00 -7.96103E-03
9.13076E+00 7.84196E-03
9.06124E+00 2.48700E-02
8.99018E+00 4.10464E-02
8.91776E+00 5.73868E-02
8.84413E+00 7.38758E-02
8.76947E+00 9.04980E-02
8.69397E+00 1.06206E-01
8.61780E+00 1.23048E-01
8.54116E+00 1.38944E-01
8.46426E+00 1.54911E-01
8.38730E+00 1.70932E-01
8.31048E+00 1.86993E-01
8.23404E+00 2.02044E-01
8.15819E+00 2.18135E-01
8.08315E+00 2.33184E-01
8.00917E+00 2.48209E-01
7.93647E+00 2.63194E-01
7.86530E+00 2.78122E-01
7.79588E+00 2.92979E-01
7.72848E+00 3.07748E-01
7.66331E+00 3.21381E-01
7.60063E+00 3.35928E-01
7.54066E+00 3.49308E-01
7.48364E+00 3.63572E-01
7.42980E+00 3.76638E-01
7.37935E+00 3.89524E-01
7.33250E+00 4.02216E-01
7.28945E+00 4.14699E-01
7.25040E+00 4.26959E-01
7.21550E+00 4.38981E-01
7.18493E+00 4.50751E-01
7.15881E+00 4.62256E-01
7.13727E+00 4.73481E-01
7.12041E+00 4.84415E-01
7.10831E+00 4.94016E-01
7.10102E+00 5.04328E-01
7.09859E+00 5.14310E-01
