Will plot unflagged data


File # 1  = raise.vis
raise.vis 15.1356 GHz
Read 121 visibilities from all files

Baseline 2-4, plot 121 points
7.09859E+01 -1.92123E+01
7.10102E+01 -1.95613E+01
7.10831E+01 -1.98966E+01
7.12041E+01 -2.02188E+01
7.13727E+01 -2.05275E+01
7.15881E+01 -2.08211E+01
7.18492E+01 -2.11013E+01
7.21550E+01 -2.13666E+01
7.25039E+01 -2.16166E+01
7.28945E+01 -2.18530E+01
7.33250E+01 -2.20742E+01
7.37934E+01 -2.22799E+01
7.42979E+01 -2.24698E+01
7.48364E+01 -2.26445E+01
7.54065E+01 -2.28047E+01
7.60062E+01 -2.29481E+01
7.66331E+01 -2.30762E+01
7.72847E+01 -2.31890E+01
7.79588E+01 -2.32860E+01
7.86529E+01 -2.33669E+01
7.93647E+01 -2.34315E+01
8.00916E+01 -2.34794E+01
8.08315E+01 -2.35115E+01
8.15818E+01 -2.35274E+01
8.23403E+01 -2.35283E+01
8.31048E+01 -2.35118E+01
8.38729E+01 -2.34798E+01
8.46425E+01 -2.34318E+01
8.54116E+01 -2.33677E+01
8.61779E+01 -2.32878E+01
8.69396E+01 -2.31909E+01
8.76947E+01 -2.30794E+01
8.84413E+01 -2.29515E+01
8.91775E+01 -2.28075E+01
8.99018E+01 -2.26488E+01
9.06123E+01 -2.24734E+01
9.13075E+01 -2.22838E+01
9.19859E+01 -2.20781E+01
9.26459E+01 -2.18574E+01
9.32863E+01 -2.16217E+01
9.39055E+01 -2.13708E+01
9.45025E+01 -2.11062E+01
9.50759E+01 -2.08264E+01
9.56246E+01 -2.05330E+01
9.61477E+01 -2.02248E+01
9.66439E+01 -1.99030E+01
9.71126E+01 -1.95677E+01
9.75526E+01 -1.92193E+01
9.79633E+01 -1.88570E+01
9.83439E+01 -1.84827E+01
9.86937E+01 -1.80948E+01
9.90121E+01 -1.76946E+01
9.92984E+01 -1.72826E+01
9.95523E+01 -1.68591E+01
9.97732E+01 -1.64232E+01
9.99607E+01 -1.59770E+01
1.00115E+02 -1.55188E+01
1.00235E+02 -1.50510E+01
1.00320E+02 -1.45719E+01
1.00372E+02 -1.40838E+01
1.00389E+02 -1.35850E+01
1.00372E+02 -1.30779E+01
1.00320E+02 -1.25609E+01
1.00235E+02 -1.20362E+01
1.00115E+02 -1.15023E+01
9.99608E+01 -1.09616E+01
9.97732E+01 -1.04123E+01
9.95523E+01 -9.85682E+00
9.92984E+01 -9.29369E+00
9.90121E+01 -8.72460E+00
9.86937E+01 -8.14982E+00
9.83440E+01 -7.56955E+00
9.79634E+01 -6.98323E+00
9.75527E+01 -6.39295E+00
9.71126E+01 -5.79763E+00
9.66440E+01 -5.19863E+00
9.61477E+01 -4.59619E+00
9.56247E+01 -3.99087E+00
9.50759E+01 -3.38208E+00
9.45025E+01 -2.77165E+00
9.39056E+01 -2.15855E+00
9.32863E+01 -1.54500E+00
9.26460E+01 -9.29917E-01
9.19859E+01 -3.14282E-01
9.13076E+01 3.01524E-01
9.06124E+01 9.17970E-01
8.99018E+01 1.53253E+00
8.91776E+01 2.14721E+00
8.84413E+01 2.75950E+00
8.76947E+01 3.37023E+00
8.69397E+01 3.97934E+00
8.61780E+01 4.58430E+00
8.54116E+01 5.18726E+00
8.46426E+01 5.78638E+00
8.38730E+01 6.38166E+00
8.31048E+01 6.97238E+00
8.23404E+01 7.55777E+00
8.15818E+01 8.13922E+00
8.08315E+01 8.71397E+00
8.00917E+01 9.28280E+00
7.93647E+01 9.84509E+00
7.86530E+01 1.04022E+01
7.79588E+01 1.09505E+01
7.72848E+01 1.14924E+01
7.66331E+01 1.20263E+01
7.60062E+01 1.25515E+01
7.54066E+01 1.30676E+01
7.48364E+01 1.35760E+01
7.42980E+01 1.40740E+01
7.37935E+01 1.45622E+01
7.33250E+01 1.50410E+01
7.28945E+01 1.55099E+01
7.25040E+01 1.59682E+01
7.21550E+01 1.64144E+01
7.18493E+01 1.68501E+01
7.15881E+01 1.72746E+01
7.13727E+01 1.76865E+01
7.12041E+01 1.80872E+01
7.10831E+01 1.84752E+01
7.10102E+01 1.88501E+01
7.09859E+01 1.92122E+01
