Will plot unflagged data


File # 1  = raise.vis
raise.vis 15.1356 GHz
Read 121 visibilities from all files

Baseline 2-4, plot 121 points
7.09859E+01 2.49192E-01
7.10102E+01 2.49063E-01
7.10831E+01 2.48680E-01
7.12041E+01 2.48057E-01
7.13727E+01 2.47212E-01
7.15881E+01 2.46166E-01
7.18492E+01 2.44953E-01
7.21550E+01 2.43601E-01
7.25039E+01 2.42139E-01
7.28945E+01 2.40604E-01
7.33250E+01 2.39019E-01
7.37934E+01 2.37405E-01
7.42979E+01 2.35779E-01
7.48364E+01 2.34157E-01
7.54065E+01 2.32555E-01
7.60062E+01 2.30966E-01
7.66331E+01 2.29406E-01
7.72847E+01 2.27877E-01
7.79588E+01 2.26380E-01
7.86529E+01 2.24918E-01
7.93647E+01 2.23490E-01
8.00916E+01 2.22099E-01
8.08315E+01 2.20750E-01
8.15818E+01 2.19442E-01
8.23403E+01 2.18181E-01
8.31048E+01 2.16958E-01
8.38729E+01 2.15779E-01
8.46425E+01 2.14644E-01
8.54116E+01 2.13550E-01
8.61779E+01 2.12499E-01
8.69396E+01 2.11485E-01
8.76947E+01 2.10517E-01
8.84413E+01 2.09586E-01
8.91775E+01 2.08695E-01
8.99018E+01 2.07846E-01
9.06123E+01 2.07032E-01
9.13075E+01 2.06260E-01
9.19859E+01 2.05522E-01
9.26459E+01 2.04820E-01
9.32863E+01 2.04155E-01
9.39055E+01 2.03522E-01
9.45025E+01 2.02927E-01
9.50759E+01 2.02364E-01
9.56246E+01 2.01835E-01
9.61477E+01 2.01337E-01
9.66439E+01 2.00872E-01
9.71126E+01 2.00439E-01
9.75526E+01 2.00038E-01
9.79633E+01 1.99667E-01
9.83439E+01 1.99329E-01
9.86937E+01 1.99019E-01
9.90121E+01 1.98740E-01
9.92984E+01 1.98491E-01
9.95523E+01 1.98274E-01
9.97732E+01 1.98084E-01
9.99607E+01 1.97925E-01
1.00115E+02 1.97793E-01
1.00235E+02 1.97694E-01
1.00320E+02 1.97620E-01
1.00372E+02 1.97578E-01
1.00389E+02 1.97562E-01
1.00372E+02 1.97578E-01
1.00320E+02 1.97620E-01
1.00235E+02 1.97694E-01
1.00115E+02 1.97793E-01
9.99608E+01 1.97925E-01
9.97732E+01 1.98084E-01
9.95523E+01 1.98274E-01
9.92984E+01 1.98491E-01
9.90121E+01 1.98740E-01
9.86937E+01 1.99019E-01
9.83440E+01 1.99329E-01
9.79634E+01 1.99667E-01
9.75527E+01 2.00038E-01
9.71126E+01 2.00439E-01
9.66440E+01 2.00872E-01
9.61477E+01 2.01337E-01
9.56247E+01 2.01835E-01
9.50759E+01 2.02364E-01
9.45025E+01 2.02927E-01
9.39056E+01 2.03522E-01
9.32863E+01 2.04155E-01
9.26460E+01 2.04820E-01
9.19859E+01 2.05522E-01
9.13076E+01 2.06260E-01
9.06124E+01 2.07032E-01
8.99018E+01 2.07846E-01
8.91776E+01 2.08695E-01
8.84413E+01 2.09586E-01
8.76947E+01 2.10517E-01
8.69397E+01 2.11485E-01
8.61780E+01 2.12499E-01
8.54116E+01 2.13550E-01
8.46426E+01 2.14644E-01
8.38730E+01 2.15779E-01
8.31048E+01 2.16958E-01
8.23404E+01 2.18181E-01
8.15818E+01 2.19442E-01
8.08315E+01 2.20750E-01
8.00917E+01 2.22099E-01
7.93647E+01 2.23490E-01
7.86530E+01 2.24913E-01
7.79588E+01 2.26380E-01
7.72848E+01 2.27877E-01
7.66331E+01 2.29406E-01
7.60062E+01 2.30966E-01
7.54066E+01 2.32555E-01
7.48364E+01 2.34157E-01
7.42980E+01 2.35779E-01
7.37935E+01 2.37405E-01
7.33250E+01 2.39019E-01
7.28945E+01 2.40604E-01
7.25040E+01 2.42139E-01
7.21550E+01 2.43601E-01
7.18493E+01 2.44953E-01
7.15881E+01 2.46166E-01
7.13727E+01 2.47212E-01
7.12041E+01 2.48057E-01
7.10831E+01 2.48680E-01
7.10102E+01 2.49063E-01
7.09859E+01 2.49192E-01
