Will plot unflagged data


File # 1  = raise.vis
raise.vis 0.4786 GHz
Read 121 visibilities from all files

Baseline 2-3, plot 121 points
1.77855E+00 -4.81362E-01
1.77916E+00 -4.89783E-01
1.78098E+00 -4.98880E-01
1.78402E+00 -5.06588E-01
1.78824E+00 -5.13923E-01
1.79364E+00 -5.21905E-01
1.80018E+00 -5.28463E-01
1.80784E+00 -5.35649E-01
1.81658E+00 -5.41391E-01
1.82637E+00 -5.47741E-01
1.83715E+00 -5.53659E-01
1.84889E+00 -5.58103E-01
1.86153E+00 -5.63128E-01
1.87502E+00 -5.67694E-01
1.88931E+00 -5.71792E-01
1.90433E+00 -5.75414E-01
1.92004E+00 -5.78552E-01
1.93637E+00 -5.81198E-01
1.95326E+00 -5.83345E-01
1.97065E+00 -5.84986E-01
1.98848E+00 -5.87147E-01
2.00669E+00 -5.87756E-01
2.02523E+00 -5.88873E-01
2.04403E+00 -5.89459E-01
2.06303E+00 -5.89509E-01
2.08219E+00 -5.89019E-01
2.10143E+00 -5.87983E-01
2.12072E+00 -5.87430E-01
2.13998E+00 -5.85292E-01
2.15919E+00 -5.83629E-01
2.17827E+00 -5.81406E-01
2.19719E+00 -5.78622E-01
2.21589E+00 -5.75272E-01
2.23434E+00 -5.71356E-01
2.25249E+00 -5.66872E-01
2.27029E+00 -5.62850E-01
2.28771E+00 -5.58259E-01
2.30470E+00 -5.53097E-01
2.32124E+00 -5.47365E-01
2.33728E+00 -5.42094E-01
2.35280E+00 -5.35223E-01
2.36776E+00 -5.28814E-01
2.38212E+00 -5.21840E-01
2.39587E+00 -5.14301E-01
2.40898E+00 -5.06199E-01
2.42141E+00 -4.98568E-01
2.43315E+00 -4.90380E-01
2.44418E+00 -4.81640E-01
2.45447E+00 -4.72350E-01
2.46400E+00 -4.62515E-01
2.47277E+00 -4.53168E-01
2.48074E+00 -4.43285E-01
2.48792E+00 -4.32872E-01
2.49428E+00 -4.21934E-01
2.49981E+00 -4.11505E-01
2.50451E+00 -4.00564E-01
2.50837E+00 -3.89117E-01
2.51138E+00 -3.77172E-01
2.51353E+00 -3.64737E-01
2.51482E+00 -3.52844E-01
2.51525E+00 -3.40477E-01
2.51482E+00 -3.27643E-01
2.51353E+00 -3.14352E-01
2.51138E+00 -3.01638E-01
2.50837E+00 -2.88486E-01
2.50451E+00 -2.74904E-01
2.49981E+00 -2.60903E-01
2.49428E+00 -2.46492E-01
2.48792E+00 -2.32711E-01
2.48075E+00 -2.18542E-01
2.47277E+00 -2.03997E-01
2.46400E+00 -1.89087E-01
2.45447E+00 -1.74852E-01
2.44418E+00 -1.60277E-01
2.43315E+00 -1.45372E-01
2.42141E+00 -1.30151E-01
2.40898E+00 -1.14625E-01
2.39587E+00 -9.98383E-02
2.38212E+00 -8.47733E-02
2.36776E+00 -6.94435E-02
2.35280E+00 -5.38621E-02
2.33729E+00 -3.90731E-02
2.32124E+00 -2.30291E-02
2.30470E+00 -7.80543E-03
2.28771E+00 7.61470E-03
2.27029E+00 2.32174E-02
2.25249E+00 3.89883E-02
2.23434E+00 5.38817E-02
2.21589E+00 6.89142E-02
2.19719E+00 8.40719E-02
2.17827E+00 9.93401E-02
2.15919E+00 1.14704E-01
2.13999E+00 1.30149E-01
2.12072E+00 1.44628E-01
2.10143E+00 1.60192E-01
2.08219E+00 1.74759E-01
2.06304E+00 1.89348E-01
2.04403E+00 2.03945E-01
2.02523E+00 2.18533E-01
2.00669E+00 2.33099E-01
1.98848E+00 2.46594E-01
1.97065E+00 2.61070E-01
1.95326E+00 2.74446E-01
1.93637E+00 2.87740E-01
1.92004E+00 3.00937E-01
1.90433E+00 3.14024E-01
1.88931E+00 3.26985E-01
1.87502E+00 3.39806E-01
1.86153E+00 3.52473E-01
1.84889E+00 3.64973E-01
1.83716E+00 3.76258E-01
1.82637E+00 3.88380E-01
1.81658E+00 4.00292E-01
1.80784E+00 4.10951E-01
1.80018E+00 4.22405E-01
1.79364E+00 4.32580E-01
1.78824E+00 4.43524E-01
1.78402E+00 4.53165E-01
1.78098E+00 4.62522E-01
1.77916E+00 4.72608E-01
1.77855E+00 4.81359E-01
