Will plot unflagged data


File # 1  = raise.vis
raise.vis 15.1356 GHz
Read 121 visibilities from all files

Baseline 3-4, plot 121 points
1.47432E+01 2.51423E-01
1.47483E+01 2.51414E-01
1.47634E+01 2.51390E-01
1.47885E+01 2.51348E-01
1.48236E+01 2.51291E-01
1.48683E+01 2.51218E-01
1.49225E+01 2.51129E-01
1.49860E+01 2.51025E-01
1.50585E+01 2.50907E-01
1.51396E+01 2.50775E-01
1.52290E+01 2.50631E-01
1.53263E+01 2.50474E-01
1.54311E+01 2.50304E-01
1.55429E+01 2.50123E-01
1.56614E+01 2.49934E-01
1.57859E+01 2.49738E-01
1.59161E+01 2.49531E-01
1.60514E+01 2.49317E-01
1.61914E+01 2.49098E-01
1.63356E+01 2.48870E-01
1.64834E+01 2.48642E-01
1.66344E+01 2.48408E-01
1.67881E+01 2.48170E-01
1.69439E+01 2.47933E-01
1.71015E+01 2.47691E-01
1.72602E+01 2.47453E-01
1.74198E+01 2.47216E-01
1.75796E+01 2.46978E-01
1.77393E+01 2.46741E-01
1.78985E+01 2.46504E-01
1.80567E+01 2.46274E-01
1.82135E+01 2.46046E-01
1.83686E+01 2.45821E-01
1.85215E+01 2.45603E-01
1.86719E+01 2.45388E-01
1.88195E+01 2.45180E-01
1.89639E+01 2.44976E-01
1.91048E+01 2.44780E-01
1.92418E+01 2.44588E-01
1.93748E+01 2.44405E-01
1.95035E+01 2.44226E-01
1.96274E+01 2.44057E-01
1.97465E+01 2.43897E-01
1.98605E+01 2.43740E-01
1.99691E+01 2.43594E-01
2.00722E+01 2.43456E-01
2.01695E+01 2.43323E-01
2.02609E+01 2.43200E-01
2.03462E+01 2.43086E-01
2.04253E+01 2.42983E-01
2.04979E+01 2.42884E-01
2.05640E+01 2.42800E-01
2.06235E+01 2.42721E-01
2.06762E+01 2.42651E-01
2.07221E+01 2.42592E-01
2.07611E+01 2.42543E-01
2.07930E+01 2.42498E-01
2.08180E+01 2.42469E-01
2.08358E+01 2.42444E-01
2.08465E+01 2.42429E-01
2.08501E+01 2.42424E-01
2.08465E+01 2.42429E-01
2.08358E+01 2.42444E-01
2.08180E+01 2.42469E-01
2.07930E+01 2.42498E-01
2.07611E+01 2.42543E-01
2.07221E+01 2.42592E-01
2.06762E+01 2.42651E-01
2.06235E+01 2.42721E-01
2.05641E+01 2.42800E-01
2.04979E+01 2.42884E-01
2.04253E+01 2.42983E-01
2.03462E+01 2.43086E-01
2.02609E+01 2.43200E-01
2.01695E+01 2.43323E-01
2.00722E+01 2.43456E-01
1.99691E+01 2.43594E-01
1.98605E+01 2.43740E-01
1.97465E+01 2.43897E-01
1.96274E+01 2.44057E-01
1.95035E+01 2.44226E-01
1.93748E+01 2.44405E-01
1.92419E+01 2.44588E-01
1.91048E+01 2.44780E-01
1.89639E+01 2.44976E-01
1.88195E+01 2.45180E-01
1.86719E+01 2.45388E-01
1.85215E+01 2.45603E-01
1.83686E+01 2.45821E-01
1.82135E+01 2.46046E-01
1.80567E+01 2.46274E-01
1.78985E+01 2.46504E-01
1.77393E+01 2.46741E-01
1.75796E+01 2.46978E-01
1.74198E+01 2.47216E-01
1.72602E+01 2.47453E-01
1.71015E+01 2.47691E-01
1.69439E+01 2.47933E-01
1.67881E+01 2.48170E-01
1.66344E+01 2.48408E-01
1.64834E+01 2.48642E-01
1.63356E+01 2.48870E-01
1.61915E+01 2.49098E-01
1.60514E+01 2.49317E-01
1.59161E+01 2.49531E-01
1.57859E+01 2.49738E-01
1.56614E+01 2.49934E-01
1.55429E+01 2.50123E-01
1.54311E+01 2.50304E-01
1.53263E+01 2.50474E-01
1.52290E+01 2.50631E-01
1.51396E+01 2.50775E-01
1.50585E+01 2.50907E-01
1.49860E+01 2.51025E-01
1.49225E+01 2.51129E-01
1.48683E+01 2.51218E-01
1.48236E+01 2.51291E-01
1.47885E+01 2.51348E-01
1.47634E+01 2.51390E-01
1.47483E+01 2.51414E-01
1.47432E+01 2.51423E-01
