Will plot unflagged data


File # 1  = raise.vis
raise.vis 15.1356 GHz
Read 121 visibilities from all files

Baseline 3-4, plot 121 points
1.47432E+01 -3.99024E+00
1.47483E+01 -4.06251E+00
1.47634E+01 -4.13273E+00
1.47885E+01 -4.19894E+00
1.48236E+01 -4.26323E+00
1.48683E+01 -4.32468E+00
1.49225E+01 -4.38276E+00
1.49860E+01 -4.43736E+00
1.50585E+01 -4.48957E+00
1.51396E+01 -4.53840E+00
1.52290E+01 -4.58498E+00
1.53263E+01 -4.62770E+00
1.54311E+01 -4.66655E+00
1.55429E+01 -4.70263E+00
1.56614E+01 -4.73598E+00
1.57859E+01 -4.76667E+00
1.59161E+01 -4.79316E+00
1.60514E+01 -4.81647E+00
1.61914E+01 -4.83666E+00
1.63356E+01 -4.85272E+00
1.64834E+01 -4.86682E+00
1.66344E+01 -4.87658E+00
1.67881E+01 -4.88282E+00
1.69439E+01 -4.88667E+00
1.71015E+01 -4.88610E+00
1.72602E+01 -4.88320E+00
1.74198E+01 -4.87702E+00
1.75796E+01 -4.86718E+00
1.77393E+01 -4.85363E+00
1.78985E+01 -4.83646E+00
1.80567E+01 -4.81672E+00
1.82135E+01 -4.79339E+00
1.83686E+01 -4.76653E+00
1.85215E+01 -4.73713E+00
1.86719E+01 -4.70387E+00
1.88195E+01 -4.66788E+00
1.89639E+01 -4.62815E+00
1.91048E+01 -4.58575E+00
1.92418E+01 -4.53968E+00
1.93748E+01 -4.49097E+00
1.95035E+01 -4.43866E+00
1.96274E+01 -4.38377E+00
1.97465E+01 -4.32616E+00
1.98605E+01 -4.26481E+00
1.99691E+01 -4.20083E+00
2.00722E+01 -4.13425E+00
2.01695E+01 -4.06408E+00
2.02609E+01 -3.99138E+00
2.03462E+01 -3.91619E+00
2.04253E+01 -3.83856E+00
2.04979E+01 -3.75748E+00
2.05640E+01 -3.67506E+00
2.06235E+01 -3.58929E+00
2.06762E+01 -3.50124E+00
2.07221E+01 -3.41096E+00
2.07611E+01 -3.31850E+00
2.07930E+01 -3.22289E+00
2.08180E+01 -3.12623E+00
2.08358E+01 -3.02653E+00
2.08465E+01 -2.92486E+00
2.08501E+01 -2.82132E+00
2.08465E+01 -2.71596E+00
2.08358E+01 -2.60886E+00
2.08180E+01 -2.50009E+00
2.07930E+01 -2.38870E+00
2.07611E+01 -2.27684E+00
2.07221E+01 -2.16254E+00
2.06762E+01 -2.04692E+00
2.06235E+01 -1.93006E+00
2.05641E+01 -1.81206E+00
2.04979E+01 -1.69198E+00
2.04253E+01 -1.57198E+00
2.03462E+01 -1.45010E+00
2.02609E+01 -1.32745E+00
2.01695E+01 -1.20414E+00
2.00722E+01 -1.08026E+00
1.99691E+01 -9.54882E-01
1.98605E+01 -8.29134E-01
1.97465E+01 -7.03102E-01
1.96274E+01 -5.75825E-01
1.95035E+01 -4.48425E-01
1.93748E+01 -3.21191E-01
1.92419E+01 -1.93203E-01
1.91048E+01 -6.55704E-02
1.89639E+01 6.26479E-02
1.88195E+01 1.90323E-01
1.86719E+01 3.18395E-01
1.85215E+01 4.45767E-01
1.83686E+01 5.73439E-01
1.82135E+01 7.00003E-01
1.80567E+01 8.26325E-01
1.78985E+01 9.52364E-01
1.77393E+01 1.07701E+00
1.75796E+01 1.20122E+00
1.74198E+01 1.32496E+00
1.72602E+01 1.44812E+00
1.71015E+01 1.57023E+00
1.69439E+01 1.69023E+00
1.67881E+01 1.81016E+00
1.66344E+01 1.92788E+00
1.64834E+01 2.04446E+00
1.63356E+01 2.16065E+00
1.61915E+01 2.27399E+00
1.60514E+01 2.38658E+00
1.59161E+01 2.49735E+00
1.57859E+01 2.60632E+00
1.56614E+01 2.71443E+00
1.55429E+01 2.82009E+00
1.54311E+01 2.92332E+00
1.53263E+01 3.02413E+00
1.52290E+01 3.12356E+00
1.51396E+01 3.22156E+00
1.50585E+01 3.31651E+00
1.49860E+01 3.40948E+00
1.49225E+01 3.49945E+00
1.48683E+01 3.58751E+00
1.48236E+01 3.67352E+00
1.47885E+01 3.75692E+00
1.47634E+01 3.83680E+00
1.47483E+01 3.91522E+00
1.47432E+01 3.99023E+00
