Will plot unflagged data


File # 1  = raise.vis
raise.vis 4.7863 GHz
Read 121 visibilities from all files

Baseline 3-4, plot 121 points
4.66222E+00 1.65314E-02
4.66382E+00 1.65314E-02
4.66860E+00 1.65314E-02
4.67655E+00 1.65314E-02
4.68762E+00 1.65314E-02
4.70177E+00 1.65313E-02
4.71892E+00 1.65313E-02
4.73900E+00 1.65313E-02
4.76192E+00 1.65312E-02
4.78757E+00 1.65311E-02
4.81584E+00 1.65311E-02
4.84661E+00 1.65310E-02
4.87974E+00 1.65309E-02
4.91511E+00 1.65309E-02
4.95256E+00 1.65308E-02
4.99194E+00 1.65307E-02
5.03311E+00 1.65306E-02
5.07591E+00 1.65305E-02
5.12018E+00 1.65304E-02
5.16577E+00 1.65303E-02
5.21252E+00 1.65302E-02
5.26026E+00 1.65300E-02
5.30886E+00 1.65299E-02
5.35814E+00 1.65298E-02
5.40795E+00 1.65297E-02
5.45816E+00 1.65296E-02
5.50861E+00 1.65294E-02
5.55916E+00 1.65293E-02
5.60967E+00 1.65292E-02
5.66000E+00 1.65290E-02
5.71003E+00 1.65289E-02
5.75962E+00 1.65288E-02
5.80865E+00 1.65286E-02
5.85701E+00 1.65285E-02
5.90458E+00 1.65284E-02
5.95124E+00 1.65282E-02
5.99690E+00 1.65281E-02
6.04146E+00 1.65280E-02
6.08481E+00 1.65279E-02
6.12686E+00 1.65277E-02
6.16753E+00 1.65276E-02
6.20674E+00 1.65275E-02
6.24440E+00 1.65274E-02
6.28044E+00 1.65273E-02
6.31479E+00 1.65272E-02
6.34739E+00 1.65271E-02
6.37817E+00 1.65270E-02
6.40707E+00 1.65269E-02
6.43404E+00 1.65269E-02
6.45904E+00 1.65268E-02
6.48201E+00 1.65267E-02
6.50292E+00 1.65267E-02
6.52173E+00 1.65266E-02
6.53840E+00 1.65265E-02
6.55291E+00 1.65265E-02
6.56523E+00 1.65264E-02
6.57534E+00 1.65264E-02
6.58322E+00 1.65264E-02
6.58886E+00 1.65264E-02
6.59224E+00 1.65264E-02
6.59337E+00 1.65264E-02
6.59224E+00 1.65264E-02
6.58886E+00 1.65264E-02
6.58322E+00 1.65264E-02
6.57534E+00 1.65264E-02
6.56523E+00 1.65264E-02
6.55291E+00 1.65265E-02
6.53840E+00 1.65265E-02
6.52173E+00 1.65266E-02
6.50292E+00 1.65267E-02
6.48201E+00 1.65267E-02
6.45904E+00 1.65268E-02
6.43405E+00 1.65269E-02
6.40707E+00 1.65269E-02
6.37817E+00 1.65270E-02
6.34739E+00 1.65271E-02
6.31480E+00 1.65272E-02
6.28044E+00 1.65273E-02
6.24440E+00 1.65274E-02
6.20674E+00 1.65275E-02
6.16754E+00 1.65276E-02
6.12686E+00 1.65277E-02
6.08481E+00 1.65279E-02
6.04146E+00 1.65280E-02
5.99691E+00 1.65281E-02
5.95125E+00 1.65282E-02
5.90458E+00 1.65284E-02
5.85701E+00 1.65285E-02
5.80865E+00 1.65286E-02
5.75962E+00 1.65288E-02
5.71003E+00 1.65289E-02
5.66000E+00 1.65290E-02
5.60967E+00 1.65292E-02
5.55916E+00 1.65293E-02
5.50861E+00 1.65294E-02
5.45817E+00 1.65296E-02
5.40796E+00 1.65297E-02
5.35814E+00 1.65298E-02
5.30886E+00 1.65299E-02
5.26027E+00 1.65300E-02
5.21252E+00 1.65302E-02
5.16577E+00 1.65303E-02
5.12019E+00 1.65304E-02
5.07591E+00 1.65305E-02
5.03311E+00 1.65306E-02
4.99194E+00 1.65307E-02
4.95256E+00 1.65308E-02
4.91511E+00 1.65309E-02
4.87975E+00 1.65309E-02
4.84661E+00 1.65310E-02
4.81584E+00 1.65311E-02
4.78757E+00 1.65311E-02
4.76192E+00 1.65312E-02
4.73900E+00 1.65313E-02
4.71892E+00 1.65313E-02
4.70177E+00 1.65313E-02
4.68762E+00 1.65314E-02
4.67655E+00 1.65314E-02
4.66860E+00 1.65314E-02
4.66382E+00 1.65314E-02
4.66222E+00 1.65314E-02
