Will plot unflagged data


File # 1  = raise.vis
raise.vis 4.7863 GHz
Read 121 visibilities from all files

Baseline 3-4, plot 121 points
4.66222E+00 -3.37791E-01
4.66382E+00 -3.44025E-01
4.66860E+00 -3.50015E-01
4.67655E+00 -3.55753E-01
4.68762E+00 -3.61231E-01
4.70177E+00 -3.66440E-01
4.71892E+00 -3.71374E-01
4.73900E+00 -3.76026E-01
4.76192E+00 -3.80387E-01
4.78757E+00 -3.84452E-01
4.81584E+00 -3.88213E-01
4.84661E+00 -3.91664E-01
4.87974E+00 -3.94798E-01
4.91511E+00 -3.98641E-01
4.95256E+00 -4.01123E-01
4.99194E+00 -4.03271E-01
5.03311E+00 -4.06110E-01
5.07591E+00 -4.07573E-01
5.12018E+00 -4.09716E-01
5.16577E+00 -4.10472E-01
5.21252E+00 -4.11900E-01
5.26026E+00 -4.12963E-01
5.30886E+00 -4.13657E-01
5.35814E+00 -4.13979E-01
5.40795E+00 -4.13924E-01
5.45816E+00 -4.13489E-01
5.50861E+00 -4.12671E-01
5.55916E+00 -4.12500E-01
5.60967E+00 -4.10907E-01
5.66000E+00 -4.09956E-01
5.71003E+00 -4.07579E-01
5.75962E+00 -4.05839E-01
5.80865E+00 -4.03702E-01
5.85701E+00 -4.01168E-01
5.90458E+00 -3.98234E-01
5.95124E+00 -3.94899E-01
5.99690E+00 -3.92198E-01
6.04146E+00 -3.88062E-01
6.08481E+00 -3.84558E-01
6.12686E+00 -3.79621E-01
6.16753E+00 -3.75317E-01
6.20674E+00 -3.70614E-01
6.24440E+00 -3.66545E-01
6.28044E+00 -3.61047E-01
6.31479E+00 -3.55153E-01
6.34739E+00 -3.49900E-01
6.37817E+00 -3.44255E-01
6.40707E+00 -3.38222E-01
6.43404E+00 -3.31802E-01
6.45904E+00 -3.25000E-01
6.48201E+00 -3.17819E-01
6.50292E+00 -3.11294E-01
6.52173E+00 -3.03363E-01
6.53840E+00 -2.96098E-01
6.55291E+00 -2.88468E-01
6.56523E+00 -2.80478E-01
6.57534E+00 -2.73166E-01
6.58322E+00 -2.64472E-01
6.58886E+00 -2.56466E-01
6.59224E+00 -2.47088E-01
6.59337E+00 -2.38410E-01
6.59224E+00 -2.29404E-01
6.58886E+00 -2.21109E-01
6.58322E+00 -2.11467E-01
6.57534E+00 -2.02549E-01
6.56523E+00 -1.92297E-01
6.55291E+00 -1.82784E-01
6.53840E+00 -1.72983E-01
6.52173E+00 -1.62903E-01
6.50292E+00 -1.53583E-01
6.48201E+00 -1.42966E-01
6.45904E+00 -1.33125E-01
6.43405E+00 -1.23037E-01
6.40707E+00 -1.12708E-01
6.37817E+00 -1.02149E-01
6.34739E+00 -9.13664E-02
6.31480E+00 -8.03703E-02
6.28044E+00 -7.02021E-02
6.24440E+00 -5.98382E-02
6.20674E+00 -4.82548E-02
6.16754E+00 -3.75272E-02
6.12686E+00 -2.66318E-02
6.08481E+00 -1.66111E-02
6.04146E+00 -5.40924E-03
5.99691E+00 4.89838E-03
5.95125E+00 1.63676E-02
5.90458E+00 2.69227E-02
5.85701E+00 3.75865E-02
5.80865E+00 4.83489E-02
5.75962E+00 5.91997E-02
5.71003E+00 7.01286E-02
5.66000E+00 8.00924E-02
5.60967E+00 9.11466E-02
5.55916E+00 1.01215E-01
5.50861E+00 1.12353E-01
5.45817E+00 1.22484E-01
5.40796E+00 1.32632E-01
5.35814E+00 1.42784E-01
5.30886E+00 1.52932E-01
5.26027E+00 1.63064E-01
5.21252E+00 1.73170E-01
5.16577E+00 1.83240E-01
5.12019E+00 1.92230E-01
5.07591E+00 2.02196E-01
5.03311E+00 2.11062E-01
4.99194E+00 2.20884E-01
4.95256E+00 2.29585E-01
4.91511E+00 2.38189E-01
4.87975E+00 2.47717E-01
4.84661E+00 2.56095E-01
4.81584E+00 2.64347E-01
4.78757E+00 2.72461E-01
4.76192E+00 2.80429E-01
4.73900E+00 2.88241E-01
4.71892E+00 2.95888E-01
4.70177E+00 3.03360E-01
4.68762E+00 3.10649E-01
4.67655E+00 3.17744E-01
4.66860E+00 3.24639E-01
4.66382E+00 3.31323E-01
4.66222E+00 3.37789E-01
