Will plot unflagged data


File # 1  = raise.vis
raise.vis 0.1514 GHz
Read 121 visibilities from all files

Baseline 2-3, plot 121 points
5.62427E-01 -6.88563E-02
5.62620E-01 -7.03563E-02
5.63197E-01 -7.18071E-02
5.64155E-01 -7.21814E-02
5.65491E-01 -7.35289E-02
5.67198E-01 -7.48225E-02
5.69267E-01 -7.60604E-02
5.71690E-01 -7.62147E-02
5.74454E-01 -7.73367E-02
5.77549E-01 -7.83985E-02
5.80959E-01 -7.93987E-02
5.84671E-01 -8.03360E-02
5.88668E-01 -8.01818E-02
5.92934E-01 -8.09891E-02
5.97452E-01 -8.17295E-02
6.02203E-01 -8.24018E-02
6.07170E-01 -8.30049E-02
6.12333E-01 -8.35376E-02
6.17674E-01 -8.39989E-02
6.23173E-01 -8.33598E-02
6.28812E-01 -8.36751E-02
6.34572E-01 -8.39162E-02
6.40434E-01 -8.40820E-02
6.46379E-01 -8.41718E-02
6.52389E-01 -8.41848E-02
6.58446E-01 -8.41203E-02
6.64532E-01 -8.39777E-02
6.70629E-01 -8.37563E-02
6.76723E-01 -8.34556E-02
6.82795E-01 -8.30751E-02
6.88829E-01 -8.36433E-02
6.94812E-01 -8.31020E-02
7.00727E-01 -8.24797E-02
7.06561E-01 -8.17762E-02
7.12299E-01 -8.09911E-02
7.17928E-01 -8.11538E-02
7.23437E-01 -8.02054E-02
7.28811E-01 -7.91753E-02
7.34041E-01 -7.80633E-02
7.39114E-01 -7.78992E-02
7.44021E-01 -7.66239E-02
7.48750E-01 -7.52672E-02
7.53294E-01 -7.48589E-02
7.57641E-01 -7.33401E-02
7.61785E-01 -7.27704E-02
7.65718E-01 -7.10907E-02
7.69430E-01 -7.03611E-02
7.72917E-01 -6.85225E-02
7.76171E-01 -6.76351E-02
7.79187E-01 -6.66695E-02
7.81958E-01 -6.45967E-02
7.84480E-01 -6.34771E-02
7.86749E-01 -6.22816E-02
7.88760E-01 -6.10109E-02
7.90511E-01 -5.86362E-02
7.91997E-01 -5.72180E-02
7.93216E-01 -5.57276E-02
7.94167E-01 -5.41659E-02
7.94847E-01 -5.25339E-02
7.95255E-01 -5.08328E-02
7.95392E-01 -4.90637E-02
7.95255E-01 -4.72279E-02
7.94847E-01 -4.53266E-02
7.94167E-01 -4.33612E-02
7.93216E-01 -4.13329E-02
7.91997E-01 -3.92432E-02
7.90511E-01 -3.70935E-02
7.88760E-01 -3.59151E-02
7.86749E-01 -3.36499E-02
7.84480E-01 -3.13291E-02
7.81958E-01 -2.89545E-02
7.79187E-01 -2.75575E-02
7.76171E-01 -2.50800E-02
7.72917E-01 -2.25537E-02
7.69431E-01 -2.10099E-02
7.65718E-01 -1.83910E-02
7.61786E-01 -1.67582E-02
7.57642E-01 -1.40540E-02
7.53294E-01 -1.23394E-02
7.48751E-01 -9.55719E-03
7.44021E-01 -7.76841E-03
7.39115E-01 -5.94534E-03
7.34041E-01 -3.06054E-03
7.28812E-01 -1.17490E-03
7.23437E-01 7.39084E-04
7.17929E-01 2.67941E-03
7.12299E-01 5.67323E-03
7.06561E-01 7.66001E-03
7.00727E-01 9.66698E-03
6.94812E-01 1.16920E-02
6.88830E-01 1.37331E-02
6.82795E-01 1.68169E-02
6.76723E-01 1.88836E-02
6.70630E-01 2.09600E-02
6.64532E-01 2.30439E-02
6.58446E-01 2.51332E-02
6.52389E-01 2.72258E-02
6.46379E-01 2.93195E-02
6.40434E-01 3.14122E-02
6.34573E-01 3.35018E-02
6.28813E-01 3.55861E-02
6.23173E-01 3.76630E-02
6.17674E-01 3.87024E-02
6.12333E-01 4.07583E-02
6.07170E-01 4.28003E-02
6.02203E-01 4.48265E-02
5.97452E-01 4.68348E-02
5.92935E-01 4.88230E-02
5.88668E-01 5.07891E-02
5.84671E-01 5.17040E-02
5.80959E-01 5.36199E-02
5.77549E-01 5.55075E-02
5.74455E-01 5.73650E-02
5.71690E-01 5.91903E-02
5.69267E-01 5.99552E-02
5.67198E-01 6.17104E-02
5.65491E-01 6.34277E-02
5.64155E-01 6.51052E-02
5.63197E-01 6.57152E-02
5.62620E-01 6.73076E-02
5.62427E-01 6.88547E-02
