Will plot unflagged data


File # 1  = raise.vis
raise.vis 15.1356 GHz
Read 121 visibilities from all files

Baseline 1-3, plot 121 points
6.17031E+01 3.37830E-02
6.17243E+01 3.37799E-02
6.17876E+01 3.37704E-02
6.18928E+01 3.37548E-02
6.20393E+01 3.37331E-02
6.22265E+01 3.37057E-02
6.24536E+01 3.36728E-02
6.27193E+01 3.36343E-02
6.30227E+01 3.35912E-02
6.33622E+01 3.35435E-02
6.37363E+01 3.34914E-02
6.41435E+01 3.34356E-02
6.45820E+01 3.33769E-02
6.50501E+01 3.33154E-02
6.55457E+01 3.32508E-02
6.60669E+01 3.31845E-02
6.66118E+01 3.31172E-02
6.71783E+01 3.30477E-02
6.77642E+01 3.29781E-02
6.83675E+01 3.29079E-02
6.89862E+01 3.28368E-02
6.96181E+01 3.27667E-02
7.02612E+01 3.26964E-02
7.09134E+01 3.26266E-02
7.15727E+01 3.25582E-02
7.22372E+01 3.24902E-02
7.29049E+01 3.24230E-02
7.35739E+01 3.23575E-02
7.42424E+01 3.22934E-02
7.49085E+01 3.22309E-02
7.55706E+01 3.21689E-02
7.62269E+01 3.21097E-02
7.68759E+01 3.20517E-02
7.75159E+01 3.19948E-02
7.81454E+01 3.19406E-02
7.87630E+01 3.18878E-02
7.93673E+01 3.18363E-02
7.99570E+01 3.17871E-02
8.05307E+01 3.17399E-02
8.10873E+01 3.16942E-02
8.16256E+01 3.16510E-02
8.21444E+01 3.16096E-02
8.26429E+01 3.15701E-02
8.31199E+01 3.15324E-02
8.35745E+01 3.14967E-02
8.40059E+01 3.14631E-02
8.44132E+01 3.14318E-02
8.47958E+01 3.14024E-02
8.51528E+01 3.13755E-02
8.54836E+01 3.13498E-02
8.57876E+01 3.13266E-02
8.60643E+01 3.13060E-02
8.63133E+01 3.12872E-02
8.65339E+01 3.12710E-02
8.67259E+01 3.12567E-02
8.68890E+01 3.12442E-02
8.70227E+01 3.12343E-02
8.71270E+01 3.12268E-02
8.72017E+01 3.12211E-02
8.72465E+01 3.12180E-02
8.72614E+01 3.12168E-02
8.72465E+01 3.12180E-02
8.72016E+01 3.12211E-02
8.71270E+01 3.12268E-02
8.70227E+01 3.12343E-02
8.68890E+01 3.12442E-02
8.67259E+01 3.12567E-02
8.65339E+01 3.12710E-02
8.63133E+01 3.12872E-02
8.60644E+01 3.13060E-02
8.57876E+01 3.13266E-02
8.54836E+01 3.13498E-02
8.51528E+01 3.13755E-02
8.47958E+01 3.14024E-02
8.44133E+01 3.14318E-02
8.40059E+01 3.14631E-02
8.35745E+01 3.14967E-02
8.31199E+01 3.15324E-02
8.26429E+01 3.15701E-02
8.21445E+01 3.16096E-02
8.16256E+01 3.16510E-02
8.10873E+01 3.16942E-02
8.05307E+01 3.17399E-02
7.99570E+01 3.17871E-02
7.93674E+01 3.18363E-02
7.87631E+01 3.18878E-02
7.81454E+01 3.19406E-02
7.75159E+01 3.19948E-02
7.68759E+01 3.20517E-02
7.62270E+01 3.21097E-02
7.55706E+01 3.21689E-02
7.49086E+01 3.22309E-02
7.42424E+01 3.22934E-02
7.35740E+01 3.23575E-02
7.29050E+01 3.24230E-02
7.22373E+01 3.24902E-02
7.15728E+01 3.25582E-02
7.09135E+01 3.26266E-02
7.02612E+01 3.26964E-02
6.96182E+01 3.27666E-02
6.89863E+01 3.28368E-02
6.83676E+01 3.29079E-02
6.77642E+01 3.29781E-02
6.71783E+01 3.30477E-02
6.66118E+01 3.31172E-02
6.60670E+01 3.31845E-02
6.55457E+01 3.32508E-02
6.50501E+01 3.33154E-02
6.45821E+01 3.33769E-02
6.41435E+01 3.34356E-02
6.37363E+01 3.34914E-02
6.33622E+01 3.35431E-02
6.30227E+01 3.35912E-02
6.27194E+01 3.36343E-02
6.24536E+01 3.36725E-02
6.22266E+01 3.37057E-02
6.20393E+01 3.37331E-02
6.18928E+01 3.37548E-02
6.17876E+01 3.37704E-02
6.17243E+01 3.37799E-02
6.17031E+01 3.37830E-02
