Will plot unflagged data


File # 1  = raise.vis
raise.vis 15.1356 GHz
Read 121 visibilities from all files

Baseline 1-3, plot 121 points
6.17031E+01 -7.55409E+00
6.17243E+01 -7.69101E+00
6.17876E+01 -7.82330E+00
6.18928E+01 -7.94953E+00
6.20393E+01 -8.07055E+00
6.22265E+01 -8.18692E+00
6.24536E+01 -8.29728E+00
6.27193E+01 -8.40105E+00
6.30227E+01 -8.49994E+00
6.33622E+01 -8.59281E+00
6.37363E+01 -8.67904E+00
6.41435E+01 -8.75969E+00
6.45820E+01 -8.83491E+00
6.50501E+01 -8.90443E+00
6.55457E+01 -8.96634E+00
6.60669E+01 -9.02273E+00
6.66118E+01 -9.07410E+00
6.71783E+01 -9.11726E+00
6.77642E+01 -9.15579E+00
6.83675E+01 -9.18777E+00
6.89862E+01 -9.21226E+00
6.96181E+01 -9.23188E+00
7.02612E+01 -9.24454E+00
7.09134E+01 -9.25051E+00
7.15727E+01 -9.25134E+00
7.22372E+01 -9.24496E+00
7.29049E+01 -9.23167E+00
7.35739E+01 -9.21292E+00
7.42424E+01 -9.18793E+00
7.49085E+01 -9.15687E+00
7.55706E+01 -9.11800E+00
7.62269E+01 -9.07477E+00
7.68759E+01 -9.02463E+00
7.75159E+01 -8.96740E+00
7.81454E+01 -8.90541E+00
7.87630E+01 -8.83688E+00
7.93673E+01 -8.76127E+00
7.99570E+01 -8.68062E+00
8.05307E+01 -8.59412E+00
8.10873E+01 -8.50092E+00
8.16256E+01 -8.40304E+00
8.21444E+01 -8.29906E+00
8.26429E+01 -8.18919E+00
8.31199E+01 -8.07356E+00
8.35745E+01 -7.95228E+00
8.40059E+01 -7.82551E+00
8.44132E+01 -7.69400E+00
8.47958E+01 -7.55677E+00
8.51528E+01 -7.41499E+00
8.54836E+01 -7.26671E+00
8.57876E+01 -7.11408E+00
8.60643E+01 -6.95719E+00
8.63133E+01 -6.79511E+00
8.65339E+01 -6.62896E+00
8.67259E+01 -6.45781E+00
8.68890E+01 -6.28169E+00
8.70227E+01 -6.10171E+00
8.71270E+01 -5.91802E+00
8.72017E+01 -5.72970E+00
8.72465E+01 -5.53792E+00
8.72614E+01 -5.34177E+00
8.72465E+01 -5.14243E+00
8.72016E+01 -4.93900E+00
8.71270E+01 -4.73265E+00
8.70227E+01 -4.52248E+00
8.68890E+01 -4.30968E+00
8.67259E+01 -4.09437E+00
8.65339E+01 -3.87572E+00
8.63133E+01 -3.65395E+00
8.60644E+01 -3.43026E+00
8.57876E+01 -3.20380E+00
8.54836E+01 -2.97576E+00
8.51528E+01 -2.74632E+00
8.47958E+01 -2.51356E+00
8.44133E+01 -2.27972E+00
8.40059E+01 -2.04386E+00
8.35745E+01 -1.80724E+00
8.31199E+01 -1.56933E+00
8.26429E+01 -1.33022E+00
8.21445E+01 -1.09007E+00
8.16256E+01 -8.48964E-01
8.10873E+01 -6.06929E-01
8.05307E+01 -3.65630E-01
7.99570E+01 -1.23266E-01
7.93674E+01 1.19085E-01
7.87631E+01 3.60381E-01
7.81454E+01 6.02461E-01
7.75159E+01 8.44565E-01
7.68759E+01 1.08470E+00
7.62270E+01 1.32500E+00
7.55706E+01 1.56508E+00
7.49086E+01 1.80220E+00
7.42424E+01 2.03962E+00
7.35740E+01 2.27541E+00
7.29050E+01 2.50958E+00
7.22373E+01 2.74114E+00
7.15728E+01 2.97142E+00
7.09135E+01 3.20052E+00
7.02612E+01 3.42622E+00
6.96182E+01 3.64994E+00
6.89863E+01 3.87179E+00
6.83676E+01 4.08954E+00
6.77642E+01 4.30568E+00
6.71783E+01 4.51914E+00
6.66118E+01 4.72789E+00
6.60670E+01 4.93538E+00
6.55457E+01 5.13834E+00
6.50501E+01 5.33714E+00
6.45821E+01 5.53380E+00
6.41435E+01 5.72631E+00
6.37363E+01 5.91432E+00
6.33622E+01 6.09894E+00
6.30227E+01 6.27806E+00
6.27194E+01 6.45412E+00
6.24536E+01 6.62590E+00
6.22266E+01 6.79199E+00
6.20393E+01 6.95485E+00
6.18928E+01 7.11205E+00
6.17876E+01 7.26415E+00
6.17243E+01 7.41197E+00
6.17031E+01 7.55407E+00
