Will plot unflagged data


File # 1  = raise.vis
raise.vis 0.1514 GHz
Read 121 visibilities from all files

Baseline 1-5, plot 121 points
9.93803E-01 9.05418E-01
9.94143E-01 9.05418E-01
9.95163E-01 9.05418E-01
9.96857E-01 9.05417E-01
9.99217E-01 9.05417E-01
1.00223E+00 9.05416E-01
1.00589E+00 9.05416E-01
1.01017E+00 9.05415E-01
1.01506E+00 9.05414E-01
1.02052E+00 9.05413E-01
1.02655E+00 9.05411E-01
1.03311E+00 9.05409E-01
1.04017E+00 9.05408E-01
1.04771E+00 9.05407E-01
1.05569E+00 9.05405E-01
1.06409E+00 9.05403E-01
1.07286E+00 9.05401E-01
1.08199E+00 9.05399E-01
1.09142E+00 9.05397E-01
1.10114E+00 9.05395E-01
1.11111E+00 9.05392E-01
1.12128E+00 9.05390E-01
1.13164E+00 9.05389E-01
1.14215E+00 9.05386E-01
1.15276E+00 9.05383E-01
1.16347E+00 9.05380E-01
1.17422E+00 9.05377E-01
1.18500E+00 9.05376E-01
1.19576E+00 9.05373E-01
1.20649E+00 9.05371E-01
1.21715E+00 9.05368E-01
1.22773E+00 9.05364E-01
1.23818E+00 9.05363E-01
1.24849E+00 9.05361E-01
1.25863E+00 9.05357E-01
1.26857E+00 9.05355E-01
1.27831E+00 9.05351E-01
1.28780E+00 9.05349E-01
1.29704E+00 9.05348E-01
1.30601E+00 9.05346E-01
1.31468E+00 9.05344E-01
1.32303E+00 9.05342E-01
1.33106E+00 9.05339E-01
1.33874E+00 9.05337E-01
1.34607E+00 9.05335E-01
1.35302E+00 9.05333E-01
1.35958E+00 9.05331E-01
1.36574E+00 9.05329E-01
1.37149E+00 9.05328E-01
1.37682E+00 9.05326E-01
1.38171E+00 9.05324E-01
1.38617E+00 9.05324E-01
1.39018E+00 9.05322E-01
1.39373E+00 9.05322E-01
1.39682E+00 9.05322E-01
1.39945E+00 9.05319E-01
1.40161E+00 9.05319E-01
1.40328E+00 9.05319E-01
1.40449E+00 9.05319E-01
1.40521E+00 9.05319E-01
1.40545E+00 9.05319E-01
1.40521E+00 9.05319E-01
1.40449E+00 9.05319E-01
1.40329E+00 9.05319E-01
1.40161E+00 9.05319E-01
1.39945E+00 9.05319E-01
1.39682E+00 9.05322E-01
1.39373E+00 9.05322E-01
1.39018E+00 9.05322E-01
1.38617E+00 9.05324E-01
1.38171E+00 9.05324E-01
1.37682E+00 9.05326E-01
1.37149E+00 9.05329E-01
1.36574E+00 9.05329E-01
1.35958E+00 9.05331E-01
1.35302E+00 9.05333E-01
1.34607E+00 9.05335E-01
1.33875E+00 9.05337E-01
1.33106E+00 9.05339E-01
1.32304E+00 9.05342E-01
1.31468E+00 9.05344E-01
1.30601E+00 9.05345E-01
1.29704E+00 9.05348E-01
1.28780E+00 9.05349E-01
1.27831E+00 9.05352E-01
1.26857E+00 9.05355E-01
1.25863E+00 9.05357E-01
1.24849E+00 9.05361E-01
1.23818E+00 9.05363E-01
1.22773E+00 9.05364E-01
1.21716E+00 9.05368E-01
1.20649E+00 9.05371E-01
1.19576E+00 9.05373E-01
1.18500E+00 9.05376E-01
1.17422E+00 9.05377E-01
1.16347E+00 9.05380E-01
1.15277E+00 9.05383E-01
1.14215E+00 9.05386E-01
1.13164E+00 9.05389E-01
1.12128E+00 9.05390E-01
1.11111E+00 9.05392E-01
1.10114E+00 9.05394E-01
1.09142E+00 9.05397E-01
1.08199E+00 9.05399E-01
1.07286E+00 9.05401E-01
1.06409E+00 9.05403E-01
1.05569E+00 9.05405E-01
1.04771E+00 9.05406E-01
1.04017E+00 9.05408E-01
1.03311E+00 9.05409E-01
1.02655E+00 9.05410E-01
1.02052E+00 9.05412E-01
1.01506E+00 9.05414E-01
1.01017E+00 9.05415E-01
1.00589E+00 9.05415E-01
1.00223E+00 9.05416E-01
9.99218E-01 9.05417E-01
9.96857E-01 9.05417E-01
9.95163E-01 9.05418E-01
9.94143E-01 9.05418E-01
9.93803E-01 9.05418E-01
