Will plot unflagged data


File # 1  = raise.vis
raise.vis 0.1514 GHz
Read 121 visibilities from all files

Baseline 1-5, plot 121 points
9.93803E-01 -1.21668E-01
9.94143E-01 -1.24079E-01
9.95163E-01 -1.26404E-01
9.96857E-01 -1.27612E-01
9.99217E-01 -1.29753E-01
1.00223E+00 -1.31798E-01
1.00589E+00 -1.33745E-01
1.01017E+00 -1.35591E-01
1.01506E+00 -1.37333E-01
1.02052E+00 -1.38969E-01
1.02655E+00 -1.39467E-01
1.03311E+00 -1.40882E-01
1.04017E+00 -1.42183E-01
1.04771E+00 -1.43367E-01
1.05569E+00 -1.44434E-01
1.06409E+00 -1.45380E-01
1.07286E+00 -1.46203E-01
1.08199E+00 -1.46903E-01
1.09142E+00 -1.47475E-01
1.10114E+00 -1.47920E-01
1.11111E+00 -1.48235E-01
1.12128E+00 -1.48418E-01
1.13164E+00 -1.49498E-01
1.14215E+00 -1.49414E-01
1.15276E+00 -1.49194E-01
1.16347E+00 -1.48837E-01
1.17422E+00 -1.48342E-01
1.18500E+00 -1.48739E-01
1.19576E+00 -1.47964E-01
1.20649E+00 -1.48079E-01
1.21715E+00 -1.47022E-01
1.22773E+00 -1.45822E-01
1.23818E+00 -1.45510E-01
1.24849E+00 -1.45055E-01
1.25863E+00 -1.43424E-01
1.26857E+00 -1.42681E-01
1.27831E+00 -1.40761E-01
1.28780E+00 -1.39729E-01
1.29704E+00 -1.38552E-01
1.30601E+00 -1.37231E-01
1.31468E+00 -1.35765E-01
1.32303E+00 -1.34156E-01
1.33106E+00 -1.32403E-01
1.33874E+00 -1.30507E-01
1.34607E+00 -1.28469E-01
1.35302E+00 -1.26289E-01
1.35958E+00 -1.23968E-01
1.36574E+00 -1.21508E-01
1.37149E+00 -1.19939E-01
1.37682E+00 -1.17202E-01
1.38171E+00 -1.14327E-01
1.38617E+00 -1.12349E-01
1.39018E+00 -1.09205E-01
1.39373E+00 -1.06959E-01
1.39682E+00 -1.04583E-01
1.39945E+00 -1.01046E-01
1.40161E+00 -9.84119E-02
1.40328E+00 -9.56523E-02
1.40449E+00 -9.27687E-02
1.40521E+00 -8.97628E-02
1.40545E+00 -8.66369E-02
1.40521E+00 -8.33931E-02
1.40449E+00 -8.00335E-02
1.40329E+00 -7.65606E-02
1.40161E+00 -7.29766E-02
1.39945E+00 -6.92841E-02
1.39682E+00 -6.65173E-02
1.39373E+00 -6.26154E-02
1.39018E+00 -5.86126E-02
1.38617E+00 -5.55436E-02
1.38171E+00 -5.13476E-02
1.37682E+00 -4.80910E-02
1.37149E+00 -4.47450E-02
1.36574E+00 -4.02809E-02
1.35958E+00 -3.67651E-02
1.35302E+00 -3.31691E-02
1.34607E+00 -2.94960E-02
1.33875E+00 -2.57490E-02
1.33106E+00 -2.19315E-02
1.32304E+00 -1.80467E-02
1.31468E+00 -1.40980E-02
1.30601E+00 -1.00889E-02
1.29704E+00 -6.02265E-03
1.28780E+00 -1.90292E-03
1.27831E+00 2.26676E-03
1.26857E+00 5.45182E-03
1.25863E+00 9.71089E-03
1.24849E+00 1.29782E-02
1.23818E+00 1.73121E-02
1.22773E+00 2.16779E-02
1.21716E+00 2.50411E-02
1.20649E+00 2.84290E-02
1.19576E+00 3.28683E-02
1.18500E+00 3.62941E-02
1.17422E+00 4.07637E-02
1.16347E+00 4.42125E-02
1.15277E+00 4.76672E-02
1.14215E+00 5.11240E-02
1.13164E+00 5.45791E-02
1.12128E+00 5.90585E-02
1.11111E+00 6.24989E-02
1.10114E+00 6.59263E-02
1.09142E+00 6.93370E-02
1.08199E+00 7.27272E-02
1.07286E+00 7.60932E-02
1.06409E+00 7.94314E-02
1.05569E+00 8.27380E-02
1.04771E+00 8.60094E-02
1.04017E+00 8.92418E-02
1.03311E+00 9.24318E-02
1.02655E+00 9.55757E-02
1.02052E+00 9.76422E-02
1.01506E+00 1.00684E-01
1.01017E+00 1.03668E-01
1.00589E+00 1.06593E-01
1.00223E+00 1.09454E-01
9.99218E-01 1.12248E-01
9.96857E-01 1.14972E-01
9.95163E-01 1.16597E-01
9.94143E-01 1.19172E-01
9.93803E-01 1.21666E-01
