Will plot unflagged data


File # 1  = raise.vis
raise.vis 0.1514 GHz
Read 121 visibilities from all files

Baseline 3-4, plot 121 points
1.47432E-01 -6.93690E-02
1.47483E-01 -7.08878E-02
1.47634E-01 -7.23571E-02
1.47885E-01 -7.27494E-02
1.48236E-01 -7.41146E-02
1.48683E-01 -7.54255E-02
1.49225E-01 -7.66803E-02
1.49860E-01 -7.68509E-02
1.50585E-01 -7.79889E-02
1.51396E-01 -7.90663E-02
1.52290E-01 -8.00816E-02
1.53263E-01 -8.00065E-02
1.54311E-01 -8.08935E-02
1.55429E-01 -8.17144E-02
1.56614E-01 -8.24679E-02
1.57859E-01 -8.31529E-02
1.59161E-01 -8.37681E-02
1.60514E-01 -8.43125E-02
1.61914E-01 -8.37569E-02
1.63356E-01 -8.41562E-02
1.64834E-01 -8.44816E-02
1.66344E-01 -8.47320E-02
1.67881E-01 -8.49068E-02
1.69439E-01 -8.50049E-02
1.71015E-01 -8.50256E-02
1.72602E-01 -8.49683E-02
1.74198E-01 -8.48323E-02
1.75796E-01 -8.46169E-02
1.77393E-01 -8.43216E-02
1.78985E-01 -8.39459E-02
1.80567E-01 -8.34894E-02
1.82135E-01 -8.29516E-02
1.83686E-01 -8.33614E-02
1.85215E-01 -8.26603E-02
1.86719E-01 -8.18771E-02
1.88195E-01 -8.10116E-02
1.89639E-01 -8.10932E-02
1.91048E-01 -8.00630E-02
1.92418E-01 -7.89505E-02
1.93748E-01 -7.77555E-02
1.95035E-01 -7.75080E-02
1.96274E-01 -7.61488E-02
1.97465E-01 -7.57375E-02
1.98605E-01 -7.42150E-02
1.99691E-01 -7.36411E-02
2.00722E-01 -7.19566E-02
2.01695E-01 -7.12215E-02
2.02609E-01 -6.93769E-02
2.03462E-01 -6.84828E-02
2.04253E-01 -6.64802E-02
2.04979E-01 -6.54295E-02
2.05640E-01 -6.43016E-02
2.06235E-01 -6.20672E-02
2.06762E-01 -6.07871E-02
2.07221E-01 -5.94323E-02
2.07611E-01 -5.80036E-02
2.07930E-01 -5.65020E-02
2.08180E-01 -5.49286E-02
2.08358E-01 -5.22545E-02
2.08465E-01 -5.05407E-02
2.08501E-01 -4.87585E-02
2.08465E-01 -4.69090E-02
2.08358E-01 -4.49936E-02
2.08180E-01 -4.40435E-02
2.07930E-01 -4.20001E-02
2.07611E-01 -3.98949E-02
2.07221E-01 -3.77291E-02
2.06762E-01 -3.55044E-02
2.06235E-01 -3.32223E-02
2.05641E-01 -3.19142E-02
2.04979E-01 -2.95219E-02
2.04253E-01 -2.70769E-02
2.03462E-01 -2.56109E-02
2.02609E-01 -2.30657E-02
2.01695E-01 -2.15028E-02
2.00722E-01 -1.88644E-02
1.99691E-01 -1.72118E-02
1.98605E-01 -1.44874E-02
1.97465E-01 -1.27525E-02
1.96274E-01 -9.94952E-03
1.95035E-01 -8.13974E-03
1.93748E-01 -5.26595E-03
1.92419E-01 -3.38917E-03
1.91048E-01 -1.48180E-03
1.89639E-01 4.54065E-04
1.88195E-01 3.44579E-03
1.86719E-01 5.43263E-03
1.85215E-01 7.44185E-03
1.83686E-01 9.47140E-03
1.82135E-01 1.25483E-02
1.80567E-01 1.46121E-02
1.78985E-01 1.66899E-02
1.77393E-01 1.87796E-02
1.75796E-01 2.08791E-02
1.74198E-01 2.29862E-02
1.72602E-01 2.50987E-02
1.71015E-01 2.72146E-02
1.69439E-01 2.93315E-02
1.67881E-01 3.14474E-02
1.66344E-01 3.35602E-02
1.64834E-01 3.56677E-02
1.63356E-01 3.77677E-02
1.61915E-01 3.98582E-02
1.60514E-01 4.09090E-02
1.59161E-01 4.29739E-02
1.57859E-01 4.50229E-02
1.56614E-01 4.70537E-02
1.55429E-01 4.90644E-02
1.54311E-01 5.10527E-02
1.53263E-01 5.30168E-02
1.52290E-01 5.39275E-02
1.51396E-01 5.58369E-02
1.50585E-01 5.77158E-02
1.49860E-01 5.95624E-02
1.49225E-01 6.03481E-02
1.48683E-01 6.21241E-02
1.48236E-01 6.38618E-02
1.47885E-01 6.55594E-02
1.47634E-01 6.61893E-02
1.47483E-01 6.78012E-02
1.47432E-01 6.93674E-02
