Will plot unflagged data


File # 1  = raise.vis
raise.vis 1.5136 GHz
Read 121 visibilities from all files

Baseline 3-5, plot 121 points
3.76771E+00 3.94131E-01
3.76900E+00 3.94130E-01
3.77287E+00 3.94127E-01
3.77929E+00 3.94122E-01
3.78824E+00 3.94115E-01
3.79967E+00 3.94107E-01
3.81354E+00 3.94098E-01
3.82977E+00 3.94086E-01
3.84829E+00 3.94072E-01
3.86902E+00 3.94057E-01
3.89186E+00 3.94040E-01
3.91673E+00 3.94022E-01
3.94351E+00 3.94001E-01
3.97208E+00 3.93979E-01
4.00235E+00 3.93957E-01
4.03418E+00 3.93931E-01
4.06745E+00 3.93906E-01
4.10204E+00 3.93879E-01
4.13781E+00 3.93851E-01
4.17465E+00 3.93821E-01
4.21243E+00 3.93793E-01
4.25102E+00 3.93763E-01
4.29029E+00 3.93729E-01
4.33011E+00 3.93697E-01
4.37037E+00 3.93666E-01
4.41095E+00 3.93631E-01
4.45172E+00 3.93599E-01
4.49257E+00 3.93565E-01
4.53338E+00 3.93530E-01
4.57406E+00 3.93494E-01
4.61449E+00 3.93461E-01
4.65456E+00 3.93427E-01
4.69419E+00 3.93392E-01
4.73327E+00 3.93360E-01
4.77171E+00 3.93323E-01
4.80942E+00 3.93293E-01
4.84632E+00 3.93259E-01
4.88233E+00 3.93228E-01
4.91736E+00 3.93197E-01
4.95135E+00 3.93165E-01
4.98422E+00 3.93137E-01
5.01590E+00 3.93108E-01
5.04634E+00 3.93079E-01
5.07546E+00 3.93049E-01
5.10322E+00 3.93024E-01
5.12956E+00 3.93002E-01
5.15444E+00 3.92976E-01
5.17779E+00 3.92954E-01
5.19959E+00 3.92937E-01
5.21979E+00 3.92914E-01
5.23836E+00 3.92901E-01
5.25526E+00 3.92883E-01
5.27046E+00 3.92869E-01
5.28393E+00 3.92856E-01
5.29565E+00 3.92846E-01
5.30561E+00 3.92837E-01
5.31378E+00 3.92828E-01
5.32015E+00 3.92823E-01
5.32470E+00 3.92819E-01
5.32744E+00 3.92814E-01
5.32835E+00 3.92814E-01
5.32744E+00 3.92814E-01
5.32470E+00 3.92819E-01
5.32015E+00 3.92823E-01
5.31378E+00 3.92828E-01
5.30561E+00 3.92837E-01
5.29565E+00 3.92846E-01
5.28393E+00 3.92855E-01
5.27046E+00 3.92869E-01
5.25526E+00 3.92883E-01
5.23836E+00 3.92901E-01
5.21979E+00 3.92914E-01
5.19959E+00 3.92937E-01
5.17780E+00 3.92954E-01
5.15444E+00 3.92976E-01
5.12957E+00 3.93002E-01
5.10322E+00 3.93024E-01
5.07546E+00 3.93049E-01
5.04634E+00 3.93079E-01
5.01590E+00 3.93108E-01
4.98422E+00 3.93137E-01
4.95135E+00 3.93165E-01
4.91736E+00 3.93197E-01
4.88233E+00 3.93228E-01
4.84633E+00 3.93259E-01
4.80943E+00 3.93293E-01
4.77171E+00 3.93323E-01
4.73327E+00 3.93360E-01
4.69419E+00 3.93392E-01
4.65457E+00 3.93427E-01
4.61449E+00 3.93461E-01
4.57406E+00 3.93495E-01
4.53339E+00 3.93530E-01
4.49257E+00 3.93565E-01
4.45172E+00 3.93599E-01
4.41095E+00 3.93631E-01
4.37037E+00 3.93666E-01
4.33011E+00 3.93697E-01
4.29029E+00 3.93729E-01
4.25102E+00 3.93763E-01
4.21243E+00 3.93793E-01
4.17466E+00 3.93821E-01
4.13782E+00 3.93851E-01
4.10204E+00 3.93879E-01
4.06745E+00 3.93906E-01
4.03418E+00 3.93931E-01
4.00235E+00 3.93957E-01
3.97209E+00 3.93979E-01
3.94351E+00 3.94001E-01
3.91673E+00 3.94022E-01
3.89186E+00 3.94040E-01
3.86902E+00 3.94057E-01
3.84829E+00 3.94072E-01
3.82977E+00 3.94086E-01
3.81354E+00 3.94098E-01
3.79967E+00 3.94107E-01
3.78824E+00 3.94115E-01
3.77929E+00 3.94122E-01
3.77287E+00 3.94127E-01
3.76900E+00 3.94130E-01
3.76771E+00 3.94131E-01
