Will plot unflagged data


File # 1  = raise.vis
raise.vis 1.5136 GHz
Read 121 visibilities from all files

Baseline 3-5, plot 121 points
3.76771E+00 -8.02151E-01
3.76900E+00 -8.17204E-01
3.77287E+00 -8.30636E-01
3.77929E+00 -8.44489E-01
3.78824E+00 -8.56688E-01
3.79967E+00 -8.69278E-01
3.81354E+00 -8.81213E-01
3.82977E+00 -8.92477E-01
3.84829E+00 -9.03054E-01
3.86902E+00 -9.12928E-01
3.89186E+00 -9.22084E-01
3.91673E+00 -9.30506E-01
3.94351E+00 -9.38179E-01
3.97208E+00 -9.45089E-01
4.00235E+00 -9.52255E-01
4.03418E+00 -9.57598E-01
4.06745E+00 -9.63170E-01
4.10204E+00 -9.67926E-01
4.13781E+00 -9.71856E-01
4.17465E+00 -9.74947E-01
4.21243E+00 -9.78222E-01
4.25102E+00 -9.80639E-01
4.29029E+00 -9.81160E-01
4.33011E+00 -9.81837E-01
4.37037E+00 -9.82661E-01
4.41095E+00 -9.81569E-01
4.45172E+00 -9.80607E-01
4.49257E+00 -9.78718E-01
4.53338E+00 -9.75894E-01
4.57406E+00 -9.72130E-01
4.61449E+00 -9.68452E-01
4.65456E+00 -9.63830E-01
4.69419E+00 -9.58259E-01
4.73327E+00 -9.52770E-01
4.77171E+00 -9.45298E-01
4.80942E+00 -9.38936E-01
4.84632E+00 -9.30589E-01
4.88233E+00 -9.22320E-01
4.91736E+00 -9.13098E-01
4.95135E+00 -9.02924E-01
4.98422E+00 -8.92831E-01
5.01590E+00 -8.81791E-01
5.04634E+00 -8.69804E-01
5.07546E+00 -8.56874E-01
5.10322E+00 -8.44039E-01
5.12956E+00 -8.31303E-01
5.15444E+00 -8.16605E-01
5.17779E+00 -8.02017E-01
5.19959E+00 -7.87547E-01
5.21979E+00 -7.71133E-01
5.23836E+00 -7.55885E-01
5.25526E+00 -7.38710E-01
5.27046E+00 -7.21684E-01
5.28393E+00 -7.03782E-01
5.29565E+00 -6.86050E-01
5.30561E+00 -6.67463E-01
5.31378E+00 -6.48034E-01
5.32015E+00 -6.28807E-01
5.32470E+00 -6.08763E-01
5.32744E+00 -5.87912E-01
5.32835E+00 -5.67303E-01
5.32744E+00 -5.45917E-01
5.32470E+00 -5.24800E-01
5.32015E+00 -5.02936E-01
5.31378E+00 -4.80340E-01
5.30561E+00 -4.58061E-01
5.29565E+00 -4.35083E-01
5.28393E+00 -4.11423E-01
5.27046E+00 -3.88131E-01
5.25526E+00 -3.64194E-01
5.23836E+00 -3.40662E-01
5.21979E+00 -3.15488E-01
5.19959E+00 -2.91791E-01
5.17780E+00 -2.66492E-01
5.15444E+00 -2.41676E-01
5.12957E+00 -2.17365E-01
5.10322E+00 -1.91512E-01
5.07546E+00 -1.66206E-01
5.04634E+00 -1.41468E-01
5.01590E+00 -1.16286E-01
4.98422E+00 -9.06826E-02
4.95135E+00 -6.46806E-02
4.91736E+00 -3.93351E-02
4.88233E+00 -1.36359E-02
4.84633E+00 1.23938E-02
4.80943E+00 3.76986E-02
4.77171E+00 6.43196E-02
4.73327E+00 8.91378E-02
4.69419E+00 1.15225E-01
4.65457E+00 1.40496E-01
4.61449E+00 1.65957E-01
4.57406E+00 1.91586E-01
4.53339E+00 2.16331E-01
4.49257E+00 2.41199E-01
4.45172E+00 2.66166E-01
4.41095E+00 2.91206E-01
4.37037E+00 3.15243E-01
4.33011E+00 3.40307E-01
4.29029E+00 3.64317E-01
4.25102E+00 3.87250E-01
4.21243E+00 4.11141E-01
4.17466E+00 4.34937E-01
4.13782E+00 4.57584E-01
4.10204E+00 4.80089E-01
4.06745E+00 5.02429E-01
4.03418E+00 5.24580E-01
4.00235E+00 5.45486E-01
3.97209E+00 5.67188E-01
3.94351E+00 5.87599E-01
3.91673E+00 6.07727E-01
3.89186E+00 6.27549E-01
3.86902E+00 6.47043E-01
3.84829E+00 6.66186E-01
3.82977E+00 6.84957E-01
3.81354E+00 7.03333E-01
3.79967E+00 7.21295E-01
3.78824E+00 7.38822E-01
3.77929E+00 7.54864E-01
3.77287E+00 7.71464E-01
3.76900E+00 7.86545E-01
3.76771E+00 8.02147E-01
