Will plot unflagged data


File # 1  = raise.vis
raise.vis 15.1356 GHz
Read 121 visibilities from all files

Baseline 2-3, plot 121 points
5.62427E+01 6.92659E-03
5.62620E+01 6.92645E-03
5.63197E+01 6.92603E-03
5.64155E+01 6.92531E-03
5.65491E+01 6.92431E-03
5.67198E+01 6.92303E-03
5.69267E+01 6.92150E-03
5.71690E+01 6.91969E-03
5.74454E+01 6.91760E-03
5.77549E+01 6.91529E-03
5.80959E+01 6.91274E-03
5.84671E+01 6.90992E-03
5.88668E+01 6.90689E-03
5.92934E+01 6.90366E-03
5.97452E+01 6.90022E-03
6.02203E+01 6.89662E-03
6.07170E+01 6.89285E-03
6.12333E+01 6.88893E-03
6.17674E+01 6.88481E-03
6.23173E+01 6.88058E-03
6.28812E+01 6.87632E-03
6.34572E+01 6.87188E-03
6.40434E+01 6.86735E-03
6.46379E+01 6.86274E-03
6.52389E+01 6.85806E-03
6.58446E+01 6.85343E-03
6.64532E+01 6.84868E-03
6.70629E+01 6.84397E-03
6.76723E+01 6.83923E-03
6.82794E+01 6.83447E-03
6.88829E+01 6.82980E-03
6.94812E+01 6.82515E-03
7.00727E+01 6.82052E-03
7.06561E+01 6.81600E-03
7.12299E+01 6.81149E-03
7.17928E+01 6.80712E-03
7.23437E+01 6.80279E-03
7.28811E+01 6.79861E-03
7.34041E+01 6.79449E-03
7.39114E+01 6.79055E-03
7.44021E+01 6.78678E-03
7.48750E+01 6.78306E-03
7.53294E+01 6.77953E-03
7.57641E+01 6.77606E-03
7.61785E+01 6.77290E-03
7.65717E+01 6.76981E-03
7.69430E+01 6.76693E-03
7.72917E+01 6.76414E-03
7.76171E+01 6.76166E-03
7.79187E+01 6.75928E-03
7.81958E+01 6.75712E-03
7.84480E+01 6.75516E-03
7.86749E+01 6.75343E-03
7.88760E+01 6.75190E-03
7.90510E+01 6.75059E-03
7.91997E+01 6.74938E-03
7.93216E+01 6.74839E-03
7.94167E+01 6.74773E-03
7.94847E+01 6.74718E-03
7.95256E+01 6.74685E-03
7.95392E+01 6.74674E-03
7.95255E+01 6.74685E-03
7.94847E+01 6.74718E-03
7.94167E+01 6.74773E-03
7.93216E+01 6.74839E-03
7.91997E+01 6.74938E-03
7.90511E+01 6.75059E-03
7.88760E+01 6.75190E-03
7.86749E+01 6.75343E-03
7.84480E+01 6.75516E-03
7.81958E+01 6.75712E-03
7.79187E+01 6.75928E-03
7.76171E+01 6.76166E-03
7.72917E+01 6.76414E-03
7.69431E+01 6.76693E-03
7.65718E+01 6.76981E-03
7.61786E+01 6.77290E-03
7.57642E+01 6.77606E-03
7.53294E+01 6.77953E-03
7.48751E+01 6.78306E-03
7.44021E+01 6.78678E-03
7.39115E+01 6.79055E-03
7.34041E+01 6.79449E-03
7.28812E+01 6.79861E-03
7.23437E+01 6.80279E-03
7.17929E+01 6.80712E-03
7.12299E+01 6.81149E-03
7.06561E+01 6.81600E-03
7.00727E+01 6.82052E-03
6.94812E+01 6.82515E-03
6.88830E+01 6.82980E-03
6.82795E+01 6.83447E-03
6.76723E+01 6.83923E-03
6.70630E+01 6.84397E-03
6.64532E+01 6.84868E-03
6.58446E+01 6.85343E-03
6.52389E+01 6.85806E-03
6.46379E+01 6.86274E-03
6.40434E+01 6.86735E-03
6.34573E+01 6.87188E-03
6.28813E+01 6.87632E-03
6.23173E+01 6.88058E-03
6.17674E+01 6.88481E-03
6.12333E+01 6.88893E-03
6.07170E+01 6.89285E-03
6.02203E+01 6.89662E-03
5.97452E+01 6.90022E-03
5.92934E+01 6.90366E-03
5.88668E+01 6.90689E-03
5.84671E+01 6.90992E-03
5.80959E+01 6.91273E-03
5.77549E+01 6.91529E-03
5.74455E+01 6.91761E-03
5.71690E+01 6.91969E-03
5.69267E+01 6.92150E-03
5.67198E+01 6.92303E-03
5.65491E+01 6.92431E-03
5.64155E+01 6.92531E-03
5.63197E+01 6.92603E-03
5.62620E+01 6.92645E-03
5.62427E+01 6.92659E-03
