Will plot unflagged data


File # 1  = raise.vis
raise.vis 15.1356 GHz
Read 121 visibilities from all files

Baseline 2-3, plot 121 points
5.62427E+01 -4.07494E+00
5.62620E+01 -4.14929E+00
5.63197E+01 -4.22049E+00
5.64155E+01 -4.28865E+00
5.65491E+01 -4.35381E+00
5.67198E+01 -4.41608E+00
5.69267E+01 -4.47587E+00
5.71690E+01 -4.53214E+00
5.74454E+01 -4.58494E+00
5.77549E+01 -4.63535E+00
5.80959E+01 -4.68237E+00
5.84671E+01 -4.72539E+00
5.88668E+01 -4.76553E+00
5.92934E+01 -4.80285E+00
5.97452E+01 -4.83638E+00
6.02203E+01 -4.86710E+00
6.07170E+01 -4.89449E+00
6.12333E+01 -4.91867E+00
6.17674E+01 -4.93863E+00
6.23173E+01 -4.95548E+00
6.28812E+01 -4.97027E+00
6.34572E+01 -4.98044E+00
6.40434E+01 -4.98708E+00
6.46379E+01 -4.99025E+00
6.52389E+01 -4.98996E+00
6.58446E+01 -4.98735E+00
6.64532E+01 -4.98016E+00
6.70629E+01 -4.97017E+00
6.76723E+01 -4.95645E+00
6.82794E+01 -4.93904E+00
6.88829E+01 -4.91900E+00
6.94812E+01 -4.89535E+00
7.00727E+01 -4.86807E+00
7.06561E+01 -4.83789E+00
7.12299E+01 -4.80382E+00
7.17928E+01 -4.76696E+00
7.23437E+01 -4.72630E+00
7.28811E+01 -4.68290E+00
7.34041E+01 -4.63575E+00
7.39114E+01 -4.58595E+00
7.44021E+01 -4.53340E+00
7.48750E+01 -4.47695E+00
7.53294E+01 -4.41771E+00
7.57641E+01 -4.35468E+00
7.61785E+01 -4.28997E+00
7.65717E+01 -4.22155E+00
7.69430E+01 -4.15049E+00
7.72917E+01 -4.07578E+00
7.76171E+01 -3.99953E+00
7.79187E+01 -3.91971E+00
7.81958E+01 -3.83741E+00
7.84480E+01 -3.75265E+00
7.86749E+01 -3.66548E+00
7.88760E+01 -3.57591E+00
7.90510E+01 -3.48398E+00
7.91997E+01 -3.38873E+00
7.93216E+01 -3.29126E+00
7.94167E+01 -3.19265E+00
7.94847E+01 -3.09091E+00
7.95256E+01 -2.98715E+00
7.95392E+01 -2.88142E+00
7.95255E+01 -2.77381E+00
7.94847E+01 -2.66438E+00
7.94167E+01 -2.55322E+00
7.93216E+01 -2.43936E+00
7.91997E+01 -2.32496E+00
7.90511E+01 -2.20906E+00
7.88760E+01 -2.09072E+00
7.86749E+01 -1.97103E+00
7.84480E+01 -1.85010E+00
7.81958E+01 -1.72807E+00
7.79187E+01 -1.60503E+00
7.76171E+01 -1.48108E+00
7.72917E+01 -1.35530E+00
7.69431E+01 -1.22984E+00
7.65718E+01 -1.10273E+00
7.61786E+01 -9.75121E-01
7.57642E+01 -8.46070E-01
7.53294E+01 -7.17744E-01
7.48751E+01 -5.88171E-01
7.44021E+01 -4.58464E-01
7.39115E+01 -3.27649E-01
7.34041E+01 -1.97015E-01
7.28812E+01 -6.67625E-02
7.23437E+01 6.40702E-02
7.17929E+01 1.94366E-01
7.12299E+01 3.25061E-01
7.06561E+01 4.55032E-01
7.00727E+01 5.85253E-01
6.94812E+01 7.14651E-01
6.88830E+01 8.43825E-01
6.82795E+01 9.72663E-01
6.76723E+01 1.10008E+00
6.70630E+01 1.22704E+00
6.64532E+01 1.35348E+00
6.58446E+01 1.47838E+00
6.52389E+01 1.60342E+00
6.46379E+01 1.72628E+00
6.40434E+01 1.84798E+00
6.34573E+01 1.96847E+00
6.28813E+01 2.08772E+00
6.23173E+01 2.20676E+00
6.17674E+01 2.32295E+00
6.12333E+01 2.43729E+00
6.07170E+01 2.55079E+00
6.02203E+01 2.66240E+00
5.97452E+01 2.77218E+00
5.92934E+01 2.87956E+00
5.88668E+01 2.98546E+00
5.84671E+01 3.08887E+00
5.80959E+01 3.18981E+00
5.77549E+01 3.28934E+00
5.74455E+01 3.38684E+00
5.71690E+01 3.48126E+00
5.69267E+01 3.57366E+00
5.67198E+01 3.66407E+00
5.65491E+01 3.75142E+00
5.64155E+01 3.83610E+00
5.63197E+01 3.91822E+00
5.62620E+01 3.99779E+00
5.62427E+01 4.07493E+00
