Will plot unflagged data


File # 1  = raise.vis
raise.vis 15.1356 GHz
Read 121 visibilities from all files

Baseline 2-3, plot 121 points
5.62427E+01 2.49986E-01
5.62620E+01 2.49893E-01
5.63197E+01 2.49618E-01
5.64155E+01 2.49167E-01
5.65491E+01 2.48554E-01
5.67198E+01 2.47791E-01
5.69267E+01 2.46903E-01
5.71690E+01 2.45902E-01
5.74454E+01 2.44817E-01
5.77549E+01 2.43664E-01
5.80959E+01 2.42457E-01
5.84671E+01 2.41218E-01
5.88668E+01 2.39958E-01
5.92934E+01 2.38687E-01
5.97452E+01 2.37416E-01
6.02203E+01 2.36148E-01
6.07170E+01 2.34893E-01
6.12333E+01 2.33647E-01
6.17674E+01 2.32420E-01
6.23173E+01 2.31213E-01
6.28812E+01 2.30031E-01
6.34572E+01 2.28867E-01
6.40434E+01 2.27731E-01
6.46379E+01 2.26623E-01
6.52389E+01 2.25537E-01
6.58446E+01 2.24485E-01
6.64532E+01 2.23469E-01
6.70629E+01 2.22479E-01
6.76723E+01 2.21520E-01
6.82794E+01 2.20593E-01
6.88829E+01 2.19703E-01
6.94812E+01 2.18842E-01
7.00727E+01 2.18009E-01
7.06561E+01 2.17213E-01
7.12299E+01 2.16445E-01
7.17928E+01 2.15712E-01
7.23437E+01 2.15009E-01
7.28811E+01 2.14335E-01
7.34041E+01 2.13691E-01
7.39114E+01 2.13080E-01
7.44021E+01 2.12501E-01
7.48750E+01 2.11948E-01
7.53294E+01 2.11429E-01
7.57641E+01 2.10938E-01
7.61785E+01 2.10475E-01
7.65717E+01 2.10048E-01
7.69430E+01 2.09643E-01
7.72917E+01 2.09272E-01
7.76171E+01 2.08929E-01
7.79187E+01 2.08613E-01
7.81958E+01 2.08327E-01
7.84480E+01 2.08064E-01
7.86749E+01 2.07835E-01
7.88760E+01 2.07633E-01
7.90510E+01 2.07455E-01
7.91997E+01 2.07306E-01
7.93216E+01 2.07185E-01
7.94167E+01 2.07091E-01
7.94847E+01 2.07023E-01
7.95256E+01 2.06981E-01
7.95392E+01 2.06970E-01
7.95255E+01 2.06981E-01
7.94847E+01 2.07023E-01
7.94167E+01 2.07091E-01
7.93216E+01 2.07185E-01
7.91997E+01 2.07306E-01
7.90511E+01 2.07455E-01
7.88760E+01 2.07633E-01
7.86749E+01 2.07835E-01
7.84480E+01 2.08064E-01
7.81958E+01 2.08327E-01
7.79187E+01 2.08613E-01
7.76171E+01 2.08929E-01
7.72917E+01 2.09272E-01
7.69431E+01 2.09643E-01
7.65718E+01 2.10048E-01
7.61786E+01 2.10475E-01
7.57642E+01 2.10938E-01
7.53294E+01 2.11429E-01
7.48751E+01 2.11948E-01
7.44021E+01 2.12501E-01
7.39115E+01 2.13080E-01
7.34041E+01 2.13691E-01
7.28812E+01 2.14335E-01
7.23437E+01 2.15009E-01
7.17929E+01 2.15712E-01
7.12299E+01 2.16445E-01
7.06561E+01 2.17213E-01
7.00727E+01 2.18009E-01
6.94812E+01 2.18842E-01
6.88830E+01 2.19703E-01
6.82795E+01 2.20593E-01
6.76723E+01 2.21520E-01
6.70630E+01 2.22479E-01
6.64532E+01 2.23469E-01
6.58446E+01 2.24485E-01
6.52389E+01 2.25537E-01
6.46379E+01 2.26623E-01
6.40434E+01 2.27731E-01
6.34573E+01 2.28867E-01
6.28813E+01 2.30031E-01
6.23173E+01 2.31213E-01
6.17674E+01 2.32420E-01
6.12333E+01 2.33647E-01
6.07170E+01 2.34893E-01
6.02203E+01 2.36148E-01
5.97452E+01 2.37416E-01
5.92934E+01 2.38687E-01
5.88668E+01 2.39958E-01
5.84671E+01 2.41218E-01
5.80959E+01 2.42457E-01
5.77549E+01 2.43664E-01
5.74455E+01 2.44817E-01
5.71690E+01 2.45902E-01
5.69267E+01 2.46903E-01
5.67198E+01 2.47791E-01
5.65491E+01 2.48554E-01
5.64155E+01 2.49167E-01
5.63197E+01 2.49618E-01
5.62620E+01 2.49893E-01
5.62427E+01 2.49986E-01
