Will plot unflagged data


File # 1  = raise.vis
raise.vis 15.1356 GHz
Read 121 visibilities from all files

Baseline 2-3, plot 121 points
5.62427E+01 -1.52220E+01
5.62620E+01 -1.54987E+01
5.63197E+01 -1.57648E+01
5.64155E+01 -1.60198E+01
5.65491E+01 -1.62642E+01
5.67198E+01 -1.64964E+01
5.69267E+01 -1.67185E+01
5.71690E+01 -1.69281E+01
5.74454E+01 -1.71270E+01
5.77549E+01 -1.73145E+01
5.80959E+01 -1.74892E+01
5.84671E+01 -1.76523E+01
5.88668E+01 -1.78034E+01
5.92934E+01 -1.79420E+01
5.97452E+01 -1.80687E+01
6.02203E+01 -1.81825E+01
6.07170E+01 -1.82844E+01
6.12333E+01 -1.83728E+01
6.17674E+01 -1.84491E+01
6.23173E+01 -1.85129E+01
6.28812E+01 -1.85647E+01
6.34572E+01 -1.86029E+01
6.40434E+01 -1.86286E+01
6.46379E+01 -1.86419E+01
6.52389E+01 -1.86411E+01
6.58446E+01 -1.86284E+01
6.64532E+01 -1.86039E+01
6.70629E+01 -1.85656E+01
6.76723E+01 -1.85143E+01
6.82794E+01 -1.84505E+01
6.88829E+01 -1.83749E+01
6.94812E+01 -1.82860E+01
7.00727E+01 -1.81839E+01
7.06561E+01 -1.80705E+01
7.12299E+01 -1.79438E+01
7.17928E+01 -1.78058E+01
7.23437E+01 -1.76554E+01
7.28811E+01 -1.74926E+01
7.34041E+01 -1.73174E+01
7.39114E+01 -1.71308E+01
7.44021E+01 -1.69331E+01
7.48750E+01 -1.67225E+01
7.53294E+01 -1.65015E+01
7.57641E+01 -1.62684E+01
7.61785E+01 -1.60239E+01
7.65717E+01 -1.57701E+01
7.69430E+01 -1.55035E+01
7.72917E+01 -1.52277E+01
7.76171E+01 -1.49410E+01
7.79187E+01 -1.46440E+01
7.81958E+01 -1.43370E+01
7.84480E+01 -1.40193E+01
7.86749E+01 -1.36932E+01
7.88760E+01 -1.33579E+01
7.90510E+01 -1.30121E+01
7.91997E+01 -1.26584E+01
7.93216E+01 -1.22958E+01
7.94167E+01 -1.19247E+01
7.94847E+01 -1.15454E+01
7.95256E+01 -1.11579E+01
7.95392E+01 -1.07637E+01
7.95255E+01 -1.03610E+01
7.94847E+01 -9.95205E+00
7.94167E+01 -9.53613E+00
7.93216E+01 -9.11356E+00
7.91997E+01 -8.68464E+00
7.90511E+01 -8.24965E+00
7.88760E+01 -7.80991E+00
7.86749E+01 -7.36355E+00
7.84480E+01 -6.91229E+00
7.81958E+01 -6.45754E+00
7.79187E+01 -5.99746E+00
7.76171E+01 -5.53332E+00
7.72917E+01 -5.06526E+00
7.69431E+01 -4.59333E+00
7.65718E+01 -4.11971E+00
7.61786E+01 -3.64124E+00
7.57642E+01 -3.16193E+00
7.53294E+01 -2.68024E+00
7.48751E+01 -2.19585E+00
7.44021E+01 -1.71105E+00
7.39115E+01 -1.22388E+00
7.34041E+01 -7.36407E-01
7.28812E+01 -2.48933E-01
7.23437E+01 2.39152E-01
7.17929E+01 7.27322E-01
7.12299E+01 1.21521E+00
7.06561E+01 1.70126E+00
7.00727E+01 2.18715E+00
6.94812E+01 2.67027E+00
6.88830E+01 3.15230E+00
6.82795E+01 3.63280E+00
6.76723E+01 4.11001E+00
6.70630E+01 4.58423E+00
6.64532E+01 5.05557E+00
6.58446E+01 5.52445E+00
6.52389E+01 5.98857E+00
6.46379E+01 6.44775E+00
6.40434E+01 6.90391E+00
6.34573E+01 7.35492E+00
6.28813E+01 7.80060E+00
6.23173E+01 8.24185E+00
6.17674E+01 8.67669E+00
6.12333E+01 9.10552E+00
6.07170E+01 9.52757E+00
6.02203E+01 9.94405E+00
5.97452E+01 1.03532E+01
5.92934E+01 1.07557E+01
5.88668E+01 1.11506E+01
5.84671E+01 1.15380E+01
5.80959E+01 1.19175E+01
5.77549E+01 1.22883E+01
5.74455E+01 1.26517E+01
5.71690E+01 1.30061E+01
5.69267E+01 1.33507E+01
5.67198E+01 1.36871E+01
5.65491E+01 1.40130E+01
5.64155E+01 1.43304E+01
5.63197E+01 1.46375E+01
5.62620E+01 1.49349E+01
5.62427E+01 1.52220E+01
