Will plot unflagged data


File # 1  = raise.vis
raise.vis 0.1514 GHz
Read 121 visibilities from all files

Baseline 1-3, plot 121 points
6.17032E-01 -4.47063E-02
6.17243E-01 -4.53204E-02
6.17876E-01 -4.59027E-02
6.18928E-01 -4.74777E-02
6.20393E-01 -4.79931E-02
6.22266E-01 -4.84733E-02
6.24536E-01 -4.89173E-02
6.27194E-01 -4.93242E-02
6.30227E-01 -5.07192E-02
6.33622E-01 -5.10490E-02
6.37363E-01 -5.13387E-02
6.41435E-01 -5.15875E-02
6.45820E-01 -5.28212E-02
6.50501E-01 -5.29857E-02
6.55457E-01 -5.31067E-02
6.60669E-01 -5.31834E-02
6.66118E-01 -5.42422E-02
6.71783E-01 -5.42283E-02
6.77642E-01 -5.41681E-02
6.83675E-01 -5.40608E-02
6.89862E-01 -5.49330E-02
6.96181E-01 -5.47298E-02
7.02612E-01 -5.44776E-02
7.09134E-01 -5.52036E-02
7.15727E-01 -5.48523E-02
7.22372E-01 -5.44507E-02
7.29049E-01 -5.50259E-02
7.35739E-01 -5.45224E-02
7.42424E-01 -5.39674E-02
7.49085E-01 -5.43883E-02
7.55706E-01 -5.37293E-02
7.62269E-01 -5.40459E-02
7.68759E-01 -5.32820E-02
7.75159E-01 -5.34934E-02
7.81454E-01 -5.26239E-02
7.87630E-01 -5.27295E-02
7.93673E-01 -5.17539E-02
7.99570E-01 -5.17533E-02
8.05307E-01 -5.06715E-02
8.10873E-01 -5.05649E-02
8.16256E-01 -4.93770E-02
8.21445E-01 -4.91646E-02
8.26429E-01 -4.88995E-02
8.31199E-01 -4.75534E-02
8.35745E-01 -4.71835E-02
8.40059E-01 -4.67616E-02
8.44132E-01 -4.52593E-02
8.47958E-01 -4.47342E-02
8.51528E-01 -4.41580E-02
8.54836E-01 -4.35311E-02
8.57876E-01 -4.18253E-02
8.60643E-01 -4.10983E-02
8.63133E-01 -4.03221E-02
8.65339E-01 -3.94972E-02
8.67259E-01 -3.86240E-02
8.68890E-01 -3.77033E-02
8.70227E-01 -3.67356E-02
8.71270E-01 -3.46929E-02
8.72017E-01 -3.36333E-02
8.72465E-01 -3.25288E-02
8.72614E-01 -3.13802E-02
8.72465E-01 -3.01883E-02
8.72017E-01 -2.89539E-02
8.71270E-01 -2.76778E-02
8.70227E-01 -2.73896E-02
8.68890E-01 -2.60328E-02
8.67259E-01 -2.46371E-02
8.65339E-01 -2.32033E-02
8.63133E-01 -2.17325E-02
8.60644E-01 -2.02258E-02
8.57876E-01 -1.86840E-02
8.54836E-01 -1.81370E-02
8.51528E-01 -1.65285E-02
8.47958E-01 -1.48882E-02
8.44133E-01 -1.32173E-02
8.40059E-01 -1.25454E-02
8.35745E-01 -1.08168E-02
8.31199E-01 -9.06099E-03
8.26429E-01 -8.30776E-03
8.21445E-01 -6.50135E-03
8.16256E-01 -4.67149E-03
8.10873E-01 -3.84778E-03
8.05307E-01 -1.97477E-03
7.99570E-01 -1.11039E-03
7.93674E-01 8.00611E-04
7.87631E-01 1.70049E-03
7.81454E-01 3.64427E-03
7.75159E-01 4.57436E-03
7.68759E-01 6.54560E-03
7.62270E-01 7.50054E-03
7.55706E-01 9.49381E-03
7.49086E-01 1.04681E-02
7.42424E-01 1.24780E-02
7.35740E-01 1.34662E-02
7.29050E-01 1.44595E-02
7.22373E-01 1.64838E-02
7.15728E-01 1.74827E-02
7.09135E-01 1.84823E-02
7.02612E-01 2.05087E-02
6.96182E-01 2.15056E-02
6.89863E-01 2.24992E-02
6.83676E-01 2.45151E-02
6.77642E-01 2.54977E-02
6.71783E-01 2.64727E-02
6.66118E-01 2.74389E-02
6.60670E-01 2.94216E-02
6.55457E-01 3.03657E-02
6.50501E-01 3.12968E-02
6.45821E-01 3.22137E-02
6.41435E-01 3.41415E-02
6.37363E-01 3.50257E-02
6.33622E-01 3.58916E-02
6.30227E-01 3.67379E-02
6.27194E-01 3.85896E-02
6.24536E-01 3.93929E-02
6.22266E-01 4.01728E-02
6.20393E-01 4.09281E-02
6.18928E-01 4.16576E-02
6.17876E-01 4.33858E-02
6.17243E-01 4.40599E-02
6.17032E-01 4.47047E-02
