Will plot unflagged data


File # 1  = raise.vis
raise.vis 0.4786 GHz
Read 121 visibilities from all files

Baseline 1-3, plot 121 points
1.95122E+00 4.02492E-01
1.95189E+00 4.02492E-01
1.95390E+00 4.02491E-01
1.95722E+00 4.02491E-01
1.96186E+00 4.02490E-01
1.96778E+00 4.02489E-01
1.97496E+00 4.02487E-01
1.98336E+00 4.02486E-01
1.99295E+00 4.02485E-01
2.00369E+00 4.02483E-01
2.01552E+00 4.02481E-01
2.02840E+00 4.02478E-01
2.04226E+00 4.02476E-01
2.05706E+00 4.02473E-01
2.07274E+00 4.02470E-01
2.08922E+00 4.02467E-01
2.10645E+00 4.02464E-01
2.12436E+00 4.02461E-01
2.14289E+00 4.02458E-01
2.16197E+00 4.02455E-01
2.18154E+00 4.02451E-01
2.20152E+00 4.02447E-01
2.22185E+00 4.02444E-01
2.24248E+00 4.02439E-01
2.26333E+00 4.02436E-01
2.28434E+00 4.02431E-01
2.30546E+00 4.02427E-01
2.32661E+00 4.02423E-01
2.34775E+00 4.02418E-01
2.36882E+00 4.02414E-01
2.38975E+00 4.02410E-01
2.41051E+00 4.02406E-01
2.43103E+00 4.02401E-01
2.45127E+00 4.02397E-01
2.47117E+00 4.02394E-01
2.49071E+00 4.02389E-01
2.50982E+00 4.02384E-01
2.52846E+00 4.02381E-01
2.54660E+00 4.02378E-01
2.56421E+00 4.02373E-01
2.58123E+00 4.02369E-01
2.59764E+00 4.02366E-01
2.61340E+00 4.02362E-01
2.62848E+00 4.02359E-01
2.64286E+00 4.02355E-01
2.65650E+00 4.02353E-01
2.66938E+00 4.02350E-01
2.68148E+00 4.02348E-01
2.69277E+00 4.02344E-01
2.70323E+00 4.02342E-01
2.71284E+00 4.02340E-01
2.72159E+00 4.02338E-01
2.72946E+00 4.02336E-01
2.73644E+00 4.02334E-01
2.74251E+00 4.02332E-01
2.74767E+00 4.02332E-01
2.75190E+00 4.02330E-01
2.75520E+00 4.02330E-01
2.75756E+00 4.02328E-01
2.75898E+00 4.02328E-01
2.75945E+00 4.02328E-01
2.75898E+00 4.02328E-01
2.75756E+00 4.02328E-01
2.75520E+00 4.02330E-01
2.75190E+00 4.02330E-01
2.74767E+00 4.02332E-01
2.74251E+00 4.02332E-01
2.73644E+00 4.02334E-01
2.72947E+00 4.02336E-01
2.72159E+00 4.02338E-01
2.71284E+00 4.02340E-01
2.70323E+00 4.02342E-01
2.69277E+00 4.02344E-01
2.68148E+00 4.02348E-01
2.66938E+00 4.02350E-01
2.65650E+00 4.02353E-01
2.64286E+00 4.02355E-01
2.62848E+00 4.02359E-01
2.61340E+00 4.02362E-01
2.59764E+00 4.02366E-01
2.58123E+00 4.02369E-01
2.56421E+00 4.02373E-01
2.54661E+00 4.02378E-01
2.52846E+00 4.02381E-01
2.50982E+00 4.02384E-01
2.49071E+00 4.02389E-01
2.47118E+00 4.02394E-01
2.45127E+00 4.02397E-01
2.43103E+00 4.02401E-01
2.41051E+00 4.02406E-01
2.38975E+00 4.02410E-01
2.36882E+00 4.02414E-01
2.34775E+00 4.02418E-01
2.32661E+00 4.02423E-01
2.30546E+00 4.02427E-01
2.28434E+00 4.02431E-01
2.26333E+00 4.02436E-01
2.24248E+00 4.02439E-01
2.22186E+00 4.02443E-01
2.20152E+00 4.02447E-01
2.18154E+00 4.02451E-01
2.16197E+00 4.02455E-01
2.14289E+00 4.02458E-01
2.12436E+00 4.02461E-01
2.10645E+00 4.02464E-01
2.08922E+00 4.02467E-01
2.07274E+00 4.02470E-01
2.05706E+00 4.02473E-01
2.04226E+00 4.02476E-01
2.02840E+00 4.02478E-01
2.01552E+00 4.02481E-01
2.00369E+00 4.02483E-01
1.99295E+00 4.02485E-01
1.98336E+00 4.02486E-01
1.97496E+00 4.02487E-01
1.96778E+00 4.02489E-01
1.96186E+00 4.02490E-01
1.95722E+00 4.02491E-01
1.95390E+00 4.02491E-01
1.95189E+00 4.02492E-01
1.95122E+00 4.02492E-01
