Will plot unflagged data


File # 1  = raise.vis
raise.vis 0.4786 GHz
Read 121 visibilities from all files

Baseline 1-3, plot 121 points
1.95122E+00 -2.38882E-01
1.95189E+00 -2.43540E-01
1.95390E+00 -2.47001E-01
1.95722E+00 -2.51310E-01
1.96186E+00 -2.55435E-01
1.96778E+00 -2.59373E-01
1.97496E+00 -2.62087E-01
1.98336E+00 -2.65630E-01
1.99295E+00 -2.68969E-01
2.00369E+00 -2.72098E-01
2.01552E+00 -2.75013E-01
2.02840E+00 -2.76679E-01
2.04226E+00 -2.79150E-01
2.05706E+00 -2.81393E-01
2.07274E+00 -2.83404E-01
2.08922E+00 -2.85178E-01
2.10645E+00 -2.86711E-01
2.12436E+00 -2.88000E-01
2.14289E+00 -2.90072E-01
2.16197E+00 -2.90861E-01
2.18154E+00 -2.91395E-01
2.20152E+00 -2.91671E-01
2.22185E+00 -2.92718E-01
2.24248E+00 -2.92469E-01
2.26333E+00 -2.92986E-01
2.28434E+00 -2.92202E-01
2.30546E+00 -2.92179E-01
2.32661E+00 -2.91883E-01
2.34775E+00 -2.90279E-01
2.36882E+00 -2.89431E-01
2.38975E+00 -2.88304E-01
2.41051E+00 -2.86898E-01
2.43103E+00 -2.85212E-01
2.45127E+00 -2.83243E-01
2.47117E+00 -2.82025E-01
2.49071E+00 -2.79491E-01
2.50982E+00 -2.76673E-01
2.52846E+00 -2.74605E-01
2.54660E+00 -2.72253E-01
2.56421E+00 -2.68585E-01
2.58123E+00 -2.65667E-01
2.59764E+00 -2.62466E-01
2.61340E+00 -2.58984E-01
2.62848E+00 -2.55221E-01
2.64286E+00 -2.51178E-01
2.65650E+00 -2.47891E-01
2.66938E+00 -2.43294E-01
2.68148E+00 -2.39455E-01
2.69277E+00 -2.34310E-01
2.70323E+00 -2.29927E-01
2.71284E+00 -2.25276E-01
2.72159E+00 -2.20359E-01
2.72946E+00 -2.15178E-01
2.73644E+00 -2.09737E-01
2.74251E+00 -2.04038E-01
2.74767E+00 -1.99118E-01
2.75190E+00 -1.92914E-01
2.75520E+00 -1.87496E-01
2.75756E+00 -1.80801E-01
2.75898E+00 -1.74900E-01
2.75945E+00 -1.68762E-01
2.75898E+00 -1.62393E-01
2.75756E+00 -1.55797E-01
2.75520E+00 -1.50012E-01
2.75190E+00 -1.42975E-01
2.74767E+00 -1.36758E-01
2.74251E+00 -1.29300E-01
2.73644E+00 -1.22672E-01
2.72947E+00 -1.15846E-01
2.72159E+00 -1.08827E-01
2.71284E+00 -1.01622E-01
2.70323E+00 -9.42356E-02
2.69277E+00 -8.66734E-02
2.68148E+00 -7.99747E-02
2.66938E+00 -7.20793E-02
2.65650E+00 -6.50595E-02
2.64286E+00 -5.68554E-02
2.62848E+00 -4.95393E-02
2.61340E+00 -4.20847E-02
2.59764E+00 -3.44981E-02
2.58123E+00 -2.67862E-02
2.56421E+00 -1.89554E-02
2.54661E+00 -1.20458E-02
2.52846E+00 -3.99813E-03
2.50982E+00 4.14758E-03
2.49071E+00 1.13517E-02
2.47118E+00 1.86399E-02
2.45127E+00 2.70378E-02
2.43103E+00 3.44728E-02
2.41051E+00 4.19705E-02
2.38975E+00 4.95236E-02
2.36882E+00 5.71247E-02
2.34775E+00 6.47666E-02
2.32661E+00 7.14097E-02
2.30546E+00 7.91112E-02
2.28434E+00 8.68314E-02
2.26333E+00 9.35307E-02
2.24248E+00 1.01266E-01
2.22186E+00 1.07966E-01
2.20152E+00 1.15687E-01
2.18154E+00 1.22358E-01
2.16197E+00 1.29004E-01
2.14289E+00 1.35617E-01
2.12436E+00 1.43220E-01
2.10645E+00 1.49746E-01
2.08922E+00 1.56216E-01
2.07274E+00 1.62625E-01
2.05706E+00 1.68964E-01
2.04226E+00 1.75228E-01
2.02840E+00 1.81408E-01
2.01552E+00 1.86469E-01
2.00369E+00 1.92462E-01
1.99295E+00 1.98352E-01
1.98336E+00 2.04130E-01
1.97496E+00 2.09792E-01
1.96778E+00 2.14301E-01
1.96186E+00 2.19709E-01
1.95722E+00 2.24979E-01
1.95390E+00 2.30106E-01
1.95189E+00 2.34057E-01
1.95122E+00 2.38880E-01
