Will plot unflagged data


File # 1  = raise.vis
raise.vis 1.5136 GHz
Read 121 visibilities from all files

Baseline 1-3, plot 121 points
6.17031E+00 8.18807E-02
6.17243E+00 8.18806E-02
6.17876E+00 8.18802E-02
6.18928E+00 8.18795E-02
6.20393E+00 8.18786E-02
6.22265E+00 8.18774E-02
6.24536E+00 8.18761E-02
6.27193E+00 8.18744E-02
6.30227E+00 8.18725E-02
6.33622E+00 8.18703E-02
6.37363E+00 8.18679E-02
6.41435E+00 8.18652E-02
6.45820E+00 8.18624E-02
6.50501E+00 8.18594E-02
6.55457E+00 8.18562E-02
6.60669E+00 8.18527E-02
6.66118E+00 8.18491E-02
6.71783E+00 8.18451E-02
6.77642E+00 8.18413E-02
6.83675E+00 8.18370E-02
6.89862E+00 8.18327E-02
6.96181E+00 8.18283E-02
7.02612E+00 8.18238E-02
7.09134E+00 8.18194E-02
7.15727E+00 8.18145E-02
7.22372E+00 8.18098E-02
7.29049E+00 8.18050E-02
7.35739E+00 8.18001E-02
7.42424E+00 8.17954E-02
7.49085E+00 8.17906E-02
7.55706E+00 8.17856E-02
7.62269E+00 8.17806E-02
7.68759E+00 8.17754E-02
7.75159E+00 8.17707E-02
7.81454E+00 8.17658E-02
7.87630E+00 8.17614E-02
7.93673E+00 8.17563E-02
7.99570E+00 8.17517E-02
8.05307E+00 8.17477E-02
8.10873E+00 8.17429E-02
8.16256E+00 8.17387E-02
8.21445E+00 8.17344E-02
8.26429E+00 8.17307E-02
8.31199E+00 8.17263E-02
8.35745E+00 8.17232E-02
8.40059E+00 8.17193E-02
8.44132E+00 8.17161E-02
8.47958E+00 8.17128E-02
8.51528E+00 8.17102E-02
8.54836E+00 8.17068E-02
8.57876E+00 8.17048E-02
8.60643E+00 8.17021E-02
8.63132E+00 8.17001E-02
8.65339E+00 8.16980E-02
8.67259E+00 8.16967E-02
8.68890E+00 8.16953E-02
8.70227E+00 8.16939E-02
8.71270E+00 8.16932E-02
8.72017E+00 8.16925E-02
8.72465E+00 8.16925E-02
8.72614E+00 8.16918E-02
8.72465E+00 8.16925E-02
8.72017E+00 8.16925E-02
8.71270E+00 8.16932E-02
8.70227E+00 8.16939E-02
8.68890E+00 8.16953E-02
8.67259E+00 8.16967E-02
8.65339E+00 8.16980E-02
8.63133E+00 8.17001E-02
8.60644E+00 8.17021E-02
8.57876E+00 8.17048E-02
8.54836E+00 8.17068E-02
8.51528E+00 8.17102E-02
8.47958E+00 8.17128E-02
8.44133E+00 8.17161E-02
8.40059E+00 8.17193E-02
8.35745E+00 8.17232E-02
8.31199E+00 8.17263E-02
8.26429E+00 8.17307E-02
8.21445E+00 8.17344E-02
8.16256E+00 8.17387E-02
8.10873E+00 8.17429E-02
8.05307E+00 8.17476E-02
7.99570E+00 8.17517E-02
7.93674E+00 8.17563E-02
7.87631E+00 8.17614E-02
7.81454E+00 8.17658E-02
7.75159E+00 8.17707E-02
7.68759E+00 8.17754E-02
7.62270E+00 8.17806E-02
7.55706E+00 8.17856E-02
7.49086E+00 8.17906E-02
7.42424E+00 8.17954E-02
7.35740E+00 8.18001E-02
7.29050E+00 8.18050E-02
7.22373E+00 8.18098E-02
7.15728E+00 8.18145E-02
7.09135E+00 8.18194E-02
7.02612E+00 8.18238E-02
6.96182E+00 8.18283E-02
6.89862E+00 8.18327E-02
6.83676E+00 8.18369E-02
6.77642E+00 8.18413E-02
6.71783E+00 8.18451E-02
6.66118E+00 8.18491E-02
6.60670E+00 8.18527E-02
6.55457E+00 8.18562E-02
6.50501E+00 8.18594E-02
6.45821E+00 8.18625E-02
6.41435E+00 8.18652E-02
6.37363E+00 8.18680E-02
6.33622E+00 8.18703E-02
6.30227E+00 8.18725E-02
6.27194E+00 8.18744E-02
6.24536E+00 8.18761E-02
6.22266E+00 8.18774E-02
6.20393E+00 8.18786E-02
6.18928E+00 8.18795E-02
6.17876E+00 8.18802E-02
6.17243E+00 8.18806E-02
6.17031E+00 8.18807E-02
