Will plot unflagged data


File # 1  = raise.vis
raise.vis 1.5136 GHz
Read 121 visibilities from all files

Baseline 1-3, plot 121 points
6.17031E+00 -7.77924E-01
6.17243E+00 -7.92088E-01
6.17876E+00 -8.05678E-01
6.18928E+00 -8.18678E-01
6.20393E+00 -8.31073E-01
6.22265E+00 -8.42849E-01
6.24536E+00 -8.55020E-01
6.27193E+00 -8.65508E-01
6.30227E+00 -8.75330E-01
6.33622E+00 -8.84470E-01
6.37363E+00 -8.93946E-01
6.41435E+00 -9.01676E-01
6.45820E+00 -9.09714E-01
6.50501E+00 -9.17012E-01
6.55457E+00 -9.23555E-01
6.60669E+00 -9.29332E-01
6.66118E+00 -9.34329E-01
6.71783E+00 -9.38535E-01
6.77642E+00 -9.42970E-01
6.83675E+00 -9.45559E-01
6.89862E+00 -9.48358E-01
6.96181E+00 -9.50323E-01
7.02612E+00 -9.51448E-01
7.09134E+00 -9.52753E-01
7.15727E+00 -9.52172E-01
7.22372E+00 -9.51758E-01
7.29049E+00 -9.50473E-01
7.35739E+00 -9.48311E-01
7.42424E+00 -9.46270E-01
7.49085E+00 -9.43317E-01
7.55706E+00 -9.39449E-01
7.62269E+00 -9.34663E-01
7.68759E+00 -9.28956E-01
7.75159E+00 -9.23357E-01
7.81454E+00 -9.16835E-01
7.87630E+00 -9.10420E-01
7.93673E+00 -9.02048E-01
7.99570E+00 -8.93782E-01
8.05307E+00 -8.85623E-01
8.10873E+00 -8.75509E-01
8.16256E+00 -8.65504E-01
8.21445E+00 -8.54579E-01
8.26429E+00 -8.43769E-01
8.31199E+00 -8.31013E-01
8.35745E+00 -8.19411E-01
8.40059E+00 -8.05871E-01
8.44132E+00 -7.92463E-01
8.47958E+00 -7.78160E-01
8.51528E+00 -7.64002E-01
8.54836E+00 -7.47928E-01
8.57876E+00 -7.33046E-01
8.60643E+00 -7.16265E-01
8.63132E+00 -6.99659E-01
8.65339E+00 -6.82205E-01
8.67259E+00 -6.64945E-01
8.68890E+00 -6.46857E-01
8.70227E+00 -6.27952E-01
8.71270E+00 -6.09275E-01
8.72017E+00 -5.89804E-01
8.72465E+00 -5.70585E-01
8.72614E+00 -5.49566E-01
8.72465E+00 -5.29858E-01
8.72017E+00 -5.08378E-01
8.71270E+00 -4.87205E-01
8.70227E+00 -4.65323E-01
8.68890E+00 -4.43779E-01
8.67259E+00 -4.21558E-01
8.65339E+00 -3.98675E-01
8.63133E+00 -3.76181E-01
8.60644E+00 -3.53060E-01
8.57876E+00 -3.30364E-01
8.54836E+00 -3.06045E-01
8.51528E+00 -2.83219E-01
8.47958E+00 -2.58809E-01
8.44133E+00 -2.34899E-01
8.40059E+00 -2.10476E-01
8.35745E+00 -1.86593E-01
8.31199E+00 -1.61205E-01
8.26429E+00 -1.37431E-01
8.21445E+00 -1.12195E-01
8.16256E+00 -8.75820E-02
8.10873E+00 -6.25823E-02
8.05307E+00 -3.82501E-02
7.99570E+00 -1.25421E-02
7.93674E+00 1.24544E-02
7.87631E+00 3.67178E-02
7.81454E+00 6.22890E-02
7.75159E+00 8.70824E-02
7.68759E+00 1.12107E-01
7.62270E+00 1.36309E-01
7.55706E+00 1.60699E-01
7.49086E+00 1.85252E-01
7.42424E+00 2.09948E-01
7.35740E+00 2.34762E-01
7.29050E+00 2.58644E-01
7.22373E+00 2.82576E-01
7.15728E+00 3.06532E-01
7.09135E+00 3.29459E-01
7.02612E+00 3.53392E-01
6.96182E+00 3.76251E-01
6.89862E+00 3.99042E-01
6.83676E+00 4.21743E-01
6.77642E+00 4.43297E-01
6.71783E+00 4.65747E-01
6.66118E+00 4.87005E-01
6.60670E+00 5.08080E-01
6.55457E+00 5.28950E-01
6.50501E+00 5.49591E-01
6.45821E+00 5.69981E-01
6.41435E+00 5.90097E-01
6.37363E+00 6.08884E-01
6.33622E+00 6.28386E-01
6.30227E+00 6.46515E-01
6.27194E+00 6.64283E-01
6.24536E+00 6.81669E-01
6.22266E+00 6.99685E-01
6.20393E+00 7.16247E-01
6.18928E+00 7.32370E-01
6.17876E+00 7.48034E-01
6.17243E+00 7.63223E-01
6.17031E+00 7.77920E-01
