Will plot unflagged data


File # 1  = raise.vis
raise.vis 0.4786 GHz
Read 121 visibilities from all files

Baseline 1-5, plot 121 points
3.14268E+00 -3.84747E-01
3.14376E+00 -3.91677E-01
3.14698E+00 -3.98328E-01
3.15234E+00 -4.04691E-01
3.15980E+00 -4.10756E-01
3.16934E+00 -4.17546E-01
3.18090E+00 -4.22992E-01
3.19444E+00 -4.28117E-01
3.20989E+00 -4.32911E-01
3.22718E+00 -4.37367E-01
3.24623E+00 -4.42507E-01
3.26697E+00 -4.46264E-01
3.28931E+00 -4.49659E-01
3.31315E+00 -4.53720E-01
3.33839E+00 -4.56373E-01
3.36494E+00 -4.59678E-01
3.39269E+00 -4.62596E-01
3.42154E+00 -4.64088E-01
3.45138E+00 -4.66213E-01
3.48211E+00 -4.67933E-01
3.51362E+00 -4.69243E-01
3.54581E+00 -4.70138E-01
3.57856E+00 -4.70613E-01
3.61178E+00 -4.71696E-01
3.64536E+00 -4.71318E-01
3.67921E+00 -4.70507E-01
3.71321E+00 -4.70293E-01
3.74729E+00 -4.69639E-01
3.78133E+00 -4.67510E-01
3.81526E+00 -4.65968E-01
3.84898E+00 -4.63978E-01
3.88241E+00 -4.62571E-01
3.91546E+00 -4.59680E-01
3.94806E+00 -4.56335E-01
3.98012E+00 -4.53568E-01
4.01158E+00 -4.50345E-01
4.04236E+00 -4.46666E-01
4.07239E+00 -4.42531E-01
4.10161E+00 -4.37940E-01
4.12996E+00 -4.32892E-01
4.15738E+00 -4.27389E-01
4.18380E+00 -4.22463E-01
4.20919E+00 -4.17085E-01
4.23348E+00 -4.11254E-01
4.25664E+00 -4.04974E-01
4.27861E+00 -3.98246E-01
4.29936E+00 -3.92105E-01
4.31884E+00 -3.84489E-01
4.33702E+00 -3.77466E-01
4.35387E+00 -3.70007E-01
4.36936E+00 -3.62116E-01
4.38345E+00 -3.53796E-01
4.39613E+00 -3.46084E-01
4.40737E+00 -3.37952E-01
4.41715E+00 -3.28375E-01
4.42545E+00 -3.19419E-01
4.43226E+00 -3.11090E-01
4.43758E+00 -3.01332E-01
4.44138E+00 -2.91182E-01
4.44366E+00 -2.81676E-01
4.44442E+00 -2.71791E-01
4.44366E+00 -2.61533E-01
4.44138E+00 -2.50910E-01
4.43758E+00 -2.40959E-01
4.43227E+00 -2.30657E-01
4.42545E+00 -2.18980E-01
4.41715E+00 -2.08000E-01
4.40737E+00 -1.97724E-01
4.39613E+00 -1.86098E-01
4.38345E+00 -1.74162E-01
4.36936E+00 -1.62957E-01
4.35387E+00 -1.51460E-01
4.33702E+00 -1.39680E-01
4.31884E+00 -1.27628E-01
4.29936E+00 -1.16344E-01
4.27861E+00 -1.03774E-01
4.25664E+00 -9.19937E-02
4.23348E+00 -7.99798E-02
4.20919E+00 -6.77430E-02
4.18380E+00 -5.52939E-02
4.15738E+00 -4.26431E-02
4.12996E+00 -3.08338E-02
4.10161E+00 -1.88446E-02
4.07239E+00 -6.68660E-03
4.04236E+00 5.62911E-03
4.01158E+00 1.80914E-02
3.98012E+00 3.06889E-02
3.94806E+00 4.34100E-02
3.91546E+00 5.52104E-02
3.88241E+00 6.71114E-02
3.84898E+00 8.01341E-02
3.81526E+00 9.22011E-02
3.78133E+00 1.04333E-01
3.74729E+00 1.15486E-01
3.71321E+00 1.27714E-01
3.67921E+00 1.39971E-01
3.64536E+00 1.51213E-01
3.61178E+00 1.62461E-01
3.57856E+00 1.74737E-01
3.54581E+00 1.85961E-01
3.51363E+00 1.97156E-01
3.48212E+00 2.08309E-01
3.45139E+00 2.19409E-01
3.42154E+00 2.30444E-01
3.39269E+00 2.40370E-01
3.36494E+00 2.51239E-01
3.33839E+00 2.62009E-01
3.31315E+00 2.71635E-01
3.28931E+00 2.82170E-01
3.26698E+00 2.91540E-01
3.24624E+00 3.00764E-01
3.22718E+00 3.10864E-01
3.20989E+00 3.19765E-01
3.19444E+00 3.28489E-01
3.18090E+00 3.37025E-01
3.16934E+00 3.45363E-01
3.15980E+00 3.54520E-01
3.15234E+00 3.62429E-01
3.14698E+00 3.70109E-01
3.14376E+00 3.77551E-01
3.14268E+00 3.84744E-01
