Will plot unflagged data


File # 1  = raise.vis
raise.vis 0.4786 GHz
Read 121 visibilities from all files

Baseline 1-5, plot 121 points
3.14268E+00 4.02489E-01
3.14376E+00 4.02489E-01
3.14698E+00 4.02488E-01
3.15234E+00 4.02486E-01
3.15980E+00 4.02484E-01
3.16934E+00 4.02482E-01
3.18090E+00 4.02479E-01
3.19444E+00 4.02475E-01
3.20989E+00 4.02471E-01
3.22718E+00 4.02466E-01
3.24623E+00 4.02461E-01
3.26697E+00 4.02455E-01
3.28931E+00 4.02448E-01
3.31315E+00 4.02442E-01
3.33839E+00 4.02434E-01
3.36494E+00 4.02427E-01
3.39269E+00 4.02420E-01
3.42154E+00 4.02410E-01
3.45138E+00 4.02402E-01
3.48211E+00 4.02393E-01
3.51362E+00 4.02383E-01
3.54581E+00 4.02374E-01
3.57856E+00 4.02363E-01
3.61178E+00 4.02354E-01
3.64536E+00 4.02343E-01
3.67921E+00 4.02332E-01
3.71321E+00 4.02322E-01
3.74729E+00 4.02312E-01
3.78133E+00 4.02299E-01
3.81526E+00 4.02288E-01
3.84898E+00 4.02277E-01
3.88241E+00 4.02268E-01
3.91546E+00 4.02256E-01
3.94806E+00 4.02244E-01
3.98012E+00 4.02234E-01
4.01158E+00 4.02224E-01
4.04236E+00 4.02214E-01
4.07239E+00 4.02203E-01
4.10161E+00 4.02193E-01
4.12996E+00 4.02182E-01
4.15738E+00 4.02171E-01
4.18380E+00 4.02163E-01
4.20919E+00 4.02154E-01
4.23348E+00 4.02146E-01
4.25664E+00 4.02137E-01
4.27861E+00 4.02128E-01
4.29936E+00 4.02122E-01
4.31884E+00 4.02113E-01
4.33702E+00 4.02107E-01
4.35387E+00 4.02101E-01
4.36936E+00 4.02095E-01
4.38345E+00 4.02089E-01
4.39613E+00 4.02086E-01
4.40737E+00 4.02083E-01
4.41715E+00 4.02076E-01
4.42545E+00 4.02073E-01
4.43226E+00 4.02073E-01
4.43758E+00 4.02070E-01
4.44138E+00 4.02067E-01
4.44366E+00 4.02067E-01
4.44442E+00 4.02067E-01
4.44366E+00 4.02067E-01
4.44138E+00 4.02067E-01
4.43758E+00 4.02070E-01
4.43227E+00 4.02073E-01
4.42545E+00 4.02073E-01
4.41715E+00 4.02077E-01
4.40737E+00 4.02083E-01
4.39613E+00 4.02086E-01
4.38345E+00 4.02089E-01
4.36936E+00 4.02095E-01
4.35387E+00 4.02101E-01
4.33702E+00 4.02107E-01
4.31884E+00 4.02113E-01
4.29936E+00 4.02122E-01
4.27861E+00 4.02128E-01
4.25664E+00 4.02137E-01
4.23348E+00 4.02146E-01
4.20919E+00 4.02154E-01
4.18380E+00 4.02163E-01
4.15738E+00 4.02171E-01
4.12996E+00 4.02182E-01
4.10161E+00 4.02193E-01
4.07239E+00 4.02203E-01
4.04236E+00 4.02214E-01
4.01158E+00 4.02224E-01
3.98012E+00 4.02234E-01
3.94806E+00 4.02244E-01
3.91546E+00 4.02256E-01
3.88241E+00 4.02268E-01
3.84898E+00 4.02277E-01
3.81526E+00 4.02288E-01
3.78133E+00 4.02299E-01
3.74729E+00 4.02312E-01
3.71321E+00 4.02322E-01
3.67921E+00 4.02332E-01
3.64536E+00 4.02343E-01
3.61178E+00 4.02354E-01
3.57856E+00 4.02363E-01
3.54581E+00 4.02374E-01
3.51363E+00 4.02383E-01
3.48212E+00 4.02393E-01
3.45139E+00 4.02402E-01
3.42154E+00 4.02410E-01
3.39269E+00 4.02420E-01
3.36494E+00 4.02427E-01
3.33839E+00 4.02434E-01
3.31315E+00 4.02442E-01
3.28931E+00 4.02448E-01
3.26698E+00 4.02455E-01
3.24624E+00 4.02461E-01
3.22718E+00 4.02466E-01
3.20989E+00 4.02471E-01
3.19444E+00 4.02475E-01
3.18090E+00 4.02479E-01
3.16934E+00 4.02482E-01
3.15980E+00 4.02484E-01
3.15234E+00 4.02486E-01
3.14698E+00 4.02488E-01
3.14376E+00 4.02489E-01
3.14268E+00 4.02489E-01
