Will plot unflagged data


File # 1  = raise.vis
raise.vis 15.1356 GHz
Read 121 visibilities from all files

Baseline 2-4, plot 121 points
7.09859E+01 6.49499E-02
7.10102E+01 6.49290E-02
7.10831E+01 6.48672E-02
7.12041E+01 6.47655E-02
7.13727E+01 6.46268E-02
7.15881E+01 6.44533E-02
7.18492E+01 6.42496E-02
7.21550E+01 6.40206E-02
7.25039E+01 6.37696E-02
7.28945E+01 6.35004E-02
7.33250E+01 6.32179E-02
7.37934E+01 6.29262E-02
7.42979E+01 6.26282E-02
7.48364E+01 6.23263E-02
7.54065E+01 6.20223E-02
7.60062E+01 6.17197E-02
7.66331E+01 6.14196E-02
7.72847E+01 6.11223E-02
7.79588E+01 6.08271E-02
7.86529E+01 6.05376E-02
7.93647E+01 6.02522E-02
8.00916E+01 5.99719E-02
8.08315E+01 5.96975E-02
8.15818E+01 5.94278E-02
8.23403E+01 5.91634E-02
8.31048E+01 5.89066E-02
8.38729E+01 5.86558E-02
8.46425E+01 5.84109E-02
8.54116E+01 5.81739E-02
8.61779E+01 5.79441E-02
8.69396E+01 5.77222E-02
8.76947E+01 5.75068E-02
8.84413E+01 5.72998E-02
8.91775E+01 5.71007E-02
8.99018E+01 5.69096E-02
9.06123E+01 5.67262E-02
9.13075E+01 5.65494E-02
9.19859E+01 5.63819E-02
9.26459E+01 5.62210E-02
9.32863E+01 5.60676E-02
9.39055E+01 5.59219E-02
9.45025E+01 5.57841E-02
9.50759E+01 5.56528E-02
9.56246E+01 5.55291E-02
9.61477E+01 5.54132E-02
9.66439E+01 5.53044E-02
9.71126E+01 5.52019E-02
9.75526E+01 5.51068E-02
9.79633E+01 5.50192E-02
9.83439E+01 5.49383E-02
9.86937E+01 5.48653E-02
9.90121E+01 5.47984E-02
9.92984E+01 5.47388E-02
9.95523E+01 5.46863E-02
9.97732E+01 5.46410E-02
9.99607E+01 5.46026E-02
1.00115E+02 5.45711E-02
1.00235E+02 5.45474E-02
1.00320E+02 5.45297E-02
1.00372E+02 5.45189E-02
1.00389E+02 5.45159E-02
1.00372E+02 5.45189E-02
1.00320E+02 5.45297E-02
1.00235E+02 5.45474E-02
1.00115E+02 5.45711E-02
9.99608E+01 5.46026E-02
9.97732E+01 5.46410E-02
9.95523E+01 5.46863E-02
9.92984E+01 5.47388E-02
9.90121E+01 5.47984E-02
9.86937E+01 5.48653E-02
9.83440E+01 5.49383E-02
9.79634E+01 5.50192E-02
9.75527E+01 5.51068E-02
9.71126E+01 5.52019E-02
9.66440E+01 5.53044E-02
9.61477E+01 5.54132E-02
9.56247E+01 5.55291E-02
9.50759E+01 5.56528E-02
9.45025E+01 5.57841E-02
9.39056E+01 5.59219E-02
9.32863E+01 5.60676E-02
9.26460E+01 5.62210E-02
9.19859E+01 5.63819E-02
9.13076E+01 5.65494E-02
9.06124E+01 5.67262E-02
8.99018E+01 5.69096E-02
8.91776E+01 5.71007E-02
8.84413E+01 5.72998E-02
8.76947E+01 5.75068E-02
8.69397E+01 5.77222E-02
8.61780E+01 5.79441E-02
8.54116E+01 5.81739E-02
8.46426E+01 5.84109E-02
8.38730E+01 5.86558E-02
8.31048E+01 5.89066E-02
8.23404E+01 5.91634E-02
8.15818E+01 5.94278E-02
8.08315E+01 5.96975E-02
8.00917E+01 5.99719E-02
7.93647E+01 6.02522E-02
7.86530E+01 6.05376E-02
7.79588E+01 6.08271E-02
7.72848E+01 6.11223E-02
7.66331E+01 6.14196E-02
7.60062E+01 6.17197E-02
7.54066E+01 6.20223E-02
7.48364E+01 6.23263E-02
7.42980E+01 6.26282E-02
7.37935E+01 6.29262E-02
7.33250E+01 6.32179E-02
7.28945E+01 6.35004E-02
7.25040E+01 6.37696E-02
7.21550E+01 6.40206E-02
7.18493E+01 6.42496E-02
7.15881E+01 6.44533E-02
7.13727E+01 6.46268E-02
7.12041E+01 6.47655E-02
7.10831E+01 6.48668E-02
7.10102E+01 6.49290E-02
7.09859E+01 6.49499E-02
