Will plot unflagged data


File # 1  = raise.vis
raise.vis 15.1356 GHz
Read 121 visibilities from all files

Baseline 2-4, plot 121 points
7.09859E+01 -1.51130E+01
7.10102E+01 -1.53878E+01
7.10831E+01 -1.56520E+01
7.12041E+01 -1.59052E+01
7.13727E+01 -1.61479E+01
7.15881E+01 -1.63785E+01
7.18492E+01 -1.65980E+01
7.21550E+01 -1.68073E+01
7.25039E+01 -1.70048E+01
7.28945E+01 -1.71900E+01
7.33250E+01 -1.73635E+01
7.37934E+01 -1.75256E+01
7.42979E+01 -1.76758E+01
7.48364E+01 -1.78136E+01
7.54065E+01 -1.79384E+01
7.60062E+01 -1.80517E+01
7.66331E+01 -1.81531E+01
7.72847E+01 -1.82420E+01
7.79588E+01 -1.83170E+01
7.86529E+01 -1.83807E+01
7.93647E+01 -1.84314E+01
8.00916E+01 -1.84694E+01
8.08315E+01 -1.84955E+01
8.15818E+01 -1.85081E+01
8.23403E+01 -1.85075E+01
8.31048E+01 -1.84955E+01
8.38729E+01 -1.84706E+01
8.46425E+01 -1.84320E+01
8.54116E+01 -1.83817E+01
8.61779E+01 -1.83187E+01
8.69396E+01 -1.82435E+01
8.76947E+01 -1.81547E+01
8.84413E+01 -1.80541E+01
8.91775E+01 -1.79413E+01
8.99018E+01 -1.78163E+01
9.06123E+01 -1.76790E+01
9.13075E+01 -1.75285E+01
9.19859E+01 -1.73676E+01
9.26459E+01 -1.71938E+01
9.32863E+01 -1.70081E+01
9.39055E+01 -1.68111E+01
9.45025E+01 -1.66030E+01
9.50759E+01 -1.63827E+01
9.56246E+01 -1.61515E+01
9.61477E+01 -1.59098E+01
9.66439E+01 -1.56571E+01
9.71126E+01 -1.53928E+01
9.75526E+01 -1.51181E+01
9.79633E+01 -1.48336E+01
9.83439E+01 -1.45385E+01
9.86937E+01 -1.42342E+01
9.90121E+01 -1.39193E+01
9.92984E+01 -1.35949E+01
9.95523E+01 -1.32614E+01
9.97732E+01 -1.29190E+01
9.99607E+01 -1.25676E+01
1.00115E+02 -1.22075E+01
1.00235E+02 -1.18399E+01
1.00320E+02 -1.14632E+01
1.00372E+02 -1.10784E+01
1.00389E+02 -1.06870E+01
1.00372E+02 -1.02872E+01
1.00320E+02 -9.88125E+00
1.00235E+02 -9.46844E+00
1.00115E+02 -9.04803E+00
9.99608E+01 -8.62234E+00
9.97732E+01 -8.19061E+00
9.95523E+01 -7.75318E+00
9.92984E+01 -7.31061E+00
9.90121E+01 -6.86318E+00
9.86937E+01 -6.41119E+00
9.83440E+01 -5.95384E+00
9.79634E+01 -5.49331E+00
9.75527E+01 -5.02852E+00
9.71126E+01 -4.56076E+00
9.66440E+01 -4.09010E+00
9.61477E+01 -3.61577E+00
9.56247E+01 -3.13890E+00
9.50759E+01 -2.66038E+00
9.45025E+01 -2.18040E+00
9.39056E+01 -1.69814E+00
9.32863E+01 -1.21512E+00
9.26460E+01 -7.31543E-01
9.19859E+01 -2.47472E-01
9.13076E+01 2.37867E-01
9.06124E+01 7.21410E-01
8.99018E+01 1.20553E+00
8.91776E+01 1.68893E+00
8.84413E+01 2.17096E+00
8.76947E+01 2.65146E+00
8.69397E+01 3.12949E+00
8.61780E+01 3.60646E+00
8.54116E+01 4.08052E+00
8.46426E+01 4.55199E+00
8.38730E+01 5.01941E+00
8.31048E+01 5.48431E+00
8.23404E+01 5.94577E+00
8.15818E+01 6.40188E+00
8.08315E+01 6.85411E+00
8.00917E+01 7.30244E+00
7.93647E+01 7.74509E+00
7.86530E+01 8.18242E+00
7.79588E+01 8.61452E+00
7.72848E+01 9.03951E+00
7.66331E+01 9.45969E+00
7.60062E+01 9.87342E+00
7.54066E+01 1.02800E+01
7.48364E+01 1.06787E+01
7.42980E+01 1.10708E+01
7.37935E+01 1.14556E+01
7.33250E+01 1.18325E+01
7.28945E+01 1.22008E+01
7.25040E+01 1.25606E+01
7.21550E+01 1.29125E+01
7.18493E+01 1.32558E+01
7.15881E+01 1.35889E+01
7.13727E+01 1.39125E+01
7.12041E+01 1.42276E+01
7.10831E+01 1.45336E+01
7.10102E+01 1.48278E+01
7.09859E+01 1.51130E+01
