Will plot unflagged data


File # 1  = raise.vis
raise.vis 0.4786 GHz
Read 121 visibilities from all files

Baseline 2-4, plot 121 points
2.24477E+00 -2.74819E-01
2.24554E+00 -2.79770E-01
2.24784E+00 -2.84523E-01
2.25167E+00 -2.89070E-01
2.25700E+00 -2.93406E-01
2.26381E+00 -2.97525E-01
2.27207E+00 -3.02448E-01
2.28174E+00 -3.06113E-01
2.29278E+00 -3.09542E-01
2.30513E+00 -3.12731E-01
2.31874E+00 -3.15671E-01
2.33355E+00 -3.18360E-01
2.34951E+00 -3.21821E-01
2.36653E+00 -3.23989E-01
2.38456E+00 -3.25890E-01
2.40353E+00 -3.28549E-01
2.42335E+00 -3.29900E-01
2.44396E+00 -3.32002E-01
2.46527E+00 -3.32786E-01
2.48722E+00 -3.34313E-01
2.50973E+00 -3.35547E-01
2.53272E+00 -3.36484E-01
2.55612E+00 -3.36089E-01
2.57984E+00 -3.36422E-01
2.60383E+00 -3.36449E-01
2.62800E+00 -3.36167E-01
2.65229E+00 -3.35573E-01
2.67663E+00 -3.35697E-01
2.70095E+00 -3.34472E-01
2.72519E+00 -3.32929E-01
2.74927E+00 -3.32098E-01
2.77315E+00 -3.29914E-01
2.79676E+00 -3.28438E-01
2.82004E+00 -3.26639E-01
2.84294E+00 -3.24515E-01
2.86541E+00 -3.21033E-01
2.88740E+00 -3.19290E-01
2.90885E+00 -3.16188E-01
2.92972E+00 -3.12760E-01
2.94997E+00 -3.09005E-01
2.96955E+00 -3.05959E-01
2.98843E+00 -3.01554E-01
3.00656E+00 -2.97859E-01
3.02392E+00 -2.93840E-01
3.04046E+00 -2.89500E-01
3.05615E+00 -2.84841E-01
3.07097E+00 -2.79862E-01
3.08489E+00 -2.74568E-01
3.09787E+00 -2.69993E-01
3.10991E+00 -2.64073E-01
3.12097E+00 -2.58878E-01
3.13104E+00 -2.53376E-01
3.14009E+00 -2.47572E-01
3.14812E+00 -2.41468E-01
3.15510E+00 -2.35067E-01
3.16104E+00 -2.28374E-01
3.16590E+00 -2.22425E-01
3.16970E+00 -2.15159E-01
3.17241E+00 -2.08645E-01
3.17404E+00 -2.01856E-01
3.17459E+00 -1.94795E-01
3.17404E+00 -1.87468E-01
3.17241E+00 -1.79880E-01
3.16970E+00 -1.72035E-01
3.16590E+00 -1.64973E-01
3.16104E+00 -1.56632E-01
3.15511E+00 -1.49085E-01
3.14812E+00 -1.41304E-01
3.14009E+00 -1.33296E-01
3.13104E+00 -1.25066E-01
3.12097E+00 -1.16622E-01
3.10991E+00 -1.07968E-01
3.09787E+00 -1.00146E-01
3.08489E+00 -9.10959E-02
3.07097E+00 -8.28904E-02
3.05615E+00 -7.45037E-02
3.04046E+00 -6.59430E-02
3.02392E+00 -5.72156E-02
3.00656E+00 -4.83288E-02
2.98843E+00 -3.92902E-02
2.96955E+00 -3.11404E-02
2.94997E+00 -2.18211E-02
2.92972E+00 -1.34061E-02
2.90885E+00 -4.87022E-03
2.88740E+00 3.77850E-03
2.86541E+00 1.35650E-02
2.84295E+00 2.13823E-02
2.82004E+00 3.03211E-02
2.79676E+00 3.93403E-02
2.77315E+00 4.84313E-02
2.74927E+00 5.65532E-02
2.72519E+00 6.57633E-02
2.70095E+00 7.39874E-02
2.67663E+00 8.22500E-02
2.65230E+00 9.15752E-02
2.62801E+00 9.98893E-02
2.60383E+00 1.08216E-01
2.57984E+00 1.16548E-01
2.55612E+00 1.24875E-01
2.53272E+00 1.32158E-01
2.50973E+00 1.40452E-01
2.48722E+00 1.48717E-01
2.46528E+00 1.56943E-01
2.44396E+00 1.64092E-01
2.42335E+00 1.72218E-01
2.40353E+00 1.79249E-01
2.38457E+00 1.87240E-01
2.36653E+00 1.94121E-01
2.34951E+00 2.00914E-01
2.33355E+00 2.08643E-01
2.31874E+00 2.15237E-01
2.30513E+00 2.21720E-01
2.29278E+00 2.28083E-01
2.28174E+00 2.34320E-01
2.27207E+00 2.40422E-01
2.26381E+00 2.47410E-01
2.25700E+00 2.53220E-01
2.25167E+00 2.58872E-01
2.24784E+00 2.64361E-01
2.24554E+00 2.69678E-01
2.24477E+00 2.74817E-01
