Will plot unflagged data


File # 1  = raise.vis
raise.vis 0.4786 GHz
Read 121 visibilities from all files

Baseline 2-4, plot 121 points
2.24477E+00 4.02491E-01
2.24554E+00 4.02491E-01
2.24784E+00 4.02491E-01
2.25167E+00 4.02490E-01
2.25700E+00 4.02489E-01
2.26381E+00 4.02487E-01
2.27207E+00 4.02486E-01
2.28174E+00 4.02484E-01
2.29278E+00 4.02482E-01
2.30513E+00 4.02479E-01
2.31874E+00 4.02476E-01
2.33355E+00 4.02473E-01
2.34951E+00 4.02471E-01
2.36653E+00 4.02467E-01
2.38456E+00 4.02463E-01
2.40353E+00 4.02460E-01
2.42335E+00 4.02455E-01
2.44396E+00 4.02451E-01
2.46527E+00 4.02446E-01
2.48722E+00 4.02442E-01
2.50973E+00 4.02437E-01
2.53272E+00 4.02433E-01
2.55612E+00 4.02427E-01
2.57984E+00 4.02422E-01
2.60383E+00 4.02416E-01
2.62800E+00 4.02411E-01
2.65229E+00 4.02405E-01
2.67663E+00 4.02401E-01
2.70095E+00 4.02395E-01
2.72519E+00 4.02389E-01
2.74927E+00 4.02384E-01
2.77315E+00 4.02377E-01
2.79676E+00 4.02372E-01
2.82004E+00 4.02367E-01
2.84294E+00 4.02362E-01
2.86541E+00 4.02355E-01
2.88740E+00 4.02351E-01
2.90885E+00 4.02345E-01
2.92972E+00 4.02340E-01
2.94997E+00 4.02334E-01
2.96955E+00 4.02330E-01
2.98843E+00 4.02324E-01
3.00656E+00 4.02320E-01
3.02392E+00 4.02316E-01
3.04046E+00 4.02312E-01
3.05615E+00 4.02307E-01
3.07097E+00 4.02303E-01
3.08489E+00 4.02299E-01
3.09787E+00 4.02297E-01
3.10991E+00 4.02292E-01
3.12097E+00 4.02290E-01
3.13104E+00 4.02288E-01
3.14009E+00 4.02286E-01
3.14812E+00 4.02283E-01
3.15510E+00 4.02281E-01
3.16104E+00 4.02279E-01
3.16590E+00 4.02279E-01
3.16970E+00 4.02277E-01
3.17241E+00 4.02277E-01
3.17404E+00 4.02277E-01
3.17459E+00 4.02277E-01
3.17404E+00 4.02277E-01
3.17241E+00 4.02277E-01
3.16970E+00 4.02277E-01
3.16590E+00 4.02279E-01
3.16104E+00 4.02279E-01
3.15511E+00 4.02281E-01
3.14812E+00 4.02283E-01
3.14009E+00 4.02286E-01
3.13104E+00 4.02288E-01
3.12097E+00 4.02290E-01
3.10991E+00 4.02292E-01
3.09787E+00 4.02297E-01
3.08489E+00 4.02299E-01
3.07097E+00 4.02303E-01
3.05615E+00 4.02307E-01
3.04046E+00 4.02312E-01
3.02392E+00 4.02316E-01
3.00656E+00 4.02320E-01
2.98843E+00 4.02324E-01
2.96955E+00 4.02330E-01
2.94997E+00 4.02334E-01
2.92972E+00 4.02340E-01
2.90885E+00 4.02345E-01
2.88740E+00 4.02351E-01
2.86541E+00 4.02355E-01
2.84295E+00 4.02362E-01
2.82004E+00 4.02367E-01
2.79676E+00 4.02372E-01
2.77315E+00 4.02377E-01
2.74927E+00 4.02384E-01
2.72519E+00 4.02389E-01
2.70095E+00 4.02395E-01
2.67663E+00 4.02401E-01
2.65230E+00 4.02405E-01
2.62801E+00 4.02411E-01
2.60383E+00 4.02416E-01
2.57984E+00 4.02422E-01
2.55612E+00 4.02427E-01
2.53272E+00 4.02433E-01
2.50973E+00 4.02437E-01
2.48722E+00 4.02442E-01
2.46528E+00 4.02446E-01
2.44396E+00 4.02451E-01
2.42335E+00 4.02455E-01
2.40353E+00 4.02460E-01
2.38457E+00 4.02463E-01
2.36653E+00 4.02467E-01
2.34951E+00 4.02471E-01
2.33355E+00 4.02473E-01
2.31874E+00 4.02476E-01
2.30513E+00 4.02479E-01
2.29278E+00 4.02482E-01
2.28174E+00 4.02484E-01
2.27207E+00 4.02486E-01
2.26381E+00 4.02487E-01
2.25700E+00 4.02489E-01
2.25167E+00 4.02490E-01
2.24784E+00 4.02491E-01
2.24554E+00 4.02491E-01
2.24477E+00 4.02491E-01
