Will plot unflagged data


File # 1  = raise.vis
raise.vis 15.1356 GHz
Read 121 visibilities from all files

Baseline 3-4, plot 121 points
1.47432E+01 -3.13885E+00
1.47483E+01 -3.19639E+00
1.47634E+01 -3.25048E+00
1.47885E+01 -3.30323E+00
1.48236E+01 -3.35359E+00
1.48683E+01 -3.40155E+00
1.49225E+01 -3.44716E+00
1.49860E+01 -3.49124E+00
1.50585E+01 -3.53142E+00
1.51396E+01 -3.56983E+00
1.52290E+01 -3.60646E+00
1.53263E+01 -3.64026E+00
1.54311E+01 -3.67128E+00
1.55429E+01 -3.69944E+00
1.56614E+01 -3.72539E+00
1.57859E+01 -3.74919E+00
1.59161E+01 -3.76981E+00
1.60514E+01 -3.78828E+00
1.61914E+01 -3.80460E+00
1.63356E+01 -3.81780E+00
1.64834E+01 -3.82865E+00
1.66344E+01 -3.83597E+00
1.67881E+01 -3.84083E+00
1.69439E+01 -3.84428E+00
1.71015E+01 -3.84426E+00
1.72602E+01 -3.84076E+00
1.74198E+01 -3.83589E+00
1.75796E+01 -3.82853E+00
1.77393E+01 -3.81741E+00
1.78985E+01 -3.80465E+00
1.80567E+01 -3.78924E+00
1.82135E+01 -3.77015E+00
1.83686E+01 -3.74945E+00
1.85215E+01 -3.72611E+00
1.86719E+01 -3.70016E+00
1.88195E+01 -3.67163E+00
1.89639E+01 -3.64038E+00
1.91048E+01 -3.60737E+00
1.92418E+01 -3.57059E+00
1.93748E+01 -3.53213E+00
1.95035E+01 -3.49200E+00
1.96274E+01 -3.44817E+00
1.97465E+01 -3.40270E+00
1.98605E+01 -3.35459E+00
1.99691E+01 -3.30385E+00
2.00722E+01 -3.25154E+00
2.01695E+01 -3.19665E+00
2.02609E+01 -3.14024E+00
2.03462E+01 -3.08131E+00
2.04253E+01 -3.01984E+00
2.04979E+01 -2.95687E+00
2.05640E+01 -2.89142E+00
2.06235E+01 -2.82353E+00
2.06762E+01 -2.75426E+00
2.07221E+01 -2.68368E+00
2.07611E+01 -2.61077E+00
2.07930E+01 -2.53561E+00
2.08180E+01 -2.45925E+00
2.08358E+01 -2.38073E+00
2.08465E+01 -2.30111E+00
2.08501E+01 -2.21944E+00
2.08465E+01 -2.13678E+00
2.08358E+01 -2.05218E+00
2.08180E+01 -1.96671E+00
2.07930E+01 -1.87941E+00
2.07611E+01 -1.79137E+00
2.07221E+01 -1.70163E+00
2.06762E+01 -1.61025E+00
2.06235E+01 -1.51832E+00
2.05641E+01 -1.42593E+00
2.04979E+01 -1.33209E+00
2.04253E+01 -1.23688E+00
2.03462E+01 -1.14139E+00
2.02609E+01 -1.04470E+00
2.01695E+01 -9.46925E-01
2.00722E+01 -8.49168E-01
1.99691E+01 -7.50479E-01
1.98605E+01 -6.51970E-01
1.97465E+01 -5.52687E-01
1.96274E+01 -4.52711E-01
1.95035E+01 -3.53157E-01
1.93748E+01 -2.52042E-01
1.92419E+01 -1.51513E-01
1.91048E+01 -5.16445E-02
1.89639E+01 4.95606E-02
1.88195E+01 1.49993E-01
1.86719E+01 2.50520E-01
1.85215E+01 3.50924E-01
1.83686E+01 4.51150E-01
1.82135E+01 5.51133E-01
1.80567E+01 6.49764E-01
1.78985E+01 7.49030E-01
1.77393E+01 8.47824E-01
1.75796E+01 9.45068E-01
1.74198E+01 1.04280E+00
1.72602E+01 1.13967E+00
1.71015E+01 1.23450E+00
1.69439E+01 1.32933E+00
1.67881E+01 1.42409E+00
1.66344E+01 1.51665E+00
1.64834E+01 1.60799E+00
1.63356E+01 1.69915E+00
1.61915E+01 1.78886E+00
1.60514E+01 1.87788E+00
1.59161E+01 1.96515E+00
1.57859E+01 2.05064E+00
1.56614E+01 2.13534E+00
1.55429E+01 2.21817E+00
1.54311E+01 2.29916E+00
1.53263E+01 2.37891E+00
1.52290E+01 2.45733E+00
1.51396E+01 2.53441E+00
1.50585E+01 2.60909E+00
1.49860E+01 2.68133E+00
1.49225E+01 2.75325E+00
1.48683E+01 2.82244E+00
1.48236E+01 2.88972E+00
1.47885E+01 2.95512E+00
1.47634E+01 3.01862E+00
1.47483E+01 3.07915E+00
1.47432E+01 3.13884E+00
