Will plot unflagged data


File # 1  = raise.vis
raise.vis 15.1356 GHz
Read 121 visibilities from all files

Baseline 3-4, plot 121 points
1.47432E+01 6.52662E-02
1.47483E+01 6.52651E-02
1.47634E+01 6.52618E-02
1.47885E+01 6.52563E-02
1.48236E+01 6.52487E-02
1.48683E+01 6.52389E-02
1.49225E+01 6.52269E-02
1.49860E+01 6.52132E-02
1.50585E+01 6.51971E-02
1.51396E+01 6.51793E-02
1.52290E+01 6.51598E-02
1.53263E+01 6.51383E-02
1.54311E+01 6.51151E-02
1.55429E+01 6.50901E-02
1.56614E+01 6.50638E-02
1.57859E+01 6.50363E-02
1.59161E+01 6.50070E-02
1.60514E+01 6.49768E-02
1.61914E+01 6.49458E-02
1.63356E+01 6.49134E-02
1.64834E+01 6.48804E-02
1.66344E+01 6.48459E-02
1.67881E+01 6.48109E-02
1.69439E+01 6.47762E-02
1.71015E+01 6.47405E-02
1.72602E+01 6.47037E-02
1.74198E+01 6.46677E-02
1.75796E+01 6.46317E-02
1.77393E+01 6.45948E-02
1.78985E+01 6.45588E-02
1.80567E+01 6.45229E-02
1.82135E+01 6.44864E-02
1.83686E+01 6.44511E-02
1.85215E+01 6.44161E-02
1.86719E+01 6.43817E-02
1.88195E+01 6.43479E-02
1.89639E+01 6.43146E-02
1.91048E+01 6.42829E-02
1.92418E+01 6.42507E-02
1.93748E+01 6.42202E-02
1.95035E+01 6.41915E-02
1.96274E+01 6.41626E-02
1.97465E+01 6.41354E-02
1.98605E+01 6.41092E-02
1.99691E+01 6.40838E-02
2.00722E+01 6.40604E-02
2.01695E+01 6.40380E-02
2.02609E+01 6.40177E-02
2.03462E+01 6.39983E-02
2.04253E+01 6.39800E-02
2.04979E+01 6.39637E-02
2.05640E+01 6.39485E-02
2.06235E+01 6.39343E-02
2.06762E+01 6.39222E-02
2.07221E+01 6.39123E-02
2.07611E+01 6.39035E-02
2.07930E+01 6.38958E-02
2.08180E+01 6.38902E-02
2.08358E+01 6.38858E-02
2.08465E+01 6.38836E-02
2.08501E+01 6.38825E-02
2.08465E+01 6.38836E-02
2.08358E+01 6.38858E-02
2.08180E+01 6.38902E-02
2.07930E+01 6.38958E-02
2.07611E+01 6.39035E-02
2.07221E+01 6.39123E-02
2.06762E+01 6.39222E-02
2.06235E+01 6.39343E-02
2.05641E+01 6.39485E-02
2.04979E+01 6.39637E-02
2.04253E+01 6.39800E-02
2.03462E+01 6.39983E-02
2.02609E+01 6.40177E-02
2.01695E+01 6.40380E-02
2.00722E+01 6.40604E-02
1.99691E+01 6.40838E-02
1.98605E+01 6.41092E-02
1.97465E+01 6.41354E-02
1.96274E+01 6.41625E-02
1.95035E+01 6.41915E-02
1.93748E+01 6.42202E-02
1.92419E+01 6.42507E-02
1.91048E+01 6.42829E-02
1.89639E+01 6.43146E-02
1.88195E+01 6.43479E-02
1.86719E+01 6.43817E-02
1.85215E+01 6.44162E-02
1.83686E+01 6.44511E-02
1.82135E+01 6.44864E-02
1.80567E+01 6.45229E-02
1.78985E+01 6.45588E-02
1.77393E+01 6.45948E-02
1.75796E+01 6.46317E-02
1.74198E+01 6.46677E-02
1.72602E+01 6.47037E-02
1.71015E+01 6.47405E-02
1.69439E+01 6.47762E-02
1.67881E+01 6.48109E-02
1.66344E+01 6.48459E-02
1.64834E+01 6.48803E-02
1.63356E+01 6.49134E-02
1.61915E+01 6.49458E-02
1.60514E+01 6.49768E-02
1.59161E+01 6.50070E-02
1.57859E+01 6.50363E-02
1.56614E+01 6.50638E-02
1.55429E+01 6.50901E-02
1.54311E+01 6.51151E-02
1.53263E+01 6.51383E-02
1.52290E+01 6.51598E-02
1.51396E+01 6.51793E-02
1.50585E+01 6.51971E-02
1.49860E+01 6.52132E-02
1.49225E+01 6.52269E-02
1.48683E+01 6.52388E-02
1.48236E+01 6.52487E-02
1.47885E+01 6.52563E-02
1.47634E+01 6.52618E-02
1.47483E+01 6.52651E-02
1.47432E+01 6.52662E-02
