Will plot unflagged data


File # 1  = raise.vis
raise.vis 0.4786 GHz
Read 121 visibilities from all files

Baseline 1-3, plot 121 points
1.95122E+00 9.02822E-01
1.95189E+00 9.02821E-01
1.95390E+00 9.02819E-01
1.95722E+00 9.02815E-01
1.96186E+00 9.02809E-01
1.96778E+00 9.02803E-01
1.97496E+00 9.02794E-01
1.98336E+00 9.02785E-01
1.99295E+00 9.02774E-01
2.00369E+00 9.02760E-01
2.01552E+00 9.02747E-01
2.02840E+00 9.02732E-01
2.04226E+00 9.02716E-01
2.05706E+00 9.02699E-01
2.07274E+00 9.02680E-01
2.08922E+00 9.02660E-01
2.10645E+00 9.02639E-01
2.12436E+00 9.02616E-01
2.14289E+00 9.02595E-01
2.16197E+00 9.02570E-01
2.18154E+00 9.02547E-01
2.20152E+00 9.02520E-01
2.22185E+00 9.02495E-01
2.24248E+00 9.02469E-01
2.26333E+00 9.02442E-01
2.28434E+00 9.02414E-01
2.30546E+00 9.02386E-01
2.32661E+00 9.02356E-01
2.34775E+00 9.02325E-01
2.36882E+00 9.02299E-01
2.38975E+00 9.02272E-01
2.41051E+00 9.02238E-01
2.43103E+00 9.02210E-01
2.45127E+00 9.02181E-01
2.47117E+00 9.02157E-01
2.49071E+00 9.02127E-01
2.50982E+00 9.02096E-01
2.52846E+00 9.02071E-01
2.54660E+00 9.02045E-01
2.56421E+00 9.02019E-01
2.58123E+00 9.01992E-01
2.59764E+00 9.01972E-01
2.61340E+00 9.01945E-01
2.62848E+00 9.01924E-01
2.64286E+00 9.01903E-01
2.65650E+00 9.01882E-01
2.66938E+00 9.01861E-01
2.68148E+00 9.01839E-01
2.69277E+00 9.01825E-01
2.70323E+00 9.01810E-01
2.71284E+00 9.01795E-01
2.72159E+00 9.01781E-01
2.72946E+00 9.01766E-01
2.73644E+00 9.01758E-01
2.74251E+00 9.01751E-01
2.74767E+00 9.01743E-01
2.75190E+00 9.01735E-01
2.75520E+00 9.01728E-01
2.75756E+00 9.01720E-01
2.75898E+00 9.01720E-01
2.75945E+00 9.01720E-01
2.75898E+00 9.01720E-01
2.75756E+00 9.01720E-01
2.75520E+00 9.01728E-01
2.75190E+00 9.01735E-01
2.74767E+00 9.01743E-01
2.74251E+00 9.01751E-01
2.73644E+00 9.01758E-01
2.72947E+00 9.01766E-01
2.72159E+00 9.01781E-01
2.71284E+00 9.01795E-01
2.70323E+00 9.01810E-01
2.69277E+00 9.01825E-01
2.68148E+00 9.01839E-01
2.66938E+00 9.01861E-01
2.65650E+00 9.01882E-01
2.64286E+00 9.01903E-01
2.62848E+00 9.01924E-01
2.61340E+00 9.01945E-01
2.59764E+00 9.01972E-01
2.58123E+00 9.01992E-01
2.56421E+00 9.02019E-01
2.54661E+00 9.02045E-01
2.52846E+00 9.02070E-01
2.50982E+00 9.02096E-01
2.49071E+00 9.02127E-01
2.47118E+00 9.02157E-01
2.45127E+00 9.02181E-01
2.43103E+00 9.02210E-01
2.41051E+00 9.02238E-01
2.38975E+00 9.02272E-01
2.36882E+00 9.02299E-01
2.34775E+00 9.02325E-01
2.32661E+00 9.02356E-01
2.30546E+00 9.02386E-01
2.28434E+00 9.02414E-01
2.26333E+00 9.02442E-01
2.24248E+00 9.02469E-01
2.22186E+00 9.02495E-01
2.20152E+00 9.02520E-01
2.18154E+00 9.02547E-01
2.16197E+00 9.02570E-01
2.14289E+00 9.02595E-01
2.12436E+00 9.02616E-01
2.10645E+00 9.02639E-01
2.08922E+00 9.02660E-01
2.07274E+00 9.02680E-01
2.05706E+00 9.02699E-01
2.04226E+00 9.02716E-01
2.02840E+00 9.02732E-01
2.01552E+00 9.02747E-01
2.00369E+00 9.02760E-01
1.99295E+00 9.02774E-01
1.98336E+00 9.02785E-01
1.97496E+00 9.02794E-01
1.96778E+00 9.02803E-01
1.96186E+00 9.02809E-01
1.95722E+00 9.02815E-01
1.95390E+00 9.02819E-01
1.95189E+00 9.02821E-01
1.95122E+00 9.02822E-01
