Will plot unflagged data


File # 1  = raise.vis
raise.vis 0.4786 GHz
Read 121 visibilities from all files

Baseline 1-3, plot 121 points
1.95122E+00 -4.15418E-01
1.95189E+00 -4.23474E-01
1.95390E+00 -4.30201E-01
1.95722E+00 -4.37643E-01
1.96186E+00 -4.43737E-01
1.96778E+00 -4.50529E-01
1.97496E+00 -4.55953E-01
1.98336E+00 -4.62059E-01
1.99295E+00 -4.67808E-01
2.00369E+00 -4.72162E-01
2.01552E+00 -4.77173E-01
2.02840E+00 -4.81803E-01
2.04226E+00 -4.86043E-01
2.05706E+00 -4.89887E-01
2.07274E+00 -4.93327E-01
2.08922E+00 -4.96356E-01
2.10645E+00 -4.98966E-01
2.12436E+00 -5.01152E-01
2.14289E+00 -5.03940E-01
2.16197E+00 -5.05257E-01
2.18154E+00 -5.07165E-01
2.20152E+00 -5.07592E-01
2.22185E+00 -5.08599E-01
2.24248E+00 -5.09147E-01
2.26333E+00 -5.09233E-01
2.28434E+00 -5.08851E-01
2.30546E+00 -5.07999E-01
2.32661E+00 -5.06672E-01
2.34775E+00 -5.04867E-01
2.36882E+00 -5.03614E-01
2.38975E+00 -5.01878E-01
2.41051E+00 -4.98623E-01
2.43103E+00 -4.95913E-01
2.45127E+00 -4.92714E-01
2.47117E+00 -4.90056E-01
2.49071E+00 -4.85875E-01
2.50982E+00 -4.81201E-01
2.52846E+00 -4.77066E-01
2.54660E+00 -4.72439E-01
2.56421E+00 -4.67320E-01
2.58123E+00 -4.61709E-01
2.59764E+00 -4.56639E-01
2.61340E+00 -4.50048E-01
2.62848E+00 -4.44001E-01
2.64286E+00 -4.37469E-01
2.65650E+00 -4.30453E-01
2.66938E+00 -4.22956E-01
2.68148E+00 -4.14983E-01
2.69277E+00 -4.07566E-01
2.70323E+00 -3.99678E-01
2.71284E+00 -3.91324E-01
2.72159E+00 -3.82507E-01
2.72946E+00 -3.73232E-01
2.73644E+00 -3.64536E-01
2.74251E+00 -3.55391E-01
2.74767E+00 -3.45805E-01
2.75190E+00 -3.35782E-01
2.75520E+00 -3.25329E-01
2.75756E+00 -3.14452E-01
2.75898E+00 -3.04189E-01
2.75945E+00 -2.93516E-01
2.75898E+00 -2.82441E-01
2.75756E+00 -2.70970E-01
2.75520E+00 -2.60143E-01
2.75190E+00 -2.48936E-01
2.74767E+00 -2.37359E-01
2.74251E+00 -2.25420E-01
2.73644E+00 -2.13128E-01
2.72947E+00 -2.00492E-01
2.72159E+00 -1.88553E-01
2.71284E+00 -1.76288E-01
2.70323E+00 -1.63708E-01
2.69277E+00 -1.50824E-01
2.68148E+00 -1.37645E-01
2.66938E+00 -1.25212E-01
2.65650E+00 -1.12506E-01
2.64286E+00 -9.95380E-02
2.62848E+00 -8.63179E-02
2.61340E+00 -7.28571E-02
2.59764E+00 -6.01992E-02
2.58123E+00 -4.62916E-02
2.56421E+00 -3.32101E-02
2.54661E+00 -1.99345E-02
2.52846E+00 -6.47666E-03
2.50982E+00 7.15141E-03
2.49071E+00 1.99050E-02
2.47118E+00 3.28044E-02
2.45127E+00 4.68697E-02
2.43103E+00 6.00234E-02
2.41051E+00 7.32855E-02
2.38975E+00 8.56105E-02
2.36882E+00 9.90515E-02
2.34775E+00 1.12563E-01
2.32661E+00 1.25099E-01
2.30546E+00 1.37680E-01
2.28434E+00 1.50294E-01
2.26333E+00 1.62926E-01
2.24248E+00 1.75565E-01
2.22186E+00 1.88197E-01
2.20152E+00 2.00810E-01
2.18154E+00 2.12358E-01
2.16197E+00 2.24894E-01
2.14289E+00 2.36339E-01
2.12436E+00 2.48747E-01
2.10645E+00 2.60039E-01
2.08922E+00 2.71235E-01
2.07274E+00 2.82324E-01
2.05706E+00 2.93292E-01
2.04226E+00 3.04127E-01
2.02840E+00 3.14818E-01
2.01552E+00 3.25352E-01
2.00369E+00 3.35717E-01
1.99295E+00 3.44870E-01
1.98336E+00 3.54863E-01
1.97496E+00 3.64652E-01
1.96778E+00 3.73197E-01
1.96186E+00 3.82546E-01
1.95722E+00 3.90630E-01
1.95390E+00 3.99495E-01
1.95189E+00 4.07076E-01
1.95122E+00 4.15416E-01
