Will plot unflagged data


File # 1  = raise.vis
raise.vis 0.4786 GHz
Read 121 visibilities from all files

Baseline 1-4, plot 121 points
2.41745E+00 6.64183E+00
2.41827E+00 6.64179E+00
2.42076E+00 6.64165E+00
2.42488E+00 6.64144E+00
2.43062E+00 6.64113E+00
2.43795E+00 6.64075E+00
2.44685E+00 6.64029E+00
2.45726E+00 6.63975E+00
2.46914E+00 6.63912E+00
2.48244E+00 6.63841E+00
2.49710E+00 6.63762E+00
2.51306E+00 6.63675E+00
2.53024E+00 6.63585E+00
2.54857E+00 6.63488E+00
2.56799E+00 6.63378E+00
2.58841E+00 6.63266E+00
2.60976E+00 6.63155E+00
2.63195E+00 6.63031E+00
2.65491E+00 6.62908E+00
2.67855E+00 6.62778E+00
2.70279E+00 6.62643E+00
2.72754E+00 6.62502E+00
2.75274E+00 6.62363E+00
2.77829E+00 6.62220E+00
2.80412E+00 6.62072E+00
2.83016E+00 6.61928E+00
2.85632E+00 6.61780E+00
2.88253E+00 6.61627E+00
2.90872E+00 6.61481E+00
2.93482E+00 6.61331E+00
2.96075E+00 6.61177E+00
2.98647E+00 6.61030E+00
3.01189E+00 6.60881E+00
3.03697E+00 6.60740E+00
3.06163E+00 6.60597E+00
3.08583E+00 6.60451E+00
3.10951E+00 6.60314E+00
3.13261E+00 6.60176E+00
3.15509E+00 6.60047E+00
3.17689E+00 6.59917E+00
3.19798E+00 6.59786E+00
3.21831E+00 6.59666E+00
3.23784E+00 6.59556E+00
3.25653E+00 6.59445E+00
3.27434E+00 6.59333E+00
3.29124E+00 6.59233E+00
3.30720E+00 6.59145E+00
3.32218E+00 6.59056E+00
3.33617E+00 6.58967E+00
3.34913E+00 6.58889E+00
3.36104E+00 6.58812E+00
3.37189E+00 6.58747E+00
3.38164E+00 6.58695E+00
3.39028E+00 6.58642E+00
3.39781E+00 6.58590E+00
3.40419E+00 6.58563E+00
3.40943E+00 6.58524E+00
3.41352E+00 6.58497E+00
3.41644E+00 6.58484E+00
3.41820E+00 6.58471E+00
3.41879E+00 6.58471E+00
3.41820E+00 6.58471E+00
3.41644E+00 6.58484E+00
3.41352E+00 6.58497E+00
3.40943E+00 6.58524E+00
3.40419E+00 6.58563E+00
3.39781E+00 6.58590E+00
3.39028E+00 6.58642E+00
3.38164E+00 6.58695E+00
3.37189E+00 6.58747E+00
3.36104E+00 6.58812E+00
3.34913E+00 6.58889E+00
3.33617E+00 6.58967E+00
3.32219E+00 6.59056E+00
3.30720E+00 6.59145E+00
3.29124E+00 6.59233E+00
3.27434E+00 6.59333E+00
3.25653E+00 6.59445E+00
3.23784E+00 6.59556E+00
3.21831E+00 6.59666E+00
3.19798E+00 6.59786E+00
3.17689E+00 6.59917E+00
3.15509E+00 6.60047E+00
3.13261E+00 6.60176E+00
3.10951E+00 6.60314E+00
3.08583E+00 6.60450E+00
3.06163E+00 6.60596E+00
3.03697E+00 6.60740E+00
3.01189E+00 6.60881E+00
2.98647E+00 6.61030E+00
2.96076E+00 6.61177E+00
2.93482E+00 6.61331E+00
2.90872E+00 6.61481E+00
2.88253E+00 6.61627E+00
2.85632E+00 6.61780E+00
2.83016E+00 6.61928E+00
2.80413E+00 6.62072E+00
2.77829E+00 6.62220E+00
2.75274E+00 6.62363E+00
2.72755E+00 6.62502E+00
2.70279E+00 6.62643E+00
2.67855E+00 6.62778E+00
2.65491E+00 6.62908E+00
2.63196E+00 6.63031E+00
2.60976E+00 6.63155E+00
2.58842E+00 6.63266E+00
2.56799E+00 6.63378E+00
2.54858E+00 6.63487E+00
2.53024E+00 6.63585E+00
2.51306E+00 6.63675E+00
2.49710E+00 6.63762E+00
2.48245E+00 6.63841E+00
2.46914E+00 6.63912E+00
2.45726E+00 6.63975E+00
2.44685E+00 6.64029E+00
2.43795E+00 6.64075E+00
2.43062E+00 6.64113E+00
2.42488E+00 6.64144E+00
2.42076E+00 6.64165E+00
2.41827E+00 6.64179E+00
2.41745E+00 6.64183E+00
