Will plot unflagged data


File # 1  = raise.vis
raise.vis 0.4786 GHz
Read 121 visibilities from all files

Baseline 1-4, plot 121 points
2.41745E+00 -1.13743E+00
2.41827E+00 -1.15862E+00
2.42076E+00 -1.17793E+00
2.42488E+00 -1.19740E+00
2.43062E+00 -1.21495E+00
2.43795E+00 -1.23263E+00
2.44685E+00 -1.24938E+00
2.45726E+00 -1.26519E+00
2.46914E+00 -1.28002E+00
2.48244E+00 -1.29386E+00
2.49710E+00 -1.30669E+00
2.51306E+00 -1.31848E+00
2.53024E+00 -1.33025E+00
2.54857E+00 -1.34095E+00
2.56799E+00 -1.34953E+00
2.58841E+00 -1.35803E+00
2.60976E+00 -1.36645E+00
2.63195E+00 -1.37271E+00
2.65491E+00 -1.37884E+00
2.67855E+00 -1.38374E+00
2.70279E+00 -1.38740E+00
2.72754E+00 -1.38982E+00
2.75274E+00 -1.39201E+00
2.77829E+00 -1.39293E+00
2.80412E+00 -1.39259E+00
2.83016E+00 -1.39199E+00
2.85632E+00 -1.39010E+00
2.88253E+00 -1.38691E+00
2.90872E+00 -1.38344E+00
2.93482E+00 -1.37866E+00
2.96075E+00 -1.37255E+00
2.98647E+00 -1.36615E+00
3.01189E+00 -1.35841E+00
3.03697E+00 -1.35037E+00
3.06163E+00 -1.34100E+00
3.08583E+00 -1.33028E+00
3.10951E+00 -1.31925E+00
3.13261E+00 -1.30688E+00
3.15509E+00 -1.29420E+00
3.17689E+00 -1.28018E+00
3.19798E+00 -1.26482E+00
3.21831E+00 -1.24916E+00
3.23784E+00 -1.23318E+00
3.25653E+00 -1.21585E+00
3.27434E+00 -1.19718E+00
3.29124E+00 -1.17821E+00
3.30720E+00 -1.15895E+00
3.32218E+00 -1.13838E+00
3.33617E+00 -1.11651E+00
3.34913E+00 -1.09437E+00
3.36104E+00 -1.07095E+00
3.37189E+00 -1.04730E+00
3.38164E+00 -1.02343E+00
3.39028E+00 -9.98310E-01
3.39781E+00 -9.71967E-01
3.40419E+00 -9.46476E-01
3.40943E+00 -9.18759E-01
3.41352E+00 -8.90896E-01
3.41644E+00 -8.62905E-01
3.41820E+00 -8.33772E-01
3.41879E+00 -8.04549E-01
3.41820E+00 -7.74223E-01
3.41644E+00 -7.43848E-01
3.41352E+00 -7.12412E-01
3.40943E+00 -6.80971E-01
3.40419E+00 -6.49547E-01
3.39781E+00 -6.16100E-01
3.39028E+00 -5.83749E-01
3.38164E+00 -5.50455E-01
3.37189E+00 -5.16245E-01
3.36104E+00 -4.82175E-01
3.34913E+00 -4.48273E-01
3.33617E+00 -4.13533E-01
3.32219E+00 -3.79014E-01
3.30720E+00 -3.43713E-01
3.29124E+00 -3.07659E-01
3.27434E+00 -2.71909E-01
3.25653E+00 -2.36492E-01
3.23784E+00 -2.00407E-01
3.21831E+00 -1.63685E-01
3.19798E+00 -1.27386E-01
3.17689E+00 -9.15600E-02
3.15509E+00 -5.52134E-02
3.13261E+00 -1.83774E-02
3.10951E+00 1.78862E-02
3.08583E+00 5.45747E-02
3.06163E+00 9.06246E-02
3.03697E+00 1.27034E-01
3.01189E+00 1.63770E-01
2.98647E+00 1.99768E-01
2.96076E+00 2.36025E-01
2.93482E+00 2.71475E-01
2.90872E+00 3.07117E-01
2.88253E+00 3.42916E-01
2.85632E+00 3.77806E-01
2.83016E+00 4.12786E-01
2.80413E+00 4.47820E-01
2.77829E+00 4.81844E-01
2.75274E+00 5.15856E-01
2.72755E+00 5.49825E-01
2.70279E+00 5.82689E-01
2.67855E+00 6.15451E-01
2.65491E+00 6.48081E-01
2.63196E+00 6.80549E-01
2.60976E+00 7.11743E-01
2.58842E+00 7.43668E-01
2.56799E+00 7.74241E-01
2.54858E+00 8.03430E-01
2.53024E+00 8.33271E-01
2.51306E+00 8.62702E-01
2.49710E+00 8.90660E-01
2.48245E+00 9.18147E-01
2.46914E+00 9.45133E-01
2.45726E+00 9.71585E-01
2.44685E+00 9.97476E-01
2.43795E+00 1.02277E+00
2.43062E+00 1.04745E+00
2.42488E+00 1.07046E+00
2.42076E+00 1.09382E+00
2.41827E+00 1.11546E+00
2.41745E+00 1.13743E+00
