Will plot unflagged data


File # 1  = raise.vis
raise.vis 4.7863 GHz
Read 121 visibilities from all files

Baseline 1-2, plot 121 points
1.72675E+00 -3.67627E-01
1.72734E+00 -3.73929E-01
1.72911E+00 -3.80992E-01
1.73205E+00 -3.86752E-01
1.73616E+00 -3.93257E-01
1.74139E+00 -3.98442E-01
1.74775E+00 -4.04356E-01
1.75519E+00 -4.08932E-01
1.76367E+00 -4.14223E-01
1.77317E+00 -4.18161E-01
1.78365E+00 -4.22799E-01
1.79504E+00 -4.26068E-01
1.80731E+00 -4.30024E-01
1.82041E+00 -4.33628E-01
1.83428E+00 -4.36876E-01
1.84887E+00 -4.39758E-01
1.86412E+00 -4.41239E-01
1.87997E+00 -4.43376E-01
1.89636E+00 -4.46164E-01
1.91325E+00 -4.47533E-01
1.93056E+00 -4.48509E-01
1.94825E+00 -4.49089E-01
1.96624E+00 -4.50300E-01
1.98449E+00 -4.50073E-01
2.00295E+00 -4.50469E-01
2.02154E+00 -4.50451E-01
2.04023E+00 -4.48984E-01
2.05895E+00 -4.48129E-01
2.07766E+00 -4.46852E-01
2.09630E+00 -4.45149E-01
2.11483E+00 -4.44050E-01
2.13319E+00 -4.41489E-01
2.15135E+00 -4.39529E-01
2.16926E+00 -4.36103E-01
2.18688E+00 -4.33275E-01
2.20416E+00 -4.30011E-01
2.22108E+00 -4.26312E-01
2.23758E+00 -4.22177E-01
2.25363E+00 -4.18638E-01
2.26921E+00 -4.13630E-01
2.28427E+00 -4.09220E-01
2.29879E+00 -4.03343E-01
2.31274E+00 -3.98065E-01
2.32609E+00 -3.92356E-01
2.33881E+00 -3.87249E-01
2.35088E+00 -3.80682E-01
2.36228E+00 -3.74721E-01
2.37299E+00 -3.67306E-01
2.38298E+00 -3.60503E-01
2.39224E+00 -3.53283E-01
2.40075E+00 -3.45651E-01
2.40849E+00 -3.38641E-01
2.41546E+00 -3.30194E-01
2.42163E+00 -3.22378E-01
2.42700E+00 -3.14165E-01
2.43157E+00 -3.05562E-01
2.43531E+00 -2.96572E-01
2.43823E+00 -2.88234E-01
2.44032E+00 -2.78489E-01
2.44157E+00 -2.69406E-01
2.44199E+00 -2.59961E-01
2.44157E+00 -2.50160E-01
2.44032E+00 -2.40009E-01
2.43823E+00 -2.30547E-01
2.43531E+00 -2.19718E-01
2.43157E+00 -2.09592E-01
2.42700E+00 -1.99147E-01
2.42163E+00 -1.88389E-01
2.41546E+00 -1.77326E-01
2.40849E+00 -1.67000E-01
2.40075E+00 -1.55354E-01
2.39224E+00 -1.44461E-01
2.38298E+00 -1.33298E-01
2.37299E+00 -1.21874E-01
2.36228E+00 -1.11231E-01
2.35089E+00 -9.93133E-02
2.33881E+00 -8.81953E-02
2.32609E+00 -7.58219E-02
2.31274E+00 -6.42680E-02
2.29879E+00 -5.25113E-02
2.28427E+00 -4.15944E-02
2.26921E+00 -2.94624E-02
2.25363E+00 -1.81911E-02
2.23758E+00 -5.72559E-03
2.22108E+00 5.85793E-03
2.20416E+00 1.75814E-02
2.18688E+00 2.94341E-02
2.16926E+00 4.14051E-02
2.15135E+00 5.24504E-02
2.13319E+00 6.46246E-02
2.11483E+00 7.58509E-02
2.09630E+00 8.81839E-02
2.07766E+00 9.95465E-02
2.05895E+00 1.10960E-01
2.04023E+00 1.22414E-01
2.02154E+00 1.32863E-01
2.00295E+00 1.44362E-01
1.98450E+00 1.55867E-01
1.96624E+00 1.66334E-01
1.94825E+00 1.77816E-01
1.93056E+00 1.88237E-01
1.91325E+00 1.98619E-01
1.89637E+00 2.08950E-01
1.87997E+00 2.20251E-01
1.86412E+00 2.30446E-01
1.84887E+00 2.39525E-01
1.83428E+00 2.49541E-01
1.82041E+00 2.59450E-01
1.80731E+00 2.69242E-01
1.79504E+00 2.78906E-01
1.78365E+00 2.87400E-01
1.77318E+00 2.96775E-01
1.76367E+00 3.04961E-01
1.75519E+00 3.14007E-01
1.74775E+00 3.21844E-01
1.74140E+00 3.30519E-01
1.73616E+00 3.37967E-01
1.73205E+00 3.46233E-01
1.72911E+00 3.53252E-01
1.72734E+00 3.61070E-01
1.72675E+00 3.67625E-01
