Will plot unflagged data


File # 1  = raise.vis
raise.vis 4.7863 GHz
Read 121 visibilities from all files

Baseline 1-2, plot 121 points
1.72675E+00 1.67268E-01
1.72734E+00 1.67268E-01
1.72911E+00 1.67268E-01
1.73205E+00 1.67267E-01
1.73616E+00 1.67267E-01
1.74139E+00 1.67267E-01
1.74775E+00 1.67266E-01
1.75519E+00 1.67265E-01
1.76367E+00 1.67264E-01
1.77317E+00 1.67263E-01
1.78365E+00 1.67262E-01
1.79504E+00 1.67261E-01
1.80731E+00 1.67260E-01
1.82041E+00 1.67259E-01
1.83428E+00 1.67257E-01
1.84887E+00 1.67256E-01
1.86412E+00 1.67254E-01
1.87997E+00 1.67252E-01
1.89636E+00 1.67251E-01
1.91325E+00 1.67249E-01
1.93056E+00 1.67247E-01
1.94825E+00 1.67245E-01
1.96624E+00 1.67243E-01
1.98449E+00 1.67241E-01
2.00295E+00 1.67239E-01
2.02154E+00 1.67237E-01
2.04023E+00 1.67235E-01
2.05895E+00 1.67232E-01
2.07766E+00 1.67230E-01
2.09630E+00 1.67228E-01
2.11483E+00 1.67226E-01
2.13319E+00 1.67224E-01
2.15135E+00 1.67222E-01
2.16926E+00 1.67219E-01
2.18688E+00 1.67217E-01
2.20416E+00 1.67215E-01
2.22108E+00 1.67213E-01
2.23758E+00 1.67211E-01
2.25363E+00 1.67209E-01
2.26921E+00 1.67207E-01
2.28427E+00 1.67205E-01
2.29879E+00 1.67203E-01
2.31274E+00 1.67201E-01
2.32609E+00 1.67199E-01
2.33881E+00 1.67198E-01
2.35088E+00 1.67196E-01
2.36228E+00 1.67195E-01
2.37299E+00 1.67193E-01
2.38298E+00 1.67192E-01
2.39224E+00 1.67190E-01
2.40075E+00 1.67189E-01
2.40849E+00 1.67188E-01
2.41546E+00 1.67187E-01
2.42163E+00 1.67187E-01
2.42700E+00 1.67186E-01
2.43157E+00 1.67185E-01
2.43531E+00 1.67184E-01
2.43823E+00 1.67184E-01
2.44032E+00 1.67184E-01
2.44157E+00 1.67184E-01
2.44199E+00 1.67184E-01
2.44157E+00 1.67184E-01
2.44032E+00 1.67184E-01
2.43823E+00 1.67185E-01
2.43531E+00 1.67184E-01
2.43157E+00 1.67185E-01
2.42700E+00 1.67186E-01
2.42163E+00 1.67186E-01
2.41546E+00 1.67187E-01
2.40849E+00 1.67188E-01
2.40075E+00 1.67189E-01
2.39224E+00 1.67190E-01
2.38298E+00 1.67192E-01
2.37299E+00 1.67193E-01
2.36228E+00 1.67195E-01
2.35089E+00 1.67196E-01
2.33881E+00 1.67198E-01
2.32609E+00 1.67199E-01
2.31274E+00 1.67201E-01
2.29879E+00 1.67203E-01
2.28427E+00 1.67205E-01
2.26921E+00 1.67207E-01
2.25363E+00 1.67209E-01
2.23758E+00 1.67211E-01
2.22108E+00 1.67213E-01
2.20416E+00 1.67215E-01
2.18688E+00 1.67217E-01
2.16926E+00 1.67219E-01
2.15135E+00 1.67222E-01
2.13319E+00 1.67224E-01
2.11483E+00 1.67226E-01
2.09630E+00 1.67228E-01
2.07766E+00 1.67230E-01
2.05895E+00 1.67232E-01
2.04023E+00 1.67235E-01
2.02154E+00 1.67237E-01
2.00295E+00 1.67239E-01
1.98450E+00 1.67241E-01
1.96624E+00 1.67243E-01
1.94825E+00 1.67245E-01
1.93056E+00 1.67247E-01
1.91325E+00 1.67249E-01
1.89637E+00 1.67251E-01
1.87997E+00 1.67252E-01
1.86412E+00 1.67254E-01
1.84887E+00 1.67256E-01
1.83428E+00 1.67257E-01
1.82041E+00 1.67259E-01
1.80731E+00 1.67260E-01
1.79504E+00 1.67261E-01
1.78365E+00 1.67262E-01
1.77318E+00 1.67263E-01
1.76367E+00 1.67264E-01
1.75519E+00 1.67265E-01
1.74775E+00 1.67266E-01
1.74140E+00 1.67267E-01
1.73616E+00 1.67267E-01
1.73205E+00 1.67267E-01
1.72911E+00 1.67268E-01
1.72734E+00 1.67268E-01
1.72675E+00 1.67268E-01
