Will plot unflagged data


File # 1  = raise.vis
raise.vis 1.5136 GHz
Read 121 visibilities from all files

Baseline 1-2, plot 121 points
5.46046E-01 -6.88433E-02
5.46233E-01 -7.03428E-02
5.46793E-01 -7.17931E-02
5.47724E-01 -7.21670E-02
5.49021E-01 -7.35141E-02
5.50677E-01 -7.48073E-02
5.52687E-01 -7.60448E-02
5.55039E-01 -7.61987E-02
5.57723E-01 -7.73203E-02
5.60727E-01 -7.83818E-02
5.64038E-01 -7.93816E-02
5.67642E-01 -8.03185E-02
5.71522E-01 -8.01640E-02
5.75664E-01 -8.09710E-02
5.80050E-01 -8.17110E-02
5.84663E-01 -8.23830E-02
5.89485E-01 -8.29858E-02
5.94498E-01 -8.35182E-02
5.99683E-01 -8.39792E-02
6.05022E-01 -8.33399E-02
6.10497E-01 -8.36550E-02
6.16090E-01 -8.38958E-02
6.21781E-01 -8.40613E-02
6.27552E-01 -8.41509E-02
6.33387E-01 -8.41637E-02
6.39268E-01 -8.40991E-02
6.45176E-01 -8.39563E-02
6.51097E-01 -8.37348E-02
6.57012E-01 -8.34340E-02
6.62907E-01 -8.30533E-02
6.68766E-01 -8.36214E-02
6.74574E-01 -8.30800E-02
6.80317E-01 -8.24576E-02
6.85981E-01 -8.17540E-02
6.91552E-01 -8.09690E-02
6.97018E-01 -8.11315E-02
7.02366E-01 -8.01832E-02
7.07584E-01 -7.91531E-02
7.12661E-01 -7.80412E-02
7.17587E-01 -7.78770E-02
7.22350E-01 -7.66018E-02
7.26942E-01 -7.62747E-02
7.31353E-01 -7.48369E-02
7.35574E-01 -7.33182E-02
7.39597E-01 -7.27485E-02
7.43415E-01 -7.10690E-02
7.47020E-01 -7.03396E-02
7.50405E-01 -6.85011E-02
7.53564E-01 -6.76138E-02
7.56492E-01 -6.66484E-02
7.59183E-01 -6.45758E-02
7.61631E-01 -6.34564E-02
7.63834E-01 -6.22611E-02
7.65787E-01 -6.09908E-02
7.67486E-01 -5.86162E-02
7.68929E-01 -5.71984E-02
7.70113E-01 -5.57082E-02
7.71036E-01 -5.41467E-02
7.71696E-01 -5.25151E-02
7.72093E-01 -5.08142E-02
7.72225E-01 -4.90455E-02
7.72093E-01 -4.72101E-02
7.71696E-01 -4.53092E-02
7.71036E-01 -4.33441E-02
7.70113E-01 -4.13162E-02
7.68929E-01 -3.92269E-02
7.67486E-01 -3.70775E-02
7.65787E-01 -3.58996E-02
7.63834E-01 -3.36348E-02
7.61632E-01 -3.13144E-02
7.59183E-01 -2.89403E-02
7.56492E-01 -2.75437E-02
7.53564E-01 -2.50667E-02
7.50405E-01 -2.25408E-02
7.47020E-01 -2.09976E-02
7.43415E-01 -1.83792E-02
7.39598E-01 -1.67469E-02
7.35574E-01 -1.40432E-02
7.31353E-01 -1.23291E-02
7.26942E-01 -1.05770E-02
7.22350E-01 -7.75916E-03
7.17587E-01 -5.93665E-03
7.12661E-01 -3.05238E-03
7.07584E-01 -1.16724E-03
7.02366E-01 7.46172E-04
6.97018E-01 2.68595E-03
6.91553E-01 5.67921E-03
6.85982E-01 7.66539E-03
6.80318E-01 9.67180E-03
6.74575E-01 1.16962E-02
6.68767E-01 1.37368E-02
6.62908E-01 1.68201E-02
6.57013E-01 1.88861E-02
6.51097E-01 2.09619E-02
6.45177E-01 2.30452E-02
6.39268E-01 2.51339E-02
6.33388E-01 2.72260E-02
6.27553E-01 2.93191E-02
6.21781E-01 3.14112E-02
6.16090E-01 3.35002E-02
6.10498E-01 3.55839E-02
6.05023E-01 3.76603E-02
5.99683E-01 3.86992E-02
5.94498E-01 4.07544E-02
5.89485E-01 4.27959E-02
5.84663E-01 4.48216E-02
5.80051E-01 4.68293E-02
5.75665E-01 4.88169E-02
5.71523E-01 5.07824E-02
5.67642E-01 5.16968E-02
5.64038E-01 5.36122E-02
5.60727E-01 5.54993E-02
5.57723E-01 5.73562E-02
5.55039E-01 5.91810E-02
5.52687E-01 5.99453E-02
5.50677E-01 6.17001E-02
5.49021E-01 6.34169E-02
5.47724E-01 6.50939E-02
5.46793E-01 6.57035E-02
5.46233E-01 6.72954E-02
5.46046E-01 6.88420E-02
