Will plot unflagged data


File # 1  = raise.vis
raise.vis 1.5136 GHz
Read 121 visibilities from all files

Baseline 1-2, plot 121 points
5.46046E-01 8.18826E-02
5.46233E-01 8.18826E-02
5.46793E-01 8.18826E-02
5.47724E-01 8.18825E-02
5.49021E-01 8.18825E-02
5.50677E-01 8.18825E-02
5.52687E-01 8.18825E-02
5.55039E-01 8.18825E-02
5.57723E-01 8.18825E-02
5.60727E-01 8.18825E-02
5.64038E-01 8.18825E-02
5.67642E-01 8.18824E-02
5.71522E-01 8.18824E-02
5.75664E-01 8.18824E-02
5.80050E-01 8.18824E-02
5.84663E-01 8.18823E-02
5.89485E-01 8.18823E-02
5.94498E-01 8.18823E-02
5.99683E-01 8.18822E-02
6.05022E-01 8.18822E-02
6.10497E-01 8.18821E-02
6.16090E-01 8.18821E-02
6.21781E-01 8.18821E-02
6.27552E-01 8.18820E-02
6.33387E-01 8.18820E-02
6.39268E-01 8.18820E-02
6.45176E-01 8.18819E-02
6.51097E-01 8.18819E-02
6.57012E-01 8.18818E-02
6.62907E-01 8.18818E-02
6.68766E-01 8.18818E-02
6.74574E-01 8.18818E-02
6.80317E-01 8.18817E-02
6.85981E-01 8.18817E-02
6.91552E-01 8.18816E-02
6.97018E-01 8.18816E-02
7.02366E-01 8.18816E-02
7.07584E-01 8.18815E-02
7.12661E-01 8.18814E-02
7.17587E-01 8.18814E-02
7.22350E-01 8.18814E-02
7.26942E-01 8.18814E-02
7.31353E-01 8.18813E-02
7.35574E-01 8.18813E-02
7.39597E-01 8.18813E-02
7.43415E-01 8.18812E-02
7.47020E-01 8.18812E-02
7.50405E-01 8.18812E-02
7.53564E-01 8.18812E-02
7.56492E-01 8.18812E-02
7.59183E-01 8.18811E-02
7.61631E-01 8.18811E-02
7.63834E-01 8.18811E-02
7.65787E-01 8.18811E-02
7.67486E-01 8.18810E-02
7.68929E-01 8.18810E-02
7.70113E-01 8.18810E-02
7.71036E-01 8.18810E-02
7.71696E-01 8.18810E-02
7.72093E-01 8.18810E-02
7.72225E-01 8.18810E-02
7.72093E-01 8.18810E-02
7.71696E-01 8.18810E-02
7.71036E-01 8.18811E-02
7.70113E-01 8.18810E-02
7.68929E-01 8.18810E-02
7.67486E-01 8.18810E-02
7.65787E-01 8.18811E-02
7.63834E-01 8.18811E-02
7.61632E-01 8.18811E-02
7.59183E-01 8.18811E-02
7.56492E-01 8.18812E-02
7.53564E-01 8.18812E-02
7.50405E-01 8.18812E-02
7.47020E-01 8.18812E-02
7.43415E-01 8.18812E-02
7.39598E-01 8.18813E-02
7.35574E-01 8.18813E-02
7.31353E-01 8.18814E-02
7.26942E-01 8.18814E-02
7.22350E-01 8.18814E-02
7.17587E-01 8.18814E-02
7.12661E-01 8.18815E-02
7.07584E-01 8.18815E-02
7.02366E-01 8.18816E-02
6.97018E-01 8.18816E-02
6.91553E-01 8.18816E-02
6.85982E-01 8.18817E-02
6.80318E-01 8.18817E-02
6.74575E-01 8.18818E-02
6.68767E-01 8.18818E-02
6.62908E-01 8.18818E-02
6.57013E-01 8.18818E-02
6.51097E-01 8.18819E-02
6.45177E-01 8.18819E-02
6.39268E-01 8.18819E-02
6.33388E-01 8.18820E-02
6.27553E-01 8.18820E-02
6.21781E-01 8.18821E-02
6.16090E-01 8.18821E-02
6.10498E-01 8.18822E-02
6.05023E-01 8.18822E-02
5.99683E-01 8.18822E-02
5.94498E-01 8.18823E-02
5.89485E-01 8.18823E-02
5.84663E-01 8.18823E-02
5.80051E-01 8.18824E-02
5.75665E-01 8.18824E-02
5.71523E-01 8.18824E-02
5.67642E-01 8.18824E-02
5.64038E-01 8.18824E-02
5.60727E-01 8.18825E-02
5.57723E-01 8.18825E-02
5.55039E-01 8.18825E-02
5.52687E-01 8.18825E-02
5.50677E-01 8.18825E-02
5.49021E-01 8.18825E-02
5.47724E-01 8.18825E-02
5.46793E-01 8.18826E-02
5.46233E-01 8.18826E-02
5.46046E-01 8.18826E-02
