Will plot unflagged data


File # 1  = raise.vis
raise.vis 0.1514 GHz
Read 121 visibilities from all files

Baseline 3-5, plot 121 points
3.76771E-01 -2.72988E-02
3.76901E-01 -2.83000E-02
3.77287E-01 -2.82563E-02
3.77929E-01 -2.92181E-02
3.78824E-01 -2.91334E-02
3.79967E-01 -3.00531E-02
3.81354E-01 -2.99250E-02
3.82977E-01 -3.08001E-02
3.84829E-01 -3.06260E-02
3.86902E-01 -3.14540E-02
3.89186E-01 -3.12316E-02
3.91673E-01 -3.20103E-02
3.94351E-01 -3.17375E-02
3.97208E-01 -3.24648E-02
4.00235E-01 -3.21394E-02
4.03418E-01 -3.28132E-02
4.06745E-01 -3.24333E-02
4.10204E-01 -3.30520E-02
4.13781E-01 -3.36423E-02
4.17466E-01 -3.31775E-02
4.21243E-01 -3.37101E-02
4.25102E-01 -3.31867E-02
4.29029E-01 -3.36601E-02
4.33011E-01 -3.30766E-02
4.37037E-01 -3.34895E-02
4.41095E-01 -3.38717E-02
4.45172E-01 -3.31961E-02
4.49257E-01 -3.35162E-02
4.53338E-01 -3.27779E-02
4.57406E-01 -3.30349E-02
4.61449E-01 -3.32602E-02
4.65456E-01 -3.24265E-02
4.69419E-01 -3.25877E-02
4.73327E-01 -3.27168E-02
4.77171E-01 -3.17865E-02
4.80942E-01 -3.18509E-02
4.84632E-01 -3.18830E-02
4.88233E-01 -3.18827E-02
4.91736E-01 -3.08227E-02
4.95135E-01 -3.07576E-02
4.98422E-01 -3.06602E-02
5.01590E-01 -3.05305E-02
5.04634E-01 -2.93413E-02
5.07546E-01 -2.91473E-02
5.10322E-01 -2.89214E-02
5.12956E-01 -2.86638E-02
5.15444E-01 -2.83745E-02
5.17779E-01 -2.70264E-02
5.19959E-01 -2.66745E-02
5.21979E-01 -2.62917E-02
5.23836E-01 -2.58783E-02
5.25526E-01 -2.54344E-02
5.27046E-01 -2.49604E-02
5.28393E-01 -2.44567E-02
5.29565E-01 -2.39235E-02
5.30561E-01 -2.23337E-02
5.31378E-01 -2.17428E-02
5.32015E-01 -2.11237E-02
5.32470E-01 -2.04767E-02
5.32744E-01 -1.98022E-02
5.32835E-01 -1.91009E-02
5.32744E-01 -1.83731E-02
5.32470E-01 -1.76193E-02
5.32015E-01 -1.68401E-02
5.31378E-01 -1.60360E-02
5.30561E-01 -1.52075E-02
5.29565E-01 -1.53828E-02
5.28393E-01 -1.45073E-02
5.27046E-01 -1.36093E-02
5.25526E-01 -1.26892E-02
5.23836E-01 -1.17478E-02
5.21980E-01 -1.07856E-02
5.19959E-01 -9.80343E-03
5.17780E-01 -8.80185E-03
5.15444E-01 -8.80903E-03
5.12957E-01 -7.77075E-03
5.10322E-01 -6.71519E-03
5.07546E-01 -5.64308E-03
5.04634E-01 -4.55513E-03
5.01590E-01 -4.47951E-03
4.98422E-01 -3.36215E-03
4.95135E-01 -2.23124E-03
4.91736E-01 -1.08754E-03
4.88233E-01 -9.59147E-04
4.84633E-01 2.07753E-04
4.80943E-01 1.38506E-03
4.77171E-01 2.57198E-03
4.73327E-01 2.74049E-03
4.69419E-01 3.94416E-03
4.65457E-01 5.15498E-03
4.61449E-01 5.34506E-03
4.57406E-01 6.56766E-03
4.53339E-01 7.79491E-03
4.49257E-01 7.99901E-03
4.45172E-01 9.23302E-03
4.41095E-01 9.44226E-03
4.37037E-01 1.06796E-02
4.33011E-01 1.19174E-02
4.29029E-01 1.21281E-02
4.25102E-01 1.33641E-02
4.21243E-01 1.35715E-02
4.17466E-01 1.48025E-02
4.13782E-01 1.50032E-02
4.10204E-01 1.62257E-02
4.06745E-01 1.74427E-02
4.03418E-01 1.76270E-02
4.00235E-01 1.88305E-02
3.97209E-01 1.89998E-02
3.94351E-01 2.01865E-02
3.91673E-01 2.03375E-02
3.89187E-01 2.15042E-02
3.86902E-01 2.16336E-02
3.84829E-01 2.27771E-02
3.82977E-01 2.28818E-02
3.81354E-01 2.39989E-02
3.79968E-01 2.40759E-02
3.78824E-01 2.51636E-02
3.77929E-01 2.52097E-02
3.77287E-01 2.62650E-02
3.76901E-01 2.62774E-02
3.76771E-01 2.72973E-02
