Will plot unflagged data


File # 1  = raise.vis
raise.vis 1.5136 GHz
Read 121 visibilities from all files

Baseline 2-5, plot 121 points
9.39198E+00 1.78169E-01
9.39520E+00 1.78168E-01
9.40484E+00 1.78166E-01
9.42085E+00 1.78161E-01
9.44315E+00 1.78156E-01
9.47165E+00 1.78148E-01
9.50621E+00 1.78139E-01
9.54666E+00 1.78127E-01
9.59283E+00 1.78115E-01
9.64450E+00 1.78101E-01
9.70146E+00 1.78085E-01
9.76344E+00 1.78068E-01
9.83019E+00 1.78049E-01
9.90143E+00 1.78030E-01
9.97686E+00 1.78008E-01
1.00562E+01 1.77986E-01
1.01391E+01 1.77962E-01
1.02254E+01 1.77938E-01
1.03145E+01 1.77913E-01
1.04064E+01 1.77887E-01
1.05006E+01 1.77860E-01
1.05967E+01 1.77831E-01
1.06946E+01 1.77802E-01
1.07939E+01 1.77773E-01
1.08943E+01 1.77743E-01
1.09954E+01 1.77713E-01
1.10970E+01 1.77683E-01
1.11989E+01 1.77652E-01
1.13006E+01 1.77621E-01
1.14020E+01 1.77590E-01
1.15028E+01 1.77558E-01
1.16027E+01 1.77528E-01
1.17015E+01 1.77498E-01
1.17989E+01 1.77466E-01
1.18947E+01 1.77437E-01
1.19887E+01 1.77407E-01
1.20807E+01 1.77379E-01
1.21704E+01 1.77350E-01
1.22578E+01 1.77323E-01
1.23425E+01 1.77297E-01
1.24244E+01 1.77269E-01
1.25034E+01 1.77244E-01
1.25793E+01 1.77219E-01
1.26519E+01 1.77196E-01
1.27211E+01 1.77175E-01
1.27867E+01 1.77151E-01
1.28487E+01 1.77133E-01
1.29070E+01 1.77114E-01
1.29613E+01 1.77095E-01
1.30117E+01 1.77079E-01
1.30579E+01 1.77063E-01
1.31001E+01 1.77049E-01
1.31379E+01 1.77038E-01
1.31715E+01 1.77027E-01
1.32008E+01 1.77016E-01
1.32256E+01 1.77008E-01
1.32459E+01 1.77002E-01
1.32618E+01 1.76997E-01
1.32732E+01 1.76991E-01
1.32800E+01 1.76991E-01
1.32823E+01 1.76988E-01
1.32800E+01 1.76991E-01
1.32732E+01 1.76991E-01
1.32618E+01 1.76997E-01
1.32459E+01 1.77002E-01
1.32256E+01 1.77008E-01
1.32008E+01 1.77016E-01
1.31715E+01 1.77027E-01
1.31379E+01 1.77038E-01
1.31001E+01 1.77049E-01
1.30579E+01 1.77063E-01
1.30117E+01 1.77079E-01
1.29613E+01 1.77095E-01
1.29070E+01 1.77114E-01
1.28487E+01 1.77133E-01
1.27867E+01 1.77151E-01
1.27211E+01 1.77175E-01
1.26519E+01 1.77196E-01
1.25793E+01 1.77219E-01
1.25034E+01 1.77244E-01
1.24244E+01 1.77269E-01
1.23425E+01 1.77297E-01
1.22578E+01 1.77323E-01
1.21704E+01 1.77350E-01
1.20807E+01 1.77379E-01
1.19887E+01 1.77407E-01
1.18947E+01 1.77437E-01
1.17989E+01 1.77466E-01
1.17015E+01 1.77498E-01
1.16027E+01 1.77528E-01
1.15028E+01 1.77558E-01
1.14020E+01 1.77590E-01
1.13006E+01 1.77621E-01
1.11989E+01 1.77652E-01
1.10970E+01 1.77683E-01
1.09954E+01 1.77713E-01
1.08943E+01 1.77743E-01
1.07939E+01 1.77773E-01
1.06946E+01 1.77802E-01
1.05967E+01 1.77831E-01
1.05006E+01 1.77860E-01
1.04064E+01 1.77887E-01
1.03146E+01 1.77913E-01
1.02254E+01 1.77937E-01
1.01391E+01 1.77962E-01
1.00562E+01 1.77986E-01
9.97687E+00 1.78008E-01
9.90143E+00 1.78030E-01
9.83019E+00 1.78049E-01
9.76344E+00 1.78068E-01
9.70146E+00 1.78085E-01
9.64451E+00 1.78101E-01
9.59283E+00 1.78115E-01
9.54667E+00 1.78127E-01
9.50621E+00 1.78139E-01
9.47165E+00 1.78148E-01
9.44316E+00 1.78156E-01
9.42085E+00 1.78161E-01
9.40484E+00 1.78166E-01
9.39520E+00 1.78168E-01
9.39198E+00 1.78169E-01
