Will plot unflagged data


File # 1  = raise.vis
raise.vis 1.5136 GHz
Read 121 visibilities from all files

Baseline 2-5, plot 121 points
9.39198E+00 -1.14983E+00
9.39520E+00 -1.17044E+00
9.40484E+00 -1.19122E+00
9.42085E+00 -1.21009E+00
9.44315E+00 -1.22910E+00
9.47165E+00 -1.24617E+00
9.50621E+00 -1.26333E+00
9.54666E+00 -1.27850E+00
9.59283E+00 -1.29372E+00
9.64450E+00 -1.30793E+00
9.70146E+00 -1.32113E+00
9.76344E+00 -1.33327E+00
9.83019E+00 -1.34435E+00
9.90143E+00 -1.35538E+00
9.97686E+00 -1.36428E+00
1.00562E+01 -1.37310E+00
1.01391E+01 -1.38078E+00
1.02254E+01 -1.38733E+00
1.03145E+01 -1.39372E+00
1.04064E+01 -1.39887E+00
1.05006E+01 -1.40277E+00
1.05967E+01 -1.40541E+00
1.06946E+01 -1.40678E+00
1.07939E+01 -1.40791E+00
1.08943E+01 -1.40774E+00
1.09954E+01 -1.40732E+00
1.10970E+01 -1.40559E+00
1.11989E+01 -1.40254E+00
1.13006E+01 -1.39817E+00
1.14020E+01 -1.39350E+00
1.15028E+01 -1.38750E+00
1.16027E+01 -1.38119E+00
1.17015E+01 -1.37353E+00
1.17989E+01 -1.36452E+00
1.18947E+01 -1.35519E+00
1.19887E+01 -1.34450E+00
1.20807E+01 -1.33349E+00
1.21704E+01 -1.32113E+00
1.22578E+01 -1.30844E+00
1.23425E+01 -1.29440E+00
1.24244E+01 -1.27901E+00
1.25034E+01 -1.26328E+00
1.25793E+01 -1.24619E+00
1.26519E+01 -1.22877E+00
1.27211E+01 -1.21102E+00
1.27867E+01 -1.19090E+00
1.28487E+01 -1.17151E+00
1.29070E+01 -1.15079E+00
1.29613E+01 -1.12875E+00
1.30117E+01 -1.10644E+00
1.30579E+01 -1.08283E+00
1.31001E+01 -1.05898E+00
1.31379E+01 -1.03489E+00
1.31715E+01 -1.00954E+00
1.32008E+01 -9.82953E-01
1.32256E+01 -9.56175E-01
1.32459E+01 -9.29221E-01
1.32618E+01 -9.01077E-01
1.32732E+01 -8.71759E-01
1.32800E+01 -8.43352E-01
1.32823E+01 -8.12778E-01
1.32800E+01 -7.83155E-01
1.32732E+01 -7.51405E-01
1.32618E+01 -7.20649E-01
1.32459E+01 -6.88843E-01
1.32256E+01 -6.56012E-01
1.32008E+01 -6.23210E-01
1.31715E+01 -5.90462E-01
1.31379E+01 -5.56763E-01
1.31001E+01 -5.22136E-01
1.30579E+01 -4.87641E-01
1.30117E+01 -4.53303E-01
1.29613E+01 -4.18120E-01
1.29070E+01 -3.83149E-01
1.28487E+01 -3.47389E-01
1.27867E+01 -3.10867E-01
1.27211E+01 -2.75672E-01
1.26519E+01 -2.38746E-01
1.25793E+01 -2.02174E-01
1.25034E+01 -1.65987E-01
1.24244E+01 -1.29184E-01
1.23425E+01 -9.28355E-02
1.22578E+01 -5.59621E-02
1.21704E+01 -1.85948E-02
1.20807E+01 1.82046E-02
1.19887E+01 5.54325E-02
1.18947E+01 9.20254E-02
1.17989E+01 1.28981E-01
1.17015E+01 1.65234E-01
1.16027E+01 2.01782E-01
1.15028E+01 2.38593E-01
1.14020E+01 2.74599E-01
1.13006E+01 3.10798E-01
1.11989E+01 3.46124E-01
1.10970E+01 3.81574E-01
1.09954E+01 4.17114E-01
1.08943E+01 4.52709E-01
1.07939E+01 4.87293E-01
1.06946E+01 5.21864E-01
1.05967E+01 5.55360E-01
1.05006E+01 5.88780E-01
1.04064E+01 6.22095E-01
1.03146E+01 6.55276E-01
1.02254E+01 6.88294E-01
1.01391E+01 7.20048E-01
1.00562E+01 7.51500E-01
9.97687E+00 7.82623E-01
9.90143E+00 8.12358E-01
9.83019E+00 8.42739E-01
9.76344E+00 8.71673E-01
9.70146E+00 9.00160E-01
9.64451E+00 9.28172E-01
9.59283E+00 9.55676E-01
9.54667E+00 9.82642E-01
9.50621E+00 1.00801E+00
9.47165E+00 1.03380E+00
9.44316E+00 1.05794E+00
9.42085E+00 1.08246E+00
9.40484E+00 1.10528E+00
9.39520E+00 1.12842E+00
9.39198E+00 1.14982E+00
