Will plot unflagged data


File # 1  = raise.vis
raise.vis 0.4786 GHz
Read 121 visibilities from all files

Baseline 3-5, plot 121 points
1.19146E+00 -3.22466E-01
1.19186E+00 -3.28138E-01
1.19309E+00 -3.33577E-01
1.19512E+00 -3.39802E-01
1.19795E+00 -3.44751E-01
1.20156E+00 -3.49445E-01
1.20595E+00 -3.53876E-01
1.21108E+00 -3.59066E-01
1.21693E+00 -3.62950E-01
1.22349E+00 -3.66551E-01
1.23072E+00 -3.70892E-01
1.23858E+00 -3.73906E-01
1.24705E+00 -3.77649E-01
1.25608E+00 -3.80054E-01
1.26565E+00 -3.83175E-01
1.27572E+00 -3.84945E-01
1.28624E+00 -3.87422E-01
1.29718E+00 -3.89570E-01
1.30849E+00 -3.91383E-01
1.32014E+00 -3.91824E-01
1.33209E+00 -3.92953E-01
1.34429E+00 -3.93734E-01
1.35671E+00 -3.95196E-01
1.36930E+00 -3.95269E-01
1.38203E+00 -3.94983E-01
1.39486E+00 -3.94334E-01
1.40776E+00 -3.94352E-01
1.42067E+00 -3.92969E-01
1.43358E+00 -3.92247E-01
1.44644E+00 -3.91152E-01
1.45923E+00 -3.89681E-01
1.47190E+00 -3.87833E-01
1.48443E+00 -3.85606E-01
1.49679E+00 -3.82999E-01
1.50895E+00 -3.80011E-01
1.52087E+00 -3.77673E-01
1.53254E+00 -3.73921E-01
1.54393E+00 -3.70818E-01
1.55501E+00 -3.67333E-01
1.56575E+00 -3.62432E-01
1.57615E+00 -3.58183E-01
1.58617E+00 -3.54585E-01
1.59579E+00 -3.49574E-01
1.60500E+00 -3.44184E-01
1.61378E+00 -3.39451E-01
1.62211E+00 -3.34341E-01
1.62998E+00 -3.28859E-01
1.63736E+00 -3.23005E-01
1.64426E+00 -3.16783E-01
1.65064E+00 -3.10196E-01
1.65651E+00 -3.03246E-01
1.66186E+00 -2.96970E-01
1.66666E+00 -2.90339E-01
1.67093E+00 -2.83355E-01
1.67463E+00 -2.76025E-01
1.67778E+00 -2.68351E-01
1.68036E+00 -2.60338E-01
1.68238E+00 -2.53024E-01
1.68382E+00 -2.44348E-01
1.68468E+00 -2.36382E-01
1.68497E+00 -2.28097E-01
1.68468E+00 -2.19499E-01
1.68382E+00 -2.10595E-01
1.68238E+00 -2.02423E-01
1.68036E+00 -1.92924E-01
1.67778E+00 -1.84170E-01
1.67463E+00 -1.75135E-01
1.67093E+00 -1.65826E-01
1.66666E+00 -1.56250E-01
1.66186E+00 -1.46414E-01
1.65652E+00 -1.36326E-01
1.65064E+00 -1.27026E-01
1.64426E+00 -1.17489E-01
1.63736E+00 -1.07723E-01
1.62998E+00 -9.77367E-02
1.62211E+00 -8.75375E-02
1.61378E+00 -7.71341E-02
1.60500E+00 -6.65351E-02
1.59579E+00 -5.67822E-02
1.58617E+00 -4.68510E-02
1.57615E+00 -3.57179E-02
1.56575E+00 -2.54575E-02
1.55501E+00 -1.60791E-02
1.54393E+00 -5.52600E-03
1.53254E+00 5.15946E-03
1.52087E+00 1.49348E-02
1.50895E+00 2.58566E-02
1.49679E+00 3.58492E-02
1.48443E+00 4.59359E-02
1.47190E+00 5.61071E-02
1.45923E+00 6.63529E-02
1.44645E+00 7.66634E-02
1.43358E+00 8.70289E-02
1.42068E+00 9.74394E-02
1.40776E+00 1.06852E-01
1.39486E+00 1.17323E-01
1.38203E+00 1.26776E-01
1.36930E+00 1.36234E-01
1.35671E+00 1.45687E-01
1.34429E+00 1.56158E-01
1.33209E+00 1.65572E-01
1.32014E+00 1.74951E-01
1.30849E+00 1.83253E-01
1.29718E+00 1.92534E-01
1.28624E+00 2.01750E-01
1.27572E+00 2.10892E-01
1.26565E+00 2.18919E-01
1.25608E+00 2.27884E-01
1.24705E+00 2.35715E-01
1.23858E+00 2.44465E-01
1.23072E+00 2.52062E-01
1.22349E+00 2.60559E-01
1.21694E+00 2.67886E-01
1.21108E+00 2.75064E-01
1.20595E+00 2.83113E-01
1.20156E+00 2.89967E-01
1.19795E+00 2.96645E-01
1.19512E+00 3.03140E-01
1.19309E+00 3.10469E-01
1.19186E+00 3.16570E-01
1.19146E+00 3.22464E-01
