Will plot unflagged data


File # 1  = raise.vis
raise.vis 0.4786 GHz
Read 121 visibilities from all files

Baseline 3-5, plot 121 points
1.19146E+00 2.94907E+00
1.19186E+00 2.94907E+00
1.19309E+00 2.94907E+00
1.19512E+00 2.94906E+00
1.19795E+00 2.94905E+00
1.20156E+00 2.94903E+00
1.20595E+00 2.94901E+00
1.21108E+00 2.94900E+00
1.21693E+00 2.94897E+00
1.22349E+00 2.94895E+00
1.23072E+00 2.94892E+00
1.23858E+00 2.94889E+00
1.24705E+00 2.94886E+00
1.25608E+00 2.94882E+00
1.26565E+00 2.94878E+00
1.27572E+00 2.94874E+00
1.28624E+00 2.94870E+00
1.29718E+00 2.94866E+00
1.30849E+00 2.94861E+00
1.32014E+00 2.94855E+00
1.33209E+00 2.94850E+00
1.34429E+00 2.94845E+00
1.35671E+00 2.94841E+00
1.36930E+00 2.94835E+00
1.38203E+00 2.94829E+00
1.39486E+00 2.94823E+00
1.40776E+00 2.94818E+00
1.42067E+00 2.94812E+00
1.43358E+00 2.94806E+00
1.44644E+00 2.94801E+00
1.45923E+00 2.94795E+00
1.47190E+00 2.94789E+00
1.48443E+00 2.94783E+00
1.49679E+00 2.94777E+00
1.50895E+00 2.94771E+00
1.52087E+00 2.94766E+00
1.53254E+00 2.94760E+00
1.54393E+00 2.94755E+00
1.55501E+00 2.94750E+00
1.56575E+00 2.94743E+00
1.57615E+00 2.94738E+00
1.58617E+00 2.94734E+00
1.59579E+00 2.94729E+00
1.60500E+00 2.94723E+00
1.61378E+00 2.94719E+00
1.62211E+00 2.94716E+00
1.62998E+00 2.94712E+00
1.63736E+00 2.94708E+00
1.64426E+00 2.94704E+00
1.65064E+00 2.94700E+00
1.65651E+00 2.94696E+00
1.66186E+00 2.94694E+00
1.66666E+00 2.94692E+00
1.67093E+00 2.94690E+00
1.67463E+00 2.94689E+00
1.67778E+00 2.94687E+00
1.68036E+00 2.94685E+00
1.68238E+00 2.94684E+00
1.68382E+00 2.94682E+00
1.68468E+00 2.94682E+00
1.68497E+00 2.94682E+00
1.68468E+00 2.94682E+00
1.68382E+00 2.94682E+00
1.68238E+00 2.94684E+00
1.68036E+00 2.94684E+00
1.67778E+00 2.94687E+00
1.67463E+00 2.94689E+00
1.67093E+00 2.94691E+00
1.66666E+00 2.94692E+00
1.66186E+00 2.94694E+00
1.65652E+00 2.94696E+00
1.65064E+00 2.94700E+00
1.64426E+00 2.94704E+00
1.63736E+00 2.94708E+00
1.62998E+00 2.94712E+00
1.62211E+00 2.94716E+00
1.61378E+00 2.94719E+00
1.60500E+00 2.94723E+00
1.59579E+00 2.94729E+00
1.58617E+00 2.94734E+00
1.57615E+00 2.94737E+00
1.56575E+00 2.94743E+00
1.55501E+00 2.94750E+00
1.54393E+00 2.94755E+00
1.53254E+00 2.94760E+00
1.52087E+00 2.94766E+00
1.50895E+00 2.94771E+00
1.49679E+00 2.94777E+00
1.48443E+00 2.94783E+00
1.47190E+00 2.94789E+00
1.45923E+00 2.94795E+00
1.44645E+00 2.94801E+00
1.43358E+00 2.94806E+00
1.42068E+00 2.94812E+00
1.40776E+00 2.94818E+00
1.39486E+00 2.94823E+00
1.38203E+00 2.94829E+00
1.36930E+00 2.94835E+00
1.35671E+00 2.94841E+00
1.34429E+00 2.94845E+00
1.33209E+00 2.94851E+00
1.32014E+00 2.94855E+00
1.30849E+00 2.94861E+00
1.29718E+00 2.94866E+00
1.28624E+00 2.94870E+00
1.27572E+00 2.94874E+00
1.26565E+00 2.94878E+00
1.25608E+00 2.94882E+00
1.24705E+00 2.94886E+00
1.23858E+00 2.94889E+00
1.23072E+00 2.94892E+00
1.22349E+00 2.94895E+00
1.21694E+00 2.94897E+00
1.21108E+00 2.94900E+00
1.20595E+00 2.94902E+00
1.20156E+00 2.94903E+00
1.19795E+00 2.94905E+00
1.19512E+00 2.94906E+00
1.19309E+00 2.94907E+00
1.19186E+00 2.94907E+00
1.19146E+00 2.94907E+00
