Will plot unflagged data


File # 1  = raise.vis
raise.vis 15.1356 GHz
Read 121 visibilities from all files

Baseline 2-4, plot 121 points
7.09859E+01 -5.14313E+00
7.10102E+01 -5.23705E+00
7.10831E+01 -5.32599E+00
7.12041E+01 -5.41222E+00
7.13727E+01 -5.49492E+00
7.15881E+01 -5.57436E+00
7.18492E+01 -5.64846E+00
7.21550E+01 -5.71945E+00
7.25039E+01 -5.78743E+00
7.28945E+01 -5.85056E+00
7.33250E+01 -5.90901E+00
7.37934E+01 -5.96399E+00
7.42979E+01 -6.01543E+00
7.48364E+01 -6.06264E+00
7.54065E+01 -6.10483E+00
7.60062E+01 -6.14319E+00
7.66331E+01 -6.17758E+00
7.72847E+01 -6.20741E+00
7.79588E+01 -6.23394E+00
7.86529E+01 -6.25525E+00
7.93647E+01 -6.27234E+00
8.00916E+01 -6.28560E+00
8.08315E+01 -6.29422E+00
8.15818E+01 -6.29830E+00
8.23403E+01 -6.29902E+00
8.31048E+01 -6.29476E+00
8.38729E+01 -6.28554E+00
8.46425E+01 -6.27252E+00
8.54116E+01 -6.25579E+00
8.61779E+01 -6.23436E+00
8.69396E+01 -6.20874E+00
8.76947E+01 -6.17803E+00
8.84413E+01 -6.14438E+00
8.91775E+01 -6.10578E+00
8.99018E+01 -6.06340E+00
9.06123E+01 -6.01584E+00
9.13075E+01 -5.96511E+00
9.19859E+01 -5.91031E+00
9.26459E+01 -5.85147E+00
9.32863E+01 -5.78762E+00
9.39055E+01 -5.72090E+00
9.45025E+01 -5.65025E+00
9.50759E+01 -5.57545E+00
9.56246E+01 -5.49660E+00
9.61477E+01 -5.41376E+00
9.66439E+01 -5.32803E+00
9.71126E+01 -5.23842E+00
9.75526E+01 -5.14497E+00
9.79633E+01 -5.04775E+00
9.83439E+01 -4.94783E+00
9.86937E+01 -4.84425E+00
9.90121E+01 -4.73701E+00
9.92984E+01 -4.62714E+00
9.95523E+01 -4.51369E+00
9.97732E+01 -4.39674E+00
9.99607E+01 -4.27740E+00
1.00115E+02 -4.15472E+00
1.00235E+02 -4.02878E+00
1.00320E+02 -3.90068E+00
1.00372E+02 -3.77052E+00
1.00389E+02 -3.63735E+00
1.00372E+02 -3.50126E+00
1.00320E+02 -3.36234E+00
1.00235E+02 -3.22173E+00
1.00115E+02 -3.07952E+00
9.99608E+01 -2.93478E+00
9.97732E+01 -2.78762E+00
9.95523E+01 -2.63917E+00
9.92984E+01 -2.48851E+00
9.90121E+01 -2.33573E+00
9.86937E+01 -2.18197E+00
9.83440E+01 -2.02638E+00
9.79634E+01 -1.86912E+00
9.75527E+01 -1.71135E+00
9.71126E+01 -1.55216E+00
9.66440E+01 -1.39165E+00
9.61477E+01 -1.22997E+00
9.56247E+01 -1.06826E+00
9.50759E+01 -9.05596E-01
9.45025E+01 -7.42079E-01
9.39056E+01 -5.77773E-01
9.32863E+01 -4.13072E-01
9.26460E+01 -2.49181E-01
9.19859E+01 -8.41142E-02
9.13076E+01 8.09909E-02
9.06124E+01 2.46033E-01
8.99018E+01 4.09947E-01
8.91776E+01 5.74601E-01
8.84413E+01 7.38466E-01
8.76947E+01 9.02557E-01
8.69397E+01 1.06474E+00
8.61780E+01 1.22702E+00
8.54116E+01 1.38838E+00
8.46426E+01 1.54920E+00
8.38730E+01 1.70837E+00
8.31048E+01 1.86587E+00
8.23404E+01 2.02272E+00
8.15818E+01 2.17886E+00
8.08315E+01 2.33255E+00
8.00917E+01 2.48487E+00
7.93647E+01 2.63582E+00
7.86530E+01 2.78448E+00
7.79588E+01 2.93117E+00
7.72848E+01 3.07681E+00
7.66331E+01 3.21938E+00
7.60062E+01 3.36006E+00
7.54066E+01 3.49821E+00
7.48364E+01 3.63463E+00
7.42980E+01 3.76737E+00
7.37935E+01 3.89867E+00
7.33250E+01 4.02674E+00
7.28945E+01 4.15148E+00
7.25040E+01 4.27404E+00
7.21550E+01 4.39456E+00
7.18493E+01 4.51115E+00
7.15881E+01 4.62389E+00
7.13727E+01 4.73498E+00
7.12041E+01 4.84232E+00
7.10831E+01 4.94616E+00
7.10102E+01 5.04567E+00
7.09859E+01 5.14312E+00
