Will plot unflagged data


File # 1  = raise.vis
raise.vis 15.1356 GHz
Read 121 visibilities from all files

Baseline 2-4, plot 121 points
7.09859E+01 6.92543E-03
7.10102E+01 6.92520E-03
7.10831E+01 6.92452E-03
7.12041E+01 6.92338E-03
7.13727E+01 6.92181E-03
7.15881E+01 6.91982E-03
7.18492E+01 6.91736E-03
7.21550E+01 6.91449E-03
7.25039E+01 6.91127E-03
7.28945E+01 6.90763E-03
7.33250E+01 6.90358E-03
7.37934E+01 6.89920E-03
7.42979E+01 6.89452E-03
7.48364E+01 6.88953E-03
7.54065E+01 6.88419E-03
7.60062E+01 6.87861E-03
7.66331E+01 6.87279E-03
7.72847E+01 6.86673E-03
7.79588E+01 6.86054E-03
7.86529E+01 6.85410E-03
7.93647E+01 6.84752E-03
8.00916E+01 6.84085E-03
8.08315E+01 6.83405E-03
8.15818E+01 6.82715E-03
8.23403E+01 6.82028E-03
8.31048E+01 6.81331E-03
8.38729E+01 6.80627E-03
8.46425E+01 6.79928E-03
8.54116E+01 6.79238E-03
8.61779E+01 6.78549E-03
8.69396E+01 6.77867E-03
8.76947E+01 6.77185E-03
8.84413E+01 6.76525E-03
8.91775E+01 6.75870E-03
8.99018E+01 6.75232E-03
9.06123E+01 6.74598E-03
9.13075E+01 6.73990E-03
9.19859E+01 6.73399E-03
9.26459E+01 6.72826E-03
9.32863E+01 6.72261E-03
9.39055E+01 6.71728E-03
9.45025E+01 6.71217E-03
9.50759E+01 6.70725E-03
9.56246E+01 6.70252E-03
9.61477E+01 6.69801E-03
9.66439E+01 6.69383E-03
9.71126E+01 6.68987E-03
9.75526E+01 6.68614E-03
9.79633E+01 6.68263E-03
9.83439E+01 6.67948E-03
9.86937E+01 6.67656E-03
9.90121E+01 6.67387E-03
9.92984E+01 6.67152E-03
9.95523E+01 6.66941E-03
9.97732E+01 6.66752E-03
9.99607E+01 6.66599E-03
1.00115E+02 6.66469E-03
1.00235E+02 6.66363E-03
1.00320E+02 6.66292E-03
1.00372E+02 6.66256E-03
1.00389E+02 6.66244E-03
1.00372E+02 6.66256E-03
1.00320E+02 6.66292E-03
1.00235E+02 6.66363E-03
1.00115E+02 6.66469E-03
9.99608E+01 6.66599E-03
9.97732E+01 6.66752E-03
9.95523E+01 6.66941E-03
9.92984E+01 6.67153E-03
9.90121E+01 6.67387E-03
9.86937E+01 6.67656E-03
9.83440E+01 6.67948E-03
9.79634E+01 6.68263E-03
9.75527E+01 6.68614E-03
9.71126E+01 6.68987E-03
9.66440E+01 6.69383E-03
9.61477E+01 6.69801E-03
9.56247E+01 6.70252E-03
9.50759E+01 6.70725E-03
9.45025E+01 6.71217E-03
9.39056E+01 6.71728E-03
9.32863E+01 6.72261E-03
9.26460E+01 6.72826E-03
9.19859E+01 6.73399E-03
9.13076E+01 6.73990E-03
9.06124E+01 6.74598E-03
8.99018E+01 6.75232E-03
8.91776E+01 6.75870E-03
8.84413E+01 6.76525E-03
8.76947E+01 6.77185E-03
8.69397E+01 6.77867E-03
8.61780E+01 6.78549E-03
8.54116E+01 6.79238E-03
8.46426E+01 6.79928E-03
8.38730E+01 6.80627E-03
8.31048E+01 6.81331E-03
8.23404E+01 6.82028E-03
8.15818E+01 6.82715E-03
8.08315E+01 6.83405E-03
8.00917E+01 6.84085E-03
7.93647E+01 6.84752E-03
7.86530E+01 6.85410E-03
7.79588E+01 6.86054E-03
7.72848E+01 6.86673E-03
7.66331E+01 6.87279E-03
7.60062E+01 6.87861E-03
7.54066E+01 6.88419E-03
7.48364E+01 6.88947E-03
7.42980E+01 6.89452E-03
7.37935E+01 6.89920E-03
7.33250E+01 6.90358E-03
7.28945E+01 6.90763E-03
7.25040E+01 6.91127E-03
7.21550E+01 6.91449E-03
7.18493E+01 6.91736E-03
7.15881E+01 6.91982E-03
7.13727E+01 6.92181E-03
7.12041E+01 6.92338E-03
7.10831E+01 6.92452E-03
7.10102E+01 6.92520E-03
7.09859E+01 6.92543E-03
