Will plot unflagged data


File # 1  = raise.vis
raise.vis 1.5136 GHz
Read 121 visibilities from all files

Baseline 4-5, plot 121 points
2.29339E+00 -1.07907E+00
2.29418E+00 -1.09914E+00
2.29653E+00 -1.11738E+00
2.30044E+00 -1.13582E+00
2.30589E+00 -1.15343E+00
2.31285E+00 -1.16915E+00
2.32128E+00 -1.18501E+00
2.33116E+00 -1.19998E+00
2.34244E+00 -1.21403E+00
2.35505E+00 -1.22713E+00
2.36896E+00 -1.23927E+00
2.38410E+00 -1.25147E+00
2.40039E+00 -1.26162E+00
2.41779E+00 -1.27179E+00
2.43621E+00 -1.28092E+00
2.45559E+00 -1.28900E+00
2.47584E+00 -1.29601E+00
2.49689E+00 -1.30195E+00
2.51867E+00 -1.30783E+00
2.54109E+00 -1.31258E+00
2.56409E+00 -1.31617E+00
2.58758E+00 -1.31856E+00
2.61148E+00 -1.32078E+00
2.63572E+00 -1.32181E+00
2.66023E+00 -1.32162E+00
2.68492E+00 -1.32021E+00
2.70974E+00 -1.31861E+00
2.73461E+00 -1.31577E+00
2.75945E+00 -1.31272E+00
2.78421E+00 -1.30842E+00
2.80882E+00 -1.30286E+00
2.83321E+00 -1.29604E+00
2.85733E+00 -1.28899E+00
2.88112E+00 -1.28066E+00
2.90452E+00 -1.27210E+00
2.92748E+00 -1.26226E+00
2.94994E+00 -1.25115E+00
2.97185E+00 -1.23979E+00
2.99318E+00 -1.22715E+00
3.01386E+00 -1.21428E+00
3.03387E+00 -1.20013E+00
3.05316E+00 -1.18574E+00
3.07168E+00 -1.17008E+00
3.08941E+00 -1.15317E+00
3.10631E+00 -1.13603E+00
3.12234E+00 -1.11763E+00
3.13748E+00 -1.09902E+00
3.15170E+00 -1.07915E+00
3.16497E+00 -1.05908E+00
3.17727E+00 -1.03778E+00
3.18857E+00 -1.01629E+00
3.19885E+00 -9.93600E-01
3.20810E+00 -9.70746E-01
3.21630E+00 -9.46715E-01
3.22344E+00 -9.22550E-01
3.22950E+00 -8.97235E-01
3.23447E+00 -8.71817E-01
3.23835E+00 -8.45281E-01
3.24112E+00 -8.18675E-01
3.24279E+00 -7.90985E-01
3.24335E+00 -7.63261E-01
3.24279E+00 -7.34492E-01
3.24112E+00 -7.05727E-01
3.23835E+00 -6.75956E-01
3.23447E+00 -6.46231E-01
3.22950E+00 -6.15543E-01
3.22344E+00 -5.84944E-01
3.21631E+00 -5.53428E-01
3.20810E+00 -5.22047E-01
3.19885E+00 -4.89795E-01
3.18857E+00 -4.57727E-01
3.17727E+00 -4.24838E-01
3.16497E+00 -3.92182E-01
3.15170E+00 -3.58757E-01
3.13748E+00 -3.25615E-01
3.12234E+00 -2.91755E-01
3.10631E+00 -2.58236E-01
3.08941E+00 -2.24070E-01
3.07168E+00 -1.90313E-01
3.05316E+00 -1.55968E-01
3.03387E+00 -1.21063E-01
3.01387E+00 -8.66581E-02
2.99318E+00 -5.17542E-02
2.97185E+00 -1.74124E-02
2.94994E+00 1.73672E-02
2.92748E+00 5.15220E-02
2.90452E+00 8.60524E-02
2.88112E+00 1.20927E-01
2.85733E+00 1.55082E-01
2.83321E+00 1.89517E-01
2.80882E+00 2.23168E-01
2.78421E+00 2.57035E-01
2.75945E+00 2.91085E-01
2.73461E+00 3.25286E-01
2.70974E+00 3.58573E-01
2.68493E+00 3.91946E-01
2.66023E+00 4.24341E-01
2.63572E+00 4.56761E-01
2.61148E+00 4.89172E-01
2.58758E+00 5.21547E-01
2.56409E+00 5.52827E-01
2.54110E+00 5.84014E-01
2.51867E+00 6.15080E-01
2.49689E+00 6.45944E-01
2.47584E+00 6.75534E-01
2.45559E+00 7.04850E-01
2.43621E+00 7.33865E-01
2.41779E+00 7.62551E-01
2.40040E+00 7.90880E-01
2.38410E+00 8.17790E-01
2.36896E+00 8.45317E-01
2.35505E+00 8.71366E-01
2.34244E+00 8.96939E-01
2.33116E+00 9.22008E-01
2.32128E+00 9.46544E-01
2.31285E+00 9.70519E-01
2.30589E+00 9.92875E-01
2.30044E+00 1.01565E+00
2.29653E+00 1.03779E+00
2.29418E+00 1.05825E+00
2.29339E+00 1.07906E+00
