Will plot unflagged data


File # 1  = raise.vis
raise.vis 0.1514 GHz
Read 121 visibilities from all files

Baseline 4-5, plot 121 points
2.29339E-01 9.05419E-01
2.29418E-01 9.05419E-01
2.29653E-01 9.05419E-01
2.30044E-01 9.05419E-01
2.30589E-01 9.05419E-01
2.31285E-01 9.05419E-01
2.32128E-01 9.05419E-01
2.33116E-01 9.05419E-01
2.34244E-01 9.05419E-01
2.35505E-01 9.05419E-01
2.36896E-01 9.05418E-01
2.38410E-01 9.05419E-01
2.40039E-01 9.05418E-01
2.41779E-01 9.05418E-01
2.43621E-01 9.05418E-01
2.45559E-01 9.05418E-01
2.47584E-01 9.05418E-01
2.49689E-01 9.05418E-01
2.51867E-01 9.05418E-01
2.54109E-01 9.05418E-01
2.56409E-01 9.05418E-01
2.58758E-01 9.05418E-01
2.61148E-01 9.05418E-01
2.63572E-01 9.05417E-01
2.66023E-01 9.05417E-01
2.68492E-01 9.05417E-01
2.70974E-01 9.05417E-01
2.73461E-01 9.05416E-01
2.75945E-01 9.05416E-01
2.78421E-01 9.05416E-01
2.80882E-01 9.05416E-01
2.83321E-01 9.05416E-01
2.85733E-01 9.05416E-01
2.88112E-01 9.05416E-01
2.90452E-01 9.05416E-01
2.92747E-01 9.05416E-01
2.94994E-01 9.05415E-01
2.97185E-01 9.05415E-01
2.99318E-01 9.05415E-01
3.01386E-01 9.05415E-01
3.03387E-01 9.05415E-01
3.05316E-01 9.05415E-01
3.07168E-01 9.05415E-01
3.08941E-01 9.05415E-01
3.10631E-01 9.05414E-01
3.12234E-01 9.05414E-01
3.13748E-01 9.05414E-01
3.15170E-01 9.05414E-01
3.16497E-01 9.05414E-01
3.17727E-01 9.05414E-01
3.18857E-01 9.05413E-01
3.19885E-01 9.05413E-01
3.20810E-01 9.05413E-01
3.21630E-01 9.05413E-01
3.22344E-01 9.05413E-01
3.22950E-01 9.05413E-01
3.23447E-01 9.05413E-01
3.23835E-01 9.05414E-01
3.24112E-01 9.05414E-01
3.24279E-01 9.05413E-01
3.24335E-01 9.05413E-01
3.24279E-01 9.05413E-01
3.24112E-01 9.05413E-01
3.23835E-01 9.05413E-01
3.23447E-01 9.05413E-01
3.22950E-01 9.05413E-01
3.22344E-01 9.05413E-01
3.21631E-01 9.05413E-01
3.20810E-01 9.05414E-01
3.19885E-01 9.05414E-01
3.18857E-01 9.05413E-01
3.17727E-01 9.05414E-01
3.16497E-01 9.05414E-01
3.15170E-01 9.05414E-01
3.13748E-01 9.05414E-01
3.12234E-01 9.05414E-01
3.10631E-01 9.05414E-01
3.08941E-01 9.05415E-01
3.07168E-01 9.05415E-01
3.05316E-01 9.05415E-01
3.03387E-01 9.05415E-01
3.01387E-01 9.05415E-01
2.99318E-01 9.05415E-01
2.97185E-01 9.05415E-01
2.94994E-01 9.05415E-01
2.92748E-01 9.05416E-01
2.90452E-01 9.05415E-01
2.88112E-01 9.05415E-01
2.85733E-01 9.05416E-01
2.83321E-01 9.05416E-01
2.80882E-01 9.05416E-01
2.78421E-01 9.05416E-01
2.75945E-01 9.05416E-01
2.73461E-01 9.05416E-01
2.70974E-01 9.05417E-01
2.68493E-01 9.05417E-01
2.66023E-01 9.05417E-01
2.63572E-01 9.05417E-01
2.61148E-01 9.05418E-01
2.58758E-01 9.05417E-01
2.56409E-01 9.05417E-01
2.54110E-01 9.05418E-01
2.51867E-01 9.05418E-01
2.49689E-01 9.05418E-01
2.47584E-01 9.05418E-01
2.45559E-01 9.05419E-01
2.43621E-01 9.05419E-01
2.41779E-01 9.05419E-01
2.40040E-01 9.05419E-01
2.38410E-01 9.05419E-01
2.36896E-01 9.05419E-01
2.35505E-01 9.05419E-01
2.34244E-01 9.05419E-01
2.33116E-01 9.05419E-01
2.32128E-01 9.05419E-01
2.31285E-01 9.05419E-01
2.30589E-01 9.05419E-01
2.30044E-01 9.05419E-01
2.29653E-01 9.05419E-01
2.29418E-01 9.05419E-01
2.29339E-01 9.05419E-01
