Will plot unflagged data


File # 1  = raise.vis
raise.vis 0.1514 GHz
Read 121 visibilities from all files

Baseline 4-5, plot 121 points
2.29339E-01 -2.80778E-02
2.29418E-01 -2.80820E-02
2.29653E-01 -2.90919E-02
2.30044E-01 -2.90554E-02
2.30589E-01 -3.00233E-02
2.31285E-01 -2.99435E-02
2.32128E-01 -3.08667E-02
2.33116E-01 -3.07408E-02
2.34244E-01 -3.16169E-02
2.35505E-01 -3.24686E-02
2.36896E-01 -3.22692E-02
2.38410E-01 -3.30701E-02
2.40039E-01 -3.28187E-02
2.41779E-01 -3.35668E-02
2.43621E-01 -3.32614E-02
2.45559E-01 -3.39545E-02
2.47584E-01 -3.35930E-02
2.49689E-01 -3.42293E-02
2.51867E-01 -3.38100E-02
2.54109E-01 -3.43877E-02
2.56409E-01 -3.39090E-02
2.58758E-01 -3.44265E-02
2.61148E-01 -3.49134E-02
2.63572E-01 -3.43426E-02
2.66023E-01 -3.47673E-02
2.68492E-01 -3.41335E-02
2.70974E-01 -3.44948E-02
2.73461E-01 -3.37971E-02
2.75945E-01 -3.40940E-02
2.78421E-01 -3.43583E-02
2.80882E-01 -3.35630E-02
2.83321E-01 -3.37618E-02
2.85733E-01 -3.39277E-02
2.88112E-01 -3.30333E-02
2.90452E-01 -3.31329E-02
2.92747E-01 -3.31992E-02
2.94994E-01 -3.22049E-02
2.97185E-01 -3.22046E-02
2.99318E-01 -3.21709E-02
3.01386E-01 -3.21040E-02
3.03387E-01 -3.09764E-02
3.05316E-01 -3.08430E-02
3.07168E-01 -3.06765E-02
3.08941E-01 -3.04770E-02
3.10631E-01 -2.92172E-02
3.12234E-01 -2.89522E-02
3.13748E-01 -2.86547E-02
3.15170E-01 -2.83249E-02
3.16497E-01 -2.79630E-02
3.17727E-01 -2.75693E-02
3.18857E-01 -2.61164E-02
3.19885E-01 -2.56599E-02
3.20810E-01 -2.51724E-02
3.21630E-01 -2.46543E-02
3.22344E-01 -2.41059E-02
3.22950E-01 -2.35277E-02
3.23447E-01 -2.29199E-02
3.23835E-01 -2.22831E-02
3.24112E-01 -2.16176E-02
3.24279E-01 -2.09239E-02
3.24335E-01 -2.02026E-02
3.24279E-01 -1.94540E-02
3.24112E-01 -1.86787E-02
3.23835E-01 -1.78773E-02
3.23447E-01 -1.70502E-02
3.22950E-01 -1.61981E-02
3.22344E-01 -1.53215E-02
3.21631E-01 -1.44210E-02
3.20810E-01 -1.34973E-02
3.19885E-01 -1.25510E-02
3.18857E-01 -1.15827E-02
3.17727E-01 -1.16207E-02
3.16497E-01 -1.06105E-02
3.15170E-01 -9.58033E-03
3.13748E-01 -8.53093E-03
3.12234E-01 -7.46303E-03
3.10631E-01 -6.37735E-03
3.08941E-01 -6.30210E-03
3.07168E-01 -5.18311E-03
3.05316E-01 -4.04860E-03
3.03387E-01 -2.89937E-03
3.01387E-01 -2.76358E-03
2.99318E-01 -1.58725E-03
2.97185E-01 -3.98568E-04
2.94994E-01 8.01631E-04
2.92748E-01 9.85235E-04
2.90452E-01 2.20600E-03
2.88112E-01 3.43583E-03
2.85733E-01 3.64669E-03
2.83321E-01 4.89205E-03
2.80882E-01 6.14389E-03
2.78421E-01 6.37434E-03
2.75945E-01 7.63661E-03
2.73461E-01 8.90279E-03
2.70974E-01 9.14506E-03
2.68493E-01 1.04165E-02
2.66023E-01 1.06623E-02
2.63572E-01 1.19354E-02
2.61148E-01 1.21813E-02
2.58758E-01 1.34527E-02
2.56409E-01 1.47218E-02
2.54110E-01 1.49614E-02
2.51867E-01 1.62236E-02
2.49689E-01 1.64545E-02
2.47584E-01 1.77062E-02
2.45559E-01 1.79250E-02
2.43621E-01 1.91629E-02
2.41779E-01 1.93663E-02
2.40040E-01 2.05869E-02
2.38410E-01 2.07715E-02
2.36896E-01 2.19715E-02
2.35505E-01 2.21339E-02
2.34244E-01 2.33100E-02
2.33116E-01 2.44729E-02
2.32128E-01 2.45959E-02
2.31285E-01 2.57301E-02
2.30589E-01 2.58231E-02
2.30044E-01 2.69255E-02
2.29653E-01 2.69852E-02
2.29418E-01 2.80528E-02
2.29339E-01 2.80763E-02
