Will plot unflagged data


File # 1  = raise.vis
raise.vis 15.1356 GHz
Read 121 visibilities from all files

Baseline 2-3, plot 121 points
5.62427E+01 6.50677E-02
5.62620E+01 6.50536E-02
5.63197E+01 6.50115E-02
5.64155E+01 6.49423E-02
5.65491E+01 6.48473E-02
5.67198E+01 6.47276E-02
5.69267E+01 6.45855E-02
5.71690E+01 6.44239E-02
5.74454E+01 6.42454E-02
5.77549E+01 6.40510E-02
5.80959E+01 6.38441E-02
5.84671E+01 6.36273E-02
5.88668E+01 6.34038E-02
5.92934E+01 6.31751E-02
5.97452E+01 6.29418E-02
6.02203E+01 6.27070E-02
6.07170E+01 6.24722E-02
6.12333E+01 6.22372E-02
6.17674E+01 6.20053E-02
6.23173E+01 6.17743E-02
6.28812E+01 6.15477E-02
6.34572E+01 6.13234E-02
6.40434E+01 6.11031E-02
6.46379E+01 6.08862E-02
6.52389E+01 6.06750E-02
6.58446E+01 6.04658E-02
6.64532E+01 6.02635E-02
6.70629E+01 6.00633E-02
6.76723E+01 5.98699E-02
6.82794E+01 5.96799E-02
6.88829E+01 5.94954E-02
6.94812E+01 5.93158E-02
7.00727E+01 5.91413E-02
7.06561E+01 5.89725E-02
7.12299E+01 5.88096E-02
7.17928E+01 5.86525E-02
7.23437E+01 5.85003E-02
7.28811E+01 5.83546E-02
7.34041E+01 5.82147E-02
7.39114E+01 5.80819E-02
7.44021E+01 5.79544E-02
7.48750E+01 5.78338E-02
7.53294E+01 5.77190E-02
7.57641E+01 5.76093E-02
7.61785E+01 5.75073E-02
7.65717E+01 5.74125E-02
7.69430E+01 5.73224E-02
7.72917E+01 5.72383E-02
7.76171E+01 5.71614E-02
7.79187E+01 5.70916E-02
7.81958E+01 5.70263E-02
7.84480E+01 5.69678E-02
7.86749E+01 5.69159E-02
7.88760E+01 5.68698E-02
7.90510E+01 5.68303E-02
7.91997E+01 5.67965E-02
7.93216E+01 5.67682E-02
7.94167E+01 5.67476E-02
7.94847E+01 5.67324E-02
7.95256E+01 5.67227E-02
7.95392E+01 5.67194E-02
7.95255E+01 5.67227E-02
7.94847E+01 5.67324E-02
7.94167E+01 5.67476E-02
7.93216E+01 5.67682E-02
7.91997E+01 5.67965E-02
7.90511E+01 5.68292E-02
7.88760E+01 5.68698E-02
7.86749E+01 5.69159E-02
7.84480E+01 5.69678E-02
7.81958E+01 5.70263E-02
7.79187E+01 5.70916E-02
7.76171E+01 5.71614E-02
7.72917E+01 5.72383E-02
7.69431E+01 5.73224E-02
7.65718E+01 5.74125E-02
7.61786E+01 5.75073E-02
7.57642E+01 5.76093E-02
7.53294E+01 5.77190E-02
7.48751E+01 5.78338E-02
7.44021E+01 5.79544E-02
7.39115E+01 5.80819E-02
7.34041E+01 5.82147E-02
7.28812E+01 5.83546E-02
7.23437E+01 5.85003E-02
7.17929E+01 5.86514E-02
7.12299E+01 5.88096E-02
7.06561E+01 5.89725E-02
7.00727E+01 5.91413E-02
6.94812E+01 5.93158E-02
6.88830E+01 5.94954E-02
6.82795E+01 5.96799E-02
6.76723E+01 5.98699E-02
6.70630E+01 6.00633E-02
6.64532E+01 6.02635E-02
6.58446E+01 6.04658E-02
6.52389E+01 6.06750E-02
6.46379E+01 6.08862E-02
6.40434E+01 6.11031E-02
6.34573E+01 6.13234E-02
6.28813E+01 6.15477E-02
6.23173E+01 6.17743E-02
6.17674E+01 6.20053E-02
6.12333E+01 6.22372E-02
6.07170E+01 6.24722E-02
6.02203E+01 6.27070E-02
5.97452E+01 6.29418E-02
5.92934E+01 6.31751E-02
5.88668E+01 6.34038E-02
5.84671E+01 6.36273E-02
5.80959E+01 6.38441E-02
5.77549E+01 6.40510E-02
5.74455E+01 6.42446E-02
5.71690E+01 6.44239E-02
5.69267E+01 6.45855E-02
5.67198E+01 6.47276E-02
5.65491E+01 6.48473E-02
5.64155E+01 6.49423E-02
5.63197E+01 6.50115E-02
5.62620E+01 6.50536E-02
5.62427E+01 6.50677E-02
