Will plot unflagged data


File # 1  = raise.vis
raise.vis 15.1356 GHz
Read 121 visibilities from all files

Baseline 2-3, plot 121 points
5.62427E+01 -1.19741E+01
5.62620E+01 -1.21916E+01
5.63197E+01 -1.24008E+01
5.64155E+01 -1.26018E+01
5.65491E+01 -1.27940E+01
5.67198E+01 -1.29770E+01
5.69267E+01 -1.31508E+01
5.71690E+01 -1.33163E+01
5.74454E+01 -1.34734E+01
5.77549E+01 -1.36200E+01
5.80959E+01 -1.37573E+01
5.84671E+01 -1.38851E+01
5.88668E+01 -1.40044E+01
5.92934E+01 -1.41142E+01
5.97452E+01 -1.42132E+01
6.02203E+01 -1.43028E+01
6.07170E+01 -1.43830E+01
6.12333E+01 -1.44525E+01
6.17674E+01 -1.45133E+01
6.23173E+01 -1.45629E+01
6.28812E+01 -1.46038E+01
6.34572E+01 -1.46336E+01
6.40434E+01 -1.46539E+01
6.46379E+01 -1.46635E+01
6.52389E+01 -1.46645E+01
6.58446E+01 -1.46535E+01
6.64532E+01 -1.46346E+01
6.70629E+01 -1.46036E+01
6.76723E+01 -1.45645E+01
6.82794E+01 -1.45142E+01
6.88829E+01 -1.44543E+01
6.94812E+01 -1.43844E+01
7.00727E+01 -1.43045E+01
7.06561E+01 -1.42150E+01
7.12299E+01 -1.41159E+01
7.17928E+01 -1.40074E+01
7.23437E+01 -1.38883E+01
7.28811E+01 -1.37602E+01
7.34041E+01 -1.36224E+01
7.39114E+01 -1.34762E+01
7.44021E+01 -1.33199E+01
7.48750E+01 -1.31551E+01
7.53294E+01 -1.29808E+01
7.57641E+01 -1.27966E+01
7.61785E+01 -1.26049E+01
7.65717E+01 -1.24054E+01
7.69430E+01 -1.21959E+01
7.72917E+01 -1.19778E+01
7.76171E+01 -1.17523E+01
7.79187E+01 -1.15197E+01
7.81958E+01 -1.12775E+01
7.84480E+01 -1.10281E+01
7.86749E+01 -1.07717E+01
7.88760E+01 -1.05073E+01
7.90510E+01 -1.02363E+01
7.91997E+01 -9.95774E+00
7.93216E+01 -9.67180E+00
7.94167E+01 -9.38071E+00
7.94847E+01 -9.08253E+00
7.95256E+01 -8.77745E+00
7.95392E+01 -8.46672E+00
7.95255E+01 -8.15056E+00
7.94847E+01 -7.82918E+00
7.94167E+01 -7.50176E+00
7.93216E+01 -7.16853E+00
7.91997E+01 -6.83187E+00
7.90511E+01 -6.48894E+00
7.88760E+01 -6.14310E+00
7.86749E+01 -5.79254E+00
7.84480E+01 -5.43751E+00
7.81958E+01 -5.07928E+00
7.79187E+01 -4.71805E+00
7.76171E+01 -4.35193E+00
7.72917E+01 -3.98372E+00
7.69431E+01 -3.61364E+00
7.65718E+01 -3.24082E+00
7.61786E+01 -2.86427E+00
7.57642E+01 -2.48663E+00
7.53294E+01 -2.10855E+00
7.48751E+01 -1.72794E+00
7.44021E+01 -1.34578E+00
7.39115E+01 -9.63238E-01
7.34041E+01 -5.79274E-01
7.28812E+01 -1.95756E-01
7.23437E+01 1.88103E-01
7.17929E+01 5.72434E-01
7.12299E+01 9.55177E-01
7.06561E+01 1.33817E+00
7.00727E+01 1.72000E+00
6.94812E+01 2.10045E+00
6.88830E+01 2.47965E+00
6.82795E+01 2.85727E+00
6.76723E+01 3.23251E+00
6.70630E+01 3.60675E+00
6.64532E+01 3.97665E+00
6.58446E+01 4.34592E+00
6.52389E+01 4.71007E+00
6.46379E+01 5.07285E+00
6.40434E+01 5.43083E+00
6.34573E+01 5.78559E+00
6.28813E+01 6.13600E+00
6.23173E+01 6.48324E+00
6.17674E+01 6.82471E+00
6.12333E+01 7.16282E+00
6.07170E+01 7.49482E+00
6.02203E+01 7.82248E+00
5.97452E+01 8.14444E+00
5.92934E+01 8.46045E+00
5.88668E+01 8.77174E+00
5.84671E+01 9.07691E+00
5.80959E+01 9.37497E+00
5.77549E+01 9.66657E+00
5.74455E+01 9.95256E+00
5.71690E+01 1.02309E+01
5.69267E+01 1.05026E+01
5.67198E+01 1.07664E+01
5.65491E+01 1.10230E+01
5.64155E+01 1.12726E+01
5.63197E+01 1.15146E+01
5.62620E+01 1.17485E+01
5.62427E+01 1.19741E+01
