Will plot unflagged data


File # 1  = raise.vis
raise.vis 1.5136 GHz
Read 121 visibilities from all files

Baseline 1-3, plot 121 points
6.17031E+00 2.91671E+00
6.17243E+00 2.91660E+00
6.17876E+00 2.91629E+00
6.18928E+00 2.91577E+00
6.20393E+00 2.91503E+00
6.22265E+00 2.91409E+00
6.24536E+00 2.91298E+00
6.27193E+00 2.91165E+00
6.30227E+00 2.91017E+00
6.33622E+00 2.90851E+00
6.37363E+00 2.90672E+00
6.41435E+00 2.90472E+00
6.45820E+00 2.90266E+00
6.50501E+00 2.90042E+00
6.55457E+00 2.89810E+00
6.60669E+00 2.89570E+00
6.66118E+00 2.89319E+00
6.71783E+00 2.89063E+00
6.77642E+00 2.88798E+00
6.83675E+00 2.88530E+00
6.89862E+00 2.88254E+00
6.96181E+00 2.87984E+00
7.02612E+00 2.87708E+00
7.09134E+00 2.87426E+00
7.15727E+00 2.87151E+00
7.22372E+00 2.86871E+00
7.29049E+00 2.86594E+00
7.35739E+00 2.86320E+00
7.42424E+00 2.86050E+00
7.49085E+00 2.85778E+00
7.55706E+00 2.85517E+00
7.62269E+00 2.85261E+00
7.68759E+00 2.85002E+00
7.75159E+00 2.84755E+00
7.81454E+00 2.84514E+00
7.87630E+00 2.84271E+00
7.93673E+00 2.84042E+00
7.99570E+00 2.83819E+00
8.05307E+00 2.83603E+00
8.10873E+00 2.83394E+00
8.16256E+00 2.83199E+00
8.21445E+00 2.83003E+00
8.26429E+00 2.82821E+00
8.31199E+00 2.82646E+00
8.35745E+00 2.82478E+00
8.40059E+00 2.82317E+00
8.44132E+00 2.82171E+00
8.47958E+00 2.82032E+00
8.51528E+00 2.81901E+00
8.54836E+00 2.81785E+00
8.57876E+00 2.81676E+00
8.60643E+00 2.81575E+00
8.63132E+00 2.81482E+00
8.65339E+00 2.81404E+00
8.67259E+00 2.81334E+00
8.68890E+00 2.81280E+00
8.70227E+00 2.81233E+00
8.71270E+00 2.81194E+00
8.72017E+00 2.81171E+00
8.72465E+00 2.81147E+00
8.72614E+00 2.81147E+00
8.72465E+00 2.81147E+00
8.72017E+00 2.81171E+00
8.71270E+00 2.81194E+00
8.70227E+00 2.81233E+00
8.68890E+00 2.81280E+00
8.67259E+00 2.81334E+00
8.65339E+00 2.81404E+00
8.63133E+00 2.81482E+00
8.60644E+00 2.81575E+00
8.57876E+00 2.81676E+00
8.54836E+00 2.81785E+00
8.51528E+00 2.81901E+00
8.47958E+00 2.82032E+00
8.44133E+00 2.82171E+00
8.40059E+00 2.82317E+00
8.35745E+00 2.82478E+00
8.31199E+00 2.82646E+00
8.26429E+00 2.82821E+00
8.21445E+00 2.83003E+00
8.16256E+00 2.83199E+00
8.10873E+00 2.83394E+00
8.05307E+00 2.83603E+00
7.99570E+00 2.83819E+00
7.93674E+00 2.84042E+00
7.87631E+00 2.84271E+00
7.81454E+00 2.84514E+00
7.75159E+00 2.84755E+00
7.68759E+00 2.85002E+00
7.62270E+00 2.85261E+00
7.55706E+00 2.85517E+00
7.49086E+00 2.85778E+00
7.42424E+00 2.86050E+00
7.35740E+00 2.86320E+00
7.29050E+00 2.86594E+00
7.22373E+00 2.86871E+00
7.15728E+00 2.87151E+00
7.09135E+00 2.87426E+00
7.02612E+00 2.87708E+00
6.96182E+00 2.87984E+00
6.89862E+00 2.88254E+00
6.83676E+00 2.88530E+00
6.77642E+00 2.88798E+00
6.71783E+00 2.89063E+00
6.66118E+00 2.89319E+00
6.60670E+00 2.89570E+00
6.55457E+00 2.89810E+00
6.50501E+00 2.90042E+00
6.45821E+00 2.90266E+00
6.41435E+00 2.90472E+00
6.37363E+00 2.90672E+00
6.33622E+00 2.90851E+00
6.30227E+00 2.91017E+00
6.27194E+00 2.91165E+00
6.24536E+00 2.91298E+00
6.22266E+00 2.91409E+00
6.20393E+00 2.91503E+00
6.18928E+00 2.91577E+00
6.17876E+00 2.91629E+00
6.17243E+00 2.91660E+00
6.17031E+00 2.91671E+00
