Will plot unflagged data


File # 1  = raise.vis
raise.vis 1.5136 GHz
Read 121 visibilities from all files

Baseline 1-3, plot 121 points
6.17031E+00 -2.90320E+00
6.17243E+00 -2.95622E+00
6.17876E+00 -3.00700E+00
6.18928E+00 -3.05558E+00
6.20393E+00 -3.10195E+00
6.22265E+00 -3.14608E+00
6.24536E+00 -3.18900E+00
6.27193E+00 -3.22865E+00
6.30227E+00 -3.26672E+00
6.33622E+00 -3.30214E+00
6.37363E+00 -3.33597E+00
6.41435E+00 -3.36611E+00
6.45820E+00 -3.39566E+00
6.50501E+00 -3.42153E+00
6.55457E+00 -3.44575E+00
6.60669E+00 -3.46796E+00
6.66118E+00 -3.48716E+00
6.71783E+00 -3.50440E+00
6.77642E+00 -3.51864E+00
6.83675E+00 -3.53090E+00
6.89862E+00 -3.54017E+00
6.96181E+00 -3.54850E+00
7.02612E+00 -3.55356E+00
7.09134E+00 -3.55531E+00
7.15727E+00 -3.55584E+00
7.22372E+00 -3.55311E+00
7.29049E+00 -3.54812E+00
7.35739E+00 -3.54088E+00
7.42424E+00 -3.53141E+00
7.49085E+00 -3.51869E+00
7.55706E+00 -3.50461E+00
7.62269E+00 -3.48806E+00
7.68759E+00 -3.46805E+00
7.75159E+00 -3.44666E+00
7.81454E+00 -3.42287E+00
7.87630E+00 -3.39564E+00
7.93673E+00 -3.36705E+00
7.99570E+00 -3.33607E+00
8.05307E+00 -3.30272E+00
8.10873E+00 -3.26702E+00
8.16256E+00 -3.22997E+00
8.21445E+00 -3.18943E+00
8.26429E+00 -3.14748E+00
8.31199E+00 -3.10313E+00
8.35745E+00 -3.05639E+00
8.40059E+00 -3.00730E+00
8.44132E+00 -2.95691E+00
8.47958E+00 -2.90422E+00
8.51528E+00 -2.84924E+00
8.54836E+00 -2.79303E+00
8.57876E+00 -2.73460E+00
8.60643E+00 -2.67397E+00
8.63132E+00 -2.61117E+00
8.65339E+00 -2.54728E+00
8.67259E+00 -2.48129E+00
8.68890E+00 -2.41428E+00
8.70227E+00 -2.34525E+00
8.71270E+00 -2.27424E+00
8.72017E+00 -2.20234E+00
8.72465E+00 -2.12752E+00
8.72614E+00 -2.05293E+00
8.72465E+00 -1.97553E+00
8.72017E+00 -1.89846E+00
8.71270E+00 -1.81868E+00
8.70227E+00 -1.73832E+00
8.68890E+00 -1.65639E+00
8.67259E+00 -1.57297E+00
8.65339E+00 -1.48915E+00
8.63133E+00 -1.40396E+00
8.60644E+00 -1.31849E+00
8.57876E+00 -1.23179E+00
8.54836E+00 -1.14393E+00
8.51528E+00 -1.05496E+00
8.47958E+00 -9.66003E-01
8.44133E+00 -8.76089E-01
8.40059E+00 -7.85292E-01
8.35745E+00 -6.94719E-01
8.31199E+00 -6.03409E-01
8.26429E+00 -5.11434E-01
8.21445E+00 -4.18858E-01
8.16256E+00 -3.26774E-01
8.10873E+00 -2.33185E-01
8.05307E+00 -1.40330E-01
7.99570E+00 -4.72907E-02
7.93674E+00 4.58648E-02
7.87631E+00 1.39070E-01
7.81454E+00 2.31216E-01
7.75159E+00 3.24292E-01
7.68759E+00 4.17188E-01
7.62270E+00 5.08801E-01
7.55706E+00 6.01135E-01
7.49086E+00 6.93119E-01
7.42424E+00 7.83586E-01
7.35740E+00 8.74334E-01
7.29050E+00 9.64296E-01
7.22373E+00 1.05342E+00
7.15728E+00 1.14163E+00
7.09135E+00 1.22990E+00
7.02612E+00 1.31610E+00
6.96182E+00 1.40227E+00
6.89862E+00 1.48832E+00
6.83676E+00 1.57186E+00
6.77642E+00 1.65489E+00
6.71783E+00 1.73637E+00
6.66118E+00 1.81725E+00
6.60670E+00 1.89646E+00
6.55457E+00 1.97499E+00
6.50501E+00 2.05182E+00
6.45821E+00 2.12655E+00
6.41435E+00 2.20118E+00
6.37363E+00 2.27258E+00
6.33622E+00 2.34382E+00
6.30227E+00 2.41279E+00
6.27194E+00 2.48052E+00
6.24536E+00 2.54592E+00
6.22266E+00 2.61065E+00
6.20393E+00 2.67264E+00
6.18928E+00 2.73291E+00
6.17876E+00 2.79144E+00
6.17243E+00 2.84819E+00
6.17031E+00 2.90319E+00
