Will plot unflagged data


File # 1  = raise.vis
raise.vis 0.1514 GHz
Read 121 visibilities from all files

Baseline 2-3, plot 121 points
5.62427E-01 -7.09086E-02
5.62620E-01 -7.24839E-02
5.63197E-01 -7.29828E-02
5.64155E-01 -7.44551E-02
5.65491E-01 -7.58734E-02
5.67198E-01 -7.72361E-02
5.69267E-01 -7.75151E-02
5.71690E-01 -7.87615E-02
5.74454E-01 -7.99476E-02
5.77549E-01 -8.10717E-02
5.80959E-01 -8.11054E-02
5.84671E-01 -8.21011E-02
5.88668E-01 -8.30306E-02
5.92934E-01 -8.38925E-02
5.97452E-01 -8.46856E-02
6.02203E-01 -8.43810E-02
6.07170E-01 -8.50325E-02
6.12333E-01 -8.56117E-02
6.17674E-01 -8.61173E-02
6.23173E-01 -8.65482E-02
6.28812E-01 -8.69036E-02
6.34572E-01 -8.71825E-02
6.40434E-01 -8.73838E-02
6.46379E-01 -8.64785E-02
6.52389E-01 -8.65225E-02
6.58446E-01 -8.64866E-02
6.64532E-01 -8.63703E-02
6.70629E-01 -8.61729E-02
6.76723E-01 -8.58938E-02
6.82795E-01 -8.65615E-02
6.88829E-01 -8.61177E-02
6.94812E-01 -8.55908E-02
7.00727E-01 -8.49806E-02
7.06561E-01 -8.42867E-02
7.12299E-01 -8.35088E-02
7.17928E-01 -8.26469E-02
7.23437E-01 -8.27303E-02
7.28811E-01 -8.17001E-02
7.34041E-01 -8.05856E-02
7.39114E-01 -8.04165E-02
7.44021E-01 -7.91339E-02
7.48750E-01 -7.77673E-02
7.53294E-01 -7.73469E-02
7.57641E-01 -7.58133E-02
7.61785E-01 -7.52266E-02
7.65718E-01 -7.35276E-02
7.69430E-01 -7.27762E-02
7.72917E-01 -7.09135E-02
7.76171E-01 -6.99995E-02
7.79187E-01 -6.79752E-02
7.81958E-01 -6.69012E-02
7.84480E-01 -6.57482E-02
7.86749E-01 -6.34871E-02
7.88760E-01 -6.21786E-02
7.90511E-01 -6.07937E-02
7.91997E-01 -5.93332E-02
7.93216E-01 -5.77984E-02
7.94167E-01 -5.61901E-02
7.94847E-01 -5.34794E-02
7.95255E-01 -5.17276E-02
7.95392E-01 -4.99058E-02
7.95255E-01 -4.80153E-02
7.94847E-01 -4.60573E-02
7.94167E-01 -4.50634E-02
7.93216E-01 -4.29746E-02
7.91997E-01 -4.08226E-02
7.90511E-01 -3.86088E-02
7.88760E-01 -3.63347E-02
7.86749E-01 -3.40019E-02
7.84480E-01 -3.26421E-02
7.81958E-01 -3.01966E-02
7.79187E-01 -2.76974E-02
7.76171E-01 -2.61760E-02
7.72917E-01 -2.35744E-02
7.69431E-01 -2.19541E-02
7.65718E-01 -1.92571E-02
7.61786E-01 -1.75450E-02
7.57642E-01 -1.47601E-02
7.53294E-01 -1.29639E-02
7.48751E-01 -1.00987E-02
7.44021E-01 -8.22600E-03
7.39115E-01 -6.31799E-03
7.34041E-01 -3.34720E-03
7.28812E-01 -1.37476E-03
7.23437E-01 6.26892E-04
7.17929E-01 3.68500E-03
7.12299E-01 5.73869E-03
7.06561E-01 7.81529E-03
7.00727E-01 9.91266E-03
6.94812E-01 1.20286E-02
6.88830E-01 1.41611E-02
6.82795E-01 1.63079E-02
6.76723E-01 1.94958E-02
6.70630E-01 2.16646E-02
6.64532E-01 2.38412E-02
6.58446E-01 2.60233E-02
6.52389E-01 2.82088E-02
6.46379E-01 3.03955E-02
6.40434E-01 3.15528E-02
6.34573E-01 3.37353E-02
6.28813E-01 3.59124E-02
6.23173E-01 3.80818E-02
6.17674E-01 4.02414E-02
6.12333E-01 4.23891E-02
6.07170E-01 4.45225E-02
6.02203E-01 4.66396E-02
5.97452E-01 4.77108E-02
5.92935E-01 4.97889E-02
5.88668E-01 5.18442E-02
5.84671E-01 5.38746E-02
5.80959E-01 5.58781E-02
5.77549E-01 5.68257E-02
5.74455E-01 5.87691E-02
5.71690E-01 6.06794E-02
5.69267E-01 6.25546E-02
5.67198E-01 6.33664E-02
5.65491E-01 6.51654E-02
5.64155E-01 6.69235E-02
5.63197E-01 6.86386E-02
5.62620E-01 6.92833E-02
5.62427E-01 7.09071E-02
