Will plot unflagged data


File # 1  = raise.vis
raise.vis 0.1514 GHz
Read 121 visibilities from all files

Baseline 2-3, plot 121 points
5.62427E-01 4.37196E-01
5.62620E-01 4.37196E-01
5.63197E-01 4.37196E-01
5.64155E-01 4.37195E-01
5.65491E-01 4.37195E-01
5.67198E-01 4.37195E-01
5.69267E-01 4.37195E-01
5.71690E-01 4.37195E-01
5.74454E-01 4.37195E-01
5.77549E-01 4.37195E-01
5.80959E-01 4.37194E-01
5.84671E-01 4.37194E-01
5.88668E-01 4.37194E-01
5.92934E-01 4.37194E-01
5.97452E-01 4.37194E-01
6.02203E-01 4.37193E-01
6.07170E-01 4.37193E-01
6.12333E-01 4.37192E-01
6.17674E-01 4.37192E-01
6.23173E-01 4.37192E-01
6.28812E-01 4.37192E-01
6.34572E-01 4.37191E-01
6.40434E-01 4.37191E-01
6.46379E-01 4.37190E-01
6.52389E-01 4.37190E-01
6.58446E-01 4.37189E-01
6.64532E-01 4.37189E-01
6.70629E-01 4.37189E-01
6.76723E-01 4.37188E-01
6.82795E-01 4.37188E-01
6.88829E-01 4.37188E-01
6.94812E-01 4.37187E-01
7.00727E-01 4.37187E-01
7.06561E-01 4.37186E-01
7.12299E-01 4.37186E-01
7.17928E-01 4.37185E-01
7.23437E-01 4.37185E-01
7.28811E-01 4.37185E-01
7.34041E-01 4.37184E-01
7.39114E-01 4.37184E-01
7.44021E-01 4.37184E-01
7.48750E-01 4.37183E-01
7.53294E-01 4.37183E-01
7.57641E-01 4.37183E-01
7.61785E-01 4.37183E-01
7.65718E-01 4.37182E-01
7.69430E-01 4.37182E-01
7.72917E-01 4.37181E-01
7.76171E-01 4.37181E-01
7.79187E-01 4.37181E-01
7.81958E-01 4.37181E-01
7.84480E-01 4.37181E-01
7.86749E-01 4.37180E-01
7.88760E-01 4.37180E-01
7.90511E-01 4.37180E-01
7.91997E-01 4.37180E-01
7.93216E-01 4.37180E-01
7.94167E-01 4.37180E-01
7.94847E-01 4.37179E-01
7.95255E-01 4.37180E-01
7.95392E-01 4.37180E-01
7.95255E-01 4.37180E-01
7.94847E-01 4.37180E-01
7.94167E-01 4.37180E-01
7.93216E-01 4.37180E-01
7.91997E-01 4.37180E-01
7.90511E-01 4.37180E-01
7.88760E-01 4.37180E-01
7.86749E-01 4.37180E-01
7.84480E-01 4.37181E-01
7.81958E-01 4.37181E-01
7.79187E-01 4.37181E-01
7.76171E-01 4.37181E-01
7.72917E-01 4.37181E-01
7.69431E-01 4.37182E-01
7.65718E-01 4.37182E-01
7.61786E-01 4.37183E-01
7.57642E-01 4.37183E-01
7.53294E-01 4.37183E-01
7.48751E-01 4.37183E-01
7.44021E-01 4.37184E-01
7.39115E-01 4.37184E-01
7.34041E-01 4.37184E-01
7.28812E-01 4.37185E-01
7.23437E-01 4.37185E-01
7.17929E-01 4.37185E-01
7.12299E-01 4.37186E-01
7.06561E-01 4.37186E-01
7.00727E-01 4.37187E-01
6.94812E-01 4.37187E-01
6.88830E-01 4.37188E-01
6.82795E-01 4.37188E-01
6.76723E-01 4.37188E-01
6.70630E-01 4.37189E-01
6.64532E-01 4.37189E-01
6.58446E-01 4.37189E-01
6.52389E-01 4.37190E-01
6.46379E-01 4.37190E-01
6.40434E-01 4.37191E-01
6.34573E-01 4.37191E-01
6.28813E-01 4.37192E-01
6.23173E-01 4.37192E-01
6.17674E-01 4.37192E-01
6.12333E-01 4.37192E-01
6.07170E-01 4.37193E-01
6.02203E-01 4.37193E-01
5.97452E-01 4.37194E-01
5.92935E-01 4.37194E-01
5.88668E-01 4.37194E-01
5.84671E-01 4.37194E-01
5.80959E-01 4.37194E-01
5.77549E-01 4.37195E-01
5.74455E-01 4.37195E-01
5.71690E-01 4.37195E-01
5.69267E-01 4.37195E-01
5.67198E-01 4.37195E-01
5.65491E-01 4.37195E-01
5.64155E-01 4.37195E-01
5.63197E-01 4.37195E-01
5.62620E-01 4.37196E-01
5.62427E-01 4.37196E-01
