Will plot unflagged data


File # 1  = raise.vis
raise.vis 0.4786 GHz
Read 121 visibilities from all files

Baseline 2-3, plot 121 points
1.77855E+00 -2.24231E-01
1.77916E+00 -2.28353E-01
1.78098E+00 -2.32313E-01
1.78402E+00 -2.36106E-01
1.78824E+00 -2.39727E-01
1.79364E+00 -2.43172E-01
1.80018E+00 -2.46433E-01
1.80784E+00 -2.49508E-01
1.81658E+00 -2.52390E-01
1.82637E+00 -2.55076E-01
1.83715E+00 -2.57560E-01
1.84889E+00 -2.59838E-01
1.86153E+00 -2.61906E-01
1.87502E+00 -2.64790E-01
1.88931E+00 -2.66425E-01
1.90433E+00 -2.67838E-01
1.92004E+00 -2.69025E-01
1.93637E+00 -2.71014E-01
1.95326E+00 -2.71739E-01
1.97065E+00 -2.73258E-01
1.98848E+00 -2.73508E-01
2.00669E+00 -2.74546E-01
2.02523E+00 -2.74308E-01
2.04403E+00 -2.74854E-01
2.06303E+00 -2.75149E-01
2.08219E+00 -2.74161E-01
2.10143E+00 -2.73950E-01
2.12072E+00 -2.73482E-01
2.13998E+00 -2.72756E-01
2.15919E+00 -2.71771E-01
2.17827E+00 -2.70524E-01
2.19719E+00 -2.69015E-01
2.21589E+00 -2.68274E-01
2.23434E+00 -2.66237E-01
2.25249E+00 -2.63934E-01
2.27029E+00 -2.62398E-01
2.28771E+00 -2.60597E-01
2.30470E+00 -2.57496E-01
2.32124E+00 -2.55162E-01
2.33728E+00 -2.52562E-01
2.35280E+00 -2.49696E-01
2.36776E+00 -2.46565E-01
2.38212E+00 -2.43170E-01
2.39587E+00 -2.39511E-01
2.40898E+00 -2.36623E-01
2.42141E+00 -2.32441E-01
2.43315E+00 -2.27999E-01
2.44418E+00 -2.24332E-01
2.45447E+00 -2.20409E-01
2.46400E+00 -2.16232E-01
2.47277E+00 -2.10769E-01
2.48074E+00 -2.06090E-01
2.48792E+00 -2.02197E-01
2.49428E+00 -1.97026E-01
2.49981E+00 -1.91614E-01
2.50451E+00 -1.86996E-01
2.50837E+00 -1.81109E-01
2.51138E+00 -1.76023E-01
2.51353E+00 -1.69676E-01
2.51482E+00 -1.64136E-01
2.51525E+00 -1.58375E-01
2.51482E+00 -1.52397E-01
2.51353E+00 -1.46205E-01
2.51138E+00 -1.40837E-01
2.50837E+00 -1.34232E-01
2.50451E+00 -1.28460E-01
2.49981E+00 -1.21459E-01
2.49428E+00 -1.15301E-01
2.48792E+00 -1.08957E-01
2.48075E+00 -1.01399E-01
2.47277E+00 -9.46992E-02
2.46400E+00 -8.88618E-02
2.45447E+00 -8.18268E-02
2.44418E+00 -7.46325E-02
2.43315E+00 -6.72847E-02
2.42141E+00 -6.08220E-02
2.40898E+00 -5.42171E-02
2.39587E+00 -4.64435E-02
2.38212E+00 -3.95727E-02
2.36776E+00 -3.25779E-02
2.35280E+00 -2.54654E-02
2.33729E+00 -1.82415E-02
2.32124E+00 -1.09125E-02
2.30470E+00 -3.48496E-03
2.28771E+00 3.00196E-03
2.27029E+00 1.06073E-02
2.25249E+00 1.82914E-02
2.23434E+00 2.50152E-02
2.21589E+00 3.18047E-02
2.19719E+00 3.96855E-02
2.17827E+00 4.65857E-02
2.15919E+00 5.35311E-02
2.13999E+00 6.05149E-02
2.12072E+00 6.75301E-02
2.10143E+00 7.45698E-02
2.08219E+00 8.16271E-02
2.06304E+00 8.76629E-02
2.04403E+00 9.47347E-02
2.02523E+00 1.01803E-01
2.00669E+00 1.07830E-01
1.98848E+00 1.14871E-01
1.97065E+00 1.20857E-01
1.95326E+00 1.27843E-01
1.93637E+00 1.33760E-01
1.92004E+00 1.40664E-01
1.90433E+00 1.46486E-01
1.88931E+00 1.52249E-01
1.87502E+00 1.57948E-01
1.86153E+00 1.64606E-01
1.84889E+00 1.70155E-01
1.83716E+00 1.75620E-01
1.82637E+00 1.80994E-01
1.81658E+00 1.86271E-01
1.80784E+00 1.91444E-01
1.80018E+00 1.96506E-01
1.79364E+00 2.01453E-01
1.78824E+00 2.06277E-01
1.78402E+00 2.10972E-01
1.78098E+00 2.15533E-01
1.77916E+00 2.19954E-01
1.77855E+00 2.24229E-01
