Will plot unflagged data


File # 1  = raise.vis
raise.vis 0.4786 GHz
Read 121 visibilities from all files

Baseline 2-3, plot 121 points
1.77855E+00 1.91414E-01
1.77916E+00 1.91414E-01
1.78098E+00 1.91414E-01
1.78402E+00 1.91414E-01
1.78824E+00 1.91413E-01
1.79364E+00 1.91413E-01
1.80018E+00 1.91413E-01
1.80784E+00 1.91412E-01
1.81658E+00 1.91412E-01
1.82637E+00 1.91411E-01
1.83715E+00 1.91410E-01
1.84889E+00 1.91410E-01
1.86153E+00 1.91409E-01
1.87502E+00 1.91408E-01
1.88931E+00 1.91407E-01
1.90433E+00 1.91406E-01
1.92004E+00 1.91405E-01
1.93637E+00 1.91404E-01
1.95326E+00 1.91403E-01
1.97065E+00 1.91402E-01
1.98848E+00 1.91401E-01
2.00669E+00 1.91400E-01
2.02523E+00 1.91398E-01
2.04403E+00 1.91397E-01
2.06303E+00 1.91396E-01
2.08219E+00 1.91394E-01
2.10143E+00 1.91393E-01
2.12072E+00 1.91392E-01
2.13998E+00 1.91391E-01
2.15919E+00 1.91389E-01
2.17827E+00 1.91388E-01
2.19719E+00 1.91386E-01
2.21589E+00 1.91385E-01
2.23434E+00 1.91384E-01
2.25249E+00 1.91382E-01
2.27029E+00 1.91381E-01
2.28771E+00 1.91380E-01
2.30470E+00 1.91379E-01
2.32124E+00 1.91377E-01
2.33728E+00 1.91376E-01
2.35280E+00 1.91375E-01
2.36776E+00 1.91374E-01
2.38212E+00 1.91373E-01
2.39587E+00 1.91371E-01
2.40898E+00 1.91371E-01
2.42141E+00 1.91370E-01
2.43315E+00 1.91368E-01
2.44418E+00 1.91368E-01
2.45447E+00 1.91367E-01
2.46400E+00 1.91366E-01
2.47277E+00 1.91365E-01
2.48074E+00 1.91364E-01
2.48792E+00 1.91364E-01
2.49428E+00 1.91364E-01
2.49981E+00 1.91363E-01
2.50451E+00 1.91363E-01
2.50837E+00 1.91363E-01
2.51138E+00 1.91362E-01
2.51353E+00 1.91362E-01
2.51482E+00 1.91362E-01
2.51525E+00 1.91362E-01
2.51482E+00 1.91362E-01
2.51353E+00 1.91362E-01
2.51138E+00 1.91362E-01
2.50837E+00 1.91362E-01
2.50451E+00 1.91363E-01
2.49981E+00 1.91363E-01
2.49428E+00 1.91364E-01
2.48792E+00 1.91364E-01
2.48075E+00 1.91364E-01
2.47277E+00 1.91365E-01
2.46400E+00 1.91366E-01
2.45447E+00 1.91367E-01
2.44418E+00 1.91368E-01
2.43315E+00 1.91368E-01
2.42141E+00 1.91370E-01
2.40898E+00 1.91371E-01
2.39587E+00 1.91371E-01
2.38212E+00 1.91373E-01
2.36776E+00 1.91374E-01
2.35280E+00 1.91375E-01
2.33729E+00 1.91376E-01
2.32124E+00 1.91377E-01
2.30470E+00 1.91379E-01
2.28771E+00 1.91380E-01
2.27029E+00 1.91381E-01
2.25249E+00 1.91382E-01
2.23434E+00 1.91384E-01
2.21589E+00 1.91385E-01
2.19719E+00 1.91386E-01
2.17827E+00 1.91388E-01
2.15919E+00 1.91389E-01
2.13999E+00 1.91391E-01
2.12072E+00 1.91392E-01
2.10143E+00 1.91393E-01
2.08219E+00 1.91394E-01
2.06304E+00 1.91396E-01
2.04403E+00 1.91397E-01
2.02523E+00 1.91398E-01
2.00669E+00 1.91400E-01
1.98848E+00 1.91401E-01
1.97065E+00 1.91402E-01
1.95326E+00 1.91403E-01
1.93637E+00 1.91404E-01
1.92004E+00 1.91405E-01
1.90433E+00 1.91406E-01
1.88931E+00 1.91407E-01
1.87502E+00 1.91408E-01
1.86153E+00 1.91409E-01
1.84889E+00 1.91410E-01
1.83716E+00 1.91410E-01
1.82637E+00 1.91411E-01
1.81658E+00 1.91412E-01
1.80784E+00 1.91412E-01
1.80018E+00 1.91413E-01
1.79364E+00 1.91413E-01
1.78824E+00 1.91413E-01
1.78402E+00 1.91414E-01
1.78098E+00 1.91414E-01
1.77916E+00 1.91414E-01
1.77855E+00 1.91414E-01
