Will plot unflagged data


File # 1  = raise.vis
raise.vis 0.4786 GHz
Read 121 visibilities from all files

Baseline 1-5, plot 121 points
3.14268E+00 -1.47867E+00
3.14376E+00 -1.50517E+00
3.14698E+00 -1.53159E+00
3.15234E+00 -1.55584E+00
3.15980E+00 -1.57998E+00
3.16934E+00 -1.60295E+00
3.18090E+00 -1.62369E+00
3.19444E+00 -1.64423E+00
3.20989E+00 -1.66351E+00
3.22718E+00 -1.68152E+00
3.24623E+00 -1.69925E+00
3.26697E+00 -1.71463E+00
3.28931E+00 -1.72969E+00
3.31315E+00 -1.74238E+00
3.33839E+00 -1.75571E+00
3.36494E+00 -1.76648E+00
3.39269E+00 -1.77677E+00
3.42154E+00 -1.78448E+00
3.45138E+00 -1.79271E+00
3.48211E+00 -1.79835E+00
3.51362E+00 -1.80344E+00
3.54581E+00 -1.80694E+00
3.57856E+00 -1.80986E+00
3.61178E+00 -1.81116E+00
3.64536E+00 -1.81082E+00
3.67921E+00 -1.80986E+00
3.71321E+00 -1.80725E+00
3.74729E+00 -1.80298E+00
3.78133E+00 -1.79807E+00
3.81526E+00 -1.79250E+00
3.84898E+00 -1.78516E+00
3.88241E+00 -1.77607E+00
3.91546E+00 -1.76625E+00
3.94806E+00 -1.75570E+00
3.98012E+00 -1.74340E+00
4.01158E+00 -1.72934E+00
4.04236E+00 -1.71558E+00
4.07239E+00 -1.69904E+00
4.10161E+00 -1.68177E+00
4.12996E+00 -1.66378E+00
4.15738E+00 -1.64508E+00
4.18380E+00 -1.62463E+00
4.20919E+00 -1.60243E+00
4.23348E+00 -1.58057E+00
4.25664E+00 -1.55698E+00
4.27861E+00 -1.53167E+00
4.29936E+00 -1.50569E+00
4.31884E+00 -1.47904E+00
4.33702E+00 -1.45070E+00
4.35387E+00 -1.42275E+00
4.36936E+00 -1.39211E+00
4.38345E+00 -1.36189E+00
4.39613E+00 -1.33005E+00
4.40737E+00 -1.29762E+00
4.41715E+00 -1.26360E+00
4.42545E+00 -1.23006E+00
4.43226E+00 -1.19394E+00
4.43758E+00 -1.15835E+00
4.44138E+00 -1.12125E+00
4.44366E+00 -1.08369E+00
4.44442E+00 -1.04570E+00
4.44366E+00 -1.00628E+00
4.44138E+00 -9.66476E-01
4.43758E+00 -9.26322E-01
4.43227E+00 -8.84819E-01
4.42545E+00 -8.44052E-01
4.41715E+00 -8.00970E-01
4.40737E+00 -7.58688E-01
4.39613E+00 -7.15184E-01
4.38345E+00 -6.71521E-01
4.36936E+00 -6.26703E-01
4.35387E+00 -5.82825E-01
4.33702E+00 -5.36835E-01
4.31884E+00 -4.91860E-01
4.29936E+00 -4.45876E-01
4.27861E+00 -3.99951E-01
4.25664E+00 -3.54127E-01
4.23348E+00 -3.07408E-01
4.20919E+00 -2.59834E-01
4.18380E+00 -2.13511E-01
4.15738E+00 -1.66414E-01
4.12996E+00 -1.18583E-01
4.10161E+00 -7.10942E-02
4.07239E+00 -2.39881E-02
4.04236E+00 2.26932E-02
4.01158E+00 7.09729E-02
3.98012E+00 1.17711E-01
3.94806E+00 1.64931E-01
3.91546E+00 2.12593E-01
3.88241E+00 2.59622E-01
3.84898E+00 3.05985E-01
3.81526E+00 3.52674E-01
3.78133E+00 3.99652E-01
3.74729E+00 4.45794E-01
3.71321E+00 4.91029E-01
3.67921E+00 5.36348E-01
3.64536E+00 5.81713E-01
3.61178E+00 6.26055E-01
3.57856E+00 6.70362E-01
3.54581E+00 7.14595E-01
3.51363E+00 7.57677E-01
3.48212E+00 8.00599E-01
3.45139E+00 8.42284E-01
3.42154E+00 8.84759E-01
3.39269E+00 9.24887E-01
3.36494E+00 9.65730E-01
3.33839E+00 1.00520E+00
3.31315E+00 1.04532E+00
3.28931E+00 1.08289E+00
3.26698E+00 1.12091E+00
3.24624E+00 1.15731E+00
3.22718E+00 1.19409E+00
3.20989E+00 1.22919E+00
3.19444E+00 1.26358E+00
3.18090E+00 1.29723E+00
3.16934E+00 1.32907E+00
3.15980E+00 1.36114E+00
3.15234E+00 1.39236E+00
3.14698E+00 1.42169E+00
3.14376E+00 1.45114E+00
3.14268E+00 1.47866E+00
