Will plot unflagged data


File # 1  = raise.vis
raise.vis 0.4786 GHz
Read 121 visibilities from all files

Baseline 1-5, plot 121 points
3.14268E+00 6.64141E+00
3.14376E+00 6.64133E+00
3.14698E+00 6.64112E+00
3.15234E+00 6.64075E+00
3.15980E+00 6.64025E+00
3.16934E+00 6.63962E+00
3.18090E+00 6.63881E+00
3.19444E+00 6.63790E+00
3.20989E+00 6.63684E+00
3.22718E+00 6.63565E+00
3.24623E+00 6.63438E+00
3.26697E+00 6.63293E+00
3.28931E+00 6.63143E+00
3.31315E+00 6.62974E+00
3.33839E+00 6.62807E+00
3.36494E+00 6.62622E+00
3.39269E+00 6.62435E+00
3.42154E+00 6.62229E+00
3.45138E+00 6.62030E+00
3.48211E+00 6.61813E+00
3.51362E+00 6.61596E+00
3.54581E+00 6.61370E+00
3.57856E+00 6.61147E+00
3.61178E+00 6.60916E+00
3.64536E+00 6.60679E+00
3.67921E+00 6.60446E+00
3.71321E+00 6.60207E+00
3.74729E+00 6.59963E+00
3.78133E+00 6.59725E+00
3.81526E+00 6.59495E+00
3.84898E+00 6.59260E+00
3.88241E+00 6.59020E+00
3.91546E+00 6.58789E+00
3.94806E+00 6.58568E+00
3.98012E+00 6.58343E+00
4.01158E+00 6.58115E+00
4.04236E+00 6.57911E+00
4.07239E+00 6.57692E+00
4.10161E+00 6.57483E+00
4.12996E+00 6.57286E+00
4.15738E+00 6.57102E+00
4.18380E+00 6.56916E+00
4.20919E+00 6.56729E+00
4.23348E+00 6.56569E+00
4.25664E+00 6.56409E+00
4.27861E+00 6.56247E+00
4.29936E+00 6.56100E+00
4.31884E+00 6.55966E+00
4.33702E+00 6.55831E+00
4.35387E+00 6.55727E+00
4.36936E+00 6.55606E+00
4.38345E+00 6.55516E+00
4.39613E+00 6.55425E+00
4.40737E+00 6.55350E+00
4.41715E+00 6.55274E+00
4.42545E+00 6.55228E+00
4.43226E+00 6.55167E+00
4.43758E+00 6.55137E+00
4.44138E+00 6.55107E+00
4.44366E+00 6.55091E+00
4.44442E+00 6.55091E+00
4.44366E+00 6.55091E+00
4.44138E+00 6.55107E+00
4.43758E+00 6.55137E+00
4.43227E+00 6.55167E+00
4.42545E+00 6.55228E+00
4.41715E+00 6.55274E+00
4.40737E+00 6.55350E+00
4.39613E+00 6.55425E+00
4.38345E+00 6.55516E+00
4.36936E+00 6.55606E+00
4.35387E+00 6.55727E+00
4.33702E+00 6.55831E+00
4.31884E+00 6.55966E+00
4.29936E+00 6.56099E+00
4.27861E+00 6.56247E+00
4.25664E+00 6.56409E+00
4.23348E+00 6.56569E+00
4.20919E+00 6.56729E+00
4.18380E+00 6.56916E+00
4.15738E+00 6.57102E+00
4.12996E+00 6.57287E+00
4.10161E+00 6.57483E+00
4.07239E+00 6.57692E+00
4.04236E+00 6.57911E+00
4.01158E+00 6.58115E+00
3.98012E+00 6.58343E+00
3.94806E+00 6.58568E+00
3.91546E+00 6.58789E+00
3.88241E+00 6.59020E+00
3.84898E+00 6.59260E+00
3.81526E+00 6.59495E+00
3.78133E+00 6.59725E+00
3.74729E+00 6.59963E+00
3.71321E+00 6.60207E+00
3.67921E+00 6.60446E+00
3.64536E+00 6.60679E+00
3.61178E+00 6.60916E+00
3.57856E+00 6.61147E+00
3.54581E+00 6.61370E+00
3.51363E+00 6.61596E+00
3.48212E+00 6.61813E+00
3.45139E+00 6.62030E+00
3.42154E+00 6.62229E+00
3.39269E+00 6.62435E+00
3.36494E+00 6.62622E+00
3.33839E+00 6.62807E+00
3.31315E+00 6.62974E+00
3.28931E+00 6.63143E+00
3.26698E+00 6.63293E+00
3.24624E+00 6.63438E+00
3.22718E+00 6.63565E+00
3.20989E+00 6.63684E+00
3.19444E+00 6.63790E+00
3.18090E+00 6.63881E+00
3.16934E+00 6.63962E+00
3.15980E+00 6.64025E+00
3.15234E+00 6.64075E+00
3.14698E+00 6.64112E+00
3.14376E+00 6.64133E+00
3.14268E+00 6.64141E+00
