Will plot unflagged data


File # 1  = raise.vis
raise.vis 0.4786 GHz
Read 121 visibilities from all files

Baseline 1-3, plot 121 points
1.95122E+00 0.00000E+00
1.95189E+00 0.00000E+00
1.95390E+00 0.00000E+00
1.95722E+00 0.00000E+00
1.96186E+00 0.00000E+00
1.96778E+00 0.00000E+00
1.97496E+00 0.00000E+00
1.98336E+00 0.00000E+00
1.99295E+00 0.00000E+00
2.00369E+00 0.00000E+00
2.01552E+00 0.00000E+00
2.02840E+00 0.00000E+00
2.04226E+00 0.00000E+00
2.05706E+00 0.00000E+00
2.07274E+00 0.00000E+00
2.08922E+00 0.00000E+00
2.10645E+00 0.00000E+00
2.12436E+00 0.00000E+00
2.14289E+00 0.00000E+00
2.16197E+00 0.00000E+00
2.18154E+00 0.00000E+00
2.20152E+00 0.00000E+00
2.22185E+00 0.00000E+00
2.24248E+00 0.00000E+00
2.26333E+00 0.00000E+00
2.28434E+00 0.00000E+00
2.30546E+00 0.00000E+00
2.32661E+00 0.00000E+00
2.34775E+00 0.00000E+00
2.36882E+00 0.00000E+00
2.38975E+00 0.00000E+00
2.41051E+00 0.00000E+00
2.43103E+00 0.00000E+00
2.45127E+00 0.00000E+00
2.47117E+00 0.00000E+00
2.49071E+00 0.00000E+00
2.50982E+00 0.00000E+00
2.52846E+00 0.00000E+00
2.54660E+00 0.00000E+00
2.56421E+00 0.00000E+00
2.58123E+00 0.00000E+00
2.59764E+00 0.00000E+00
2.61340E+00 0.00000E+00
2.62848E+00 0.00000E+00
2.64286E+00 0.00000E+00
2.65650E+00 0.00000E+00
2.66938E+00 0.00000E+00
2.68148E+00 0.00000E+00
2.69277E+00 0.00000E+00
2.70323E+00 0.00000E+00
2.71284E+00 0.00000E+00
2.72159E+00 0.00000E+00
2.72946E+00 0.00000E+00
2.73644E+00 0.00000E+00
2.74251E+00 0.00000E+00
2.74767E+00 0.00000E+00
2.75190E+00 0.00000E+00
2.75520E+00 0.00000E+00
2.75756E+00 0.00000E+00
2.75898E+00 0.00000E+00
2.75945E+00 0.00000E+00
2.75898E+00 0.00000E+00
2.75756E+00 0.00000E+00
2.75520E+00 0.00000E+00
2.75190E+00 0.00000E+00
2.74767E+00 0.00000E+00
2.74251E+00 0.00000E+00
2.73644E+00 0.00000E+00
2.72947E+00 0.00000E+00
2.72159E+00 0.00000E+00
2.71284E+00 0.00000E+00
2.70323E+00 0.00000E+00
2.69277E+00 0.00000E+00
2.68148E+00 0.00000E+00
2.66938E+00 0.00000E+00
2.65650E+00 0.00000E+00
2.64286E+00 0.00000E+00
2.62848E+00 0.00000E+00
2.61340E+00 0.00000E+00
2.59764E+00 0.00000E+00
2.58123E+00 0.00000E+00
2.56421E+00 0.00000E+00
2.54661E+00 0.00000E+00
2.52846E+00 0.00000E+00
2.50982E+00 0.00000E+00
2.49071E+00 0.00000E+00
2.47118E+00 0.00000E+00
2.45127E+00 0.00000E+00
2.43103E+00 0.00000E+00
2.41051E+00 0.00000E+00
2.38975E+00 0.00000E+00
2.36882E+00 0.00000E+00
2.34775E+00 0.00000E+00
2.32661E+00 0.00000E+00
2.30546E+00 0.00000E+00
2.28434E+00 0.00000E+00
2.26333E+00 0.00000E+00
2.24248E+00 0.00000E+00
2.22186E+00 0.00000E+00
2.20152E+00 0.00000E+00
2.18154E+00 0.00000E+00
2.16197E+00 0.00000E+00
2.14289E+00 0.00000E+00
2.12436E+00 0.00000E+00
2.10645E+00 0.00000E+00
2.08922E+00 0.00000E+00
2.07274E+00 0.00000E+00
2.05706E+00 0.00000E+00
2.04226E+00 0.00000E+00
2.02840E+00 0.00000E+00
2.01552E+00 0.00000E+00
2.00369E+00 0.00000E+00
1.99295E+00 0.00000E+00
1.98336E+00 0.00000E+00
1.97496E+00 0.00000E+00
1.96778E+00 0.00000E+00
1.96186E+00 0.00000E+00
1.95722E+00 0.00000E+00
1.95390E+00 0.00000E+00
1.95189E+00 0.00000E+00
1.95122E+00 0.00000E+00
