Will plot unflagged data


File # 1  = raise.vis
raise.vis 4.7863 GHz
Read 121 visibilities from all files

Baseline 3-5, plot 121 points
1.19146E+01 1.25895E+00
1.19186E+01 1.25884E+00
1.19309E+01 1.25849E+00
1.19512E+01 1.25792E+00
1.19795E+01 1.25713E+00
1.20156E+01 1.25612E+00
1.20595E+01 1.25493E+00
1.21108E+01 1.25354E+00
1.21694E+01 1.25199E+00
1.22349E+01 1.25027E+00
1.23072E+01 1.24843E+00
1.23858E+01 1.24646E+00
1.24705E+01 1.24439E+00
1.25608E+01 1.24223E+00
1.26565E+01 1.23999E+00
1.27572E+01 1.23772E+00
1.28624E+01 1.23537E+00
1.29718E+01 1.23301E+00
1.30849E+01 1.23061E+00
1.32014E+01 1.22822E+00
1.33209E+01 1.22584E+00
1.34429E+01 1.22344E+00
1.35671E+01 1.22108E+00
1.36930E+01 1.21871E+00
1.38203E+01 1.21638E+00
1.39486E+01 1.21406E+00
1.40776E+01 1.21180E+00
1.42067E+01 1.20958E+00
1.43358E+01 1.20737E+00
1.44644E+01 1.20521E+00
1.45923E+01 1.20310E+00
1.47190E+01 1.20105E+00
1.48443E+01 1.19905E+00
1.49679E+01 1.19707E+00
1.50895E+01 1.19517E+00
1.52087E+01 1.19333E+00
1.53254E+01 1.19152E+00
1.54393E+01 1.18978E+00
1.55501E+01 1.18811E+00
1.56575E+01 1.18652E+00
1.57615E+01 1.18496E+00
1.58617E+01 1.18349E+00
1.59579E+01 1.18208E+00
1.60500E+01 1.18076E+00
1.61378E+01 1.17949E+00
1.62211E+01 1.17829E+00
1.62998E+01 1.17714E+00
1.63736E+01 1.17612E+00
1.64426E+01 1.17512E+00
1.65064E+01 1.17422E+00
1.65651E+01 1.17341E+00
1.66186E+01 1.17265E+00
1.66666E+01 1.17200E+00
1.67093E+01 1.17140E+00
1.67463E+01 1.17089E+00
1.67778E+01 1.17046E+00
1.68036E+01 1.17010E+00
1.68238E+01 1.16983E+00
1.68382E+01 1.16962E+00
1.68468E+01 1.16950E+00
1.68497E+01 1.16947E+00
1.68468E+01 1.16950E+00
1.68382E+01 1.16962E+00
1.68238E+01 1.16983E+00
1.68036E+01 1.17010E+00
1.67778E+01 1.17046E+00
1.67463E+01 1.17089E+00
1.67093E+01 1.17140E+00
1.66666E+01 1.17200E+00
1.66186E+01 1.17265E+00
1.65652E+01 1.17341E+00
1.65064E+01 1.17422E+00
1.64426E+01 1.17512E+00
1.63736E+01 1.17612E+00
1.62998E+01 1.17714E+00
1.62211E+01 1.17829E+00
1.61378E+01 1.17949E+00
1.60500E+01 1.18076E+00
1.59579E+01 1.18208E+00
1.58617E+01 1.18349E+00
1.57615E+01 1.18496E+00
1.56575E+01 1.18652E+00
1.55501E+01 1.18811E+00
1.54393E+01 1.18978E+00
1.53254E+01 1.19152E+00
1.52087E+01 1.19333E+00
1.50895E+01 1.19517E+00
1.49679E+01 1.19707E+00
1.48443E+01 1.19905E+00
1.47190E+01 1.20105E+00
1.45923E+01 1.20310E+00
1.44645E+01 1.20521E+00
1.43358E+01 1.20737E+00
1.42068E+01 1.20958E+00
1.40776E+01 1.21180E+00
1.39486E+01 1.21406E+00
1.38203E+01 1.21638E+00
1.36930E+01 1.21871E+00
1.35671E+01 1.22108E+00
1.34429E+01 1.22344E+00
1.33209E+01 1.22584E+00
1.32014E+01 1.22822E+00
1.30849E+01 1.23061E+00
1.29718E+01 1.23301E+00
1.28624E+01 1.23537E+00
1.27572E+01 1.23772E+00
1.26565E+01 1.23999E+00
1.25608E+01 1.24223E+00
1.24705E+01 1.24439E+00
1.23858E+01 1.24646E+00
1.23072E+01 1.24843E+00
1.22349E+01 1.25027E+00
1.21694E+01 1.25199E+00
1.21108E+01 1.25354E+00
1.20595E+01 1.25493E+00
1.20156E+01 1.25613E+00
1.19795E+01 1.25713E+00
1.19512E+01 1.25792E+00
1.19309E+01 1.25849E+00
1.19186E+01 1.25884E+00
1.19146E+01 1.25895E+00
