Will plot unflagged data


File # 1  = raise.vis
raise.vis 4.7863 GHz
Read 121 visibilities from all files

Baseline 3-5, plot 121 points
1.19146E+01 -5.60594E+00
1.19186E+01 -5.70755E+00
1.19309E+01 -5.80589E+00
1.19512E+01 -5.89920E+00
1.19795E+01 -5.98963E+00
1.20156E+01 -6.07526E+00
1.20595E+01 -6.15737E+00
1.21108E+01 -6.23420E+00
1.21694E+01 -6.30811E+00
1.22349E+01 -6.37590E+00
1.23072E+01 -6.44091E+00
1.23858E+01 -6.50108E+00
1.24705E+01 -6.55666E+00
1.25608E+01 -6.60792E+00
1.26565E+01 -6.65411E+00
1.27572E+01 -6.69667E+00
1.28624E+01 -6.73337E+00
1.29718E+01 -6.76651E+00
1.30849E+01 -6.79421E+00
1.32014E+01 -6.81774E+00
1.33209E+01 -6.83725E+00
1.34429E+01 -6.85085E+00
1.35671E+01 -6.86071E+00
1.36930E+01 -6.86507E+00
1.38203E+01 -6.86517E+00
1.39486E+01 -6.86009E+00
1.40776E+01 -6.85104E+00
1.42067E+01 -6.83738E+00
1.43358E+01 -6.81815E+00
1.44644E+01 -6.79454E+00
1.45923E+01 -6.76667E+00
1.47190E+01 -6.73440E+00
1.48443E+01 -6.69734E+00
1.49679E+01 -6.65464E+00
1.50895E+01 -6.60844E+00
1.52087E+01 -6.55782E+00
1.53254E+01 -6.50175E+00
1.54393E+01 -6.44187E+00
1.55501E+01 -6.37732E+00
1.56575E+01 -6.30921E+00
1.57615E+01 -6.23552E+00
1.58617E+01 -6.15840E+00
1.59579E+01 -6.07689E+00
1.60500E+01 -5.99178E+00
1.61378E+01 -5.90206E+00
1.62211E+01 -5.80784E+00
1.62998E+01 -5.70919E+00
1.63736E+01 -5.60822E+00
1.64426E+01 -5.50189E+00
1.65064E+01 -5.39233E+00
1.65651E+01 -5.27961E+00
1.66186E+01 -5.16275E+00
1.66666E+01 -5.04284E+00
1.67093E+01 -4.91884E+00
1.67463E+01 -4.79185E+00
1.67778E+01 -4.66197E+00
1.68036E+01 -4.52825E+00
1.68238E+01 -4.39181E+00
1.68382E+01 -4.25172E+00
1.68468E+01 -4.10909E+00
1.68497E+01 -3.96403E+00
1.68468E+01 -3.81560E+00
1.68382E+01 -3.66494E+00
1.68238E+01 -3.51214E+00
1.68036E+01 -3.35629E+00
1.67778E+01 -3.19853E+00
1.67463E+01 -3.03793E+00
1.67093E+01 -2.87565E+00
1.66666E+01 -2.71177E+00
1.66186E+01 -2.54540E+00
1.65652E+01 -2.37777E+00
1.65064E+01 -2.20800E+00
1.64426E+01 -2.03724E+00
1.63736E+01 -1.86562E+00
1.62998E+01 -1.69122E+00
1.62211E+01 -1.51725E+00
1.61378E+01 -1.34179E+00
1.60500E+01 -1.16495E+00
1.59579E+01 -9.86816E-01
1.58617E+01 -8.08563E-01
1.57615E+01 -6.29592E-01
1.56575E+01 -4.51028E-01
1.55501E+01 -2.70905E-01
1.54393E+01 -9.14055E-02
1.53254E+01 8.84191E-02
1.52087E+01 2.67524E-01
1.50895E+01 4.47410E-01
1.49679E+01 6.26885E-01
1.48443E+01 8.04861E-01
1.47190E+01 9.83335E-01
1.45923E+01 1.16131E+00
1.44645E+01 1.33826E+00
1.43358E+01 1.51388E+00
1.42068E+01 1.68819E+00
1.40776E+01 1.86221E+00
1.39486E+01 2.03487E+00
1.38203E+01 2.20542E+00
1.36930E+01 2.37491E+00
1.35671E+01 2.54234E+00
1.34429E+01 2.70883E+00
1.33209E+01 2.87250E+00
1.32014E+01 3.03543E+00
1.30849E+01 3.19563E+00
1.29718E+01 3.35314E+00
1.28624E+01 3.50917E+00
1.27572E+01 3.66173E+00
1.26565E+01 3.81306E+00
1.25608E+01 3.96084E+00
1.24705E+01 4.10645E+00
1.23858E+01 4.24907E+00
1.23072E+01 4.38892E+00
1.22349E+01 4.52618E+00
1.21694E+01 4.65874E+00
1.21108E+01 4.78992E+00
1.20595E+01 4.91645E+00
1.20156E+01 5.04068E+00
1.19795E+01 5.16081E+00
1.19512E+01 5.27810E+00
1.19309E+01 5.39061E+00
1.19186E+01 5.50047E+00
1.19146E+01 5.60592E+00
