Will plot unflagged data


File # 1  = raise.vis
raise.vis 4.7863 GHz
Read 121 visibilities from all files

Baseline 2-5, plot 121 points
2.97001E+01 -3.74444E+00
2.97102E+01 -3.81286E+00
2.97407E+01 -3.87838E+00
2.97913E+01 -3.94109E+00
2.98619E+01 -4.00101E+00
2.99520E+01 -4.05820E+00
3.00613E+01 -4.11243E+00
3.01892E+01 -4.16435E+00
3.03352E+01 -4.21302E+00
3.04986E+01 -4.25845E+00
3.06787E+01 -4.30174E+00
3.08747E+01 -4.34280E+00
3.10858E+01 -4.37907E+00
3.13111E+01 -4.41377E+00
3.15496E+01 -4.44484E+00
3.18005E+01 -4.47231E+00
3.20628E+01 -4.49729E+00
3.23354E+01 -4.51931E+00
3.26175E+01 -4.53834E+00
3.29079E+01 -4.55444E+00
3.32057E+01 -4.56659E+00
3.35098E+01 -4.57586E+00
3.38194E+01 -4.58225E+00
3.41333E+01 -4.58533E+00
3.44507E+01 -4.58518E+00
3.47705E+01 -4.58286E+00
3.50919E+01 -4.57631E+00
3.54139E+01 -4.56662E+00
3.57357E+01 -4.55485E+00
3.60563E+01 -4.53865E+00
3.63750E+01 -4.52002E+00
3.66909E+01 -4.49800E+00
3.70033E+01 -4.47260E+00
3.73113E+01 -4.44488E+00
3.76143E+01 -4.41382E+00
3.79116E+01 -4.38049E+00
3.82025E+01 -4.34279E+00
3.84863E+01 -4.30360E+00
3.87625E+01 -4.25990E+00
3.90304E+01 -4.21379E+00
3.92895E+01 -4.16530E+00
3.95392E+01 -4.11343E+00
3.97791E+01 -4.05922E+00
4.00087E+01 -4.00166E+00
4.02276E+01 -3.94183E+00
4.04352E+01 -3.87872E+00
4.06313E+01 -3.81339E+00
4.08154E+01 -3.74576E+00
4.09872E+01 -3.67587E+00
4.11465E+01 -3.60275E+00
4.12928E+01 -3.52642E+00
4.14260E+01 -3.44902E+00
4.15458E+01 -3.36852E+00
4.16520E+01 -3.28599E+00
4.17445E+01 -3.20047E+00
4.18229E+01 -3.11405E+00
4.18873E+01 -3.02473E+00
4.19375E+01 -2.93360E+00
4.19735E+01 -2.83969E+00
4.19950E+01 -2.74512E+00
4.20022E+01 -2.64788E+00
4.19950E+01 -2.54908E+00
4.19735E+01 -2.44775E+00
4.19375E+01 -2.34604E+00
4.18873E+01 -2.24193E+00
4.18229E+01 -2.13656E+00
4.17445E+01 -2.02895E+00
4.16521E+01 -1.92126E+00
4.15458E+01 -1.81150E+00
4.14260E+01 -1.70078E+00
4.12928E+01 -1.58816E+00
4.11465E+01 -1.47579E+00
4.09873E+01 -1.36168E+00
4.08154E+01 -1.24592E+00
4.06313E+01 -1.12962E+00
4.04352E+01 -1.01285E+00
4.02276E+01 -8.95829E-01
4.00088E+01 -7.77620E-01
3.97792E+01 -6.59339E-01
3.95392E+01 -5.40047E-01
3.92895E+01 -4.20868E-01
3.90304E+01 -3.00864E-01
3.87625E+01 -1.81164E-01
3.84863E+01 -6.18521E-02
3.82025E+01 5.90636E-02
3.79116E+01 1.78449E-01
3.76144E+01 2.99086E-01
3.73113E+01 4.18757E-01
3.70033E+01 5.38433E-01
3.66909E+01 6.57001E-01
3.63750E+01 7.75410E-01
3.60563E+01 8.93584E-01
3.57357E+01 1.01046E+00
3.54139E+01 1.12797E+00
3.50919E+01 1.24363E+00
3.47705E+01 1.35847E+00
3.44507E+01 1.47345E+00
3.41333E+01 1.58644E+00
3.38194E+01 1.69845E+00
3.35099E+01 1.80945E+00
3.32057E+01 1.91897E+00
3.29079E+01 2.02691E+00
3.26175E+01 2.13429E+00
3.23355E+01 2.24004E+00
3.20628E+01 2.34413E+00
3.18005E+01 2.44651E+00
3.15496E+01 2.54663E+00
3.13111E+01 2.64556E+00
3.10858E+01 2.74327E+00
3.08747E+01 2.83768E+00
3.06787E+01 2.93196E+00
3.04986E+01 3.02351E+00
3.03352E+01 3.11221E+00
3.01892E+01 3.19913E+00
3.00613E+01 3.28424E+00
2.99520E+01 3.36661E+00
2.98619E+01 3.44685E+00
2.97913E+01 3.52573E+00
2.97407E+01 3.60024E+00
2.97102E+01 3.67345E+00
2.97001E+01 3.74443E+00
