Will plot unflagged data


File # 1  = raise.vis
raise.vis 4.7863 GHz
Read 121 visibilities from all files

Baseline 2-5, plot 121 points
2.97001E+01 3.25587E-02
2.97102E+01 3.25578E-02
2.97407E+01 3.25554E-02
2.97913E+01 3.25513E-02
2.98619E+01 3.25455E-02
2.99520E+01 3.25382E-02
3.00613E+01 3.25292E-02
3.01892E+01 3.25189E-02
3.03352E+01 3.25069E-02
3.04986E+01 3.24935E-02
3.06787E+01 3.24789E-02
3.08747E+01 3.24632E-02
3.10858E+01 3.24458E-02
3.13111E+01 3.24277E-02
3.15496E+01 3.24083E-02
3.18005E+01 3.23877E-02
3.20628E+01 3.23665E-02
3.23354E+01 3.23444E-02
3.26175E+01 3.23217E-02
3.29079E+01 3.22984E-02
3.32057E+01 3.22742E-02
3.35098E+01 3.22496E-02
3.38194E+01 3.22248E-02
3.41333E+01 3.21996E-02
3.44507E+01 3.21741E-02
3.47705E+01 3.21489E-02
3.50919E+01 3.21232E-02
3.54139E+01 3.20974E-02
3.57357E+01 3.20723E-02
3.60563E+01 3.20467E-02
3.63750E+01 3.20217E-02
3.66909E+01 3.19968E-02
3.70033E+01 3.19721E-02
3.73113E+01 3.19482E-02
3.76143E+01 3.19246E-02
3.79116E+01 3.19019E-02
3.82025E+01 3.18790E-02
3.84863E+01 3.18576E-02
3.87625E+01 3.18360E-02
3.90304E+01 3.18154E-02
3.92895E+01 3.17958E-02
3.95392E+01 3.17766E-02
3.97791E+01 3.17586E-02
4.00087E+01 3.17410E-02
4.02276E+01 3.17246E-02
4.04352E+01 3.17087E-02
4.06313E+01 3.16940E-02
4.08154E+01 3.16804E-02
4.09872E+01 3.16679E-02
4.11465E+01 3.16560E-02
4.12928E+01 3.16446E-02
4.14260E+01 3.16350E-02
4.15458E+01 3.16260E-02
4.16520E+01 3.16182E-02
4.17445E+01 3.16110E-02
4.18229E+01 3.16056E-02
4.18873E+01 3.16007E-02
4.19375E+01 3.15971E-02
4.19735E+01 3.15941E-02
4.19950E+01 3.15929E-02
4.20022E+01 3.15923E-02
4.19950E+01 3.15929E-02
4.19735E+01 3.15941E-02
4.19375E+01 3.15971E-02
4.18873E+01 3.16007E-02
4.18229E+01 3.16055E-02
4.17445E+01 3.16110E-02
4.16521E+01 3.16182E-02
4.15458E+01 3.16260E-02
4.14260E+01 3.16350E-02
4.12928E+01 3.16446E-02
4.11465E+01 3.16560E-02
4.09873E+01 3.16679E-02
4.08154E+01 3.16804E-02
4.06313E+01 3.16940E-02
4.04352E+01 3.17087E-02
4.02276E+01 3.17246E-02
4.00088E+01 3.17410E-02
3.97792E+01 3.17586E-02
3.95392E+01 3.17766E-02
3.92895E+01 3.17958E-02
3.90304E+01 3.18154E-02
3.87625E+01 3.18360E-02
3.84863E+01 3.18576E-02
3.82025E+01 3.18790E-02
3.79116E+01 3.19019E-02
3.76144E+01 3.19246E-02
3.73113E+01 3.19482E-02
3.70033E+01 3.19721E-02
3.66909E+01 3.19968E-02
3.63750E+01 3.20217E-02
3.60563E+01 3.20467E-02
3.57357E+01 3.20723E-02
3.54139E+01 3.20974E-02
3.50919E+01 3.21232E-02
3.47705E+01 3.21489E-02
3.44507E+01 3.21741E-02
3.41333E+01 3.21996E-02
3.38194E+01 3.22248E-02
3.35099E+01 3.22496E-02
3.32057E+01 3.22742E-02
3.29079E+01 3.22984E-02
3.26175E+01 3.23217E-02
3.23355E+01 3.23444E-02
3.20628E+01 3.23664E-02
3.18005E+01 3.23877E-02
3.15496E+01 3.24083E-02
3.13111E+01 3.24277E-02
3.10858E+01 3.24458E-02
3.08747E+01 3.24632E-02
3.06787E+01 3.24789E-02
3.04986E+01 3.24935E-02
3.03352E+01 3.25069E-02
3.01892E+01 3.25189E-02
3.00613E+01 3.25292E-02
2.99520E+01 3.25382E-02
2.98619E+01 3.25455E-02
2.97913E+01 3.25512E-02
2.97407E+01 3.25554E-02
2.97102E+01 3.25578E-02
2.97001E+01 3.25587E-02
