Will plot unflagged data


File # 1  = raise.vis
raise.vis 0.4786 GHz
Read 121 visibilities from all files

Baseline 2-5, plot 121 points
2.97001E+00 -1.39742E+00
2.97102E+00 -1.42300E+00
2.97407E+00 -1.44753E+00
2.97913E+00 -1.47099E+00
2.98619E+00 -1.49337E+00
2.99520E+00 -1.51463E+00
3.00613E+00 -1.53476E+00
3.01892E+00 -1.55373E+00
3.03352E+00 -1.57255E+00
3.04986E+00 -1.58912E+00
3.06787E+00 -1.60548E+00
3.08747E+00 -1.62059E+00
3.10858E+00 -1.63442E+00
3.13111E+00 -1.64695E+00
3.15496E+00 -1.65922E+00
3.18005E+00 -1.66907E+00
3.20628E+00 -1.67849E+00
3.23354E+00 -1.68645E+00
3.26175E+00 -1.69397E+00
3.29079E+00 -1.70001E+00
3.32057E+00 -1.70456E+00
3.35098E+00 -1.70759E+00
3.38194E+00 -1.71013E+00
3.41333E+00 -1.71113E+00
3.44507E+00 -1.71162E+00
3.47705E+00 -1.71053E+00
3.50919E+00 -1.70788E+00
3.54139E+00 -1.70467E+00
3.57357E+00 -1.69987E+00
3.60563E+00 -1.69348E+00
3.63750E+00 -1.68653E+00
3.66909E+00 -1.67898E+00
3.70033E+00 -1.66976E+00
3.73113E+00 -1.65887E+00
3.76143E+00 -1.64734E+00
3.79116E+00 -1.63517E+00
3.82025E+00 -1.62134E+00
3.84863E+00 -1.60584E+00
3.87625E+00 -1.58971E+00
3.90304E+00 -1.57295E+00
3.92895E+00 -1.55453E+00
3.95392E+00 -1.53550E+00
3.97791E+00 -1.51482E+00
4.00087E+00 -1.49352E+00
4.02276E+00 -1.47060E+00
4.04352E+00 -1.44811E+00
4.06313E+00 -1.42298E+00
4.08154E+00 -1.39830E+00
4.09872E+00 -1.37100E+00
4.11465E+00 -1.34418E+00
4.12928E+00 -1.31578E+00
4.14260E+00 -1.28687E+00
4.15458E+00 -1.25745E+00
4.16520E+00 -1.22650E+00
4.17445E+00 -1.19405E+00
4.18229E+00 -1.16217E+00
4.18873E+00 -1.12883E+00
4.19375E+00 -1.09507E+00
4.19735E+00 -1.05989E+00
4.19950E+00 -1.02434E+00
4.20022E+00 -9.88432E-01
4.19950E+00 -9.51175E-01
4.19735E+00 -9.13620E-01
4.19375E+00 -8.75794E-01
4.18873E+00 -8.36692E-01
4.18229E+00 -7.97375E-01
4.17445E+00 -7.56841E-01
4.16520E+00 -7.17182E-01
4.15458E+00 -6.76367E-01
4.14260E+00 -6.34427E-01
4.12928E+00 -5.92427E-01
4.11465E+00 -5.50399E-01
4.09873E+00 -5.07346E-01
4.08154E+00 -4.65366E-01
4.06313E+00 -4.21399E-01
4.04352E+00 -3.78576E-01
4.02276E+00 -3.33837E-01
4.00088E+00 -2.90316E-01
3.97792E+00 -2.45986E-01
3.95392E+00 -2.01916E-01
3.92895E+00 -1.57114E-01
3.90304E+00 -1.12648E-01
3.87625E+00 -6.75275E-02
3.84863E+00 -2.28225E-02
3.82025E+00 2.14281E-02
3.79116E+00 6.62181E-02
3.76144E+00 1.11508E-01
3.73113E+00 1.56230E-01
3.70033E+00 2.00348E-01
3.66909E+00 2.44858E-01
3.63750E+00 2.89720E-01
3.60563E+00 3.33820E-01
3.57357E+00 3.77098E-01
3.54139E+00 4.20543E-01
3.50919E+00 4.64121E-01
3.47705E+00 5.06761E-01
3.44507E+00 5.49456E-01
3.41333E+00 5.92166E-01
3.38194E+00 6.33816E-01
3.35099E+00 6.75400E-01
3.32057E+00 7.15844E-01
3.29079E+00 7.56139E-01
3.26175E+00 7.96247E-01
3.23355E+00 8.36130E-01
3.20628E+00 8.74723E-01
3.18005E+00 9.13026E-01
3.15496E+00 9.49986E-01
3.13111E+00 9.87574E-01
3.10858E+00 1.02363E+00
3.08747E+00 1.05916E+00
3.06787E+00 1.09412E+00
3.04986E+00 1.12849E+00
3.03352E+00 1.16121E+00
3.01892E+00 1.19430E+00
3.00613E+00 1.22566E+00
2.99520E+00 1.25629E+00
2.98619E+00 1.28616E+00
2.97913E+00 1.31523E+00
2.97407E+00 1.34347E+00
2.97102E+00 1.37088E+00
2.97001E+00 1.39741E+00
