Will plot unflagged data


File # 1  = raise.vis
raise.vis 0.4786 GHz
Read 121 visibilities from all files

Baseline 2-5, plot 121 points
2.97001E+00 6.64152E+00
2.97102E+00 6.64145E+00
2.97407E+00 6.64126E+00
2.97913E+00 6.64094E+00
2.98619E+00 6.64049E+00
2.99520E+00 6.63991E+00
3.00613E+00 6.63921E+00
3.01892E+00 6.63837E+00
3.03352E+00 6.63745E+00
3.04986E+00 6.63636E+00
3.06787E+00 6.63521E+00
3.08747E+00 6.63394E+00
3.10858E+00 6.63256E+00
3.13111E+00 6.63108E+00
3.15496E+00 6.62957E+00
3.18005E+00 6.62788E+00
3.20628E+00 6.62617E+00
3.23354E+00 6.62436E+00
3.26175E+00 6.62254E+00
3.29079E+00 6.62065E+00
3.32057E+00 6.61867E+00
3.35098E+00 6.61661E+00
3.38194E+00 6.61458E+00
3.41333E+00 6.61247E+00
3.44507E+00 6.61040E+00
3.47705E+00 6.60827E+00
3.50919E+00 6.60609E+00
3.54139E+00 6.60397E+00
3.57357E+00 6.60179E+00
3.60563E+00 6.59958E+00
3.63750E+00 6.59744E+00
3.66909E+00 6.59538E+00
3.70033E+00 6.59328E+00
3.73113E+00 6.59115E+00
3.76143E+00 6.58911E+00
3.79116E+00 6.58717E+00
3.82025E+00 6.58521E+00
3.84863E+00 6.58322E+00
3.87625E+00 6.58134E+00
3.90304E+00 6.57958E+00
3.92895E+00 6.57780E+00
3.95392E+00 6.57614E+00
3.97791E+00 6.57446E+00
4.00087E+00 6.57291E+00
4.02276E+00 6.57135E+00
4.04352E+00 6.57007E+00
4.06313E+00 6.56864E+00
4.08154E+00 6.56748E+00
4.09872E+00 6.56618E+00
4.11465E+00 6.56516E+00
4.12928E+00 6.56413E+00
4.14260E+00 6.56325E+00
4.15458E+00 6.56251E+00
4.16520E+00 6.56178E+00
4.17445E+00 6.56104E+00
4.18229E+00 6.56059E+00
4.18873E+00 6.56015E+00
4.19375E+00 6.55985E+00
4.19735E+00 6.55955E+00
4.19950E+00 6.55940E+00
4.20022E+00 6.55940E+00
4.19950E+00 6.55940E+00
4.19735E+00 6.55955E+00
4.19375E+00 6.55985E+00
4.18873E+00 6.56014E+00
4.18229E+00 6.56059E+00
4.17445E+00 6.56104E+00
4.16520E+00 6.56178E+00
4.15458E+00 6.56252E+00
4.14260E+00 6.56325E+00
4.12928E+00 6.56413E+00
4.11465E+00 6.56516E+00
4.09873E+00 6.56618E+00
4.08154E+00 6.56748E+00
4.06313E+00 6.56864E+00
4.04352E+00 6.57007E+00
4.02276E+00 6.57136E+00
4.00088E+00 6.57291E+00
3.97792E+00 6.57446E+00
3.95392E+00 6.57614E+00
3.92895E+00 6.57780E+00
3.90304E+00 6.57958E+00
3.87625E+00 6.58134E+00
3.84863E+00 6.58322E+00
3.82025E+00 6.58521E+00
3.79116E+00 6.58717E+00
3.76144E+00 6.58911E+00
3.73113E+00 6.59115E+00
3.70033E+00 6.59328E+00
3.66909E+00 6.59538E+00
3.63750E+00 6.59744E+00
3.60563E+00 6.59958E+00
3.57357E+00 6.60179E+00
3.54139E+00 6.60396E+00
3.50919E+00 6.60609E+00
3.47705E+00 6.60827E+00
3.44507E+00 6.61040E+00
3.41333E+00 6.61247E+00
3.38194E+00 6.61458E+00
3.35099E+00 6.61661E+00
3.32057E+00 6.61867E+00
3.29079E+00 6.62065E+00
3.26175E+00 6.62254E+00
3.23355E+00 6.62436E+00
3.20628E+00 6.62616E+00
3.18005E+00 6.62788E+00
3.15496E+00 6.62957E+00
3.13111E+00 6.63108E+00
3.10858E+00 6.63256E+00
3.08747E+00 6.63394E+00
3.06787E+00 6.63521E+00
3.04986E+00 6.63636E+00
3.03352E+00 6.63745E+00
3.01892E+00 6.63837E+00
3.00613E+00 6.63921E+00
2.99520E+00 6.63991E+00
2.98619E+00 6.64049E+00
2.97913E+00 6.64094E+00
2.97407E+00 6.64126E+00
2.97102E+00 6.64145E+00
2.97001E+00 6.64152E+00
