Will plot unflagged data


File # 1  = raise.vis
raise.vis 1.5136 GHz
Read 121 visibilities from all files

Baseline 1-5, plot 121 points
9.93803E+00 2.91435E+00
9.94143E+00 2.91409E+00
9.95163E+00 2.91331E+00
9.96857E+00 2.91201E+00
9.99217E+00 2.91025E+00
1.00223E+01 2.90798E+00
1.00589E+01 2.90529E+00
1.01017E+01 2.90221E+00
1.01506E+01 2.89871E+00
1.02052E+01 2.89489E+00
1.02655E+01 2.89080E+00
1.03311E+01 2.88640E+00
1.04017E+01 2.88180E+00
1.04771E+01 2.87698E+00
1.05569E+01 2.87208E+00
1.06409E+01 2.86699E+00
1.07286E+01 2.86181E+00
1.08199E+01 2.85653E+00
1.09142E+01 2.85125E+00
1.10114E+01 2.84594E+00
1.11111E+01 2.84054E+00
1.12128E+01 2.83522E+00
1.13164E+01 2.82992E+00
1.14215E+01 2.82470E+00
1.15276E+01 2.81942E+00
1.16347E+01 2.81425E+00
1.17422E+01 2.80912E+00
1.18500E+01 2.80405E+00
1.19576E+01 2.79909E+00
1.20649E+01 2.79417E+00
1.21715E+01 2.78938E+00
1.22773E+01 2.78473E+00
1.23818E+01 2.78016E+00
1.24849E+01 2.77566E+00
1.25863E+01 2.77137E+00
1.26857E+01 2.76714E+00
1.27831E+01 2.76298E+00
1.28780E+01 2.75907E+00
1.29704E+01 2.75523E+00
1.30601E+01 2.75165E+00
1.31468E+01 2.74814E+00
1.32303E+01 2.74478E+00
1.33106E+01 2.74150E+00
1.33874E+01 2.73846E+00
1.34607E+01 2.73559E+00
1.35302E+01 2.73288E+00
1.35958E+01 2.73033E+00
1.36574E+01 2.72796E+00
1.37149E+01 2.72575E+00
1.37682E+01 2.72371E+00
1.38171E+01 2.72183E+00
1.38617E+01 2.72019E+00
1.39018E+01 2.71863E+00
1.39373E+01 2.71732E+00
1.39682E+01 2.71609E+00
1.39945E+01 2.71511E+00
1.40161E+01 2.71437E+00
1.40328E+01 2.71372E+00
1.40449E+01 2.71322E+00
1.40521E+01 2.71298E+00
1.40545E+01 2.71290E+00
1.40521E+01 2.71298E+00
1.40449E+01 2.71322E+00
1.40328E+01 2.71372E+00
1.40161E+01 2.71437E+00
1.39945E+01 2.71511E+00
1.39682E+01 2.71609E+00
1.39373E+01 2.71732E+00
1.39018E+01 2.71863E+00
1.38617E+01 2.72019E+00
1.38171E+01 2.72183E+00
1.37682E+01 2.72371E+00
1.37149E+01 2.72575E+00
1.36574E+01 2.72796E+00
1.35958E+01 2.73033E+00
1.35302E+01 2.73288E+00
1.34607E+01 2.73559E+00
1.33875E+01 2.73846E+00
1.33106E+01 2.74150E+00
1.32303E+01 2.74478E+00
1.31468E+01 2.74814E+00
1.30601E+01 2.75165E+00
1.29704E+01 2.75523E+00
1.28780E+01 2.75907E+00
1.27831E+01 2.76298E+00
1.26857E+01 2.76714E+00
1.25863E+01 2.77137E+00
1.24849E+01 2.77566E+00
1.23818E+01 2.78016E+00
1.22773E+01 2.78473E+00
1.21716E+01 2.78938E+00
1.20649E+01 2.79417E+00
1.19576E+01 2.79909E+00
1.18500E+01 2.80405E+00
1.17422E+01 2.80912E+00
1.16347E+01 2.81425E+00
1.15277E+01 2.81942E+00
1.14215E+01 2.82463E+00
1.13164E+01 2.82992E+00
1.12128E+01 2.83522E+00
1.11111E+01 2.84054E+00
1.10114E+01 2.84594E+00
1.09142E+01 2.85125E+00
1.08199E+01 2.85653E+00
1.07286E+01 2.86181E+00
1.06409E+01 2.86699E+00
1.05569E+01 2.87208E+00
1.04771E+01 2.87698E+00
1.04017E+01 2.88180E+00
1.03311E+01 2.88640E+00
1.02655E+01 2.89079E+00
1.02052E+01 2.89489E+00
1.01506E+01 2.89871E+00
1.01017E+01 2.90221E+00
1.00589E+01 2.90529E+00
1.00223E+01 2.90798E+00
9.99218E+00 2.91025E+00
9.96857E+00 2.91201E+00
9.95163E+00 2.91331E+00
9.94143E+00 2.91409E+00
9.93803E+00 2.91435E+00
