Will plot unflagged data


File # 1  = raise.vis
raise.vis 1.5136 GHz
Read 121 visibilities from all files

Baseline 1-5, plot 121 points
9.93803E+00 -4.67596E+00
9.94143E+00 -4.76100E+00
9.95163E+00 -4.84244E+00
9.96857E+00 -4.92043E+00
9.99217E+00 -4.99616E+00
1.00223E+01 -5.06727E+00
1.00589E+01 -5.13533E+00
1.01017E+01 -5.20053E+00
1.01506E+01 -5.26092E+00
1.02052E+01 -5.31844E+00
1.02655E+01 -5.37248E+00
1.03311E+01 -5.42221E+00
1.04017E+01 -5.46875E+00
1.04771E+01 -5.51112E+00
1.05569E+01 -5.55069E+00
1.06409E+01 -5.58556E+00
1.07286E+01 -5.61683E+00
1.08199E+01 -5.64364E+00
1.09142E+01 -5.66749E+00
1.10114E+01 -5.68728E+00
1.11111E+01 -5.70209E+00
1.12128E+01 -5.71406E+00
1.13164E+01 -5.72220E+00
1.14215E+01 -5.72697E+00
1.15276E+01 -5.72643E+00
1.16347E+01 -5.72271E+00
1.17422E+01 -5.71486E+00
1.18500E+01 -5.70291E+00
1.19576E+01 -5.68740E+00
1.20649E+01 -5.66739E+00
1.21715E+01 -5.64401E+00
1.22773E+01 -5.61728E+00
1.23818E+01 -5.58626E+00
1.24849E+01 -5.55081E+00
1.25863E+01 -5.51272E+00
1.26857E+01 -5.47005E+00
1.27831E+01 -5.42287E+00
1.28780E+01 -5.37327E+00
1.29704E+01 -5.31922E+00
1.30601E+01 -5.26287E+00
1.31468E+01 -5.20196E+00
1.32303E+01 -5.13747E+00
1.33106E+01 -5.06844E+00
1.33874E+01 -4.99700E+00
1.34607E+01 -4.92216E+00
1.35302E+01 -4.84395E+00
1.35958E+01 -4.76241E+00
1.36574E+01 -4.67759E+00
1.37149E+01 -4.58955E+00
1.37682E+01 -4.49832E+00
1.38171E+01 -4.40386E+00
1.38617E+01 -4.30724E+00
1.39018E+01 -4.20647E+00
1.39373E+01 -4.10368E+00
1.39682E+01 -3.99687E+00
1.39945E+01 -3.88818E+00
1.40161E+01 -3.77767E+00
1.40328E+01 -3.66335E+00
1.40449E+01 -3.54632E+00
1.40521E+01 -3.42770E+00
1.40545E+01 -3.30653E+00
1.40521E+01 -3.18290E+00
1.40449E+01 -3.05688E+00
1.40328E+01 -2.92961E+00
1.40161E+01 -2.80013E+00
1.39945E+01 -2.66751E+00
1.39682E+01 -2.53391E+00
1.39373E+01 -2.39943E+00
1.39018E+01 -2.26210E+00
1.38617E+01 -2.12408E+00
1.38171E+01 -1.98341E+00
1.37682E+01 -1.84223E+00
1.37149E+01 -1.69965E+00
1.36574E+01 -1.55587E+00
1.35958E+01 -1.41099E+00
1.35302E+01 -1.26513E+00
1.34607E+01 -1.11840E+00
1.33875E+01 -9.70907E-01
1.33106E+01 -8.22770E-01
1.32303E+01 -6.75128E-01
1.31468E+01 -5.26015E-01
1.30601E+01 -3.76514E-01
1.29704E+01 -2.25809E-01
1.28780E+01 -7.62910E-02
1.27831E+01 7.40362E-02
1.26857E+01 2.23020E-01
1.25863E+01 3.72624E-01
1.24849E+01 5.22766E-01
1.23818E+01 6.71381E-01
1.22773E+01 8.20147E-01
1.21716E+01 9.68785E-01
1.20649E+01 1.11623E+00
1.19576E+01 1.26242E+00
1.18500E+01 1.40833E+00
1.17422E+01 1.55293E+00
1.16347E+01 1.69665E+00
1.15277E+01 1.83942E+00
1.14215E+01 1.98121E+00
1.13164E+01 2.12096E+00
1.12128E+01 2.25974E+00
1.11111E+01 2.39689E+00
1.10114E+01 2.53133E+00
1.09142E+01 2.66511E+00
1.08199E+01 2.79725E+00
1.07286E+01 2.92656E+00
1.06409E+01 3.05447E+00
1.05569E+01 3.18006E+00
1.04771E+01 3.30437E+00
1.04017E+01 3.42543E+00
1.03311E+01 3.54458E+00
1.02655E+01 3.66076E+00
1.02052E+01 3.77507E+00
1.01506E+01 3.88661E+00
1.01017E+01 3.99477E+00
1.00589E+01 4.10144E+00
1.00223E+01 4.20463E+00
9.99218E+00 4.30451E+00
9.96857E+00 4.40264E+00
9.95163E+00 4.49665E+00
9.94143E+00 4.58770E+00
9.93803E+00 4.67594E+00
