Will plot unflagged data


File # 1  = raise.vis
raise.vis 1.5136 GHz
Read 121 visibilities from all files

Baseline 2-3, plot 121 points
5.62427E+00 3.94114E-01
5.62620E+00 3.94112E-01
5.63197E+00 3.94106E-01
5.64155E+00 3.94096E-01
5.65491E+00 3.94081E-01
5.67198E+00 3.94063E-01
5.69267E+00 3.94041E-01
5.71690E+00 3.94014E-01
5.74454E+00 3.93984E-01
5.77549E+00 3.93950E-01
5.80959E+00 3.93912E-01
5.84671E+00 3.93872E-01
5.88668E+00 3.93827E-01
5.92934E+00 3.93780E-01
5.97452E+00 3.93730E-01
6.02203E+00 3.93676E-01
6.07170E+00 3.93620E-01
6.12333E+00 3.93560E-01
6.17674E+00 3.93499E-01
6.23173E+00 3.93436E-01
6.28812E+00 3.93370E-01
6.34572E+00 3.93305E-01
6.40434E+00 3.93238E-01
6.46379E+00 3.93167E-01
6.52389E+00 3.93094E-01
6.58446E+00 3.93023E-01
6.64532E+00 3.92950E-01
6.70629E+00 3.92879E-01
6.76723E+00 3.92801E-01
6.82794E+00 3.92731E-01
6.88829E+00 3.92654E-01
6.94812E+00 3.92581E-01
7.00727E+00 3.92510E-01
7.06561E+00 3.92439E-01
7.12299E+00 3.92366E-01
7.17928E+00 3.92292E-01
7.23437E+00 3.92228E-01
7.28811E+00 3.92158E-01
7.34041E+00 3.92091E-01
7.39114E+00 3.92030E-01
7.44021E+00 3.91967E-01
7.48750E+00 3.91904E-01
7.53293E+00 3.91846E-01
7.57641E+00 3.91793E-01
7.61785E+00 3.91740E-01
7.65717E+00 3.91686E-01
7.69430E+00 3.91638E-01
7.72917E+00 3.91595E-01
7.76171E+00 3.91553E-01
7.79187E+00 3.91516E-01
7.81958E+00 3.91478E-01
7.84480E+00 3.91441E-01
7.86749E+00 3.91416E-01
7.88760E+00 3.91384E-01
7.90511E+00 3.91366E-01
7.91997E+00 3.91347E-01
7.93216E+00 3.91327E-01
7.94167E+00 3.91315E-01
7.94847E+00 3.91308E-01
7.95255E+00 3.91302E-01
7.95392E+00 3.91302E-01
7.95255E+00 3.91302E-01
7.94847E+00 3.91308E-01
7.94167E+00 3.91315E-01
7.93216E+00 3.91327E-01
7.91997E+00 3.91347E-01
7.90511E+00 3.91365E-01
7.88760E+00 3.91384E-01
7.86749E+00 3.91416E-01
7.84480E+00 3.91441E-01
7.81958E+00 3.91478E-01
7.79187E+00 3.91516E-01
7.76171E+00 3.91552E-01
7.72917E+00 3.91595E-01
7.69431E+00 3.91638E-01
7.65718E+00 3.91686E-01
7.61786E+00 3.91740E-01
7.57642E+00 3.91793E-01
7.53294E+00 3.91846E-01
7.48751E+00 3.91904E-01
7.44021E+00 3.91967E-01
7.39115E+00 3.92030E-01
7.34041E+00 3.92091E-01
7.28812E+00 3.92158E-01
7.23437E+00 3.92228E-01
7.17929E+00 3.92292E-01
7.12299E+00 3.92366E-01
7.06561E+00 3.92439E-01
7.00727E+00 3.92510E-01
6.94812E+00 3.92580E-01
6.88830E+00 3.92654E-01
6.82795E+00 3.92731E-01
6.76723E+00 3.92801E-01
6.70630E+00 3.92879E-01
6.64532E+00 3.92950E-01
6.58446E+00 3.93023E-01
6.52389E+00 3.93094E-01
6.46379E+00 3.93167E-01
6.40434E+00 3.93238E-01
6.34573E+00 3.93305E-01
6.28813E+00 3.93370E-01
6.23173E+00 3.93437E-01
6.17674E+00 3.93499E-01
6.12333E+00 3.93560E-01
6.07170E+00 3.93620E-01
6.02203E+00 3.93676E-01
5.97452E+00 3.93730E-01
5.92935E+00 3.93780E-01
5.88668E+00 3.93827E-01
5.84671E+00 3.93872E-01
5.80959E+00 3.93912E-01
5.77549E+00 3.93950E-01
5.74455E+00 3.93984E-01
5.71690E+00 3.94014E-01
5.69267E+00 3.94041E-01
5.67198E+00 3.94063E-01
5.65491E+00 3.94081E-01
5.64155E+00 3.94096E-01
5.63197E+00 3.94106E-01
5.62620E+00 3.94112E-01
5.62427E+00 3.94114E-01
