Will plot unflagged data


File # 1  = raise.vis
raise.vis 1.5136 GHz
Read 121 visibilities from all files

Baseline 2-3, plot 121 points
5.62427E+00 -1.19741E+00
5.62620E+00 -1.21977E+00
5.63197E+00 -1.24020E+00
5.64155E+00 -1.26075E+00
5.65491E+00 -1.27934E+00
5.67198E+00 -1.29800E+00
5.69267E+00 -1.31569E+00
5.71690E+00 -1.33135E+00
5.74454E+00 -1.34703E+00
5.77549E+00 -1.36166E+00
5.80959E+00 -1.37522E+00
5.84671E+00 -1.38872E+00
5.88668E+00 -1.40009E+00
5.92934E+00 -1.41136E+00
5.97452E+00 -1.42149E+00
6.02203E+00 -1.43047E+00
6.07170E+00 -1.43828E+00
6.12333E+00 -1.44489E+00
6.17674E+00 -1.45126E+00
6.23173E+00 -1.45633E+00
6.28812E+00 -1.46011E+00
6.34572E+00 -1.46361E+00
6.40434E+00 -1.46580E+00
6.46379E+00 -1.46666E+00
6.52389E+00 -1.46618E+00
6.58446E+00 -1.46538E+00
6.64532E+00 -1.46323E+00
6.70629E+00 -1.46074E+00
6.76723E+00 -1.45585E+00
6.82794E+00 -1.45163E+00
6.88829E+00 -1.44499E+00
6.94812E+00 -1.43799E+00
7.00727E+00 -1.43062E+00
7.06561E+00 -1.42185E+00
7.12299E+00 -1.41168E+00
7.17928E+00 -1.40009E+00
7.23437E+00 -1.38917E+00
7.28811E+00 -1.37580E+00
7.34041E+00 -1.36206E+00
7.39114E+00 -1.34791E+00
7.44021E+00 -1.33232E+00
7.48750E+00 -1.31532E+00
7.53293E+00 -1.29792E+00
7.57641E+00 -1.28014E+00
7.61785E+00 -1.26095E+00
7.65717E+00 -1.24037E+00
7.69430E+00 -1.21942E+00
7.72917E+00 -1.19813E+00
7.76171E+00 -1.17548E+00
7.79187E+00 -1.15249E+00
7.81958E+00 -1.12816E+00
7.84480E+00 -1.10249E+00
7.86749E+00 -1.07757E+00
7.88760E+00 -1.05031E+00
7.90511E+00 -1.02383E+00
7.91997E+00 -9.96068E-01
7.93216E+00 -9.67050E-01
7.94167E+00 -9.37825E-01
7.94847E+00 -9.08412E-01
7.95255E+00 -8.77796E-01
7.95392E+00 -8.47032E-01
7.95255E+00 -8.15107E-01
7.94847E+00 -7.83077E-01
7.94167E+00 -7.49930E-01
7.93216E+00 -7.16723E-01
7.91997E+00 -6.83481E-01
7.90511E+00 -6.49195E-01
7.88760E+00 -6.13892E-01
7.86749E+00 -5.79662E-01
7.84480E+00 -5.43434E-01
7.81958E+00 -5.08334E-01
7.79187E+00 -4.72325E-01
7.76171E+00 -4.35436E-01
7.72917E+00 -3.98727E-01
7.69431E+00 -3.61197E-01
7.65718E+00 -3.23908E-01
7.61786E+00 -2.86889E-01
7.57642E+00 -2.49139E-01
7.53294E+00 -2.10691E-01
7.48751E+00 -1.72606E-01
7.44021E+00 -1.34914E-01
7.39115E+00 -9.66157E-02
7.34041E+00 -5.77446E-02
7.28812E+00 -1.93605E-02
7.23437E+00 1.84757E-02
7.17929E+00 5.77801E-02
7.12299E+00 9.54340E-02
7.06561E+00 1.33460E-01
7.00727E+00 1.71824E-01
6.94812E+00 2.10494E-01
6.88830E+00 2.48401E-01
6.82795E+00 2.85511E-01
6.76723E+00 3.23853E-01
6.70630E+00 3.60294E-01
6.64532E+00 3.97895E-01
6.58446E+00 4.34556E-01
6.52389E+00 4.71273E-01
6.46379E+00 5.06978E-01
6.40434E+00 5.42668E-01
6.34573E+00 5.78308E-01
6.28813E+00 6.13866E-01
6.23173E+00 6.48278E-01
6.17674E+00 6.82545E-01
6.12333E+00 7.16639E-01
6.07170E+00 7.49500E-01
6.02203E+00 7.82057E-01
5.97452E+00 8.14265E-01
5.92935E+00 8.46095E-01
5.88668E+00 8.77520E-01
5.84671E+00 9.07479E-01
5.80959E+00 9.38003E-01
5.77549E+00 9.66997E-01
5.74455E+00 9.95462E-01
5.71690E+00 1.02337E+00
5.69267E+00 1.04964E+00
5.67198E+00 1.07633E+00
5.65491E+00 1.10236E+00
5.64155E+00 1.12669E+00
5.63197E+00 1.15134E+00
5.62620E+00 1.17423E+00
5.62427E+00 1.19741E+00
