Will plot unflagged data


File # 1  = raise.vis
raise.vis 1.5136 GHz
Read 121 visibilities from all files

Baseline 3-4, plot 121 points
1.47432E+00 -6.93685E-01
1.47483E+00 -7.06814E-01
1.47634E+00 -7.18405E-01
1.47885E+00 -7.30499E-01
1.48236E+00 -7.41025E-01
1.48683E+00 -7.52029E-01
1.49225E+00 -7.62466E-01
1.49860E+00 -7.71291E-01
1.50585E+00 -7.80552E-01
1.51396E+00 -7.89205E-01
1.52290E+00 -7.97236E-01
1.53263E+00 -8.04631E-01
1.54311E+00 -8.11379E-01
1.55429E+00 -8.17466E-01
1.56614E+00 -8.22879E-01
1.57859E+00 -8.28641E-01
1.59161E+00 -8.32674E-01
1.60514E+00 -8.37033E-01
1.61914E+00 -8.40674E-01
1.63356E+00 -8.43588E-01
1.64834E+00 -8.45766E-01
1.66344E+00 -8.47199E-01
1.67881E+00 -8.48910E-01
1.69439E+00 -8.49859E-01
1.71015E+00 -8.49010E-01
1.72602E+00 -8.48417E-01
1.74198E+00 -8.48074E-01
1.75796E+00 -8.45915E-01
1.77393E+00 -8.43994E-01
1.78985E+00 -8.40251E-01
1.80567E+00 -8.37762E-01
1.82135E+00 -8.33444E-01
1.83686E+00 -8.28303E-01
1.85215E+00 -8.23364E-01
1.86719E+00 -8.17598E-01
1.88195E+00 -8.12034E-01
1.89639E+00 -8.04614E-01
1.91048E+00 -7.97396E-01
1.92418E+00 -7.89352E-01
1.93748E+00 -7.80482E-01
1.95035E+00 -7.71819E-01
1.96274E+00 -7.62335E-01
1.97465E+00 -7.52032E-01
1.98605E+00 -7.41944E-01
1.99691E+00 -7.30012E-01
2.00722E+00 -7.18304E-01
2.01695E+00 -7.06824E-01
2.02609E+00 -6.94547E-01
2.03462E+00 -6.81476E-01
2.04253E+00 -6.67618E-01
2.04979E+00 -6.52980E-01
2.05640E+00 -6.38603E-01
2.06235E+00 -6.24493E-01
2.06762E+00 -6.08594E-01
2.07221E+00 -5.92981E-01
2.07611E+00 -5.76628E-01
2.07930E+00 -5.60579E-01
2.08180E+00 -5.43813E-01
2.08358E+00 -5.26339E-01
2.08465E+00 -5.08168E-01
2.08501E+00 -4.90346E-01
2.08465E+00 -4.71851E-01
2.08358E+00 -4.53730E-01
2.08180E+00 -4.34961E-01
2.07930E+00 -4.15560E-01
2.07611E+00 -3.95540E-01
2.07221E+00 -3.75949E-01
2.06762E+00 -3.55767E-01
2.06235E+00 -3.36044E-01
2.05641E+00 -3.14729E-01
2.04979E+00 -2.93904E-01
2.04253E+00 -2.73585E-01
2.03462E+00 -2.52756E-01
2.02609E+00 -2.31434E-01
2.01695E+00 -2.09637E-01
2.00722E+00 -1.87382E-01
1.99691E+00 -1.65719E-01
1.98605E+00 -1.44667E-01
1.97465E+00 -1.22180E-01
1.96274E+00 -1.00341E-01
1.95035E+00 -7.81358E-02
1.93748E+00 -5.55846E-02
1.92419E+00 -3.37376E-02
1.91048E+00 -1.15828E-02
1.89639E+00 1.08598E-02
1.88195E+00 3.25412E-02
1.86719E+00 5.55002E-02
1.85215E+00 7.76590E-02
1.83686E+00 1.00027E-01
1.82135E+00 1.21557E-01
1.80567E+00 1.43254E-01
1.78985E+00 1.66110E-01
1.77393E+00 1.87020E-01
1.75796E+00 2.09047E-01
1.74198E+00 2.30112E-01
1.72602E+00 2.52255E-01
1.71015E+00 2.73393E-01
1.69439E+00 2.93506E-01
1.67881E+00 3.14634E-01
1.66344E+00 3.35726E-01
1.64834E+00 3.55729E-01
1.63356E+00 3.75654E-01
1.61915E+00 3.95479E-01
1.60514E+00 4.15184E-01
1.59161E+00 4.34749E-01
1.57859E+00 4.53119E-01
1.56614E+00 4.72339E-01
1.55429E+00 4.90324E-01
1.54311E+00 5.08086E-01
1.53263E+00 5.25604E-01
1.52290E+00 5.42858E-01
1.51396E+00 5.59829E-01
1.50585E+00 5.76498E-01
1.49860E+00 5.92845E-01
1.49225E+00 6.07820E-01
1.48683E+00 6.23469E-01
1.48236E+00 6.38742E-01
1.47885E+00 6.52591E-01
1.47634E+00 6.67062E-01
1.47483E+00 6.80078E-01
1.47432E+00 6.93682E-01
