Will plot unflagged data


File # 1  = raise.vis
raise.vis 1.5136 GHz
Read 121 visibilities from all files

Baseline 3-4, plot 121 points
1.47432E+00 2.91815E+00
1.47483E+00 2.91814E+00
1.47634E+00 2.91812E+00
1.47885E+00 2.91809E+00
1.48236E+00 2.91805E+00
1.48683E+00 2.91799E+00
1.49225E+00 2.91793E+00
1.49860E+00 2.91784E+00
1.50585E+00 2.91775E+00
1.51396E+00 2.91765E+00
1.52290E+00 2.91754E+00
1.53263E+00 2.91742E+00
1.54311E+00 2.91728E+00
1.55429E+00 2.91713E+00
1.56614E+00 2.91698E+00
1.57859E+00 2.91682E+00
1.59161E+00 2.91664E+00
1.60514E+00 2.91646E+00
1.61914E+00 2.91628E+00
1.63356E+00 2.91608E+00
1.64834E+00 2.91588E+00
1.66344E+00 2.91566E+00
1.67881E+00 2.91546E+00
1.69439E+00 2.91525E+00
1.71015E+00 2.91501E+00
1.72602E+00 2.91479E+00
1.74198E+00 2.91458E+00
1.75796E+00 2.91434E+00
1.77393E+00 2.91412E+00
1.78985E+00 2.91387E+00
1.80567E+00 2.91366E+00
1.82135E+00 2.91342E+00
1.83686E+00 2.91318E+00
1.85215E+00 2.91296E+00
1.86719E+00 2.91273E+00
1.88195E+00 2.91253E+00
1.89639E+00 2.91229E+00
1.91048E+00 2.91208E+00
1.92418E+00 2.91187E+00
1.93748E+00 2.91165E+00
1.95035E+00 2.91146E+00
1.96274E+00 2.91127E+00
1.97465E+00 2.91108E+00
1.98605E+00 2.91092E+00
1.99691E+00 2.91072E+00
2.00722E+00 2.91055E+00
2.01695E+00 2.91042E+00
2.02609E+00 2.91028E+00
2.03462E+00 2.91014E+00
2.04253E+00 2.91001E+00
2.04979E+00 2.90987E+00
2.05640E+00 2.90976E+00
2.06235E+00 2.90969E+00
2.06762E+00 2.90958E+00
2.07221E+00 2.90951E+00
2.07611E+00 2.90944E+00
2.07930E+00 2.90941E+00
2.08180E+00 2.90937E+00
2.08358E+00 2.90933E+00
2.08465E+00 2.90930E+00
2.08501E+00 2.90930E+00
2.08465E+00 2.90930E+00
2.08358E+00 2.90934E+00
2.08180E+00 2.90937E+00
2.07930E+00 2.90941E+00
2.07611E+00 2.90944E+00
2.07221E+00 2.90951E+00
2.06762E+00 2.90959E+00
2.06235E+00 2.90969E+00
2.05641E+00 2.90976E+00
2.04979E+00 2.90987E+00
2.04253E+00 2.91001E+00
2.03462E+00 2.91014E+00
2.02609E+00 2.91028E+00
2.01695E+00 2.91042E+00
2.00722E+00 2.91055E+00
1.99691E+00 2.91072E+00
1.98605E+00 2.91092E+00
1.97465E+00 2.91108E+00
1.96274E+00 2.91127E+00
1.95035E+00 2.91146E+00
1.93748E+00 2.91165E+00
1.92419E+00 2.91187E+00
1.91048E+00 2.91208E+00
1.89639E+00 2.91229E+00
1.88195E+00 2.91253E+00
1.86719E+00 2.91273E+00
1.85215E+00 2.91296E+00
1.83686E+00 2.91318E+00
1.82135E+00 2.91342E+00
1.80567E+00 2.91366E+00
1.78985E+00 2.91387E+00
1.77393E+00 2.91412E+00
1.75796E+00 2.91434E+00
1.74198E+00 2.91458E+00
1.72602E+00 2.91479E+00
1.71015E+00 2.91501E+00
1.69439E+00 2.91525E+00
1.67881E+00 2.91546E+00
1.66344E+00 2.91566E+00
1.64834E+00 2.91588E+00
1.63356E+00 2.91608E+00
1.61915E+00 2.91628E+00
1.60514E+00 2.91646E+00
1.59161E+00 2.91664E+00
1.57859E+00 2.91682E+00
1.56614E+00 2.91698E+00
1.55429E+00 2.91714E+00
1.54311E+00 2.91728E+00
1.53263E+00 2.91742E+00
1.52290E+00 2.91754E+00
1.51396E+00 2.91765E+00
1.50585E+00 2.91776E+00
1.49860E+00 2.91784E+00
1.49225E+00 2.91793E+00
1.48683E+00 2.91799E+00
1.48236E+00 2.91805E+00
1.47885E+00 2.91809E+00
1.47634E+00 2.91812E+00
1.47483E+00 2.91814E+00
1.47432E+00 2.91815E+00
