Will plot unflagged data


File # 1  = raise.vis
raise.vis 1.5136 GHz
Read 121 visibilities from all files

Baseline 1-5, plot 121 points
9.93803E+00 8.18778E-02
9.94143E+00 8.18774E-02
9.95163E+00 8.18764E-02
9.96857E+00 8.18748E-02
9.99217E+00 8.18724E-02
1.00223E+01 8.18694E-02
1.00589E+01 8.18658E-02
1.01017E+01 8.18613E-02
1.01506E+01 8.18563E-02
1.02052E+01 8.18507E-02
1.02655E+01 8.18447E-02
1.03311E+01 8.18378E-02
1.04017E+01 8.18302E-02
1.04771E+01 8.18225E-02
1.05569E+01 8.18142E-02
1.06409E+01 8.18053E-02
1.07286E+01 8.17959E-02
1.08199E+01 8.17863E-02
1.09142E+01 8.17763E-02
1.10114E+01 8.17658E-02
1.11111E+01 8.17548E-02
1.12128E+01 8.17438E-02
1.13164E+01 8.17324E-02
1.14215E+01 8.17205E-02
1.15276E+01 8.17088E-02
1.16347E+01 8.16968E-02
1.17422E+01 8.16843E-02
1.18500E+01 8.16722E-02
1.19576E+01 8.16597E-02
1.20649E+01 8.16469E-02
1.21715E+01 8.16346E-02
1.22773E+01 8.16227E-02
1.23818E+01 8.16098E-02
1.24849E+01 8.15983E-02
1.25863E+01 8.15858E-02
1.26857E+01 8.15739E-02
1.27831E+01 8.15626E-02
1.28780E+01 8.15511E-02
1.29704E+01 8.15394E-02
1.30601E+01 8.15285E-02
1.31468E+01 8.15183E-02
1.32303E+01 8.15080E-02
1.33106E+01 8.14976E-02
1.33874E+01 8.14880E-02
1.34607E+01 8.14793E-02
1.35302E+01 8.14705E-02
1.35958E+01 8.14626E-02
1.36574E+01 8.14546E-02
1.37149E+01 8.14476E-02
1.37682E+01 8.14405E-02
1.38171E+01 8.14344E-02
1.38617E+01 8.14282E-02
1.39018E+01 8.14231E-02
1.39373E+01 8.14189E-02
1.39682E+01 8.14148E-02
1.39945E+01 8.14117E-02
1.40161E+01 8.14085E-02
1.40328E+01 8.14064E-02
1.40449E+01 8.14054E-02
1.40521E+01 8.14043E-02
1.40545E+01 8.14043E-02
1.40521E+01 8.14043E-02
1.40449E+01 8.14054E-02
1.40328E+01 8.14064E-02
1.40161E+01 8.14085E-02
1.39945E+01 8.14116E-02
1.39682E+01 8.14148E-02
1.39373E+01 8.14189E-02
1.39018E+01 8.14231E-02
1.38617E+01 8.14282E-02
1.38171E+01 8.14344E-02
1.37682E+01 8.14405E-02
1.37149E+01 8.14475E-02
1.36574E+01 8.14546E-02
1.35958E+01 8.14626E-02
1.35302E+01 8.14705E-02
1.34607E+01 8.14793E-02
1.33875E+01 8.14880E-02
1.33106E+01 8.14976E-02
1.32303E+01 8.15080E-02
1.31468E+01 8.15183E-02
1.30601E+01 8.15285E-02
1.29704E+01 8.15394E-02
1.28780E+01 8.15511E-02
1.27831E+01 8.15626E-02
1.26857E+01 8.15739E-02
1.25863E+01 8.15858E-02
1.24849E+01 8.15983E-02
1.23818E+01 8.16098E-02
1.22773E+01 8.16227E-02
1.21716E+01 8.16346E-02
1.20649E+01 8.16469E-02
1.19576E+01 8.16597E-02
1.18500E+01 8.16722E-02
1.17422E+01 8.16843E-02
1.16347E+01 8.16968E-02
1.15277E+01 8.17088E-02
1.14215E+01 8.17205E-02
1.13164E+01 8.17324E-02
1.12128E+01 8.17438E-02
1.11111E+01 8.17547E-02
1.10114E+01 8.17658E-02
1.09142E+01 8.17763E-02
1.08199E+01 8.17863E-02
1.07286E+01 8.17959E-02
1.06409E+01 8.18053E-02
1.05569E+01 8.18142E-02
1.04771E+01 8.18225E-02
1.04017E+01 8.18303E-02
1.03311E+01 8.18378E-02
1.02655E+01 8.18447E-02
1.02052E+01 8.18507E-02
1.01506E+01 8.18563E-02
1.01017E+01 8.18613E-02
1.00589E+01 8.18658E-02
1.00223E+01 8.18694E-02
9.99218E+00 8.18724E-02
9.96857E+00 8.18748E-02
9.95163E+00 8.18764E-02
9.94143E+00 8.18774E-02
9.93803E+00 8.18778E-02
