Will plot unflagged data


File # 1  = raise.vis
raise.vis 1.5136 GHz
Read 121 visibilities from all files

Baseline 1-5, plot 121 points
9.93803E+00 -1.25294E+00
9.94143E+00 -1.27631E+00
9.95163E+00 -1.29770E+00
9.96857E+00 -1.31918E+00
9.99217E+00 -1.33864E+00
1.00223E+01 -1.35814E+00
1.00589E+01 -1.37662E+00
1.01017E+01 -1.39303E+00
1.01506E+01 -1.40940E+00
1.02052E+01 -1.42468E+00
1.02655E+01 -1.43988E+00
1.03311E+01 -1.45291E+00
1.04017E+01 -1.46478E+00
1.04771E+01 -1.47652E+00
1.05569E+01 -1.48706E+00
1.06409E+01 -1.49640E+00
1.07286E+01 -1.50453E+00
1.08199E+01 -1.51237E+00
1.09142E+01 -1.51888E+00
1.10114E+01 -1.52404E+00
1.11111E+01 -1.52786E+00
1.12128E+01 -1.53134E+00
1.13164E+01 -1.53345E+00
1.14215E+01 -1.53417E+00
1.15276E+01 -1.53453E+00
1.16347E+01 -1.53348E+00
1.17422E+01 -1.53101E+00
1.18500E+01 -1.52814E+00
1.19576E+01 -1.52384E+00
1.20649E+01 -1.51809E+00
1.21715E+01 -1.51192E+00
1.22773E+01 -1.50533E+00
1.23818E+01 -1.49625E+00
1.24849E+01 -1.48776E+00
1.25863E+01 -1.47679E+00
1.26857E+01 -1.46538E+00
1.27831E+01 -1.45351E+00
1.28780E+01 -1.44014E+00
1.29704E+01 -1.42526E+00
1.30601E+01 -1.40992E+00
1.31468E+01 -1.39411E+00
1.32303E+01 -1.37681E+00
1.33106E+01 -1.35804E+00
1.33874E+01 -1.33881E+00
1.34607E+01 -1.31916E+00
1.35302E+01 -1.29804E+00
1.35958E+01 -1.27650E+00
1.36574E+01 -1.25352E+00
1.37149E+01 -1.23014E+00
1.37682E+01 -1.20534E+00
1.38171E+01 -1.18017E+00
1.38617E+01 -1.15360E+00
1.39018E+01 -1.12668E+00
1.39373E+01 -1.09943E+00
1.39682E+01 -1.07082E+00
1.39945E+01 -1.04192E+00
1.40161E+01 -1.01170E+00
1.40328E+01 -9.81213E-01
1.40449E+01 -9.50484E-01
1.40521E+01 -9.18496E-01
1.40545E+01 -8.86305E-01
1.40521E+01 -8.52900E-01
1.40449E+01 -8.19336E-01
1.40328E+01 -7.84605E-01
1.40161E+01 -7.49763E-01
1.39945E+01 -7.14836E-01
1.39682E+01 -6.78817E-01
1.39373E+01 -6.42767E-01
1.39018E+01 -6.05678E-01
1.38617E+01 -5.68613E-01
1.38171E+01 -5.31601E-01
1.37682E+01 -4.93638E-01
1.37149E+01 -4.55786E-01
1.36574E+01 -4.17045E-01
1.35958E+01 -3.78478E-01
1.35302E+01 -3.39083E-01
1.34607E+01 -2.99927E-01
1.33875E+01 -2.60009E-01
1.33106E+01 -2.20393E-01
1.32303E+01 -1.81114E-01
1.31468E+01 -1.41172E-01
1.30601E+01 -1.00601E-01
1.29704E+01 -6.04647E-02
1.28780E+01 -2.07957E-02
1.27831E+01 1.94036E-02
1.26857E+01 6.00995E-02
1.25863E+01 1.00209E-01
1.24849E+01 1.39671E-01
1.23818E+01 1.80510E-01
1.22773E+01 2.19601E-01
1.21716E+01 2.59999E-01
1.20649E+01 2.99608E-01
1.19576E+01 3.38389E-01
1.18500E+01 3.77339E-01
1.17422E+01 4.16421E-01
1.16347E+01 4.54564E-01
1.15277E+01 4.92764E-01
1.14215E+01 5.30984E-01
1.13164E+01 5.68152E-01
1.12128E+01 6.05267E-01
1.11111E+01 6.42292E-01
1.10114E+01 6.78160E-01
1.09142E+01 7.13871E-01
1.08199E+01 7.49395E-01
1.07286E+01 7.84702E-01
1.06409E+01 8.18722E-01
1.05569E+01 8.52375E-01
1.04771E+01 8.85625E-01
1.04017E+01 9.18444E-01
1.03311E+01 9.49772E-01
1.02655E+01 9.80608E-01
1.02052E+01 1.01195E+00
1.01506E+01 1.04171E+00
1.01017E+01 1.07088E+00
1.00589E+01 1.09840E+00
1.00223E+01 1.12629E+00
9.99218E+00 1.15350E+00
9.96857E+00 1.17897E+00
9.95163E+00 1.20474E+00
9.94143E+00 1.22871E+00
9.93803E+00 1.25293E+00
