Will plot unflagged data


File # 1  = raise.vis
raise.vis 15.1356 GHz
Read 121 visibilities from all files

Baseline 1-5, plot 121 points
9.93803E+01 -2.68972E+01
9.94143E+01 -2.73858E+01
9.95163E+01 -2.78560E+01
9.96857E+01 -2.83070E+01
9.99217E+01 -2.87381E+01
1.00223E+02 -2.91496E+01
1.00589E+02 -2.95412E+01
1.01017E+02 -2.99124E+01
1.01506E+02 -3.02644E+01
1.02052E+02 -3.05934E+01
1.02655E+02 -3.09028E+01
1.03311E+02 -3.11918E+01
1.04017E+02 -3.14575E+01
1.04771E+02 -3.17032E+01
1.05569E+02 -3.19267E+01
1.06409E+02 -3.21276E+01
1.07286E+02 -3.23080E+01
1.08199E+02 -3.24650E+01
1.09142E+02 -3.26001E+01
1.10114E+02 -3.27132E+01
1.11111E+02 -3.28032E+01
1.12128E+02 -3.28711E+01
1.13164E+02 -3.29168E+01
1.14215E+02 -3.29390E+01
1.15276E+02 -3.29396E+01
1.16347E+02 -3.29173E+01
1.17422E+02 -3.28718E+01
1.18500E+02 -3.28047E+01
1.19576E+02 -3.27149E+01
1.20649E+02 -3.26022E+01
1.21715E+02 -3.24674E+01
1.22773E+02 -3.23105E+01
1.23818E+02 -3.21322E+01
1.24849E+02 -3.19305E+01
1.25863E+02 -3.17073E+01
1.26857E+02 -3.14623E+01
1.27831E+02 -3.11960E+01
1.28780E+02 -3.09091E+01
1.29704E+02 -3.05997E+01
1.30601E+02 -3.02707E+01
1.31468E+02 -2.99197E+01
1.32303E+02 -2.95488E+01
1.33106E+02 -2.91575E+01
1.33874E+02 -2.87455E+01
1.34607E+02 -2.83149E+01
1.35302E+02 -2.78650E+01
1.35958E+02 -2.73955E+01
1.36574E+02 -2.69063E+01
1.37149E+02 -2.63999E+01
1.37682E+02 -2.58751E+01
1.38171E+02 -2.53329E+01
1.38617E+02 -2.47727E+01
1.39018E+02 -2.41953E+01
1.39373E+02 -2.36023E+01
1.39682E+02 -2.29923E+01
1.39945E+02 -2.23671E+01
1.40161E+02 -2.17261E+01
1.40328E+02 -2.10707E+01
1.40449E+02 -2.04013E+01
1.40521E+02 -1.97173E+01
1.40545E+02 -1.90191E+01
1.40521E+02 -1.83091E+01
1.40449E+02 -1.75860E+01
1.40329E+02 -1.68500E+01
1.40161E+02 -1.61030E+01
1.39945E+02 -1.53455E+01
1.39682E+02 -1.45771E+01
1.39373E+02 -1.37991E+01
1.39018E+02 -1.30109E+01
1.38617E+02 -1.22147E+01
1.38171E+02 -1.14099E+01
1.37682E+02 -1.05967E+01
1.37149E+02 -9.77654E+00
1.36574E+02 -8.94943E+00
1.35958E+02 -8.11735E+00
1.35302E+02 -7.27781E+00
1.34607E+02 -6.43475E+00
1.33875E+02 -5.58644E+00
1.33106E+02 -4.73540E+00
1.32303E+02 -3.88036E+00
1.31468E+02 -3.02261E+00
1.30601E+02 -2.16325E+00
1.29704E+02 -1.30126E+00
1.28780E+02 -4.39735E-01
1.27831E+02 4.23502E-01
1.26857E+02 1.28553E+00
1.25863E+02 2.14657E+00
1.24849E+02 3.00606E+00
1.23818E+02 3.86316E+00
1.22773E+02 4.71906E+00
1.21716E+02 5.57088E+00
1.20649E+02 6.41880E+00
1.19576E+02 7.26202E+00
1.18500E+02 8.10075E+00
1.17422E+02 8.93421E+00
1.16347E+02 9.76057E+00
1.15277E+02 1.05808E+01
1.14215E+02 1.13942E+01
1.13164E+02 1.21988E+01
1.12128E+02 1.29960E+01
1.11111E+02 1.37840E+01
1.10114E+02 1.45631E+01
1.09142E+02 1.53309E+01
1.08199E+02 1.60889E+01
1.07286E+02 1.68355E+01
1.06409E+02 1.75718E+01
1.05569E+02 1.82946E+01
1.04771E+02 1.90055E+01
1.04017E+02 1.97039E+01
1.03311E+02 2.03872E+01
1.02655E+02 2.10585E+01
1.02052E+02 2.17146E+01
1.01506E+02 2.23554E+01
1.01017E+02 2.29810E+01
1.00589E+02 2.35908E+01
1.00223E+02 2.41845E+01
9.99218E+01 2.47615E+01
9.96857E+01 2.53214E+01
9.95163E+01 2.58655E+01
9.94143E+01 2.63901E+01
9.93803E+01 2.68971E+01
