Will plot unflagged data


File # 1  = raise.vis
raise.vis 15.1356 GHz
Read 121 visibilities from all files

Baseline 1-5, plot 121 points
9.93803E+01 2.47446E-01
9.94143E+01 2.47253E-01
9.95163E+01 2.46678E-01
9.96857E+01 2.45738E-01
9.99217E+01 2.44457E-01
1.00223E+02 2.42876E-01
1.00589E+02 2.41046E-01
1.01017E+02 2.39027E-01
1.01506E+02 2.36883E-01
1.02052E+02 2.34655E-01
1.02655E+02 2.32405E-01
1.03311E+02 2.30163E-01
1.04017E+02 2.27939E-01
1.04771E+02 2.25763E-01
1.05569E+02 2.23635E-01
1.06409E+02 2.21558E-01
1.07286E+02 2.19550E-01
1.08199E+02 2.17600E-01
1.09142E+02 2.15720E-01
1.10114E+02 2.13910E-01
1.11111E+02 2.12166E-01
1.12128E+02 2.10492E-01
1.13164E+02 2.08886E-01
1.14215E+02 2.07341E-01
1.15276E+02 2.05864E-01
1.16347E+02 2.04448E-01
1.17422E+02 2.03091E-01
1.18500E+02 2.01797E-01
1.19576E+02 2.00558E-01
1.20649E+02 1.99372E-01
1.21715E+02 1.98240E-01
1.22773E+02 1.97159E-01
1.23818E+02 1.96128E-01
1.24849E+02 1.95141E-01
1.25863E+02 1.94200E-01
1.26857E+02 1.93303E-01
1.27831E+02 1.92450E-01
1.28780E+02 1.91640E-01
1.29704E+02 1.90867E-01
1.30601E+02 1.90137E-01
1.31468E+02 1.89443E-01
1.32303E+02 1.88787E-01
1.33106E+02 1.88168E-01
1.33874E+02 1.87583E-01
1.34607E+02 1.87037E-01
1.35302E+02 1.86526E-01
1.35958E+02 1.86050E-01
1.36574E+02 1.85605E-01
1.37149E+02 1.85197E-01
1.37682E+02 1.84822E-01
1.38171E+02 1.84482E-01
1.38617E+02 1.84172E-01
1.39018E+02 1.83896E-01
1.39373E+02 1.83654E-01
1.39682E+02 1.83443E-01
1.39945E+02 1.83266E-01
1.40161E+02 1.83120E-01
1.40328E+02 1.83007E-01
1.40449E+02 1.82928E-01
1.40521E+02 1.82880E-01
1.40545E+02 1.82862E-01
1.40521E+02 1.82880E-01
1.40449E+02 1.82928E-01
1.40329E+02 1.83007E-01
1.40161E+02 1.83120E-01
1.39945E+02 1.83266E-01
1.39682E+02 1.83443E-01
1.39373E+02 1.83654E-01
1.39018E+02 1.83896E-01
1.38617E+02 1.84172E-01
1.38171E+02 1.84482E-01
1.37682E+02 1.84822E-01
1.37149E+02 1.85197E-01
1.36574E+02 1.85605E-01
1.35958E+02 1.86050E-01
1.35302E+02 1.86524E-01
1.34607E+02 1.87037E-01
1.33875E+02 1.87583E-01
1.33106E+02 1.88168E-01
1.32303E+02 1.88787E-01
1.31468E+02 1.89443E-01
1.30601E+02 1.90137E-01
1.29704E+02 1.90867E-01
1.28780E+02 1.91640E-01
1.27831E+02 1.92450E-01
1.26857E+02 1.93303E-01
1.25863E+02 1.94199E-01
1.24849E+02 1.95141E-01
1.23818E+02 1.96128E-01
1.22773E+02 1.97159E-01
1.21716E+02 1.98240E-01
1.20649E+02 1.99372E-01
1.19576E+02 2.00558E-01
1.18500E+02 2.01797E-01
1.17422E+02 2.03091E-01
1.16347E+02 2.04448E-01
1.15277E+02 2.05864E-01
1.14215E+02 2.07341E-01
1.13164E+02 2.08886E-01
1.12128E+02 2.10492E-01
1.11111E+02 2.12166E-01
1.10114E+02 2.13906E-01
1.09142E+02 2.15720E-01
1.08199E+02 2.17600E-01
1.07286E+02 2.19549E-01
1.06409E+02 2.21558E-01
1.05569E+02 2.23635E-01
1.04771E+02 2.25763E-01
1.04017E+02 2.27939E-01
1.03311E+02 2.30163E-01
1.02655E+02 2.32405E-01
1.02052E+02 2.34655E-01
1.01506E+02 2.36879E-01
1.01017E+02 2.39027E-01
1.00589E+02 2.41047E-01
1.00223E+02 2.42876E-01
9.99218E+01 2.44457E-01
9.96857E+01 2.45738E-01
9.95163E+01 2.46677E-01
9.94143E+01 2.47253E-01
9.93803E+01 2.47446E-01
