Will plot unflagged data


File # 1  = raise.vis
raise.vis 15.1356 GHz
Read 121 visibilities from all files

Baseline 1-2, plot 121 points
5.46046E+00 -2.56921E+00
5.46233E+00 -2.61616E+00
5.46793E+00 -2.66113E+00
5.47724E+00 -2.70415E+00
5.49021E+00 -2.74520E+00
5.50677E+00 -2.78425E+00
5.52686E+00 -2.82127E+00
5.55038E+00 -2.85729E+00
5.57723E+00 -2.89126E+00
5.60727E+00 -2.92284E+00
5.64038E+00 -2.95204E+00
5.67642E+00 -2.97989E+00
5.71522E+00 -3.00430E+00
5.75664E+00 -3.02835E+00
5.80050E+00 -3.04997E+00
5.84663E+00 -3.06917E+00
5.89485E+00 -3.08584E+00
5.94498E+00 -3.10079E+00
5.99683E+00 -3.11403E+00
6.05022E+00 -3.12455E+00
6.10497E+00 -3.13336E+00
6.16090E+00 -3.13941E+00
6.21781E+00 -3.14373E+00
6.27552E+00 -3.14632E+00
6.33387E+00 -3.14617E+00
6.39268E+00 -3.14408E+00
6.45176E+00 -3.14002E+00
6.51097E+00 -3.13401E+00
6.57012E+00 -3.12503E+00
6.62907E+00 -3.11410E+00
6.68766E+00 -3.10122E+00
6.74575E+00 -3.08638E+00
6.80317E+00 -3.06856E+00
6.85981E+00 -3.04983E+00
6.91552E+00 -3.02916E+00
6.97018E+00 -3.00543E+00
7.02366E+00 -2.97961E+00
7.07584E+00 -2.95277E+00
7.12661E+00 -2.92285E+00
7.17587E+00 -2.89193E+00
7.22350E+00 -2.85798E+00
7.26942E+00 -2.82201E+00
7.31353E+00 -2.78508E+00
7.35574E+00 -2.74618E+00
7.39597E+00 -2.70427E+00
7.43415E+00 -2.66145E+00
7.47020E+00 -2.61669E+00
7.50405E+00 -2.57003E+00
7.53564E+00 -2.52148E+00
7.56492E+00 -2.47106E+00
7.59183E+00 -2.41983E+00
7.61631E+00 -2.36677E+00
7.63834E+00 -2.31086E+00
7.65787E+00 -2.25420E+00
7.67486E+00 -2.19682E+00
7.68929E+00 -2.13670E+00
7.70113E+00 -2.07594E+00
7.71036E+00 -2.01251E+00
7.71696E+00 -1.94853E+00
7.72093E+00 -1.88299E+00
7.72225E+00 -1.81698E+00
7.72093E+00 -1.74848E+00
7.71696E+00 -1.67960E+00
7.71036E+00 -1.60936E+00
7.70113E+00 -1.53883E+00
7.68929E+00 -1.46600E+00
7.67486E+00 -1.39300E+00
7.65787E+00 -1.31780E+00
7.63834E+00 -1.24253E+00
7.61631E+00 -1.16723E+00
7.59183E+00 -1.08991E+00
7.56492E+00 -1.01168E+00
7.53564E+00 -9.33625E-01
7.50405E+00 -8.54797E-01
7.47020E+00 -7.75257E-01
7.43415E+00 -6.95067E-01
7.39598E+00 -6.14294E-01
7.35574E+00 -5.34037E-01
7.31353E+00 -4.52297E-01
7.26942E+00 -3.70175E-01
7.22351E+00 -2.88773E-01
7.17587E+00 -2.07126E-01
7.12661E+00 -1.24271E-01
7.07584E+00 -4.23408E-02
7.02366E+00 4.06666E-02
6.97018E+00 1.22631E-01
6.91553E+00 2.04538E-01
6.85982E+00 2.87300E-01
6.80318E+00 3.69706E-01
6.74575E+00 4.50666E-01
6.68767E+00 5.32185E-01
6.62908E+00 6.13170E-01
6.57013E+00 6.93553E-01
6.51097E+00 7.73265E-01
6.45177E+00 8.53274E-01
6.39268E+00 9.32493E-01
6.33388E+00 1.01089E+00
6.27553E+00 1.08837E+00
6.21781E+00 1.16570E+00
6.16090E+00 1.24180E+00
6.10498E+00 1.31663E+00
6.05023E+00 1.39117E+00
5.99683E+00 1.46432E+00
5.94498E+00 1.53706E+00
5.89485E+00 1.60832E+00
5.84663E+00 1.67810E+00
5.80051E+00 1.74715E+00
5.75665E+00 1.81532E+00
5.71523E+00 1.88262E+00
5.67642E+00 1.94692E+00
5.64038E+00 2.01128E+00
5.60727E+00 2.07359E+00
5.57723E+00 2.13486E+00
5.55039E+00 2.19507E+00
5.52687E+00 2.25388E+00
5.50677E+00 2.31020E+00
5.49021E+00 2.36506E+00
5.47724E+00 2.41841E+00
5.46793E+00 2.47023E+00
5.46233E+00 2.52049E+00
5.46046E+00 2.56920E+00
