Will plot unflagged data


File # 1  = raise.vis
raise.vis 15.1356 GHz
Read 121 visibilities from all files

Baseline 1-2, plot 121 points
5.46046E+00 5.14854E-01
5.46233E+00 5.14847E-01
5.46793E+00 5.14826E-01
5.47724E+00 5.14791E-01
5.49021E+00 5.14741E-01
5.50677E+00 5.14677E-01
5.52686E+00 5.14599E-01
5.55038E+00 5.14510E-01
5.57723E+00 5.14408E-01
5.60727E+00 5.14293E-01
5.64038E+00 5.14164E-01
5.67642E+00 5.14026E-01
5.71522E+00 5.13873E-01
5.75664E+00 5.13714E-01
5.80050E+00 5.13544E-01
5.84663E+00 5.13364E-01
5.89485E+00 5.13173E-01
5.94498E+00 5.12976E-01
5.99683E+00 5.12774E-01
6.05022E+00 5.12562E-01
6.10497E+00 5.12347E-01
6.16090E+00 5.12122E-01
6.21781E+00 5.11896E-01
6.27552E+00 5.11668E-01
6.33387E+00 5.11434E-01
6.39268E+00 5.11199E-01
6.45176E+00 5.10963E-01
6.51097E+00 5.10728E-01
6.57012E+00 5.10487E-01
6.62907E+00 5.10248E-01
6.68766E+00 5.10012E-01
6.74575E+00 5.09777E-01
6.80317E+00 5.09539E-01
6.85981E+00 5.09313E-01
6.91552E+00 5.09092E-01
6.97018E+00 5.08867E-01
7.02366E+00 5.08646E-01
7.07584E+00 5.08439E-01
7.12661E+00 5.08229E-01
7.17587E+00 5.08033E-01
7.22350E+00 5.07834E-01
7.26942E+00 5.07643E-01
7.31353E+00 5.07466E-01
7.35574E+00 5.07297E-01
7.39597E+00 5.07127E-01
7.43415E+00 5.06972E-01
7.47020E+00 5.06826E-01
7.50405E+00 5.06687E-01
7.53564E+00 5.06557E-01
7.56492E+00 5.06435E-01
7.59183E+00 5.06330E-01
7.61631E+00 5.06233E-01
7.63834E+00 5.06136E-01
7.65787E+00 5.06056E-01
7.67486E+00 5.05994E-01
7.68929E+00 5.05932E-01
7.70113E+00 5.05888E-01
7.71036E+00 5.05843E-01
7.71696E+00 5.05816E-01
7.72093E+00 5.05798E-01
7.72225E+00 5.05798E-01
7.72093E+00 5.05798E-01
7.71696E+00 5.05816E-01
7.71036E+00 5.05843E-01
7.70113E+00 5.05887E-01
7.68929E+00 5.05932E-01
7.67486E+00 5.05994E-01
7.65787E+00 5.06056E-01
7.63834E+00 5.06136E-01
7.61631E+00 5.06233E-01
7.59183E+00 5.06330E-01
7.56492E+00 5.06435E-01
7.53564E+00 5.06557E-01
7.50405E+00 5.06687E-01
7.47020E+00 5.06826E-01
7.43415E+00 5.06972E-01
7.39598E+00 5.07127E-01
7.35574E+00 5.07297E-01
7.31353E+00 5.07466E-01
7.26942E+00 5.07643E-01
7.22351E+00 5.07834E-01
7.17587E+00 5.08033E-01
7.12661E+00 5.08228E-01
7.07584E+00 5.08439E-01
7.02366E+00 5.08646E-01
6.97018E+00 5.08867E-01
6.91553E+00 5.09092E-01
6.85982E+00 5.09313E-01
6.80318E+00 5.09539E-01
6.74575E+00 5.09778E-01
6.68767E+00 5.10011E-01
6.62908E+00 5.10248E-01
6.57013E+00 5.10488E-01
6.51097E+00 5.10728E-01
6.45177E+00 5.10963E-01
6.39268E+00 5.11199E-01
6.33388E+00 5.11434E-01
6.27553E+00 5.11668E-01
6.21781E+00 5.11896E-01
6.16090E+00 5.12122E-01
6.10498E+00 5.12346E-01
6.05023E+00 5.12562E-01
5.99683E+00 5.12774E-01
5.94498E+00 5.12976E-01
5.89485E+00 5.13173E-01
5.84663E+00 5.13364E-01
5.80051E+00 5.13544E-01
5.75665E+00 5.13714E-01
5.71523E+00 5.13873E-01
5.67642E+00 5.14026E-01
5.64038E+00 5.14164E-01
5.60727E+00 5.14293E-01
5.57723E+00 5.14408E-01
5.55039E+00 5.14510E-01
5.52687E+00 5.14599E-01
5.50677E+00 5.14677E-01
5.49021E+00 5.14741E-01
5.47724E+00 5.14790E-01
5.46793E+00 5.14826E-01
5.46233E+00 5.14847E-01
5.46046E+00 5.14854E-01
