Will plot unflagged data


File # 1  = raise.vis
raise.vis 1.5136 GHz
Read 121 visibilities from all files

Baseline 1-2, plot 121 points
5.46046E-01 -6.68508E-02
5.46233E-01 -6.82772E-02
5.46793E-01 -6.96559E-02
5.47724E-01 -6.99595E-02
5.49021E-01 -7.12380E-02
5.50677E-01 -7.24640E-02
5.52687E-01 -7.36360E-02
5.55039E-01 -7.47525E-02
5.57723E-01 -7.47854E-02
5.60727E-01 -7.57864E-02
5.64038E-01 -7.67276E-02
5.67642E-01 -7.76077E-02
5.71522E-01 -7.84253E-02
5.75664E-01 -7.91793E-02
5.80050E-01 -7.98683E-02
5.84663E-01 -7.94637E-02
5.89485E-01 -8.00193E-02
5.94498E-01 -8.05066E-02
5.99683E-01 -8.09245E-02
6.05022E-01 -8.12721E-02
6.10497E-01 -8.15484E-02
6.16090E-01 -8.17526E-02
6.21781E-01 -8.18837E-02
6.27552E-01 -8.19410E-02
6.33387E-01 -8.19237E-02
6.39268E-01 -8.18312E-02
6.45176E-01 -8.16630E-02
6.51097E-01 -8.14181E-02
6.57012E-01 -8.10963E-02
6.62907E-01 -8.06970E-02
6.68766E-01 -8.12486E-02
6.74574E-01 -8.06932E-02
6.80317E-01 -8.00591E-02
6.85981E-01 -7.93462E-02
6.91552E-01 -7.85541E-02
6.97018E-01 -7.87120E-02
7.02366E-01 -7.77614E-02
7.07584E-01 -7.67313E-02
7.12661E-01 -7.66512E-02
7.17587E-01 -7.54625E-02
7.22350E-01 -7.41945E-02
7.26942E-01 -7.38769E-02
7.31353E-01 -7.24510E-02
7.35574E-01 -7.19760E-02
7.39597E-01 -7.03933E-02
7.43415E-01 -6.97623E-02
7.47020E-01 -6.80243E-02
7.50405E-01 -6.72390E-02
7.53564E-01 -6.53476E-02
7.56492E-01 -6.44102E-02
7.59183E-01 -6.33976E-02
7.61631E-01 -6.12809E-02
7.63834E-01 -6.01202E-02
7.65787E-01 -5.88866E-02
7.67486E-01 -5.75809E-02
7.68929E-01 -5.62041E-02
7.70113E-01 -5.37272E-02
7.71036E-01 -5.22109E-02
7.71696E-01 -5.06264E-02
7.72093E-01 -4.89749E-02
7.72225E-01 -4.72573E-02
7.72093E-01 -4.54750E-02
7.71696E-01 -4.36291E-02
7.71036E-01 -4.17209E-02
7.70113E-01 -3.97517E-02
7.68929E-01 -3.87527E-02
7.67486E-01 -3.66656E-02
7.65787E-01 -3.45217E-02
7.63834E-01 -3.23223E-02
7.61632E-01 -3.00692E-02
7.59183E-01 -2.87935E-02
7.56492E-01 -2.64373E-02
7.53564E-01 -2.40320E-02
7.50405E-01 -2.26090E-02
7.47020E-01 -2.01104E-02
7.43415E-01 -1.85974E-02
7.39598E-01 -1.60125E-02
7.35574E-01 -1.44166E-02
7.31353E-01 -1.17523E-02
7.26942E-01 -1.00806E-02
7.22350E-01 -7.34434E-03
7.17587E-01 -5.60428E-03
7.12661E-01 -3.83287E-03
7.07584E-01 -1.00268E-03
7.02366E-01 8.25654E-04
6.97018E-01 2.67955E-03
6.91553E-01 5.58617E-03
6.85982E-01 7.48518E-03
6.80318E-01 9.40377E-03
6.74575E-01 1.13400E-02
6.68767E-01 1.32917E-02
6.62908E-01 1.62857E-02
6.57013E-01 1.82623E-02
6.51097E-01 2.02483E-02
6.45177E-01 2.22416E-02
6.39268E-01 2.42403E-02
6.33388E-01 2.62420E-02
6.27553E-01 2.82449E-02
6.21781E-01 3.02468E-02
6.16090E-01 3.22456E-02
6.10498E-01 3.42394E-02
6.05023E-01 3.62260E-02
5.99683E-01 3.82033E-02
5.94498E-01 4.01693E-02
5.89485E-01 4.21219E-02
5.84663E-01 4.40592E-02
5.80051E-01 4.49517E-02
5.75665E-01 4.68521E-02
5.71523E-01 4.87311E-02
5.67642E-01 5.05867E-02
5.64038E-01 5.24169E-02
5.60727E-01 5.42197E-02
5.57723E-01 5.59932E-02
5.55039E-01 5.67089E-02
5.52687E-01 5.84182E-02
5.50677E-01 6.00924E-02
5.49021E-01 6.17299E-02
5.47724E-01 6.33286E-02
5.46793E-01 6.38611E-02
5.46233E-01 6.53773E-02
5.46046E-01 6.68494E-02
