Will plot unflagged data


File # 1  = raise.vis
raise.vis 0.4786 GHz
Read 121 visibilities from all files

Baseline 2-5, plot 121 points
2.97001E+00 8.63257E-02
2.97102E+00 8.63256E-02
2.97407E+00 8.63256E-02
2.97913E+00 8.63255E-02
2.98619E+00 8.63254E-02
2.99520E+00 8.63252E-02
3.00613E+00 8.63251E-02
3.01892E+00 8.63249E-02
3.03352E+00 8.63247E-02
3.04986E+00 8.63244E-02
3.06787E+00 8.63242E-02
3.08747E+00 8.63239E-02
3.10858E+00 8.63235E-02
3.13111E+00 8.63232E-02
3.15496E+00 8.63228E-02
3.18005E+00 8.63225E-02
3.20628E+00 8.63220E-02
3.23354E+00 8.63216E-02
3.26175E+00 8.63212E-02
3.29079E+00 8.63208E-02
3.32057E+00 8.63202E-02
3.35098E+00 8.63197E-02
3.38194E+00 8.63193E-02
3.41333E+00 8.63186E-02
3.44507E+00 8.63181E-02
3.47705E+00 8.63176E-02
3.50919E+00 8.63171E-02
3.54139E+00 8.63165E-02
3.57357E+00 8.63159E-02
3.60563E+00 8.63153E-02
3.63750E+00 8.63149E-02
3.66909E+00 8.63143E-02
3.70033E+00 8.63136E-02
3.73113E+00 8.63132E-02
3.76143E+00 8.63125E-02
3.79116E+00 8.63121E-02
3.82025E+00 8.63116E-02
3.84863E+00 8.63109E-02
3.87625E+00 8.63104E-02
3.90304E+00 8.63099E-02
3.92895E+00 8.63094E-02
3.95392E+00 8.63089E-02
3.97791E+00 8.63084E-02
4.00087E+00 8.63081E-02
4.02276E+00 8.63076E-02
4.04352E+00 8.63073E-02
4.06313E+00 8.63068E-02
4.08154E+00 8.63065E-02
4.09872E+00 8.63062E-02
4.11465E+00 8.63056E-02
4.12928E+00 8.63054E-02
4.14260E+00 8.63051E-02
4.15458E+00 8.63051E-02
4.16520E+00 8.63048E-02
4.17445E+00 8.63045E-02
4.18229E+00 8.63045E-02
4.18873E+00 8.63042E-02
4.19375E+00 8.63042E-02
4.19735E+00 8.63042E-02
4.19950E+00 8.63039E-02
4.20022E+00 8.63039E-02
4.19950E+00 8.63040E-02
4.19735E+00 8.63042E-02
4.19375E+00 8.63042E-02
4.18873E+00 8.63042E-02
4.18229E+00 8.63045E-02
4.17445E+00 8.63045E-02
4.16520E+00 8.63048E-02
4.15458E+00 8.63051E-02
4.14260E+00 8.63051E-02
4.12928E+00 8.63054E-02
4.11465E+00 8.63056E-02
4.09873E+00 8.63062E-02
4.08154E+00 8.63065E-02
4.06313E+00 8.63068E-02
4.04352E+00 8.63073E-02
4.02276E+00 8.63076E-02
4.00088E+00 8.63081E-02
3.97792E+00 8.63084E-02
3.95392E+00 8.63089E-02
3.92895E+00 8.63094E-02
3.90304E+00 8.63099E-02
3.87625E+00 8.63104E-02
3.84863E+00 8.63109E-02
3.82025E+00 8.63116E-02
3.79116E+00 8.63121E-02
3.76144E+00 8.63125E-02
3.73113E+00 8.63132E-02
3.70033E+00 8.63137E-02
3.66909E+00 8.63143E-02
3.63750E+00 8.63149E-02
3.60563E+00 8.63153E-02
3.57357E+00 8.63159E-02
3.54139E+00 8.63165E-02
3.50919E+00 8.63171E-02
3.47705E+00 8.63176E-02
3.44507E+00 8.63181E-02
3.41333E+00 8.63186E-02
3.38194E+00 8.63193E-02
3.35099E+00 8.63198E-02
3.32057E+00 8.63202E-02
3.29079E+00 8.63208E-02
3.26175E+00 8.63211E-02
3.23355E+00 8.63215E-02
3.20628E+00 8.63220E-02
3.18005E+00 8.63225E-02
3.15496E+00 8.63228E-02
3.13111E+00 8.63232E-02
3.10858E+00 8.63235E-02
3.08747E+00 8.63239E-02
3.06787E+00 8.63242E-02
3.04986E+00 8.63245E-02
3.03352E+00 8.63247E-02
3.01892E+00 8.63249E-02
3.00613E+00 8.63251E-02
2.99520E+00 8.63252E-02
2.98619E+00 8.63254E-02
2.97913E+00 8.63255E-02
2.97407E+00 8.63256E-02
2.97102E+00 8.63256E-02
2.97001E+00 8.63257E-02
