Will plot unflagged data


File # 1  = raise.vis
raise.vis 0.4786 GHz
Read 121 visibilities from all files

Baseline 2-5, plot 121 points
2.97001E+00 -2.15185E-01
2.97102E+00 -2.18975E-01
2.97407E+00 -2.22610E-01
2.97913E+00 -2.26084E-01
2.98619E+00 -2.30421E-01
2.99520E+00 -2.33561E-01
3.00613E+00 -2.36526E-01
3.01892E+00 -2.39310E-01
3.03352E+00 -2.41911E-01
3.04986E+00 -2.45351E-01
3.06787E+00 -2.47570E-01
3.08747E+00 -2.49590E-01
3.10858E+00 -2.51409E-01
3.13111E+00 -2.54052E-01
3.15496E+00 -2.55456E-01
3.18005E+00 -2.57677E-01
3.20628E+00 -2.58650E-01
3.23354E+00 -2.59404E-01
3.26175E+00 -2.60964E-01
3.29079E+00 -2.62298E-01
3.32057E+00 -2.62371E-01
3.35098E+00 -2.63243E-01
3.38194E+00 -2.63880E-01
3.41333E+00 -2.63248E-01
3.44507E+00 -2.63407E-01
3.47705E+00 -2.63324E-01
3.50919E+00 -2.62997E-01
3.54139E+00 -2.62424E-01
3.57357E+00 -2.61603E-01
3.60563E+00 -2.60532E-01
3.63750E+00 -2.60243E-01
3.66909E+00 -2.58670E-01
3.70033E+00 -2.56844E-01
3.73113E+00 -2.55796E-01
3.76143E+00 -2.53462E-01
3.79116E+00 -2.51905E-01
3.82025E+00 -2.50093E-01
3.84863E+00 -2.46992E-01
3.87625E+00 -2.44669E-01
3.90304E+00 -2.42091E-01
3.92895E+00 -2.39257E-01
3.95392E+00 -2.36169E-01
3.97791E+00 -2.32828E-01
4.00087E+00 -2.30266E-01
4.02276E+00 -2.26420E-01
4.04352E+00 -2.23356E-01
4.06313E+00 -2.19010E-01
4.08154E+00 -2.15450E-01
4.09872E+00 -2.11643E-01
4.11465E+00 -2.06560E-01
4.12928E+00 -2.02268E-01
4.14260E+00 -1.97736E-01
4.15458E+00 -1.94000E-01
4.16520E+00 -1.88996E-01
4.17445E+00 -1.83760E-01
4.18229E+00 -1.79328E-01
4.18873E+00 -1.73638E-01
4.19375E+00 -1.68757E-01
4.19735E+00 -1.63657E-01
4.19950E+00 -1.57308E-01
4.20022E+00 -1.51779E-01
4.19950E+00 -1.46042E-01
4.19735E+00 -1.41133E-01
4.19375E+00 -1.34991E-01
4.18873E+00 -1.28652E-01
4.18229E+00 -1.23154E-01
4.17445E+00 -1.16436E-01
4.16520E+00 -1.10568E-01
4.15458E+00 -1.04521E-01
4.14260E+00 -9.72684E-02
4.12928E+00 -9.08802E-02
4.11465E+00 -8.43287E-02
4.09873E+00 -7.86520E-02
4.08154E+00 -7.17896E-02
4.06313E+00 -6.47799E-02
4.04352E+00 -5.86611E-02
4.02276E+00 -5.13732E-02
4.00088E+00 -4.49875E-02
3.97792E+00 -3.74443E-02
3.95392E+00 -3.08149E-02
3.92895E+00 -2.40726E-02
3.90304E+00 -1.72233E-02
3.87625E+00 -1.02733E-02
3.84863E+00 -3.22857E-03
3.82025E+00 2.87194E-03
3.79116E+00 1.00872E-02
3.76144E+00 1.73782E-02
3.73113E+00 2.37061E-02
3.70033E+00 3.11293E-02
3.66909E+00 3.75766E-02
3.63750E+00 4.40738E-02
3.60563E+00 5.16467E-02
3.57357E+00 5.82241E-02
3.54139E+00 6.48316E-02
3.50919E+00 7.14627E-02
3.47705E+00 7.81106E-02
3.44507E+00 8.47689E-02
3.41333E+00 9.14307E-02
3.38194E+00 9.70577E-02
3.35099E+00 1.03707E-01
3.32057E+00 1.10339E-01
3.29079E+00 1.15918E-01
3.26175E+00 1.22498E-01
3.23355E+00 1.29041E-01
3.20628E+00 1.34512E-01
3.18005E+00 1.39932E-01
3.15496E+00 1.46328E-01
3.13111E+00 1.51632E-01
3.10858E+00 1.57896E-01
3.08747E+00 1.63056E-01
3.06787E+00 1.68135E-01
3.04986E+00 1.73127E-01
3.03352E+00 1.79054E-01
3.01892E+00 1.83852E-01
3.00613E+00 1.88545E-01
2.99520E+00 1.93126E-01
2.98619E+00 1.97590E-01
2.97913E+00 2.02958E-01
2.97407E+00 2.07170E-01
2.97102E+00 2.11247E-01
2.97001E+00 2.15184E-01
