Will plot unflagged data


File # 1  = raise.vis
raise.vis 4.7863 GHz
Read 121 visibilities from all files

Baseline 1-3, plot 121 points
1.95122E+01 5.76286E-01
1.95189E+01 5.76239E-01
1.95390E+01 5.76096E-01
1.95722E+01 5.75862E-01
1.96186E+01 5.75535E-01
1.96778E+01 5.75125E-01
1.97496E+01 5.74628E-01
1.98336E+01 5.74060E-01
1.99295E+01 5.73419E-01
2.00369E+01 5.72707E-01
2.01552E+01 5.71946E-01
2.02840E+01 5.71122E-01
2.04226E+01 5.70265E-01
2.05706E+01 5.69359E-01
2.07274E+01 5.68422E-01
2.08922E+01 5.67464E-01
2.10645E+01 5.66484E-01
2.12436E+01 5.65486E-01
2.14289E+01 5.64478E-01
2.16197E+01 5.63465E-01
2.18154E+01 5.62446E-01
2.20152E+01 5.61435E-01
2.22185E+01 5.60413E-01
2.24248E+01 5.59409E-01
2.26333E+01 5.58422E-01
2.28434E+01 5.57437E-01
2.30546E+01 5.56472E-01
2.32661E+01 5.55516E-01
2.34775E+01 5.54571E-01
2.36882E+01 5.53659E-01
2.38975E+01 5.52754E-01
2.41051E+01 5.51873E-01
2.43103E+01 5.51003E-01
2.45127E+01 5.50174E-01
2.47117E+01 5.49354E-01
2.49071E+01 5.48556E-01
2.50982E+01 5.47796E-01
2.52846E+01 5.47049E-01
2.54660E+01 5.46328E-01
2.56421E+01 5.45650E-01
2.58123E+01 5.44982E-01
2.59764E+01 5.44352E-01
2.61340E+01 5.43748E-01
2.62848E+01 5.43171E-01
2.64286E+01 5.42622E-01
2.65650E+01 5.42113E-01
2.66938E+01 5.41632E-01
2.68148E+01 5.41180E-01
2.69277E+01 5.40754E-01
2.70323E+01 5.40369E-01
2.71284E+01 5.40011E-01
2.72159E+01 5.39693E-01
2.72946E+01 5.39404E-01
2.73644E+01 5.39155E-01
2.74251E+01 5.38934E-01
2.74767E+01 5.38741E-01
2.75190E+01 5.38589E-01
2.75520E+01 5.38464E-01
2.75756E+01 5.38381E-01
2.75898E+01 5.38326E-01
2.75945E+01 5.38312E-01
2.75898E+01 5.38326E-01
2.75756E+01 5.38381E-01
2.75520E+01 5.38464E-01
2.75190E+01 5.38589E-01
2.74767E+01 5.38740E-01
2.74251E+01 5.38934E-01
2.73644E+01 5.39155E-01
2.72947E+01 5.39403E-01
2.72159E+01 5.39693E-01
2.71284E+01 5.40011E-01
2.70323E+01 5.40369E-01
2.69277E+01 5.40754E-01
2.68148E+01 5.41180E-01
2.66938E+01 5.41632E-01
2.65650E+01 5.42113E-01
2.64286E+01 5.42621E-01
2.62848E+01 5.43172E-01
2.61340E+01 5.43748E-01
2.59764E+01 5.44352E-01
2.58123E+01 5.44982E-01
2.56421E+01 5.45650E-01
2.54661E+01 5.46328E-01
2.52846E+01 5.47049E-01
2.50982E+01 5.47796E-01
2.49071E+01 5.48556E-01
2.47118E+01 5.49353E-01
2.45127E+01 5.50174E-01
2.43103E+01 5.51003E-01
2.41051E+01 5.51873E-01
2.38975E+01 5.52754E-01
2.36882E+01 5.53659E-01
2.34775E+01 5.54571E-01
2.32661E+01 5.55516E-01
2.30546E+01 5.56472E-01
2.28434E+01 5.57437E-01
2.26333E+01 5.58422E-01
2.24248E+01 5.59409E-01
2.22186E+01 5.60413E-01
2.20152E+01 5.61423E-01
2.18154E+01 5.62446E-01
2.16197E+01 5.63465E-01
2.14289E+01 5.64478E-01
2.12436E+01 5.65486E-01
2.10645E+01 5.66484E-01
2.08922E+01 5.67464E-01
2.07274E+01 5.68422E-01
2.05706E+01 5.69359E-01
2.04226E+01 5.70265E-01
2.02840E+01 5.71122E-01
2.01552E+01 5.71946E-01
2.00369E+01 5.72707E-01
1.99295E+01 5.73419E-01
1.98336E+01 5.74060E-01
1.97496E+01 5.74628E-01
1.96778E+01 5.75125E-01
1.96186E+01 5.75535E-01
1.95722E+01 5.75862E-01
1.95390E+01 5.76096E-01
1.95189E+01 5.76239E-01
1.95122E+01 5.76286E-01
