Will plot unflagged data


File # 1  = raise.vis
raise.vis 4.7863 GHz
Read 121 visibilities from all files

Baseline 1-3, plot 121 points
1.95122E+01 -5.28097E+00
1.95189E+01 -5.37685E+00
1.95390E+01 -5.46868E+00
1.95722E+01 -5.55771E+00
1.96186E+01 -5.64209E+00
1.96778E+01 -5.72304E+00
1.97496E+01 -5.79960E+00
1.98336E+01 -5.87301E+00
1.99295E+01 -5.94216E+00
2.00369E+01 -6.00633E+00
2.01552E+01 -6.06783E+00
2.02840E+01 -6.12380E+00
2.04226E+01 -6.17684E+00
2.05706E+01 -6.22459E+00
2.07274E+01 -6.26829E+00
2.08922E+01 -6.30818E+00
2.10645E+01 -6.34357E+00
2.12436E+01 -6.37442E+00
2.14289E+01 -6.40089E+00
2.16197E+01 -6.42320E+00
2.18154E+01 -6.44068E+00
2.20152E+01 -6.45436E+00
2.22185E+01 -6.46232E+00
2.24248E+01 -6.46681E+00
2.26333E+01 -6.46742E+00
2.28434E+01 -6.46288E+00
2.30546E+01 -6.45440E+00
2.32661E+01 -6.44105E+00
2.34775E+01 -6.42292E+00
2.36882E+01 -6.40149E+00
2.38975E+01 -6.37484E+00
2.41051E+01 -6.34408E+00
2.43103E+01 -6.30826E+00
2.45127E+01 -6.26954E+00
2.47117E+01 -6.22542E+00
2.49071E+01 -6.17697E+00
2.50982E+01 -6.12533E+00
2.52846E+01 -6.06849E+00
2.54660E+01 -6.00755E+00
2.56421E+01 -5.94361E+00
2.58123E+01 -5.87431E+00
2.59764E+01 -5.80175E+00
2.61340E+01 -5.72499E+00
2.62848E+01 -5.64408E+00
2.64286E+01 -5.55908E+00
2.65650E+01 -5.47107E+00
2.66938E+01 -5.37906E+00
2.68148E+01 -5.28314E+00
2.69277E+01 -5.18322E+00
2.70323E+01 -5.08032E+00
2.71284E+01 -4.97351E+00
2.72159E+01 -4.86390E+00
2.72946E+01 -4.75052E+00
2.73644E+01 -4.63448E+00
2.74251E+01 -4.51481E+00
2.74767E+01 -4.39158E+00
2.75190E+01 -4.26590E+00
2.75520E+01 -4.13683E+00
2.75756E+01 -4.00546E+00
2.75898E+01 -3.87086E+00
2.75945E+01 -3.73415E+00
2.75898E+01 -3.59438E+00
2.75756E+01 -3.45270E+00
2.75520E+01 -3.30815E+00
2.75190E+01 -3.16188E+00
2.74767E+01 -3.01297E+00
2.74251E+01 -2.86256E+00
2.73644E+01 -2.70972E+00
2.72947E+01 -2.55458E+00
2.72159E+01 -2.39827E+00
2.71284E+01 -2.23989E+00
2.70323E+01 -2.08058E+00
2.69277E+01 -1.91941E+00
2.68148E+01 -1.75750E+00
2.66938E+01 -1.59401E+00
2.65650E+01 -1.42920E+00
2.64286E+01 -1.26316E+00
2.62848E+01 -1.09706E+00
2.61340E+01 -9.29975E-01
2.59764E+01 -7.62034E-01
2.58123E+01 -5.93349E-01
2.56421E+01 -4.25018E-01
2.54661E+01 -2.55111E-01
2.52846E+01 -8.61497E-02
2.50982E+01 8.28104E-02
2.49071E+01 2.52722E-01
2.47118E+01 4.21414E-01
2.45127E+01 5.89874E-01
2.43103E+01 7.59044E-01
2.41051E+01 9.26268E-01
2.38975E+01 1.09357E+00
2.36882E+01 1.25985E+00
2.34775E+01 1.42612E+00
2.32661E+01 1.59030E+00
2.30546E+01 1.75375E+00
2.28434E+01 1.91646E+00
2.26333E+01 2.07736E+00
2.24248E+01 2.23754E+00
2.22186E+01 2.39565E+00
2.20152E+01 2.55219E+00
2.18154E+01 2.70621E+00
2.16197E+01 2.85880E+00
2.14289E+01 3.00985E+00
2.12436E+01 3.15862E+00
2.10645E+01 3.30523E+00
2.08922E+01 3.44976E+00
2.07274E+01 3.59211E+00
2.05706E+01 3.73152E+00
2.04226E+01 3.86815E+00
2.02840E+01 4.00318E+00
2.01552E+01 4.13420E+00
2.00369E+01 4.26376E+00
1.99295E+01 4.38895E+00
1.98336E+01 4.51205E+00
1.97496E+01 4.63229E+00
1.96778E+01 4.74853E+00
1.96186E+01 4.86197E+00
1.95722E+01 4.97165E+00
1.95390E+01 5.07877E+00
1.95189E+01 5.18145E+00
1.95122E+01 5.28095E+00
