Will plot unflagged data


File # 1  = raise.vis
raise.vis 15.1356 GHz
Read 121 visibilities from all files

Baseline 3-5, plot 121 points
3.76771E+01 6.51831E-02
3.76900E+01 6.51762E-02
3.77287E+01 6.51558E-02
3.77929E+01 6.51221E-02
3.78824E+01 6.50754E-02
3.79967E+01 6.50163E-02
3.81354E+01 6.49449E-02
3.82977E+01 6.48624E-02
3.84829E+01 6.47700E-02
3.86902E+01 6.46679E-02
3.89186E+01 6.45570E-02
3.91673E+01 6.44380E-02
3.94351E+01 6.43132E-02
3.97208E+01 6.41828E-02
4.00235E+01 6.40460E-02
4.03418E+01 6.39075E-02
4.06745E+01 6.37640E-02
4.10204E+01 6.36190E-02
4.13781E+01 6.34733E-02
4.17465E+01 6.33267E-02
4.21243E+01 6.31797E-02
4.25102E+01 6.30331E-02
4.29029E+01 6.28885E-02
4.33011E+01 6.27447E-02
4.37037E+01 6.26020E-02
4.41095E+01 6.24625E-02
4.45172E+01 6.23256E-02
4.49257E+01 6.21904E-02
4.53338E+01 6.20588E-02
4.57406E+01 6.19301E-02
4.61449E+01 6.18046E-02
4.65456E+01 6.16816E-02
4.69419E+01 6.15626E-02
4.73327E+01 6.14486E-02
4.77171E+01 6.13356E-02
4.80942E+01 6.12276E-02
4.84632E+01 6.11237E-02
4.88233E+01 6.10233E-02
4.91736E+01 6.09264E-02
4.95135E+01 6.08332E-02
4.98422E+01 6.07439E-02
5.01590E+01 6.06596E-02
5.04634E+01 6.05786E-02
5.07546E+01 6.05013E-02
5.10322E+01 6.04288E-02
5.12956E+01 6.03600E-02
5.15444E+01 6.02963E-02
5.17779E+01 6.02361E-02
5.19959E+01 6.01806E-02
5.21979E+01 6.01287E-02
5.23836E+01 6.00816E-02
5.25526E+01 6.00381E-02
5.27046E+01 6.00007E-02
5.28393E+01 5.99658E-02
5.29565E+01 5.99369E-02
5.30561E+01 5.99117E-02
5.31378E+01 5.98913E-02
5.32015E+01 5.98757E-02
5.32470E+01 5.98649E-02
5.32744E+01 5.98576E-02
5.32835E+01 5.98552E-02
5.32744E+01 5.98576E-02
5.32470E+01 5.98649E-02
5.32015E+01 5.98757E-02
5.31378E+01 5.98913E-02
5.30561E+01 5.99117E-02
5.29565E+01 5.99369E-02
5.28393E+01 5.99658E-02
5.27046E+01 6.00007E-02
5.25526E+01 6.00381E-02
5.23836E+01 6.00816E-02
5.21980E+01 6.01287E-02
5.19959E+01 6.01806E-02
5.17780E+01 6.02361E-02
5.15444E+01 6.02963E-02
5.12957E+01 6.03600E-02
5.10322E+01 6.04288E-02
5.07546E+01 6.05013E-02
5.04634E+01 6.05786E-02
5.01590E+01 6.06596E-02
4.98422E+01 6.07439E-02
4.95135E+01 6.08332E-02
4.91736E+01 6.09264E-02
4.88233E+01 6.10233E-02
4.84633E+01 6.11237E-02
4.80943E+01 6.12276E-02
4.77171E+01 6.13356E-02
4.73327E+01 6.14486E-02
4.69419E+01 6.15626E-02
4.65457E+01 6.16816E-02
4.61449E+01 6.18046E-02
4.57406E+01 6.19301E-02
4.53339E+01 6.20588E-02
4.49257E+01 6.21904E-02
4.45172E+01 6.23256E-02
4.41095E+01 6.24625E-02
4.37037E+01 6.26020E-02
4.33011E+01 6.27447E-02
4.29029E+01 6.28885E-02
4.25102E+01 6.30331E-02
4.21243E+01 6.31797E-02
4.17466E+01 6.33267E-02
4.13782E+01 6.34733E-02
4.10204E+01 6.36190E-02
4.06745E+01 6.37640E-02
4.03418E+01 6.39075E-02
4.00235E+01 6.40460E-02
3.97209E+01 6.41828E-02
3.94351E+01 6.43132E-02
3.91673E+01 6.44380E-02
3.89186E+01 6.45570E-02
3.86902E+01 6.46679E-02
3.84829E+01 6.47700E-02
3.82977E+01 6.48624E-02
3.81354E+01 6.49449E-02
3.79967E+01 6.50163E-02
3.78824E+01 6.50754E-02
3.77929E+01 6.51221E-02
3.77287E+01 6.51558E-02
3.76901E+01 6.51763E-02
3.76771E+01 6.51830E-02
