Will plot unflagged data


File # 1  = raise.vis
raise.vis 15.1356 GHz
Read 121 visibilities from all files

Baseline 3-5, plot 121 points
3.76771E+01 -8.02151E+00
3.76900E+01 -8.16732E+00
3.77287E+01 -8.30716E+00
3.77929E+01 -8.44159E+00
3.78824E+01 -8.57043E+00
3.79967E+01 -8.69349E+00
3.81354E+01 -8.80968E+00
3.82977E+01 -8.92034E+00
3.84829E+01 -9.02546E+00
3.86902E+01 -9.12420E+00
3.89186E+01 -9.21631E+00
3.91673E+01 -9.30162E+00
3.94351E+01 -9.38176E+00
3.97208E+01 -9.45537E+00
4.00235E+01 -9.52087E+00
4.03418E+01 -9.58207E+00
4.06745E+01 -9.63472E+00
4.10204E+01 -9.68141E+00
4.13781E+01 -9.72208E+00
4.17465E+01 -9.75596E+00
4.21243E+01 -9.78279E+00
4.25102E+01 -9.80275E+00
4.29029E+01 -9.81691E+00
4.33011E+01 -9.82375E+00
4.37037E+01 -9.82329E+00
4.41095E+01 -9.81688E+00
4.45172E+01 -9.80389E+00
4.49257E+01 -9.78337E+00
4.53338E+01 -9.75669E+00
4.57406E+01 -9.72322E+00
4.61449E+01 -9.68315E+00
4.65456E+01 -9.63564E+00
4.69419E+01 -9.58210E+00
4.73327E+01 -9.52327E+00
4.77171E+01 -9.45567E+00
4.80942E+01 -9.38274E+00
4.84632E+01 -9.30374E+00
4.88233E+01 -9.21812E+00
4.91736E+01 -9.12588E+00
4.95135E+01 -9.02725E+00
4.98422E+01 -8.92243E+00
5.01590E+01 -8.81235E+00
5.04634E+01 -8.69563E+00
5.07546E+01 -8.57254E+00
5.10322E+01 -8.44421E+00
5.12956E+01 -8.30975E+00
5.15444E+01 -8.17032E+00
5.17779E+01 -8.02461E+00
5.19959E+01 -7.87374E+00
5.21979E+01 -7.71684E+00
5.23836E+01 -7.55506E+00
5.25526E+01 -7.38745E+00
5.27046E+01 -7.21618E+00
5.28393E+01 -7.03827E+00
5.29565E+01 -6.85691E+00
5.30561E+01 -6.67013E+00
5.31378E+01 -6.47905E+00
5.32015E+01 -6.28375E+00
5.32470E+01 -6.08437E+00
5.32744E+01 -5.88001E+00
5.32835E+01 -5.67186E+00
5.32744E+01 -5.46006E+00
5.32470E+01 -5.24474E+00
5.32015E+01 -5.02503E+00
5.31378E+01 -4.80210E+00
5.30561E+01 -4.57610E+00
5.29565E+01 -4.34723E+00
5.28393E+01 -4.11467E+00
5.27046E+01 -3.88066E+00
5.25526E+01 -3.64229E+00
5.23836E+01 -3.40282E+00
5.21980E+01 -3.16039E+00
5.19959E+01 -2.91618E+00
5.17780E+01 -2.66934E+00
5.15444E+01 -2.42103E+00
5.12957E+01 -2.17036E+00
5.10322E+01 -1.91893E+00
5.07546E+01 -1.66584E+00
5.04634E+01 -1.41226E+00
5.01590E+01 -1.15728E+00
4.98422E+01 -9.00922E-01
4.95135E+01 -6.44797E-01
4.91736E+01 -3.88231E-01
4.88233E+01 -1.31260E-01
4.84633E+01 1.26105E-01
4.80943E+01 3.83625E-01
4.77171E+01 6.40518E-01
4.73327E+01 8.95825E-01
4.69419E+01 1.15276E+00
4.65457E+01 1.40763E+00
4.61449E+01 1.66097E+00
4.57406E+01 1.91397E+00
4.53339E+01 2.16559E+00
4.49257E+01 2.41582E+00
4.45172E+01 2.66386E+00
4.41095E+01 2.91089E+00
4.37037E+01 3.15577E+00
4.33011E+01 3.39771E+00
4.29029E+01 3.63788E+00
4.25102E+01 3.87616E+00
4.21243E+01 4.11086E+00
4.17466E+01 4.34291E+00
4.13782E+01 4.57234E+00
4.10204E+01 4.79877E+00
4.06745E+01 5.02129E+00
4.03418E+01 5.23973E+00
4.00235E+01 5.45657E+00
3.97209E+01 5.66744E+00
3.94351E+01 5.87605E+00
3.91673E+01 6.08073E+00
3.89186E+01 6.28005E+00
3.86902E+01 6.47554E+00
3.84829E+01 6.66697E+00
3.82977E+01 6.85402E+00
3.81354E+01 7.03581E+00
3.79967E+01 7.21227E+00
3.78824E+01 7.38469E+00
3.77929E+01 7.55196E+00
3.77287E+01 7.71386E+00
3.76901E+01 7.87020E+00
3.76771E+01 8.02149E+00
