Will plot unflagged data


File # 1  = raise.vis
raise.vis 0.4786 GHz
Read 121 visibilities from all files

Baseline 3-5, plot 121 points
1.19146E+00 1.91414E-01
1.19186E+00 1.91414E-01
1.19309E+00 1.91414E-01
1.19512E+00 1.91414E-01
1.19795E+00 1.91414E-01
1.20156E+00 1.91414E-01
1.20595E+00 1.91414E-01
1.21108E+00 1.91413E-01
1.21693E+00 1.91413E-01
1.22349E+00 1.91413E-01
1.23072E+00 1.91413E-01
1.23858E+00 1.91412E-01
1.24705E+00 1.91412E-01
1.25608E+00 1.91412E-01
1.26565E+00 1.91411E-01
1.27572E+00 1.91411E-01
1.28624E+00 1.91410E-01
1.29718E+00 1.91410E-01
1.30849E+00 1.91409E-01
1.32014E+00 1.91409E-01
1.33209E+00 1.91408E-01
1.34429E+00 1.91408E-01
1.35671E+00 1.91407E-01
1.36930E+00 1.91407E-01
1.38203E+00 1.91406E-01
1.39486E+00 1.91405E-01
1.40776E+00 1.91405E-01
1.42067E+00 1.91404E-01
1.43358E+00 1.91404E-01
1.44644E+00 1.91403E-01
1.45923E+00 1.91402E-01
1.47190E+00 1.91402E-01
1.48443E+00 1.91401E-01
1.49679E+00 1.91401E-01
1.50895E+00 1.91400E-01
1.52087E+00 1.91399E-01
1.53254E+00 1.91399E-01
1.54393E+00 1.91398E-01
1.55501E+00 1.91398E-01
1.56575E+00 1.91397E-01
1.57615E+00 1.91397E-01
1.58617E+00 1.91396E-01
1.59579E+00 1.91396E-01
1.60500E+00 1.91395E-01
1.61378E+00 1.91395E-01
1.62211E+00 1.91394E-01
1.62998E+00 1.91394E-01
1.63736E+00 1.91394E-01
1.64426E+00 1.91393E-01
1.65064E+00 1.91393E-01
1.65651E+00 1.91392E-01
1.66186E+00 1.91392E-01
1.66666E+00 1.91392E-01
1.67093E+00 1.91392E-01
1.67463E+00 1.91391E-01
1.67778E+00 1.91391E-01
1.68036E+00 1.91391E-01
1.68238E+00 1.91391E-01
1.68382E+00 1.91391E-01
1.68468E+00 1.91391E-01
1.68497E+00 1.91391E-01
1.68468E+00 1.91391E-01
1.68382E+00 1.91391E-01
1.68238E+00 1.91391E-01
1.68036E+00 1.91391E-01
1.67778E+00 1.91391E-01
1.67463E+00 1.91391E-01
1.67093E+00 1.91392E-01
1.66666E+00 1.91392E-01
1.66186E+00 1.91392E-01
1.65652E+00 1.91392E-01
1.65064E+00 1.91393E-01
1.64426E+00 1.91393E-01
1.63736E+00 1.91394E-01
1.62998E+00 1.91394E-01
1.62211E+00 1.91394E-01
1.61378E+00 1.91395E-01
1.60500E+00 1.91395E-01
1.59579E+00 1.91396E-01
1.58617E+00 1.91396E-01
1.57615E+00 1.91397E-01
1.56575E+00 1.91397E-01
1.55501E+00 1.91398E-01
1.54393E+00 1.91398E-01
1.53254E+00 1.91399E-01
1.52087E+00 1.91399E-01
1.50895E+00 1.91400E-01
1.49679E+00 1.91401E-01
1.48443E+00 1.91401E-01
1.47190E+00 1.91402E-01
1.45923E+00 1.91402E-01
1.44645E+00 1.91403E-01
1.43358E+00 1.91404E-01
1.42068E+00 1.91404E-01
1.40776E+00 1.91405E-01
1.39486E+00 1.91405E-01
1.38203E+00 1.91406E-01
1.36930E+00 1.91407E-01
1.35671E+00 1.91407E-01
1.34429E+00 1.91408E-01
1.33209E+00 1.91408E-01
1.32014E+00 1.91409E-01
1.30849E+00 1.91409E-01
1.29718E+00 1.91410E-01
1.28624E+00 1.91410E-01
1.27572E+00 1.91411E-01
1.26565E+00 1.91411E-01
1.25608E+00 1.91412E-01
1.24705E+00 1.91412E-01
1.23858E+00 1.91412E-01
1.23072E+00 1.91412E-01
1.22349E+00 1.91413E-01
1.21694E+00 1.91413E-01
1.21108E+00 1.91413E-01
1.20595E+00 1.91414E-01
1.20156E+00 1.91414E-01
1.19795E+00 1.91414E-01
1.19512E+00 1.91414E-01
1.19309E+00 1.91414E-01
1.19186E+00 1.91414E-01
1.19146E+00 1.91414E-01
