Will plot unflagged data


File # 1  = raise.vis
raise.vis 0.4786 GHz
Read 121 visibilities from all files

Baseline 3-5, plot 121 points
1.19146E+00 -1.50213E-01
1.19186E+00 -1.52646E-01
1.19309E+00 -1.55997E-01
1.19512E+00 -1.58210E-01
1.19795E+00 -1.60309E-01
1.20156E+00 -1.63315E-01
1.20595E+00 -1.65173E-01
1.21108E+00 -1.66906E-01
1.21693E+00 -1.69538E-01
1.22349E+00 -1.71010E-01
1.23072E+00 -1.72348E-01
1.23858E+00 -1.74576E-01
1.24705E+00 -1.75635E-01
1.25608E+00 -1.77579E-01
1.26565E+00 -1.78348E-01
1.27572E+00 -1.79998E-01
1.28624E+00 -1.80467E-01
1.29718E+00 -1.81811E-01
1.30849E+00 -1.81970E-01
1.32014E+00 -1.83001E-01
1.33209E+00 -1.82841E-01
1.34429E+00 -1.83549E-01
1.35671E+00 -1.84093E-01
1.36930E+00 -1.84472E-01
1.38203E+00 -1.83651E-01
1.39486E+00 -1.83693E-01
1.40776E+00 -1.83564E-01
1.42067E+00 -1.83263E-01
1.43358E+00 -1.82789E-01
1.44644E+00 -1.82141E-01
1.45923E+00 -1.81318E-01
1.47190E+00 -1.80319E-01
1.48443E+00 -1.79144E-01
1.49679E+00 -1.78822E-01
1.50895E+00 -1.77292E-01
1.52087E+00 -1.75583E-01
1.53254E+00 -1.74728E-01
1.54393E+00 -1.72663E-01
1.55501E+00 -1.71451E-01
1.56575E+00 -1.69029E-01
1.57615E+00 -1.67461E-01
1.58617E+00 -1.64683E-01
1.59579E+00 -1.62761E-01
1.60500E+00 -1.60662E-01
1.61378E+00 -1.58387E-01
1.62211E+00 -1.55937E-01
1.62998E+00 -1.53313E-01
1.63736E+00 -1.50516E-01
1.64426E+00 -1.47548E-01
1.65064E+00 -1.44409E-01
1.65651E+00 -1.41102E-01
1.66186E+00 -1.38659E-01
1.66666E+00 -1.35019E-01
1.67093E+00 -1.32247E-01
1.67463E+00 -1.28281E-01
1.67778E+00 -1.25187E-01
1.68036E+00 -1.21936E-01
1.68238E+00 -1.17496E-01
1.68382E+00 -1.13936E-01
1.68468E+00 -1.10225E-01
1.68497E+00 -1.06366E-01
1.68468E+00 -1.02361E-01
1.68382E+00 -9.82130E-02
1.68238E+00 -9.39252E-02
1.68036E+00 -9.05327E-02
1.67778E+00 -8.59738E-02
1.67463E+00 -8.12840E-02
1.67093E+00 -7.74989E-02
1.66666E+00 -7.25571E-02
1.66186E+00 -6.85264E-02
1.65652E+00 -6.33460E-02
1.65064E+00 -5.90839E-02
1.64426E+00 -5.47114E-02
1.63736E+00 -5.02322E-02
1.62998E+00 -4.56500E-02
1.62211E+00 -4.09689E-02
1.61378E+00 -3.61926E-02
1.60500E+00 -3.13251E-02
1.59579E+00 -2.63705E-02
1.58617E+00 -2.13329E-02
1.57615E+00 -1.72485E-02
1.56575E+00 -1.20573E-02
1.55501E+00 -7.82769E-03
1.54393E+00 -2.50010E-03
1.53254E+00 1.85739E-03
1.52087E+00 7.30405E-03
1.50895E+00 1.17719E-02
1.49679E+00 1.62883E-02
1.48443E+00 2.18802E-02
1.47190E+00 2.64799E-02
1.45923E+00 3.11146E-02
1.44645E+00 3.57795E-02
1.43358E+00 4.04702E-02
1.42068E+00 4.51821E-02
1.40776E+00 4.99103E-02
1.39486E+00 5.46504E-02
1.38203E+00 5.93976E-02
1.36930E+00 6.31167E-02
1.35671E+00 6.78644E-02
1.34429E+00 7.26052E-02
1.33209E+00 7.73346E-02
1.32014E+00 8.10178E-02
1.30849E+00 8.57104E-02
1.29718E+00 8.93480E-02
1.28624E+00 9.39855E-02
1.27572E+00 9.75590E-02
1.26565E+00 1.02123E-01
1.25608E+00 1.05614E-01
1.24705E+00 1.10087E-01
1.23858E+00 1.13478E-01
1.23072E+00 1.17841E-01
1.22349E+00 1.21114E-01
1.21694E+00 1.24322E-01
1.21108E+00 1.28489E-01
1.20595E+00 1.31553E-01
1.20156E+00 1.34540E-01
1.19795E+00 1.38471E-01
1.19512E+00 1.41289E-01
1.19309E+00 1.44017E-01
1.19186E+00 1.47676E-01
1.19146E+00 1.50212E-01
