Will plot unflagged data


File # 1  = raise.vis
raise.vis 1.5136 GHz
Read 121 visibilities from all files

Baseline 3-5, plot 121 points
3.76771E+00 7.50683E-01
3.76900E+00 7.54838E-01
3.77287E+00 7.58993E-01
3.77929E+00 7.63148E-01
3.78824E+00 7.67304E-01
3.79967E+00 7.71459E-01
3.81354E+00 7.75614E-01
3.82977E+00 7.79770E-01
3.84829E+00 7.83925E-01
3.86902E+00 7.88080E-01
3.89186E+00 7.92235E-01
3.91673E+00 7.96391E-01
3.94351E+00 8.00546E-01
3.97208E+00 8.04701E-01
4.00235E+00 8.08857E-01
4.03418E+00 8.13012E-01
4.06745E+00 8.17167E-01
4.10204E+00 8.21322E-01
4.13781E+00 8.25478E-01
4.17465E+00 8.29633E-01
4.21243E+00 8.33788E-01
4.25102E+00 8.37944E-01
4.29029E+00 8.42099E-01
4.33011E+00 8.46254E-01
4.37037E+00 8.50409E-01
4.41095E+00 8.54565E-01
4.45172E+00 8.58720E-01
4.49257E+00 8.62875E-01
4.53338E+00 8.67031E-01
4.57406E+00 8.71186E-01
4.61449E+00 8.75341E-01
4.65456E+00 8.79496E-01
4.69419E+00 8.83652E-01
4.73327E+00 8.87807E-01
4.77171E+00 8.91962E-01
4.80942E+00 8.96118E-01
4.84632E+00 9.00273E-01
4.88233E+00 9.04428E-01
4.91736E+00 9.08583E-01
4.95135E+00 9.12739E-01
4.98422E+00 9.16894E-01
5.01590E+00 9.21049E-01
5.04634E+00 9.25205E-01
5.07546E+00 9.29360E-01
5.10322E+00 9.33515E-01
5.12956E+00 9.37670E-01
5.15444E+00 9.41826E-01
5.17779E+00 9.45981E-01
5.19959E+00 9.50136E-01
5.21979E+00 9.54292E-01
5.23836E+00 9.58447E-01
5.25526E+00 9.62602E-01
5.27046E+00 9.66758E-01
5.28393E+00 9.70913E-01
5.29565E+00 9.75068E-01
5.30561E+00 9.79223E-01
5.31378E+00 9.83379E-01
5.32015E+00 9.87534E-01
5.32470E+00 9.91689E-01
5.32744E+00 9.95845E-01
5.32835E+00 1.00000E+00
5.32744E+00 1.00416E+00
5.32470E+00 1.00831E+00
5.32015E+00 1.01247E+00
5.31378E+00 1.01662E+00
5.30561E+00 1.02078E+00
5.29565E+00 1.02493E+00
5.28393E+00 1.02909E+00
5.27046E+00 1.03324E+00
5.25526E+00 1.03740E+00
5.23836E+00 1.04155E+00
5.21979E+00 1.04571E+00
5.19959E+00 1.04986E+00
5.17780E+00 1.05402E+00
5.15444E+00 1.05817E+00
5.12957E+00 1.06233E+00
5.10322E+00 1.06648E+00
5.07546E+00 1.07064E+00
5.04634E+00 1.07480E+00
5.01590E+00 1.07895E+00
4.98422E+00 1.08311E+00
4.95135E+00 1.08726E+00
4.91736E+00 1.09142E+00
4.88233E+00 1.09557E+00
4.84633E+00 1.09973E+00
4.80943E+00 1.10388E+00
4.77171E+00 1.10804E+00
4.73327E+00 1.11219E+00
4.69419E+00 1.11635E+00
4.65457E+00 1.12050E+00
4.61449E+00 1.12466E+00
4.57406E+00 1.12881E+00
4.53339E+00 1.13297E+00
4.49257E+00 1.13712E+00
4.45172E+00 1.14128E+00
4.41095E+00 1.14543E+00
4.37037E+00 1.14959E+00
4.33011E+00 1.15375E+00
4.29029E+00 1.15790E+00
4.25102E+00 1.16206E+00
4.21243E+00 1.16621E+00
4.17466E+00 1.17037E+00
4.13782E+00 1.17452E+00
4.10204E+00 1.17868E+00
4.06745E+00 1.18283E+00
4.03418E+00 1.18699E+00
4.00235E+00 1.19114E+00
3.97209E+00 1.19530E+00
3.94351E+00 1.19945E+00
3.91673E+00 1.20361E+00
3.89186E+00 1.20776E+00
3.86902E+00 1.21192E+00
3.84829E+00 1.21607E+00
3.82977E+00 1.22023E+00
3.81354E+00 1.22439E+00
3.79967E+00 1.22854E+00
3.78824E+00 1.23270E+00
3.77929E+00 1.23685E+00
3.77287E+00 1.24101E+00
3.76900E+00 1.24516E+00
3.76771E+00 1.24932E+00
