Will plot unflagged data


File # 1  = raise.vis
raise.vis 4.7863 GHz
Read 121 visibilities from all files

Baseline 3-5, plot 121 points
1.19146E+01 -1.50213E+00
1.19186E+01 -1.52950E+00
1.19309E+01 -1.55573E+00
1.19512E+01 -1.58081E+00
1.19795E+01 -1.60473E+00
1.20156E+01 -1.62848E+00
1.20595E+01 -1.64999E+00
1.21108E+01 -1.67025E+00
1.21694E+01 -1.69027E+00
1.22349E+01 -1.70795E+00
1.23072E+01 -1.72535E+00
1.23858E+01 -1.74140E+00
1.24705E+01 -1.75712E+00
1.25608E+01 -1.77045E+00
1.26565E+01 -1.78333E+00
1.27572E+01 -1.79468E+00
1.28624E+01 -1.80448E+00
1.29718E+01 -1.81272E+00
1.30849E+01 -1.82042E+00
1.32014E+01 -1.82654E+00
1.33209E+01 -1.83209E+00
1.34429E+01 -1.83602E+00
1.35671E+01 -1.83832E+00
1.36930E+01 -1.83896E+00
1.38203E+01 -1.83898E+00
1.39486E+01 -1.83836E+00
1.40776E+01 -1.83607E+00
1.42067E+01 -1.83209E+00
1.43358E+01 -1.82745E+00
1.44644E+01 -1.82105E+00
1.45923E+01 -1.81389E+00
1.47190E+01 -1.80495E+00
1.48443E+01 -1.79423E+00
1.49679E+01 -1.78378E+00
1.50895E+01 -1.77053E+00
1.52087E+01 -1.75755E+00
1.53254E+01 -1.74279E+00
1.54393E+01 -1.72625E+00
1.55501E+01 -1.70895E+00
1.56575E+01 -1.69091E+00
1.57615E+01 -1.67109E+00
1.58617E+01 -1.65053E+00
1.59579E+01 -1.62820E+00
1.60500E+01 -1.60514E+00
1.61378E+01 -1.58136E+00
1.62211E+01 -1.55583E+00
1.62998E+01 -1.52961E+00
1.63736E+01 -1.50269E+00
1.64426E+01 -1.47405E+00
1.65064E+01 -1.44476E+00
1.65651E+01 -1.41480E+00
1.66186E+01 -1.38318E+00
1.66666E+01 -1.35093E+00
1.67093E+01 -1.31808E+00
1.67463E+01 -1.28361E+00
1.67778E+01 -1.24959E+00
1.68036E+01 -1.21298E+00
1.68238E+01 -1.17685E+00
1.68382E+01 -1.13920E+00
1.68468E+01 -1.10106E+00
1.68497E+01 -1.06247E+00
1.68468E+01 -1.02242E+00
1.68382E+01 -9.81968E-01
1.68238E+01 -9.41143E-01
1.68036E+01 -8.98946E-01
1.67778E+01 -8.57460E-01
1.67463E+01 -8.13640E-01
1.67093E+01 -7.70597E-01
1.66666E+01 -7.26313E-01
1.66186E+01 -6.81850E-01
1.65652E+01 -6.37243E-01
1.65064E+01 -5.91501E-01
1.64426E+01 -5.45689E-01
1.63736E+01 -4.99844E-01
1.62998E+01 -4.52977E-01
1.62211E+01 -4.06154E-01
1.61378E+01 -3.59416E-01
1.60500E+01 -3.11772E-01
1.59579E+01 -2.64292E-01
1.58617E+01 -2.17018E-01
1.57615E+01 -1.68959E-01
1.56575E+01 -1.21188E-01
1.55501E+01 -7.27158E-02
1.54393E+01 -2.46163E-02
1.53254E+01 2.30667E-02
1.52087E+01 7.13241E-02
1.50895E+01 1.20112E-01
1.49679E+01 1.67323E-01
1.48443E+01 2.16012E-01
1.47190E+01 2.63042E-01
1.45923E+01 3.11468E-01
1.44645E+01 3.58160E-01
1.43358E+01 4.05144E-01
1.42068E+01 4.52363E-01
1.40776E+01 4.98677E-01
1.39486E+01 5.45072E-01
1.38203E+01 5.91510E-01
1.36930E+01 6.36922E-01
1.35671E+01 6.81263E-01
1.34429E+01 7.25527E-01
1.33209E+01 7.69670E-01
1.32014E+01 8.13649E-01
1.30849E+01 8.56387E-01
1.29718E+01 8.98877E-01
1.28624E+01 9.40046E-01
1.27572E+01 9.80891E-01
1.26565E+01 1.02138E+00
1.25608E+01 1.06149E+00
1.24705E+01 1.10010E+00
1.23858E+01 1.13914E+00
1.23072E+01 1.17654E+00
1.22349E+01 1.21330E+00
1.21694E+01 1.24834E+00
1.21108E+01 1.28370E+00
1.20595E+01 1.31728E+00
1.20156E+01 1.35007E+00
1.19795E+01 1.38307E+00
1.19512E+01 1.41419E+00
1.19309E+01 1.44441E+00
1.19186E+01 1.47373E+00
1.19146E+01 1.50213E+00
