Will plot unflagged data


File # 1  = raise.vis
raise.vis 4.7863 GHz
Read 121 visibilities from all files

Baseline 3-5, plot 121 points
1.19146E+01 3.25684E-02
1.19186E+01 3.25682E-02
1.19309E+01 3.25679E-02
1.19512E+01 3.25672E-02
1.19795E+01 3.25662E-02
1.20156E+01 3.25651E-02
1.20595E+01 3.25636E-02
1.21108E+01 3.25619E-02
1.21694E+01 3.25599E-02
1.22349E+01 3.25576E-02
1.23072E+01 3.25552E-02
1.23858E+01 3.25525E-02
1.24705E+01 3.25497E-02
1.25608E+01 3.25465E-02
1.26565E+01 3.25432E-02
1.27572E+01 3.25398E-02
1.28624E+01 3.25360E-02
1.29718E+01 3.25321E-02
1.30849E+01 3.25281E-02
1.32014E+01 3.25239E-02
1.33209E+01 3.25197E-02
1.34429E+01 3.25153E-02
1.35671E+01 3.25107E-02
1.36930E+01 3.25059E-02
1.38203E+01 3.25011E-02
1.39486E+01 3.24965E-02
1.40776E+01 3.24916E-02
1.42067E+01 3.24867E-02
1.43358E+01 3.24818E-02
1.44644E+01 3.24768E-02
1.45923E+01 3.24720E-02
1.47190E+01 3.24670E-02
1.48443E+01 3.24619E-02
1.49679E+01 3.24572E-02
1.50895E+01 3.24522E-02
1.52087E+01 3.24476E-02
1.53254E+01 3.24429E-02
1.54393E+01 3.24382E-02
1.55501E+01 3.24337E-02
1.56575E+01 3.24294E-02
1.57615E+01 3.24250E-02
1.58617E+01 3.24210E-02
1.59579E+01 3.24168E-02
1.60500E+01 3.24130E-02
1.61378E+01 3.24094E-02
1.62211E+01 3.24058E-02
1.62998E+01 3.24024E-02
1.63736E+01 3.23994E-02
1.64426E+01 3.23964E-02
1.65064E+01 3.23937E-02
1.65651E+01 3.23913E-02
1.66186E+01 3.23889E-02
1.66666E+01 3.23868E-02
1.67093E+01 3.23851E-02
1.67463E+01 3.23834E-02
1.67778E+01 3.23823E-02
1.68036E+01 3.23809E-02
1.68238E+01 3.23802E-02
1.68382E+01 3.23795E-02
1.68468E+01 3.23792E-02
1.68497E+01 3.23792E-02
1.68468E+01 3.23792E-02
1.68382E+01 3.23795E-02
1.68238E+01 3.23802E-02
1.68036E+01 3.23809E-02
1.67778E+01 3.23823E-02
1.67463E+01 3.23834E-02
1.67093E+01 3.23851E-02
1.66666E+01 3.23868E-02
1.66186E+01 3.23889E-02
1.65652E+01 3.23913E-02
1.65064E+01 3.23937E-02
1.64426E+01 3.23964E-02
1.63736E+01 3.23994E-02
1.62998E+01 3.24024E-02
1.62211E+01 3.24058E-02
1.61378E+01 3.24094E-02
1.60500E+01 3.24130E-02
1.59579E+01 3.24168E-02
1.58617E+01 3.24210E-02
1.57615E+01 3.24250E-02
1.56575E+01 3.24294E-02
1.55501E+01 3.24337E-02
1.54393E+01 3.24382E-02
1.53254E+01 3.24429E-02
1.52087E+01 3.24476E-02
1.50895E+01 3.24522E-02
1.49679E+01 3.24572E-02
1.48443E+01 3.24619E-02
1.47190E+01 3.24670E-02
1.45923E+01 3.24717E-02
1.44645E+01 3.24768E-02
1.43358E+01 3.24818E-02
1.42068E+01 3.24867E-02
1.40776E+01 3.24916E-02
1.39486E+01 3.24965E-02
1.38203E+01 3.25011E-02
1.36930E+01 3.25059E-02
1.35671E+01 3.25107E-02
1.34429E+01 3.25152E-02
1.33209E+01 3.25197E-02
1.32014E+01 3.25239E-02
1.30849E+01 3.25281E-02
1.29718E+01 3.25321E-02
1.28624E+01 3.25360E-02
1.27572E+01 3.25398E-02
1.26565E+01 3.25432E-02
1.25608E+01 3.25465E-02
1.24705E+01 3.25497E-02
1.23858E+01 3.25525E-02
1.23072E+01 3.25552E-02
1.22349E+01 3.25576E-02
1.21694E+01 3.25599E-02
1.21108E+01 3.25619E-02
1.20595E+01 3.25636E-02
1.20156E+01 3.25651E-02
1.19795E+01 3.25662E-02
1.19512E+01 3.25672E-02
1.19309E+01 3.25679E-02
1.19186E+01 3.25683E-02
1.19146E+01 3.25684E-02
