Will plot unflagged data


File # 1  = raise.vis
raise.vis 0.1514 GHz
Read 121 visibilities from all files

Baseline 3-4, plot 121 points
1.47432E-01 -1.06826E-02
1.47483E-01 -1.10744E-02
1.47634E-01 -1.14586E-02
1.47885E-01 -1.08094E-02
1.48236E-01 -1.11776E-02
1.48683E-01 -1.15375E-02
1.49225E-01 -1.18887E-02
1.49860E-01 -1.22311E-02
1.50585E-01 -1.15388E-02
1.51396E-01 -1.18628E-02
1.52290E-01 -1.21773E-02
1.53263E-01 -1.24820E-02
1.54311E-01 -1.27768E-02
1.55429E-01 -1.30614E-02
1.56614E-01 -1.23099E-02
1.57859E-01 -1.25736E-02
1.59161E-01 -1.28265E-02
1.60514E-01 -1.30686E-02
1.61914E-01 -1.32996E-02
1.63356E-01 -1.35194E-02
1.64834E-01 -1.27019E-02
1.66344E-01 -1.28988E-02
1.67881E-01 -1.30840E-02
1.69439E-01 -1.32575E-02
1.71015E-01 -1.34191E-02
1.72602E-01 -1.35686E-02
1.74198E-01 -1.26800E-02
1.75796E-01 -1.28053E-02
1.77393E-01 -1.29182E-02
1.78985E-01 -1.30188E-02
1.80567E-01 -1.31070E-02
1.82135E-01 -1.31826E-02
1.83686E-01 -1.32457E-02
1.85215E-01 -1.22701E-02
1.86719E-01 -1.23080E-02
1.88195E-01 -1.23332E-02
1.89639E-01 -1.23457E-02
1.91048E-01 -1.23456E-02
1.92418E-01 -1.23328E-02
1.93748E-01 -1.23073E-02
1.95035E-01 -1.22692E-02
1.96274E-01 -1.22185E-02
1.97465E-01 -1.11289E-02
1.98605E-01 -1.10530E-02
1.99691E-01 -1.09646E-02
2.00722E-01 -1.08638E-02
2.01695E-01 -1.07506E-02
2.02609E-01 -1.06251E-02
2.03462E-01 -1.04874E-02
2.04253E-01 -1.03377E-02
2.04979E-01 -1.01759E-02
2.05640E-01 -1.00022E-02
2.06235E-01 -9.81670E-03
2.06762E-01 -9.61959E-03
2.07221E-01 -9.41096E-03
2.07611E-01 -9.19096E-03
2.07930E-01 -8.95973E-03
2.08180E-01 -8.71748E-03
2.08358E-01 -8.46430E-03
2.08465E-01 -8.20040E-03
2.08501E-01 -7.92596E-03
2.08465E-01 -7.64116E-03
2.08358E-01 -7.34621E-03
2.08180E-01 -7.04130E-03
2.07930E-01 -6.72664E-03
2.07611E-01 -6.40245E-03
2.07221E-01 -6.06896E-03
2.06762E-01 -5.72638E-03
2.06235E-01 -5.37496E-03
2.05641E-01 -5.01493E-03
2.04979E-01 -4.64654E-03
2.04253E-01 -4.27005E-03
2.03462E-01 -3.88570E-03
2.02609E-01 -3.49378E-03
2.01695E-01 -3.09454E-03
2.00722E-01 -2.68826E-03
1.99691E-01 -2.27521E-03
1.98605E-01 -1.85569E-03
1.97465E-01 -1.42997E-03
1.96274E-01 -2.02460E-03
1.95035E-01 -1.58740E-03
1.93748E-01 -1.14487E-03
1.92419E-01 -6.97337E-04
1.91048E-01 -2.45108E-04
1.89639E-01 2.11505E-04
1.88195E-01 6.72193E-04
1.86719E-01 1.13664E-03
1.85215E-01 1.60452E-03
1.83686E-01 1.04938E-03
1.82135E-01 1.52319E-03
1.80567E-01 1.99945E-03
1.78985E-01 2.47786E-03
1.77393E-01 2.95809E-03
1.75796E-01 3.43981E-03
1.74198E-01 3.92268E-03
1.72602E-01 3.38033E-03
1.71015E-01 3.86452E-03
1.69439E-01 4.34888E-03
1.67881E-01 4.83306E-03
1.66344E-01 5.31675E-03
1.64834E-01 5.79960E-03
1.63356E-01 5.25538E-03
1.61915E-01 5.73558E-03
1.60514E-01 6.21395E-03
1.59161E-01 6.69017E-03
1.57859E-01 7.16392E-03
1.56614E-01 7.63486E-03
1.55429E-01 7.07695E-03
1.54311E-01 7.54133E-03
1.53263E-01 8.00194E-03
1.52290E-01 8.45847E-03
1.51396E-01 8.91061E-03
1.50585E-01 9.35805E-03
1.49860E-01 8.77483E-03
1.49225E-01 9.21195E-03
1.48683E-01 9.64346E-03
1.48236E-01 1.00691E-02
1.47885E-01 1.04885E-02
1.47634E-01 9.87588E-03
1.47483E-01 1.02820E-02
1.47432E-01 1.06811E-02
