Will plot unflagged data


File # 1  = raise.vis
raise.vis 0.1514 GHz
Read 121 visibilities from all files

Baseline 3-4, plot 121 points
1.47432E-01 1.94730E-01
1.47483E-01 1.94730E-01
1.47634E-01 1.94730E-01
1.47885E-01 1.94730E-01
1.48236E-01 1.94730E-01
1.48683E-01 1.94730E-01
1.49225E-01 1.94730E-01
1.49860E-01 1.94730E-01
1.50585E-01 1.94730E-01
1.51396E-01 1.94730E-01
1.52290E-01 1.94730E-01
1.53263E-01 1.94730E-01
1.54311E-01 1.94730E-01
1.55429E-01 1.94730E-01
1.56614E-01 1.94730E-01
1.57859E-01 1.94730E-01
1.59161E-01 1.94730E-01
1.60514E-01 1.94730E-01
1.61914E-01 1.94730E-01
1.63356E-01 1.94730E-01
1.64834E-01 1.94730E-01
1.66344E-01 1.94730E-01
1.67881E-01 1.94730E-01
1.69439E-01 1.94730E-01
1.71015E-01 1.94730E-01
1.72602E-01 1.94730E-01
1.74198E-01 1.94730E-01
1.75796E-01 1.94730E-01
1.77393E-01 1.94730E-01
1.78985E-01 1.94730E-01
1.80567E-01 1.94730E-01
1.82135E-01 1.94730E-01
1.83686E-01 1.94730E-01
1.85215E-01 1.94730E-01
1.86719E-01 1.94730E-01
1.88195E-01 1.94730E-01
1.89639E-01 1.94730E-01
1.91048E-01 1.94730E-01
1.92418E-01 1.94730E-01
1.93748E-01 1.94730E-01
1.95035E-01 1.94730E-01
1.96274E-01 1.94730E-01
1.97465E-01 1.94730E-01
1.98605E-01 1.94730E-01
1.99691E-01 1.94730E-01
2.00722E-01 1.94730E-01
2.01695E-01 1.94730E-01
2.02609E-01 1.94730E-01
2.03462E-01 1.94730E-01
2.04253E-01 1.94730E-01
2.04979E-01 1.94730E-01
2.05640E-01 1.94730E-01
2.06235E-01 1.94730E-01
2.06762E-01 1.94730E-01
2.07221E-01 1.94730E-01
2.07611E-01 1.94730E-01
2.07930E-01 1.94730E-01
2.08180E-01 1.94730E-01
2.08358E-01 1.94730E-01
2.08465E-01 1.94730E-01
2.08501E-01 1.94730E-01
2.08465E-01 1.94730E-01
2.08358E-01 1.94730E-01
2.08180E-01 1.94730E-01
2.07930E-01 1.94730E-01
2.07611E-01 1.94730E-01
2.07221E-01 1.94730E-01
2.06762E-01 1.94730E-01
2.06235E-01 1.94730E-01
2.05641E-01 1.94730E-01
2.04979E-01 1.94730E-01
2.04253E-01 1.94730E-01
2.03462E-01 1.94730E-01
2.02609E-01 1.94730E-01
2.01695E-01 1.94730E-01
2.00722E-01 1.94730E-01
1.99691E-01 1.94730E-01
1.98605E-01 1.94730E-01
1.97465E-01 1.94730E-01
1.96274E-01 1.94730E-01
1.95035E-01 1.94730E-01
1.93748E-01 1.94730E-01
1.92419E-01 1.94730E-01
1.91048E-01 1.94730E-01
1.89639E-01 1.94730E-01
1.88195E-01 1.94730E-01
1.86719E-01 1.94730E-01
1.85215E-01 1.94730E-01
1.83686E-01 1.94730E-01
1.82135E-01 1.94730E-01
1.80567E-01 1.94730E-01
1.78985E-01 1.94730E-01
1.77393E-01 1.94730E-01
1.75796E-01 1.94730E-01
1.74198E-01 1.94730E-01
1.72602E-01 1.94730E-01
1.71015E-01 1.94730E-01
1.69439E-01 1.94730E-01
1.67881E-01 1.94730E-01
1.66344E-01 1.94730E-01
1.64834E-01 1.94730E-01
1.63356E-01 1.94730E-01
1.61915E-01 1.94730E-01
1.60514E-01 1.94730E-01
1.59161E-01 1.94730E-01
1.57859E-01 1.94730E-01
1.56614E-01 1.94730E-01
1.55429E-01 1.94730E-01
1.54311E-01 1.94730E-01
1.53263E-01 1.94730E-01
1.52290E-01 1.94730E-01
1.51396E-01 1.94730E-01
1.50585E-01 1.94730E-01
1.49860E-01 1.94730E-01
1.49225E-01 1.94730E-01
1.48683E-01 1.94730E-01
1.48236E-01 1.94730E-01
1.47885E-01 1.94730E-01
1.47634E-01 1.94730E-01
1.47483E-01 1.94730E-01
1.47432E-01 1.94730E-01
