Will plot unflagged data


File # 1  = raise.vis
raise.vis 1.5136 GHz
Read 121 visibilities from all files

Baseline 4-5, plot 121 points
2.29339E+00 -6.20703E-01
2.29418E+00 -6.32182E-01
2.29653E+00 -6.43205E-01
2.30044E+00 -6.53761E-01
2.30589E+00 -6.63835E-01
2.31285E+00 -6.72384E-01
2.32128E+00 -6.81456E-01
2.33116E+00 -6.90008E-01
2.34244E+00 -6.98027E-01
2.35505E+00 -7.06534E-01
2.36896E+00 -7.13451E-01
2.38410E+00 -7.19800E-01
2.40039E+00 -7.25568E-01
2.41779E+00 -7.31777E-01
2.43621E+00 -7.36351E-01
2.45559E+00 -7.41344E-01
2.47584E+00 -7.45714E-01
2.49689E+00 -7.49451E-01
2.51867E+00 -7.52545E-01
2.54109E+00 -7.54987E-01
2.56409E+00 -7.56770E-01
2.58758E+00 -7.58917E-01
2.61148E+00 -7.59356E-01
2.63572E+00 -7.60145E-01
2.66023E+00 -7.60244E-01
2.68492E+00 -7.59648E-01
2.70974E+00 -7.58351E-01
2.73461E+00 -7.57379E-01
2.75945E+00 -7.54666E-01
2.78421E+00 -7.52268E-01
2.80882E+00 -7.49153E-01
2.83321E+00 -7.45315E-01
2.85733E+00 -7.41782E-01
2.88112E+00 -7.36494E-01
2.90452E+00 -7.31506E-01
2.92748E+00 -7.25788E-01
2.94994E+00 -7.20364E-01
2.97185E+00 -7.13173E-01
2.99318E+00 -7.06268E-01
3.01386E+00 -6.98622E-01
3.03387E+00 -6.90237E-01
3.05316E+00 -6.82145E-01
3.07168E+00 -6.73318E-01
3.08941E+00 -6.63761E-01
3.10631E+00 -6.53476E-01
3.12234E+00 -6.43497E-01
3.13748E+00 -6.32798E-01
3.15170E+00 -6.21384E-01
3.16497E+00 -6.09260E-01
3.17727E+00 -5.97463E-01
3.18857E+00 -5.84968E-01
3.19885E+00 -5.71781E-01
3.20810E+00 -5.58941E-01
3.21630E+00 -5.44393E-01
3.22344E+00 -5.31238E-01
3.22950E+00 -5.16391E-01
3.23447E+00 -5.01924E-01
3.23835E+00 -4.86813E-01
3.24112E+00 -4.71070E-01
3.24279E+00 -4.54703E-01
3.24335E+00 -4.38756E-01
3.24279E+00 -4.22207E-01
3.24112E+00 -4.06100E-01
3.23835E+00 -3.89414E-01
3.23447E+00 -3.72162E-01
3.22950E+00 -3.54355E-01
3.22344E+00 -3.37040E-01
3.21631E+00 -3.18165E-01
3.20810E+00 -3.00839E-01
3.19885E+00 -2.81982E-01
3.18857E+00 -2.63669E-01
3.17727E+00 -2.44886E-01
3.16497E+00 -2.25646E-01
3.15170E+00 -2.06995E-01
3.13748E+00 -1.87919E-01
3.12234E+00 -1.68432E-01
3.10631E+00 -1.48552E-01
3.08941E+00 -1.29323E-01
3.07168E+00 -1.09733E-01
3.05316E+00 -8.97982E-02
3.03387E+00 -6.95355E-02
3.01387E+00 -4.99902E-02
2.99318E+00 -3.01507E-02
2.97185E+00 -1.00346E-02
2.94994E+00 9.31458E-03
2.92748E+00 2.99305E-02
2.90452E+00 4.97345E-02
2.88112E+00 6.97326E-02
2.85733E+00 8.88788E-02
2.83321E+00 1.09210E-01
2.80882E+00 1.28652E-01
2.78421E+00 1.48213E-01
2.75945E+00 1.67876E-01
2.73461E+00 1.86591E-01
2.70974E+00 2.06401E-01
2.68493E+00 2.25224E-01
2.66023E+00 2.44072E-01
2.63572E+00 2.62928E-01
2.61148E+00 2.81772E-01
2.58758E+00 2.99553E-01
2.56409E+00 3.18317E-01
2.54110E+00 3.35979E-01
2.51867E+00 3.53554E-01
2.49689E+00 3.71022E-01
2.47584E+00 3.88365E-01
2.45559E+00 4.05563E-01
2.43621E+00 4.22599E-01
2.41779E+00 4.38422E-01
2.40040E+00 4.55077E-01
2.38410E+00 4.70483E-01
2.36896E+00 4.85653E-01
2.35505E+00 5.00570E-01
2.34244E+00 5.16249E-01
2.33116E+00 5.30609E-01
2.32128E+00 5.44664E-01
2.31285E+00 5.58399E-01
2.30589E+00 5.71798E-01
2.30044E+00 5.83816E-01
2.29653E+00 5.96497E-01
2.29418E+00 6.08797E-01
2.29339E+00 6.20700E-01
