Will plot unflagged data


File # 1  = raise.vis
raise.vis 15.1356 GHz
Read 121 visibilities from all files

Baseline 1-5, plot 121 points
9.93803E+01 0.00000E+00
9.94143E+01 0.00000E+00
9.95163E+01 0.00000E+00
9.96857E+01 0.00000E+00
9.99217E+01 0.00000E+00
1.00223E+02 0.00000E+00
1.00589E+02 0.00000E+00
1.01017E+02 0.00000E+00
1.01506E+02 0.00000E+00
1.02052E+02 0.00000E+00
1.02655E+02 0.00000E+00
1.03311E+02 0.00000E+00
1.04017E+02 0.00000E+00
1.04771E+02 0.00000E+00
1.05569E+02 0.00000E+00
1.06409E+02 0.00000E+00
1.07286E+02 0.00000E+00
1.08199E+02 0.00000E+00
1.09142E+02 0.00000E+00
1.10114E+02 0.00000E+00
1.11111E+02 0.00000E+00
1.12128E+02 0.00000E+00
1.13164E+02 0.00000E+00
1.14215E+02 0.00000E+00
1.15276E+02 0.00000E+00
1.16347E+02 0.00000E+00
1.17422E+02 0.00000E+00
1.18500E+02 0.00000E+00
1.19576E+02 0.00000E+00
1.20649E+02 0.00000E+00
1.21715E+02 0.00000E+00
1.22773E+02 0.00000E+00
1.23818E+02 0.00000E+00
1.24849E+02 0.00000E+00
1.25863E+02 0.00000E+00
1.26857E+02 0.00000E+00
1.27831E+02 0.00000E+00
1.28780E+02 0.00000E+00
1.29704E+02 0.00000E+00
1.30601E+02 0.00000E+00
1.31468E+02 0.00000E+00
1.32303E+02 0.00000E+00
1.33106E+02 0.00000E+00
1.33874E+02 0.00000E+00
1.34607E+02 0.00000E+00
1.35302E+02 0.00000E+00
1.35958E+02 0.00000E+00
1.36574E+02 0.00000E+00
1.37149E+02 0.00000E+00
1.37682E+02 0.00000E+00
1.38171E+02 0.00000E+00
1.38617E+02 0.00000E+00
1.39018E+02 0.00000E+00
1.39373E+02 0.00000E+00
1.39682E+02 0.00000E+00
1.39945E+02 0.00000E+00
1.40161E+02 0.00000E+00
1.40328E+02 0.00000E+00
1.40449E+02 0.00000E+00
1.40521E+02 0.00000E+00
1.40545E+02 0.00000E+00
1.40521E+02 0.00000E+00
1.40449E+02 0.00000E+00
1.40329E+02 0.00000E+00
1.40161E+02 0.00000E+00
1.39945E+02 0.00000E+00
1.39682E+02 0.00000E+00
1.39373E+02 0.00000E+00
1.39018E+02 0.00000E+00
1.38617E+02 0.00000E+00
1.38171E+02 0.00000E+00
1.37682E+02 0.00000E+00
1.37149E+02 0.00000E+00
1.36574E+02 0.00000E+00
1.35958E+02 0.00000E+00
1.35302E+02 0.00000E+00
1.34607E+02 0.00000E+00
1.33875E+02 0.00000E+00
1.33106E+02 0.00000E+00
1.32303E+02 0.00000E+00
1.31468E+02 0.00000E+00
1.30601E+02 0.00000E+00
1.29704E+02 0.00000E+00
1.28780E+02 0.00000E+00
1.27831E+02 0.00000E+00
1.26857E+02 0.00000E+00
1.25863E+02 0.00000E+00
1.24849E+02 0.00000E+00
1.23818E+02 0.00000E+00
1.22773E+02 0.00000E+00
1.21716E+02 0.00000E+00
1.20649E+02 0.00000E+00
1.19576E+02 0.00000E+00
1.18500E+02 0.00000E+00
1.17422E+02 0.00000E+00
1.16347E+02 0.00000E+00
1.15277E+02 0.00000E+00
1.14215E+02 0.00000E+00
1.13164E+02 0.00000E+00
1.12128E+02 0.00000E+00
1.11111E+02 0.00000E+00
1.10114E+02 0.00000E+00
1.09142E+02 0.00000E+00
1.08199E+02 0.00000E+00
1.07286E+02 0.00000E+00
1.06409E+02 0.00000E+00
1.05569E+02 0.00000E+00
1.04771E+02 0.00000E+00
1.04017E+02 0.00000E+00
1.03311E+02 0.00000E+00
1.02655E+02 0.00000E+00
1.02052E+02 0.00000E+00
1.01506E+02 0.00000E+00
1.01017E+02 0.00000E+00
1.00589E+02 0.00000E+00
1.00223E+02 0.00000E+00
9.99218E+01 0.00000E+00
9.96857E+01 0.00000E+00
9.95163E+01 0.00000E+00
9.94143E+01 0.00000E+00
9.93803E+01 0.00000E+00
