Will plot unflagged data


File # 1  = raise.vis
raise.vis 15.1356 GHz
Read 121 visibilities from all files

Baseline 2-4, plot 121 points
7.09859E+01 -3.33997E+01
7.10102E+01 -3.40060E+01
7.10831E+01 -3.45898E+01
7.12041E+01 -3.51502E+01
7.13727E+01 -3.56859E+01
7.15881E+01 -3.61965E+01
7.18492E+01 -3.66825E+01
7.21550E+01 -3.71440E+01
7.25039E+01 -3.75798E+01
7.28945E+01 -3.79897E+01
7.33250E+01 -3.83742E+01
7.37934E+01 -3.87321E+01
7.42979E+01 -3.90628E+01
7.48364E+01 -3.93673E+01
7.54065E+01 -3.96454E+01
7.60062E+01 -3.98954E+01
7.66331E+01 -4.01186E+01
7.72847E+01 -4.03134E+01
7.79588E+01 -4.04811E+01
7.86529E+01 -4.06210E+01
7.93647E+01 -4.07333E+01
8.00916E+01 -4.08181E+01
8.08315E+01 -4.08745E+01
8.15818E+01 -4.09025E+01
8.23403E+01 -4.09025E+01
8.31048E+01 -4.08751E+01
8.38729E+01 -4.08195E+01
8.46425E+01 -4.07356E+01
8.54116E+01 -4.06239E+01
8.61779E+01 -4.04839E+01
8.69396E+01 -4.03171E+01
8.76947E+01 -4.01215E+01
8.84413E+01 -3.98993E+01
8.91775E+01 -3.96502E+01
8.99018E+01 -3.93728E+01
9.06123E+01 -3.90691E+01
9.13075E+01 -3.87382E+01
9.19859E+01 -3.83811E+01
9.26459E+01 -3.79978E+01
9.32863E+01 -3.75883E+01
9.39055E+01 -3.71526E+01
9.45025E+01 -3.66917E+01
9.50759E+01 -3.62059E+01
9.56246E+01 -3.56954E+01
9.61477E+01 -3.51604E+01
9.66439E+01 -3.46009E+01
9.71126E+01 -3.40178E+01
9.75526E+01 -3.34113E+01
9.79633E+01 -3.27826E+01
9.83439E+01 -3.21309E+01
9.86937E+01 -3.14568E+01
9.90121E+01 -3.07614E+01
9.92984E+01 -3.00451E+01
9.95523E+01 -2.93084E+01
9.97732E+01 -2.85509E+01
9.99607E+01 -2.77742E+01
1.00115E+02 -2.69790E+01
1.00235E+02 -2.61648E+01
1.00320E+02 -2.53331E+01
1.00372E+02 -2.44833E+01
1.00389E+02 -2.36169E+01
1.00372E+02 -2.27347E+01
1.00320E+02 -2.18371E+01
1.00235E+02 -2.09238E+01
1.00115E+02 -1.99965E+01
9.99608E+01 -1.90551E+01
9.97732E+01 -1.81012E+01
9.95523E+01 -1.71352E+01
9.92984E+01 -1.61568E+01
9.90121E+01 -1.51674E+01
9.86937E+01 -1.41679E+01
9.83440E+01 -1.31589E+01
9.79634E+01 -1.21405E+01
9.75527E+01 -1.11132E+01
9.71126E+01 -1.00791E+01
9.66440E+01 -9.03788E+00
9.61477E+01 -7.99072E+00
9.56247E+01 -6.93757E+00
9.50759E+01 -5.87960E+00
9.45025E+01 -4.81789E+00
9.39056E+01 -3.75295E+00
9.32863E+01 -2.68575E+00
9.26460E+01 -1.61630E+00
9.19859E+01 -5.45592E-01
9.13076E+01 5.25403E-01
9.06124E+01 1.59572E+00
8.99018E+01 2.66540E+00
8.91776E+01 3.73251E+00
8.84413E+01 4.79820E+00
8.76947E+01 5.86007E+00
8.69397E+01 6.91713E+00
8.61780E+01 7.97057E+00
8.54116E+01 9.01769E+00
8.46426E+01 1.00589E+01
8.38730E+01 1.10933E+01
8.31048E+01 1.21203E+01
8.23404E+01 1.31393E+01
8.15818E+01 1.41485E+01
8.08315E+01 1.51481E+01
8.00917E+01 1.61376E+01
7.93647E+01 1.71166E+01
7.86530E+01 1.80834E+01
7.79588E+01 1.90375E+01
7.72848E+01 1.99787E+01
7.66331E+01 2.09056E+01
7.60062E+01 2.18191E+01
7.54066E+01 2.27171E+01
7.48364E+01 2.36005E+01
7.42980E+01 2.44671E+01
7.37935E+01 2.53163E+01
7.33250E+01 2.61490E+01
7.28945E+01 2.69639E+01
7.25040E+01 2.77598E+01
7.21550E+01 2.85367E+01
7.18493E+01 2.92944E+01
7.15881E+01 3.00313E+01
7.13727E+01 3.07485E+01
7.12041E+01 3.14432E+01
7.10831E+01 3.21179E+01
7.10102E+01 3.27704E+01
7.09859E+01 3.33996E+01
