Will plot unflagged data


File # 1  = raise.vis
raise.vis 15.1356 GHz
Read 121 visibilities from all files

Baseline 2-4, plot 121 points
7.09859E+01 5.03316E-01
7.10102E+01 5.02812E-01
7.10831E+01 5.01318E-01
7.12041E+01 4.98871E-01
7.13727E+01 4.95542E-01
7.15881E+01 4.91431E-01
7.18492E+01 4.86694E-01
7.21550E+01 4.81502E-01
7.25039E+01 4.76028E-01
7.28945E+01 4.70433E-01
7.33250E+01 4.64848E-01
7.37934E+01 4.59348E-01
7.42979E+01 4.53975E-01
7.48364E+01 4.48767E-01
7.54065E+01 4.43739E-01
7.60062E+01 4.38887E-01
7.66331E+01 4.34232E-01
7.72847E+01 4.29766E-01
7.79588E+01 4.25499E-01
7.86529E+01 4.21419E-01
7.93647E+01 4.17524E-01
8.00916E+01 4.13808E-01
8.08315E+01 4.10258E-01
8.15818E+01 4.06867E-01
8.23403E+01 4.03629E-01
8.31048E+01 4.00542E-01
8.38729E+01 3.97590E-01
8.46425E+01 3.94768E-01
8.54116E+01 3.92072E-01
8.61779E+01 3.89492E-01
8.69396E+01 3.87030E-01
8.76947E+01 3.84669E-01
8.84413E+01 3.82415E-01
8.91775E+01 3.80262E-01
8.99018E+01 3.78198E-01
9.06123E+01 3.76231E-01
9.13075E+01 3.74352E-01
9.19859E+01 3.72562E-01
9.26459E+01 3.70857E-01
9.32863E+01 3.69236E-01
9.39055E+01 3.67694E-01
9.45025E+01 3.66235E-01
9.50759E+01 3.64855E-01
9.56246E+01 3.63556E-01
9.61477E+01 3.62334E-01
9.66439E+01 3.61187E-01
9.71126E+01 3.60118E-01
9.75526E+01 3.59123E-01
9.79633E+01 3.58207E-01
9.83439E+01 3.57364E-01
9.86937E+01 3.56593E-01
9.90121E+01 3.55896E-01
9.92984E+01 3.55275E-01
9.95523E+01 3.54728E-01
9.97732E+01 3.54252E-01
9.99607E+01 3.53850E-01
1.00115E+02 3.53523E-01
1.00235E+02 3.53268E-01
1.00320E+02 3.53088E-01
1.00372E+02 3.52976E-01
1.00389E+02 3.52939E-01
1.00372E+02 3.52976E-01
1.00320E+02 3.53088E-01
1.00235E+02 3.53268E-01
1.00115E+02 3.53523E-01
9.99608E+01 3.53850E-01
9.97732E+01 3.54252E-01
9.95523E+01 3.54728E-01
9.92984E+01 3.55275E-01
9.90121E+01 3.55896E-01
9.86937E+01 3.56593E-01
9.83440E+01 3.57364E-01
9.79634E+01 3.58207E-01
9.75527E+01 3.59123E-01
9.71126E+01 3.60118E-01
9.66440E+01 3.61187E-01
9.61477E+01 3.62334E-01
9.56247E+01 3.63556E-01
9.50759E+01 3.64856E-01
9.45025E+01 3.66235E-01
9.39056E+01 3.67694E-01
9.32863E+01 3.69236E-01
9.26460E+01 3.70857E-01
9.19859E+01 3.72562E-01
9.13076E+01 3.74352E-01
9.06124E+01 3.76231E-01
8.99018E+01 3.78198E-01
8.91776E+01 3.80262E-01
8.84413E+01 3.82415E-01
8.76947E+01 3.84669E-01
8.69397E+01 3.87030E-01
8.61780E+01 3.89492E-01
8.54116E+01 3.92072E-01
8.46426E+01 3.94768E-01
8.38730E+01 3.97590E-01
8.31048E+01 4.00542E-01
8.23404E+01 4.03629E-01
8.15818E+01 4.06867E-01
8.08315E+01 4.10258E-01
8.00917E+01 4.13808E-01
7.93647E+01 4.17524E-01
7.86530E+01 4.21419E-01
7.79588E+01 4.25499E-01
7.72848E+01 4.29766E-01
7.66331E+01 4.34232E-01
7.60062E+01 4.38887E-01
7.54066E+01 4.43739E-01
7.48364E+01 4.48767E-01
7.42980E+01 4.53975E-01
7.37935E+01 4.59348E-01
7.33250E+01 4.64848E-01
7.28945E+01 4.70433E-01
7.25040E+01 4.76028E-01
7.21550E+01 4.81502E-01
7.18493E+01 4.86693E-01
7.15881E+01 4.91431E-01
7.13727E+01 4.95535E-01
7.12041E+01 4.98872E-01
7.10831E+01 5.01318E-01
7.10102E+01 5.02812E-01
7.09859E+01 5.03316E-01
