Will plot unflagged data


File # 1  = raise.vis
raise.vis 0.4786 GHz
Read 121 visibilities from all files

Baseline 3-4, plot 121 points
4.66222E-01 -1.26183E-01
4.66382E-01 -1.28760E-01
4.66860E-01 -1.30220E-01
4.67655E-01 -1.32613E-01
4.68762E-01 -1.34910E-01
4.70177E-01 -1.37108E-01
4.71892E-01 -1.38176E-01
4.73900E-01 -1.40167E-01
4.76192E-01 -1.42049E-01
4.78757E-01 -1.43821E-01
4.81584E-01 -1.45480E-01
4.84661E-01 -1.45996E-01
4.87974E-01 -1.47421E-01
4.91511E-01 -1.48726E-01
4.95256E-01 -1.49908E-01
4.99194E-01 -1.50965E-01
5.03311E-01 -1.51896E-01
5.07591E-01 -1.52697E-01
5.12018E-01 -1.53367E-01
5.16577E-01 -1.53904E-01
5.21252E-01 -1.54307E-01
5.26026E-01 -1.54573E-01
5.30886E-01 -1.54702E-01
5.35814E-01 -1.54691E-01
5.40795E-01 -1.54539E-01
5.45816E-01 -1.54245E-01
5.50861E-01 -1.54838E-01
5.55916E-01 -1.54257E-01
5.60967E-01 -1.53530E-01
5.66000E-01 -1.52657E-01
5.71003E-01 -1.52667E-01
5.75962E-01 -1.51499E-01
5.80865E-01 -1.51214E-01
5.85701E-01 -1.49749E-01
5.90458E-01 -1.49165E-01
5.95124E-01 -1.47401E-01
5.99690E-01 -1.46518E-01
6.04146E-01 -1.45485E-01
6.08481E-01 -1.43271E-01
6.12686E-01 -1.41939E-01
6.16753E-01 -1.40457E-01
6.20674E-01 -1.38826E-01
6.24440E-01 -1.37047E-01
6.28044E-01 -1.35119E-01
6.31479E-01 -1.33043E-01
6.34739E-01 -1.30820E-01
6.37817E-01 -1.28452E-01
6.40707E-01 -1.25938E-01
6.43404E-01 -1.24311E-01
6.45904E-01 -1.21510E-01
6.48201E-01 -1.18567E-01
6.50292E-01 -1.16516E-01
6.52173E-01 -1.13293E-01
6.53840E-01 -1.10964E-01
6.55291E-01 -1.08500E-01
6.56523E-01 -1.04869E-01
6.57534E-01 -1.02138E-01
6.58322E-01 -9.92759E-02
6.58886E-01 -9.62852E-02
6.59224E-01 -9.21359E-02
6.59337E-01 -8.88940E-02
6.59224E-01 -8.55299E-02
6.58886E-01 -8.30775E-02
6.58322E-01 -7.94757E-02
6.57534E-01 -7.57588E-02
6.56523E-01 -7.19292E-02
6.55291E-01 -6.90216E-02
6.53840E-01 -6.49748E-02
6.52173E-01 -6.08236E-02
6.50292E-01 -5.76024E-02
6.48201E-01 -5.32508E-02
6.45904E-01 -4.98352E-02
6.43405E-01 -4.63268E-02
6.40707E-01 -4.16971E-02
6.37817E-01 -3.80127E-02
6.34739E-01 -3.42451E-02
6.31480E-01 -3.03975E-02
6.28044E-01 -2.64733E-02
6.24440E-01 -2.24760E-02
6.20674E-01 -1.84088E-02
6.16754E-01 -1.42755E-02
6.12686E-01 -1.00794E-02
6.08481E-01 -5.82423E-03
6.04146E-01 -2.54486E-03
5.99691E-01 1.81778E-03
5.95124E-01 6.22853E-03
5.90458E-01 9.65260E-03
5.85701E-01 1.41485E-02
5.80866E-01 1.76503E-02
5.75962E-01 2.22162E-02
5.71003E-01 2.57806E-02
5.66000E-01 3.04012E-02
5.60967E-01 3.40126E-02
5.55916E-01 3.76418E-02
5.50861E-01 4.12849E-02
5.45816E-01 4.59683E-02
5.40796E-01 4.96274E-02
5.35814E-01 5.32886E-02
5.30886E-01 5.69481E-02
5.26027E-01 6.06020E-02
5.21252E-01 6.42463E-02
5.16577E-01 6.78771E-02
5.12019E-01 7.14906E-02
5.07591E-01 7.50828E-02
5.03311E-01 7.86500E-02
4.99194E-01 8.21882E-02
4.95256E-01 8.56936E-02
4.91511E-01 8.91625E-02
4.87975E-01 9.25911E-02
4.84661E-01 9.59755E-02
4.81584E-01 9.82842E-02
4.78757E-01 1.01569E-01
4.76192E-01 1.04800E-01
4.73900E-01 1.07971E-01
4.71892E-01 1.11080E-01
4.70177E-01 1.13097E-01
4.68762E-01 1.16071E-01
4.67655E-01 1.18972E-01
4.66860E-01 1.21798E-01
4.66382E-01 1.23518E-01
4.66222E-01 1.26181E-01
