Will plot unflagged data


File # 1  = raise.vis
raise.vis 0.1514 GHz
Read 121 visibilities from all files

Baseline 1-5, plot 121 points
9.93803E-01 -7.20044E-02
9.94143E-01 -7.36198E-02
9.95163E-01 -7.41581E-02
9.96857E-01 -7.56690E-02
9.99217E-01 -7.71251E-02
1.00223E+00 -7.85247E-02
1.00589E+00 -7.88398E-02
1.01017E+00 -8.01213E-02
1.01506E+00 -8.13415E-02
1.02052E+00 -8.14720E-02
1.02655E+00 -8.25648E-02
1.03311E+00 -8.35918E-02
1.04017E+00 -8.45515E-02
1.04771E+00 -8.54427E-02
1.05569E+00 -8.52364E-02
1.06409E+00 -8.59863E-02
1.07286E+00 -8.66638E-02
1.08199E+00 -8.72678E-02
1.09142E+00 -8.77971E-02
1.10114E+00 -8.72225E-02
1.11111E+00 -8.75992E-02
1.12128E+00 -8.78981E-02
1.13164E+00 -8.81184E-02
1.14215E+00 -8.82592E-02
1.15276E+00 -8.83198E-02
1.16347E+00 -8.82993E-02
1.17422E+00 -8.81971E-02
1.18500E+00 -8.80125E-02
1.19576E+00 -8.77450E-02
1.20649E+00 -8.73941E-02
1.21715E+00 -8.69592E-02
1.22773E+00 -8.64400E-02
1.23818E+00 -8.58361E-02
1.24849E+00 -8.51473E-02
1.25863E+00 -8.54027E-02
1.26857E+00 -8.45434E-02
1.27831E+00 -8.35986E-02
1.28780E+00 -8.25683E-02
1.29704E+00 -8.24820E-02
1.30601E+00 -8.12807E-02
1.31468E+00 -7.99941E-02
1.32303E+00 -7.96520E-02
1.33106E+00 -7.81953E-02
1.33874E+00 -7.66540E-02
1.34607E+00 -7.60582E-02
1.35302E+00 -7.43488E-02
1.35958E+00 -7.35858E-02
1.36574E+00 -7.17100E-02
1.37149E+00 -7.07820E-02
1.37682E+00 -6.97723E-02
1.38171E+00 -6.76516E-02
1.38617E+00 -6.64808E-02
1.39018E+00 -6.52306E-02
1.39373E+00 -6.28719E-02
1.39682E+00 -6.14656E-02
1.39945E+00 -5.99826E-02
1.40161E+00 -5.84240E-02
1.40328E+00 -5.67908E-02
1.40449E+00 -5.50842E-02
1.40521E+00 -5.33054E-02
1.40545E+00 -5.14554E-02
1.40521E+00 -4.95357E-02
1.40449E+00 -4.75475E-02
1.40329E+00 -4.54922E-02
1.40161E+00 -4.33712E-02
1.39945E+00 -4.11859E-02
1.39682E+00 -3.89379E-02
1.39373E+00 -3.66287E-02
1.39018E+00 -3.52899E-02
1.38617E+00 -3.28630E-02
1.38171E+00 -3.03799E-02
1.37682E+00 -2.88720E-02
1.37149E+00 -2.62813E-02
1.36574E+00 -2.36395E-02
1.35958E+00 -2.19782E-02
1.35302E+00 -1.92396E-02
1.34607E+00 -1.74853E-02
1.33875E+00 -1.46573E-02
1.33106E+00 -1.28174E-02
1.32304E+00 -1.09377E-02
1.31468E+00 -7.99053E-03
1.30601E+00 -6.03721E-03
1.29704E+00 -4.05011E-03
1.28780E+00 -1.00174E-03
1.27831E+00 1.04665E-03
1.26857E+00 3.12260E-03
1.25863E+00 5.22391E-03
1.24849E+00 8.37780E-03
1.23818E+00 1.05234E-02
1.22773E+00 1.26879E-02
1.21716E+00 1.48692E-02
1.20649E+00 1.70650E-02
1.19576E+00 1.92731E-02
1.18500E+00 2.14913E-02
1.17422E+00 2.37175E-02
1.16347E+00 2.59492E-02
1.15277E+00 2.81844E-02
1.14215E+00 3.04208E-02
1.13164E+00 3.26561E-02
1.12128E+00 3.48881E-02
1.11111E+00 3.71146E-02
1.10114E+00 3.93334E-02
1.09142E+00 4.05142E-02
1.08199E+00 4.27109E-02
1.07286E+00 4.48932E-02
1.06409E+00 4.70589E-02
1.05569E+00 4.92058E-02
1.04771E+00 5.03044E-02
1.04017E+00 5.24073E-02
1.03311E+00 5.44850E-02
1.02655E+00 5.65354E-02
1.02052E+00 5.85562E-02
1.01506E+00 5.95186E-02
1.01017E+00 6.14744E-02
1.00589E+00 6.33944E-02
1.00223E+00 6.42504E-02
9.99218E-01 6.60931E-02
9.96857E-01 6.78942E-02
9.95163E-01 6.96517E-02
9.94143E-01 7.03380E-02
9.93803E-01 7.20028E-02
