Will plot unflagged data


File # 1  = raise.vis
raise.vis 4.7863 GHz
Read 121 visibilities from all files

Baseline 1-5, plot 121 points
3.14268E+01 1.65293E-02
3.14376E+01 1.65291E-02
3.14698E+01 1.65287E-02
3.15234E+01 1.65279E-02
3.15980E+01 1.65268E-02
3.16934E+01 1.65254E-02
3.18090E+01 1.65237E-02
3.19444E+01 1.65217E-02
3.20989E+01 1.65194E-02
3.22718E+01 1.65168E-02
3.24623E+01 1.65141E-02
3.26697E+01 1.65109E-02
3.28931E+01 1.65076E-02
3.31315E+01 1.65041E-02
3.33839E+01 1.65002E-02
3.36494E+01 1.64961E-02
3.39269E+01 1.64920E-02
3.42154E+01 1.64876E-02
3.45138E+01 1.64830E-02
3.48211E+01 1.64782E-02
3.51362E+01 1.64733E-02
3.54581E+01 1.64683E-02
3.57856E+01 1.64631E-02
3.61178E+01 1.64579E-02
3.64536E+01 1.64526E-02
3.67921E+01 1.64472E-02
3.71321E+01 1.64417E-02
3.74729E+01 1.64364E-02
3.78133E+01 1.64308E-02
3.81526E+01 1.64254E-02
3.84898E+01 1.64199E-02
3.88241E+01 1.64144E-02
3.91546E+01 1.64089E-02
3.94806E+01 1.64035E-02
3.98012E+01 1.63983E-02
4.01158E+01 1.63931E-02
4.04236E+01 1.63881E-02
4.07239E+01 1.63830E-02
4.10161E+01 1.63780E-02
4.12996E+01 1.63733E-02
4.15738E+01 1.63689E-02
4.18380E+01 1.63644E-02
4.20919E+01 1.63602E-02
4.23348E+01 1.63558E-02
4.25664E+01 1.63520E-02
4.27861E+01 1.63483E-02
4.29936E+01 1.63448E-02
4.31884E+01 1.63415E-02
4.33702E+01 1.63384E-02
4.35387E+01 1.63355E-02
4.36936E+01 1.63329E-02
4.38345E+01 1.63303E-02
4.39613E+01 1.63281E-02
4.40737E+01 1.63262E-02
4.41715E+01 1.63247E-02
4.42545E+01 1.63232E-02
4.43226E+01 1.63220E-02
4.43758E+01 1.63210E-02
4.44138E+01 1.63203E-02
4.44366E+01 1.63201E-02
4.44442E+01 1.63198E-02
4.44366E+01 1.63201E-02
4.44138E+01 1.63203E-02
4.43758E+01 1.63210E-02
4.43226E+01 1.63220E-02
4.42545E+01 1.63232E-02
4.41715E+01 1.63247E-02
4.40737E+01 1.63262E-02
4.39613E+01 1.63281E-02
4.38345E+01 1.63303E-02
4.36936E+01 1.63329E-02
4.35387E+01 1.63355E-02
4.33702E+01 1.63384E-02
4.31884E+01 1.63415E-02
4.29936E+01 1.63448E-02
4.27861E+01 1.63483E-02
4.25664E+01 1.63520E-02
4.23348E+01 1.63558E-02
4.20919E+01 1.63602E-02
4.18380E+01 1.63644E-02
4.15738E+01 1.63689E-02
4.12996E+01 1.63733E-02
4.10161E+01 1.63780E-02
4.07239E+01 1.63830E-02
4.04236E+01 1.63881E-02
4.01158E+01 1.63931E-02
3.98012E+01 1.63983E-02
3.94806E+01 1.64035E-02
3.91546E+01 1.64089E-02
3.88241E+01 1.64144E-02
3.84898E+01 1.64199E-02
3.81526E+01 1.64254E-02
3.78133E+01 1.64308E-02
3.74729E+01 1.64364E-02
3.71321E+01 1.64417E-02
3.67921E+01 1.64472E-02
3.64536E+01 1.64526E-02
3.61178E+01 1.64579E-02
3.57856E+01 1.64631E-02
3.54581E+01 1.64683E-02
3.51363E+01 1.64733E-02
3.48211E+01 1.64782E-02
3.45139E+01 1.64830E-02
3.42154E+01 1.64876E-02
3.39269E+01 1.64920E-02
3.36494E+01 1.64961E-02
3.33839E+01 1.65002E-02
3.31315E+01 1.65041E-02
3.28931E+01 1.65076E-02
3.26698E+01 1.65109E-02
3.24624E+01 1.65140E-02
3.22718E+01 1.65168E-02
3.20989E+01 1.65194E-02
3.19444E+01 1.65217E-02
3.18090E+01 1.65237E-02
3.16934E+01 1.65254E-02
3.15980E+01 1.65268E-02
3.15234E+01 1.65279E-02
3.14698E+01 1.65287E-02
3.14376E+01 1.65291E-02
3.14268E+01 1.65293E-02
