Will plot unflagged data


File # 1  = raise.vis
raise.vis 4.7863 GHz
Read 121 visibilities from all files

Baseline 1-5, plot 121 points
3.14268E+01 -2.27696E+00
3.14376E+01 -2.31834E+00
3.14698E+01 -2.35797E+00
3.15234E+01 -2.39587E+00
3.15980E+01 -2.43305E+00
3.16934E+01 -2.46741E+00
3.18090E+01 -2.50098E+00
3.19444E+01 -2.53167E+00
3.20989E+01 -2.56156E+00
3.22718E+01 -2.58956E+00
3.24623E+01 -2.61644E+00
3.26697E+01 -2.64013E+00
3.28931E+01 -2.66268E+00
3.31315E+01 -2.68410E+00
3.33839E+01 -2.70227E+00
3.36494E+01 -2.71925E+00
3.39269E+01 -2.73503E+00
3.42154E+01 -2.74858E+00
3.45138E+01 -2.75983E+00
3.48211E+01 -2.76961E+00
3.51362E+01 -2.77690E+00
3.54581E+01 -2.78273E+00
3.57856E+01 -2.78606E+00
3.61178E+01 -2.78792E+00
3.64536E+01 -2.78828E+00
3.67921E+01 -2.78611E+00
3.71321E+01 -2.78243E+00
3.74729E+01 -2.77726E+00
3.78133E+01 -2.76951E+00
3.81526E+01 -2.76008E+00
3.84898E+01 -2.74897E+00
3.88241E+01 -2.73516E+00
3.91546E+01 -2.71969E+00
3.94806E+01 -2.70257E+00
3.98012E+01 -2.68379E+00
4.01158E+01 -2.66334E+00
4.04236E+01 -2.64124E+00
4.07239E+01 -2.61645E+00
4.10161E+01 -2.59001E+00
4.12996E+01 -2.56193E+00
4.15738E+01 -2.53324E+00
4.18380E+01 -2.50190E+00
4.20919E+01 -2.46888E+00
4.23348E+01 -2.43315E+00
4.25664E+01 -2.39679E+00
4.27861E+01 -2.35880E+00
4.29936E+01 -2.31919E+00
4.31884E+01 -2.27799E+00
4.33702E+01 -2.23522E+00
4.35387E+01 -2.19090E+00
4.36936E+01 -2.14505E+00
4.38345E+01 -2.09666E+00
4.39613E+01 -2.04783E+00
4.40737E+01 -1.99755E+00
4.41715E+01 -1.94688E+00
4.42545E+01 -1.89379E+00
4.43226E+01 -1.83933E+00
4.43758E+01 -1.78356E+00
4.44138E+01 -1.72649E+00
4.44366E+01 -1.66920E+00
4.44442E+01 -1.60967E+00
4.44366E+01 -1.55000E+00
4.44138E+01 -1.48816E+00
4.43758E+01 -1.42626E+00
4.43226E+01 -1.36332E+00
4.42545E+01 -1.29938E+00
4.41715E+01 -1.23449E+00
4.40737E+01 -1.16767E+00
4.39613E+01 -1.10102E+00
4.38345E+01 -1.03357E+00
4.36936E+01 -9.66411E-01
4.35387E+01 -8.97519E-01
4.33702E+01 -8.27986E-01
4.31884E+01 -7.57867E-01
4.29936E+01 -6.87217E-01
4.27861E+01 -6.16093E-01
4.25664E+01 -5.44548E-01
4.23348E+01 -4.72639E-01
4.20919E+01 -4.01447E-01
4.18380E+01 -3.28963E-01
4.15738E+01 -2.56286E-01
4.12996E+01 -1.82514E-01
4.10161E+01 -1.09770E-01
4.07239E+01 -3.70848E-02
4.04236E+01 3.54814E-02
4.01158E+01 1.08902E-01
3.98012E+01 1.82082E-01
3.94806E+01 2.54959E-01
3.91546E+01 3.27468E-01
3.88241E+01 3.99547E-01
3.84898E+01 4.71137E-01
3.81526E+01 5.43214E-01
3.78133E+01 6.14705E-01
3.74729E+01 6.85566E-01
3.71321E+01 7.56624E-01
3.67921E+01 8.26755E-01
3.64536E+01 8.95914E-01
3.61178E+01 9.65083E-01
3.57856E+01 1.03317E+00
3.54581E+01 1.10012E+00
3.51363E+01 1.16691E+00
3.48211E+01 1.23245E+00
3.45139E+01 1.29773E+00
3.42154E+01 1.36171E+00
3.39269E+01 1.42517E+00
3.36494E+01 1.48801E+00
3.33839E+01 1.54917E+00
3.31315E+01 1.60861E+00
3.28931E+01 1.66835E+00
3.26698E+01 1.72626E+00
3.24624E+01 1.78230E+00
3.22718E+01 1.83853E+00
3.20989E+01 1.89284E+00
3.19444E+01 1.94598E+00
3.18090E+01 1.99687E+00
3.16934E+01 2.04755E+00
3.15980E+01 2.09592E+00
3.15234E+01 2.14401E+00
3.14698E+01 2.18970E+00
3.14376E+01 2.23402E+00
3.14268E+01 2.27695E+00
