Will plot unflagged data


File # 1  = raise.vis
raise.vis 0.1514 GHz
Read 121 visibilities from all files

Baseline 1-2, plot 121 points
5.46046E-02 -3.95696E-03
5.46233E-02 -4.10206E-03
5.46793E-02 -4.24436E-03
5.47724E-02 -4.38374E-03
5.49021E-02 -4.52012E-03
5.50677E-02 -4.65340E-03
5.52686E-02 -4.78350E-03
5.55039E-02 -4.91031E-03
5.57723E-02 -4.00824E-03
5.60727E-02 -4.12824E-03
5.64038E-02 -4.24471E-03
5.67642E-02 -4.35757E-03
5.71522E-02 -4.46674E-03
5.75664E-02 -4.57215E-03
5.80050E-02 -4.67372E-03
5.84663E-02 -4.77139E-03
5.89485E-02 -4.86508E-03
5.94498E-02 -4.95474E-03
5.99683E-02 -5.04030E-03
6.05022E-02 -5.12170E-03
6.10497E-02 -5.19889E-03
6.16090E-02 -5.27181E-03
6.21781E-02 -5.34042E-03
6.27552E-02 -4.37902E-03
6.33387E-02 -4.43886E-03
6.39268E-02 -4.49425E-03
6.45176E-02 -4.54517E-03
6.51097E-02 -4.59155E-03
6.57012E-02 -4.63339E-03
6.62907E-02 -4.67064E-03
6.68766E-02 -4.70329E-03
6.74575E-02 -4.73131E-03
6.80317E-02 -4.75468E-03
6.85981E-02 -4.77338E-03
6.91552E-02 -4.78741E-03
6.97018E-02 -4.79676E-03
7.02366E-02 -4.80141E-03
7.07584E-02 -4.80136E-03
7.12661E-02 -4.79662E-03
7.17587E-02 -4.78719E-03
7.22350E-02 -4.77307E-03
7.26942E-02 -4.75428E-03
7.31353E-02 -4.73082E-03
7.35574E-02 -4.70271E-03
7.39597E-02 -4.66997E-03
7.43415E-02 -3.60690E-03
7.47020E-02 -3.56497E-03
7.50405E-02 -3.51850E-03
7.53564E-02 -3.46751E-03
7.56492E-02 -3.41203E-03
7.59182E-02 -3.35213E-03
7.61631E-02 -3.28780E-03
7.63834E-02 -3.21910E-03
7.65787E-02 -3.14610E-03
7.67486E-02 -3.06883E-03
7.68929E-02 -2.98734E-03
7.70113E-02 -2.90171E-03
7.71036E-02 -2.81197E-03
7.71696E-02 -2.71820E-03
7.72093E-02 -2.62046E-03
7.72225E-02 -2.51882E-03
7.72093E-02 -2.41334E-03
7.71696E-02 -2.30410E-03
7.71036E-02 -2.19117E-03
7.70113E-02 -2.07463E-03
7.68929E-02 -1.95456E-03
7.67486E-02 -1.83104E-03
7.65787E-02 -1.70416E-03
7.63834E-02 -1.57400E-03
7.61632E-02 -1.44066E-03
7.59183E-02 -1.30422E-03
7.56492E-02 -1.16478E-03
7.53564E-02 -1.02243E-03
7.50405E-02 -8.77278E-04
7.47020E-02 -7.29411E-04
7.43415E-02 -5.78937E-04
7.39598E-02 -1.45168E-03
7.35574E-02 -1.29630E-03
7.31353E-02 -1.13863E-03
7.26942E-02 -9.78767E-04
7.22350E-02 -8.16832E-04
7.17587E-02 -6.52932E-04
7.12661E-02 -4.87179E-04
7.07584E-02 -3.19687E-04
7.02366E-02 -1.50571E-04
6.97018E-02 2.00541E-05
6.91553E-02 1.92070E-04
6.85982E-02 3.65360E-04
6.80318E-02 5.39806E-04
6.74575E-02 7.15286E-04
6.68767E-02 8.91681E-04
6.62908E-02 1.06887E-03
6.57013E-02 1.24673E-03
6.51097E-02 1.42515E-03
6.45177E-02 1.60399E-03
6.39268E-02 1.78314E-03
6.33388E-02 1.96247E-03
6.27553E-02 2.14186E-03
6.21781E-02 1.29554E-03
6.16090E-02 1.47468E-03
6.10498E-02 1.65352E-03
6.05023E-02 1.83192E-03
5.99683E-02 2.00977E-03
5.94498E-02 2.18695E-03
5.89485E-02 2.36333E-03
5.84663E-02 2.53879E-03
5.80051E-02 2.71321E-03
5.75665E-02 2.88648E-03
5.71523E-02 3.05847E-03
5.67642E-02 3.22907E-03
5.64038E-02 3.39815E-03
5.60727E-02 3.56561E-03
5.57723E-02 3.73133E-03
5.55039E-02 2.86967E-03
5.52687E-02 3.03157E-03
5.50678E-02 3.19138E-03
5.49021E-02 3.34902E-03
5.47724E-02 3.50435E-03
5.46793E-02 3.65728E-03
5.46233E-02 3.80771E-03
5.46046E-02 3.95552E-03
