Will plot unflagged data


File # 1  = raise.vis
raise.vis 15.1356 GHz
Read 121 visibilities from all files

Baseline 2-4, plot 121 points
7.09859E+01 3.37687E-02
7.10102E+01 3.37646E-02
7.10831E+01 3.37523E-02
7.12041E+01 3.37320E-02
7.13727E+01 3.37040E-02
7.15881E+01 3.36686E-02
7.18492E+01 3.36261E-02
7.21550E+01 3.35770E-02
7.25039E+01 3.35218E-02
7.28945E+01 3.34613E-02
7.33250E+01 3.33953E-02
7.37934E+01 3.33255E-02
7.42979E+01 3.32520E-02
7.48364E+01 3.31751E-02
7.54065E+01 3.30963E-02
7.60062E+01 3.30151E-02
7.66331E+01 3.29330E-02
7.72847E+01 3.28493E-02
7.79588E+01 3.27653E-02
7.86529E+01 3.26815E-02
7.93647E+01 3.25977E-02
8.00916E+01 3.25147E-02
8.08315E+01 3.24322E-02
8.15818E+01 3.23507E-02
8.23403E+01 3.22703E-02
8.31048E+01 3.21915E-02
8.38729E+01 3.21147E-02
8.46425E+01 3.20391E-02
8.54116E+01 3.19653E-02
8.61779E+01 3.18930E-02
8.69396E+01 3.18225E-02
8.76947E+01 3.17539E-02
8.84413E+01 3.16874E-02
8.91775E+01 3.16235E-02
8.99018E+01 3.15607E-02
9.06123E+01 3.14999E-02
9.13075E+01 3.14419E-02
9.19859E+01 3.13855E-02
9.26459E+01 3.13310E-02
9.32863E+01 3.12791E-02
9.39055E+01 3.12293E-02
9.45025E+01 3.11818E-02
9.50759E+01 3.11361E-02
9.56246E+01 3.10929E-02
9.61477E+01 3.10524E-02
9.66439E+01 3.10138E-02
9.71126E+01 3.09776E-02
9.75526E+01 3.09439E-02
9.79633E+01 3.09126E-02
9.83439E+01 3.08839E-02
9.86937E+01 3.08578E-02
9.90121E+01 3.08335E-02
9.92984E+01 3.08124E-02
9.95523E+01 3.07931E-02
9.97732E+01 3.07770E-02
9.99607E+01 3.07626E-02
1.00115E+02 3.07514E-02
1.00235E+02 3.07427E-02
1.00320E+02 3.07364E-02
1.00372E+02 3.07327E-02
1.00389E+02 3.07308E-02
1.00372E+02 3.07327E-02
1.00320E+02 3.07365E-02
1.00235E+02 3.07427E-02
1.00115E+02 3.07514E-02
9.99608E+01 3.07626E-02
9.97732E+01 3.07770E-02
9.95523E+01 3.07931E-02
9.92984E+01 3.08124E-02
9.90121E+01 3.08335E-02
9.86937E+01 3.08578E-02
9.83440E+01 3.08839E-02
9.79634E+01 3.09126E-02
9.75527E+01 3.09439E-02
9.71126E+01 3.09776E-02
9.66440E+01 3.10138E-02
9.61477E+01 3.10524E-02
9.56247E+01 3.10929E-02
9.50759E+01 3.11361E-02
9.45025E+01 3.11818E-02
9.39056E+01 3.12293E-02
9.32863E+01 3.12791E-02
9.26460E+01 3.13310E-02
9.19859E+01 3.13855E-02
9.13076E+01 3.14419E-02
9.06124E+01 3.14999E-02
8.99018E+01 3.15607E-02
8.91776E+01 3.16235E-02
8.84413E+01 3.16874E-02
8.76947E+01 3.17539E-02
8.69397E+01 3.18225E-02
8.61780E+01 3.18930E-02
8.54116E+01 3.19653E-02
8.46426E+01 3.20391E-02
8.38730E+01 3.21147E-02
8.31048E+01 3.21915E-02
8.23404E+01 3.22704E-02
8.15818E+01 3.23507E-02
8.08315E+01 3.24322E-02
8.00917E+01 3.25147E-02
7.93647E+01 3.25977E-02
7.86530E+01 3.26815E-02
7.79588E+01 3.27653E-02
7.72848E+01 3.28493E-02
7.66331E+01 3.29330E-02
7.60062E+01 3.30151E-02
7.54066E+01 3.30963E-02
7.48364E+01 3.31751E-02
7.42980E+01 3.32520E-02
7.37935E+01 3.33255E-02
7.33250E+01 3.33953E-02
7.28945E+01 3.34612E-02
7.25040E+01 3.35218E-02
7.21550E+01 3.35770E-02
7.18493E+01 3.36261E-02
7.15881E+01 3.36686E-02
7.13727E+01 3.37040E-02
7.12041E+01 3.37320E-02
7.10831E+01 3.37523E-02
7.10102E+01 3.37646E-02
7.09859E+01 3.37687E-02
