Will plot unflagged data


File # 1  = raise.vis
raise.vis 15.1356 GHz
Read 121 visibilities from all files

Baseline 2-4, plot 121 points
7.09859E+01 -8.69055E+00
7.10102E+01 -8.84849E+00
7.10831E+01 -9.00008E+00
7.12041E+01 -9.14563E+00
7.13727E+01 -9.28518E+00
7.15881E+01 -9.41844E+00
7.18492E+01 -9.54517E+00
7.21550E+01 -9.66526E+00
7.25039E+01 -9.77846E+00
7.28945E+01 -9.88556E+00
7.33250E+01 -9.98457E+00
7.37934E+01 -1.00778E+01
7.42979E+01 -1.01641E+01
7.48364E+01 -1.02429E+01
7.54065E+01 -1.03157E+01
7.60062E+01 -1.03805E+01
7.66331E+01 -1.04392E+01
7.72847E+01 -1.04896E+01
7.79588E+01 -1.05331E+01
7.86529E+01 -1.05698E+01
7.93647E+01 -1.05989E+01
8.00916E+01 -1.06213E+01
8.08315E+01 -1.06357E+01
8.15818E+01 -1.06427E+01
8.23403E+01 -1.06424E+01
8.31048E+01 -1.06350E+01
8.38729E+01 -1.06212E+01
8.46425E+01 -1.05994E+01
8.54116E+01 -1.05705E+01
8.61779E+01 -1.05339E+01
8.69396E+01 -1.04902E+01
8.76947E+01 -1.04392E+01
8.84413E+01 -1.03813E+01
8.91775E+01 -1.03174E+01
8.99018E+01 -1.02449E+01
9.06123E+01 -1.01654E+01
9.13075E+01 -1.00800E+01
9.19859E+01 -9.98704E+00
9.26459E+01 -9.88676E+00
9.32863E+01 -9.78046E+00
9.39055E+01 -9.66723E+00
9.45025E+01 -9.54753E+00
9.50759E+01 -9.42059E+00
9.56246E+01 -9.28762E+00
9.61477E+01 -9.14879E+00
9.66439E+01 -9.00305E+00
9.71126E+01 -8.85113E+00
9.75526E+01 -8.69327E+00
9.79633E+01 -8.52961E+00
9.83439E+01 -8.36026E+00
9.86937E+01 -8.18533E+00
9.90121E+01 -8.00394E+00
9.92984E+01 -7.81813E+00
9.95523E+01 -7.62583E+00
9.97732E+01 -7.42927E+00
9.99607E+01 -7.22654E+00
1.00115E+02 -7.01983E+00
1.00235E+02 -6.80826E+00
1.00320E+02 -6.59195E+00
1.00372E+02 -6.37105E+00
1.00389E+02 -6.14467E+00
1.00372E+02 -5.91606E+00
1.00320E+02 -5.68229E+00
1.00235E+02 -5.44456E+00
1.00115E+02 -5.20302E+00
9.99608E+01 -4.95786E+00
9.97732E+01 -4.71027E+00
9.95523E+01 -4.45838E+00
9.92984E+01 -4.20440E+00
9.90121E+01 -3.94642E+00
9.86937E+01 -3.68678E+00
9.83440E+01 -3.42377E+00
9.79634E+01 -3.15856E+00
9.75527E+01 -2.89135E+00
9.71126E+01 -2.62231E+00
9.66440E+01 -2.35160E+00
9.61477E+01 -2.07927E+00
9.56247E+01 -1.80488E+00
9.50759E+01 -1.52975E+00
9.45025E+01 -1.25400E+00
9.39056E+01 -9.76693E-01
9.32863E+01 -6.98871E-01
9.26460E+01 -4.20356E-01
9.19859E+01 -1.42295E-01
9.13076E+01 1.36326E-01
9.06124E+01 4.15535E-01
8.99018E+01 6.93312E-01
8.91776E+01 9.70686E-01
8.84413E+01 1.24887E+00
8.76947E+01 1.52515E+00
8.69397E+01 1.80005E+00
8.61780E+01 2.07384E+00
8.54116E+01 2.34616E+00
8.46426E+01 2.61723E+00
8.38730E+01 2.88646E+00
8.31048E+01 3.15430E+00
8.23404E+01 3.41913E+00
8.15818E+01 3.68148E+00
8.08315E+01 3.94127E+00
8.00917E+01 4.19854E+00
7.93647E+01 4.45351E+00
7.86530E+01 4.70495E+00
7.79588E+01 4.95355E+00
7.72848E+01 5.19833E+00
7.66331E+01 5.43923E+00
7.60062E+01 5.67748E+00
7.54066E+01 5.91088E+00
7.48364E+01 6.14125E+00
7.42980E+01 6.36626E+00
7.37935E+01 6.58751E+00
7.33250E+01 6.80425E+00
7.28945E+01 7.01527E+00
7.25040E+01 7.22279E+00
7.21550E+01 7.42476E+00
7.18493E+01 7.62191E+00
7.15881E+01 7.81393E+00
7.13727E+01 8.00068E+00
7.12041E+01 8.18186E+00
7.10831E+01 8.35717E+00
7.10102E+01 8.52662E+00
7.09859E+01 8.69052E+00
