Will plot unflagged data


File # 1  = raise.vis
raise.vis 4.7863 GHz
Read 121 visibilities from all files

Baseline 1-3, plot 121 points
1.95122E+01 0.00000E+00
1.95189E+01 0.00000E+00
1.95390E+01 0.00000E+00
1.95722E+01 0.00000E+00
1.96186E+01 0.00000E+00
1.96778E+01 0.00000E+00
1.97496E+01 0.00000E+00
1.98336E+01 0.00000E+00
1.99295E+01 0.00000E+00
2.00369E+01 0.00000E+00
2.01552E+01 0.00000E+00
2.02840E+01 0.00000E+00
2.04226E+01 0.00000E+00
2.05706E+01 0.00000E+00
2.07274E+01 0.00000E+00
2.08922E+01 0.00000E+00
2.10645E+01 0.00000E+00
2.12436E+01 0.00000E+00
2.14289E+01 0.00000E+00
2.16197E+01 0.00000E+00
2.18154E+01 0.00000E+00
2.20152E+01 0.00000E+00
2.22185E+01 0.00000E+00
2.24248E+01 0.00000E+00
2.26333E+01 0.00000E+00
2.28434E+01 0.00000E+00
2.30546E+01 0.00000E+00
2.32661E+01 0.00000E+00
2.34775E+01 0.00000E+00
2.36882E+01 0.00000E+00
2.38975E+01 0.00000E+00
2.41051E+01 0.00000E+00
2.43103E+01 0.00000E+00
2.45127E+01 0.00000E+00
2.47117E+01 0.00000E+00
2.49071E+01 0.00000E+00
2.50982E+01 0.00000E+00
2.52846E+01 0.00000E+00
2.54660E+01 0.00000E+00
2.56421E+01 0.00000E+00
2.58123E+01 0.00000E+00
2.59764E+01 0.00000E+00
2.61340E+01 0.00000E+00
2.62848E+01 0.00000E+00
2.64286E+01 0.00000E+00
2.65650E+01 0.00000E+00
2.66938E+01 0.00000E+00
2.68148E+01 0.00000E+00
2.69277E+01 0.00000E+00
2.70323E+01 0.00000E+00
2.71284E+01 0.00000E+00
2.72159E+01 0.00000E+00
2.72946E+01 0.00000E+00
2.73644E+01 0.00000E+00
2.74251E+01 0.00000E+00
2.74767E+01 0.00000E+00
2.75190E+01 0.00000E+00
2.75520E+01 0.00000E+00
2.75756E+01 0.00000E+00
2.75898E+01 0.00000E+00
2.75945E+01 0.00000E+00
2.75898E+01 0.00000E+00
2.75756E+01 0.00000E+00
2.75520E+01 0.00000E+00
2.75190E+01 0.00000E+00
2.74767E+01 0.00000E+00
2.74251E+01 0.00000E+00
2.73644E+01 0.00000E+00
2.72947E+01 0.00000E+00
2.72159E+01 0.00000E+00
2.71284E+01 0.00000E+00
2.70323E+01 0.00000E+00
2.69277E+01 0.00000E+00
2.68148E+01 0.00000E+00
2.66938E+01 0.00000E+00
2.65650E+01 0.00000E+00
2.64286E+01 0.00000E+00
2.62848E+01 0.00000E+00
2.61340E+01 0.00000E+00
2.59764E+01 0.00000E+00
2.58123E+01 0.00000E+00
2.56421E+01 0.00000E+00
2.54661E+01 0.00000E+00
2.52846E+01 0.00000E+00
2.50982E+01 0.00000E+00
2.49071E+01 0.00000E+00
2.47118E+01 0.00000E+00
2.45127E+01 0.00000E+00
2.43103E+01 0.00000E+00
2.41051E+01 0.00000E+00
2.38975E+01 0.00000E+00
2.36882E+01 0.00000E+00
2.34775E+01 0.00000E+00
2.32661E+01 0.00000E+00
2.30546E+01 0.00000E+00
2.28434E+01 0.00000E+00
2.26333E+01 0.00000E+00
2.24248E+01 0.00000E+00
2.22186E+01 0.00000E+00
2.20152E+01 0.00000E+00
2.18154E+01 0.00000E+00
2.16197E+01 0.00000E+00
2.14289E+01 0.00000E+00
2.12436E+01 0.00000E+00
2.10645E+01 0.00000E+00
2.08922E+01 0.00000E+00
2.07274E+01 0.00000E+00
2.05706E+01 0.00000E+00
2.04226E+01 0.00000E+00
2.02840E+01 0.00000E+00
2.01552E+01 0.00000E+00
2.00369E+01 0.00000E+00
1.99295E+01 0.00000E+00
1.98336E+01 0.00000E+00
1.97496E+01 0.00000E+00
1.96778E+01 0.00000E+00
1.96186E+01 0.00000E+00
1.95722E+01 0.00000E+00
1.95390E+01 0.00000E+00
1.95189E+01 0.00000E+00
1.95122E+01 0.00000E+00
