Will plot unflagged data


File # 1  = raise.vis
raise.vis 15.1356 GHz
Read 121 visibilities from all files

Baseline 2-5, plot 121 points
9.39198E+01 -2.54193E+01
9.39520E+01 -2.58816E+01
9.40484E+01 -2.63255E+01
9.42085E+01 -2.67511E+01
9.44315E+01 -2.71593E+01
9.47165E+01 -2.75474E+01
9.50621E+01 -2.79184E+01
9.54666E+01 -2.82694E+01
9.59283E+01 -2.86005E+01
9.64451E+01 -2.89128E+01
9.70146E+01 -2.92057E+01
9.76344E+01 -2.94770E+01
9.83019E+01 -2.97298E+01
9.90143E+01 -2.99609E+01
9.97687E+01 -3.01723E+01
1.00562E+02 -3.03625E+01
1.01391E+02 -3.05324E+01
1.02254E+02 -3.06808E+01
1.03145E+02 -3.08089E+01
1.04064E+02 -3.09154E+01
1.05006E+02 -3.10009E+01
1.05967E+02 -3.10652E+01
1.06946E+02 -3.11080E+01
1.07939E+02 -3.11291E+01
1.08943E+02 -3.11292E+01
1.09954E+02 -3.11088E+01
1.10970E+02 -3.10658E+01
1.11989E+02 -3.10020E+01
1.13006E+02 -3.09171E+01
1.14020E+02 -3.08111E+01
1.15028E+02 -3.06837E+01
1.16027E+02 -3.05359E+01
1.17015E+02 -3.03663E+01
1.17989E+02 -3.01761E+01
1.18947E+02 -2.99652E+01
1.19887E+02 -2.97346E+01
1.20807E+02 -2.94821E+01
1.21704E+02 -2.92107E+01
1.22578E+02 -2.89191E+01
1.23425E+02 -2.86070E+01
1.24244E+02 -2.82763E+01
1.25034E+02 -2.79254E+01
1.25793E+02 -2.75551E+01
1.26519E+02 -2.71664E+01
1.27211E+02 -2.67589E+01
1.27867E+02 -2.63337E+01
1.28487E+02 -2.58898E+01
1.29070E+02 -2.54286E+01
1.29613E+02 -2.49492E+01
1.30117E+02 -2.44537E+01
1.30579E+02 -2.39409E+01
1.31001E+02 -2.34119E+01
1.31379E+02 -2.28665E+01
1.31715E+02 -2.23058E+01
1.32008E+02 -2.17299E+01
1.32256E+02 -2.11382E+01
1.32459E+02 -2.05322E+01
1.32618E+02 -1.99135E+01
1.32732E+02 -1.92802E+01
1.32800E+02 -1.86337E+01
1.32823E+02 -1.79745E+01
1.32800E+02 -1.73029E+01
1.32732E+02 -1.66196E+01
1.32618E+02 -1.59248E+01
1.32459E+02 -1.52182E+01
1.32256E+02 -1.45024E+01
1.32008E+02 -1.37770E+01
1.31715E+02 -1.30413E+01
1.31379E+02 -1.22966E+01
1.31001E+02 -1.15439E+01
1.30579E+02 -1.07829E+01
1.30117E+02 -1.00148E+01
1.29613E+02 -9.23924E+00
1.29070E+02 -8.45838E+00
1.28487E+02 -7.67093E+00
1.27867E+02 -6.87864E+00
1.27211E+02 -6.08103E+00
1.26519E+02 -5.27989E+00
1.25793E+02 -4.47490E+00
1.25034E+02 -3.66732E+00
1.24244E+02 -2.85701E+00
1.23425E+02 -2.04396E+00
1.22578E+02 -1.22944E+00
1.21704E+02 -4.15433E-01
1.20807E+02 4.00058E-01
1.19887E+02 1.21399E+00
1.18947E+02 2.02857E+00
1.17989E+02 2.84093E+00
1.17015E+02 3.65130E+00
1.16027E+02 4.45905E+00
1.15028E+02 5.26452E+00
1.14020E+02 6.06584E+00
1.13006E+02 6.86325E+00
1.11989E+02 7.65595E+00
1.10970E+02 8.44315E+00
1.09954E+02 9.22409E+00
1.08943E+02 1.00000E+01
1.07939E+02 1.07683E+01
1.06946E+02 1.15288E+01
1.05967E+02 1.22818E+01
1.05006E+02 1.30266E+01
1.04064E+02 1.37624E+01
1.03146E+02 1.44885E+01
1.02254E+02 1.52054E+01
1.01391E+02 1.59109E+01
1.00562E+02 1.66062E+01
9.97687E+01 1.72896E+01
9.90143E+01 1.79616E+01
9.83019E+01 1.86205E+01
9.76344E+01 1.92680E+01
9.70146E+01 1.99006E+01
9.64451E+01 2.05211E+01
9.59283E+01 2.11271E+01
9.54667E+01 2.17178E+01
9.50621E+01 2.22942E+01
9.47165E+01 2.28562E+01
9.44315E+01 2.34007E+01
9.42085E+01 2.39307E+01
9.40484E+01 2.44434E+01
9.39520E+01 2.49395E+01
9.39198E+01 2.54192E+01
