Will plot unflagged data


File # 1  = raise.vis
raise.vis 15.1356 GHz
Read 121 visibilities from all files

Baseline 2-5, plot 121 points
9.39198E+01 2.47797E-01
9.39520E+01 2.47616E-01
9.40484E+01 2.47077E-01
9.42085E+01 2.46195E-01
9.44315E+01 2.44998E-01
9.47165E+01 2.43515E-01
9.50621E+01 2.41805E-01
9.54666E+01 2.39911E-01
9.59283E+01 2.37887E-01
9.64451E+01 2.35790E-01
9.70146E+01 2.33661E-01
9.76344E+01 2.31523E-01
9.83019E+01 2.29412E-01
9.90143E+01 2.27327E-01
9.97687E+01 2.25289E-01
1.00562E+02 2.23296E-01
1.01391E+02 2.21358E-01
1.02254E+02 2.19475E-01
1.03145E+02 2.17656E-01
1.04064E+02 2.15897E-01
1.05006E+02 2.14202E-01
1.05967E+02 2.12572E-01
1.06946E+02 2.11003E-01
1.07939E+02 2.09494E-01
1.08943E+02 2.08046E-01
1.09954E+02 2.06660E-01
1.10970E+02 2.05328E-01
1.11989E+02 2.04053E-01
1.13006E+02 2.02835E-01
1.14020E+02 2.01670E-01
1.15028E+02 2.00555E-01
1.16027E+02 1.99492E-01
1.17015E+02 1.98474E-01
1.17989E+02 1.97503E-01
1.18947E+02 1.96577E-01
1.19887E+02 1.95697E-01
1.20807E+02 1.94855E-01
1.21704E+02 1.94058E-01
1.22578E+02 1.93300E-01
1.23425E+02 1.92580E-01
1.24244E+02 1.91900E-01
1.25034E+02 1.91254E-01
1.25793E+02 1.90645E-01
1.26519E+02 1.90073E-01
1.27211E+02 1.89535E-01
1.27867E+02 1.89033E-01
1.28487E+02 1.88565E-01
1.29070E+02 1.88131E-01
1.29613E+02 1.87729E-01
1.30117E+02 1.87362E-01
1.30579E+02 1.87028E-01
1.31001E+02 1.86726E-01
1.31379E+02 1.86456E-01
1.31715E+02 1.86219E-01
1.32008E+02 1.86014E-01
1.32256E+02 1.85839E-01
1.32459E+02 1.85696E-01
1.32618E+02 1.85588E-01
1.32732E+02 1.85510E-01
1.32800E+02 1.85463E-01
1.32823E+02 1.85447E-01
1.32800E+02 1.85463E-01
1.32732E+02 1.85510E-01
1.32618E+02 1.85589E-01
1.32459E+02 1.85696E-01
1.32256E+02 1.85839E-01
1.32008E+02 1.86014E-01
1.31715E+02 1.86219E-01
1.31379E+02 1.86456E-01
1.31001E+02 1.86726E-01
1.30579E+02 1.87028E-01
1.30117E+02 1.87362E-01
1.29613E+02 1.87729E-01
1.29070E+02 1.88131E-01
1.28487E+02 1.88565E-01
1.27867E+02 1.89033E-01
1.27211E+02 1.89535E-01
1.26519E+02 1.90073E-01
1.25793E+02 1.90645E-01
1.25034E+02 1.91254E-01
1.24244E+02 1.91900E-01
1.23425E+02 1.92580E-01
1.22578E+02 1.93297E-01
1.21704E+02 1.94058E-01
1.20807E+02 1.94855E-01
1.19887E+02 1.95697E-01
1.18947E+02 1.96577E-01
1.17989E+02 1.97503E-01
1.17015E+02 1.98474E-01
1.16027E+02 1.99492E-01
1.15028E+02 2.00555E-01
1.14020E+02 2.01670E-01
1.13006E+02 2.02835E-01
1.11989E+02 2.04053E-01
1.10970E+02 2.05328E-01
1.09954E+02 2.06660E-01
1.08943E+02 2.08046E-01
1.07939E+02 2.09494E-01
1.06946E+02 2.11003E-01
1.05967E+02 2.12572E-01
1.05006E+02 2.14202E-01
1.04064E+02 2.15897E-01
1.03146E+02 2.17656E-01
1.02254E+02 2.19475E-01
1.01391E+02 2.21358E-01
1.00562E+02 2.23296E-01
9.97687E+01 2.25289E-01
9.90143E+01 2.27327E-01
9.83019E+01 2.29412E-01
9.76344E+01 2.31523E-01
9.70146E+01 2.33661E-01
9.64451E+01 2.35790E-01
9.59283E+01 2.37888E-01
9.54667E+01 2.39911E-01
9.50621E+01 2.41805E-01
9.47165E+01 2.43515E-01
9.44315E+01 2.44998E-01
9.42085E+01 2.46195E-01
9.40484E+01 2.47077E-01
9.39520E+01 2.47616E-01
9.39198E+01 2.47797E-01
