Will plot unflagged data


File # 1  = raise.vis
raise.vis 4.7863 GHz
Read 121 visibilities from all files

Baseline 2-3, plot 121 points
1.77855E+01 1.65308E-02
1.77916E+01 1.65307E-02
1.78098E+01 1.65306E-02
1.78402E+01 1.65303E-02
1.78824E+01 1.65300E-02
1.79364E+01 1.65295E-02
1.80018E+01 1.65290E-02
1.80784E+01 1.65283E-02
1.81658E+01 1.65276E-02
1.82637E+01 1.65268E-02
1.83715E+01 1.65258E-02
1.84889E+01 1.65248E-02
1.86153E+01 1.65238E-02
1.87502E+01 1.65226E-02
1.88931E+01 1.65213E-02
1.90433E+01 1.65200E-02
1.92004E+01 1.65187E-02
1.93637E+01 1.65172E-02
1.95326E+01 1.65157E-02
1.97065E+01 1.65141E-02
1.98848E+01 1.65125E-02
2.00669E+01 1.65108E-02
2.02523E+01 1.65092E-02
2.04403E+01 1.65073E-02
2.06303E+01 1.65056E-02
2.08219E+01 1.65038E-02
2.10143E+01 1.65020E-02
2.12072E+01 1.65001E-02
2.13998E+01 1.64983E-02
2.15919E+01 1.64964E-02
2.17827E+01 1.64945E-02
2.19719E+01 1.64926E-02
2.21589E+01 1.64907E-02
2.23434E+01 1.64889E-02
2.25249E+01 1.64871E-02
2.27029E+01 1.64853E-02
2.28771E+01 1.64835E-02
2.30470E+01 1.64818E-02
2.32124E+01 1.64801E-02
2.33728E+01 1.64783E-02
2.35280E+01 1.64768E-02
2.36776E+01 1.64751E-02
2.38212E+01 1.64737E-02
2.39587E+01 1.64722E-02
2.40898E+01 1.64709E-02
2.42141E+01 1.64694E-02
2.43315E+01 1.64682E-02
2.44418E+01 1.64671E-02
2.45447E+01 1.64659E-02
2.46400E+01 1.64649E-02
2.47277E+01 1.64639E-02
2.48074E+01 1.64631E-02
2.48792E+01 1.64623E-02
2.49428E+01 1.64616E-02
2.49981E+01 1.64610E-02
2.50451E+01 1.64605E-02
2.50837E+01 1.64600E-02
2.51138E+01 1.64597E-02
2.51353E+01 1.64594E-02
2.51482E+01 1.64592E-02
2.51525E+01 1.64592E-02
2.51482E+01 1.64592E-02
2.51353E+01 1.64594E-02
2.51138E+01 1.64597E-02
2.50837E+01 1.64600E-02
2.50451E+01 1.64605E-02
2.49981E+01 1.64610E-02
2.49428E+01 1.64616E-02
2.48792E+01 1.64623E-02
2.48075E+01 1.64631E-02
2.47277E+01 1.64639E-02
2.46400E+01 1.64649E-02
2.45447E+01 1.64659E-02
2.44418E+01 1.64671E-02
2.43315E+01 1.64682E-02
2.42141E+01 1.64694E-02
2.40898E+01 1.64709E-02
2.39587E+01 1.64722E-02
2.38212E+01 1.64737E-02
2.36776E+01 1.64751E-02
2.35280E+01 1.64768E-02
2.33729E+01 1.64783E-02
2.32124E+01 1.64801E-02
2.30470E+01 1.64818E-02
2.28771E+01 1.64835E-02
2.27029E+01 1.64853E-02
2.25249E+01 1.64871E-02
2.23434E+01 1.64889E-02
2.21589E+01 1.64907E-02
2.19719E+01 1.64926E-02
2.17827E+01 1.64945E-02
2.15919E+01 1.64964E-02
2.13999E+01 1.64983E-02
2.12072E+01 1.65001E-02
2.10143E+01 1.65020E-02
2.08219E+01 1.65038E-02
2.06304E+01 1.65056E-02
2.04403E+01 1.65073E-02
2.02523E+01 1.65092E-02
2.00669E+01 1.65108E-02
1.98848E+01 1.65125E-02
1.97065E+01 1.65141E-02
1.95326E+01 1.65157E-02
1.93637E+01 1.65172E-02
1.92004E+01 1.65187E-02
1.90433E+01 1.65200E-02
1.88931E+01 1.65213E-02
1.87502E+01 1.65226E-02
1.86153E+01 1.65238E-02
1.84889E+01 1.65248E-02
1.83716E+01 1.65258E-02
1.82637E+01 1.65268E-02
1.81658E+01 1.65276E-02
1.80784E+01 1.65283E-02
1.80018E+01 1.65290E-02
1.79364E+01 1.65295E-02
1.78824E+01 1.65300E-02
1.78402E+01 1.65303E-02
1.78098E+01 1.65306E-02
1.77916E+01 1.65307E-02
1.77855E+01 1.65308E-02
