Will plot unflagged data


File # 1  = raise.vis
raise.vis 4.7863 GHz
Read 121 visibilities from all files

Baseline 2-3, plot 121 points
1.77855E+01 -1.28861E+00
1.77916E+01 -1.31226E+00
1.78098E+01 -1.33494E+00
1.78402E+01 -1.35663E+00
1.78824E+01 -1.37733E+00
1.79364E+01 -1.39700E+00
1.80018E+01 -1.41562E+00
1.80784E+01 -1.43316E+00
1.81658E+01 -1.44962E+00
1.82637E+01 -1.46598E+00
1.83715E+01 -1.48016E+00
1.84889E+01 -1.49421E+00
1.86153E+01 -1.50708E+00
1.87502E+01 -1.51874E+00
1.88931E+01 -1.52918E+00
1.90433E+01 -1.53943E+00
1.92004E+01 -1.54839E+00
1.93637E+01 -1.55599E+00
1.95326E+01 -1.56223E+00
1.97065E+01 -1.56709E+00
1.98848E+01 -1.57159E+00
2.00669E+01 -1.57469E+00
2.02523E+01 -1.57741E+00
2.04403E+01 -1.57768E+00
2.06303E+01 -1.57858E+00
2.08219E+01 -1.57699E+00
2.10143E+01 -1.57498E+00
2.12072E+01 -1.57151E+00
2.13998E+01 -1.56759E+00
2.15919E+01 -1.56218E+00
2.17827E+01 -1.55529E+00
2.19719E+01 -1.54793E+00
2.21589E+01 -1.53908E+00
2.23434E+01 -1.52976E+00
2.25249E+01 -1.51894E+00
2.27029E+01 -1.50761E+00
2.28771E+01 -1.49473E+00
2.30470E+01 -1.48133E+00
2.32124E+01 -1.46639E+00
2.33728E+01 -1.44992E+00
2.35280E+01 -1.43397E+00
2.36776E+01 -1.41547E+00
2.38212E+01 -1.39750E+00
2.39587E+01 -1.37699E+00
2.40898E+01 -1.35703E+00
2.42141E+01 -1.33454E+00
2.43315E+01 -1.31263E+00
2.44418E+01 -1.28923E+00
2.45447E+01 -1.26435E+00
2.46400E+01 -1.24009E+00
2.47277E+01 -1.21334E+00
2.48074E+01 -1.18722E+00
2.48792E+01 -1.15968E+00
2.49428E+01 -1.13074E+00
2.49981E+01 -1.10144E+00
2.50451E+01 -1.07180E+00
2.50837E+01 -1.04080E+00
2.51138E+01 -1.00951E+00
2.51353E+01 -9.76904E-01
2.51482E+01 -9.44035E-01
2.51525E+01 -9.10928E-01
2.51482E+01 -8.76571E-01
2.51353E+01 -8.42023E-01
2.51138E+01 -8.07306E-01
2.50837E+01 -7.71413E-01
2.50451E+01 -7.35403E-01
2.49981E+01 -6.98271E-01
2.49428E+01 -6.61076E-01
2.48792E+01 -6.23847E-01
2.48075E+01 -5.85580E-01
2.47277E+01 -5.46305E-01
2.46400E+01 -5.08118E-01
2.45447E+01 -4.67951E-01
2.44418E+01 -4.28935E-01
2.43315E+01 -3.89036E-01
2.42141E+01 -3.48287E-01
2.40898E+01 -3.08787E-01
2.39587E+01 -2.67472E-01
2.38212E+01 -2.27473E-01
2.36776E+01 -1.85727E-01
2.35280E+01 -1.45366E-01
2.33729E+01 -1.03328E-01
2.32124E+01 -6.27437E-02
2.30470E+01 -2.15832E-02
2.28771E+01 2.01180E-02
2.27029E+01 6.12969E-02
2.25249E+01 1.02949E-01
2.23434E+01 1.44003E-01
2.21589E+01 1.85411E-01
2.19719E+01 2.26105E-01
2.17827E+01 2.67078E-01
2.15919E+01 3.07264E-01
2.13999E+01 3.47658E-01
2.12072E+01 3.88222E-01
2.10143E+01 4.27886E-01
2.08219E+01 4.67647E-01
2.06304E+01 5.06431E-01
2.04403E+01 5.46268E-01
2.02523E+01 5.84019E-01
2.00669E+01 6.22745E-01
1.98848E+01 6.60345E-01
1.97065E+01 6.97814E-01
1.95326E+01 7.34086E-01
1.93637E+01 7.70162E-01
1.92004E+01 8.06013E-01
1.90433E+01 8.41610E-01
1.88931E+01 8.76855E-01
1.87502E+01 9.10651E-01
1.86153E+01 9.43999E-01
1.84889E+01 9.76870E-01
1.83716E+01 1.00923E+00
1.82637E+01 1.04003E+00
1.81658E+01 1.07128E+00
1.80784E+01 1.10089E+00
1.80018E+01 1.12987E+00
1.79364E+01 1.15817E+00
1.78824E+01 1.18577E+00
1.78402E+01 1.21264E+00
1.78098E+01 1.23875E+00
1.77916E+01 1.26408E+00
1.77855E+01 1.28860E+00
