Will plot unflagged data


File # 1  = raise.vis
raise.vis 15.1356 GHz
Read 121 visibilities from all files

Baseline 1-3, plot 121 points
6.17031E+01 5.05519E-01
6.17243E+01 5.05089E-01
6.17876E+01 5.03806E-01
6.18928E+01 5.01706E-01
6.20393E+01 4.98846E-01
6.22265E+01 4.95314E-01
6.24536E+01 4.91236E-01
6.27193E+01 4.86741E-01
6.30227E+01 4.81982E-01
6.33622E+01 4.77078E-01
6.37363E+01 4.72125E-01
6.41435E+01 4.67215E-01
6.45820E+01 4.62380E-01
6.50501E+01 4.57648E-01
6.55457E+01 4.53046E-01
6.60669E+01 4.48584E-01
6.66118E+01 4.44264E-01
6.71783E+01 4.40106E-01
6.77642E+01 4.36096E-01
6.83675E+01 4.32250E-01
6.89862E+01 4.28559E-01
6.96181E+01 4.25018E-01
7.02612E+01 4.21626E-01
7.09134E+01 4.18385E-01
7.15727E+01 4.15279E-01
7.22372E+01 4.12308E-01
7.29049E+01 4.09474E-01
7.35739E+01 4.06761E-01
7.42424E+01 4.04170E-01
7.49085E+01 4.01697E-01
7.55706E+01 3.99325E-01
7.62269E+01 3.97060E-01
7.68759E+01 3.94905E-01
7.75159E+01 3.92842E-01
7.81454E+01 3.90871E-01
7.87630E+01 3.89000E-01
7.93673E+01 3.87213E-01
7.99570E+01 3.85510E-01
8.05307E+01 3.83889E-01
8.10873E+01 3.82352E-01
8.16256E+01 3.80898E-01
8.21444E+01 3.79518E-01
8.26429E+01 3.78214E-01
8.31199E+01 3.76990E-01
8.35745E+01 3.75840E-01
8.40059E+01 3.74758E-01
8.44132E+01 3.73753E-01
8.47958E+01 3.72815E-01
8.51528E+01 3.71954E-01
8.54836E+01 3.71158E-01
8.57876E+01 3.70438E-01
8.60643E+01 3.69781E-01
8.63133E+01 3.69199E-01
8.65339E+01 3.68683E-01
8.67259E+01 3.68239E-01
8.68890E+01 3.67863E-01
8.70227E+01 3.67558E-01
8.71270E+01 3.67318E-01
8.72017E+01 3.67148E-01
8.72465E+01 3.67048E-01
8.72614E+01 3.67013E-01
8.72465E+01 3.67048E-01
8.72016E+01 3.67148E-01
8.71270E+01 3.67318E-01
8.70227E+01 3.67558E-01
8.68890E+01 3.67863E-01
8.67259E+01 3.68239E-01
8.65339E+01 3.68683E-01
8.63133E+01 3.69199E-01
8.60644E+01 3.69781E-01
8.57876E+01 3.70438E-01
8.54836E+01 3.71158E-01
8.51528E+01 3.71954E-01
8.47958E+01 3.72815E-01
8.44133E+01 3.73753E-01
8.40059E+01 3.74758E-01
8.35745E+01 3.75834E-01
8.31199E+01 3.76990E-01
8.26429E+01 3.78214E-01
8.21445E+01 3.79518E-01
8.16256E+01 3.80898E-01
8.10873E+01 3.82352E-01
8.05307E+01 3.83889E-01
7.99570E+01 3.85510E-01
7.93674E+01 3.87213E-01
7.87631E+01 3.89000E-01
7.81454E+01 3.90871E-01
7.75159E+01 3.92842E-01
7.68759E+01 3.94905E-01
7.62270E+01 3.97061E-01
7.55706E+01 3.99325E-01
7.49086E+01 4.01691E-01
7.42424E+01 4.04170E-01
7.35740E+01 4.06761E-01
7.29050E+01 4.09474E-01
7.22373E+01 4.12308E-01
7.15728E+01 4.15279E-01
7.09135E+01 4.18385E-01
7.02612E+01 4.21626E-01
6.96182E+01 4.25018E-01
6.89863E+01 4.28559E-01
6.83676E+01 4.32250E-01
6.77642E+01 4.36096E-01
6.71783E+01 4.40106E-01
6.66118E+01 4.44264E-01
6.60670E+01 4.48584E-01
6.55457E+01 4.53046E-01
6.50501E+01 4.57648E-01
6.45821E+01 4.62380E-01
6.41435E+01 4.67216E-01
6.37363E+01 4.72125E-01
6.33622E+01 4.77078E-01
6.30227E+01 4.81982E-01
6.27194E+01 4.86741E-01
6.24536E+01 4.91236E-01
6.22266E+01 4.95314E-01
6.20393E+01 4.98846E-01
6.18928E+01 5.01706E-01
6.17876E+01 5.03806E-01
6.17243E+01 5.05089E-01
6.17031E+01 5.05519E-01
