Will plot unflagged data


File # 1  = raise.vis
raise.vis 15.1356 GHz
Read 121 visibilities from all files

Baseline 1-3, plot 121 points
6.17031E+01 -2.90320E+01
6.17243E+01 -2.95597E+01
6.17876E+01 -3.00668E+01
6.18928E+01 -3.05534E+01
6.20393E+01 -3.10193E+01
6.22265E+01 -3.14632E+01
6.24536E+01 -3.18861E+01
6.27193E+01 -3.22865E+01
6.30227E+01 -3.26659E+01
6.33622E+01 -3.30225E+01
6.37363E+01 -3.33558E+01
6.41435E+01 -3.36672E+01
6.45820E+01 -3.39551E+01
6.50501E+01 -3.42192E+01
6.55457E+01 -3.44603E+01
6.60669E+01 -3.46782E+01
6.66118E+01 -3.48717E+01
6.71783E+01 -3.50422E+01
6.77642E+01 -3.51874E+01
6.83675E+01 -3.53094E+01
6.89862E+01 -3.54070E+01
6.96181E+01 -3.54801E+01
7.02612E+01 -3.55288E+01
7.09134E+01 -3.55541E+01
7.15727E+01 -3.55540E+01
7.22372E+01 -3.55294E+01
7.29049E+01 -3.54812E+01
7.35739E+01 -3.54082E+01
7.42424E+01 -3.53112E+01
7.49085E+01 -3.51908E+01
7.55706E+01 -3.50448E+01
7.62269E+01 -3.48751E+01
7.68759E+01 -3.46826E+01
7.75159E+01 -3.44652E+01
7.81454E+01 -3.42239E+01
7.87630E+01 -3.39605E+01
7.93673E+01 -3.36730E+01
7.99570E+01 -3.33623E+01
8.05307E+01 -3.30284E+01
8.10873E+01 -3.26724E+01
8.16256E+01 -3.22947E+01
8.21444E+01 -3.18940E+01
8.26429E+01 -3.14713E+01
8.31199E+01 -3.10277E+01
8.35745E+01 -3.05630E+01
8.40059E+01 -3.00764E+01
8.44132E+01 -2.95698E+01
8.47958E+01 -2.90423E+01
8.51528E+01 -2.84958E+01
8.54836E+01 -2.79289E+01
8.57876E+01 -2.73439E+01
8.60643E+01 -2.67386E+01
8.63133E+01 -2.61163E+01
8.65339E+01 -2.54753E+01
8.67259E+01 -2.48174E+01
8.68890E+01 -2.41421E+01
8.70227E+01 -2.34510E+01
8.71270E+01 -2.27431E+01
8.72017E+01 -2.20199E+01
8.72465E+01 -2.12820E+01
8.72614E+01 -2.05288E+01
8.72465E+01 -1.97620E+01
8.72016E+01 -1.89810E+01
8.71270E+01 -1.81874E+01
8.70227E+01 -1.73817E+01
8.68890E+01 -1.65632E+01
8.67259E+01 -1.57341E+01
8.65339E+01 -1.48940E+01
8.63133E+01 -1.40441E+01
8.60644E+01 -1.31838E+01
8.57876E+01 -1.23158E+01
8.54836E+01 -1.14379E+01
8.51528E+01 -1.05531E+01
8.47958E+01 -9.66013E+00
8.44133E+01 -8.76157E+00
8.40059E+01 -7.85625E+00
8.35745E+01 -6.94518E+00
8.31199E+01 -6.03051E+00
8.26429E+01 -5.11077E+00
8.21445E+01 -4.18827E+00
8.16256E+01 -3.26268E+00
8.10873E+01 -2.33408E+00
8.05307E+01 -1.40445E+00
7.99570E+01 -4.74515E-01
7.93674E+01 4.56172E-01
7.87631E+01 1.38663E+00
7.81454E+01 2.31699E+00
7.75159E+01 3.24430E+00
7.68759E+01 4.16977E+00
7.62270E+01 5.09353E+00
7.55706E+01 6.01265E+00
7.49086E+01 6.92834E+00
7.42424E+01 7.83873E+00
7.35740E+01 8.74404E+00
7.29050E+01 9.64304E+00
7.22373E+01 1.05359E+01
7.15728E+01 1.14208E+01
7.09135E+01 1.22980E+01
7.02612E+01 1.31678E+01
6.96182E+01 1.40276E+01
6.89863E+01 1.48779E+01
6.83676E+01 1.57183E+01
6.77642E+01 1.65480E+01
6.71783E+01 1.73655E+01
6.66118E+01 1.81724E+01
6.60670E+01 1.89659E+01
6.55457E+01 1.97471E+01
6.50501E+01 2.05143E+01
6.45821E+01 2.12671E+01
6.41435E+01 2.20057E+01
6.37363E+01 2.27298E+01
6.33622E+01 2.34372E+01
6.30227E+01 2.41293E+01
6.27194E+01 2.48052E+01
6.24536E+01 2.54631E+01
6.22266E+01 2.61041E+01
6.20393E+01 2.67266E+01
6.18928E+01 2.73316E+01
6.17876E+01 2.79176E+01
6.17243E+01 2.84844E+01
6.17031E+01 2.90320E+01
