Will plot unflagged data


File # 1  = point_source.vis
point_source.vis 1.5136 GHz
Read 1815 visibilities from all files

Plot 1815 points
-9.20869E-09 -5.46046E-01
-1.04058E-07 -6.17031E+00
-9.48495E-08 -5.62427E+00
-1.28922E-07 -7.64464E+00
-1.19713E-07 -7.09859E+00
-2.48635E-08 -1.47432E+00
-1.67598E-07 -9.93803E+00
-1.58389E-07 -9.39198E+00
-6.35400E-08 -3.76771E+00
-3.86765E-08 -2.29339E+00
-3.60981E-07 -2.14050E+01
-3.51772E-07 -2.08589E+01
-2.56923E-07 -1.52347E+01
-2.32059E-07 -1.37603E+01
-1.93383E-07 -1.14670E+01
-2.02148E-02 -5.45858E-01
-2.28427E-01 -6.16820E+00
-2.08212E-01 -5.62234E+00
-2.83007E-01 -7.64202E+00
-2.62792E-01 -7.09616E+00
-5.45798E-02 -1.47382E+00
-3.67909E-01 -9.93462E+00
-3.47694E-01 -9.38876E+00
-1.39482E-01 -3.76642E+00
-8.49020E-02 -2.29261E+00
-7.92419E-01 -2.13976E+01
-7.72204E-01 -2.08518E+01
-5.63992E-01 -1.52295E+01
-5.09412E-01 -1.37556E+01
-4.24510E-01 -1.14630E+01
-4.04153E-02 -5.45297E-01
-4.56693E-01 -6.16186E+00
-4.16277E-01 -5.61656E+00
-5.65814E-01 -7.63416E+00
-5.25399E-01 -7.08886E+00
-1.09121E-01 -1.47230E+00
-7.35558E-01 -9.92441E+00
-6.95143E-01 -9.37911E+00
-2.78865E-01 -3.76255E+00
-1.69744E-01 -2.29025E+00
-1.58428E+00 -2.13757E+01
-1.54386E+00 -2.08304E+01
-1.12759E+00 -1.52138E+01
-1.01847E+00 -1.37415E+01
-8.48721E-01 -1.14512E+01
-6.05881E-02 -5.44362E-01
-6.84646E-01 -6.15129E+00
-6.24057E-01 -5.60693E+00
-8.48233E-01 -7.62107E+00
-7.87645E-01 -7.07671E+00
-1.63588E-01 -1.46978E+00
-1.10270E+00 -9.90739E+00
-1.04212E+00 -9.36303E+00
-4.18058E-01 -3.75610E+00
-2.54470E-01 -2.28632E+00
-2.37505E+00 -2.13390E+01
-2.31447E+00 -2.07946E+01
-1.69041E+00 -1.51877E+01
-1.52682E+00 -1.37179E+01
-1.27235E+00 -1.14316E+01
-8.07194E-02 -5.43054E-01
-9.12129E-01 -6.13651E+00
-8.31410E-01 -5.59346E+00
-1.13007E+00 -7.60276E+00
-1.04935E+00 -7.05971E+00
-2.17942E-01 -1.46625E+00
-1.46909E+00 -9.88359E+00
-1.38837E+00 -9.34053E+00
-5.56964E-01 -3.74707E+00
-3.39022E-01 -2.28083E+00
-3.16420E+00 -2.12877E+01
-3.08348E+00 -2.07447E+01
-2.25207E+00 -1.51512E+01
-2.03413E+00 -1.36850E+01
-1.69511E+00 -1.14041E+01
-1.00796E-01 -5.41374E-01
-1.13899E+00 -6.11753E+00
-1.03820E+00 -5.57615E+00
-1.41114E+00 -7.57924E+00
-1.31034E+00 -7.03786E+00
-2.72149E-01 -1.46171E+00
-1.83448E+00 -9.85301E+00
-1.73369E+00 -9.31163E+00
-6.95491E-01 -3.73548E+00
-4.23342E-01 -2.27377E+00
-3.95119E+00 -2.12219E+01
-3.85040E+00 -2.06805E+01
-2.81220E+00 -1.51043E+01
-2.54005E+00 -1.36426E+01
-2.11671E+00 -1.13689E+01
-1.20803E-01 -5.39323E-01
-1.36507E+00 -6.09435E+00
-1.24427E+00 -5.55502E+00
-1.69124E+00 -7.55052E+00
-1.57043E+00 -7.01120E+00
-3.26167E-01 -1.45617E+00
-2.19861E+00 -9.81567E+00
-2.07781E+00 -9.27635E+00
-8.33538E-01 -3.72133E+00
-5.07371E-01 -2.26516E+00
-4.73546E+00 -2.11415E+01
-4.61466E+00 -2.06021E+01
-3.37039E+00 -1.50471E+01
-3.04423E+00 -1.35909E+01
-2.53686E+00 -1.13258E+01
-1.40727E-01 -5.36902E-01
-1.59021E+00 -6.06699E+00
-1.44949E+00 -5.53009E+00
-1.97017E+00 -7.51663E+00
-1.82945E+00 -6.97972E+00
-3.79962E-01 -1.44964E+00
-2.56123E+00 -9.77162E+00
-2.42050E+00 -9.23471E+00
-9.71015E-01 -3.70462E+00
-5.91052E-01 -2.25499E+00
-5.51649E+00 -2.10466E+01
-5.37576E+00 -2.05097E+01
-3.92628E+00 -1.49796E+01
-3.54632E+00 -1.35299E+01
-2.95526E+00 -1.12749E+01
-1.60554E-01 -5.34113E-01
-1.81427E+00 -6.03548E+00
-1.65371E+00 -5.50137E+00
-2.24776E+00 -7.47758E+00
-2.08721E+00 -6.94347E+00
-4.33497E-01 -1.44211E+00
-2.92209E+00 -9.72086E+00
-2.76154E+00 -9.18675E+00
-1.10783E+00 -3.68538E+00
-6.74329E-01 -2.24328E+00
-6.29373E+00 -2.09372E+01
-6.13318E+00 -2.04031E+01
-4.47947E+00 -1.49018E+01
-4.04597E+00 -1.34597E+01
-3.37164E+00 -1.12164E+01
-1.80272E-01 -5.30958E-01
-2.03708E+00 -5.99983E+00
-1.85681E+00 -5.46887E+00
-2.52381E+00 -7.43342E+00
-2.34354E+00 -6.90246E+00
-4.86736E-01 -1.43359E+00
-3.28096E+00 -9.66344E+00
-3.10069E+00 -9.13248E+00
-1.24388E+00 -3.66361E+00
-7.57144E-01 -2.23002E+00
-7.06668E+00 -2.08136E+01
-6.88641E+00 -2.02826E+01
-5.02960E+00 -1.48137E+01
-4.54287E+00 -1.33801E+01
-3.78572E+00 -1.11501E+01
-1.99867E-01 -5.27439E-01
-2.25849E+00 -5.96007E+00
-2.05862E+00 -5.43263E+00
-2.79813E+00 -7.38415E+00
-2.59826E+00 -6.85671E+00
-5.39640E-01 -1.42409E+00
-3.63757E+00 -9.59940E+00
-3.43770E+00 -9.07196E+00
-1.37908E+00 -3.63933E+00
-8.39439E-01 -2.21525E+00
-7.83477E+00 -2.06756E+01
-7.63490E+00 -2.01482E+01
-5.57628E+00 -1.47156E+01
-5.03664E+00 -1.32915E+01
-4.19720E+00 -1.10762E+01
-2.19324E-01 -5.23559E-01
-2.47836E+00 -5.91622E+00
-2.25903E+00 -5.39266E+00
-3.07053E+00 -7.32983E+00
-2.85121E+00 -6.80627E+00
-5.92174E-01 -1.41361E+00
-3.99169E+00 -9.52878E+00
-3.77237E+00 -9.00522E+00
-1.51333E+00 -3.61256E+00
-9.21159E-01 -2.19895E+00
-8.59749E+00 -2.05235E+01
-8.37816E+00 -2.00000E+01
-6.11913E+00 -1.46073E+01
-5.52696E+00 -1.31937E+01
-4.60580E+00 -1.09947E+01
-2.38630E-01 -5.19320E-01
-2.69652E+00 -5.86832E+00
-2.45789E+00 -5.34900E+00
-3.34083E+00 -7.27048E+00
-3.10220E+00 -6.75116E+00
-6.44302E-01 -1.40216E+00
-4.34307E+00 -9.45163E+00
-4.10444E+00 -8.93231E+00
-1.64655E+00 -3.58331E+00
-1.00225E+00 -2.18114E+00
-9.35431E+00 -2.03574E+01
-9.11568E+00 -1.98380E+01
-6.65779E+00 -1.44890E+01
-6.01349E+00 -1.30869E+01
-5.01124E+00 -1.09057E+01
-2.57774E-01 -5.14725E-01
-2.91285E+00 -5.81639E+00
-2.65507E+00 -5.30167E+00
-3.60884E+00 -7.20615E+00
-3.35106E+00 -6.69143E+00
-6.95990E-01 -1.38976E+00
-4.69149E+00 -9.36800E+00
-4.43371E+00 -8.85327E+00
-1.77864E+00 -3.55160E+00
-1.08265E+00 -2.16185E+00
-1.01047E+01 -2.01772E+01
-9.84697E+00 -1.96625E+01
-7.19190E+00 -1.43608E+01
-6.49591E+00 -1.29711E+01
-5.41325E+00 -1.08092E+01
-2.76741E-01 -5.09777E-01
-3.12717E+00 -5.76048E+00
-2.85043E+00 -5.25071E+00
-3.87437E+00 -7.13688E+00
-3.59763E+00 -6.62711E+00
-7.47200E-01 -1.37640E+00
-5.03668E+00 -9.27795E+00
-4.75994E+00 -8.76817E+00
-1.90951E+00 -3.51746E+00
-1.16231E+00 -2.14107E+00
-1.08482E+01 -1.99833E+01
-1.05715E+01 -1.94735E+01
-7.72106E+00 -1.42228E+01
-6.97386E+00 -1.28464E+01
-5.81155E+00 -1.07053E+01
-2.95518E-01 -5.04480E-01
-3.33935E+00 -5.70063E+00
-3.04383E+00 -5.19615E+00
-4.13725E+00 -7.06272E+00
-3.84173E+00 -6.55824E+00
-7.97897E-01 -1.36210E+00
-5.37842E+00 -9.18154E+00
-5.08290E+00 -8.67706E+00
-2.03907E+00 -3.48091E+00
-1.24117E+00 -2.11882E+00
-1.15843E+01 -1.97756E+01
-1.12888E+01 -1.92712E+01
-8.24494E+00 -1.40750E+01
-7.44704E+00 -1.27129E+01
-6.20587E+00 -1.05941E+01
-3.14092E-01 -4.98838E-01
-3.54924E+00 -5.63686E+00
-3.23515E+00 -5.13803E+00
-4.39729E+00 -6.98373E+00
-4.08319E+00 -6.48489E+00
-8.48048E-01 -1.34686E+00
-5.71647E+00 -9.07884E+00
-5.40238E+00 -8.58001E+00
-2.16723E+00 -3.44198E+00
-1.31919E+00 -2.09512E+00
-1.23124E+01 -1.95544E+01
-1.19983E+01 -1.90556E+01
-8.76317E+00 -1.39176E+01
-7.91512E+00 -1.25707E+01
-6.59593E+00 -1.04756E+01
-3.32451E-01 -4.92853E-01
-3.75670E+00 -5.56924E+00
-3.42425E+00 -5.07638E+00
-4.65432E+00 -6.89994E+00
-4.32187E+00 -6.40708E+00
-8.97619E-01 -1.33070E+00
-6.05061E+00 -8.96992E+00
-5.71816E+00 -8.47707E+00
-2.29391E+00 -3.40068E+00
-1.39630E+00 -2.06998E+00
-1.30321E+01 -1.93198E+01
-1.26996E+01 -1.88270E+01
-9.27539E+00 -1.37506E+01
-8.37778E+00 -1.24199E+01
-6.98148E+00 -1.03499E+01
-3.50583E-01 -4.86530E-01
-3.96158E+00 -5.49779E+00
-3.61100E+00 -5.01126E+00
-4.90816E+00 -6.81142E+00
-4.55757E+00 -6.32489E+00
-9.46573E-01 -1.31363E+00
-6.38060E+00 -8.85485E+00
-6.03002E+00 -8.36832E+00
-2.41902E+00 -3.35706E+00
-1.47245E+00 -2.04343E+00
-1.37428E+01 -1.90720E+01
-1.33923E+01 -1.85855E+01
-9.78126E+00 -1.35742E+01
-8.83468E+00 -1.22606E+01
-7.36224E+00 -1.02171E+01
-3.68474E-01 -4.79874E-01
-4.16375E+00 -5.42258E+00
-3.79528E+00 -4.94270E+00
-5.15863E+00 -6.71824E+00
-4.79016E+00 -6.23837E+00
-9.94879E-01 -1.29566E+00
-6.70622E+00 -8.73371E+00
-6.33775E+00 -8.25384E+00
-2.54247E+00 -3.31113E+00
-1.54759E+00 -2.01547E+00
-1.44442E+01 -1.88111E+01
-1.40757E+01 -1.83312E+01
-1.02804E+01 -1.33885E+01
-9.28554E+00 -1.20928E+01
-7.73795E+00 -1.00774E+01
-3.86112E-01 -4.72889E-01
-4.36307E+00 -5.34365E+00
-3.97696E+00 -4.87076E+00
-5.40557E+00 -6.62045E+00
-5.01946E+00 -6.14756E+00
-1.04250E+00 -1.27680E+00
-7.02725E+00 -8.60659E+00
-6.64113E+00 -8.13370E+00
-2.66418E+00 -3.26294E+00
-1.62167E+00 -1.98614E+00
-1.51356E+01 -1.85373E+01
-1.47495E+01 -1.80644E+01
-1.07725E+01 -1.31936E+01
-9.73003E+00 -1.19168E+01
-8.10836E+00 -9.93068E+00
-4.03486E-01 -4.65580E-01
-4.55939E+00 -5.26106E+00
-4.15591E+00 -4.79548E+00
-5.64881E+00 -6.51813E+00
-5.24532E+00 -6.05255E+00
-1.08941E+00 -1.25707E+00
-7.34345E+00 -8.47356E+00
-6.93996E+00 -8.00798E+00
-2.78406E+00 -3.21250E+00
-1.69464E+00 -1.95544E+00
-1.58167E+01 -1.82508E+01
-1.54132E+01 -1.77852E+01
-1.12573E+01 -1.29897E+01
-1.01679E+01 -1.17326E+01
-8.47321E+00 -9.77719E+00
-4.20584E-01 -4.57952E-01
-4.75259E+00 -5.17486E+00
-4.33201E+00 -4.71691E+00
-5.88817E+00 -6.41133E+00
-5.46759E+00 -5.95338E+00
-1.13558E+00 -1.23647E+00
-7.65462E+00 -8.33473E+00
-7.23404E+00 -7.87678E+00
-2.90203E+00 -3.15987E+00
-1.76645E+00 -1.92340E+00
-1.64869E+01 -1.79517E+01
-1.60663E+01 -1.74938E+01
-1.17343E+01 -1.27769E+01
-1.05987E+01 -1.15404E+01
-8.83226E+00 -9.61700E+00
-4.37393E-01 -4.50011E-01
-4.94254E+00 -5.08512E+00
-4.50514E+00 -4.63511E+00
-6.12350E+00 -6.30015E+00
-5.68610E+00 -5.85014E+00
-1.18096E+00 -1.21503E+00
-7.96055E+00 -8.19019E+00
-7.52315E+00 -7.74018E+00
-3.01801E+00 -3.10507E+00
-1.83705E+00 -1.89004E+00
-1.71458E+01 -1.76404E+01
-1.67084E+01 -1.71904E+01
-1.22033E+01 -1.25553E+01
-1.10223E+01 -1.13403E+01
-9.18525E+00 -9.45022E+00
-4.53902E-01 -4.41760E-01
-5.12909E+00 -4.99189E+00
-4.67519E+00 -4.55013E+00
-6.35463E+00 -6.18464E+00
-5.90073E+00 -5.74288E+00
-1.22554E+00 -1.19275E+00
-8.26102E+00 -8.04004E+00
-7.80712E+00 -7.59828E+00
-3.13192E+00 -3.04815E+00
-1.90639E+00 -1.85539E+00
-1.77930E+01 -1.73170E+01
-1.73391E+01 -1.68752E+01
-1.26639E+01 -1.23251E+01
-1.14383E+01 -1.11324E+01
-9.53194E+00 -9.27697E+00
-4.70101E-01 -4.33207E-01
-5.31214E+00 -4.89524E+00
-4.84204E+00 -4.46203E+00
-6.58141E+00 -6.06490E+00
-6.11131E+00 -5.63169E+00
-1.26927E+00 -1.16966E+00
-8.55583E+00 -7.88437E+00
-8.08573E+00 -7.45116E+00
-3.24369E+00 -2.98913E+00
-1.97442E+00 -1.81947E+00
-1.84279E+01 -1.69817E+01
-1.79578E+01 -1.65485E+01
-1.31158E+01 -1.20865E+01
-1.18465E+01 -1.09168E+01
-9.87211E+00 -9.09735E+00
-4.85977E-01 -4.24357E-01
-5.49154E+00 -4.79524E+00
-5.00556E+00 -4.37088E+00
-6.80367E+00 -5.94100E+00
-6.31770E+00 -5.51664E+00
-1.31214E+00 -1.14576E+00
-8.84478E+00 -7.72330E+00
-8.35880E+00 -7.29894E+00
-3.35324E+00 -2.92807E+00
-2.04110E+00 -1.78230E+00
-1.90503E+01 -1.66348E+01
-1.85643E+01 -1.62104E+01
-1.35588E+01 -1.18396E+01
-1.22466E+01 -1.06938E+01
-1.02055E+01 -8.91150E+00
-5.01520E-01 -4.15217E-01
-5.66717E+00 -4.69195E+00
-5.16565E+00 -4.27673E+00
-7.02128E+00 -5.81303E+00
-6.51976E+00 -5.39781E+00
-1.35410E+00 -1.12108E+00
-9.12766E+00 -7.55694E+00
-8.62614E+00 -7.14172E+00
-3.46049E+00 -2.86499E+00
-2.10638E+00 -1.74391E+00
-1.96596E+01 -1.62765E+01
-1.91581E+01 -1.58613E+01
-1.39924E+01 -1.15845E+01
-1.26383E+01 -1.04635E+01
-1.05319E+01 -8.71955E+00
-5.16719E-01 -4.05791E-01
-5.83893E+00 -4.58544E+00
-5.32221E+00 -4.17965E+00
-7.23407E+00 -5.68107E+00
-6.71735E+00 -5.27528E+00
-1.39514E+00 -1.09564E+00
-9.40429E+00 -7.38540E+00
-8.88757E+00 -6.97961E+00
-3.56536E+00 -2.79996E+00
-2.17022E+00 -1.70432E+00
-2.02554E+01 -1.59070E+01
-1.97387E+01 -1.55012E+01
-1.44165E+01 -1.13216E+01
-1.30213E+01 -1.02259E+01
-1.08511E+01 -8.52161E+00
-5.31564E-01 -3.96088E-01
-6.00668E+00 -4.47579E+00
-5.47511E+00 -4.07970E+00
-7.44190E+00 -5.54523E+00
-6.91034E+00 -5.14914E+00
-1.43522E+00 -1.06944E+00
-9.67447E+00 -7.20879E+00
-9.14291E+00 -6.81271E+00
-3.66779E+00 -2.73300E+00
-2.23257E+00 -1.66357E+00
-2.08373E+01 -1.55266E+01
-2.03058E+01 -1.51305E+01
-1.48306E+01 -1.10508E+01
-1.33954E+01 -9.98141E+00
-1.11629E+01 -8.31784E+00
-5.46045E-01 -3.86113E-01
-6.17031E+00 -4.36307E+00
-5.62427E+00 -3.97696E+00
-7.64463E+00 -5.40558E+00
-7.09859E+00 -5.01947E+00
-1.47432E+00 -1.04250E+00
-9.93802E+00 -7.02725E+00
-9.39198E+00 -6.64114E+00
-3.76771E+00 -2.66418E+00
-2.29339E+00 -1.62167E+00
-2.14050E+01 -1.51356E+01
-2.08589E+01 -1.47495E+01
-1.52347E+01 -1.07725E+01
-1.37603E+01 -9.73004E+00
-1.14670E+01 -8.10837E+00
-5.60152E-01 -3.75873E-01
-6.32972E+00 -4.24737E+00
-5.76956E+00 -3.87149E+00
-7.84213E+00 -5.26223E+00
-7.28197E+00 -4.88635E+00
-1.51241E+00 -1.01486E+00
-1.01948E+01 -6.84089E+00
-9.63461E+00 -6.46502E+00
-3.86505E+00 -2.59353E+00
-2.35264E+00 -1.57867E+00
-2.19580E+01 -1.47342E+01
-2.13978E+01 -1.43584E+01
-1.56282E+01 -1.04869E+01
-1.41158E+01 -9.47201E+00
-1.17632E+01 -7.89334E+00
-5.73875E-01 -3.65376E-01
-6.48478E+00 -4.12875E+00
-5.91091E+00 -3.76337E+00
-8.03424E+00 -5.11527E+00
-7.46037E+00 -4.74989E+00
-1.54946E+00 -9.86516E-01
-1.04445E+01 -6.64985E+00
-9.87064E+00 -6.28447E+00
-3.95973E+00 -2.52110E+00
-2.41027E+00 -1.53458E+00
-2.24959E+01 -1.43227E+01
-2.19220E+01 -1.39574E+01
-1.60111E+01 -1.01940E+01
-1.44616E+01 -9.20748E+00
-1.20514E+01 -7.67290E+00
-5.87204E-01 -3.54628E-01
-6.63541E+00 -4.00730E+00
-6.04820E+00 -3.65267E+00
-8.22086E+00 -4.96480E+00
-7.63365E+00 -4.61017E+00
-1.58545E+00 -9.57497E-01
-1.06871E+01 -6.45424E+00
-1.00999E+01 -6.09961E+00
-4.05171E+00 -2.44694E+00
-2.46626E+00 -1.48944E+00
-2.30184E+01 -1.39014E+01
-2.24312E+01 -1.35468E+01
-1.63830E+01 -9.89413E+00
-1.47975E+01 -8.93664E+00
-1.23313E+01 -7.44720E+00
-6.00131E-01 -3.43638E-01
-6.78148E+00 -3.88311E+00
-6.18135E+00 -3.53947E+00
-8.40184E+00 -4.81093E+00
-7.80170E+00 -4.46729E+00
-1.62035E+00 -9.27822E-01
-1.09224E+01 -6.25421E+00
-1.03223E+01 -5.91057E+00
-4.14091E+00 -2.37110E+00
-2.52055E+00 -1.44328E+00
-2.35251E+01 -1.34706E+01
-2.29250E+01 -1.31270E+01
-1.67437E+01 -9.58750E+00
-1.51233E+01 -8.65968E+00
-1.26028E+01 -7.21640E+00
-6.12647E-01 -3.32412E-01
-6.92291E+00 -3.75625E+00
-6.31026E+00 -3.42384E+00
-8.57706E+00 -4.65377E+00
-7.96441E+00 -4.32135E+00
-1.65415E+00 -8.97512E-01
-1.11502E+01 -6.04990E+00
-1.05375E+01 -5.71748E+00
-4.22726E+00 -2.29364E+00
-2.57312E+00 -1.39613E+00
-2.40158E+01 -1.30305E+01
-2.34031E+01 -1.26981E+01
-1.70928E+01 -9.27429E+00
-1.54387E+01 -8.37678E+00
-1.28656E+01 -6.98065E+00
-6.24743E-01 -3.20958E-01
-7.05959E+00 -3.62682E+00
-6.43485E+00 -3.30587E+00
-8.74640E+00 -4.49341E+00
-8.12166E+00 -4.17245E+00
-1.68681E+00 -8.66586E-01
-1.13703E+01 -5.84143E+00
-1.07456E+01 -5.52047E+00
-4.31073E+00 -2.21461E+00
-2.62392E+00 -1.34802E+00
-2.44899E+01 -1.25815E+01
-2.38652E+01 -1.22606E+01
-1.74303E+01 -8.95472E+00
-1.57435E+01 -8.08814E+00
-1.31196E+01 -6.74011E+00
-6.36411E-01 -3.09284E-01
-7.19144E+00 -3.49491E+00
-6.55503E+00 -3.18562E+00
-8.90975E+00 -4.32998E+00
-8.27334E+00 -4.02069E+00
-1.71831E+00 -8.35067E-01
-1.15827E+01 -5.62897E+00
-1.09463E+01 -5.31968E+00
-4.39123E+00 -2.13406E+00
-2.67292E+00 -1.29899E+00
-2.49473E+01 -1.21239E+01
-2.43109E+01 -1.18146E+01
-1.77559E+01 -8.62902E+00
-1.60375E+01 -7.79396E+00
-1.33646E+01 -6.49496E+00
-6.47642E-01 -2.97398E-01
-7.31835E+00 -3.36060E+00
-6.67071E+00 -3.06320E+00
-9.06699E+00 -4.16357E+00
-8.41935E+00 -3.86618E+00
-1.74863E+00 -8.02975E-01
-1.17871E+01 -5.41265E+00
-1.11394E+01 -5.11525E+00
-4.46873E+00 -2.05205E+00
-2.72010E+00 -1.24907E+00
-2.53876E+01 -1.16580E+01
-2.47399E+01 -1.13606E+01
-1.80692E+01 -8.29741E+00
-1.63206E+01 -7.49443E+00
-1.36005E+01 -6.24536E+00
-6.58430E-01 -2.85309E-01
-7.44025E+00 -3.22399E+00
-6.78183E+00 -2.93868E+00
-9.21801E+00 -3.99432E+00
-8.55958E+00 -3.70901E+00
-1.77776E+00 -7.70333E-01
-1.19834E+01 -5.19261E+00
-1.13250E+01 -4.90731E+00
-4.54316E+00 -1.96863E+00
-2.76540E+00 -1.19830E+00
-2.58104E+01 -1.11841E+01
-2.51520E+01 -1.08988E+01
-1.83702E+01 -7.96011E+00
-1.65924E+01 -7.18977E+00
-1.38270E+01 -5.99148E+00
-6.68766E-01 -2.73023E-01
-7.55706E+00 -3.08516E+00
-6.88829E+00 -2.81214E+00
-9.36273E+00 -3.82232E+00
-8.69396E+00 -3.54930E+00
-1.80567E+00 -7.37162E-01
-1.21715E+01 -4.96902E+00
-1.15028E+01 -4.69600E+00
-4.61449E+00 -1.88386E+00
-2.80882E+00 -1.14670E+00
-2.62156E+01 -1.07025E+01
-2.55469E+01 -1.04295E+01
-1.86586E+01 -7.61735E+00
-1.68529E+01 -6.88018E+00
-1.40441E+01 -5.73349E+00
-6.78644E-01 -2.60551E-01
-7.66868E+00 -2.94422E+00
-6.99004E+00 -2.68367E+00
-9.50102E+00 -3.64771E+00
-8.82238E+00 -3.38716E+00
-1.83234E+00 -7.03487E-01
-1.23513E+01 -4.74202E+00
-1.16727E+01 -4.48147E+00
-4.68265E+00 -1.79780E+00
-2.85031E+00 -1.09431E+00
-2.66029E+01 -1.02136E+01
-2.59242E+01 -9.95304E+00
-1.89342E+01 -7.26937E+00
-1.71018E+01 -6.56588E+00
-1.42515E+01 -5.47157E+00
-6.88057E-01 -2.47900E-01
-7.77505E+00 -2.80127E+00
-7.08699E+00 -2.55337E+00
-9.63280E+00 -3.47060E+00
-8.94474E+00 -3.22270E+00
-1.85775E+00 -6.69330E-01
-1.25226E+01 -4.51178E+00
-1.18346E+01 -4.26388E+00
-4.74759E+00 -1.71051E+00
-2.88984E+00 -1.04118E+00
-2.69718E+01 -9.71768E+00
-2.62838E+01 -9.46978E+00
-1.91968E+01 -6.91641E+00
-1.73390E+01 -6.24708E+00
-1.44492E+01 -5.20590E+00
-6.96999E-01 -2.35079E-01
-7.87609E+00 -2.65639E+00
-7.17909E+00 -2.42131E+00
-9.75798E+00 -3.29111E+00
-9.06098E+00 -3.05603E+00
-1.88190E+00 -6.34713E-01
-1.26854E+01 -4.27844E+00
-1.19884E+01 -4.04336E+00
-4.80929E+00 -1.62205E+00
-2.92739E+00 -9.87332E-01
-2.73224E+01 -9.21510E+00
-2.66254E+01 -8.98002E+00
-1.94463E+01 -6.55870E+00
-1.75644E+01 -5.92399E+00
-1.46370E+01 -4.93666E+00
-7.05462E-01 -2.22097E-01
-7.97172E+00 -2.50970E+00
-7.26626E+00 -2.28760E+00
-9.87647E+00 -3.10936E+00
-9.17101E+00 -2.88726E+00
-1.90475E+00 -5.99662E-01
-1.28394E+01 -4.04217E+00
-1.21340E+01 -3.82007E+00
-4.86769E+00 -1.53247E+00
-2.96294E+00 -9.32808E-01
-2.76541E+01 -8.70621E+00
-2.69487E+01 -8.48411E+00
-1.96824E+01 -6.19651E+00
-1.77777E+01 -5.59685E+00
-1.48147E+01 -4.66404E+00
-7.13443E-01 -2.08963E-01
-8.06190E+00 -2.36128E+00
-7.34846E+00 -2.15232E+00
-9.98820E+00 -2.92548E+00
-9.27475E+00 -2.71652E+00
-1.92629E+00 -5.64200E-01
-1.29847E+01 -3.80313E+00
-1.22712E+01 -3.59416E+00
-4.92275E+00 -1.44185E+00
-2.99646E+00 -8.77645E-01
-2.79670E+01 -8.19135E+00
-2.72535E+01 -7.98239E+00
-1.99051E+01 -5.83007E+00
-1.79788E+01 -5.26587E+00
-1.49823E+01 -4.38822E+00
-7.20934E-01 -1.95686E-01
-8.14655E+00 -2.21125E+00
-7.42562E+00 -2.01556E+00
-1.00931E+01 -2.73960E+00
-9.37214E+00 -2.54391E+00
-1.94652E+00 -5.28351E-01
-1.31210E+01 -3.56148E+00
-1.24001E+01 -3.36579E+00
-4.97444E+00 -1.35023E+00
-3.02792E+00 -8.21879E-01
-2.82606E+01 -7.67087E+00
-2.75397E+01 -7.47519E+00
-2.01141E+01 -5.45963E+00
-1.81675E+01 -4.93128E+00
-1.51396E+01 -4.10940E+00
-7.27931E-01 -1.82274E-01
-8.22562E+00 -2.05970E+00
-7.49769E+00 -1.87742E+00
-1.01910E+01 -2.55184E+00
-9.46310E+00 -2.36956E+00
-1.96541E+00 -4.92140E-01
-1.32483E+01 -3.31739E+00
-1.25204E+01 -3.13512E+00
-5.02273E+00 -1.25769E+00
-3.05731E+00 -7.65551E-01
-2.85349E+01 -7.14515E+00
-2.78070E+01 -6.96287E+00
-2.03093E+01 -5.08545E+00
-1.83439E+01 -4.59331E+00
-1.52866E+01 -3.82776E+00
-7.34429E-01 -1.68738E-01
-8.29905E+00 -1.90674E+00
-7.56462E+00 -1.73800E+00
-1.02820E+01 -2.36233E+00
-9.54758E+00 -2.19359E+00
-1.98296E+00 -4.55592E-01
-1.33666E+01 -3.07103E+00
-1.26322E+01 -2.90229E+00
-5.06756E+00 -1.16429E+00
-3.08460E+00 -7.08699E-01
-2.87896E+01 -6.61452E+00
-2.80552E+01 -6.44579E+00
-2.04906E+01 -4.70779E+00
-1.85076E+01 -4.25219E+00
-1.54230E+01 -3.54349E+00
-7.40424E-01 -1.55086E-01
-8.36680E+00 -1.75247E+00
-7.62637E+00 -1.59738E+00
-1.03659E+01 -2.17120E+00
-9.62552E+00 -2.01611E+00
-1.99915E+00 -4.18731E-01
-1.34757E+01 -2.82256E+00
-1.27353E+01 -2.66747E+00
-5.10893E+00 -1.07009E+00
-3.10978E+00 -6.51360E-01
-2.90246E+01 -6.07936E+00
-2.82842E+01 -5.92427E+00
-2.06578E+01 -4.32689E+00
-1.86587E+01 -3.90816E+00
-1.55489E+01 -3.25680E+00
-7.45912E-01 -1.41327E-01
-8.42880E+00 -1.59700E+00
-7.68289E+00 -1.45567E+00
-1.04428E+01 -1.97858E+00
-9.69685E+00 -1.83726E+00
-2.01396E+00 -3.81584E-01
-1.35756E+01 -2.57216E+00
-1.28297E+01 -2.43083E+00
-5.14679E+00 -9.75159E-01
-3.13283E+00 -5.93575E-01
-2.92397E+01 -5.54003E+00
-2.84938E+01 -5.39871E+00
-2.08109E+01 -3.94303E+00
-1.87970E+01 -3.56145E+00
-1.56642E+01 -2.96788E+00
-7.50888E-01 -1.27472E-01
-8.48504E+00 -1.44044E+00
-7.73415E+00 -1.31296E+00
-1.05124E+01 -1.78461E+00
-9.76155E+00 -1.65714E+00
-2.02740E+00 -3.44175E-01
-1.36662E+01 -2.32000E+00
-1.29153E+01 -2.19252E+00
-5.18113E+00 -8.79559E-01
-3.15373E+00 -5.35384E-01
-2.94348E+01 -4.99691E+00
-2.86839E+01 -4.86944E+00
-2.09498E+01 -3.55648E+00
-1.89224E+01 -3.21230E+00
-1.57687E+01 -2.67692E+00
-7.55350E-01 -1.13530E-01
-8.53545E+00 -1.28288E+00
-7.78010E+00 -1.16935E+00
-1.05749E+01 -1.58941E+00
-9.81955E+00 -1.47588E+00
-2.03944E+00 -3.06530E-01
-1.37474E+01 -2.06624E+00
-1.29920E+01 -1.95271E+00
-5.21192E+00 -7.83354E-01
-3.17247E+00 -4.76824E-01
-2.96097E+01 -4.45036E+00
-2.88544E+01 -4.33683E+00
-2.10743E+01 -3.16747E+00
-1.90348E+01 -2.86094E+00
-1.58624E+01 -2.38412E+00
-7.59294E-01 -9.95093E-02
-8.58002E+00 -1.12445E+00
-7.82073E+00 -1.02495E+00
-1.06301E+01 -1.39313E+00
-9.87082E+00 -1.29362E+00
-2.05009E+00 -2.68675E-01
-1.38191E+01 -1.81107E+00
-1.30599E+01 -1.71156E+00
-5.23913E+00 -6.86614E-01
-3.18903E+00 -4.17939E-01
-2.97643E+01 -3.90076E+00
-2.90050E+01 -3.80125E+00
-2.11843E+01 -2.77631E+00
-1.91342E+01 -2.50763E+00
-1.59452E+01 -2.08969E+00
-7.62718E-01 -8.54208E-02
-8.61871E+00 -9.65255E-01
-7.85599E+00 -8.79834E-01
-1.06780E+01 -1.19589E+00
-9.91533E+00 -1.11047E+00
-2.05934E+00 -2.30636E-01
-1.38815E+01 -1.55466E+00
-1.31187E+01 -1.46924E+00
-5.26275E+00 -5.89404E-01
-3.20341E+00 -3.58767E-01
-2.98985E+01 -3.34850E+00
-2.91358E+01 -3.26307E+00
-2.12798E+01 -2.38324E+00
-1.92205E+01 -2.15260E+00
-1.60171E+01 -1.79384E+00
-7.65618E-01 -7.12735E-02
-8.65149E+00 -8.05391E-01
-7.88587E+00 -7.34117E-01
-1.07187E+01 -9.97829E-01
-9.95304E+00 -9.26556E-01
-2.06717E+00 -1.92439E-01
-1.39343E+01 -1.29718E+00
-1.31686E+01 -1.22590E+00
-5.28277E+00 -4.91787E-01
-3.21560E+00 -2.99349E-01
-3.00122E+01 -2.79392E+00
-2.92466E+01 -2.72265E+00
-2.13608E+01 -1.98853E+00
-1.92936E+01 -1.79609E+00
-1.60780E+01 -1.49674E+00
-7.67995E-01 -5.70777E-02
-8.67834E+00 -6.44978E-01
-7.91034E+00 -5.87900E-01
-1.07519E+01 -7.99087E-01
-9.98393E+00 -7.42010E-01
-2.07359E+00 -1.54110E-01
-1.39775E+01 -1.03881E+00
-1.32095E+01 -9.81736E-01
-5.29916E+00 -3.93836E-01
-3.22558E+00 -2.39726E-01
-3.01054E+01 -2.23744E+00
-2.93374E+01 -2.18037E+00
-2.14271E+01 -1.59247E+00
-1.93535E+01 -1.43836E+00
-1.61279E+01 -1.19863E+00
-7.69844E-01 -4.28427E-02
-8.69924E+00 -4.84122E-01
-7.92940E+00 -4.41280E-01
-1.07778E+01 -5.99797E-01
-1.00080E+01 -5.56955E-01
-2.07858E+00 -1.15675E-01
-1.40112E+01 -7.79737E-01
-1.32413E+01 -7.36894E-01
-5.31193E+00 -2.95615E-01
-3.23335E+00 -1.79939E-01
-3.01779E+01 -1.67943E+00
-2.94081E+01 -1.63659E+00
-2.14787E+01 -1.19531E+00
-1.94001E+01 -1.07964E+00
-1.61667E+01 -8.99696E-01
-7.71167E-01 -2.85783E-02
-8.71418E+00 -3.22935E-01
-7.94302E+00 -2.94357E-01
-1.07963E+01 -4.00097E-01
-1.00252E+01 -3.71518E-01
-2.08215E+00 -7.71615E-02
-1.40352E+01 -5.20126E-01
-1.32641E+01 -4.91547E-01
-5.32105E+00 -1.97191E-01
-3.23890E+00 -1.20029E-01
-3.02297E+01 -1.12027E+00
-2.94586E+01 -1.09169E+00
-2.15156E+01 -7.97336E-01
-1.94334E+01 -7.20174E-01
-1.61945E+01 -6.00145E-01
-7.71960E-01 -1.42942E-02
-8.72315E+00 -1.61524E-01
-7.95119E+00 -1.47230E-01
-1.08074E+01 -2.00118E-01
-1.00355E+01 -1.85824E-01
-2.08429E+00 -3.85942E-02
-1.40497E+01 -2.60154E-01
-1.32777E+01 -2.45859E-01
-5.32653E+00 -9.86296E-02
-3.24223E+00 -6.00354E-02
-3.02608E+01 -5.60331E-01
-2.94889E+01 -5.46037E-01
-2.15377E+01 -3.98807E-01
-1.94534E+01 -3.60213E-01
-1.62112E+01 -3.00177E-01
-7.72225E-01 -4.25276E-07
-8.72614E+00 -4.80562E-06
-7.95392E+00 -4.38034E-06
-1.08112E+01 -5.95386E-06
-1.00389E+01 -5.52859E-06
-2.08501E+00 -1.14825E-06
-1.40545E+01 -7.74002E-06
-1.32823E+01 -7.31475E-06
-5.32835E+00 -2.93440E-06
-3.24335E+00 -1.78616E-06
-3.02712E+01 -1.66708E-05
-2.94990E+01 -1.62455E-05
-2.15451E+01 -1.18652E-05
-1.94601E+01 -1.07170E-05
-1.62167E+01 -8.93080E-06
-7.71960E-01 1.42933E-02
-8.72315E+00 1.61514E-01
-7.95119E+00 1.47221E-01
-1.08074E+01 2.00106E-01
-1.00355E+01 1.85813E-01
-2.08429E+00 3.85919E-02
-1.40497E+01 2.60138E-01
-1.32777E+01 2.45845E-01
-5.32653E+00 9.86238E-02
-3.24223E+00 6.00319E-02
-3.02608E+01 5.60298E-01
-2.94889E+01 5.46005E-01
-2.15377E+01 3.98783E-01
-1.94534E+01 3.60191E-01
-1.62112E+01 3.00160E-01
-7.71167E-01 2.85773E-02
-8.71418E+00 3.22924E-01
-7.94302E+00 2.94346E-01
-1.07963E+01 4.00082E-01
-1.00252E+01 3.71505E-01
-2.08215E+00 7.71588E-02
-1.40352E+01 5.20107E-01
-1.32641E+01 4.91530E-01
-5.32105E+00 1.97184E-01
-3.23890E+00 1.20025E-01
-3.02297E+01 1.12023E+00
-2.94586E+01 1.09165E+00
-2.15156E+01 7.97307E-01
-1.94334E+01 7.20149E-01
-1.61945E+01 6.00124E-01
-7.69845E-01 4.28417E-02
-8.69924E+00 4.84112E-01
-7.92940E+00 4.41270E-01
-1.07778E+01 5.99784E-01
-1.00080E+01 5.56943E-01
-2.07858E+00 1.15673E-01
-1.40112E+01 7.79720E-01
-1.32413E+01 7.36878E-01
-5.31193E+00 2.95608E-01
-3.23335E+00 1.79935E-01
-3.01779E+01 1.67940E+00
-2.94081E+01 1.63655E+00
-2.14787E+01 1.19528E+00
-1.94001E+01 1.07961E+00
-1.61667E+01 8.99677E-01
-7.67995E-01 5.70768E-02
-8.67834E+00 6.44968E-01
-7.91035E+00 5.87891E-01
-1.07519E+01 7.99075E-01
-9.98393E+00 7.41998E-01
-2.07359E+00 1.54107E-01
-1.39775E+01 1.03880E+00
-1.32095E+01 9.81721E-01
-5.29916E+00 3.93830E-01
-3.22558E+00 2.39723E-01
-3.01054E+01 2.23741E+00
-2.93374E+01 2.18033E+00
-2.14271E+01 1.59244E+00
-1.93535E+01 1.43834E+00
-1.61279E+01 1.19861E+00
-7.65619E-01 7.12728E-02
-8.65149E+00 8.05382E-01
-7.88587E+00 7.34109E-01
-1.07187E+01 9.97819E-01
-9.95304E+00 9.26546E-01
-2.06717E+00 1.92436E-01
-1.39343E+01 1.29716E+00
-1.31686E+01 1.22589E+00
-5.28277E+00 4.91782E-01
-3.21560E+00 2.99346E-01
-3.00123E+01 2.79389E+00
-2.92466E+01 2.72262E+00
-2.13608E+01 1.98851E+00
-1.92936E+01 1.79607E+00
-1.60780E+01 1.49673E+00
-7.62718E-01 8.54199E-02
-8.61871E+00 9.65244E-01
-7.85599E+00 8.79824E-01
-1.06780E+01 1.19588E+00
-9.91533E+00 1.11046E+00
-2.05934E+00 2.30634E-01
-1.38815E+01 1.55464E+00
-1.31187E+01 1.46922E+00
-5.26275E+00 5.89397E-01
-3.20341E+00 3.58763E-01
-2.98985E+01 3.34846E+00
-2.91358E+01 3.26304E+00
-2.12798E+01 2.38321E+00
-1.92205E+01 2.15258E+00
-1.60171E+01 1.79382E+00
-7.59294E-01 9.95084E-02
-8.58002E+00 1.12444E+00
-7.82073E+00 1.02494E+00
-1.06301E+01 1.39312E+00
-9.87082E+00 1.29361E+00
-2.05009E+00 2.68673E-01
-1.38192E+01 1.81105E+00
-1.30599E+01 1.71154E+00
-5.23913E+00 6.86608E-01
-3.18904E+00 4.17935E-01
-2.97643E+01 3.90073E+00
-2.90050E+01 3.80122E+00
-2.11843E+01 2.77628E+00
-1.91342E+01 2.50761E+00
-1.59452E+01 2.08968E+00
-7.55350E-01 1.13529E-01
-8.53546E+00 1.28288E+00
-7.78011E+00 1.16935E+00
-1.05749E+01 1.58940E+00
-9.81955E+00 1.47587E+00
-2.03945E+00 3.06528E-01
-1.37474E+01 2.06622E+00
-1.29920E+01 1.95269E+00
-5.21192E+00 7.83349E-01
-3.17247E+00 4.76821E-01
-2.96097E+01 4.45033E+00
-2.88544E+01 4.33680E+00
-2.10743E+01 3.16745E+00
-1.90348E+01 2.86093E+00
-1.58624E+01 2.38410E+00
-7.50889E-01 1.27471E-01
-8.48504E+00 1.44043E+00
-7.73415E+00 1.31295E+00
-1.05124E+01 1.78460E+00
-9.76155E+00 1.65713E+00
-2.02740E+00 3.44173E-01
-1.36662E+01 2.31998E+00
-1.29153E+01 2.19251E+00
-5.18113E+00 8.79552E-01
-3.15373E+00 5.35380E-01
-2.94348E+01 4.99688E+00
-2.86839E+01 4.86940E+00
-2.09498E+01 3.55645E+00
-1.89224E+01 3.21228E+00
-1.57687E+01 2.67690E+00
-7.45912E-01 1.41327E-01
-8.42881E+00 1.59699E+00
-7.68290E+00 1.45566E+00
-1.04428E+01 1.97857E+00
-9.69686E+00 1.83724E+00
-2.01396E+00 3.81582E-01
-1.35756E+01 2.57214E+00
-1.28297E+01 2.43082E+00
-5.14679E+00 9.75153E-01
-3.13283E+00 5.93571E-01
-2.92398E+01 5.54000E+00
-2.84939E+01 5.39867E+00
-2.08110E+01 3.94301E+00
-1.87970E+01 3.56143E+00
-1.56642E+01 2.96786E+00
-7.40425E-01 1.55085E-01
-8.36680E+00 1.75246E+00
-7.62638E+00 1.59737E+00
-1.03659E+01 2.17119E+00
-9.62552E+00 2.01610E+00
-1.99915E+00 4.18729E-01
-1.34757E+01 2.82254E+00
-1.27353E+01 2.66746E+00
-5.10893E+00 1.07009E+00
-3.10978E+00 6.51356E-01
-2.90247E+01 6.07933E+00
-2.82842E+01 5.92424E+00
-2.06579E+01 4.32687E+00
-1.86587E+01 3.90814E+00
-1.55489E+01 3.25678E+00
-7.34430E-01 1.68737E-01
-8.29906E+00 1.90673E+00
-7.56463E+00 1.73799E+00
-1.02820E+01 2.36232E+00
-9.54759E+00 2.19358E+00
-1.98296E+00 4.55590E-01
-1.33666E+01 3.07101E+00
-1.26322E+01 2.90227E+00
-5.06757E+00 1.16428E+00
-3.08461E+00 7.08695E-01
-2.87896E+01 6.61449E+00
-2.80552E+01 6.44575E+00
-2.04906E+01 4.70776E+00
-1.85076E+01 4.25217E+00
-1.54230E+01 3.54347E+00
-7.27932E-01 1.82273E-01
-8.22563E+00 2.05969E+00
-7.49769E+00 1.87741E+00
-1.01910E+01 2.55183E+00
-9.46311E+00 2.36955E+00
-1.96542E+00 4.92138E-01
-1.32484E+01 3.31737E+00
-1.25204E+01 3.13510E+00
-5.02273E+00 1.25769E+00
-3.05731E+00 7.65548E-01
-2.85349E+01 7.14511E+00
-2.78070E+01 6.96284E+00
-2.03093E+01 5.08543E+00
-1.83439E+01 4.59329E+00
-1.52866E+01 3.82774E+00
-7.20934E-01 1.95685E-01
-8.14656E+00 2.21124E+00
-7.42562E+00 2.01555E+00
-1.00931E+01 2.73959E+00
-9.37215E+00 2.54390E+00
-1.94652E+00 5.28349E-01
-1.31210E+01 3.56146E+00
-1.24001E+01 3.36578E+00
-4.97445E+00 1.35022E+00
-3.02792E+00 8.21876E-01
-2.82606E+01 7.67084E+00
-2.75397E+01 7.47516E+00
-2.01141E+01 5.45961E+00
-1.81675E+01 4.93126E+00
-1.51396E+01 4.10938E+00
-7.13443E-01 2.08962E-01
-8.06191E+00 2.36127E+00
-7.34846E+00 2.15231E+00
-9.98820E+00 2.92547E+00
-9.27476E+00 2.71651E+00
-1.92630E+00 5.64198E-01
-1.29847E+01 3.80311E+00
-1.22712E+01 3.59415E+00
-4.92276E+00 1.44184E+00
-2.99646E+00 8.77641E-01
-2.79670E+01 8.19132E+00
-2.72535E+01 7.98235E+00
-1.99051E+01 5.83004E+00
-1.79788E+01 5.26585E+00
-1.49823E+01 4.38821E+00
-7.05463E-01 2.22096E-01
-7.97173E+00 2.50969E+00
-7.26627E+00 2.28759E+00
-9.87648E+00 3.10935E+00
-9.17102E+00 2.88725E+00
-1.90475E+00 5.99660E-01
-1.28394E+01 4.04215E+00
-1.21340E+01 3.82006E+00
-4.86769E+00 1.53246E+00
-2.96294E+00 9.32805E-01
-2.76541E+01 8.70618E+00
-2.69487E+01 8.48408E+00
-1.96824E+01 6.19649E+00
-1.77777E+01 5.59683E+00
-1.48147E+01 4.66402E+00
-6.96999E-01 2.35078E-01
-7.87609E+00 2.65638E+00
-7.17909E+00 2.42131E+00
-9.75799E+00 3.29110E+00
-9.06099E+00 3.05602E+00
-1.88190E+00 6.34711E-01
-1.26854E+01 4.27842E+00
-1.19884E+01 4.04335E+00
-4.80929E+00 1.62204E+00
-2.92740E+00 9.87329E-01
-2.73224E+01 9.21507E+00
-2.66254E+01 8.97999E+00
-1.94463E+01 6.55868E+00
-1.75644E+01 5.92397E+00
-1.46370E+01 4.93664E+00
-6.88058E-01 2.47899E-01
-7.77505E+00 2.80126E+00
-7.08700E+00 2.55336E+00
-9.63281E+00 3.47059E+00
-8.94475E+00 3.22269E+00
-1.85776E+00 6.69327E-01
-1.25227E+01 4.51176E+00
-1.18346E+01 4.26386E+00
-4.74760E+00 1.71050E+00
-2.88984E+00 1.04118E+00
-2.69719E+01 9.71764E+00
-2.62838E+01 9.46974E+00
-1.91968E+01 6.91638E+00
-1.73391E+01 6.24706E+00
-1.44492E+01 5.20588E+00
-6.78645E-01 2.60550E-01
-7.66869E+00 2.94422E+00
-6.99004E+00 2.68367E+00
-9.50103E+00 3.64770E+00
-8.82238E+00 3.38715E+00
-1.83234E+00 7.03485E-01
-1.23513E+01 4.74201E+00
-1.16727E+01 4.48146E+00
-4.68265E+00 1.79780E+00
-2.85031E+00 1.09431E+00
-2.66029E+01 1.02136E+01
-2.59242E+01 9.95301E+00
-1.89342E+01 7.26935E+00
-1.71019E+01 6.56586E+00
-1.42515E+01 5.47155E+00
-6.68767E-01 2.73022E-01
-7.55706E+00 3.08515E+00
-6.88830E+00 2.81213E+00
-9.36274E+00 3.82231E+00
-8.69397E+00 3.54929E+00
-1.80567E+00 7.37160E-01
-1.21716E+01 4.96901E+00
-1.15028E+01 4.69598E+00
-4.61449E+00 1.88385E+00
-2.80882E+00 1.14669E+00
-2.62157E+01 1.07025E+01
-2.55469E+01 1.04295E+01
-1.86586E+01 7.61733E+00
-1.68529E+01 6.88016E+00
-1.40441E+01 5.73347E+00
-6.58430E-01 2.85308E-01
-7.44026E+00 3.22398E+00
-6.78183E+00 2.93867E+00
-9.21803E+00 3.99431E+00
-8.55960E+00 3.70900E+00
-1.77776E+00 7.70331E-01
-1.19834E+01 5.19260E+00
-1.13250E+01 4.90729E+00
-4.54317E+00 1.96862E+00
-2.76541E+00 1.19829E+00
-2.58105E+01 1.11841E+01
-2.51520E+01 1.08988E+01
-1.83702E+01 7.96008E+00
-1.65924E+01 7.18975E+00
-1.38270E+01 5.99146E+00
-6.47643E-01 2.97397E-01
-7.31836E+00 3.36059E+00
-6.67072E+00 3.06319E+00
-9.06700E+00 4.16356E+00
-8.41936E+00 3.86617E+00
-1.74864E+00 8.02973E-01
-1.17871E+01 5.41263E+00
-1.11395E+01 5.11523E+00
-4.46873E+00 2.05204E+00
-2.72010E+00 1.24907E+00
-2.53876E+01 1.16580E+01
-2.47400E+01 1.13606E+01
-1.80692E+01 8.29739E+00
-1.63206E+01 7.49441E+00
-1.36005E+01 6.24534E+00
-6.36411E-01 3.09283E-01
-7.19145E+00 3.49490E+00
-6.55504E+00 3.18562E+00
-8.90976E+00 4.32996E+00
-8.27335E+00 4.02068E+00
-1.71831E+00 8.35065E-01
-1.15827E+01 5.62895E+00
-1.09463E+01 5.31967E+00
-4.39124E+00 2.13405E+00
-2.67293E+00 1.29899E+00
-2.49473E+01 1.21239E+01
-2.43109E+01 1.18146E+01
-1.77559E+01 8.62900E+00
-1.60376E+01 7.79394E+00
-1.33646E+01 6.49495E+00
-6.24744E-01 3.20957E-01
-7.05960E+00 3.62682E+00
-6.43486E+00 3.30586E+00
-8.74641E+00 4.49340E+00
-8.12167E+00 4.17244E+00
-1.68681E+00 8.66584E-01
-1.13703E+01 5.84142E+00
-1.07456E+01 5.52046E+00
-4.31073E+00 2.21460E+00
-2.62392E+00 1.34802E+00
-2.44899E+01 1.25815E+01
-2.38652E+01 1.22606E+01
-1.74303E+01 8.95470E+00
-1.57435E+01 8.08812E+00
-1.31196E+01 6.74010E+00
-6.12648E-01 3.32411E-01
-6.92292E+00 3.75625E+00
-6.31027E+00 3.42383E+00
-8.57707E+00 4.65375E+00
-7.96442E+00 4.32134E+00
-1.65415E+00 8.97510E-01
-1.11502E+01 6.04988E+00
-1.05375E+01 5.71747E+00
-4.22727E+00 2.29364E+00
-2.57312E+00 1.39613E+00
-2.40158E+01 1.30305E+01
-2.34031E+01 1.26981E+01
-1.70929E+01 9.27427E+00
-1.54387E+01 8.37676E+00
-1.28656E+01 6.98063E+00
-6.00132E-01 3.43637E-01
-6.78149E+00 3.88310E+00
-6.18136E+00 3.53946E+00
-8.40185E+00 4.81092E+00
-7.80172E+00 4.46728E+00
-1.62036E+00 9.27820E-01
-1.09224E+01 6.25420E+00
-1.03223E+01 5.91056E+00
-4.14091E+00 2.37110E+00
-2.52055E+00 1.44328E+00
-2.35252E+01 1.34706E+01
-2.29250E+01 1.31269E+01
-1.67437E+01 9.58748E+00
-1.51233E+01 8.65966E+00
-1.26028E+01 7.21638E+00
-5.87205E-01 3.54628E-01
-6.63542E+00 4.00729E+00
-6.04821E+00 3.65267E+00
-8.22087E+00 4.96479E+00
-7.63367E+00 4.61016E+00
-1.58545E+00 9.57495E-01
-1.06871E+01 6.45423E+00
-1.00999E+01 6.09960E+00
-4.05171E+00 2.44693E+00
-2.46626E+00 1.48944E+00
-2.30184E+01 1.39014E+01
-2.24312E+01 1.35468E+01
-1.63830E+01 9.89412E+00
-1.47976E+01 8.93662E+00
-1.23313E+01 7.44718E+00
-5.73876E-01 3.65375E-01
-6.48479E+00 4.12874E+00
-5.91092E+00 3.76337E+00
-8.03426E+00 5.11525E+00
-7.46038E+00 4.74988E+00
-1.54946E+00 9.86513E-01
-1.04445E+01 6.64983E+00
-9.87066E+00 6.28446E+00
-3.95974E+00 2.52109E+00
-2.41028E+00 1.53458E+00
-2.24959E+01 1.43227E+01
-2.19220E+01 1.39573E+01
-1.60111E+01 1.01940E+01
-1.44617E+01 9.20746E+00
-1.20514E+01 7.67288E+00
-5.60153E-01 3.75873E-01
-6.32973E+00 4.24736E+00
-5.76957E+00 3.87149E+00
-7.84214E+00 5.26222E+00
-7.28199E+00 4.88634E+00
-1.51241E+00 1.01486E+00
-1.01948E+01 6.84088E+00
-9.63463E+00 6.46501E+00
-3.86505E+00 2.59352E+00
-2.35264E+00 1.57866E+00
-2.19580E+01 1.47342E+01
-2.13978E+01 1.43583E+01
-1.56283E+01 1.04868E+01
-1.41159E+01 9.47199E+00
-1.17632E+01 7.89332E+00
-5.46046E-01 3.86112E-01
-6.17032E+00 4.36307E+00
-5.62427E+00 3.97695E+00
-7.64465E+00 5.40557E+00
-7.09860E+00 5.01946E+00
-1.47432E+00 1.04250E+00
-9.93804E+00 7.02724E+00
-9.39199E+00 6.64113E+00
-3.76772E+00 2.66417E+00
-2.29339E+00 1.62167E+00
-2.14050E+01 1.51356E+01
-2.08590E+01 1.47495E+01
-1.52347E+01 1.07725E+01
-1.37604E+01 9.73003E+00
-1.14670E+01 8.10835E+00
-5.31565E-01 3.96087E-01
-6.00669E+00 4.47578E+00
-5.47512E+00 4.07970E+00
-7.44191E+00 5.54522E+00
-6.91035E+00 5.14913E+00
-1.43523E+00 1.06943E+00
-9.67449E+00 7.20878E+00
-9.14292E+00 6.81270E+00
-3.66780E+00 2.73300E+00
-2.23257E+00 1.66357E+00
-2.08374E+01 1.55266E+01
-2.03058E+01 1.51305E+01
-1.48307E+01 1.10508E+01
-1.33954E+01 9.98139E+00
-1.11629E+01 8.31783E+00
-5.16720E-01 4.05791E-01
-5.83894E+00 4.58543E+00
-5.32222E+00 4.17964E+00
-7.23408E+00 5.68107E+00
-6.71736E+00 5.27528E+00
-1.39514E+00 1.09563E+00
-9.40430E+00 7.38539E+00
-8.88758E+00 6.97960E+00
-3.56537E+00 2.79995E+00
-2.17022E+00 1.70432E+00
-2.02554E+01 1.59070E+01
-1.97387E+01 1.55012E+01
-1.44165E+01 1.13216E+01
-1.30213E+01 1.02259E+01
-1.08511E+01 8.52160E+00
-5.01521E-01 4.15216E-01
-5.66718E+00 4.69194E+00
-5.16566E+00 4.27672E+00
-7.02129E+00 5.81302E+00
-6.51977E+00 5.39781E+00
-1.35411E+00 1.12108E+00
-9.12768E+00 7.55693E+00
-8.62615E+00 7.14171E+00
-3.46049E+00 2.86499E+00
-2.10639E+00 1.74391E+00
-1.96596E+01 1.62765E+01
-1.91581E+01 1.58612E+01
-1.39924E+01 1.15845E+01
-1.26383E+01 1.04634E+01
-1.05319E+01 8.71953E+00
-4.85978E-01 4.24357E-01
-5.49155E+00 4.79523E+00
-5.00557E+00 4.37087E+00
-6.80369E+00 5.94099E+00
-6.31771E+00 5.51664E+00
-1.31214E+00 1.14576E+00
-8.84479E+00 7.72329E+00
-8.35882E+00 7.29893E+00
-3.35325E+00 2.92806E+00
-2.04111E+00 1.78230E+00
-1.90503E+01 1.66348E+01
-1.85643E+01 1.62104E+01
-1.35588E+01 1.18396E+01
-1.22466E+01 1.06938E+01
-1.02055E+01 8.91149E+00
-4.70102E-01 4.33207E-01
-5.31215E+00 4.89524E+00
-4.84205E+00 4.46203E+00
-6.58142E+00 6.06489E+00
-6.11132E+00 5.63169E+00
-1.26927E+00 1.16966E+00
-8.55585E+00 7.88436E+00
-8.08575E+00 7.45115E+00
-3.24370E+00 2.98913E+00
-1.97443E+00 1.81947E+00
-1.84280E+01 1.69817E+01
-1.79579E+01 1.65485E+01
-1.31158E+01 1.20865E+01
-1.18466E+01 1.09168E+01
-9.87213E+00 9.09734E+00
-4.53903E-01 4.41760E-01
-5.12911E+00 4.99188E+00
-4.67520E+00 4.55013E+00
-6.35465E+00 6.18464E+00
-5.90074E+00 5.74288E+00
-1.22554E+00 1.19275E+00
-8.26104E+00 8.04003E+00
-7.80714E+00 7.59827E+00
-3.13193E+00 3.04814E+00
-1.90639E+00 1.85539E+00
-1.77930E+01 1.73170E+01
-1.73391E+01 1.68752E+01
-1.26639E+01 1.23251E+01
-1.14384E+01 1.11323E+01
-9.53197E+00 9.27695E+00
-4.37394E-01 4.50010E-01
-4.94255E+00 5.08511E+00
-4.50516E+00 4.63510E+00
-6.12351E+00 6.30014E+00
-5.68612E+00 5.85013E+00
-1.18096E+00 1.21503E+00
-7.96057E+00 8.19018E+00
-7.52317E+00 7.74017E+00
-3.01802E+00 3.10507E+00
-1.83705E+00 1.89004E+00
-1.71458E+01 1.76404E+01
-1.67084E+01 1.71904E+01
-1.22033E+01 1.25553E+01
-1.10223E+01 1.13403E+01
-9.18527E+00 9.45021E+00
-4.20585E-01 4.57952E-01
-4.75261E+00 5.17486E+00
-4.33202E+00 4.71690E+00
-5.88819E+00 6.41133E+00
-5.46760E+00 5.95337E+00
-1.13558E+00 1.23647E+00
-7.65464E+00 8.33473E+00
-7.23406E+00 7.87677E+00
-2.90203E+00 3.15987E+00
-1.76646E+00 1.92340E+00
-1.64869E+01 1.79517E+01
-1.60663E+01 1.74938E+01
-1.17343E+01 1.27769E+01
-1.05987E+01 1.15404E+01
-8.83228E+00 9.61699E+00
-4.03487E-01 4.65580E-01
-4.55941E+00 5.26105E+00
-4.15592E+00 4.79547E+00
-5.64882E+00 6.51812E+00
-5.24533E+00 6.05254E+00
-1.08942E+00 1.25707E+00
-7.34347E+00 8.47356E+00
-6.93998E+00 8.00798E+00
-2.78406E+00 3.21250E+00
-1.69465E+00 1.95544E+00
-1.58167E+01 1.82507E+01
-1.54132E+01 1.77852E+01
-1.12573E+01 1.29897E+01
-1.01679E+01 1.17326E+01
-8.47323E+00 9.77718E+00
-3.86113E-01 4.72889E-01
-4.36308E+00 5.34365E+00
-3.97697E+00 4.87076E+00
-5.40559E+00 6.62045E+00
-5.01947E+00 6.14756E+00
-1.04251E+00 1.27680E+00
-7.02726E+00 8.60658E+00
-6.64115E+00 8.13369E+00
-2.66418E+00 3.26293E+00
-1.62168E+00 1.98613E+00
-1.51356E+01 1.85372E+01
-1.47495E+01 1.80644E+01
-1.07726E+01 1.31936E+01
-9.73006E+00 1.19168E+01
-8.10838E+00 9.93067E+00
-3.68475E-01 4.79874E-01
-4.16376E+00 5.42257E+00
-3.79529E+00 4.94270E+00
-5.15865E+00 6.71823E+00
-4.79017E+00 6.23836E+00
-9.94882E-01 1.29566E+00
-6.70624E+00 8.73370E+00
-6.33777E+00 8.25383E+00
-2.54248E+00 3.31113E+00
-1.54759E+00 2.01547E+00
-1.44442E+01 1.88111E+01
-1.40757E+01 1.83312E+01
-1.02804E+01 1.33885E+01
-9.28556E+00 1.20928E+01
-7.73797E+00 1.00774E+01
-3.50584E-01 4.86530E-01
-3.96160E+00 5.49779E+00
-3.61101E+00 5.01126E+00
-4.90817E+00 6.81142E+00
-4.55759E+00 6.32489E+00
-9.46576E-01 1.31363E+00
-6.38062E+00 8.85484E+00
-6.03004E+00 8.36831E+00
-2.41903E+00 3.35706E+00
-1.47245E+00 2.04343E+00
-1.37429E+01 1.90720E+01
-1.33923E+01 1.85854E+01
-9.78129E+00 1.35742E+01
-8.83471E+00 1.22606E+01
-7.36226E+00 1.02171E+01
-3.32452E-01 4.92852E-01
-3.75671E+00 5.56923E+00
-3.42426E+00 5.07638E+00
-4.65433E+00 6.89993E+00
-4.32188E+00 6.40708E+00
-8.97621E-01 1.33070E+00
-6.05063E+00 8.96991E+00
-5.71818E+00 8.47706E+00
-2.29392E+00 3.40068E+00
-1.39630E+00 2.06998E+00
-1.30321E+01 1.93198E+01
-1.26997E+01 1.88270E+01
-9.27542E+00 1.37506E+01
-8.37780E+00 1.24199E+01
-6.98150E+00 1.03499E+01
-3.14093E-01 4.98837E-01
-3.54925E+00 5.63686E+00
-3.23516E+00 5.13802E+00
-4.39730E+00 6.98372E+00
-4.08321E+00 6.48488E+00
-8.48051E-01 1.34686E+00
-5.71649E+00 9.07884E+00
-5.40240E+00 8.58000E+00
-2.16724E+00 3.44198E+00
-1.31919E+00 2.09512E+00
-1.23125E+01 1.95544E+01
-1.19984E+01 1.90556E+01
-8.76320E+00 1.39176E+01
-7.91515E+00 1.25707E+01
-6.59596E+00 1.04756E+01
-2.95519E-01 5.04480E-01
-3.33936E+00 5.70062E+00
-3.04384E+00 5.19614E+00
-4.13726E+00 7.06272E+00
-3.84174E+00 6.55824E+00
-7.97900E-01 1.36210E+00
-5.37844E+00 9.18154E+00
-5.08292E+00 8.67706E+00
-2.03908E+00 3.48091E+00
-1.24118E+00 2.11882E+00
-1.15843E+01 1.97756E+01
-1.12888E+01 1.92711E+01
-8.24497E+00 1.40750E+01
-7.44707E+00 1.27129E+01
-6.20589E+00 1.05941E+01
-2.76742E-01 5.09777E-01
-3.12718E+00 5.76048E+00
-2.85044E+00 5.25070E+00
-3.87438E+00 7.13688E+00
-3.59764E+00 6.62710E+00
-7.47202E-01 1.37640E+00
-5.03670E+00 9.27794E+00
-4.75996E+00 8.76817E+00
-1.90952E+00 3.51746E+00
-1.16232E+00 2.14106E+00
-1.08483E+01 1.99833E+01
-1.05715E+01 1.94735E+01
-7.72109E+00 1.42228E+01
-6.97389E+00 1.28464E+01
-5.81158E+00 1.07053E+01
-2.57775E-01 5.14725E-01
-2.91286E+00 5.81639E+00
-2.65508E+00 5.30167E+00
-3.60885E+00 7.20615E+00
-3.35107E+00 6.69142E+00
-6.95992E-01 1.38976E+00
-4.69150E+00 9.36799E+00
-4.43373E+00 8.85327E+00
-1.77865E+00 3.55160E+00
-1.08266E+00 2.16184E+00
-1.01048E+01 2.01772E+01
-9.84701E+00 1.96625E+01
-7.19192E+00 1.43608E+01
-6.49593E+00 1.29711E+01
-5.41328E+00 1.08092E+01
-2.38632E-01 5.19320E-01
-2.69654E+00 5.86831E+00
-2.45791E+00 5.34900E+00
-3.34084E+00 7.27048E+00
-3.10221E+00 6.75116E+00
-6.44305E-01 1.40216E+00
-4.34310E+00 9.45162E+00
-4.10447E+00 8.93230E+00
-1.64656E+00 3.58331E+00
-1.00225E+00 2.18114E+00
-9.35436E+00 2.03573E+01
-9.11573E+00 1.98380E+01
-6.65782E+00 1.44890E+01
-6.01352E+00 1.30869E+01
-5.01127E+00 1.09057E+01
-2.19325E-01 5.23559E-01
-2.47837E+00 5.91622E+00
-2.25905E+00 5.39266E+00
-3.07055E+00 7.32983E+00
-2.85122E+00 6.80627E+00
-5.92177E-01 1.41361E+00
-3.99171E+00 9.52877E+00
-3.77239E+00 9.00521E+00
-1.51334E+00 3.61256E+00
-9.21164E-01 2.19895E+00
-8.59753E+00 2.05235E+01
-8.37821E+00 2.00000E+01
-6.11916E+00 1.46073E+01
-5.52699E+00 1.31937E+01
-4.60582E+00 1.09947E+01
-1.99868E-01 5.27439E-01
-2.25850E+00 5.96006E+00
-2.05864E+00 5.43262E+00
-2.79815E+00 7.38415E+00
-2.59828E+00 6.85671E+00
-5.39643E-01 1.42409E+00
-3.63759E+00 9.59939E+00
-3.43772E+00 9.07195E+00
-1.37909E+00 3.63933E+00
-8.39444E-01 2.21525E+00
-7.83481E+00 2.06756E+01
-7.63494E+00 2.01482E+01
-5.57631E+00 1.47156E+01
-5.03666E+00 1.32915E+01
-4.19722E+00 1.10762E+01
-1.80273E-01 5.30958E-01
-2.03709E+00 5.99983E+00
-1.85682E+00 5.46887E+00
-2.52383E+00 7.43341E+00
-2.34355E+00 6.90245E+00
-4.86738E-01 1.43359E+00
-3.28098E+00 9.66344E+00
-3.10070E+00 9.13248E+00
-1.24389E+00 3.66361E+00
-7.57149E-01 2.23002E+00
-7.06672E+00 2.08136E+01
-6.88645E+00 2.02826E+01
-5.02963E+00 1.48137E+01
-4.54289E+00 1.33801E+01
-3.78574E+00 1.11501E+01
-1.60556E-01 5.34113E-01
-1.81428E+00 6.03548E+00
-1.65372E+00 5.50136E+00
-2.24778E+00 7.47758E+00
-2.08722E+00 6.94347E+00
-4.33501E-01 1.44210E+00
-2.92211E+00 9.72086E+00
-2.76156E+00 9.18674E+00
-1.10783E+00 3.68538E+00
-6.74334E-01 2.24327E+00
-6.29379E+00 2.09372E+01
-6.13323E+00 2.04031E+01
-4.47951E+00 1.49018E+01
-4.04601E+00 1.34596E+01
-3.37167E+00 1.12164E+01
-1.40728E-01 5.36902E-01
-1.59023E+00 6.06699E+00
-1.44950E+00 5.53009E+00
-1.97019E+00 7.51662E+00
-1.82946E+00 6.97972E+00
-3.79966E-01 1.44963E+00
-2.56125E+00 9.77161E+00
-2.42052E+00 9.23471E+00
-9.71023E-01 3.70462E+00
-5.91058E-01 2.25499E+00
-5.51654E+00 2.10466E+01
-5.37581E+00 2.05097E+01
-3.92631E+00 1.49796E+01
-3.54635E+00 1.35299E+01
-2.95529E+00 1.12749E+01
-1.20804E-01 5.39323E-01
-1.36508E+00 6.09435E+00
-1.24428E+00 5.55502E+00
-1.69125E+00 7.55052E+00
-1.57045E+00 7.01119E+00
-3.26170E-01 1.45617E+00
-2.19863E+00 9.81567E+00
-2.07782E+00 9.27635E+00
-8.33546E-01 3.72133E+00
-5.07376E-01 2.26516E+00
-4.73551E+00 2.11415E+01
-4.61470E+00 2.06021E+01
-3.37042E+00 1.50471E+01
-3.04425E+00 1.35909E+01
-2.53688E+00 1.13258E+01
-1.00797E-01 5.41374E-01
-1.13900E+00 6.11753E+00
-1.03821E+00 5.57615E+00
-1.41116E+00 7.57924E+00
-1.31036E+00 7.03786E+00
-2.72151E-01 1.46171E+00
-1.83450E+00 9.85300E+00
-1.73371E+00 9.31163E+00
-6.95498E-01 3.73548E+00
-4.23347E-01 2.27377E+00
-3.95124E+00 2.12219E+01
-3.85044E+00 2.06805E+01
-2.81223E+00 1.51043E+01
-2.54008E+00 1.36426E+01
-2.11673E+00 1.13689E+01
-8.07207E-02 5.43054E-01
-9.12144E-01 6.13651E+00
-8.31424E-01 5.59346E+00
-1.13009E+00 7.60276E+00
-1.04937E+00 7.05970E+00
-2.17946E-01 1.46625E+00
-1.46912E+00 9.88359E+00
-1.38840E+00 9.34053E+00
-5.56973E-01 3.74707E+00
-3.39027E-01 2.28083E+00
-3.16425E+00 2.12877E+01
-3.08353E+00 2.07447E+01
-2.25211E+00 1.51512E+01
-2.03416E+00 1.36850E+01
-1.69514E+00 1.14041E+01
-6.05894E-02 5.44362E-01
-6.84660E-01 6.15129E+00
-6.24070E-01 5.60693E+00
-8.48251E-01 7.62107E+00
-7.87661E-01 7.07671E+00
-1.63591E-01 1.46978E+00
-1.10273E+00 9.90739E+00
-1.04214E+00 9.36303E+00
-4.18067E-01 3.75610E+00
-2.54475E-01 2.28632E+00
-2.37510E+00 2.13390E+01
-2.31451E+00 2.07946E+01
-1.69044E+00 1.51877E+01
-1.52685E+00 1.37179E+01
-1.27238E+00 1.14316E+01
-4.04163E-02 5.45297E-01
-4.56705E-01 6.16186E+00
-4.16288E-01 5.61656E+00
-5.65829E-01 7.63416E+00
-5.25412E-01 7.08886E+00
-1.09124E-01 1.47230E+00
-7.35577E-01 9.92441E+00
-6.95161E-01 9.37911E+00
-2.78873E-01 3.76255E+00
-1.69749E-01 2.29025E+00
-1.58432E+00 2.13756E+01
-1.54390E+00 2.08304E+01
-1.12762E+00 1.52138E+01
-1.01849E+00 1.37415E+01
-8.48743E-01 1.14512E+01
-2.02158E-02 5.45858E-01
-2.28439E-01 6.16820E+00
-2.08223E-01 5.62234E+00
-2.83021E-01 7.64202E+00
-2.62806E-01 7.09616E+00
-5.45827E-02 1.47382E+00
-3.67928E-01 9.93462E+00
-3.47712E-01 9.38876E+00
-1.39489E-01 3.76642E+00
-8.49064E-02 2.29261E+00
-7.92460E-01 2.13976E+01
-7.72244E-01 2.08518E+01
-5.64021E-01 1.52295E+01
-5.09439E-01 1.37556E+01
-4.24532E-01 1.14630E+01
-1.34709E-06 5.46046E-01
-1.52221E-05 6.17031E+00
-1.38750E-05 5.62427E+00
-1.88593E-05 7.64464E+00
-1.75122E-05 7.09859E+00
-3.63715E-06 1.47432E+00
-2.45171E-05 9.93803E+00
-2.31700E-05 9.39198E+00
-9.29493E-06 3.76771E+00
-5.65778E-06 2.29339E+00
-5.28060E-05 2.14050E+01
-5.14589E-05 2.08589E+01
-3.75838E-05 1.52347E+01
-3.39467E-05 1.37603E+01
-2.82889E-05 1.14670E+01
