Will plot unflagged data


File # 1  = raise.vis
raise.vis 0.1514 GHz
Read 121 visibilities from all files

Baseline 3-4, plot 121 points
1.47432E-01 -3.99030E-02
1.47483E-01 -4.03410E-02
1.47634E-01 -4.17761E-02
1.47885E-01 -4.21563E-02
1.48236E-01 -4.25060E-02
1.48683E-01 -4.28244E-02
1.49225E-01 -4.41365E-02
1.49860E-01 -4.43895E-02
1.50585E-01 -4.46085E-02
1.51396E-01 -4.58188E-02
1.52290E-01 -4.59673E-02
1.53263E-01 -4.60792E-02
1.54311E-01 -4.71802E-02
1.55429E-01 -4.72168E-02
1.56614E-01 -4.72147E-02
1.57859E-01 -4.81997E-02
1.59161E-01 -4.81179E-02
1.60514E-01 -4.79953E-02
1.61914E-01 -4.88582E-02
1.63356E-01 -4.86523E-02
1.64834E-01 -4.84038E-02
1.66344E-01 -4.91393E-02
1.67881E-01 -4.88041E-02
1.69439E-01 -4.84247E-02
1.71015E-01 -4.90283E-02
1.72602E-01 -4.85595E-02
1.74198E-01 -4.90730E-02
1.75796E-01 -4.85133E-02
1.77393E-01 -4.89353E-02
1.78985E-01 -4.82835E-02
1.80567E-01 -4.86127E-02
1.82135E-01 -4.78676E-02
1.83686E-01 -4.81033E-02
1.85215E-01 -4.72642E-02
1.86719E-01 -4.74057E-02
1.88195E-01 -4.64720E-02
1.89639E-01 -4.65189E-02
1.91048E-01 -4.54905E-02
1.92418E-01 -4.54427E-02
1.93748E-01 -4.53476E-02
1.95035E-01 -4.41771E-02
1.96274E-01 -4.39875E-02
1.97465E-01 -4.37509E-02
1.98605E-01 -4.24392E-02
1.99691E-01 -4.21090E-02
2.00722E-01 -4.17324E-02
2.01695E-01 -4.02813E-02
2.02609E-01 -3.98126E-02
2.03462E-01 -3.92983E-02
2.04253E-01 -3.87387E-02
2.04979E-01 -3.81344E-02
2.05640E-01 -3.64572E-02
2.06235E-01 -3.57643E-02
2.06762E-01 -3.50280E-02
2.07221E-01 -3.42487E-02
2.07611E-01 -3.34268E-02
2.07930E-01 -3.25631E-02
2.08180E-01 -3.16581E-02
2.08358E-01 -3.07123E-02
2.08465E-01 -2.97265E-02
2.08501E-01 -2.87014E-02
2.08465E-01 -2.76375E-02
2.08358E-01 -2.65357E-02
2.08180E-01 -2.53967E-02
2.07930E-01 -2.42213E-02
2.07611E-01 -2.30103E-02
2.07221E-01 -2.17645E-02
2.06762E-01 -2.04848E-02
2.06235E-01 -1.91721E-02
2.05641E-01 -1.78272E-02
2.04979E-01 -1.74795E-02
2.04253E-01 -1.60731E-02
2.03462E-01 -1.46374E-02
2.02609E-01 -1.31733E-02
2.01695E-01 -1.16820E-02
2.00722E-01 -1.11926E-02
1.99691E-01 -9.64965E-03
1.98605E-01 -8.08251E-03
1.97465E-01 -7.52044E-03
1.96274E-01 -5.90812E-03
1.95035E-01 -4.27487E-03
1.93748E-01 -3.64988E-03
1.92419E-01 -1.97812E-03
1.91048E-01 -2.88813E-04
1.89639E-01 3.88879E-04
1.88195E-01 2.10977E-03
1.86719E-01 2.81679E-03
1.85215E-01 4.56458E-03
1.83686E-01 5.29621E-03
1.82135E-01 7.06609E-03
1.80567E-01 7.81747E-03
1.78985E-01 9.60458E-03
1.77393E-01 1.03709E-02
1.75796E-01 1.21704E-02
1.74198E-01 1.29466E-02
1.72602E-01 1.47535E-02
1.71015E-01 1.55348E-02
1.69439E-01 1.73441E-02
1.67881E-01 1.81255E-02
1.66344E-01 1.89051E-02
1.64834E-01 2.07088E-02
1.63356E-01 2.14811E-02
1.61915E-01 2.22480E-02
1.60514E-01 2.40349E-02
1.59161E-01 2.47870E-02
1.57859E-01 2.55299E-02
1.56614E-01 2.72891E-02
1.55429E-01 2.80101E-02
1.54311E-01 2.87182E-02
1.53263E-01 3.04388E-02
1.52290E-01 3.11178E-02
1.51396E-01 3.17805E-02
1.50585E-01 3.34520E-02
1.49860E-01 3.40785E-02
1.49225E-01 3.46853E-02
1.48683E-01 3.62972E-02
1.48236E-01 3.68612E-02
1.47885E-01 3.74021E-02
1.47634E-01 3.79189E-02
1.47483E-01 3.94361E-02
1.47432E-01 3.99014E-02
