Will plot unflagged data


File # 1  = raise.vis
raise.vis 4.7863 GHz
Read 121 visibilities from all files

Baseline 2-5, plot 121 points
2.97001E+01 -1.39742E+01
2.97102E+01 -1.42279E+01
2.97407E+01 -1.44718E+01
2.97913E+01 -1.47066E+01
2.98619E+01 -1.49303E+01
2.99520E+01 -1.51443E+01
3.00613E+01 -1.53484E+01
3.01892E+01 -1.55407E+01
3.03352E+01 -1.57228E+01
3.04986E+01 -1.58953E+01
3.06787E+01 -1.60553E+01
3.08747E+01 -1.62053E+01
3.10858E+01 -1.63434E+01
3.13111E+01 -1.64715E+01
3.15496E+01 -1.65870E+01
3.18005E+01 -1.66915E+01
3.20628E+01 -1.67855E+01
3.23354E+01 -1.68672E+01
3.26175E+01 -1.69372E+01
3.29079E+01 -1.69961E+01
3.32057E+01 -1.70429E+01
3.35098E+01 -1.70776E+01
3.38194E+01 -1.71016E+01
3.41333E+01 -1.71129E+01
3.44507E+01 -1.71130E+01
3.47705E+01 -1.71016E+01
3.50919E+01 -1.70780E+01
3.54139E+01 -1.70431E+01
3.57357E+01 -1.69968E+01
3.60563E+01 -1.69389E+01
3.63750E+01 -1.68684E+01
3.66909E+01 -1.67872E+01
3.70033E+01 -1.66932E+01
3.73113E+01 -1.65894E+01
3.76143E+01 -1.64738E+01
3.79116E+01 -1.63462E+01
3.82025E+01 -1.62077E+01
3.84863E+01 -1.60584E+01
3.87625E+01 -1.58981E+01
3.90304E+01 -1.57267E+01
3.92895E+01 -1.55450E+01
3.95392E+01 -1.53515E+01
3.97791E+01 -1.51483E+01
4.00087E+01 -1.49346E+01
4.02276E+01 -1.47105E+01
4.04352E+01 -1.44766E+01
4.06313E+01 -1.42328E+01
4.08154E+01 -1.39788E+01
4.09872E+01 -1.37161E+01
4.11465E+01 -1.34429E+01
4.12928E+01 -1.31613E+01
4.14260E+01 -1.28701E+01
4.15458E+01 -1.25707E+01
4.16520E+01 -1.22622E+01
4.17445E+01 -1.19459E+01
4.18229E+01 -1.16210E+01
4.18873E+01 -1.12877E+01
4.19375E+01 -1.09471E+01
4.19735E+01 -1.05995E+01
4.19950E+01 -1.02439E+01
4.20022E+01 -9.88181E+00
4.19950E+01 -9.51232E+00
4.19735E+01 -9.13674E+00
4.19375E+01 -8.75429E+00
4.18873E+01 -8.36626E+00
4.18229E+01 -7.97301E+00
4.17445E+01 -7.57383E+00
4.16521E+01 -7.16902E+00
4.15458E+01 -6.75990E+00
4.14260E+01 -6.34571E+00
4.12928E+01 -5.92775E+00
4.11465E+01 -5.50509E+00
4.09873E+01 -5.07956E+00
4.08154E+01 -4.64945E+00
4.06313E+01 -4.21700E+00
4.04352E+01 -3.78118E+00
4.02276E+01 -3.34283E+00
4.00088E+01 -2.90245E+00
3.97792E+01 -2.45995E+00
3.95392E+01 -2.01572E+00
3.92895E+01 -1.57077E+00
3.90304E+01 -1.12365E+00
3.87625E+01 -6.76340E-01
3.84863E+01 -2.28233E-01
3.82025E+01 2.19915E-01
3.79116E+01 6.67684E-01
3.76144E+01 1.11472E+00
3.73113E+01 1.56162E+00
3.70033E+01 2.00789E+00
3.66909E+01 2.45122E+00
3.63750E+01 2.89407E+00
3.60563E+01 3.33413E+00
3.57357E+01 3.77292E+00
3.54139E+01 4.20899E+00
3.50919E+01 4.64197E+00
3.47705E+01 5.07140E+00
3.44507E+01 5.49775E+00
3.41333E+01 5.92014E+00
3.38194E+01 6.33786E+00
3.35099E+01 6.75230E+00
3.32057E+01 7.16108E+00
3.29079E+01 7.56548E+00
3.26175E+01 7.96500E+00
3.23355E+01 8.35858E+00
3.20628E+01 8.74660E+00
3.18005E+01 9.12943E+00
3.15496E+01 9.50506E+00
3.13111E+01 9.87379E+00
3.10858E+01 1.02371E+01
3.08747E+01 1.05922E+01
3.06787E+01 1.09408E+01
3.04986E+01 1.12809E+01
3.03352E+01 1.16148E+01
3.01892E+01 1.19397E+01
3.00613E+01 1.22560E+01
2.99520E+01 1.25650E+01
2.98619E+01 1.28650E+01
2.97913E+01 1.31557E+01
2.97407E+01 1.34383E+01
2.97102E+01 1.37110E+01
2.97001E+01 1.39742E+01
