Will plot unflagged data


File # 1  = raise.vis
raise.vis 4.7863 GHz
Read 121 visibilities from all files

Baseline 2-5, plot 121 points
2.97001E+01 1.25124E+00
2.97102E+01 1.25072E+00
2.97407E+01 1.24917E+00
2.97913E+01 1.24664E+00
2.98619E+01 1.24319E+00
2.99520E+01 1.23893E+00
3.00613E+01 1.23397E+00
3.01892E+01 1.22838E+00
3.03352E+01 1.22234E+00
3.04986E+01 1.21597E+00
3.06787E+01 1.20931E+00
3.08747E+01 1.20253E+00
3.10858E+01 1.19563E+00
3.13111E+01 1.18874E+00
3.15496E+01 1.18183E+00
3.18005E+01 1.17497E+00
3.20628E+01 1.16821E+00
3.23354E+01 1.16151E+00
3.26175E+01 1.15491E+00
3.29079E+01 1.14845E+00
3.32057E+01 1.14211E+00
3.35098E+01 1.13591E+00
3.38194E+01 1.12989E+00
3.41333E+01 1.12400E+00
3.44507E+01 1.11830E+00
3.47705E+01 1.11277E+00
3.50919E+01 1.10742E+00
3.54139E+01 1.10224E+00
3.57357E+01 1.09726E+00
3.60563E+01 1.09245E+00
3.63750E+01 1.08780E+00
3.66909E+01 1.08334E+00
3.70033E+01 1.07904E+00
3.73113E+01 1.07495E+00
3.76143E+01 1.07103E+00
3.79116E+01 1.06726E+00
3.82025E+01 1.06368E+00
3.84863E+01 1.06026E+00
3.87625E+01 1.05702E+00
3.90304E+01 1.05393E+00
3.92895E+01 1.05102E+00
3.95392E+01 1.04824E+00
3.97791E+01 1.04564E+00
4.00087E+01 1.04319E+00
4.02276E+01 1.04089E+00
4.04352E+01 1.03875E+00
4.06313E+01 1.03675E+00
4.08154E+01 1.03490E+00
4.09872E+01 1.03321E+00
4.11465E+01 1.03164E+00
4.12928E+01 1.03022E+00
4.14260E+01 1.02894E+00
4.15458E+01 1.02781E+00
4.16520E+01 1.02680E+00
4.17445E+01 1.02594E+00
4.18229E+01 1.02521E+00
4.18873E+01 1.02460E+00
4.19375E+01 1.02414E+00
4.19735E+01 1.02382E+00
4.19950E+01 1.02362E+00
4.20022E+01 1.02356E+00
4.19950E+01 1.02362E+00
4.19735E+01 1.02382E+00
4.19375E+01 1.02414E+00
4.18873E+01 1.02460E+00
4.18229E+01 1.02521E+00
4.17445E+01 1.02594E+00
4.16521E+01 1.02680E+00
4.15458E+01 1.02781E+00
4.14260E+01 1.02894E+00
4.12928E+01 1.03022E+00
4.11465E+01 1.03164E+00
4.09873E+01 1.03321E+00
4.08154E+01 1.03490E+00
4.06313E+01 1.03675E+00
4.04352E+01 1.03875E+00
4.02276E+01 1.04089E+00
4.00088E+01 1.04319E+00
3.97792E+01 1.04564E+00
3.95392E+01 1.04824E+00
3.92895E+01 1.05102E+00
3.90304E+01 1.05393E+00
3.87625E+01 1.05702E+00
3.84863E+01 1.06027E+00
3.82025E+01 1.06368E+00
3.79116E+01 1.06726E+00
3.76144E+01 1.07103E+00
3.73113E+01 1.07495E+00
3.70033E+01 1.07904E+00
3.66909E+01 1.08334E+00
3.63750E+01 1.08780E+00
3.60563E+01 1.09245E+00
3.57357E+01 1.09726E+00
3.54139E+01 1.10224E+00
3.50919E+01 1.10742E+00
3.47705E+01 1.11277E+00
3.44507E+01 1.11830E+00
3.41333E+01 1.12400E+00
3.38194E+01 1.12989E+00
3.35099E+01 1.13591E+00
3.32057E+01 1.14211E+00
3.29079E+01 1.14845E+00
3.26175E+01 1.15491E+00
3.23355E+01 1.16151E+00
3.20628E+01 1.16821E+00
3.18005E+01 1.17497E+00
3.15496E+01 1.18183E+00
3.13111E+01 1.18874E+00
3.10858E+01 1.19563E+00
3.08747E+01 1.20253E+00
3.06787E+01 1.20931E+00
3.04986E+01 1.21597E+00
3.03352E+01 1.22234E+00
3.01892E+01 1.22838E+00
3.00613E+01 1.23397E+00
2.99520E+01 1.23893E+00
2.98619E+01 1.24319E+00
2.97913E+01 1.24664E+00
2.97407E+01 1.24917E+00
2.97102E+01 1.25072E+00
2.97001E+01 1.25124E+00
