Will plot unflagged data


File # 1  = raise.vis
raise.vis 1.5136 GHz
Read 121 visibilities from all files

Baseline 4-5, plot 121 points
2.29339E+00 1.78181E-01
2.29418E+00 1.78181E-01
2.29653E+00 1.78180E-01
2.30044E+00 1.78180E-01
2.30589E+00 1.78180E-01
2.31285E+00 1.78179E-01
2.32128E+00 1.78179E-01
2.33116E+00 1.78178E-01
2.34244E+00 1.78177E-01
2.35505E+00 1.78176E-01
2.36896E+00 1.78176E-01
2.38410E+00 1.78174E-01
2.40039E+00 1.78173E-01
2.41779E+00 1.78172E-01
2.43621E+00 1.78171E-01
2.45559E+00 1.78170E-01
2.47584E+00 1.78168E-01
2.49689E+00 1.78167E-01
2.51867E+00 1.78165E-01
2.54109E+00 1.78164E-01
2.56409E+00 1.78162E-01
2.58758E+00 1.78160E-01
2.61148E+00 1.78158E-01
2.63572E+00 1.78157E-01
2.66023E+00 1.78155E-01
2.68492E+00 1.78153E-01
2.70974E+00 1.78151E-01
2.73461E+00 1.78149E-01
2.75945E+00 1.78147E-01
2.78421E+00 1.78145E-01
2.80882E+00 1.78143E-01
2.83321E+00 1.78141E-01
2.85733E+00 1.78139E-01
2.88112E+00 1.78138E-01
2.90452E+00 1.78135E-01
2.92748E+00 1.78133E-01
2.94994E+00 1.78131E-01
2.97185E+00 1.78129E-01
2.99318E+00 1.78128E-01
3.01386E+00 1.78126E-01
3.03387E+00 1.78124E-01
3.05316E+00 1.78123E-01
3.07168E+00 1.78121E-01
3.08941E+00 1.78119E-01
3.10631E+00 1.78118E-01
3.12234E+00 1.78117E-01
3.13748E+00 1.78115E-01
3.15170E+00 1.78114E-01
3.16497E+00 1.78113E-01
3.17727E+00 1.78111E-01
3.18857E+00 1.78111E-01
3.19885E+00 1.78110E-01
3.20810E+00 1.78109E-01
3.21630E+00 1.78108E-01
3.22344E+00 1.78108E-01
3.22950E+00 1.78107E-01
3.23447E+00 1.78106E-01
3.23835E+00 1.78106E-01
3.24112E+00 1.78106E-01
3.24279E+00 1.78105E-01
3.24335E+00 1.78105E-01
3.24279E+00 1.78105E-01
3.24112E+00 1.78106E-01
3.23835E+00 1.78106E-01
3.23447E+00 1.78106E-01
3.22950E+00 1.78107E-01
3.22344E+00 1.78108E-01
3.21631E+00 1.78108E-01
3.20810E+00 1.78109E-01
3.19885E+00 1.78110E-01
3.18857E+00 1.78111E-01
3.17727E+00 1.78111E-01
3.16497E+00 1.78113E-01
3.15170E+00 1.78114E-01
3.13748E+00 1.78115E-01
3.12234E+00 1.78117E-01
3.10631E+00 1.78118E-01
3.08941E+00 1.78119E-01
3.07168E+00 1.78121E-01
3.05316E+00 1.78123E-01
3.03387E+00 1.78124E-01
3.01387E+00 1.78126E-01
2.99318E+00 1.78128E-01
2.97185E+00 1.78129E-01
2.94994E+00 1.78131E-01
2.92748E+00 1.78133E-01
2.90452E+00 1.78135E-01
2.88112E+00 1.78138E-01
2.85733E+00 1.78139E-01
2.83321E+00 1.78141E-01
2.80882E+00 1.78143E-01
2.78421E+00 1.78145E-01
2.75945E+00 1.78147E-01
2.73461E+00 1.78149E-01
2.70974E+00 1.78151E-01
2.68493E+00 1.78153E-01
2.66023E+00 1.78155E-01
2.63572E+00 1.78157E-01
2.61148E+00 1.78158E-01
2.58758E+00 1.78160E-01
2.56409E+00 1.78162E-01
2.54110E+00 1.78163E-01
2.51867E+00 1.78165E-01
2.49689E+00 1.78167E-01
2.47584E+00 1.78168E-01
2.45559E+00 1.78170E-01
2.43621E+00 1.78171E-01
2.41779E+00 1.78172E-01
2.40040E+00 1.78173E-01
2.38410E+00 1.78174E-01
2.36896E+00 1.78176E-01
2.35505E+00 1.78176E-01
2.34244E+00 1.78177E-01
2.33116E+00 1.78178E-01
2.32128E+00 1.78179E-01
2.31285E+00 1.78179E-01
2.30589E+00 1.78180E-01
2.30044E+00 1.78180E-01
2.29653E+00 1.78180E-01
2.29418E+00 1.78181E-01
2.29339E+00 1.78181E-01
