Will plot unflagged data


File # 1  = raise.vis
raise.vis 1.5136 GHz
Read 121 visibilities from all files

Baseline 4-5, plot 121 points
2.29339E+00 -2.80771E-01
2.29418E+00 -2.85941E-01
2.29653E+00 -2.90907E-01
2.30044E+00 -2.95664E-01
2.30589E+00 -3.00206E-01
2.31285E+00 -3.04525E-01
2.32128E+00 -3.08615E-01
2.33116E+00 -3.12471E-01
2.34244E+00 -3.16086E-01
2.35505E+00 -3.19454E-01
2.36896E+00 -3.22570E-01
2.38410E+00 -3.25428E-01
2.40039E+00 -3.28022E-01
2.41779E+00 -3.31380E-01
2.43621E+00 -3.33433E-01
2.45559E+00 -3.35207E-01
2.47584E+00 -3.37731E-01
2.49689E+00 -3.38935E-01
2.51867E+00 -3.40880E-01
2.54109E+00 -3.41497E-01
2.56409E+00 -3.42847E-01
2.58758E+00 -3.42861E-01
2.61148E+00 -3.43601E-01
2.63572E+00 -3.44031E-01
2.66023E+00 -3.44148E-01
2.68492E+00 -3.43949E-01
2.70974E+00 -3.43431E-01
2.73461E+00 -3.42592E-01
2.75945E+00 -3.41430E-01
2.78421E+00 -3.39943E-01
2.80882E+00 -3.39161E-01
2.83321E+00 -3.37019E-01
2.85733E+00 -3.35579E-01
2.88112E+00 -3.33808E-01
2.90452E+00 -3.30672E-01
2.92748E+00 -3.28236E-01
2.94994E+00 -3.25467E-01
2.97185E+00 -3.22365E-01
2.99318E+00 -3.18930E-01
3.01386E+00 -3.16194E-01
3.03387E+00 -3.12093E-01
3.05316E+00 -3.08693E-01
3.07168E+00 -3.03929E-01
3.08941E+00 -2.99869E-01
3.10631E+00 -2.95480E-01
3.12234E+00 -2.90764E-01
3.13748E+00 -2.85722E-01
3.15170E+00 -2.80358E-01
3.16497E+00 -2.75707E-01
3.17727E+00 -2.69703E-01
3.18857E+00 -2.64418E-01
3.19885E+00 -2.58819E-01
3.20810E+00 -2.52911E-01
3.21630E+00 -2.46697E-01
3.22344E+00 -2.40181E-01
3.22950E+00 -2.33365E-01
3.23447E+00 -2.26254E-01
3.23835E+00 -2.19886E-01
3.24112E+00 -2.13232E-01
3.24279E+00 -2.05262E-01
3.24335E+00 -1.98048E-01
3.24279E+00 -1.90563E-01
3.24112E+00 -1.83843E-01
3.23835E+00 -1.75828E-01
3.23447E+00 -1.67558E-01
3.22950E+00 -1.60069E-01
3.22344E+00 -1.52336E-01
3.21631E+00 -1.44365E-01
3.20810E+00 -1.36161E-01
3.19885E+00 -1.27730E-01
3.18857E+00 -1.19080E-01
3.17727E+00 -1.10217E-01
3.16497E+00 -1.02181E-01
3.15170E+00 -9.29121E-02
3.13748E+00 -8.44842E-02
3.12234E+00 -7.58711E-02
3.10631E+00 -6.70803E-02
3.08941E+00 -5.81191E-02
3.07168E+00 -4.89952E-02
3.05316E+00 -4.07490E-02
3.03387E+00 -3.13227E-02
3.01387E+00 -2.27898E-02
2.99318E+00 -1.30924E-02
2.97185E+00 -4.30460E-03
2.94994E+00 4.59853E-03
2.92748E+00 1.36087E-02
2.90452E+00 2.27177E-02
2.88112E+00 3.08842E-02
2.85733E+00 4.01657E-02
2.83321E+00 4.95207E-02
2.80882E+00 5.79079E-02
2.78421E+00 6.73844E-02
2.75945E+00 7.58759E-02
2.73461E+00 8.44068E-02
2.70974E+00 9.29682E-02
2.68493E+00 1.01552E-01
2.66023E+00 1.10148E-01
2.63572E+00 1.18750E-01
2.61148E+00 1.27347E-01
2.58758E+00 1.35931E-01
2.56409E+00 1.43462E-01
2.54110E+00 1.51995E-01
2.51867E+00 1.59457E-01
2.49689E+00 1.67903E-01
2.47584E+00 1.75262E-01
2.45559E+00 1.83589E-01
2.43621E+00 1.90811E-01
2.41779E+00 1.97952E-01
2.40040E+00 2.06035E-01
2.38410E+00 2.12989E-01
2.36896E+00 2.19837E-01
2.35505E+00 2.26572E-01
2.34244E+00 2.33184E-01
2.33116E+00 2.39667E-01
2.32128E+00 2.46012E-01
2.31285E+00 2.52212E-01
2.30589E+00 2.58259E-01
2.30044E+00 2.64146E-01
2.29653E+00 2.69864E-01
2.29418E+00 2.75408E-01
2.29339E+00 2.80770E-01
