Will plot unflagged data


File # 1  = raise.vis
raise.vis 1.5136 GHz
Read 121 visibilities from all files

Baseline 1-3, plot 121 points
6.17031E+00 3.94109E-01
6.17243E+00 3.94106E-01
6.17876E+00 3.94099E-01
6.18928E+00 3.94086E-01
6.20393E+00 3.94069E-01
6.22265E+00 3.94047E-01
6.24536E+00 3.94020E-01
6.27193E+00 3.93989E-01
6.30227E+00 3.93953E-01
6.33622E+00 3.93912E-01
6.37363E+00 3.93867E-01
6.41435E+00 3.93816E-01
6.45820E+00 3.93764E-01
6.50501E+00 3.93706E-01
6.55457E+00 3.93646E-01
6.60669E+00 3.93582E-01
6.66118E+00 3.93517E-01
6.71783E+00 3.93445E-01
6.77642E+00 3.93372E-01
6.83675E+00 3.93296E-01
6.89862E+00 3.93221E-01
6.96181E+00 3.93138E-01
7.02612E+00 3.93056E-01
7.09134E+00 3.92975E-01
7.15727E+00 3.92887E-01
7.22372E+00 3.92806E-01
7.29049E+00 3.92717E-01
7.35739E+00 3.92630E-01
7.42424E+00 3.92541E-01
7.49085E+00 3.92455E-01
7.55706E+00 3.92367E-01
7.62269E+00 3.92277E-01
7.68759E+00 3.92191E-01
7.75159E+00 3.92109E-01
7.81454E+00 3.92026E-01
7.87630E+00 3.91940E-01
7.93673E+00 3.91860E-01
7.99570E+00 3.91778E-01
8.05307E+00 3.91700E-01
8.10873E+00 3.91628E-01
8.16256E+00 3.91555E-01
8.21445E+00 3.91481E-01
8.26429E+00 3.91412E-01
8.31199E+00 3.91349E-01
8.35745E+00 3.91286E-01
8.40059E+00 3.91228E-01
8.44132E+00 3.91170E-01
8.47958E+00 3.91118E-01
8.51528E+00 3.91065E-01
8.54836E+00 3.91019E-01
8.57876E+00 3.90979E-01
8.60643E+00 3.90939E-01
8.63132E+00 3.90906E-01
8.65339E+00 3.90872E-01
8.67259E+00 3.90845E-01
8.68890E+00 3.90825E-01
8.70227E+00 3.90805E-01
8.71270E+00 3.90791E-01
8.72017E+00 3.90777E-01
8.72465E+00 3.90771E-01
8.72614E+00 3.90771E-01
8.72465E+00 3.90771E-01
8.72017E+00 3.90777E-01
8.71270E+00 3.90791E-01
8.70227E+00 3.90805E-01
8.68890E+00 3.90825E-01
8.67259E+00 3.90845E-01
8.65339E+00 3.90872E-01
8.63133E+00 3.90906E-01
8.60644E+00 3.90939E-01
8.57876E+00 3.90979E-01
8.54836E+00 3.91019E-01
8.51528E+00 3.91065E-01
8.47958E+00 3.91118E-01
8.44133E+00 3.91170E-01
8.40059E+00 3.91228E-01
8.35745E+00 3.91286E-01
8.31199E+00 3.91349E-01
8.26429E+00 3.91412E-01
8.21445E+00 3.91481E-01
8.16256E+00 3.91555E-01
8.10873E+00 3.91628E-01
8.05307E+00 3.91700E-01
7.99570E+00 3.91777E-01
7.93674E+00 3.91860E-01
7.87631E+00 3.91940E-01
7.81454E+00 3.92026E-01
7.75159E+00 3.92109E-01
7.68759E+00 3.92191E-01
7.62270E+00 3.92277E-01
7.55706E+00 3.92367E-01
7.49086E+00 3.92455E-01
7.42424E+00 3.92541E-01
7.35740E+00 3.92630E-01
7.29050E+00 3.92717E-01
7.22373E+00 3.92805E-01
7.15728E+00 3.92887E-01
7.09135E+00 3.92975E-01
7.02612E+00 3.93056E-01
6.96182E+00 3.93138E-01
6.89862E+00 3.93221E-01
6.83676E+00 3.93296E-01
6.77642E+00 3.93372E-01
6.71783E+00 3.93445E-01
6.66118E+00 3.93517E-01
6.60670E+00 3.93582E-01
6.55457E+00 3.93646E-01
6.50501E+00 3.93706E-01
6.45821E+00 3.93764E-01
6.41435E+00 3.93816E-01
6.37363E+00 3.93867E-01
6.33622E+00 3.93912E-01
6.30227E+00 3.93953E-01
6.27194E+00 3.93989E-01
6.24536E+00 3.94020E-01
6.22266E+00 3.94047E-01
6.20393E+00 3.94069E-01
6.18928E+00 3.94086E-01
6.17876E+00 3.94098E-01
6.17243E+00 3.94106E-01
6.17031E+00 3.94109E-01
