Will plot unflagged data


File # 1  = raise.vis
raise.vis 1.5136 GHz
Read 121 visibilities from all files

Baseline 1-3, plot 121 points
6.17031E+00 -1.31367E+00
6.17243E+00 -1.33721E+00
6.17876E+00 -1.36078E+00
6.18928E+00 -1.38233E+00
6.20393E+00 -1.40389E+00
6.22265E+00 -1.42337E+00
6.24536E+00 -1.44281E+00
6.27193E+00 -1.46116E+00
6.30227E+00 -1.47840E+00
6.33622E+00 -1.49449E+00
6.37363E+00 -1.50941E+00
6.41435E+00 -1.52315E+00
6.45820E+00 -1.53671E+00
6.50501E+00 -1.54801E+00
6.55457E+00 -1.55911E+00
6.60669E+00 -1.56896E+00
6.66118E+00 -1.57850E+00
6.71783E+00 -1.58563E+00
6.77642E+00 -1.59240E+00
6.83675E+00 -1.59776E+00
6.89862E+00 -1.60275E+00
6.96181E+00 -1.60528E+00
7.02612E+00 -1.60740E+00
7.09134E+00 -1.60911E+00
7.15727E+00 -1.60832E+00
7.22372E+00 -1.60812E+00
7.29049E+00 -1.60540E+00
7.35739E+00 -1.60222E+00
7.42424E+00 -1.59754E+00
7.49085E+00 -1.59238E+00
7.55706E+00 -1.58570E+00
7.62269E+00 -1.57751E+00
7.68759E+00 -1.56883E+00
7.75159E+00 -1.55965E+00
7.81454E+00 -1.54890E+00
7.87630E+00 -1.53658E+00
7.93673E+00 -1.52372E+00
7.99570E+00 -1.50927E+00
8.05307E+00 -1.49430E+00
8.10873E+00 -1.47878E+00
8.16256E+00 -1.46171E+00
8.21445E+00 -1.44308E+00
8.26429E+00 -1.42393E+00
8.31199E+00 -1.40427E+00
8.35745E+00 -1.38307E+00
8.40059E+00 -1.36138E+00
8.44132E+00 -1.33816E+00
8.47958E+00 -1.31447E+00
8.51528E+00 -1.28927E+00
8.54836E+00 -1.26362E+00
8.57876E+00 -1.23752E+00
8.60643E+00 -1.20996E+00
8.63132E+00 -1.18199E+00
8.65339E+00 -1.15259E+00
8.67259E+00 -1.12280E+00
8.68890E+00 -1.09264E+00
8.70227E+00 -1.06111E+00
8.71270E+00 -1.02925E+00
8.72017E+00 -9.96046E-01
8.72465E+00 -9.62558E-01
8.72614E+00 -9.28807E-01
8.72465E+00 -8.93783E-01
8.72017E+00 -8.58542E-01
8.71270E+00 -8.23109E-01
8.70227E+00 -7.86478E-01
8.68890E+00 -7.49707E-01
8.67259E+00 -7.11792E-01
8.65339E+00 -6.73793E-01
8.63133E+00 -6.35739E-01
8.60644E+00 -5.96627E-01
8.57876E+00 -5.57520E-01
8.54836E+00 -5.17417E-01
8.51528E+00 -4.77381E-01
8.47958E+00 -4.37446E-01
8.44133E+00 -3.96611E-01
8.40059E+00 -3.55943E-01
8.35745E+00 -3.14443E-01
8.31199E+00 -2.73178E-01
8.26429E+00 -2.31150E-01
8.21445E+00 -1.89428E-01
8.16256E+00 -1.48046E-01
8.10873E+00 -1.06008E-01
8.05307E+00 -6.33497E-02
7.99570E+00 -2.11392E-02
7.93674E+00 2.05897E-02
7.87631E+00 6.28331E-02
7.81454E+00 1.04527E-01
7.75159E+00 1.46668E-01
7.68759E+00 1.89201E-01
7.62270E+00 2.31025E-01
7.55706E+00 2.72100E-01
7.49086E+00 3.13420E-01
7.42424E+00 3.54948E-01
7.35740E+00 3.95616E-01
7.29050E+00 4.36417E-01
7.22373E+00 4.76282E-01
7.15728E+00 5.17237E-01
7.09135E+00 5.56144E-01
7.02612E+00 5.96063E-01
6.96182E+00 6.34890E-01
6.89862E+00 6.72586E-01
6.83676E+00 7.11180E-01
6.77642E+00 7.48572E-01
6.71783E+00 7.85760E-01
6.66118E+00 8.21686E-01
6.60670E+00 8.58378E-01
6.55457E+00 8.93714E-01
6.50501E+00 9.28619E-01
6.45821E+00 9.62033E-01
6.41435E+00 9.95989E-01
6.37363E+00 1.02840E+00
6.33622E+00 1.06025E+00
6.30227E+00 1.09152E+00
6.27194E+00 1.12217E+00
6.24536E+00 1.15217E+00
6.22266E+00 1.18149E+00
6.20393E+00 1.20905E+00
6.18928E+00 1.23690E+00
6.17876E+00 1.26295E+00
6.17243E+00 1.28922E+00
6.17031E+00 1.31366E+00
