Will plot unflagged data


File # 1  = raise.vis
raise.vis 1.5136 GHz
Read 121 visibilities from all files

Baseline 2-3, plot 121 points
5.62427E+00 8.18810E-02
5.62620E+00 8.18809E-02
5.63197E+00 8.18806E-02
5.64155E+00 8.18800E-02
5.65491E+00 8.18793E-02
5.67198E+00 8.18783E-02
5.69267E+00 8.18771E-02
5.71690E+00 8.18757E-02
5.74454E+00 8.18742E-02
5.77549E+00 8.18723E-02
5.80959E+00 8.18704E-02
5.84671E+00 8.18683E-02
5.88668E+00 8.18659E-02
5.92934E+00 8.18634E-02
5.97452E+00 8.18607E-02
6.02203E+00 8.18578E-02
6.07170E+00 8.18547E-02
6.12333E+00 8.18517E-02
6.17674E+00 8.18482E-02
6.23173E+00 8.18448E-02
6.28812E+00 8.18413E-02
6.34572E+00 8.18376E-02
6.40434E+00 8.18338E-02
6.46379E+00 8.18301E-02
6.52389E+00 8.18260E-02
6.58446E+00 8.18221E-02
6.64532E+00 8.18181E-02
6.70629E+00 8.18140E-02
6.76723E+00 8.18101E-02
6.82794E+00 8.18058E-02
6.88829E+00 8.18017E-02
6.94812E+00 8.17975E-02
7.00727E+00 8.17938E-02
7.06561E+00 8.17894E-02
7.12299E+00 8.17854E-02
7.17928E+00 8.17814E-02
7.23437E+00 8.17778E-02
7.28811E+00 8.17736E-02
7.34041E+00 8.17699E-02
7.39114E+00 8.17661E-02
7.44021E+00 8.17628E-02
7.48750E+00 8.17594E-02
7.53293E+00 8.17560E-02
7.57641E+00 8.17526E-02
7.61785E+00 8.17497E-02
7.65717E+00 8.17468E-02
7.69430E+00 8.17438E-02
7.72917E+00 8.17414E-02
7.76171E+00 8.17384E-02
7.79187E+00 8.17366E-02
7.81958E+00 8.17341E-02
7.84480E+00 8.17322E-02
7.86749E+00 8.17304E-02
7.88760E+00 8.17291E-02
7.90511E+00 8.17279E-02
7.91997E+00 8.17266E-02
7.93216E+00 8.17253E-02
7.94167E+00 8.17247E-02
7.94847E+00 8.17241E-02
7.95255E+00 8.17241E-02
7.95392E+00 8.17241E-02
7.95255E+00 8.17241E-02
7.94847E+00 8.17241E-02
7.94167E+00 8.17247E-02
7.93216E+00 8.17253E-02
7.91997E+00 8.17266E-02
7.90511E+00 8.17279E-02
7.88760E+00 8.17291E-02
7.86749E+00 8.17304E-02
7.84480E+00 8.17322E-02
7.81958E+00 8.17341E-02
7.79187E+00 8.17365E-02
7.76171E+00 8.17384E-02
7.72917E+00 8.17414E-02
7.69431E+00 8.17438E-02
7.65718E+00 8.17468E-02
7.61786E+00 8.17497E-02
7.57642E+00 8.17526E-02
7.53294E+00 8.17560E-02
7.48751E+00 8.17594E-02
7.44021E+00 8.17628E-02
7.39115E+00 8.17661E-02
7.34041E+00 8.17699E-02
7.28812E+00 8.17736E-02
7.23437E+00 8.17778E-02
7.17929E+00 8.17814E-02
7.12299E+00 8.17854E-02
7.06561E+00 8.17894E-02
7.00727E+00 8.17938E-02
6.94812E+00 8.17976E-02
6.88830E+00 8.18017E-02
6.82795E+00 8.18058E-02
6.76723E+00 8.18101E-02
6.70630E+00 8.18139E-02
6.64532E+00 8.18181E-02
6.58446E+00 8.18221E-02
6.52389E+00 8.18260E-02
6.46379E+00 8.18301E-02
6.40434E+00 8.18338E-02
6.34573E+00 8.18376E-02
6.28813E+00 8.18413E-02
6.23173E+00 8.18448E-02
6.17674E+00 8.18482E-02
6.12333E+00 8.18517E-02
6.07170E+00 8.18547E-02
6.02203E+00 8.18578E-02
5.97452E+00 8.18607E-02
5.92935E+00 8.18634E-02
5.88668E+00 8.18659E-02
5.84671E+00 8.18683E-02
5.80959E+00 8.18704E-02
5.77549E+00 8.18723E-02
5.74455E+00 8.18742E-02
5.71690E+00 8.18757E-02
5.69267E+00 8.18771E-02
5.67198E+00 8.18783E-02
5.65491E+00 8.18793E-02
5.64155E+00 8.18800E-02
5.63197E+00 8.18806E-02
5.62620E+00 8.18809E-02
5.62427E+00 8.18810E-02
