Will plot unflagged data


File # 1  = raise.vis
raise.vis 1.5136 GHz
Read 121 visibilities from all files

Baseline 2-3, plot 121 points
5.62427E+00 -7.09081E-01
5.62620E+00 -7.21747E-01
5.63197E+00 -7.34919E-01
5.64155E+00 -7.46527E-01
5.65491E+00 -7.57583E-01
5.67198E+00 -7.69105E-01
5.69267E+00 -7.79016E-01
5.71690E+00 -7.88333E-01
5.74454E+00 -7.98074E-01
5.77549E+00 -8.06161E-01
5.80959E+00 -8.14644E-01
5.84671E+00 -8.22478E-01
5.88668E+00 -8.29650E-01
5.92934E+00 -8.36147E-01
5.97452E+00 -8.41955E-01
6.02203E+00 -8.47064E-01
6.07170E+00 -8.51462E-01
6.12333E+00 -8.56170E-01
6.17674E+00 -8.59112E-01
6.23173E+00 -8.62343E-01
6.28812E+00 -8.64823E-01
6.34572E+00 -8.66540E-01
6.40434E+00 -8.67489E-01
6.46379E+00 -8.68691E-01
6.52389E+00 -8.68078E-01
6.58446E+00 -8.67704E-01
6.64532E+00 -8.66534E-01
6.70629E+00 -8.64561E-01
6.76723E+00 -8.62809E-01
6.82794E+00 -8.59218E-01
6.88829E+00 -8.55838E-01
6.94812E+00 -8.51622E-01
7.00727E+00 -8.47593E-01
7.06561E+00 -8.41692E-01
7.12299E+00 -8.35975E-01
7.17928E+00 -8.29414E-01
7.23437E+00 -8.23037E-01
7.28811E+00 -8.14785E-01
7.34041E+00 -8.06718E-01
7.39114E+00 -7.97809E-01
7.44021E+00 -7.89089E-01
7.48750E+00 -7.79530E-01
7.53293E+00 -7.69133E-01
7.57641E+00 -7.57903E-01
7.61785E+00 -7.46874E-01
7.65717E+00 -7.35020E-01
7.69430E+00 -7.22344E-01
7.72917E+00 -7.09884E-01
7.76171E+00 -6.95581E-01
7.79187E+00 -6.82540E-01
7.81958E+00 -6.67669E-01
7.84480E+00 -6.53040E-01
7.86749E+00 -6.37630E-01
7.88760E+00 -6.22480E-01
7.90511E+00 -6.06565E-01
7.91997E+00 -5.89895E-01
7.93216E+00 -5.72480E-01
7.94167E+00 -5.55365E-01
7.94847E+00 -5.37525E-01
7.95255E+00 -5.20007E-01
7.95392E+00 -5.01789E-01
7.95255E+00 -4.82884E-01
7.94847E+00 -4.63305E-01
7.94167E+00 -4.44097E-01
7.93216E+00 -4.24243E-01
7.91997E+00 -4.04789E-01
7.90511E+00 -3.84716E-01
7.88760E+00 -3.64041E-01
7.86749E+00 -3.42779E-01
7.84480E+00 -3.21978E-01
7.81958E+00 -3.00622E-01
7.79187E+00 -2.79761E-01
7.76171E+00 -2.57346E-01
7.72917E+00 -2.36493E-01
7.69431E+00 -2.14121E-01
7.65718E+00 -1.92314E-01
7.61786E+00 -1.70057E-01
7.57642E+00 -1.47370E-01
7.53294E+00 -1.25303E-01
7.48751E+00 -1.02843E-01
7.44021E+00 -8.00099E-02
7.39115E+00 -5.68233E-02
7.34041E+00 -3.43340E-02
7.28812E+00 -1.15309E-02
7.23437E+00 1.05356E-02
7.17929E+00 3.39064E-02
7.12299E+00 5.65006E-02
7.06561E+00 7.93281E-02
7.00727E+00 1.01340E-01
6.94812E+00 1.24573E-01
6.88830E+00 1.46952E-01
6.82795E+00 1.69478E-01
6.76723E+00 1.91088E-01
6.70630E+00 2.13815E-01
6.64532E+00 2.35582E-01
6.58446E+00 2.57397E-01
6.52389E+00 2.79236E-01
6.46379E+00 3.00051E-01
6.40434E+00 3.21879E-01
6.34573E+00 3.42638E-01
6.28813E+00 3.63338E-01
6.23173E+00 3.83958E-01
6.17674E+00 4.04476E-01
6.12333E+00 4.23839E-01
6.07170E+00 4.44090E-01
6.02203E+00 4.63143E-01
5.97452E+00 4.82010E-01
5.92935E+00 5.00668E-01
5.88668E+00 5.19099E-01
5.84671E+00 5.37280E-01
5.80959E+00 5.55192E-01
5.77549E+00 5.72814E-01
5.74455E+00 5.89095E-01
5.71690E+00 6.06079E-01
5.69267E+00 6.21683E-01
5.67198E+00 6.36922E-01
5.65491E+00 6.52807E-01
5.64155E+00 6.67260E-01
5.63197E+00 6.81296E-01
5.62620E+00 6.95926E-01
5.62427E+00 7.09078E-01
