Will plot unflagged data


File # 1  = raise.vis
raise.vis 4.7863 GHz
Read 121 visibilities from all files

Baseline 1-4, plot 121 points
2.41745E+01 1.67113E-01
2.41827E+01 1.67102E-01
2.42076E+01 1.67069E-01
2.42488E+01 1.67016E-01
2.43062E+01 1.66941E-01
2.43795E+01 1.66847E-01
2.44685E+01 1.66733E-01
2.45726E+01 1.66601E-01
2.46914E+01 1.66451E-01
2.48244E+01 1.66285E-01
2.49710E+01 1.66104E-01
2.51306E+01 1.65909E-01
2.53024E+01 1.65704E-01
2.54857E+01 1.65488E-01
2.56799E+01 1.65261E-01
2.58841E+01 1.65027E-01
2.60976E+01 1.64786E-01
2.63195E+01 1.64539E-01
2.65491E+01 1.64288E-01
2.67855E+01 1.64038E-01
2.70279E+01 1.63782E-01
2.72754E+01 1.63528E-01
2.75274E+01 1.63269E-01
2.77829E+01 1.63016E-01
2.80412E+01 1.62762E-01
2.83016E+01 1.62512E-01
2.85632E+01 1.62265E-01
2.88253E+01 1.62017E-01
2.90872E+01 1.61779E-01
2.93482E+01 1.61543E-01
2.96075E+01 1.61313E-01
2.98647E+01 1.61085E-01
3.01189E+01 1.60867E-01
3.03697E+01 1.60652E-01
3.06163E+01 1.60444E-01
3.08583E+01 1.60239E-01
3.10951E+01 1.60044E-01
3.13261E+01 1.59856E-01
3.15509E+01 1.59674E-01
3.17689E+01 1.59496E-01
3.19798E+01 1.59329E-01
3.21831E+01 1.59169E-01
3.23784E+01 1.59015E-01
3.25653E+01 1.58868E-01
3.27434E+01 1.58728E-01
3.29124E+01 1.58599E-01
3.30720E+01 1.58473E-01
3.32218E+01 1.58358E-01
3.33617E+01 1.58254E-01
3.34913E+01 1.58154E-01
3.36104E+01 1.58064E-01
3.37189E+01 1.57985E-01
3.38164E+01 1.57910E-01
3.39028E+01 1.57845E-01
3.39781E+01 1.57787E-01
3.40419E+01 1.57741E-01
3.40943E+01 1.57701E-01
3.41352E+01 1.57672E-01
3.41644E+01 1.57650E-01
3.41820E+01 1.57636E-01
3.41879E+01 1.57632E-01
3.41820E+01 1.57636E-01
3.41644E+01 1.57650E-01
3.41352E+01 1.57672E-01
3.40943E+01 1.57701E-01
3.40419E+01 1.57741E-01
3.39781E+01 1.57787E-01
3.39028E+01 1.57845E-01
3.38164E+01 1.57910E-01
3.37189E+01 1.57985E-01
3.36105E+01 1.58064E-01
3.34913E+01 1.58154E-01
3.33617E+01 1.58254E-01
3.32219E+01 1.58358E-01
3.30720E+01 1.58473E-01
3.29124E+01 1.58599E-01
3.27434E+01 1.58728E-01
3.25653E+01 1.58868E-01
3.23784E+01 1.59015E-01
3.21831E+01 1.59169E-01
3.19798E+01 1.59329E-01
3.17689E+01 1.59496E-01
3.15509E+01 1.59674E-01
3.13261E+01 1.59856E-01
3.10951E+01 1.60044E-01
3.08583E+01 1.60239E-01
3.06163E+01 1.60444E-01
3.03697E+01 1.60652E-01
3.01190E+01 1.60867E-01
2.98647E+01 1.61085E-01
2.96076E+01 1.61313E-01
2.93482E+01 1.61543E-01
2.90872E+01 1.61779E-01
2.88253E+01 1.62017E-01
2.85632E+01 1.62265E-01
2.83016E+01 1.62512E-01
2.80413E+01 1.62762E-01
2.77829E+01 1.63016E-01
2.75274E+01 1.63269E-01
2.72755E+01 1.63528E-01
2.70279E+01 1.63782E-01
2.67855E+01 1.64038E-01
2.65491E+01 1.64288E-01
2.63196E+01 1.64539E-01
2.60976E+01 1.64786E-01
2.58842E+01 1.65027E-01
2.56799E+01 1.65261E-01
2.54858E+01 1.65488E-01
2.53024E+01 1.65704E-01
2.51306E+01 1.65909E-01
2.49710E+01 1.66104E-01
2.48245E+01 1.66285E-01
2.46914E+01 1.66451E-01
2.45726E+01 1.66601E-01
2.44685E+01 1.66733E-01
2.43795E+01 1.66847E-01
2.43062E+01 1.66941E-01
2.42488E+01 1.67016E-01
2.42076E+01 1.67069E-01
2.41828E+01 1.67102E-01
2.41745E+01 1.67113E-01
