Will plot unflagged data


File # 1  = raise.vis
raise.vis 4.7863 GHz
Read 121 visibilities from all files

Baseline 1-4, plot 121 points
2.41745E+01 -5.14678E+00
2.41827E+01 -5.24083E+00
2.42076E+01 -5.32990E+00
2.42488E+01 -5.41626E+00
2.43062E+01 -5.49909E+00
2.43795E+01 -5.57762E+00
2.44685E+01 -5.65287E+00
2.45726E+01 -5.72397E+00
2.46914E+01 -5.79103E+00
2.48244E+01 -5.85427E+00
2.49710E+01 -5.91283E+00
2.51306E+01 -5.96792E+00
2.53024E+01 -6.01946E+00
2.54857E+01 -6.06677E+00
2.56799E+01 -6.10905E+00
2.58841E+01 -6.14751E+00
2.60976E+01 -6.18197E+00
2.63195E+01 -6.21189E+00
2.65491E+01 -6.23747E+00
2.67855E+01 -6.25989E+00
2.70279E+01 -6.27704E+00
2.72754E+01 -6.29037E+00
2.75274E+01 -6.29802E+00
2.77829E+01 -6.30320E+00
2.80412E+01 -6.30295E+00
2.83016E+01 -6.29872E+00
2.85632E+01 -6.29058E+00
2.88253E+01 -6.27658E+00
2.90872E+01 -6.25989E+00
2.93482E+01 -6.23849E+00
2.96075E+01 -6.21289E+00
2.98647E+01 -6.18221E+00
3.01189E+01 -6.14858E+00
3.03697E+01 -6.11001E+00
3.06163E+01 -6.06764E+00
3.08583E+01 -6.02008E+00
3.10951E+01 -5.96936E+00
3.13261E+01 -5.91455E+00
3.15509E+01 -5.85571E+00
3.17689E+01 -5.79186E+00
3.19798E+01 -5.72513E+00
3.21831E+01 -5.65446E+00
3.23784E+01 -5.57963E+00
3.25653E+01 -5.50075E+00
3.27434E+01 -5.41788E+00
3.29124E+01 -5.33212E+00
3.30720E+01 -5.24143E+00
3.32218E+01 -5.14795E+00
3.33617E+01 -5.05171E+00
3.34913E+01 -4.95072E+00
3.36104E+01 -4.84709E+00
3.37189E+01 -4.74081E+00
3.38164E+01 -4.62984E+00
3.39028E+01 -4.51632E+00
3.39781E+01 -4.39930E+00
3.40419E+01 -4.27989E+00
3.40943E+01 -4.15713E+00
3.41352E+01 -4.03213E+00
3.41644E+01 -3.90395E+00
3.41820E+01 -3.77266E+00
3.41879E+01 -3.63940E+00
3.41820E+01 -3.50321E+00
3.41644E+01 -3.36523E+00
3.41352E+01 -3.22451E+00
3.40943E+01 -3.08116E+00
3.40419E+01 -2.93631E+00
3.39781E+01 -2.78904E+00
3.39028E+01 -2.64048E+00
3.38164E+01 -2.48970E+00
3.37189E+01 -2.33783E+00
3.36105E+01 -2.18292E+00
3.34913E+01 -2.02720E+00
3.33617E+01 -1.87083E+00
3.32219E+01 -1.71190E+00
3.30720E+01 -1.55256E+00
3.29124E+01 -1.39295E+00
3.27434E+01 -1.23112E+00
3.25653E+01 -1.06927E+00
3.23784E+01 -9.06468E-01
3.21831E+01 -7.42809E-01
3.19798E+01 -5.78358E-01
3.17689E+01 -4.13498E-01
3.15509E+01 -2.49450E-01
3.13261E+01 -8.42285E-02
3.10951E+01 8.10315E-02
3.08583E+01 2.46228E-01
3.06163E+01 4.10291E-01
3.03697E+01 5.75110E-01
3.01190E+01 7.39141E-01
2.98647E+01 9.03395E-01
2.96076E+01 1.06573E+00
2.93482E+01 1.22817E+00
2.90872E+01 1.38969E+00
2.88253E+01 1.55069E+00
2.85632E+01 1.70900E+00
2.83016E+01 1.86769E+00
2.80413E+01 2.02470E+00
2.77829E+01 2.17998E+00
2.75274E+01 2.33486E+00
2.72755E+01 2.48631E+00
2.70279E+01 2.63743E+00
2.67855E+01 2.78625E+00
2.65491E+01 2.93414E+00
2.63196E+01 3.07891E+00
2.60976E+01 3.22164E+00
2.58842E+01 3.36248E+00
2.56799E+01 3.50079E+00
2.54858E+01 3.63635E+00
2.53024E+01 3.77028E+00
2.51306E+01 3.90172E+00
2.49710E+01 4.02996E+00
2.48245E+01 4.15486E+00
2.46914E+01 4.27756E+00
2.45726E+01 4.39720E+00
2.44685E+01 4.51394E+00
2.43795E+01 4.62786E+00
2.43062E+01 4.73806E+00
2.42488E+01 4.84555E+00
2.42076E+01 4.94953E+00
2.41828E+01 5.04918E+00
2.41745E+01 5.14676E+00
